<?xml version='1.0' encoding='UTF-8' standalone='no' ?><?xml-stylesheet type="text/xsl"  href="cts_result.xsl"?>
<TestResult testPlan="CTS-TF" starttime="Fri Sep 21 11:19:07 CST 2012" endtime="Fri Sep 21 17:07:53 CST 2012" version="1.13">
  <DeviceInfo>
    <Screen resolution="1280x752" screen_density="1.0" screen_density_bucket="mdpi" screen_size="xlarge" />
    <PhoneSubInfo subscriberId="null" />
    <BuildInfo buildID="JRO03C" Ydpi="149.41176" deviceID="015d2994a85bf603" build_manufacturer="TOSHIBA" build_device="tostab12AL" build_fingerprint="TOSHIBA/tostab12AL/tostab12AL:4.1.1/JRO03C/eng.alex2.20120920.002431:user/release-keys" build_type="user" build_board="tostab12AL" build_brand="TOSHIBA" network="" buildName="tostab12AL" build_model="AT300SE" keypad="nokeys" buildVersion="4.1.1" Xdpi="149.82489" openGlEsVersion="2.0" partitions="Filesystem             Size   Used   Free   Blksize;/dev                   488M    32K   488M   4096;/mnt/asec              488M     0K   488M   4096;/mnt/obb               488M     0K   488M   4096;/mnt/tss               488M     0K   488M   4096;/system                503M   390M   113M   4096;/cache                1007M    16M   991M   4096;/data                    5G     1G     4G   4096;/storage/sdcard0         5G     1G     4G   4096;" imei="null" androidPlatformVersion="16" build_abi="armeabi-v7a" touch="finger" navigation="nonav" locales="en_US;ca;da;ja;nb;de;fi;sk;el;nl;pl;ko;ar;fr;tr;cs;es;it;pt;hu;ru;sv;en_GB;ar_EG;fi_FI;sk_SK;zh_CN;ca_ES;en_US;es_US;pt_PT;hu_HU;zh_TW;de_DE;sv_SE;da_DK;nl_NL;pl_PL;nb_NO;ja_JP;pt_BR;fr_FR;el_GR;ko_KR;tr_TR;es_ES;it_IT;ru_RU;cs_CZ;en;" build_abi2="armeabi" imsi="null" />
    <FeatureInfo>
      <Feature name="android.hardware.audio.low_latency" type="sdk" available="false" />
      <Feature name="android.hardware.bluetooth" type="sdk" available="true" />
      <Feature name="android.hardware.camera" type="sdk" available="true" />
      <Feature name="android.hardware.camera.autofocus" type="sdk" available="true" />
      <Feature name="android.hardware.camera.flash" type="sdk" available="false" />
      <Feature name="android.hardware.camera.front" type="sdk" available="true" />
      <Feature name="android.hardware.faketouch" type="sdk" available="true" />
      <Feature name="android.hardware.faketouch.multitouch.distinct" type="sdk" available="false" />
      <Feature name="android.hardware.faketouch.multitouch.jazzhand" type="sdk" available="false" />
      <Feature name="android.software.live_wallpaper" type="sdk" available="true" />
      <Feature name="android.hardware.location" type="sdk" available="true" />
      <Feature name="android.hardware.location.gps" type="sdk" available="true" />
      <Feature name="android.hardware.location.network" type="sdk" available="true" />
      <Feature name="android.hardware.microphone" type="sdk" available="true" />
      <Feature name="android.hardware.nfc" type="sdk" available="false" />
      <Feature name="android.hardware.screen.landscape" type="sdk" available="true" />
      <Feature name="android.hardware.screen.portrait" type="sdk" available="true" />
      <Feature name="android.hardware.sensor.accelerometer" type="sdk" available="true" />
      <Feature name="android.hardware.sensor.barometer" type="sdk" available="false" />
      <Feature name="android.hardware.sensor.compass" type="sdk" available="true" />
      <Feature name="android.hardware.sensor.gyroscope" type="sdk" available="true" />
      <Feature name="android.hardware.sensor.light" type="sdk" available="true" />
      <Feature name="android.hardware.sensor.proximity" type="sdk" available="false" />
      <Feature name="android.software.sip" type="sdk" available="true" />
      <Feature name="android.software.sip.voip" type="sdk" available="true" />
      <Feature name="android.hardware.telephony" type="sdk" available="false" />
      <Feature name="android.hardware.telephony.cdma" type="sdk" available="false" />
      <Feature name="android.hardware.telephony.gsm" type="sdk" available="false" />
      <Feature name="android.hardware.type.television" type="sdk" available="false" />
      <Feature name="android.hardware.touchscreen" type="sdk" available="true" />
      <Feature name="android.hardware.touchscreen.multitouch" type="sdk" available="true" />
      <Feature name="android.hardware.touchscreen.multitouch.distinct" type="sdk" available="true" />
      <Feature name="android.hardware.touchscreen.multitouch.jazzhand" type="sdk" available="true" />
      <Feature name="android.hardware.usb.accessory" type="sdk" available="true" />
      <Feature name="android.hardware.usb.host" type="sdk" available="true" />
      <Feature name="android.hardware.wifi" type="sdk" available="true" />
      <Feature name="android.hardware.wifi.direct" type="sdk" available="true" />
    </FeatureInfo>
    <ProcessInfo>
      <Process name="ueventd" uid="0" />
      <Process name="netd" uid="0" />
      <Process name="info_server" uid="0" />
      <Process name="nvcpud" uid="0" />
      <Process name="tf_daemon" uid="0" />
    </ProcessInfo>
    <SystemLibrariesInfo>
      <Library name="javax.obex" />
      <Library name="com.google.android.media.effects" />
      <Library name="com.android.future.usb.accessory" />
      <Library name="android.test.runner" />
      <Library name="com.nvidia.nvstereoutils" />
      <Library name="com.google.widevine.software.drm" />
      <Library name="com.google.android.maps" />
      <Library name="com.android.location.provider" />
      <Library name="com.pega.server" />
    </SystemLibrariesInfo>
    <OpenGLCompressedTextureFormatsInfo>
      <TextureFormat name="GL_OES_compressed_ETC1_RGB8_texture" />
      <TextureFormat name="GL_EXT_texture_compression_latc" />
      <TextureFormat name="GL_NV_texture_compression_latc" />
      <TextureFormat name="GL_EXT_texture_compression_dxt1" />
      <TextureFormat name="GL_EXT_texture_compression_s3tc" />
      <TextureFormat name="GL_NV_texture_compression_s3tc" />
      <TextureFormat name="GL_NV_texture_compression_s3tc_update" />
    </OpenGLCompressedTextureFormatsInfo>
  </DeviceInfo>
  <HostInfo name="a">
    <Os name="Linux" version="2.6.32-33-generic" arch="amd64" />
    <Java name="Sun Microsystems Inc." version="1.6.0_24" />
    <Cts version="4.1_r1">
      <IntValue name="testStatusTimeoutMs" value="600000" />
    </Cts>
  </HostInfo>
  <Summary failed="2" notExecuted="0" timeout="0" pass="17620" />
  <TestPackage name="CtsAccelerationTestCases" appPackageName="android.acceleration" digest="e07d610d2468f96ecff3f681af1eb96bfd7e3ff5">
    <TestSuite name="android">
      <TestSuite name="acceleration">
        <TestSuite name="cts">
          <TestCase name="HardwareAccelerationTest" priority="">
            <Test name="testIsHardwareAccelerated" result="pass" starttime="Fri Sep 21 11:22:09 CST 2012" endtime="Fri Sep 21 11:22:10 CST 2012" />
            <Test name="testNotAttachedView" result="pass" starttime="Fri Sep 21 11:22:10 CST 2012" endtime="Fri Sep 21 11:22:10 CST 2012" />
          </TestCase>
          <TestCase name="SoftwareAccelerationTest" priority="">
            <Test name="testIsHardwareAccelerated" result="pass" starttime="Fri Sep 21 11:22:10 CST 2012" endtime="Fri Sep 21 11:22:10 CST 2012" />
            <Test name="testNotAttachedView" result="pass" starttime="Fri Sep 21 11:22:10 CST 2012" endtime="Fri Sep 21 11:22:11 CST 2012" />
          </TestCase>
          <TestCase name="WindowFlagHardwareAccelerationTest" priority="">
            <Test name="testIsHardwareAccelerated" result="pass" starttime="Fri Sep 21 11:22:11 CST 2012" endtime="Fri Sep 21 11:22:11 CST 2012" />
            <Test name="testNotAttachedView" result="pass" starttime="Fri Sep 21 11:22:11 CST 2012" endtime="Fri Sep 21 11:22:12 CST 2012" />
          </TestCase>
        </TestSuite>
      </TestSuite>
    </TestSuite>
  </TestPackage>
  <TestPackage name="CtsAccessibilityTestCases" appPackageName="android.accessibility" digest="dd829e3770dad699e34423ed21e3e78241cfc110">
    <TestSuite name="android">
      <TestSuite name="view">
        <TestSuite name="accessibility">
          <TestSuite name="cts">
            <TestCase name="AccessibilityEventTest" priority="">
              <Test name="testDescribeContents" result="pass" starttime="Fri Sep 21 11:23:28 CST 2012" endtime="Fri Sep 21 11:23:28 CST 2012" />
              <Test name="testEventTypeToString" result="pass" starttime="Fri Sep 21 11:23:28 CST 2012" endtime="Fri Sep 21 11:23:28 CST 2012" />
              <Test name="testMarshaling" result="pass" starttime="Fri Sep 21 11:23:28 CST 2012" endtime="Fri Sep 21 11:23:29 CST 2012" />
              <Test name="testMarshaling2" result="pass" starttime="Fri Sep 21 11:23:29 CST 2012" endtime="Fri Sep 21 11:23:29 CST 2012" />
              <Test name="testNoNewFieldsAddedWithoutUpdadingMarshallTests" result="pass" starttime="Fri Sep 21 11:23:29 CST 2012" endtime="Fri Sep 21 11:23:29 CST 2012" />
              <Test name="testRecycle" result="pass" starttime="Fri Sep 21 11:23:29 CST 2012" endtime="Fri Sep 21 11:23:29 CST 2012" />
              <Test name="testReuse" result="pass" starttime="Fri Sep 21 11:23:29 CST 2012" endtime="Fri Sep 21 11:23:29 CST 2012" />
            </TestCase>
            <TestCase name="AccessibilityManagerTest" priority="">
              <Test name="testAddAndRemoveAccessibilityStateChangeListener" result="pass" starttime="Fri Sep 21 11:23:29 CST 2012" endtime="Fri Sep 21 11:23:29 CST 2012" />
              <Test name="testAndroidTestCaseSetupProperly" result="pass" starttime="Fri Sep 21 11:23:29 CST 2012" endtime="Fri Sep 21 11:23:29 CST 2012" />
              <Test name="testGetAccessibilityServiceList" result="pass" starttime="Fri Sep 21 11:23:29 CST 2012" endtime="Fri Sep 21 11:23:29 CST 2012" />
              <Test name="testGetEnabledAccessibilityServiceList" result="pass" starttime="Fri Sep 21 11:23:29 CST 2012" endtime="Fri Sep 21 11:23:29 CST 2012" />
              <Test name="testGetEnabledAccessibilityServiceListForType" result="pass" starttime="Fri Sep 21 11:23:29 CST 2012" endtime="Fri Sep 21 11:23:29 CST 2012" />
              <Test name="testGetInstalledAccessibilityServicesList" result="pass" starttime="Fri Sep 21 11:23:30 CST 2012" endtime="Fri Sep 21 11:23:30 CST 2012" />
              <Test name="testInterrupt" result="pass" starttime="Fri Sep 21 11:23:30 CST 2012" endtime="Fri Sep 21 11:23:30 CST 2012" />
              <Test name="testIsTouchExplorationEnabled" result="pass" starttime="Fri Sep 21 11:23:30 CST 2012" endtime="Fri Sep 21 11:23:30 CST 2012" />
              <Test name="testSendAccessibilityEvent" result="pass" starttime="Fri Sep 21 11:23:30 CST 2012" endtime="Fri Sep 21 11:23:30 CST 2012" />
            </TestCase>
            <TestCase name="AccessibilityNodeInfoTest" priority="">
              <Test name="testAndroidTestCaseSetupProperly" result="pass" starttime="Fri Sep 21 11:23:30 CST 2012" endtime="Fri Sep 21 11:23:30 CST 2012" />
              <Test name="testDescribeContents" result="pass" starttime="Fri Sep 21 11:23:30 CST 2012" endtime="Fri Sep 21 11:23:30 CST 2012" />
              <Test name="testMarshaling" result="pass" starttime="Fri Sep 21 11:23:30 CST 2012" endtime="Fri Sep 21 11:23:30 CST 2012" />
              <Test name="testRecycle" result="pass" starttime="Fri Sep 21 11:23:30 CST 2012" endtime="Fri Sep 21 11:23:30 CST 2012" />
              <Test name="testReuse" result="pass" starttime="Fri Sep 21 11:23:30 CST 2012" endtime="Fri Sep 21 11:23:30 CST 2012" />
            </TestCase>
            <TestCase name="AccessibilityRecordTest" priority="">
              <Test name="testAndroidTestCaseSetupProperly" result="pass" starttime="Fri Sep 21 11:23:30 CST 2012" endtime="Fri Sep 21 11:23:31 CST 2012" />
              <Test name="testNoNewFieldsAddedWithoutUpdadingMarshallTests" result="pass" starttime="Fri Sep 21 11:23:31 CST 2012" endtime="Fri Sep 21 11:23:31 CST 2012" />
              <Test name="testObtain" result="pass" starttime="Fri Sep 21 11:23:31 CST 2012" endtime="Fri Sep 21 11:23:31 CST 2012" />
              <Test name="testRecycle" result="pass" starttime="Fri Sep 21 11:23:31 CST 2012" endtime="Fri Sep 21 11:23:31 CST 2012" />
            </TestCase>
          </TestSuite>
        </TestSuite>
      </TestSuite>
    </TestSuite>
  </TestPackage>
  <TestPackage name="CtsAccessibilityServiceTestCases" appPackageName="android.accessibilityservice" digest="19b7d9871febb743bcd1106d82516d2c52ab58d6">
    <TestSuite name="android">
      <TestSuite name="accessibilityservice">
        <TestSuite name="cts">
          <TestCase name="AccessibilityEndToEndTest" priority="">
            <Test name="testTypeNotificationStateChangedAccessibilityEvent" result="pass" starttime="Fri Sep 21 11:22:20 CST 2012" endtime="Fri Sep 21 11:22:21 CST 2012" />
            <Test name="testTypeViewClickedAccessibilityEvent" result="pass" starttime="Fri Sep 21 11:22:21 CST 2012" endtime="Fri Sep 21 11:22:21 CST 2012" />
            <Test name="testTypeViewFocusedAccessibilityEvent" result="pass" starttime="Fri Sep 21 11:22:21 CST 2012" endtime="Fri Sep 21 11:22:22 CST 2012" />
            <Test name="testTypeViewLongClickedAccessibilityEvent" result="pass" starttime="Fri Sep 21 11:22:22 CST 2012" endtime="Fri Sep 21 11:22:23 CST 2012" />
            <Test name="testTypeViewSelectedAccessibilityEvent" result="pass" starttime="Fri Sep 21 11:22:23 CST 2012" endtime="Fri Sep 21 11:22:23 CST 2012" />
            <Test name="testTypeViewTextChangedAccessibilityEvent" result="pass" starttime="Fri Sep 21 11:22:23 CST 2012" endtime="Fri Sep 21 11:22:24 CST 2012" />
            <Test name="testTypeWindowStateChangedAccessibilityEvent" result="pass" starttime="Fri Sep 21 11:22:24 CST 2012" endtime="Fri Sep 21 11:22:24 CST 2012" />
          </TestCase>
          <TestCase name="AccessibilityFocusAndInputFocusSyncTest" priority="">
            <Test name="testActionAccessibilityFocus" result="pass" starttime="Fri Sep 21 11:22:24 CST 2012" endtime="Fri Sep 21 11:22:25 CST 2012" />
            <Test name="testActionClearAccessibilityFocus" result="pass" starttime="Fri Sep 21 11:22:25 CST 2012" endtime="Fri Sep 21 11:22:26 CST 2012" />
            <Test name="testFindAccessibilityFocus" result="pass" starttime="Fri Sep 21 11:22:26 CST 2012" endtime="Fri Sep 21 11:22:26 CST 2012" />
            <Test name="testInitialStateNoAccessibilityFocus" result="pass" starttime="Fri Sep 21 11:22:26 CST 2012" endtime="Fri Sep 21 11:22:27 CST 2012" />
            <Test name="testOnlyOneNodeHasAccessibilityFocus" result="pass" starttime="Fri Sep 21 11:22:27 CST 2012" endtime="Fri Sep 21 11:22:37 CST 2012" />
          </TestCase>
          <TestCase name="AccessibilityServiceInfoTest" priority="">
            <Test name="testAccessibilityServiceInfoForEnabledService" result="pass" starttime="Fri Sep 21 11:22:37 CST 2012" endtime="Fri Sep 21 11:22:37 CST 2012" />
            <Test name="testAndroidTestCaseSetupProperly" result="pass" starttime="Fri Sep 21 11:22:37 CST 2012" endtime="Fri Sep 21 11:22:38 CST 2012" />
            <Test name="testDescribeContents" result="pass" starttime="Fri Sep 21 11:22:38 CST 2012" endtime="Fri Sep 21 11:22:38 CST 2012" />
            <Test name="testFeedbackTypeToString" result="pass" starttime="Fri Sep 21 11:22:38 CST 2012" endtime="Fri Sep 21 11:22:38 CST 2012" />
            <Test name="testFlagToString" result="pass" starttime="Fri Sep 21 11:22:38 CST 2012" endtime="Fri Sep 21 11:22:38 CST 2012" />
            <Test name="testMarshalling" result="pass" starttime="Fri Sep 21 11:22:38 CST 2012" endtime="Fri Sep 21 11:22:38 CST 2012" />
          </TestCase>
          <TestCase name="AccessibilitySettingsTest" priority="">
            <Test name="testAccessibilitySettingsIntentHandled" result="pass" starttime="Fri Sep 21 11:22:38 CST 2012" endtime="Fri Sep 21 11:22:38 CST 2012" />
            <Test name="testAndroidTestCaseSetupProperly" result="pass" starttime="Fri Sep 21 11:22:38 CST 2012" endtime="Fri Sep 21 11:22:38 CST 2012" />
          </TestCase>
          <TestCase name="AccessibilityTextTraversalTest" priority="">
            <Test name="testActionNextAndPreviousAtGranularityCharacterOverContentDescription" result="pass" starttime="Fri Sep 21 11:22:38 CST 2012" endtime="Fri Sep 21 11:22:39 CST 2012" />
            <Test name="testActionNextAndPreviousAtGranularityCharacterOverText" result="pass" starttime="Fri Sep 21 11:22:39 CST 2012" endtime="Fri Sep 21 11:22:40 CST 2012" />
            <Test name="testActionNextAndPreviousAtGranularityLineOverText" result="pass" starttime="Fri Sep 21 11:22:40 CST 2012" endtime="Fri Sep 21 11:22:41 CST 2012" />
            <Test name="testActionNextAndPreviousAtGranularityParagraphOverText" result="pass" starttime="Fri Sep 21 11:22:46 CST 2012" endtime="Fri Sep 21 11:22:47 CST 2012" />
            <Test name="testActionNextAndPreviousAtGranularityWordOverContentDescription" result="pass" starttime="Fri Sep 21 11:22:47 CST 2012" endtime="Fri Sep 21 11:22:48 CST 2012" />
            <Test name="testActionNextAndPreviousAtGranularityWordOverText" result="pass" starttime="Fri Sep 21 11:22:48 CST 2012" endtime="Fri Sep 21 11:22:49 CST 2012" />
          </TestCase>
          <TestCase name="AccessibilityViewTreeReportingTest" priority="">
            <Test name="testDescendantsOfNotImportantViewReportedInOrder1" result="pass" starttime="Fri Sep 21 11:22:49 CST 2012" endtime="Fri Sep 21 11:22:50 CST 2012" />
            <Test name="testDescendantsOfNotImportantViewReportedInOrder2" result="pass" starttime="Fri Sep 21 11:22:50 CST 2012" endtime="Fri Sep 21 11:22:50 CST 2012" />
            <Test name="testDescendantsOfNotImportantViewReportedInOrder3" result="pass" starttime="Fri Sep 21 11:22:50 CST 2012" endtime="Fri Sep 21 11:22:51 CST 2012" />
          </TestCase>
          <TestCase name="AccessibilityWindowQueryTest" priority="">
            <Test name="testFindByContentDescription" result="pass" starttime="Fri Sep 21 11:22:51 CST 2012" endtime="Fri Sep 21 11:22:51 CST 2012" />
            <Test name="testFindByText" result="pass" starttime="Fri Sep 21 11:22:51 CST 2012" endtime="Fri Sep 21 11:22:52 CST 2012" />
            <Test name="testGetEventSource" result="pass" starttime="Fri Sep 21 11:22:52 CST 2012" endtime="Fri Sep 21 11:22:52 CST 2012" />
            <Test name="testObjectContract" result="pass" starttime="Fri Sep 21 11:22:52 CST 2012" endtime="Fri Sep 21 11:22:53 CST 2012" />
            <Test name="testPerformActionClearFocus" result="pass" starttime="Fri Sep 21 11:22:53 CST 2012" endtime="Fri Sep 21 11:22:53 CST 2012" />
            <Test name="testPerformActionClearSelection" result="pass" starttime="Fri Sep 21 11:22:53 CST 2012" endtime="Fri Sep 21 11:22:54 CST 2012" />
            <Test name="testPerformActionClick" result="pass" starttime="Fri Sep 21 11:22:54 CST 2012" endtime="Fri Sep 21 11:22:54 CST 2012" />
            <Test name="testPerformActionFocus" result="pass" starttime="Fri Sep 21 11:22:54 CST 2012" endtime="Fri Sep 21 11:22:55 CST 2012" />
            <Test name="testPerformActionLongClick" result="pass" starttime="Fri Sep 21 11:22:55 CST 2012" endtime="Fri Sep 21 11:22:55 CST 2012" />
            <Test name="testPerformActionSelect" result="pass" starttime="Fri Sep 21 11:22:55 CST 2012" endtime="Fri Sep 21 11:22:56 CST 2012" />
            <Test name="testPerformGlobalActionHome" result="pass" starttime="Fri Sep 21 11:22:59 CST 2012" endtime="Fri Sep 21 11:23:02 CST 2012" />
            <Test name="testPerformGlobalActionNotifications" result="pass" starttime="Fri Sep 21 11:23:02 CST 2012" endtime="Fri Sep 21 11:23:11 CST 2012" />
            <Test name="testPerformGlobalActionRecents" result="pass" starttime="Fri Sep 21 11:23:11 CST 2012" endtime="Fri Sep 21 11:23:17 CST 2012" />
            <Test name="testTraverseWindow" result="pass" starttime="Fri Sep 21 11:23:17 CST 2012" endtime="Fri Sep 21 11:23:17 CST 2012" />
          </TestCase>
        </TestSuite>
      </TestSuite>
    </TestSuite>
  </TestPackage>
  <TestPackage name="CtsAccountManagerTestCases" appPackageName="android.accounts" digest="0e66d4ec67434ad72c591416bbdf7ffda2ab786d">
    <TestSuite name="android">
      <TestSuite name="accounts">
        <TestSuite name="cts">
          <TestCase name="AccountManagerTest" priority="">
            <Test name="testAddAccount" result="pass" starttime="Fri Sep 21 11:23:37 CST 2012" endtime="Fri Sep 21 11:23:37 CST 2012" />
            <Test name="testAddAccountExplicitlyAndRemoveAccount" result="pass" starttime="Fri Sep 21 11:23:37 CST 2012" endtime="Fri Sep 21 11:23:38 CST 2012" />
            <Test name="testAddAccountWithCallbackAndHandler" result="pass" starttime="Fri Sep 21 11:23:38 CST 2012" endtime="Fri Sep 21 11:23:38 CST 2012" />
            <Test name="testAddOnAccountsUpdatedListenerWithHandler" result="pass" starttime="Fri Sep 21 11:23:38 CST 2012" endtime="Fri Sep 21 11:23:40 CST 2012" />
            <Test name="testAndroidTestCaseSetupProperly" result="pass" starttime="Fri Sep 21 11:23:40 CST 2012" endtime="Fri Sep 21 11:23:40 CST 2012" />
            <Test name="testBlockingGetAuthToken" result="pass" starttime="Fri Sep 21 11:23:40 CST 2012" endtime="Fri Sep 21 11:23:41 CST 2012" />
            <Test name="testConfirmCredentials" result="pass" starttime="Fri Sep 21 11:23:41 CST 2012" endtime="Fri Sep 21 11:23:41 CST 2012" />
            <Test name="testConfirmCredentialsWithCallbackAndHandler" result="pass" starttime="Fri Sep 21 11:23:41 CST 2012" endtime="Fri Sep 21 11:23:42 CST 2012" />
            <Test name="testEditProperties" result="pass" starttime="Fri Sep 21 11:23:42 CST 2012" endtime="Fri Sep 21 11:23:42 CST 2012" />
            <Test name="testEditPropertiesWithCallbackAndHandler" result="pass" starttime="Fri Sep 21 11:23:42 CST 2012" endtime="Fri Sep 21 11:23:43 CST 2012" />
            <Test name="testGet" result="pass" starttime="Fri Sep 21 11:23:43 CST 2012" endtime="Fri Sep 21 11:23:43 CST 2012" />
            <Test name="testGetAccountsAndGetAccountsByType" result="pass" starttime="Fri Sep 21 11:23:43 CST 2012" endtime="Fri Sep 21 11:23:43 CST 2012" />
            <Test name="testGetAccountsByTypeAndFeatures" result="pass" starttime="Fri Sep 21 11:23:43 CST 2012" endtime="Fri Sep 21 11:23:43 CST 2012" />
            <Test name="testGetAccountsByTypeAndFeaturesWithCallbackAndHandler" result="pass" starttime="Fri Sep 21 11:23:43 CST 2012" endtime="Fri Sep 21 11:23:45 CST 2012" />
            <Test name="testGetAuthToken" result="pass" starttime="Fri Sep 21 11:23:45 CST 2012" endtime="Fri Sep 21 11:23:45 CST 2012" />
            <Test name="testGetAuthTokenByFeatures" result="pass" starttime="Fri Sep 21 11:23:45 CST 2012" endtime="Fri Sep 21 11:23:45 CST 2012" />
            <Test name="testGetAuthTokenWithCallbackAndHandler" result="pass" starttime="Fri Sep 21 11:23:45 CST 2012" endtime="Fri Sep 21 11:23:46 CST 2012" />
            <Test name="testGetAuthTokenWithOptions" result="pass" starttime="Fri Sep 21 11:23:46 CST 2012" endtime="Fri Sep 21 11:23:46 CST 2012" />
            <Test name="testGetAuthTokenWithOptionsAndCallback" result="pass" starttime="Fri Sep 21 11:23:46 CST 2012" endtime="Fri Sep 21 11:23:47 CST 2012" />
            <Test name="testGetAuthenticatorTypes" result="pass" starttime="Fri Sep 21 11:23:47 CST 2012" endtime="Fri Sep 21 11:23:47 CST 2012" />
            <Test name="testGetsAreCached" result="pass" starttime="Fri Sep 21 11:23:47 CST 2012" endtime="Fri Sep 21 11:23:48 CST 2012" />
            <Test name="testHasFeature" result="pass" starttime="Fri Sep 21 11:23:48 CST 2012" endtime="Fri Sep 21 11:23:51 CST 2012" />
            <Test name="testRemoveOnAccountsUpdatedListener" result="pass" starttime="Fri Sep 21 11:23:51 CST 2012" endtime="Fri Sep 21 11:23:52 CST 2012" />
            <Test name="testSetAndGetAndClearPassword" result="pass" starttime="Fri Sep 21 11:23:52 CST 2012" endtime="Fri Sep 21 11:23:53 CST 2012" />
            <Test name="testSetAndGetUserData" result="pass" starttime="Fri Sep 21 11:23:53 CST 2012" endtime="Fri Sep 21 11:23:53 CST 2012" />
            <Test name="testSetAndPeekAndInvalidateAuthToken" result="pass" starttime="Fri Sep 21 11:23:53 CST 2012" endtime="Fri Sep 21 11:23:53 CST 2012" />
            <Test name="testUpdateCredentials" result="pass" starttime="Fri Sep 21 11:23:53 CST 2012" endtime="Fri Sep 21 11:23:54 CST 2012" />
            <Test name="testUpdateCredentialsWithCallbackAndHandler" result="pass" starttime="Fri Sep 21 11:23:54 CST 2012" endtime="Fri Sep 21 11:23:54 CST 2012" />
          </TestCase>
        </TestSuite>
      </TestSuite>
    </TestSuite>
  </TestPackage>
  <TestPackage name="CtsAdminTestCases" appPackageName="android.admin" digest="2deb65eb839e500359caa549033f197376f8145a">
    <TestSuite name="android">
      <TestSuite name="admin">
        <TestSuite name="cts">
          <TestCase name="DeviceAdminInfoTest" priority="">
            <Test name="testAndroidTestCaseSetupProperly" result="pass" starttime="Fri Sep 21 11:23:59 CST 2012" endtime="Fri Sep 21 11:23:59 CST 2012" />
            <Test name="testDeviceAdminInfo" result="pass" starttime="Fri Sep 21 11:23:59 CST 2012" endtime="Fri Sep 21 11:23:59 CST 2012" />
            <Test name="testDeviceAdminInfo2" result="pass" starttime="Fri Sep 21 11:23:59 CST 2012" endtime="Fri Sep 21 11:23:59 CST 2012" />
          </TestCase>
          <TestCase name="DeviceAdminReceiverTest" priority="">
            <Test name="testAndroidTestCaseSetupProperly" result="pass" starttime="Fri Sep 21 11:23:59 CST 2012" endtime="Fri Sep 21 11:23:59 CST 2012" />
            <Test name="testOnReceive" result="pass" starttime="Fri Sep 21 11:23:59 CST 2012" endtime="Fri Sep 21 11:23:59 CST 2012" />
          </TestCase>
          <TestCase name="DevicePolicyManagerTest" priority="">
            <Test name="testAndroidTestCaseSetupProperly" result="pass" starttime="Fri Sep 21 11:23:59 CST 2012" endtime="Fri Sep 21 11:23:59 CST 2012" />
            <Test name="testGetActiveAdmins" result="pass" starttime="Fri Sep 21 11:23:59 CST 2012" endtime="Fri Sep 21 11:24:00 CST 2012" />
            <Test name="testGetMaximumFailedPasswordsForWipe" result="pass" starttime="Fri Sep 21 11:24:00 CST 2012" endtime="Fri Sep 21 11:24:00 CST 2012" />
            <Test name="testPasswordQuality_alphabetic" result="pass" starttime="Fri Sep 21 11:24:00 CST 2012" endtime="Fri Sep 21 11:24:01 CST 2012" />
            <Test name="testPasswordQuality_alphanumeric" result="pass" starttime="Fri Sep 21 11:24:01 CST 2012" endtime="Fri Sep 21 11:24:02 CST 2012" />
            <Test name="testPasswordQuality_numeric" result="pass" starttime="Fri Sep 21 11:24:02 CST 2012" endtime="Fri Sep 21 11:24:03 CST 2012" />
            <Test name="testPasswordQuality_something" result="pass" starttime="Fri Sep 21 11:24:03 CST 2012" endtime="Fri Sep 21 11:24:03 CST 2012" />
          </TestCase>
        </TestSuite>
      </TestSuite>
    </TestSuite>
  </TestPackage>
  <TestPackage name="CtsAnimationTestCases" appPackageName="android.animation" digest="9a62452f5c7feeb1b62168013e21f6403c9df508">
    <TestSuite name="android">
      <TestSuite name="animation">
        <TestSuite name="cts">
          <TestCase name="AnimatorSetTest" priority="">
            <Test name="testDuration" result="pass" starttime="Fri Sep 21 11:24:08 CST 2012" endtime="Fri Sep 21 11:24:10 CST 2012" />
            <Test name="testPlaySequentially" result="pass" starttime="Fri Sep 21 11:24:10 CST 2012" endtime="Fri Sep 21 11:24:11 CST 2012" />
            <Test name="testPlayTogether" result="pass" starttime="Fri Sep 21 11:24:11 CST 2012" endtime="Fri Sep 21 11:24:12 CST 2012" />
            <Test name="testSetInterpolator" result="pass" starttime="Fri Sep 21 11:24:12 CST 2012" endtime="Fri Sep 21 11:24:12 CST 2012" />
            <Test name="testStartDelay" result="pass" starttime="Fri Sep 21 11:24:12 CST 2012" endtime="Fri Sep 21 11:24:13 CST 2012" />
            <Test name="testgetChildAnimations" result="pass" starttime="Fri Sep 21 11:24:13 CST 2012" endtime="Fri Sep 21 11:24:13 CST 2012" />
          </TestCase>
          <TestCase name="AnimatorTest" priority="">
            <Test name="testCancel" result="pass" starttime="Fri Sep 21 11:24:13 CST 2012" endtime="Fri Sep 21 11:24:13 CST 2012" />
            <Test name="testClone" result="pass" starttime="Fri Sep 21 11:24:13 CST 2012" endtime="Fri Sep 21 11:24:14 CST 2012" />
            <Test name="testConstructor" result="pass" starttime="Fri Sep 21 11:24:14 CST 2012" endtime="Fri Sep 21 11:24:14 CST 2012" />
            <Test name="testEnd" result="pass" starttime="Fri Sep 21 11:24:14 CST 2012" endtime="Fri Sep 21 11:24:15 CST 2012" />
            <Test name="testGetDuration" result="pass" starttime="Fri Sep 21 11:24:15 CST 2012" endtime="Fri Sep 21 11:24:15 CST 2012" />
            <Test name="testIsRunning" result="pass" starttime="Fri Sep 21 11:24:15 CST 2012" endtime="Fri Sep 21 11:24:16 CST 2012" />
            <Test name="testIsStarted" result="pass" starttime="Fri Sep 21 11:24:16 CST 2012" endtime="Fri Sep 21 11:24:16 CST 2012" />
            <Test name="testRemoveAllListenerers" result="pass" starttime="Fri Sep 21 11:24:16 CST 2012" endtime="Fri Sep 21 11:24:17 CST 2012" />
            <Test name="testRemoveListener" result="pass" starttime="Fri Sep 21 11:24:17 CST 2012" endtime="Fri Sep 21 11:24:17 CST 2012" />
            <Test name="testSetInterpolator" result="pass" starttime="Fri Sep 21 11:24:17 CST 2012" endtime="Fri Sep 21 11:24:17 CST 2012" />
            <Test name="testSetListener" result="pass" starttime="Fri Sep 21 11:24:17 CST 2012" endtime="Fri Sep 21 11:24:18 CST 2012" />
            <Test name="testStart" result="pass" starttime="Fri Sep 21 11:24:18 CST 2012" endtime="Fri Sep 21 11:24:18 CST 2012" />
            <Test name="testStartDelay" result="pass" starttime="Fri Sep 21 11:24:18 CST 2012" endtime="Fri Sep 21 11:24:19 CST 2012" />
          </TestCase>
          <TestCase name="ArgbEvaluatorTest" priority="">
            <Test name="testEvaluate" result="pass" starttime="Fri Sep 21 11:24:19 CST 2012" endtime="Fri Sep 21 11:24:19 CST 2012" />
          </TestCase>
          <TestCase name="FloatEvaluatorTest" priority="">
            <Test name="testEvaluate" result="pass" starttime="Fri Sep 21 11:24:19 CST 2012" endtime="Fri Sep 21 11:24:19 CST 2012" />
          </TestCase>
          <TestCase name="IntEvaluatorTest" priority="">
            <Test name="testEvaluate" result="pass" starttime="Fri Sep 21 11:24:19 CST 2012" endtime="Fri Sep 21 11:24:19 CST 2012" />
          </TestCase>
          <TestCase name="KeyframeTest" priority="">
            <Test name="testClone" result="pass" starttime="Fri Sep 21 11:24:19 CST 2012" endtime="Fri Sep 21 11:24:19 CST 2012" />
            <Test name="testGetFraction" result="pass" starttime="Fri Sep 21 11:24:19 CST 2012" endtime="Fri Sep 21 11:24:19 CST 2012" />
            <Test name="testGetType" result="pass" starttime="Fri Sep 21 11:24:19 CST 2012" endtime="Fri Sep 21 11:24:20 CST 2012" />
            <Test name="testOfFloat" result="pass" starttime="Fri Sep 21 11:24:20 CST 2012" endtime="Fri Sep 21 11:24:20 CST 2012" />
            <Test name="testOfFloatValue" result="pass" starttime="Fri Sep 21 11:24:20 CST 2012" endtime="Fri Sep 21 11:24:20 CST 2012" />
            <Test name="testOfIntValue" result="pass" starttime="Fri Sep 21 11:24:20 CST 2012" endtime="Fri Sep 21 11:24:20 CST 2012" />
            <Test name="testOfObject" result="pass" starttime="Fri Sep 21 11:24:20 CST 2012" endtime="Fri Sep 21 11:24:20 CST 2012" />
            <Test name="testOfObjectValue" result="pass" starttime="Fri Sep 21 11:24:20 CST 2012" endtime="Fri Sep 21 11:24:20 CST 2012" />
            <Test name="testSetFraction" result="pass" starttime="Fri Sep 21 11:24:20 CST 2012" endtime="Fri Sep 21 11:24:20 CST 2012" />
            <Test name="testSetInterpolator" result="pass" starttime="Fri Sep 21 11:24:20 CST 2012" endtime="Fri Sep 21 11:24:20 CST 2012" />
            <Test name="testSetValue" result="pass" starttime="Fri Sep 21 11:24:20 CST 2012" endtime="Fri Sep 21 11:24:20 CST 2012" />
          </TestCase>
          <TestCase name="LayoutAnimationTest" priority="">
            <Test name="testAddTransitionListener" result="pass" starttime="Fri Sep 21 11:24:20 CST 2012" endtime="Fri Sep 21 11:24:21 CST 2012" />
            <Test name="testAnimationWithAnimator" result="pass" starttime="Fri Sep 21 11:24:21 CST 2012" endtime="Fri Sep 21 11:24:24 CST 2012" />
            <Test name="testIsChangingLayout" result="pass" starttime="Fri Sep 21 11:24:24 CST 2012" endtime="Fri Sep 21 11:24:25 CST 2012" />
            <Test name="testIsRunning" result="pass" starttime="Fri Sep 21 11:24:25 CST 2012" endtime="Fri Sep 21 11:24:26 CST 2012" />
            <Test name="testSetAnimator" result="pass" starttime="Fri Sep 21 11:24:26 CST 2012" endtime="Fri Sep 21 11:24:27 CST 2012" />
            <Test name="testSetDuration" result="pass" starttime="Fri Sep 21 11:24:27 CST 2012" endtime="Fri Sep 21 11:24:27 CST 2012" />
            <Test name="testSetDurationForTransitionType" result="pass" starttime="Fri Sep 21 11:24:27 CST 2012" endtime="Fri Sep 21 11:24:28 CST 2012" />
            <Test name="testSetInterpolator" result="pass" starttime="Fri Sep 21 11:24:28 CST 2012" endtime="Fri Sep 21 11:24:28 CST 2012" />
            <Test name="testSetStagger" result="pass" starttime="Fri Sep 21 11:24:28 CST 2012" endtime="Fri Sep 21 11:24:28 CST 2012" />
            <Test name="testStartDelay" result="pass" starttime="Fri Sep 21 11:24:28 CST 2012" endtime="Fri Sep 21 11:24:29 CST 2012" />
          </TestCase>
          <TestCase name="ObjectAnimatorTest" priority="">
            <Test name="testClone" result="pass" starttime="Fri Sep 21 11:24:29 CST 2012" endtime="Fri Sep 21 11:24:29 CST 2012" />
            <Test name="testDuration" result="pass" starttime="Fri Sep 21 11:24:29 CST 2012" endtime="Fri Sep 21 11:24:29 CST 2012" />
            <Test name="testGetPropertyName" result="pass" starttime="Fri Sep 21 11:24:29 CST 2012" endtime="Fri Sep 21 11:24:30 CST 2012" />
            <Test name="testGetTarget" result="pass" starttime="Fri Sep 21 11:24:30 CST 2012" endtime="Fri Sep 21 11:24:30 CST 2012" />
            <Test name="testIsStarted" result="pass" starttime="Fri Sep 21 11:24:30 CST 2012" endtime="Fri Sep 21 11:24:31 CST 2012" />
            <Test name="testOfFloat" result="pass" starttime="Fri Sep 21 11:24:31 CST 2012" endtime="Fri Sep 21 11:24:31 CST 2012" />
            <Test name="testOfFloatBase" result="pass" starttime="Fri Sep 21 11:24:31 CST 2012" endtime="Fri Sep 21 11:24:31 CST 2012" />
            <Test name="testOfInt" result="pass" starttime="Fri Sep 21 11:24:31 CST 2012" endtime="Fri Sep 21 11:24:32 CST 2012" />
            <Test name="testOfObject" result="pass" starttime="Fri Sep 21 11:24:32 CST 2012" endtime="Fri Sep 21 11:24:32 CST 2012" />
            <Test name="testOfPropertyValuesHolder" result="pass" starttime="Fri Sep 21 11:24:32 CST 2012" endtime="Fri Sep 21 11:24:33 CST 2012" />
            <Test name="testSetFloatValues" result="pass" starttime="Fri Sep 21 11:24:33 CST 2012" endtime="Fri Sep 21 11:24:33 CST 2012" />
          </TestCase>
          <TestCase name="PropertyValuesHolderTest" priority="">
            <Test name="testClone" result="pass" starttime="Fri Sep 21 11:24:33 CST 2012" endtime="Fri Sep 21 11:24:34 CST 2012" />
            <Test name="testGetPropertyName" result="pass" starttime="Fri Sep 21 11:24:34 CST 2012" endtime="Fri Sep 21 11:24:34 CST 2012" />
            <Test name="testOfFloat_Property" result="pass" starttime="Fri Sep 21 11:24:34 CST 2012" endtime="Fri Sep 21 11:24:35 CST 2012" />
            <Test name="testOfInt" result="pass" starttime="Fri Sep 21 11:24:35 CST 2012" endtime="Fri Sep 21 11:24:37 CST 2012" />
            <Test name="testOfInt_Property" result="pass" starttime="Fri Sep 21 11:24:37 CST 2012" endtime="Fri Sep 21 11:24:38 CST 2012" />
            <Test name="testOffloat" result="pass" starttime="Fri Sep 21 11:24:38 CST 2012" endtime="Fri Sep 21 11:24:39 CST 2012" />
            <Test name="testSetProperty" result="pass" starttime="Fri Sep 21 11:24:39 CST 2012" endtime="Fri Sep 21 11:24:41 CST 2012" />
            <Test name="testSetPropertyName" result="pass" starttime="Fri Sep 21 11:24:41 CST 2012" endtime="Fri Sep 21 11:24:41 CST 2012" />
            <Test name="testSetValues" result="pass" starttime="Fri Sep 21 11:24:41 CST 2012" endtime="Fri Sep 21 11:24:42 CST 2012" />
          </TestCase>
          <TestCase name="ValueAnimatorTest" priority="">
            <Test name="testCancel" result="pass" starttime="Fri Sep 21 11:24:42 CST 2012" endtime="Fri Sep 21 11:24:43 CST 2012" />
            <Test name="testCurrentPlayTime" result="pass" starttime="Fri Sep 21 11:24:43 CST 2012" endtime="Fri Sep 21 11:24:43 CST 2012" />
            <Test name="testDuration" result="pass" starttime="Fri Sep 21 11:24:43 CST 2012" endtime="Fri Sep 21 11:24:44 CST 2012" />
            <Test name="testEnd" result="pass" starttime="Fri Sep 21 11:24:44 CST 2012" endtime="Fri Sep 21 11:24:44 CST 2012" />
            <Test name="testGetAnimatedFraction" result="pass" starttime="Fri Sep 21 11:24:44 CST 2012" endtime="Fri Sep 21 11:24:47 CST 2012" />
            <Test name="testGetAnimatedValue" result="pass" starttime="Fri Sep 21 11:24:47 CST 2012" endtime="Fri Sep 21 11:24:49 CST 2012" />
            <Test name="testGetAnimatedValue_PropertyName" result="pass" starttime="Fri Sep 21 11:24:49 CST 2012" endtime="Fri Sep 21 11:24:52 CST 2012" />
            <Test name="testGetFrameDelay" result="pass" starttime="Fri Sep 21 11:24:52 CST 2012" endtime="Fri Sep 21 11:24:52 CST 2012" />
            <Test name="testIsRunning" result="pass" starttime="Fri Sep 21 11:24:52 CST 2012" endtime="Fri Sep 21 11:24:52 CST 2012" />
            <Test name="testIsStarted" result="pass" starttime="Fri Sep 21 11:24:52 CST 2012" endtime="Fri Sep 21 11:24:53 CST 2012" />
            <Test name="testOfFloat" result="pass" starttime="Fri Sep 21 11:24:53 CST 2012" endtime="Fri Sep 21 11:24:53 CST 2012" />
            <Test name="testOfInt" result="pass" starttime="Fri Sep 21 11:24:53 CST 2012" endtime="Fri Sep 21 11:24:54 CST 2012" />
            <Test name="testRepeatCount" result="pass" starttime="Fri Sep 21 11:24:54 CST 2012" endtime="Fri Sep 21 11:24:54 CST 2012" />
            <Test name="testRepeatMode" result="pass" starttime="Fri Sep 21 11:24:54 CST 2012" endtime="Fri Sep 21 11:24:55 CST 2012" />
            <Test name="testSetInterpolator" result="pass" starttime="Fri Sep 21 11:24:55 CST 2012" endtime="Fri Sep 21 11:24:55 CST 2012" />
            <Test name="testStartDelay" result="pass" starttime="Fri Sep 21 11:24:55 CST 2012" endtime="Fri Sep 21 11:24:55 CST 2012" />
          </TestCase>
        </TestSuite>
      </TestSuite>
    </TestSuite>
  </TestPackage>
  <TestPackage name="CtsAppTestCases" appPackageName="android.app" digest="068c7a35153e9e062b9a8136914f55a9f7329266">
    <TestSuite name="android">
      <TestSuite name="app">
        <TestSuite name="backup">
          <TestSuite name="cts">
            <TestCase name="BackupAgentHelperTest" priority="">
              <Test name="testAndroidTestCaseSetupProperly" result="pass" starttime="Fri Sep 21 11:25:37 CST 2012" endtime="Fri Sep 21 11:25:38 CST 2012" />
              <Test name="testBackupAgentHelper" result="pass" starttime="Fri Sep 21 11:25:38 CST 2012" endtime="Fri Sep 21 11:25:38 CST 2012" />
            </TestCase>
            <TestCase name="BackupAgentTest" priority="">
              <Test name="testAndroidTestCaseSetupProperly" result="pass" starttime="Fri Sep 21 11:25:38 CST 2012" endtime="Fri Sep 21 11:25:38 CST 2012" />
              <Test name="testBackupAgent" result="pass" starttime="Fri Sep 21 11:25:38 CST 2012" endtime="Fri Sep 21 11:25:38 CST 2012" />
            </TestCase>
            <TestCase name="BackupManagerTest" priority="">
              <Test name="testAndroidTestCaseSetupProperly" result="pass" starttime="Fri Sep 21 11:25:38 CST 2012" endtime="Fri Sep 21 11:25:38 CST 2012" />
              <Test name="testBackupManager" result="pass" starttime="Fri Sep 21 11:25:38 CST 2012" endtime="Fri Sep 21 11:25:38 CST 2012" />
            </TestCase>
            <TestCase name="FileBackupHelperTest" priority="">
              <Test name="testAndroidTestCaseSetupProperly" result="pass" starttime="Fri Sep 21 11:25:38 CST 2012" endtime="Fri Sep 21 11:25:38 CST 2012" />
              <Test name="testConstructor" result="pass" starttime="Fri Sep 21 11:25:38 CST 2012" endtime="Fri Sep 21 11:25:38 CST 2012" />
            </TestCase>
            <TestCase name="SharedPreferencesBackupHelperTest" priority="">
              <Test name="testAndroidTestCaseSetupProperly" result="pass" starttime="Fri Sep 21 11:25:38 CST 2012" endtime="Fri Sep 21 11:25:38 CST 2012" />
              <Test name="testConstructor" result="pass" starttime="Fri Sep 21 11:25:38 CST 2012" endtime="Fri Sep 21 11:25:38 CST 2012" />
            </TestCase>
          </TestSuite>
        </TestSuite>
        <TestSuite name="cts">
          <TestCase name="ActionBarTest" priority="">
            <Test name="testAddTab" result="pass" starttime="Fri Sep 21 11:25:38 CST 2012" endtime="Fri Sep 21 11:25:40 CST 2012" />
          </TestCase>
          <TestCase name="ActivityGroupTest" priority="">
            <Test name="testAndroidTestCaseSetupProperly" result="pass" starttime="Fri Sep 21 11:25:40 CST 2012" endtime="Fri Sep 21 11:25:40 CST 2012" />
            <Test name="testTabBasic" result="pass" starttime="Fri Sep 21 11:25:40 CST 2012" endtime="Fri Sep 21 11:25:40 CST 2012" />
            <Test name="testTabDialog" result="pass" starttime="Fri Sep 21 11:25:40 CST 2012" endtime="Fri Sep 21 11:25:41 CST 2012" />
            <Test name="testTabScreen" result="pass" starttime="Fri Sep 21 11:25:41 CST 2012" endtime="Fri Sep 21 11:25:43 CST 2012" />
          </TestCase>
          <TestCase name="ActivityManagerMemoryClassTest" priority="">
            <Test name="testGetMemoryClass" result="pass" starttime="Fri Sep 21 11:25:43 CST 2012" endtime="Fri Sep 21 11:25:48 CST 2012" />
          </TestCase>
          <TestCase name="ActivityManagerMemoryInfoTest" priority="">
            <Test name="testAndroidTestCaseSetupProperly" result="pass" starttime="Fri Sep 21 11:25:48 CST 2012" endtime="Fri Sep 21 11:25:48 CST 2012" />
            <Test name="testDescribeContents" result="pass" starttime="Fri Sep 21 11:25:48 CST 2012" endtime="Fri Sep 21 11:25:48 CST 2012" />
            <Test name="testReadFromParcel" result="pass" starttime="Fri Sep 21 11:25:48 CST 2012" endtime="Fri Sep 21 11:25:48 CST 2012" />
            <Test name="testWriteToParcel" result="pass" starttime="Fri Sep 21 11:25:48 CST 2012" endtime="Fri Sep 21 11:25:48 CST 2012" />
          </TestCase>
          <TestCase name="ActivityManagerProcessErrorStateInfoTest" priority="">
            <Test name="testAndroidTestCaseSetupProperly" result="pass" starttime="Fri Sep 21 11:25:48 CST 2012" endtime="Fri Sep 21 11:25:48 CST 2012" />
            <Test name="testConstructor" result="pass" starttime="Fri Sep 21 11:25:48 CST 2012" endtime="Fri Sep 21 11:25:48 CST 2012" />
            <Test name="testDescribeContents" result="pass" starttime="Fri Sep 21 11:25:48 CST 2012" endtime="Fri Sep 21 11:25:48 CST 2012" />
            <Test name="testReadFromParcel" result="pass" starttime="Fri Sep 21 11:25:48 CST 2012" endtime="Fri Sep 21 11:25:49 CST 2012" />
            <Test name="testWriteToParcel" result="pass" starttime="Fri Sep 21 11:25:49 CST 2012" endtime="Fri Sep 21 11:25:49 CST 2012" />
          </TestCase>
          <TestCase name="ActivityManagerRecentTaskInfoTest" priority="">
            <Test name="testAndroidTestCaseSetupProperly" result="pass" starttime="Fri Sep 21 11:25:49 CST 2012" endtime="Fri Sep 21 11:25:49 CST 2012" />
            <Test name="testConstructor" result="pass" starttime="Fri Sep 21 11:25:49 CST 2012" endtime="Fri Sep 21 11:25:49 CST 2012" />
            <Test name="testDescribeContents" result="pass" starttime="Fri Sep 21 11:25:49 CST 2012" endtime="Fri Sep 21 11:25:49 CST 2012" />
            <Test name="testReadFromParcel" result="pass" starttime="Fri Sep 21 11:25:49 CST 2012" endtime="Fri Sep 21 11:25:49 CST 2012" />
            <Test name="testWriteToParcel" result="pass" starttime="Fri Sep 21 11:25:49 CST 2012" endtime="Fri Sep 21 11:25:49 CST 2012" />
          </TestCase>
          <TestCase name="ActivityManagerRunningTaskInfoTest" priority="">
            <Test name="testAndroidTestCaseSetupProperly" result="pass" starttime="Fri Sep 21 11:25:49 CST 2012" endtime="Fri Sep 21 11:25:49 CST 2012" />
            <Test name="testConstructor" result="pass" starttime="Fri Sep 21 11:25:49 CST 2012" endtime="Fri Sep 21 11:25:49 CST 2012" />
            <Test name="testDescribeContents" result="pass" starttime="Fri Sep 21 11:25:49 CST 2012" endtime="Fri Sep 21 11:25:49 CST 2012" />
            <Test name="testReadFromParcel" result="pass" starttime="Fri Sep 21 11:25:49 CST 2012" endtime="Fri Sep 21 11:25:50 CST 2012" />
            <Test name="testWriteToParcel" result="pass" starttime="Fri Sep 21 11:25:50 CST 2012" endtime="Fri Sep 21 11:25:50 CST 2012" />
          </TestCase>
          <TestCase name="ActivityManagerTest" priority="">
            <Test name="testGetDeviceConfigurationInfo" result="pass" starttime="Fri Sep 21 11:25:50 CST 2012" endtime="Fri Sep 21 11:25:50 CST 2012" />
            <Test name="testGetMemoryInfo" result="pass" starttime="Fri Sep 21 11:25:50 CST 2012" endtime="Fri Sep 21 11:25:50 CST 2012" />
            <Test name="testGetProcessInErrorState" result="pass" starttime="Fri Sep 21 11:25:50 CST 2012" endtime="Fri Sep 21 11:25:50 CST 2012" />
            <Test name="testGetRecentTasks" result="pass" starttime="Fri Sep 21 11:25:50 CST 2012" endtime="Fri Sep 21 11:25:54 CST 2012" />
            <Test name="testGetRunningAppProcesses" result="pass" starttime="Fri Sep 21 11:25:54 CST 2012" endtime="Fri Sep 21 11:26:00 CST 2012" />
            <Test name="testGetRunningServices" result="pass" starttime="Fri Sep 21 11:26:00 CST 2012" endtime="Fri Sep 21 11:26:04 CST 2012" />
            <Test name="testGetRunningTasks" result="pass" starttime="Fri Sep 21 11:26:04 CST 2012" endtime="Fri Sep 21 11:26:04 CST 2012" />
            <Test name="testIsRunningInTestHarness" result="pass" starttime="Fri Sep 21 11:26:04 CST 2012" endtime="Fri Sep 21 11:26:04 CST 2012" />
            <Test name="testIsUserAMonkey" result="pass" starttime="Fri Sep 21 11:26:04 CST 2012" endtime="Fri Sep 21 11:26:04 CST 2012" />
            <Test name="testRestartPackage" result="pass" starttime="Fri Sep 21 11:26:04 CST 2012" endtime="Fri Sep 21 11:26:04 CST 2012" />
          </TestCase>
          <TestCase name="ActivityManager_RunningAppProcessInfoTest" priority="">
            <Test name="testAndroidTestCaseSetupProperly" result="pass" starttime="Fri Sep 21 11:26:04 CST 2012" endtime="Fri Sep 21 11:26:05 CST 2012" />
            <Test name="testRunningAppProcessInfo" result="pass" starttime="Fri Sep 21 11:26:05 CST 2012" endtime="Fri Sep 21 11:26:05 CST 2012" />
          </TestCase>
          <TestCase name="ActivityManager_RunningServiceInfoTest" priority="">
            <Test name="testAndroidTestCaseSetupProperly" result="pass" starttime="Fri Sep 21 11:26:05 CST 2012" endtime="Fri Sep 21 11:26:05 CST 2012" />
            <Test name="testConstructor" result="pass" starttime="Fri Sep 21 11:26:05 CST 2012" endtime="Fri Sep 21 11:26:05 CST 2012" />
            <Test name="testDescribeContents" result="pass" starttime="Fri Sep 21 11:26:05 CST 2012" endtime="Fri Sep 21 11:26:05 CST 2012" />
            <Test name="testReadFromParcel" result="pass" starttime="Fri Sep 21 11:26:05 CST 2012" endtime="Fri Sep 21 11:26:05 CST 2012" />
            <Test name="testWriteToParcel" result="pass" starttime="Fri Sep 21 11:26:05 CST 2012" endtime="Fri Sep 21 11:26:05 CST 2012" />
          </TestCase>
          <TestCase name="AlarmManagerTest" priority="">
            <Test name="testAlarmTriggersImmediatelyIfSetTimeIsNegative" result="pass" starttime="Fri Sep 21 11:26:05 CST 2012" endtime="Fri Sep 21 11:26:05 CST 2012" />
            <Test name="testAndroidTestCaseSetupProperly" result="pass" starttime="Fri Sep 21 11:26:05 CST 2012" endtime="Fri Sep 21 11:26:05 CST 2012" />
            <Test name="testCancel" result="pass" starttime="Fri Sep 21 11:26:05 CST 2012" endtime="Fri Sep 21 11:26:42 CST 2012" />
            <Test name="testSetInexactRepeating" result="pass" starttime="Fri Sep 21 11:26:42 CST 2012" endtime="Fri Sep 21 11:26:42 CST 2012" />
            <Test name="testSetRepeating" result="pass" starttime="Fri Sep 21 11:26:42 CST 2012" endtime="Fri Sep 21 11:26:49 CST 2012" />
            <Test name="testSetTypes" result="pass" starttime="Fri Sep 21 11:26:49 CST 2012" endtime="Fri Sep 21 11:27:10 CST 2012" />
          </TestCase>
          <TestCase name="AlertDialogTest" priority="">
            <Test name="testAlertDialog" result="pass" starttime="Fri Sep 21 11:27:10 CST 2012" endtime="Fri Sep 21 11:27:10 CST 2012" />
            <Test name="testAlertDialogCancelable" result="pass" starttime="Fri Sep 21 11:27:10 CST 2012" endtime="Fri Sep 21 11:27:10 CST 2012" />
            <Test name="testAlertDialogDeprecatedAPI" result="pass" starttime="Fri Sep 21 11:27:10 CST 2012" endtime="Fri Sep 21 11:27:11 CST 2012" />
            <Test name="testAlertDialogDeprecatedAPIWithMessage" result="pass" starttime="Fri Sep 21 11:27:11 CST 2012" endtime="Fri Sep 21 11:27:11 CST 2012" />
            <Test name="testAlertDialogNotCancelable" result="pass" starttime="Fri Sep 21 11:27:11 CST 2012" endtime="Fri Sep 21 11:27:12 CST 2012" />
            <Test name="testAlertDialogTheme" result="pass" starttime="Fri Sep 21 11:27:12 CST 2012" endtime="Fri Sep 21 11:27:12 CST 2012" />
            <Test name="testCallback" result="pass" starttime="Fri Sep 21 11:27:12 CST 2012" endtime="Fri Sep 21 11:27:13 CST 2012" />
            <Test name="testCustomAlertDialog" result="pass" starttime="Fri Sep 21 11:27:13 CST 2012" endtime="Fri Sep 21 11:27:14 CST 2012" />
            <Test name="testCustomAlertDialogView" result="pass" starttime="Fri Sep 21 11:27:14 CST 2012" endtime="Fri Sep 21 11:27:14 CST 2012" />
          </TestCase>
          <TestCase name="AlertDialog_BuilderTest" priority="">
            <Test name="testConstructor" result="pass" starttime="Fri Sep 21 11:27:14 CST 2012" endtime="Fri Sep 21 11:27:15 CST 2012" />
            <Test name="testCreate" result="pass" starttime="Fri Sep 21 11:27:15 CST 2012" endtime="Fri Sep 21 11:27:15 CST 2012" />
            <Test name="testDisableCancelable" result="pass" starttime="Fri Sep 21 11:27:15 CST 2012" endtime="Fri Sep 21 11:27:16 CST 2012" />
            <Test name="testSetAdapter" result="pass" starttime="Fri Sep 21 11:27:16 CST 2012" endtime="Fri Sep 21 11:27:16 CST 2012" />
            <Test name="testSetCancelable" result="pass" starttime="Fri Sep 21 11:27:16 CST 2012" endtime="Fri Sep 21 11:27:17 CST 2012" />
            <Test name="testSetCursor" result="pass" starttime="Fri Sep 21 11:27:17 CST 2012" endtime="Fri Sep 21 11:27:18 CST 2012" />
            <Test name="testSetIconWithParamDrawable" result="pass" starttime="Fri Sep 21 11:27:18 CST 2012" endtime="Fri Sep 21 11:27:18 CST 2012" />
            <Test name="testSetIconWithParamInt" result="pass" starttime="Fri Sep 21 11:27:18 CST 2012" endtime="Fri Sep 21 11:27:19 CST 2012" />
            <Test name="testSetInverseBackgroundForced" result="pass" starttime="Fri Sep 21 11:27:19 CST 2012" endtime="Fri Sep 21 11:27:19 CST 2012" />
            <Test name="testSetItemsWithParamCharSequence" result="pass" starttime="Fri Sep 21 11:27:19 CST 2012" endtime="Fri Sep 21 11:27:20 CST 2012" />
            <Test name="testSetItemsWithParamInt" result="pass" starttime="Fri Sep 21 11:27:20 CST 2012" endtime="Fri Sep 21 11:27:20 CST 2012" />
            <Test name="testSetMultiChoiceItemsWithParamCharSequence" result="pass" starttime="Fri Sep 21 11:27:20 CST 2012" endtime="Fri Sep 21 11:27:21 CST 2012" />
            <Test name="testSetMultiChoiceItemsWithParamCursor" result="pass" starttime="Fri Sep 21 11:27:21 CST 2012" endtime="Fri Sep 21 11:27:22 CST 2012" />
            <Test name="testSetMultiChoiceItemsWithParamInt" result="pass" starttime="Fri Sep 21 11:27:22 CST 2012" endtime="Fri Sep 21 11:27:22 CST 2012" />
            <Test name="testSetNegativeButtonWithParamCharSequence" result="pass" starttime="Fri Sep 21 11:27:22 CST 2012" endtime="Fri Sep 21 11:27:22 CST 2012" />
            <Test name="testSetNegativeButtonWithParamInt" result="pass" starttime="Fri Sep 21 11:27:22 CST 2012" endtime="Fri Sep 21 11:27:23 CST 2012" />
            <Test name="testSetNeutralButtonWithParamCharSequence" result="pass" starttime="Fri Sep 21 11:27:23 CST 2012" endtime="Fri Sep 21 11:27:23 CST 2012" />
            <Test name="testSetNeutralButtonWithParamInt" result="pass" starttime="Fri Sep 21 11:27:23 CST 2012" endtime="Fri Sep 21 11:27:24 CST 2012" />
            <Test name="testSetOnCancelListener" result="pass" starttime="Fri Sep 21 11:27:24 CST 2012" endtime="Fri Sep 21 11:27:24 CST 2012" />
            <Test name="testSetOnItemSelectedListener" result="pass" starttime="Fri Sep 21 11:27:24 CST 2012" endtime="Fri Sep 21 11:27:25 CST 2012" />
            <Test name="testSetOnKeyListener" result="pass" starttime="Fri Sep 21 11:27:25 CST 2012" endtime="Fri Sep 21 11:27:25 CST 2012" />
            <Test name="testSetPositiveButtonWithParamCharSequence" result="pass" starttime="Fri Sep 21 11:27:25 CST 2012" endtime="Fri Sep 21 11:27:26 CST 2012" />
            <Test name="testSetPositiveButtonWithParamInt" result="pass" starttime="Fri Sep 21 11:27:26 CST 2012" endtime="Fri Sep 21 11:27:26 CST 2012" />
            <Test name="testSetSingleChoiceItems" result="pass" starttime="Fri Sep 21 11:27:26 CST 2012" endtime="Fri Sep 21 11:27:27 CST 2012" />
            <Test name="testSetSingleChoiceItemsWithParamCharSequence" result="pass" starttime="Fri Sep 21 11:27:27 CST 2012" endtime="Fri Sep 21 11:27:27 CST 2012" />
            <Test name="testSetSingleChoiceItemsWithParamCursor" result="pass" starttime="Fri Sep 21 11:27:27 CST 2012" endtime="Fri Sep 21 11:27:28 CST 2012" />
            <Test name="testSetSingleChoiceItemsWithParamInt" result="pass" starttime="Fri Sep 21 11:27:28 CST 2012" endtime="Fri Sep 21 11:27:28 CST 2012" />
            <Test name="testSetView" result="pass" starttime="Fri Sep 21 11:27:28 CST 2012" endtime="Fri Sep 21 11:27:29 CST 2012" />
            <Test name="testSetViewCustom" result="pass" starttime="Fri Sep 21 11:27:29 CST 2012" endtime="Fri Sep 21 11:27:29 CST 2012" />
            <Test name="testShow" result="pass" starttime="Fri Sep 21 11:27:29 CST 2012" endtime="Fri Sep 21 11:27:30 CST 2012" />
          </TestCase>
          <TestCase name="AliasActivityTest" priority="">
            <Test name="testAliasActivity" result="pass" starttime="Fri Sep 21 11:27:30 CST 2012" endtime="Fri Sep 21 11:27:31 CST 2012" />
            <Test name="testAndroidTestCaseSetupProperly" result="pass" starttime="Fri Sep 21 11:27:31 CST 2012" endtime="Fri Sep 21 11:27:31 CST 2012" />
          </TestCase>
          <TestCase name="ApplicationTest" priority="">
            <Test name="testApplication" result="pass" starttime="Fri Sep 21 11:27:31 CST 2012" endtime="Fri Sep 21 11:27:32 CST 2012" />
          </TestCase>
          <TestCase name="DialogTest" priority="">
            <Test name="testAccessOwnerActivity" result="pass" starttime="Fri Sep 21 11:27:32 CST 2012" endtime="Fri Sep 21 11:27:32 CST 2012" />
            <Test name="testCancel_listener" result="pass" starttime="Fri Sep 21 11:27:32 CST 2012" endtime="Fri Sep 21 11:27:32 CST 2012" />
            <Test name="testCancel_noListener" result="pass" starttime="Fri Sep 21 11:27:32 CST 2012" endtime="Fri Sep 21 11:27:33 CST 2012" />
            <Test name="testConstructor" result="pass" starttime="Fri Sep 21 11:27:33 CST 2012" endtime="Fri Sep 21 11:27:33 CST 2012" />
            <Test name="testConstructor_protectedCancellable" result="pass" starttime="Fri Sep 21 11:27:33 CST 2012" endtime="Fri Sep 21 11:27:33 CST 2012" />
            <Test name="testConstructor_protectedNotCancellable" result="pass" starttime="Fri Sep 21 11:27:33 CST 2012" endtime="Fri Sep 21 11:27:33 CST 2012" />
            <Test name="testContextMenu" result="pass" starttime="Fri Sep 21 11:27:33 CST 2012" endtime="Fri Sep 21 11:27:34 CST 2012" />
            <Test name="testDispatchKeyEvent" result="pass" starttime="Fri Sep 21 11:27:34 CST 2012" endtime="Fri Sep 21 11:27:35 CST 2012" />
            <Test name="testGetCurrentFocus" result="pass" starttime="Fri Sep 21 11:27:35 CST 2012" endtime="Fri Sep 21 11:27:35 CST 2012" />
            <Test name="testGetLayoutInflater" result="pass" starttime="Fri Sep 21 11:27:35 CST 2012" endtime="Fri Sep 21 11:27:35 CST 2012" />
            <Test name="testOnContentChanged" result="pass" starttime="Fri Sep 21 11:27:35 CST 2012" endtime="Fri Sep 21 11:27:36 CST 2012" />
            <Test name="testOnKeyDownKeyUp" result="pass" starttime="Fri Sep 21 11:27:36 CST 2012" endtime="Fri Sep 21 11:27:36 CST 2012" />
            <Test name="testOnKeyMultiple" result="pass" starttime="Fri Sep 21 11:27:36 CST 2012" endtime="Fri Sep 21 11:27:37 CST 2012" />
            <Test name="testOnSaveInstanceState" result="pass" starttime="Fri Sep 21 11:27:37 CST 2012" endtime="Fri Sep 21 11:27:37 CST 2012" />
            <Test name="testOnSearchRequested" result="pass" starttime="Fri Sep 21 11:27:37 CST 2012" endtime="Fri Sep 21 11:27:37 CST 2012" />
            <Test name="testOnStartCreateStop" result="pass" starttime="Fri Sep 21 11:27:37 CST 2012" endtime="Fri Sep 21 11:27:38 CST 2012" />
            <Test name="testOnWindowAttributesChanged" result="pass" starttime="Fri Sep 21 11:27:38 CST 2012" endtime="Fri Sep 21 11:27:38 CST 2012" />
            <Test name="testOnWindowFocusChanged" result="pass" starttime="Fri Sep 21 11:27:38 CST 2012" endtime="Fri Sep 21 11:27:38 CST 2012" />
            <Test name="testRequestWindowFeature" result="pass" starttime="Fri Sep 21 11:27:38 CST 2012" endtime="Fri Sep 21 11:27:39 CST 2012" />
            <Test name="testSetCancelMessage" result="pass" starttime="Fri Sep 21 11:27:39 CST 2012" endtime="Fri Sep 21 11:27:39 CST 2012" />
            <Test name="testSetCancelable_true" result="pass" starttime="Fri Sep 21 11:27:39 CST 2012" endtime="Fri Sep 21 11:27:39 CST 2012" />
            <Test name="testSetCancellable_false" result="pass" starttime="Fri Sep 21 11:27:39 CST 2012" endtime="Fri Sep 21 11:27:40 CST 2012" />
            <Test name="testSetContentView" result="pass" starttime="Fri Sep 21 11:27:40 CST 2012" endtime="Fri Sep 21 11:27:40 CST 2012" />
            <Test name="testSetDismissMessage" result="pass" starttime="Fri Sep 21 11:27:40 CST 2012" endtime="Fri Sep 21 11:27:40 CST 2012" />
            <Test name="testSetFeatureDrawable" result="pass" starttime="Fri Sep 21 11:27:40 CST 2012" endtime="Fri Sep 21 11:27:41 CST 2012" />
            <Test name="testSetFeatureDrawableAlpha" result="pass" starttime="Fri Sep 21 11:27:41 CST 2012" endtime="Fri Sep 21 11:27:41 CST 2012" />
            <Test name="testSetFeatureDrawableResource" result="pass" starttime="Fri Sep 21 11:27:41 CST 2012" endtime="Fri Sep 21 11:27:41 CST 2012" />
            <Test name="testSetFeatureDrawableUri" result="pass" starttime="Fri Sep 21 11:27:41 CST 2012" endtime="Fri Sep 21 11:27:42 CST 2012" />
            <Test name="testSetOnDismissListener_listener" result="pass" starttime="Fri Sep 21 11:27:42 CST 2012" endtime="Fri Sep 21 11:27:42 CST 2012" />
            <Test name="testSetOnDismissListener_noListener" result="pass" starttime="Fri Sep 21 11:27:42 CST 2012" endtime="Fri Sep 21 11:27:42 CST 2012" />
            <Test name="testSetTitle" result="pass" starttime="Fri Sep 21 11:27:42 CST 2012" endtime="Fri Sep 21 11:27:43 CST 2012" />
            <Test name="testShow" result="pass" starttime="Fri Sep 21 11:27:43 CST 2012" endtime="Fri Sep 21 11:27:43 CST 2012" />
            <Test name="testTakeKeyEvents" result="pass" starttime="Fri Sep 21 11:27:43 CST 2012" endtime="Fri Sep 21 11:27:43 CST 2012" />
            <Test name="testTouchEvent" result="pass" starttime="Fri Sep 21 11:27:43 CST 2012" endtime="Fri Sep 21 11:27:44 CST 2012" />
            <Test name="testTrackballEvent" result="pass" starttime="Fri Sep 21 11:27:44 CST 2012" endtime="Fri Sep 21 11:27:44 CST 2012" />
          </TestCase>
          <TestCase name="DownloadManagerTest" priority="">
            <Test name="testAndroidTestCaseSetupProperly" result="pass" starttime="Fri Sep 21 11:27:44 CST 2012" endtime="Fri Sep 21 11:27:44 CST 2012" />
            <Test name="testDownloadManager" result="pass" starttime="Fri Sep 21 11:27:44 CST 2012" endtime="Fri Sep 21 11:27:44 CST 2012" />
            <Test name="testDownloadManagerDestination" result="pass" starttime="Fri Sep 21 11:27:44 CST 2012" endtime="Fri Sep 21 11:27:45 CST 2012" />
            <Test name="testDownloadManagerDestinationExtension" result="pass" starttime="Fri Sep 21 11:27:45 CST 2012" endtime="Fri Sep 21 11:27:46 CST 2012" />
            <Test name="testMinimumDownload" result="pass" starttime="Fri Sep 21 11:27:46 CST 2012" endtime="Fri Sep 21 11:27:56 CST 2012" />
          </TestCase>
          <TestCase name="ExpandableListActivityTest" priority="">
            <Test name="testAndroidTestCaseSetupProperly" result="pass" starttime="Fri Sep 21 11:27:56 CST 2012" endtime="Fri Sep 21 11:27:56 CST 2012" />
            <Test name="testCallback" result="pass" starttime="Fri Sep 21 11:27:56 CST 2012" endtime="Fri Sep 21 11:27:57 CST 2012" />
            <Test name="testSelect" result="pass" starttime="Fri Sep 21 11:27:57 CST 2012" endtime="Fri Sep 21 11:27:58 CST 2012" />
            <Test name="testView" result="pass" starttime="Fri Sep 21 11:27:58 CST 2012" endtime="Fri Sep 21 11:27:58 CST 2012" />
          </TestCase>
          <TestCase name="InstrumentationTest" priority="">
            <Test name="testAllocCounting" result="pass" starttime="Fri Sep 21 11:27:58 CST 2012" endtime="Fri Sep 21 11:27:58 CST 2012" />
            <Test name="testCallActivityOnCreate" result="pass" starttime="Fri Sep 21 11:27:58 CST 2012" endtime="Fri Sep 21 11:27:58 CST 2012" />
            <Test name="testCallActivityOnNewIntent" result="pass" starttime="Fri Sep 21 11:27:58 CST 2012" endtime="Fri Sep 21 11:27:59 CST 2012" />
            <Test name="testCallActivityOnPause" result="pass" starttime="Fri Sep 21 11:27:59 CST 2012" endtime="Fri Sep 21 11:27:59 CST 2012" />
            <Test name="testCallActivityOnPostCreate" result="pass" starttime="Fri Sep 21 11:27:59 CST 2012" endtime="Fri Sep 21 11:27:59 CST 2012" />
            <Test name="testCallActivityOnRestart" result="pass" starttime="Fri Sep 21 11:27:59 CST 2012" endtime="Fri Sep 21 11:27:59 CST 2012" />
            <Test name="testCallActivityOnRestoreInstanceState" result="pass" starttime="Fri Sep 21 11:27:59 CST 2012" endtime="Fri Sep 21 11:28:00 CST 2012" />
            <Test name="testCallActivityOnResume" result="pass" starttime="Fri Sep 21 11:28:00 CST 2012" endtime="Fri Sep 21 11:28:00 CST 2012" />
            <Test name="testCallActivityOnSaveInstanceState" result="pass" starttime="Fri Sep 21 11:28:00 CST 2012" endtime="Fri Sep 21 11:28:00 CST 2012" />
            <Test name="testCallActivityOnStart" result="pass" starttime="Fri Sep 21 11:28:00 CST 2012" endtime="Fri Sep 21 11:28:00 CST 2012" />
            <Test name="testCallActivityOnStop" result="pass" starttime="Fri Sep 21 11:28:00 CST 2012" endtime="Fri Sep 21 11:28:01 CST 2012" />
            <Test name="testCallActivityOnUserLeaving" result="pass" starttime="Fri Sep 21 11:28:01 CST 2012" endtime="Fri Sep 21 11:28:01 CST 2012" />
            <Test name="testCallApplicationOnCreate" result="pass" starttime="Fri Sep 21 11:28:01 CST 2012" endtime="Fri Sep 21 11:28:01 CST 2012" />
            <Test name="testConstructor" result="pass" starttime="Fri Sep 21 11:28:01 CST 2012" endtime="Fri Sep 21 11:28:01 CST 2012" />
            <Test name="testContext" result="pass" starttime="Fri Sep 21 11:28:01 CST 2012" endtime="Fri Sep 21 11:28:01 CST 2012" />
            <Test name="testGetComponentName" result="pass" starttime="Fri Sep 21 11:28:01 CST 2012" endtime="Fri Sep 21 11:28:02 CST 2012" />
            <Test name="testInvokeContextMenuAction" result="pass" starttime="Fri Sep 21 11:28:02 CST 2012" endtime="Fri Sep 21 11:28:02 CST 2012" />
            <Test name="testInvokeMenuActionSync" result="pass" starttime="Fri Sep 21 11:28:02 CST 2012" endtime="Fri Sep 21 11:28:03 CST 2012" />
            <Test name="testMisc" result="pass" starttime="Fri Sep 21 11:28:03 CST 2012" endtime="Fri Sep 21 11:28:03 CST 2012" />
            <Test name="testMonitor" result="pass" starttime="Fri Sep 21 11:28:03 CST 2012" endtime="Fri Sep 21 11:28:05 CST 2012" />
            <Test name="testNewActivity" result="pass" starttime="Fri Sep 21 11:28:05 CST 2012" endtime="Fri Sep 21 11:28:05 CST 2012" />
            <Test name="testNewApplication" result="pass" starttime="Fri Sep 21 11:28:05 CST 2012" endtime="Fri Sep 21 11:28:05 CST 2012" />
            <Test name="testPerformanceSnapshot" result="pass" starttime="Fri Sep 21 11:28:05 CST 2012" endtime="Fri Sep 21 11:28:06 CST 2012" />
            <Test name="testProfiling" result="pass" starttime="Fri Sep 21 11:28:06 CST 2012" endtime="Fri Sep 21 11:28:06 CST 2012" />
            <Test name="testRunOnMainSync" result="pass" starttime="Fri Sep 21 11:28:06 CST 2012" endtime="Fri Sep 21 11:28:06 CST 2012" />
            <Test name="testSendCharacterSync" result="pass" starttime="Fri Sep 21 11:28:06 CST 2012" endtime="Fri Sep 21 11:28:06 CST 2012" />
            <Test name="testSendKeyDownUpSync" result="pass" starttime="Fri Sep 21 11:28:06 CST 2012" endtime="Fri Sep 21 11:28:07 CST 2012" />
            <Test name="testSendKeySync" result="pass" starttime="Fri Sep 21 11:28:07 CST 2012" endtime="Fri Sep 21 11:28:07 CST 2012" />
            <Test name="testSendPointerSync" result="pass" starttime="Fri Sep 21 11:28:07 CST 2012" endtime="Fri Sep 21 11:28:07 CST 2012" />
            <Test name="testSendStringSync" result="pass" starttime="Fri Sep 21 11:28:07 CST 2012" endtime="Fri Sep 21 11:28:07 CST 2012" />
            <Test name="testSendTrackballEventSync" result="pass" starttime="Fri Sep 21 11:28:07 CST 2012" endtime="Fri Sep 21 11:28:08 CST 2012" />
            <Test name="testWaitForIdle" result="pass" starttime="Fri Sep 21 11:28:08 CST 2012" endtime="Fri Sep 21 11:28:09 CST 2012" />
          </TestCase>
          <TestCase name="Instrumentation_ActivityMonitorTest" priority="">
            <Test name="testActivityMonitor" result="pass" starttime="Fri Sep 21 11:28:09 CST 2012" endtime="Fri Sep 21 11:28:09 CST 2012" />
          </TestCase>
          <TestCase name="Instrumentation_ActivityResultTest" priority="">
            <Test name="testActivityResultOp" result="pass" starttime="Fri Sep 21 11:28:09 CST 2012" endtime="Fri Sep 21 11:28:10 CST 2012" />
            <Test name="testAndroidTestCaseSetupProperly" result="pass" starttime="Fri Sep 21 11:28:10 CST 2012" endtime="Fri Sep 21 11:28:10 CST 2012" />
          </TestCase>
          <TestCase name="IntentServiceTest" priority="">
            <Test name="testAndroidTestCaseSetupProperly" result="pass" starttime="Fri Sep 21 11:28:10 CST 2012" endtime="Fri Sep 21 11:28:10 CST 2012" />
            <Test name="testIntentServiceLifeCycle" result="pass" starttime="Fri Sep 21 11:28:10 CST 2012" endtime="Fri Sep 21 11:28:10 CST 2012" />
            <Test name="testIntents" result="pass" starttime="Fri Sep 21 11:28:10 CST 2012" endtime="Fri Sep 21 11:28:10 CST 2012" />
          </TestCase>
          <TestCase name="KeyguardManagerKeyguardLockTest" priority="">
            <Test name="testDisableKeyguard" result="pass" starttime="Fri Sep 21 11:28:10 CST 2012" endtime="Fri Sep 21 11:28:10 CST 2012" />
            <Test name="testReenableKeyguard" result="pass" starttime="Fri Sep 21 11:28:10 CST 2012" endtime="Fri Sep 21 11:28:10 CST 2012" />
          </TestCase>
          <TestCase name="KeyguardManagerTest" priority="">
            <Test name="testExitKeyguardSecurely" result="pass" starttime="Fri Sep 21 11:28:10 CST 2012" endtime="Fri Sep 21 11:28:10 CST 2012" />
            <Test name="testInKeyguardRestrictedInputMode" result="pass" starttime="Fri Sep 21 11:28:10 CST 2012" endtime="Fri Sep 21 11:28:10 CST 2012" />
            <Test name="testNewKeyguardLock" result="pass" starttime="Fri Sep 21 11:28:10 CST 2012" endtime="Fri Sep 21 11:28:10 CST 2012" />
          </TestCase>
          <TestCase name="LaunchTest" priority="">
            <Test name="testAndroidTestCaseSetupProperly" result="pass" starttime="Fri Sep 21 11:28:10 CST 2012" endtime="Fri Sep 21 11:28:11 CST 2012" />
            <Test name="testClearTopInCreate" result="pass" starttime="Fri Sep 21 11:28:11 CST 2012" endtime="Fri Sep 21 11:28:11 CST 2012" />
            <Test name="testClearTopWhilResumed" result="pass" starttime="Fri Sep 21 11:28:11 CST 2012" endtime="Fri Sep 21 11:28:12 CST 2012" />
            <Test name="testColdActivity" result="pass" starttime="Fri Sep 21 11:28:12 CST 2012" endtime="Fri Sep 21 11:28:12 CST 2012" />
            <Test name="testColdScreen" result="pass" starttime="Fri Sep 21 11:28:12 CST 2012" endtime="Fri Sep 21 11:28:13 CST 2012" />
            <Test name="testForwardResult" result="pass" starttime="Fri Sep 21 11:28:13 CST 2012" endtime="Fri Sep 21 11:28:13 CST 2012" />
            <Test name="testLocalActivity" result="pass" starttime="Fri Sep 21 11:28:13 CST 2012" endtime="Fri Sep 21 11:28:13 CST 2012" />
            <Test name="testLocalScreen" result="pass" starttime="Fri Sep 21 11:28:13 CST 2012" endtime="Fri Sep 21 11:28:13 CST 2012" />
          </TestCase>
          <TestCase name="LauncherActivityTest" priority="">
            <Test name="testLaunchActivity" result="pass" starttime="Fri Sep 21 11:28:13 CST 2012" endtime="Fri Sep 21 11:28:14 CST 2012" />
          </TestCase>
          <TestCase name="LauncherActivity_IconResizerTest" priority="">
            <Test name="testIconResizer" result="pass" starttime="Fri Sep 21 11:28:14 CST 2012" endtime="Fri Sep 21 11:28:14 CST 2012" />
          </TestCase>
          <TestCase name="LauncherActivity_ListItemTest" priority="">
            <Test name="testAndroidTestCaseSetupProperly" result="pass" starttime="Fri Sep 21 11:28:14 CST 2012" endtime="Fri Sep 21 11:28:14 CST 2012" />
            <Test name="testConstructor" result="pass" starttime="Fri Sep 21 11:28:14 CST 2012" endtime="Fri Sep 21 11:28:14 CST 2012" />
          </TestCase>
          <TestCase name="LifecycleTest" priority="">
            <Test name="testAndroidTestCaseSetupProperly" result="pass" starttime="Fri Sep 21 11:28:14 CST 2012" endtime="Fri Sep 21 11:28:14 CST 2012" />
            <Test name="testBasic" result="pass" starttime="Fri Sep 21 11:28:14 CST 2012" endtime="Fri Sep 21 11:28:14 CST 2012" />
            <Test name="testDialog" result="pass" starttime="Fri Sep 21 11:28:14 CST 2012" endtime="Fri Sep 21 11:28:16 CST 2012" />
            <Test name="testScreen" result="pass" starttime="Fri Sep 21 11:28:16 CST 2012" endtime="Fri Sep 21 11:28:17 CST 2012" />
            <Test name="testTabBasic" result="pass" starttime="Fri Sep 21 11:28:17 CST 2012" endtime="Fri Sep 21 11:28:17 CST 2012" />
            <Test name="testTabDialog" result="pass" starttime="Fri Sep 21 11:28:17 CST 2012" endtime="Fri Sep 21 11:28:18 CST 2012" />
            <Test name="testTabScreen" result="pass" starttime="Fri Sep 21 11:28:18 CST 2012" endtime="Fri Sep 21 11:28:20 CST 2012" />
          </TestCase>
          <TestCase name="LocalActivityManagerTest" priority="">
            <Test name="testConstructor" result="pass" starttime="Fri Sep 21 11:28:20 CST 2012" endtime="Fri Sep 21 11:28:20 CST 2012" />
            <Test name="testDispatchCreate" result="pass" starttime="Fri Sep 21 11:28:20 CST 2012" endtime="Fri Sep 21 11:28:20 CST 2012" />
            <Test name="testDispatchDestroy" result="pass" starttime="Fri Sep 21 11:28:20 CST 2012" endtime="Fri Sep 21 11:28:20 CST 2012" />
            <Test name="testDispatchPauseFalse" result="pass" starttime="Fri Sep 21 11:28:20 CST 2012" endtime="Fri Sep 21 11:28:20 CST 2012" />
            <Test name="testDispatchPauseTrue" result="pass" starttime="Fri Sep 21 11:28:20 CST 2012" endtime="Fri Sep 21 11:28:20 CST 2012" />
            <Test name="testDispatchResume" result="pass" starttime="Fri Sep 21 11:28:20 CST 2012" endtime="Fri Sep 21 11:28:20 CST 2012" />
            <Test name="testDispatchStop" result="pass" starttime="Fri Sep 21 11:28:20 CST 2012" endtime="Fri Sep 21 11:28:20 CST 2012" />
            <Test name="testRemoveAllActivities" result="pass" starttime="Fri Sep 21 11:28:20 CST 2012" endtime="Fri Sep 21 11:28:20 CST 2012" />
            <Test name="testSaveInstanceState" result="pass" starttime="Fri Sep 21 11:28:20 CST 2012" endtime="Fri Sep 21 11:28:21 CST 2012" />
            <Test name="testStartActivity" result="pass" starttime="Fri Sep 21 11:28:21 CST 2012" endtime="Fri Sep 21 11:28:21 CST 2012" />
          </TestCase>
          <TestCase name="NotificationManagerTest" priority="">
            <Test name="testAndroidTestCaseSetupProperly" result="pass" starttime="Fri Sep 21 11:28:21 CST 2012" endtime="Fri Sep 21 11:28:21 CST 2012" />
            <Test name="testCancel" result="pass" starttime="Fri Sep 21 11:28:21 CST 2012" endtime="Fri Sep 21 11:28:21 CST 2012" />
            <Test name="testCancelAll" result="pass" starttime="Fri Sep 21 11:28:21 CST 2012" endtime="Fri Sep 21 11:28:21 CST 2012" />
            <Test name="testNotify" result="pass" starttime="Fri Sep 21 11:28:21 CST 2012" endtime="Fri Sep 21 11:28:21 CST 2012" />
          </TestCase>
          <TestCase name="NotificationTest" priority="">
            <Test name="testAndroidTestCaseSetupProperly" result="pass" starttime="Fri Sep 21 11:28:21 CST 2012" endtime="Fri Sep 21 11:28:21 CST 2012" />
            <Test name="testConstructor" result="pass" starttime="Fri Sep 21 11:28:21 CST 2012" endtime="Fri Sep 21 11:28:21 CST 2012" />
            <Test name="testDescribeContents" result="pass" starttime="Fri Sep 21 11:28:21 CST 2012" endtime="Fri Sep 21 11:28:21 CST 2012" />
            <Test name="testSetLatestEventInfo" result="pass" starttime="Fri Sep 21 11:28:21 CST 2012" endtime="Fri Sep 21 11:28:21 CST 2012" />
            <Test name="testToString" result="pass" starttime="Fri Sep 21 11:28:21 CST 2012" endtime="Fri Sep 21 11:28:22 CST 2012" />
            <Test name="testWriteToParcel" result="pass" starttime="Fri Sep 21 11:28:22 CST 2012" endtime="Fri Sep 21 11:28:22 CST 2012" />
          </TestCase>
          <TestCase name="PendingIntentTest" priority="">
            <Test name="testAndroidTestCaseSetupProperly" result="pass" starttime="Fri Sep 21 11:28:22 CST 2012" endtime="Fri Sep 21 11:28:22 CST 2012" />
            <Test name="testCancel" result="pass" starttime="Fri Sep 21 11:28:22 CST 2012" endtime="Fri Sep 21 11:28:22 CST 2012" />
            <Test name="testDescribeContents" result="pass" starttime="Fri Sep 21 11:28:22 CST 2012" endtime="Fri Sep 21 11:28:22 CST 2012" />
            <Test name="testEquals" result="pass" starttime="Fri Sep 21 11:28:22 CST 2012" endtime="Fri Sep 21 11:28:22 CST 2012" />
            <Test name="testGetActivity" result="pass" starttime="Fri Sep 21 11:28:22 CST 2012" endtime="Fri Sep 21 11:28:27 CST 2012" />
            <Test name="testGetBroadcast" result="pass" starttime="Fri Sep 21 11:28:27 CST 2012" endtime="Fri Sep 21 11:28:32 CST 2012" />
            <Test name="testGetService" result="pass" starttime="Fri Sep 21 11:28:32 CST 2012" endtime="Fri Sep 21 11:28:37 CST 2012" />
            <Test name="testGetTargetPackage" result="pass" starttime="Fri Sep 21 11:28:37 CST 2012" endtime="Fri Sep 21 11:28:37 CST 2012" />
            <Test name="testReadAndWritePendingIntentOrNullToParcel" result="pass" starttime="Fri Sep 21 11:28:37 CST 2012" endtime="Fri Sep 21 11:28:38 CST 2012" />
            <Test name="testSend" result="pass" starttime="Fri Sep 21 11:28:38 CST 2012" endtime="Fri Sep 21 11:28:43 CST 2012" />
            <Test name="testSendWithParamContextIntIntent" result="pass" starttime="Fri Sep 21 11:28:43 CST 2012" endtime="Fri Sep 21 11:28:53 CST 2012" />
            <Test name="testSendWithParamContextIntIntentOnFinishedHandler" result="pass" starttime="Fri Sep 21 11:28:53 CST 2012" endtime="Fri Sep 21 11:29:08 CST 2012" />
            <Test name="testSendWithParamInt" result="pass" starttime="Fri Sep 21 11:29:08 CST 2012" endtime="Fri Sep 21 11:29:18 CST 2012" />
            <Test name="testSendWithParamIntOnFinishedHandler" result="pass" starttime="Fri Sep 21 11:29:18 CST 2012" endtime="Fri Sep 21 11:29:33 CST 2012" />
            <Test name="testWriteToParcel" result="pass" starttime="Fri Sep 21 11:29:33 CST 2012" endtime="Fri Sep 21 11:29:33 CST 2012" />
          </TestCase>
          <TestCase name="PendingIntent_CanceledExceptionTest" priority="">
            <Test name="testAndroidTestCaseSetupProperly" result="pass" starttime="Fri Sep 21 11:29:33 CST 2012" endtime="Fri Sep 21 11:29:33 CST 2012" />
            <Test name="testConstructor" result="pass" starttime="Fri Sep 21 11:29:33 CST 2012" endtime="Fri Sep 21 11:29:33 CST 2012" />
          </TestCase>
          <TestCase name="ProgressDialogTest" priority="">
            <Test name="testAccessMax" result="pass" starttime="Fri Sep 21 11:29:33 CST 2012" endtime="Fri Sep 21 11:29:33 CST 2012" />
            <Test name="testAccessProgress" result="pass" starttime="Fri Sep 21 11:29:33 CST 2012" endtime="Fri Sep 21 11:29:34 CST 2012" />
            <Test name="testAccessSecondaryProgress" result="pass" starttime="Fri Sep 21 11:29:34 CST 2012" endtime="Fri Sep 21 11:29:34 CST 2012" />
            <Test name="testIncrementProgressBy" result="pass" starttime="Fri Sep 21 11:29:34 CST 2012" endtime="Fri Sep 21 11:29:34 CST 2012" />
            <Test name="testIncrementSecondaryProgressBy" result="pass" starttime="Fri Sep 21 11:29:34 CST 2012" endtime="Fri Sep 21 11:29:35 CST 2012" />
            <Test name="testOnStartCreateStop" result="pass" starttime="Fri Sep 21 11:29:35 CST 2012" endtime="Fri Sep 21 11:29:35 CST 2012" />
            <Test name="testProgressDialog1" result="pass" starttime="Fri Sep 21 11:29:35 CST 2012" endtime="Fri Sep 21 11:29:35 CST 2012" />
            <Test name="testProgressDialog2" result="pass" starttime="Fri Sep 21 11:29:35 CST 2012" endtime="Fri Sep 21 11:29:35 CST 2012" />
            <Test name="testSetIndeterminate" result="pass" starttime="Fri Sep 21 11:29:36 CST 2012" endtime="Fri Sep 21 11:29:36 CST 2012" />
            <Test name="testSetIndeterminateDrawable" result="pass" starttime="Fri Sep 21 11:29:36 CST 2012" endtime="Fri Sep 21 11:29:36 CST 2012" />
            <Test name="testSetMessage" result="pass" starttime="Fri Sep 21 11:29:36 CST 2012" endtime="Fri Sep 21 11:29:37 CST 2012" />
            <Test name="testSetProgressDrawable" result="pass" starttime="Fri Sep 21 11:29:37 CST 2012" endtime="Fri Sep 21 11:29:37 CST 2012" />
            <Test name="testSetProgressStyle" result="pass" starttime="Fri Sep 21 11:29:37 CST 2012" endtime="Fri Sep 21 11:29:37 CST 2012" />
            <Test name="testShow1" result="pass" starttime="Fri Sep 21 11:29:37 CST 2012" endtime="Fri Sep 21 11:29:38 CST 2012" />
            <Test name="testShow2" result="pass" starttime="Fri Sep 21 11:29:38 CST 2012" endtime="Fri Sep 21 11:29:38 CST 2012" />
            <Test name="testShow3" result="pass" starttime="Fri Sep 21 11:29:38 CST 2012" endtime="Fri Sep 21 11:29:38 CST 2012" />
            <Test name="testShow4" result="pass" starttime="Fri Sep 21 11:29:38 CST 2012" endtime="Fri Sep 21 11:29:39 CST 2012" />
          </TestCase>
          <TestCase name="SearchManagerTest" priority="">
            <Test name="testSetOnCancelListener" result="pass" starttime="Fri Sep 21 11:29:39 CST 2012" endtime="Fri Sep 21 11:29:39 CST 2012" />
            <Test name="testSetOnDismissListener" result="pass" starttime="Fri Sep 21 11:29:39 CST 2012" endtime="Fri Sep 21 11:29:39 CST 2012" />
            <Test name="testStopSearch" result="pass" starttime="Fri Sep 21 11:29:39 CST 2012" endtime="Fri Sep 21 11:29:40 CST 2012" />
          </TestCase>
          <TestCase name="ServiceTest" priority="">
            <Test name="testAndroidTestCaseSetupProperly" result="pass" starttime="Fri Sep 21 11:29:40 CST 2012" endtime="Fri Sep 21 11:29:40 CST 2012" />
            <Test name="testLocalBindAction" result="pass" starttime="Fri Sep 21 11:29:40 CST 2012" endtime="Fri Sep 21 11:29:40 CST 2012" />
            <Test name="testLocalBindActionPermissions" result="pass" starttime="Fri Sep 21 11:29:40 CST 2012" endtime="Fri Sep 21 11:29:40 CST 2012" />
            <Test name="testLocalBindAutoAction" result="pass" starttime="Fri Sep 21 11:29:40 CST 2012" endtime="Fri Sep 21 11:29:40 CST 2012" />
            <Test name="testLocalBindAutoActionPermissionGranted" result="pass" starttime="Fri Sep 21 11:29:40 CST 2012" endtime="Fri Sep 21 11:29:41 CST 2012" />
            <Test name="testLocalBindAutoClass" result="pass" starttime="Fri Sep 21 11:29:41 CST 2012" endtime="Fri Sep 21 11:29:41 CST 2012" />
            <Test name="testLocalBindAutoClassPermissionGranted" result="pass" starttime="Fri Sep 21 11:29:41 CST 2012" endtime="Fri Sep 21 11:29:41 CST 2012" />
            <Test name="testLocalBindClass" result="pass" starttime="Fri Sep 21 11:29:41 CST 2012" endtime="Fri Sep 21 11:29:41 CST 2012" />
            <Test name="testLocalBindClassPermissions" result="pass" starttime="Fri Sep 21 11:29:41 CST 2012" endtime="Fri Sep 21 11:29:41 CST 2012" />
            <Test name="testLocalStartAction" result="pass" starttime="Fri Sep 21 11:29:41 CST 2012" endtime="Fri Sep 21 11:29:41 CST 2012" />
            <Test name="testLocalStartActionPermissions" result="pass" starttime="Fri Sep 21 11:29:41 CST 2012" endtime="Fri Sep 21 11:29:41 CST 2012" />
            <Test name="testLocalStartClass" result="pass" starttime="Fri Sep 21 11:29:41 CST 2012" endtime="Fri Sep 21 11:29:41 CST 2012" />
            <Test name="testLocalStartClassPermissions" result="pass" starttime="Fri Sep 21 11:29:41 CST 2012" endtime="Fri Sep 21 11:29:41 CST 2012" />
            <Test name="testLocalUnbindTwice" result="pass" starttime="Fri Sep 21 11:29:41 CST 2012" endtime="Fri Sep 21 11:29:41 CST 2012" />
          </TestCase>
          <TestCase name="SystemFeaturesTest" priority="">
            <Test name="testBluetoothFeature" result="pass" starttime="Fri Sep 21 11:29:41 CST 2012" endtime="Fri Sep 21 11:29:42 CST 2012" />
            <Test name="testCameraFeatures" result="pass" starttime="Fri Sep 21 11:29:42 CST 2012" endtime="Fri Sep 21 11:29:42 CST 2012" />
            <Test name="testFeatureNamespaces" result="pass" starttime="Fri Sep 21 11:29:42 CST 2012" endtime="Fri Sep 21 11:29:42 CST 2012" />
            <Test name="testLiveWallpaperFeature" result="pass" starttime="Fri Sep 21 11:29:42 CST 2012" endtime="Fri Sep 21 11:29:42 CST 2012" />
            <Test name="testLocationFeatures" result="pass" starttime="Fri Sep 21 11:29:42 CST 2012" endtime="Fri Sep 21 11:29:42 CST 2012" />
            <Test name="testNfcFeatures" result="pass" starttime="Fri Sep 21 11:29:42 CST 2012" endtime="Fri Sep 21 11:29:42 CST 2012" />
            <Test name="testScreenFeatures" result="pass" starttime="Fri Sep 21 11:29:42 CST 2012" endtime="Fri Sep 21 11:29:43 CST 2012" />
            <Test name="testSensorFeatures" result="pass" starttime="Fri Sep 21 11:29:43 CST 2012" endtime="Fri Sep 21 11:29:43 CST 2012" />
            <Test name="testSipFeatures" result="pass" starttime="Fri Sep 21 11:29:43 CST 2012" endtime="Fri Sep 21 11:29:43 CST 2012" />
            <Test name="testTelephonyFeatures" result="pass" starttime="Fri Sep 21 11:29:43 CST 2012" endtime="Fri Sep 21 11:29:43 CST 2012" />
            <Test name="testTouchScreenFeatures" result="pass" starttime="Fri Sep 21 11:29:43 CST 2012" endtime="Fri Sep 21 11:29:43 CST 2012" />
            <Test name="testUsbAccessory" result="pass" starttime="Fri Sep 21 11:29:43 CST 2012" endtime="Fri Sep 21 11:29:43 CST 2012" />
            <Test name="testWifiFeature" result="pass" starttime="Fri Sep 21 11:29:43 CST 2012" endtime="Fri Sep 21 11:29:43 CST 2012" />
          </TestCase>
          <TestCase name="TabActivityTest" priority="">
            <Test name="testChildTitleCallback" result="pass" starttime="Fri Sep 21 11:29:43 CST 2012" endtime="Fri Sep 21 11:29:43 CST 2012" />
            <Test name="testTabActivity" result="pass" starttime="Fri Sep 21 11:29:43 CST 2012" endtime="Fri Sep 21 11:29:44 CST 2012" />
          </TestCase>
          <TestCase name="TimePickerDialogTest" priority="">
            <Test name="testOnClick" result="pass" starttime="Fri Sep 21 11:29:44 CST 2012" endtime="Fri Sep 21 11:29:44 CST 2012" />
            <Test name="testOnRestoreInstanceState" result="pass" starttime="Fri Sep 21 11:29:44 CST 2012" endtime="Fri Sep 21 11:29:44 CST 2012" />
            <Test name="testOnTimeChanged" result="pass" starttime="Fri Sep 21 11:29:44 CST 2012" endtime="Fri Sep 21 11:29:44 CST 2012" />
            <Test name="testSaveInstanceState" result="pass" starttime="Fri Sep 21 11:29:44 CST 2012" endtime="Fri Sep 21 11:29:44 CST 2012" />
            <Test name="testUpdateTime" result="pass" starttime="Fri Sep 21 11:29:44 CST 2012" endtime="Fri Sep 21 11:29:44 CST 2012" />
          </TestCase>
          <TestCase name="WallpaperManagerTest" priority="">
            <Test name="testAndroidTestCaseSetupProperly" result="pass" starttime="Fri Sep 21 11:29:44 CST 2012" endtime="Fri Sep 21 11:29:45 CST 2012" />
            <Test name="testSuggestDesiredDimensions" result="pass" starttime="Fri Sep 21 11:29:45 CST 2012" endtime="Fri Sep 21 11:29:45 CST 2012" />
          </TestCase>
        </TestSuite>
      </TestSuite>
    </TestSuite>
  </TestPackage>
  <TestPackage name="CtsBluetoothTestCases" appPackageName="android.bluetooth" digest="8befdc4109c0a1048c373b4cf1273a8cd690dc1b">
    <TestSuite name="android">
      <TestSuite name="bluetooth">
        <TestSuite name="cts">
          <TestCase name="BasicAdapterTest" priority="">
            <Test name="testAndroidTestCaseSetupProperly" result="pass" starttime="Fri Sep 21 11:29:49 CST 2012" endtime="Fri Sep 21 11:29:49 CST 2012" />
            <Test name="test_checkBluetoothAddress" result="pass" starttime="Fri Sep 21 11:29:49 CST 2012" endtime="Fri Sep 21 11:29:49 CST 2012" />
            <Test name="test_enableDisable" result="pass" starttime="Fri Sep 21 11:29:49 CST 2012" endtime="Fri Sep 21 11:30:00 CST 2012" />
            <Test name="test_getAddress" result="pass" starttime="Fri Sep 21 11:30:00 CST 2012" endtime="Fri Sep 21 11:30:00 CST 2012" />
            <Test name="test_getBondedDevices" result="pass" starttime="Fri Sep 21 11:30:00 CST 2012" endtime="Fri Sep 21 11:30:00 CST 2012" />
            <Test name="test_getDefaultAdapter" result="pass" starttime="Fri Sep 21 11:30:00 CST 2012" endtime="Fri Sep 21 11:30:00 CST 2012" />
            <Test name="test_getName" result="pass" starttime="Fri Sep 21 11:30:00 CST 2012" endtime="Fri Sep 21 11:30:00 CST 2012" />
            <Test name="test_getRemoteDevice" result="pass" starttime="Fri Sep 21 11:30:00 CST 2012" endtime="Fri Sep 21 11:30:03 CST 2012" />
            <Test name="test_listenUsingRfcommWithServiceRecord" result="pass" starttime="Fri Sep 21 11:30:03 CST 2012" endtime="Fri Sep 21 11:30:03 CST 2012" />
          </TestCase>
        </TestSuite>
      </TestSuite>
    </TestSuite>
  </TestPackage>
  <TestPackage name="CtsContentTestCases" appPackageName="android.content" digest="cef2a2d8dfedf47315f39395366361258f7d5ecf">
    <TestSuite name="android">
      <TestSuite name="content">
        <TestSuite name="cts">
          <TestCase name="ActivityNotFoundExceptionTest" priority="">
            <Test name="testAndroidTestCaseSetupProperly" result="pass" starttime="Fri Sep 21 11:30:08 CST 2012" endtime="Fri Sep 21 11:30:08 CST 2012" />
            <Test name="testConstructors" result="pass" starttime="Fri Sep 21 11:30:08 CST 2012" endtime="Fri Sep 21 11:30:08 CST 2012" />
          </TestCase>
          <TestCase name="AsyncQueryHandlerTest" priority="">
            <Test name="testAndroidTestCaseSetupProperly" result="pass" starttime="Fri Sep 21 11:30:08 CST 2012" endtime="Fri Sep 21 11:30:08 CST 2012" />
            <Test name="testConstructor" result="pass" starttime="Fri Sep 21 11:30:08 CST 2012" endtime="Fri Sep 21 11:30:08 CST 2012" />
            <Test name="testCreateHandler" result="pass" starttime="Fri Sep 21 11:30:08 CST 2012" endtime="Fri Sep 21 11:30:08 CST 2012" />
            <Test name="testStartDelete" result="pass" starttime="Fri Sep 21 11:30:08 CST 2012" endtime="Fri Sep 21 11:30:16 CST 2012" />
            <Test name="testStartInsert" result="pass" starttime="Fri Sep 21 11:30:16 CST 2012" endtime="Fri Sep 21 11:30:23 CST 2012" />
            <Test name="testStartQuery" result="pass" starttime="Fri Sep 21 11:30:23 CST 2012" endtime="Fri Sep 21 11:30:30 CST 2012" />
            <Test name="testStartUpdate" result="pass" starttime="Fri Sep 21 11:30:30 CST 2012" endtime="Fri Sep 21 11:30:37 CST 2012" />
          </TestCase>
          <TestCase name="AvailableIntentsTest" priority="">
            <Test name="testAlarmClock" result="pass" starttime="Fri Sep 21 11:30:37 CST 2012" endtime="Fri Sep 21 11:30:37 CST 2012" />
            <Test name="testAndroidTestCaseSetupProperly" result="pass" starttime="Fri Sep 21 11:30:37 CST 2012" endtime="Fri Sep 21 11:30:37 CST 2012" />
            <Test name="testCalendarAddAppointment" result="pass" starttime="Fri Sep 21 11:30:37 CST 2012" endtime="Fri Sep 21 11:30:37 CST 2012" />
            <Test name="testCallPhoneNumber" result="pass" starttime="Fri Sep 21 11:30:37 CST 2012" endtime="Fri Sep 21 11:30:38 CST 2012" />
            <Test name="testCamera" result="pass" starttime="Fri Sep 21 11:30:38 CST 2012" endtime="Fri Sep 21 11:30:38 CST 2012" />
            <Test name="testContactsCallLogs" result="pass" starttime="Fri Sep 21 11:30:38 CST 2012" endtime="Fri Sep 21 11:30:38 CST 2012" />
            <Test name="testDialPhoneNumber" result="pass" starttime="Fri Sep 21 11:30:38 CST 2012" endtime="Fri Sep 21 11:30:38 CST 2012" />
            <Test name="testDialVoicemail" result="pass" starttime="Fri Sep 21 11:30:38 CST 2012" endtime="Fri Sep 21 11:30:38 CST 2012" />
            <Test name="testMusicPlayback" result="pass" starttime="Fri Sep 21 11:30:38 CST 2012" endtime="Fri Sep 21 11:30:38 CST 2012" />
            <Test name="testSettings" result="pass" starttime="Fri Sep 21 11:30:38 CST 2012" endtime="Fri Sep 21 11:30:38 CST 2012" />
            <Test name="testViewNormalUrl" result="pass" starttime="Fri Sep 21 11:30:38 CST 2012" endtime="Fri Sep 21 11:30:38 CST 2012" />
            <Test name="testViewSecureUrl" result="pass" starttime="Fri Sep 21 11:30:38 CST 2012" endtime="Fri Sep 21 11:30:38 CST 2012" />
            <Test name="testWebSearchNormalUrl" result="pass" starttime="Fri Sep 21 11:30:38 CST 2012" endtime="Fri Sep 21 11:30:39 CST 2012" />
            <Test name="testWebSearchPlainText" result="pass" starttime="Fri Sep 21 11:30:39 CST 2012" endtime="Fri Sep 21 11:30:39 CST 2012" />
            <Test name="testWebSearchSecureUrl" result="pass" starttime="Fri Sep 21 11:30:39 CST 2012" endtime="Fri Sep 21 11:30:39 CST 2012" />
          </TestCase>
          <TestCase name="BroadcastReceiverTest" priority="">
            <Test name="testAbortBroadcast" result="pass" starttime="Fri Sep 21 11:30:39 CST 2012" endtime="Fri Sep 21 11:30:39 CST 2012" />
            <Test name="testAccessDebugUnregister" result="pass" starttime="Fri Sep 21 11:30:39 CST 2012" endtime="Fri Sep 21 11:30:39 CST 2012" />
            <Test name="testConstructor" result="pass" starttime="Fri Sep 21 11:30:39 CST 2012" endtime="Fri Sep 21 11:30:39 CST 2012" />
            <Test name="testOnReceive" result="pass" starttime="Fri Sep 21 11:30:39 CST 2012" endtime="Fri Sep 21 11:30:39 CST 2012" />
            <Test name="testOnReceiverOrdered" result="pass" starttime="Fri Sep 21 11:30:39 CST 2012" endtime="Fri Sep 21 11:30:40 CST 2012" />
            <Test name="testPeekService" result="pass" starttime="Fri Sep 21 11:30:40 CST 2012" endtime="Fri Sep 21 11:30:40 CST 2012" />
            <Test name="testSetOrderedHint" result="pass" starttime="Fri Sep 21 11:30:40 CST 2012" endtime="Fri Sep 21 11:30:40 CST 2012" />
          </TestCase>
          <TestCase name="ClipboardManagerListenerTest" priority="">
            <Test name="testListener" result="pass" starttime="Fri Sep 21 11:30:40 CST 2012" endtime="Fri Sep 21 11:30:41 CST 2012" />
          </TestCase>
          <TestCase name="ClipboardManagerTest" priority="">
            <Test name="testAndroidTestCaseSetupProperly" result="pass" starttime="Fri Sep 21 11:30:41 CST 2012" endtime="Fri Sep 21 11:30:42 CST 2012" />
            <Test name="testHasPrimaryClip" result="pass" starttime="Fri Sep 21 11:30:42 CST 2012" endtime="Fri Sep 21 11:30:42 CST 2012" />
            <Test name="testSetGetText" result="pass" starttime="Fri Sep 21 11:30:42 CST 2012" endtime="Fri Sep 21 11:30:42 CST 2012" />
            <Test name="testSetPrimaryClip_complexItem" result="pass" starttime="Fri Sep 21 11:30:42 CST 2012" endtime="Fri Sep 21 11:30:42 CST 2012" />
            <Test name="testSetPrimaryClip_contentUri" result="pass" starttime="Fri Sep 21 11:30:42 CST 2012" endtime="Fri Sep 21 11:30:42 CST 2012" />
            <Test name="testSetPrimaryClip_intent" result="pass" starttime="Fri Sep 21 11:30:42 CST 2012" endtime="Fri Sep 21 11:30:42 CST 2012" />
            <Test name="testSetPrimaryClip_multipleItems" result="pass" starttime="Fri Sep 21 11:30:42 CST 2012" endtime="Fri Sep 21 11:30:42 CST 2012" />
            <Test name="testSetPrimaryClip_plainText" result="pass" starttime="Fri Sep 21 11:30:42 CST 2012" endtime="Fri Sep 21 11:30:42 CST 2012" />
            <Test name="testSetPrimaryClip_rawUri" result="pass" starttime="Fri Sep 21 11:30:42 CST 2012" endtime="Fri Sep 21 11:30:42 CST 2012" />
          </TestCase>
          <TestCase name="ComponentNameTest" priority="">
            <Test name="testAndroidTestCaseSetupProperly" result="pass" starttime="Fri Sep 21 11:30:42 CST 2012" endtime="Fri Sep 21 11:30:42 CST 2012" />
            <Test name="testConstructor" result="pass" starttime="Fri Sep 21 11:30:42 CST 2012" endtime="Fri Sep 21 11:30:43 CST 2012" />
            <Test name="testDescribeContents" result="pass" starttime="Fri Sep 21 11:30:43 CST 2012" endtime="Fri Sep 21 11:30:43 CST 2012" />
            <Test name="testEquals" result="pass" starttime="Fri Sep 21 11:30:43 CST 2012" endtime="Fri Sep 21 11:30:43 CST 2012" />
            <Test name="testFlattenToShortString" result="pass" starttime="Fri Sep 21 11:30:43 CST 2012" endtime="Fri Sep 21 11:30:43 CST 2012" />
            <Test name="testFlattenToString" result="pass" starttime="Fri Sep 21 11:30:43 CST 2012" endtime="Fri Sep 21 11:30:43 CST 2012" />
            <Test name="testGetClassName" result="pass" starttime="Fri Sep 21 11:30:43 CST 2012" endtime="Fri Sep 21 11:30:43 CST 2012" />
            <Test name="testGetPackageName" result="pass" starttime="Fri Sep 21 11:30:43 CST 2012" endtime="Fri Sep 21 11:30:43 CST 2012" />
            <Test name="testGetShortClassName" result="pass" starttime="Fri Sep 21 11:30:43 CST 2012" endtime="Fri Sep 21 11:30:43 CST 2012" />
            <Test name="testHashCode" result="pass" starttime="Fri Sep 21 11:30:43 CST 2012" endtime="Fri Sep 21 11:30:43 CST 2012" />
            <Test name="testReadFromParcel" result="pass" starttime="Fri Sep 21 11:30:43 CST 2012" endtime="Fri Sep 21 11:30:43 CST 2012" />
            <Test name="testToShortString" result="pass" starttime="Fri Sep 21 11:30:43 CST 2012" endtime="Fri Sep 21 11:30:44 CST 2012" />
            <Test name="testToString" result="pass" starttime="Fri Sep 21 11:30:44 CST 2012" endtime="Fri Sep 21 11:30:44 CST 2012" />
            <Test name="testUnflattenFromString" result="pass" starttime="Fri Sep 21 11:30:44 CST 2012" endtime="Fri Sep 21 11:30:44 CST 2012" />
            <Test name="testWriteToParcel" result="pass" starttime="Fri Sep 21 11:30:44 CST 2012" endtime="Fri Sep 21 11:30:44 CST 2012" />
          </TestCase>
          <TestCase name="ContentProviderTest" priority="">
            <Test name="testAccessReadPermission" result="pass" starttime="Fri Sep 21 11:30:44 CST 2012" endtime="Fri Sep 21 11:30:44 CST 2012" />
            <Test name="testAccessWritePermission" result="pass" starttime="Fri Sep 21 11:30:44 CST 2012" endtime="Fri Sep 21 11:30:44 CST 2012" />
            <Test name="testAndroidTestCaseSetupProperly" result="pass" starttime="Fri Sep 21 11:30:44 CST 2012" endtime="Fri Sep 21 11:30:44 CST 2012" />
            <Test name="testAttachInfo" result="pass" starttime="Fri Sep 21 11:30:44 CST 2012" endtime="Fri Sep 21 11:30:44 CST 2012" />
            <Test name="testBulkInsert" result="pass" starttime="Fri Sep 21 11:30:44 CST 2012" endtime="Fri Sep 21 11:30:44 CST 2012" />
            <Test name="testCoerceToLocalContentProvider" result="pass" starttime="Fri Sep 21 11:30:44 CST 2012" endtime="Fri Sep 21 11:30:44 CST 2012" />
            <Test name="testGetContext" result="pass" starttime="Fri Sep 21 11:30:44 CST 2012" endtime="Fri Sep 21 11:30:45 CST 2012" />
            <Test name="testGetIContentProvider" result="pass" starttime="Fri Sep 21 11:30:45 CST 2012" endtime="Fri Sep 21 11:30:45 CST 2012" />
            <Test name="testIsTemporary" result="pass" starttime="Fri Sep 21 11:30:45 CST 2012" endtime="Fri Sep 21 11:30:45 CST 2012" />
            <Test name="testOnConfigurationChanged" result="pass" starttime="Fri Sep 21 11:30:45 CST 2012" endtime="Fri Sep 21 11:30:45 CST 2012" />
            <Test name="testOnLowMemory" result="pass" starttime="Fri Sep 21 11:30:45 CST 2012" endtime="Fri Sep 21 11:30:45 CST 2012" />
            <Test name="testOpenAssetFile" result="pass" starttime="Fri Sep 21 11:30:45 CST 2012" endtime="Fri Sep 21 11:30:45 CST 2012" />
            <Test name="testOpenFile" result="pass" starttime="Fri Sep 21 11:30:45 CST 2012" endtime="Fri Sep 21 11:30:45 CST 2012" />
            <Test name="testOpenFileHelper" result="pass" starttime="Fri Sep 21 11:30:45 CST 2012" endtime="Fri Sep 21 11:30:45 CST 2012" />
          </TestCase>
          <TestCase name="ContentQueryMapTest" priority="">
            <Test name="testAndroidTestCaseSetupProperly" result="pass" starttime="Fri Sep 21 11:30:45 CST 2012" endtime="Fri Sep 21 11:30:45 CST 2012" />
            <Test name="testConstructor" result="pass" starttime="Fri Sep 21 11:30:45 CST 2012" endtime="Fri Sep 21 11:30:46 CST 2012" />
            <Test name="testGetRows" result="pass" starttime="Fri Sep 21 11:30:46 CST 2012" endtime="Fri Sep 21 11:30:46 CST 2012" />
            <Test name="testGetValuesBoundary" result="pass" starttime="Fri Sep 21 11:30:46 CST 2012" endtime="Fri Sep 21 11:30:46 CST 2012" />
            <Test name="testRequery" result="pass" starttime="Fri Sep 21 11:30:46 CST 2012" endtime="Fri Sep 21 11:30:46 CST 2012" />
            <Test name="testSetKeepUpdated" result="pass" starttime="Fri Sep 21 11:30:46 CST 2012" endtime="Fri Sep 21 11:30:51 CST 2012" />
            <Test name="testSetKeepUpdatedWithHandler" result="pass" starttime="Fri Sep 21 11:30:51 CST 2012" endtime="Fri Sep 21 11:31:01 CST 2012" />
          </TestCase>
          <TestCase name="ContentResolverSyncTestCase" priority="">
            <Test name="testAndroidTestCaseSetupProperly" result="pass" starttime="Fri Sep 21 11:31:01 CST 2012" endtime="Fri Sep 21 11:31:06 CST 2012" />
            <Test name="testCallMultipleAccounts" result="pass" starttime="Fri Sep 21 11:31:06 CST 2012" endtime="Fri Sep 21 11:31:07 CST 2012" />
            <Test name="testCancelSync" result="pass" starttime="Fri Sep 21 11:31:07 CST 2012" endtime="Fri Sep 21 11:31:17 CST 2012" />
            <Test name="testGetAndSetIsSyncable" result="pass" starttime="Fri Sep 21 11:31:17 CST 2012" endtime="Fri Sep 21 11:31:22 CST 2012" />
            <Test name="testGetAndSetMasterSyncAutomatically" result="pass" starttime="Fri Sep 21 11:31:22 CST 2012" endtime="Fri Sep 21 11:31:31 CST 2012" />
            <Test name="testGetAndSetSyncAutomatically" result="pass" starttime="Fri Sep 21 11:31:31 CST 2012" endtime="Fri Sep 21 11:31:41 CST 2012" />
            <Test name="testGetSyncAdapterTypes" result="pass" starttime="Fri Sep 21 11:31:41 CST 2012" endtime="Fri Sep 21 11:31:46 CST 2012" />
            <Test name="testRequestSync" result="pass" starttime="Fri Sep 21 11:31:46 CST 2012" endtime="Fri Sep 21 11:31:46 CST 2012" />
            <Test name="testStartSyncFailure" result="pass" starttime="Fri Sep 21 11:31:46 CST 2012" endtime="Fri Sep 21 11:31:51 CST 2012" />
            <Test name="testValidateSyncExtrasBundle" result="pass" starttime="Fri Sep 21 11:31:51 CST 2012" endtime="Fri Sep 21 11:31:56 CST 2012" />
          </TestCase>
          <TestCase name="ContentResolverTest" priority="">
            <Test name="testAndroidTestCaseSetupProperly" result="pass" starttime="Fri Sep 21 11:31:56 CST 2012" endtime="Fri Sep 21 11:31:57 CST 2012" />
            <Test name="testBulkInsert" result="pass" starttime="Fri Sep 21 11:31:57 CST 2012" endtime="Fri Sep 21 11:31:57 CST 2012" />
            <Test name="testCancelableQuery_WhenCanceledBeforeQuery_ThrowsImmediately" result="pass" starttime="Fri Sep 21 11:31:57 CST 2012" endtime="Fri Sep 21 11:31:57 CST 2012" />
            <Test name="testCancelableQuery_WhenCanceledDuringLongRunningQuery_CancelsQueryAndThrows" result="pass" starttime="Fri Sep 21 11:31:57 CST 2012" endtime="Fri Sep 21 11:32:01 CST 2012" />
            <Test name="testCancelableQuery_WhenNotCanceled_ReturnsResultSet" result="pass" starttime="Fri Sep 21 11:32:01 CST 2012" endtime="Fri Sep 21 11:32:01 CST 2012" />
            <Test name="testConstructor" result="pass" starttime="Fri Sep 21 11:32:01 CST 2012" endtime="Fri Sep 21 11:32:02 CST 2012" />
            <Test name="testCrashOnLaunch" result="pass" starttime="Fri Sep 21 11:32:02 CST 2012" endtime="Fri Sep 21 11:32:02 CST 2012" />
            <Test name="testCrashingOpenAssetFileDescriptor" result="pass" starttime="Fri Sep 21 11:32:02 CST 2012" endtime="Fri Sep 21 11:32:02 CST 2012" />
            <Test name="testCrashingOpenTypedAssetFileDescriptor" result="pass" starttime="Fri Sep 21 11:32:02 CST 2012" endtime="Fri Sep 21 11:32:03 CST 2012" />
            <Test name="testCrashingQuery" result="pass" starttime="Fri Sep 21 11:32:03 CST 2012" endtime="Fri Sep 21 11:32:03 CST 2012" />
            <Test name="testDelete" result="pass" starttime="Fri Sep 21 11:32:03 CST 2012" endtime="Fri Sep 21 11:32:04 CST 2012" />
            <Test name="testGetType" result="pass" starttime="Fri Sep 21 11:32:04 CST 2012" endtime="Fri Sep 21 11:32:04 CST 2012" />
            <Test name="testInsert" result="pass" starttime="Fri Sep 21 11:32:04 CST 2012" endtime="Fri Sep 21 11:32:04 CST 2012" />
            <Test name="testNotifyChange1" result="pass" starttime="Fri Sep 21 11:32:04 CST 2012" endtime="Fri Sep 21 11:32:04 CST 2012" />
            <Test name="testNotifyChange2" result="pass" starttime="Fri Sep 21 11:32:04 CST 2012" endtime="Fri Sep 21 11:32:05 CST 2012" />
            <Test name="testOpenAssetFileDescriptor" result="pass" starttime="Fri Sep 21 11:32:05 CST 2012" endtime="Fri Sep 21 11:32:05 CST 2012" />
            <Test name="testOpenFileDescriptor" result="pass" starttime="Fri Sep 21 11:32:05 CST 2012" endtime="Fri Sep 21 11:32:05 CST 2012" />
            <Test name="testOpenInputStream" result="pass" starttime="Fri Sep 21 11:32:05 CST 2012" endtime="Fri Sep 21 11:32:05 CST 2012" />
            <Test name="testOpenOutputStream" result="pass" starttime="Fri Sep 21 11:32:05 CST 2012" endtime="Fri Sep 21 11:32:06 CST 2012" />
            <Test name="testQuery" result="pass" starttime="Fri Sep 21 11:32:06 CST 2012" endtime="Fri Sep 21 11:32:06 CST 2012" />
            <Test name="testRegisterContentObserver" result="pass" starttime="Fri Sep 21 11:32:06 CST 2012" endtime="Fri Sep 21 11:32:06 CST 2012" />
            <Test name="testStableToUnstableRefs" result="pass" starttime="Fri Sep 21 11:32:06 CST 2012" endtime="Fri Sep 21 11:32:07 CST 2012" />
            <Test name="testStartCancelSync" result="pass" starttime="Fri Sep 21 11:32:07 CST 2012" endtime="Fri Sep 21 11:32:07 CST 2012" />
            <Test name="testStartSyncFailure" result="pass" starttime="Fri Sep 21 11:32:07 CST 2012" endtime="Fri Sep 21 11:32:07 CST 2012" />
            <Test name="testUnstableGetType" result="pass" starttime="Fri Sep 21 11:32:07 CST 2012" endtime="Fri Sep 21 11:32:08 CST 2012" />
            <Test name="testUnstableToStableRefs" result="pass" starttime="Fri Sep 21 11:32:08 CST 2012" endtime="Fri Sep 21 11:32:08 CST 2012" />
            <Test name="testUpdate" result="pass" starttime="Fri Sep 21 11:32:08 CST 2012" endtime="Fri Sep 21 11:32:08 CST 2012" />
            <Test name="testValidateSyncExtrasBundle" result="pass" starttime="Fri Sep 21 11:32:08 CST 2012" endtime="Fri Sep 21 11:32:08 CST 2012" />
          </TestCase>
          <TestCase name="ContentUrisTest" priority="">
            <Test name="testAndroidTestCaseSetupProperly" result="pass" starttime="Fri Sep 21 11:32:08 CST 2012" endtime="Fri Sep 21 11:32:08 CST 2012" />
            <Test name="testAppendId" result="pass" starttime="Fri Sep 21 11:32:08 CST 2012" endtime="Fri Sep 21 11:32:09 CST 2012" />
            <Test name="testAppendIdFailure" result="pass" starttime="Fri Sep 21 11:32:09 CST 2012" endtime="Fri Sep 21 11:32:09 CST 2012" />
            <Test name="testConstructor" result="pass" starttime="Fri Sep 21 11:32:09 CST 2012" endtime="Fri Sep 21 11:32:09 CST 2012" />
            <Test name="testParseId" result="pass" starttime="Fri Sep 21 11:32:09 CST 2012" endtime="Fri Sep 21 11:32:09 CST 2012" />
            <Test name="testParseIdFailure" result="pass" starttime="Fri Sep 21 11:32:09 CST 2012" endtime="Fri Sep 21 11:32:09 CST 2012" />
            <Test name="testWithAppendedId" result="pass" starttime="Fri Sep 21 11:32:09 CST 2012" endtime="Fri Sep 21 11:32:09 CST 2012" />
            <Test name="testWithAppendedIdFailure" result="pass" starttime="Fri Sep 21 11:32:09 CST 2012" endtime="Fri Sep 21 11:32:09 CST 2012" />
          </TestCase>
          <TestCase name="ContentValuesTest" priority="">
            <Test name="testAccessStringArrayList" result="pass" starttime="Fri Sep 21 11:32:09 CST 2012" endtime="Fri Sep 21 11:32:09 CST 2012" />
            <Test name="testAndroidTestCaseSetupProperly" result="pass" starttime="Fri Sep 21 11:32:09 CST 2012" endtime="Fri Sep 21 11:32:09 CST 2012" />
            <Test name="testClear" result="pass" starttime="Fri Sep 21 11:32:09 CST 2012" endtime="Fri Sep 21 11:32:09 CST 2012" />
            <Test name="testConstructor" result="pass" starttime="Fri Sep 21 11:32:09 CST 2012" endtime="Fri Sep 21 11:32:10 CST 2012" />
            <Test name="testContainsKey" result="pass" starttime="Fri Sep 21 11:32:10 CST 2012" endtime="Fri Sep 21 11:32:10 CST 2012" />
            <Test name="testDescribeContents" result="pass" starttime="Fri Sep 21 11:32:10 CST 2012" endtime="Fri Sep 21 11:32:10 CST 2012" />
            <Test name="testEquals" result="pass" starttime="Fri Sep 21 11:32:10 CST 2012" endtime="Fri Sep 21 11:32:10 CST 2012" />
            <Test name="testEqualsFailure" result="pass" starttime="Fri Sep 21 11:32:10 CST 2012" endtime="Fri Sep 21 11:32:10 CST 2012" />
            <Test name="testGet" result="pass" starttime="Fri Sep 21 11:32:10 CST 2012" endtime="Fri Sep 21 11:32:10 CST 2012" />
            <Test name="testGetAsBoolean" result="pass" starttime="Fri Sep 21 11:32:10 CST 2012" endtime="Fri Sep 21 11:32:10 CST 2012" />
            <Test name="testGetAsByte" result="pass" starttime="Fri Sep 21 11:32:10 CST 2012" endtime="Fri Sep 21 11:32:10 CST 2012" />
            <Test name="testGetAsByteArray" result="pass" starttime="Fri Sep 21 11:32:10 CST 2012" endtime="Fri Sep 21 11:32:10 CST 2012" />
            <Test name="testGetAsDouble" result="pass" starttime="Fri Sep 21 11:32:10 CST 2012" endtime="Fri Sep 21 11:32:11 CST 2012" />
            <Test name="testGetAsFloat" result="pass" starttime="Fri Sep 21 11:32:11 CST 2012" endtime="Fri Sep 21 11:32:11 CST 2012" />
            <Test name="testGetAsInteger" result="pass" starttime="Fri Sep 21 11:32:11 CST 2012" endtime="Fri Sep 21 11:32:11 CST 2012" />
            <Test name="testGetAsLong" result="pass" starttime="Fri Sep 21 11:32:11 CST 2012" endtime="Fri Sep 21 11:32:11 CST 2012" />
            <Test name="testGetAsShort" result="pass" starttime="Fri Sep 21 11:32:11 CST 2012" endtime="Fri Sep 21 11:32:11 CST 2012" />
            <Test name="testGetAsString" result="pass" starttime="Fri Sep 21 11:32:11 CST 2012" endtime="Fri Sep 21 11:32:11 CST 2012" />
            <Test name="testHashCode" result="pass" starttime="Fri Sep 21 11:32:11 CST 2012" endtime="Fri Sep 21 11:32:11 CST 2012" />
            <Test name="testPutAll" result="pass" starttime="Fri Sep 21 11:32:11 CST 2012" endtime="Fri Sep 21 11:32:11 CST 2012" />
            <Test name="testPutAllFailure" result="pass" starttime="Fri Sep 21 11:32:11 CST 2012" endtime="Fri Sep 21 11:32:11 CST 2012" />
            <Test name="testPutBoolean" result="pass" starttime="Fri Sep 21 11:32:11 CST 2012" endtime="Fri Sep 21 11:32:12 CST 2012" />
            <Test name="testPutByte" result="pass" starttime="Fri Sep 21 11:32:12 CST 2012" endtime="Fri Sep 21 11:32:12 CST 2012" />
            <Test name="testPutByteArray" result="pass" starttime="Fri Sep 21 11:32:12 CST 2012" endtime="Fri Sep 21 11:32:12 CST 2012" />
            <Test name="testPutDouble" result="pass" starttime="Fri Sep 21 11:32:12 CST 2012" endtime="Fri Sep 21 11:32:12 CST 2012" />
            <Test name="testPutFloat" result="pass" starttime="Fri Sep 21 11:32:12 CST 2012" endtime="Fri Sep 21 11:32:12 CST 2012" />
            <Test name="testPutInteger" result="pass" starttime="Fri Sep 21 11:32:12 CST 2012" endtime="Fri Sep 21 11:32:12 CST 2012" />
            <Test name="testPutLong" result="pass" starttime="Fri Sep 21 11:32:12 CST 2012" endtime="Fri Sep 21 11:32:12 CST 2012" />
            <Test name="testPutNull" result="pass" starttime="Fri Sep 21 11:32:12 CST 2012" endtime="Fri Sep 21 11:32:12 CST 2012" />
            <Test name="testPutShort" result="pass" starttime="Fri Sep 21 11:32:12 CST 2012" endtime="Fri Sep 21 11:32:13 CST 2012" />
            <Test name="testPutString" result="pass" starttime="Fri Sep 21 11:32:13 CST 2012" endtime="Fri Sep 21 11:32:13 CST 2012" />
            <Test name="testRemove" result="pass" starttime="Fri Sep 21 11:32:13 CST 2012" endtime="Fri Sep 21 11:32:13 CST 2012" />
            <Test name="testSize" result="pass" starttime="Fri Sep 21 11:32:13 CST 2012" endtime="Fri Sep 21 11:32:13 CST 2012" />
            <Test name="testToString" result="pass" starttime="Fri Sep 21 11:32:13 CST 2012" endtime="Fri Sep 21 11:32:13 CST 2012" />
            <Test name="testValueSet" result="pass" starttime="Fri Sep 21 11:32:13 CST 2012" endtime="Fri Sep 21 11:32:13 CST 2012" />
            <Test name="testWriteToParcel" result="pass" starttime="Fri Sep 21 11:32:13 CST 2012" endtime="Fri Sep 21 11:32:13 CST 2012" />
            <Test name="testWriteToParcelFailure" result="pass" starttime="Fri Sep 21 11:32:13 CST 2012" endtime="Fri Sep 21 11:32:13 CST 2012" />
          </TestCase>
          <TestCase name="ContextTest" priority="">
            <Test name="testAccessTheme" result="pass" starttime="Fri Sep 21 11:32:13 CST 2012" endtime="Fri Sep 21 11:32:14 CST 2012" />
            <Test name="testAndroidTestCaseSetupProperly" result="pass" starttime="Fri Sep 21 11:32:14 CST 2012" endtime="Fri Sep 21 11:32:14 CST 2012" />
            <Test name="testGetString" result="pass" starttime="Fri Sep 21 11:32:14 CST 2012" endtime="Fri Sep 21 11:32:14 CST 2012" />
            <Test name="testGetText" result="pass" starttime="Fri Sep 21 11:32:14 CST 2012" endtime="Fri Sep 21 11:32:14 CST 2012" />
            <Test name="testObtainStyledAttributes" result="pass" starttime="Fri Sep 21 11:32:14 CST 2012" endtime="Fri Sep 21 11:32:14 CST 2012" />
          </TestCase>
          <TestCase name="ContextWrapperTest" priority="">
            <Test name="testAccessBaseContext" result="pass" starttime="Fri Sep 21 11:32:14 CST 2012" endtime="Fri Sep 21 11:32:14 CST 2012" />
            <Test name="testAccessDatabase" result="pass" starttime="Fri Sep 21 11:32:14 CST 2012" endtime="Fri Sep 21 11:32:15 CST 2012" />
            <Test name="testAccessService" result="pass" starttime="Fri Sep 21 11:32:15 CST 2012" endtime="Fri Sep 21 11:32:18 CST 2012" />
            <Test name="testAccessStickyBroadcast" result="pass" starttime="Fri Sep 21 11:32:18 CST 2012" endtime="Fri Sep 21 11:32:22 CST 2012" />
            <Test name="testAccessWallpaper" result="pass" starttime="Fri Sep 21 11:32:22 CST 2012" endtime="Fri Sep 21 11:32:25 CST 2012" />
            <Test name="testAndroidTestCaseSetupProperly" result="pass" starttime="Fri Sep 21 11:32:25 CST 2012" endtime="Fri Sep 21 11:32:25 CST 2012" />
            <Test name="testCheckCallingOrSelfPermission" result="pass" starttime="Fri Sep 21 11:32:25 CST 2012" endtime="Fri Sep 21 11:32:25 CST 2012" />
            <Test name="testCheckCallingOrSelfUriPermission" result="pass" starttime="Fri Sep 21 11:32:25 CST 2012" endtime="Fri Sep 21 11:32:25 CST 2012" />
            <Test name="testCheckCallingPermission" result="pass" starttime="Fri Sep 21 11:32:25 CST 2012" endtime="Fri Sep 21 11:32:25 CST 2012" />
            <Test name="testCheckCallingUriPermission" result="pass" starttime="Fri Sep 21 11:32:25 CST 2012" endtime="Fri Sep 21 11:32:25 CST 2012" />
            <Test name="testCheckPermission" result="pass" starttime="Fri Sep 21 11:32:25 CST 2012" endtime="Fri Sep 21 11:32:25 CST 2012" />
            <Test name="testCheckUriPermission1" result="pass" starttime="Fri Sep 21 11:32:25 CST 2012" endtime="Fri Sep 21 11:32:25 CST 2012" />
            <Test name="testCheckUriPermission2" result="pass" starttime="Fri Sep 21 11:32:25 CST 2012" endtime="Fri Sep 21 11:32:25 CST 2012" />
            <Test name="testConstructor" result="pass" starttime="Fri Sep 21 11:32:25 CST 2012" endtime="Fri Sep 21 11:32:26 CST 2012" />
            <Test name="testCreatePackageContext" result="pass" starttime="Fri Sep 21 11:32:26 CST 2012" endtime="Fri Sep 21 11:32:26 CST 2012" />
            <Test name="testEnforceCallingOrSelfPermission" result="pass" starttime="Fri Sep 21 11:32:26 CST 2012" endtime="Fri Sep 21 11:32:26 CST 2012" />
            <Test name="testEnforceCallingOrSelfUriPermission" result="pass" starttime="Fri Sep 21 11:32:26 CST 2012" endtime="Fri Sep 21 11:32:26 CST 2012" />
            <Test name="testEnforceCallingPermission" result="pass" starttime="Fri Sep 21 11:32:26 CST 2012" endtime="Fri Sep 21 11:32:26 CST 2012" />
            <Test name="testEnforceCallingUriPermission" result="pass" starttime="Fri Sep 21 11:32:26 CST 2012" endtime="Fri Sep 21 11:32:26 CST 2012" />
            <Test name="testEnforcePermission" result="pass" starttime="Fri Sep 21 11:32:26 CST 2012" endtime="Fri Sep 21 11:32:26 CST 2012" />
            <Test name="testEnforceUriPermission1" result="pass" starttime="Fri Sep 21 11:32:26 CST 2012" endtime="Fri Sep 21 11:32:26 CST 2012" />
            <Test name="testEnforceUriPermission2" result="pass" starttime="Fri Sep 21 11:32:26 CST 2012" endtime="Fri Sep 21 11:32:26 CST 2012" />
            <Test name="testGetApplicationContext" result="pass" starttime="Fri Sep 21 11:32:26 CST 2012" endtime="Fri Sep 21 11:32:27 CST 2012" />
            <Test name="testGetAssets" result="pass" starttime="Fri Sep 21 11:32:27 CST 2012" endtime="Fri Sep 21 11:32:27 CST 2012" />
            <Test name="testGetCacheDir" result="pass" starttime="Fri Sep 21 11:32:27 CST 2012" endtime="Fri Sep 21 11:32:27 CST 2012" />
            <Test name="testGetClassLoader" result="pass" starttime="Fri Sep 21 11:32:27 CST 2012" endtime="Fri Sep 21 11:32:27 CST 2012" />
            <Test name="testGetContentResolver" result="pass" starttime="Fri Sep 21 11:32:27 CST 2012" endtime="Fri Sep 21 11:32:27 CST 2012" />
            <Test name="testGetDir" result="pass" starttime="Fri Sep 21 11:32:27 CST 2012" endtime="Fri Sep 21 11:32:27 CST 2012" />
            <Test name="testGetFileStreamPath" result="pass" starttime="Fri Sep 21 11:32:27 CST 2012" endtime="Fri Sep 21 11:32:27 CST 2012" />
            <Test name="testGetMainLooper" result="pass" starttime="Fri Sep 21 11:32:27 CST 2012" endtime="Fri Sep 21 11:32:27 CST 2012" />
            <Test name="testGetPackageCodePath" result="pass" starttime="Fri Sep 21 11:32:27 CST 2012" endtime="Fri Sep 21 11:32:27 CST 2012" />
            <Test name="testGetPackageManager" result="pass" starttime="Fri Sep 21 11:32:27 CST 2012" endtime="Fri Sep 21 11:32:27 CST 2012" />
            <Test name="testGetPackageName" result="pass" starttime="Fri Sep 21 11:32:27 CST 2012" endtime="Fri Sep 21 11:32:28 CST 2012" />
            <Test name="testGetPackageResourcePath" result="pass" starttime="Fri Sep 21 11:32:28 CST 2012" endtime="Fri Sep 21 11:32:28 CST 2012" />
            <Test name="testGetResources" result="pass" starttime="Fri Sep 21 11:32:28 CST 2012" endtime="Fri Sep 21 11:32:28 CST 2012" />
            <Test name="testGetSharedPreferences" result="pass" starttime="Fri Sep 21 11:32:28 CST 2012" endtime="Fri Sep 21 11:32:28 CST 2012" />
            <Test name="testGetSystemService" result="pass" starttime="Fri Sep 21 11:32:28 CST 2012" endtime="Fri Sep 21 11:32:28 CST 2012" />
            <Test name="testGetWallpaperDesiredMinimumHeightAndWidth" result="pass" starttime="Fri Sep 21 11:32:28 CST 2012" endtime="Fri Sep 21 11:32:28 CST 2012" />
            <Test name="testGrantUriPermission" result="pass" starttime="Fri Sep 21 11:32:28 CST 2012" endtime="Fri Sep 21 11:32:28 CST 2012" />
            <Test name="testRegisterReceiver1" result="pass" starttime="Fri Sep 21 11:32:28 CST 2012" endtime="Fri Sep 21 11:32:58 CST 2012" />
            <Test name="testRegisterReceiver2" result="pass" starttime="Fri Sep 21 11:32:58 CST 2012" endtime="Fri Sep 21 11:33:08 CST 2012" />
            <Test name="testRevokeUriPermission" result="pass" starttime="Fri Sep 21 11:33:08 CST 2012" endtime="Fri Sep 21 11:33:08 CST 2012" />
            <Test name="testSendBroadcast1" result="pass" starttime="Fri Sep 21 11:33:08 CST 2012" endtime="Fri Sep 21 11:33:09 CST 2012" />
            <Test name="testSendBroadcast2" result="pass" starttime="Fri Sep 21 11:33:09 CST 2012" endtime="Fri Sep 21 11:33:09 CST 2012" />
            <Test name="testSendOrderedBroadcast1" result="pass" starttime="Fri Sep 21 11:33:09 CST 2012" endtime="Fri Sep 21 11:33:09 CST 2012" />
            <Test name="testSendOrderedBroadcast2" result="pass" starttime="Fri Sep 21 11:33:09 CST 2012" endtime="Fri Sep 21 11:33:09 CST 2012" />
            <Test name="testStartActivity" result="pass" starttime="Fri Sep 21 11:33:09 CST 2012" endtime="Fri Sep 21 11:33:09 CST 2012" />
            <Test name="testStartInstrumentation" result="pass" starttime="Fri Sep 21 11:33:09 CST 2012" endtime="Fri Sep 21 11:33:09 CST 2012" />
          </TestCase>
          <TestCase name="IntentFilterTest" priority="">
            <Test name="testAccessPriority" result="pass" starttime="Fri Sep 21 11:33:09 CST 2012" endtime="Fri Sep 21 11:33:09 CST 2012" />
            <Test name="testActions" result="pass" starttime="Fri Sep 21 11:33:09 CST 2012" endtime="Fri Sep 21 11:33:09 CST 2012" />
            <Test name="testAddDataType" result="pass" starttime="Fri Sep 21 11:33:09 CST 2012" endtime="Fri Sep 21 11:33:09 CST 2012" />
            <Test name="testAndroidTestCaseSetupProperly" result="pass" starttime="Fri Sep 21 11:33:09 CST 2012" endtime="Fri Sep 21 11:33:10 CST 2012" />
            <Test name="testAuthorities" result="pass" starttime="Fri Sep 21 11:33:10 CST 2012" endtime="Fri Sep 21 11:33:10 CST 2012" />
            <Test name="testCategories" result="pass" starttime="Fri Sep 21 11:33:10 CST 2012" endtime="Fri Sep 21 11:33:10 CST 2012" />
            <Test name="testConstructor" result="pass" starttime="Fri Sep 21 11:33:10 CST 2012" endtime="Fri Sep 21 11:33:10 CST 2012" />
            <Test name="testCreate" result="pass" starttime="Fri Sep 21 11:33:10 CST 2012" endtime="Fri Sep 21 11:33:10 CST 2012" />
            <Test name="testDataPaths" result="pass" starttime="Fri Sep 21 11:33:10 CST 2012" endtime="Fri Sep 21 11:33:10 CST 2012" />
            <Test name="testDataSchemes" result="pass" starttime="Fri Sep 21 11:33:10 CST 2012" endtime="Fri Sep 21 11:33:10 CST 2012" />
            <Test name="testDataTypes" result="pass" starttime="Fri Sep 21 11:33:10 CST 2012" endtime="Fri Sep 21 11:33:10 CST 2012" />
            <Test name="testDescribeContents" result="pass" starttime="Fri Sep 21 11:33:10 CST 2012" endtime="Fri Sep 21 11:33:10 CST 2012" />
            <Test name="testDump" result="pass" starttime="Fri Sep 21 11:33:10 CST 2012" endtime="Fri Sep 21 11:33:10 CST 2012" />
            <Test name="testMatchCategories" result="pass" starttime="Fri Sep 21 11:33:10 CST 2012" endtime="Fri Sep 21 11:33:11 CST 2012" />
            <Test name="testMatchData" result="pass" starttime="Fri Sep 21 11:33:11 CST 2012" endtime="Fri Sep 21 11:33:11 CST 2012" />
            <Test name="testMatchDataAuthority" result="pass" starttime="Fri Sep 21 11:33:11 CST 2012" endtime="Fri Sep 21 11:33:11 CST 2012" />
            <Test name="testMatchWithIntent" result="pass" starttime="Fri Sep 21 11:33:11 CST 2012" endtime="Fri Sep 21 11:33:11 CST 2012" />
            <Test name="testMatchWithIntentData" result="pass" starttime="Fri Sep 21 11:33:11 CST 2012" endtime="Fri Sep 21 11:33:11 CST 2012" />
            <Test name="testMimeTypes" result="pass" starttime="Fri Sep 21 11:33:11 CST 2012" endtime="Fri Sep 21 11:33:11 CST 2012" />
            <Test name="testPaths" result="pass" starttime="Fri Sep 21 11:33:11 CST 2012" endtime="Fri Sep 21 11:33:11 CST 2012" />
            <Test name="testReadFromXml" result="pass" starttime="Fri Sep 21 11:33:11 CST 2012" endtime="Fri Sep 21 11:33:11 CST 2012" />
            <Test name="testWriteToParcel" result="pass" starttime="Fri Sep 21 11:33:11 CST 2012" endtime="Fri Sep 21 11:33:11 CST 2012" />
            <Test name="testWriteToXml" result="pass" starttime="Fri Sep 21 11:33:11 CST 2012" endtime="Fri Sep 21 11:33:11 CST 2012" />
          </TestCase>
          <TestCase name="IntentFilter_AuthorityEntryTest" priority="">
            <Test name="testAndroidTestCaseSetupProperly" result="pass" starttime="Fri Sep 21 11:33:11 CST 2012" endtime="Fri Sep 21 11:33:12 CST 2012" />
            <Test name="testAuthorityEntryProperties" result="pass" starttime="Fri Sep 21 11:33:12 CST 2012" endtime="Fri Sep 21 11:33:12 CST 2012" />
            <Test name="testConstructor" result="pass" starttime="Fri Sep 21 11:33:12 CST 2012" endtime="Fri Sep 21 11:33:12 CST 2012" />
            <Test name="testMatch" result="pass" starttime="Fri Sep 21 11:33:12 CST 2012" endtime="Fri Sep 21 11:33:12 CST 2012" />
          </TestCase>
          <TestCase name="IntentFilter_MalformedMimeTypeExceptionTest" priority="">
            <Test name="testAndroidTestCaseSetupProperly" result="pass" starttime="Fri Sep 21 11:33:12 CST 2012" endtime="Fri Sep 21 11:33:12 CST 2012" />
            <Test name="testMalformedMimeTypeException" result="pass" starttime="Fri Sep 21 11:33:12 CST 2012" endtime="Fri Sep 21 11:33:12 CST 2012" />
          </TestCase>
          <TestCase name="IntentTest" priority="">
            <Test name="testAccessAction" result="pass" starttime="Fri Sep 21 11:33:12 CST 2012" endtime="Fri Sep 21 11:33:12 CST 2012" />
            <Test name="testAccessComponent" result="pass" starttime="Fri Sep 21 11:33:12 CST 2012" endtime="Fri Sep 21 11:33:12 CST 2012" />
            <Test name="testAccessData" result="pass" starttime="Fri Sep 21 11:33:12 CST 2012" endtime="Fri Sep 21 11:33:12 CST 2012" />
            <Test name="testAccessFlags" result="pass" starttime="Fri Sep 21 11:33:12 CST 2012" endtime="Fri Sep 21 11:33:12 CST 2012" />
            <Test name="testAccessType" result="pass" starttime="Fri Sep 21 11:33:12 CST 2012" endtime="Fri Sep 21 11:33:13 CST 2012" />
            <Test name="testAddCategory" result="pass" starttime="Fri Sep 21 11:33:13 CST 2012" endtime="Fri Sep 21 11:33:13 CST 2012" />
            <Test name="testAddFlags" result="pass" starttime="Fri Sep 21 11:33:13 CST 2012" endtime="Fri Sep 21 11:33:13 CST 2012" />
            <Test name="testAndroidTestCaseSetupProperly" result="pass" starttime="Fri Sep 21 11:33:13 CST 2012" endtime="Fri Sep 21 11:33:13 CST 2012" />
            <Test name="testClone" result="pass" starttime="Fri Sep 21 11:33:13 CST 2012" endtime="Fri Sep 21 11:33:13 CST 2012" />
            <Test name="testCloneFilter" result="pass" starttime="Fri Sep 21 11:33:13 CST 2012" endtime="Fri Sep 21 11:33:13 CST 2012" />
            <Test name="testConstructor" result="pass" starttime="Fri Sep 21 11:33:13 CST 2012" endtime="Fri Sep 21 11:33:13 CST 2012" />
            <Test name="testCreateChooser" result="pass" starttime="Fri Sep 21 11:33:13 CST 2012" endtime="Fri Sep 21 11:33:13 CST 2012" />
            <Test name="testDescribeContents" result="pass" starttime="Fri Sep 21 11:33:13 CST 2012" endtime="Fri Sep 21 11:33:13 CST 2012" />
            <Test name="testFillIn_action" result="pass" starttime="Fri Sep 21 11:33:13 CST 2012" endtime="Fri Sep 21 11:33:14 CST 2012" />
            <Test name="testFillIn_actionOverride" result="pass" starttime="Fri Sep 21 11:33:14 CST 2012" endtime="Fri Sep 21 11:33:14 CST 2012" />
            <Test name="testFillIn_actionSet" result="pass" starttime="Fri Sep 21 11:33:14 CST 2012" endtime="Fri Sep 21 11:33:14 CST 2012" />
            <Test name="testFillIn_blank" result="pass" starttime="Fri Sep 21 11:33:14 CST 2012" endtime="Fri Sep 21 11:33:14 CST 2012" />
            <Test name="testFillIn_category" result="pass" starttime="Fri Sep 21 11:33:14 CST 2012" endtime="Fri Sep 21 11:33:14 CST 2012" />
            <Test name="testFillIn_categoryOverride" result="pass" starttime="Fri Sep 21 11:33:14 CST 2012" endtime="Fri Sep 21 11:33:14 CST 2012" />
            <Test name="testFillIn_categorySet" result="pass" starttime="Fri Sep 21 11:33:14 CST 2012" endtime="Fri Sep 21 11:33:14 CST 2012" />
            <Test name="testFillIn_componentNoCopy" result="pass" starttime="Fri Sep 21 11:33:14 CST 2012" endtime="Fri Sep 21 11:33:14 CST 2012" />
            <Test name="testFillIn_componentOverride" result="pass" starttime="Fri Sep 21 11:33:14 CST 2012" endtime="Fri Sep 21 11:33:15 CST 2012" />
            <Test name="testFillIn_data" result="pass" starttime="Fri Sep 21 11:33:15 CST 2012" endtime="Fri Sep 21 11:33:15 CST 2012" />
            <Test name="testFillIn_dataOverride" result="pass" starttime="Fri Sep 21 11:33:15 CST 2012" endtime="Fri Sep 21 11:33:15 CST 2012" />
            <Test name="testFillIn_dataSet" result="pass" starttime="Fri Sep 21 11:33:15 CST 2012" endtime="Fri Sep 21 11:33:15 CST 2012" />
            <Test name="testFillIn_dataType" result="pass" starttime="Fri Sep 21 11:33:15 CST 2012" endtime="Fri Sep 21 11:33:15 CST 2012" />
            <Test name="testFillIn_dataTypeOverride" result="pass" starttime="Fri Sep 21 11:33:15 CST 2012" endtime="Fri Sep 21 11:33:15 CST 2012" />
            <Test name="testFillIn_dataTypeSet" result="pass" starttime="Fri Sep 21 11:33:15 CST 2012" endtime="Fri Sep 21 11:33:15 CST 2012" />
            <Test name="testFillIn_extras" result="pass" starttime="Fri Sep 21 11:33:15 CST 2012" endtime="Fri Sep 21 11:33:15 CST 2012" />
            <Test name="testFillIn_package" result="pass" starttime="Fri Sep 21 11:33:15 CST 2012" endtime="Fri Sep 21 11:33:15 CST 2012" />
            <Test name="testFillIn_packageOverride" result="pass" starttime="Fri Sep 21 11:33:15 CST 2012" endtime="Fri Sep 21 11:33:16 CST 2012" />
            <Test name="testFillIn_packageSet" result="pass" starttime="Fri Sep 21 11:33:16 CST 2012" endtime="Fri Sep 21 11:33:16 CST 2012" />
            <Test name="testFilterEquals" result="pass" starttime="Fri Sep 21 11:33:16 CST 2012" endtime="Fri Sep 21 11:33:16 CST 2012" />
            <Test name="testFilterHashCode" result="pass" starttime="Fri Sep 21 11:33:16 CST 2012" endtime="Fri Sep 21 11:33:16 CST 2012" />
            <Test name="testGetBooleanArrayExtra" result="pass" starttime="Fri Sep 21 11:33:16 CST 2012" endtime="Fri Sep 21 11:33:16 CST 2012" />
            <Test name="testGetBooleanExtra" result="pass" starttime="Fri Sep 21 11:33:16 CST 2012" endtime="Fri Sep 21 11:33:16 CST 2012" />
            <Test name="testGetBundleExtra" result="pass" starttime="Fri Sep 21 11:33:16 CST 2012" endtime="Fri Sep 21 11:33:16 CST 2012" />
            <Test name="testGetByteArrayExtra" result="pass" starttime="Fri Sep 21 11:33:16 CST 2012" endtime="Fri Sep 21 11:33:16 CST 2012" />
            <Test name="testGetByteExtra" result="pass" starttime="Fri Sep 21 11:33:16 CST 2012" endtime="Fri Sep 21 11:33:17 CST 2012" />
            <Test name="testGetCategories" result="pass" starttime="Fri Sep 21 11:33:17 CST 2012" endtime="Fri Sep 21 11:33:17 CST 2012" />
            <Test name="testGetCharArrayExtra" result="pass" starttime="Fri Sep 21 11:33:17 CST 2012" endtime="Fri Sep 21 11:33:17 CST 2012" />
            <Test name="testGetCharExtra" result="pass" starttime="Fri Sep 21 11:33:17 CST 2012" endtime="Fri Sep 21 11:33:17 CST 2012" />
            <Test name="testGetCharSequenceArrayExtra" result="pass" starttime="Fri Sep 21 11:33:17 CST 2012" endtime="Fri Sep 21 11:33:17 CST 2012" />
            <Test name="testGetCharSequenceArrayListExtra" result="pass" starttime="Fri Sep 21 11:33:17 CST 2012" endtime="Fri Sep 21 11:33:17 CST 2012" />
            <Test name="testGetCharSequenceExtra" result="pass" starttime="Fri Sep 21 11:33:17 CST 2012" endtime="Fri Sep 21 11:33:17 CST 2012" />
            <Test name="testGetDataString" result="pass" starttime="Fri Sep 21 11:33:17 CST 2012" endtime="Fri Sep 21 11:33:17 CST 2012" />
            <Test name="testGetDoubleArrayExtra" result="pass" starttime="Fri Sep 21 11:33:17 CST 2012" endtime="Fri Sep 21 11:33:18 CST 2012" />
            <Test name="testGetDoubleExtra" result="pass" starttime="Fri Sep 21 11:33:18 CST 2012" endtime="Fri Sep 21 11:33:18 CST 2012" />
            <Test name="testGetExtras" result="pass" starttime="Fri Sep 21 11:33:18 CST 2012" endtime="Fri Sep 21 11:33:18 CST 2012" />
            <Test name="testGetFloatArrayExtra" result="pass" starttime="Fri Sep 21 11:33:18 CST 2012" endtime="Fri Sep 21 11:33:18 CST 2012" />
            <Test name="testGetFloatExtra" result="pass" starttime="Fri Sep 21 11:33:18 CST 2012" endtime="Fri Sep 21 11:33:18 CST 2012" />
            <Test name="testGetIntArrayExtra" result="pass" starttime="Fri Sep 21 11:33:18 CST 2012" endtime="Fri Sep 21 11:33:18 CST 2012" />
            <Test name="testGetIntExtra" result="pass" starttime="Fri Sep 21 11:33:18 CST 2012" endtime="Fri Sep 21 11:33:18 CST 2012" />
            <Test name="testGetIntegerArrayListExtra" result="pass" starttime="Fri Sep 21 11:33:18 CST 2012" endtime="Fri Sep 21 11:33:18 CST 2012" />
            <Test name="testGetIntent" result="pass" starttime="Fri Sep 21 11:33:18 CST 2012" endtime="Fri Sep 21 11:33:18 CST 2012" />
            <Test name="testGetIntentOld" result="pass" starttime="Fri Sep 21 11:33:18 CST 2012" endtime="Fri Sep 21 11:33:19 CST 2012" />
            <Test name="testGetLongArrayExtra" result="pass" starttime="Fri Sep 21 11:33:19 CST 2012" endtime="Fri Sep 21 11:33:19 CST 2012" />
            <Test name="testGetLongExtra" result="pass" starttime="Fri Sep 21 11:33:19 CST 2012" endtime="Fri Sep 21 11:33:19 CST 2012" />
            <Test name="testGetParcelableArrayExtra" result="pass" starttime="Fri Sep 21 11:33:19 CST 2012" endtime="Fri Sep 21 11:33:19 CST 2012" />
            <Test name="testGetParcelableArrayListExtra" result="pass" starttime="Fri Sep 21 11:33:19 CST 2012" endtime="Fri Sep 21 11:33:19 CST 2012" />
            <Test name="testGetParcelableExtra" result="pass" starttime="Fri Sep 21 11:33:19 CST 2012" endtime="Fri Sep 21 11:33:19 CST 2012" />
            <Test name="testGetScheme" result="pass" starttime="Fri Sep 21 11:33:19 CST 2012" endtime="Fri Sep 21 11:33:19 CST 2012" />
            <Test name="testGetSerializableExtra" result="pass" starttime="Fri Sep 21 11:33:19 CST 2012" endtime="Fri Sep 21 11:33:19 CST 2012" />
            <Test name="testGetShortArrayExtra" result="pass" starttime="Fri Sep 21 11:33:19 CST 2012" endtime="Fri Sep 21 11:33:20 CST 2012" />
            <Test name="testGetShortExtra" result="pass" starttime="Fri Sep 21 11:33:20 CST 2012" endtime="Fri Sep 21 11:33:20 CST 2012" />
            <Test name="testGetStringArrayExtra" result="pass" starttime="Fri Sep 21 11:33:20 CST 2012" endtime="Fri Sep 21 11:33:20 CST 2012" />
            <Test name="testGetStringArrayListExtra" result="pass" starttime="Fri Sep 21 11:33:20 CST 2012" endtime="Fri Sep 21 11:33:20 CST 2012" />
            <Test name="testGetStringExtra" result="pass" starttime="Fri Sep 21 11:33:20 CST 2012" endtime="Fri Sep 21 11:33:20 CST 2012" />
            <Test name="testHasCategory" result="pass" starttime="Fri Sep 21 11:33:20 CST 2012" endtime="Fri Sep 21 11:33:20 CST 2012" />
            <Test name="testHasExtra" result="pass" starttime="Fri Sep 21 11:33:20 CST 2012" endtime="Fri Sep 21 11:33:20 CST 2012" />
            <Test name="testHasFileDescriptors" result="pass" starttime="Fri Sep 21 11:33:20 CST 2012" endtime="Fri Sep 21 11:33:20 CST 2012" />
            <Test name="testNormalizeMimeType" result="pass" starttime="Fri Sep 21 11:33:20 CST 2012" endtime="Fri Sep 21 11:33:21 CST 2012" />
            <Test name="testParseIntent" result="pass" starttime="Fri Sep 21 11:33:21 CST 2012" endtime="Fri Sep 21 11:33:21 CST 2012" />
            <Test name="testPutExtra1" result="pass" starttime="Fri Sep 21 11:33:21 CST 2012" endtime="Fri Sep 21 11:33:21 CST 2012" />
            <Test name="testPutExtra10" result="pass" starttime="Fri Sep 21 11:33:21 CST 2012" endtime="Fri Sep 21 11:33:21 CST 2012" />
            <Test name="testPutExtra11" result="pass" starttime="Fri Sep 21 11:33:21 CST 2012" endtime="Fri Sep 21 11:33:21 CST 2012" />
            <Test name="testPutExtra12" result="pass" starttime="Fri Sep 21 11:33:21 CST 2012" endtime="Fri Sep 21 11:33:21 CST 2012" />
            <Test name="testPutExtra13" result="pass" starttime="Fri Sep 21 11:33:21 CST 2012" endtime="Fri Sep 21 11:33:21 CST 2012" />
            <Test name="testPutExtra14" result="pass" starttime="Fri Sep 21 11:33:21 CST 2012" endtime="Fri Sep 21 11:33:21 CST 2012" />
            <Test name="testPutExtra15" result="pass" starttime="Fri Sep 21 11:33:21 CST 2012" endtime="Fri Sep 21 11:33:22 CST 2012" />
            <Test name="testPutExtra16" result="pass" starttime="Fri Sep 21 11:33:22 CST 2012" endtime="Fri Sep 21 11:33:22 CST 2012" />
            <Test name="testPutExtra17" result="pass" starttime="Fri Sep 21 11:33:22 CST 2012" endtime="Fri Sep 21 11:33:22 CST 2012" />
            <Test name="testPutExtra18" result="pass" starttime="Fri Sep 21 11:33:22 CST 2012" endtime="Fri Sep 21 11:33:22 CST 2012" />
            <Test name="testPutExtra19" result="pass" starttime="Fri Sep 21 11:33:22 CST 2012" endtime="Fri Sep 21 11:33:22 CST 2012" />
            <Test name="testPutExtra2" result="pass" starttime="Fri Sep 21 11:33:22 CST 2012" endtime="Fri Sep 21 11:33:22 CST 2012" />
            <Test name="testPutExtra20" result="pass" starttime="Fri Sep 21 11:33:22 CST 2012" endtime="Fri Sep 21 11:33:22 CST 2012" />
            <Test name="testPutExtra21" result="pass" starttime="Fri Sep 21 11:33:22 CST 2012" endtime="Fri Sep 21 11:33:22 CST 2012" />
            <Test name="testPutExtra22" result="pass" starttime="Fri Sep 21 11:33:22 CST 2012" endtime="Fri Sep 21 11:33:23 CST 2012" />
            <Test name="testPutExtra23" result="pass" starttime="Fri Sep 21 11:33:23 CST 2012" endtime="Fri Sep 21 11:33:23 CST 2012" />
            <Test name="testPutExtra24" result="pass" starttime="Fri Sep 21 11:33:23 CST 2012" endtime="Fri Sep 21 11:33:23 CST 2012" />
            <Test name="testPutExtra3" result="pass" starttime="Fri Sep 21 11:33:23 CST 2012" endtime="Fri Sep 21 11:33:23 CST 2012" />
            <Test name="testPutExtra4" result="pass" starttime="Fri Sep 21 11:33:23 CST 2012" endtime="Fri Sep 21 11:33:23 CST 2012" />
            <Test name="testPutExtra5" result="pass" starttime="Fri Sep 21 11:33:23 CST 2012" endtime="Fri Sep 21 11:33:23 CST 2012" />
            <Test name="testPutExtra6" result="pass" starttime="Fri Sep 21 11:33:23 CST 2012" endtime="Fri Sep 21 11:33:23 CST 2012" />
            <Test name="testPutExtra7" result="pass" starttime="Fri Sep 21 11:33:23 CST 2012" endtime="Fri Sep 21 11:33:23 CST 2012" />
            <Test name="testPutExtra8" result="pass" starttime="Fri Sep 21 11:33:23 CST 2012" endtime="Fri Sep 21 11:33:23 CST 2012" />
            <Test name="testPutExtra9" result="pass" starttime="Fri Sep 21 11:33:23 CST 2012" endtime="Fri Sep 21 11:33:24 CST 2012" />
            <Test name="testPutExtras1" result="pass" starttime="Fri Sep 21 11:33:24 CST 2012" endtime="Fri Sep 21 11:33:24 CST 2012" />
            <Test name="testPutExtras2" result="pass" starttime="Fri Sep 21 11:33:24 CST 2012" endtime="Fri Sep 21 11:33:24 CST 2012" />
            <Test name="testPutIntegerArrayListExtra" result="pass" starttime="Fri Sep 21 11:33:24 CST 2012" endtime="Fri Sep 21 11:33:24 CST 2012" />
            <Test name="testPutParcelableArrayListExtra" result="pass" starttime="Fri Sep 21 11:33:24 CST 2012" endtime="Fri Sep 21 11:33:24 CST 2012" />
            <Test name="testPutStringArrayListExtra" result="pass" starttime="Fri Sep 21 11:33:24 CST 2012" endtime="Fri Sep 21 11:33:24 CST 2012" />
            <Test name="testReadFromParcel" result="pass" starttime="Fri Sep 21 11:33:24 CST 2012" endtime="Fri Sep 21 11:33:24 CST 2012" />
            <Test name="testRemoveCategory" result="pass" starttime="Fri Sep 21 11:33:24 CST 2012" endtime="Fri Sep 21 11:33:24 CST 2012" />
            <Test name="testRemoveExtra" result="pass" starttime="Fri Sep 21 11:33:24 CST 2012" endtime="Fri Sep 21 11:33:25 CST 2012" />
            <Test name="testReplaceExtras" result="pass" starttime="Fri Sep 21 11:33:25 CST 2012" endtime="Fri Sep 21 11:33:25 CST 2012" />
            <Test name="testResolveActivity" result="pass" starttime="Fri Sep 21 11:33:25 CST 2012" endtime="Fri Sep 21 11:33:25 CST 2012" />
            <Test name="testResolveActivityInfo" result="pass" starttime="Fri Sep 21 11:33:25 CST 2012" endtime="Fri Sep 21 11:33:25 CST 2012" />
            <Test name="testResolveType1" result="pass" starttime="Fri Sep 21 11:33:25 CST 2012" endtime="Fri Sep 21 11:33:25 CST 2012" />
            <Test name="testResolveType2" result="pass" starttime="Fri Sep 21 11:33:25 CST 2012" endtime="Fri Sep 21 11:33:25 CST 2012" />
            <Test name="testResolveTypeIfNeeded" result="pass" starttime="Fri Sep 21 11:33:25 CST 2012" endtime="Fri Sep 21 11:33:25 CST 2012" />
            <Test name="testSetClass" result="pass" starttime="Fri Sep 21 11:33:25 CST 2012" endtime="Fri Sep 21 11:33:25 CST 2012" />
            <Test name="testSetClassName1" result="pass" starttime="Fri Sep 21 11:33:25 CST 2012" endtime="Fri Sep 21 11:33:26 CST 2012" />
            <Test name="testSetClassName2" result="pass" starttime="Fri Sep 21 11:33:26 CST 2012" endtime="Fri Sep 21 11:33:26 CST 2012" />
            <Test name="testSetData" result="pass" starttime="Fri Sep 21 11:33:26 CST 2012" endtime="Fri Sep 21 11:33:26 CST 2012" />
            <Test name="testSetDataAndType" result="pass" starttime="Fri Sep 21 11:33:26 CST 2012" endtime="Fri Sep 21 11:33:26 CST 2012" />
            <Test name="testSetExtrasClassLoader" result="pass" starttime="Fri Sep 21 11:33:26 CST 2012" endtime="Fri Sep 21 11:33:26 CST 2012" />
            <Test name="testSetType" result="pass" starttime="Fri Sep 21 11:33:26 CST 2012" endtime="Fri Sep 21 11:33:26 CST 2012" />
            <Test name="testToString" result="pass" starttime="Fri Sep 21 11:33:26 CST 2012" endtime="Fri Sep 21 11:33:26 CST 2012" />
            <Test name="testToURI" result="pass" starttime="Fri Sep 21 11:33:26 CST 2012" endtime="Fri Sep 21 11:33:26 CST 2012" />
          </TestCase>
          <TestCase name="Intent_FilterComparisonTest" priority="">
            <Test name="testAndroidTestCaseSetupProperly" result="pass" starttime="Fri Sep 21 11:33:26 CST 2012" endtime="Fri Sep 21 11:33:26 CST 2012" />
            <Test name="testConstructor" result="pass" starttime="Fri Sep 21 11:33:26 CST 2012" endtime="Fri Sep 21 11:33:27 CST 2012" />
            <Test name="testEquals" result="pass" starttime="Fri Sep 21 11:33:27 CST 2012" endtime="Fri Sep 21 11:33:27 CST 2012" />
            <Test name="testGetIntent" result="pass" starttime="Fri Sep 21 11:33:27 CST 2012" endtime="Fri Sep 21 11:33:27 CST 2012" />
            <Test name="testHashCode" result="pass" starttime="Fri Sep 21 11:33:27 CST 2012" endtime="Fri Sep 21 11:33:27 CST 2012" />
          </TestCase>
          <TestCase name="Intent_ShortcutIconResourceTest" priority="">
            <Test name="testAndroidTestCaseSetupProperly" result="pass" starttime="Fri Sep 21 11:33:27 CST 2012" endtime="Fri Sep 21 11:33:27 CST 2012" />
            <Test name="testDescribeContents" result="pass" starttime="Fri Sep 21 11:33:27 CST 2012" endtime="Fri Sep 21 11:33:27 CST 2012" />
            <Test name="testFromContext" result="pass" starttime="Fri Sep 21 11:33:27 CST 2012" endtime="Fri Sep 21 11:33:27 CST 2012" />
            <Test name="testToString" result="pass" starttime="Fri Sep 21 11:33:27 CST 2012" endtime="Fri Sep 21 11:33:27 CST 2012" />
            <Test name="testWriteToParcel" result="pass" starttime="Fri Sep 21 11:33:27 CST 2012" endtime="Fri Sep 21 11:33:28 CST 2012" />
          </TestCase>
          <TestCase name="MutableContextWrapperTest" priority="">
            <Test name="testAndroidTestCaseSetupProperly" result="pass" starttime="Fri Sep 21 11:33:28 CST 2012" endtime="Fri Sep 21 11:33:28 CST 2012" />
            <Test name="testConstructor" result="pass" starttime="Fri Sep 21 11:33:28 CST 2012" endtime="Fri Sep 21 11:33:28 CST 2012" />
            <Test name="testSetBaseContext" result="pass" starttime="Fri Sep 21 11:33:28 CST 2012" endtime="Fri Sep 21 11:33:28 CST 2012" />
          </TestCase>
          <TestCase name="ReceiverCallNotAllowedExceptionTest" priority="">
            <Test name="testAndroidTestCaseSetupProperly" result="pass" starttime="Fri Sep 21 11:33:28 CST 2012" endtime="Fri Sep 21 11:33:28 CST 2012" />
            <Test name="testConstructor" result="pass" starttime="Fri Sep 21 11:33:28 CST 2012" endtime="Fri Sep 21 11:33:28 CST 2012" />
          </TestCase>
          <TestCase name="SearchRecentSuggestionsProviderTest" priority="">
            <Test name="testAndroidTestCaseSetupProperly" result="pass" starttime="Fri Sep 21 11:33:28 CST 2012" endtime="Fri Sep 21 11:33:28 CST 2012" />
            <Test name="testSearchRecentSuggestionsProvider" result="pass" starttime="Fri Sep 21 11:33:28 CST 2012" endtime="Fri Sep 21 11:33:29 CST 2012" />
          </TestCase>
          <TestCase name="SharedPreferencesTest" priority="">
            <Test name="testAndroidTestCaseSetupProperly" result="pass" starttime="Fri Sep 21 11:33:29 CST 2012" endtime="Fri Sep 21 11:33:29 CST 2012" />
            <Test name="testCommitCreatesFiles" result="pass" starttime="Fri Sep 21 11:33:29 CST 2012" endtime="Fri Sep 21 11:33:29 CST 2012" />
            <Test name="testDefaults" result="pass" starttime="Fri Sep 21 11:33:29 CST 2012" endtime="Fri Sep 21 11:33:29 CST 2012" />
            <Test name="testModeMultiProcess" result="pass" starttime="Fri Sep 21 11:33:29 CST 2012" endtime="Fri Sep 21 11:33:29 CST 2012" />
            <Test name="testNoFileInitially" result="pass" starttime="Fri Sep 21 11:33:29 CST 2012" endtime="Fri Sep 21 11:33:29 CST 2012" />
            <Test name="testNonRedundantClear" result="pass" starttime="Fri Sep 21 11:33:29 CST 2012" endtime="Fri Sep 21 11:33:30 CST 2012" />
            <Test name="testNonRedundantString" result="pass" starttime="Fri Sep 21 11:33:30 CST 2012" endtime="Fri Sep 21 11:33:32 CST 2012" />
            <Test name="testRedundantBoolean" result="pass" starttime="Fri Sep 21 11:33:32 CST 2012" endtime="Fri Sep 21 11:33:33 CST 2012" />
            <Test name="testRedundantClear" result="pass" starttime="Fri Sep 21 11:33:33 CST 2012" endtime="Fri Sep 21 11:33:34 CST 2012" />
            <Test name="testRedundantCommitWritesFileIfNotAlreadyExisting" result="pass" starttime="Fri Sep 21 11:33:34 CST 2012" endtime="Fri Sep 21 11:33:34 CST 2012" />
            <Test name="testRedundantRemove" result="pass" starttime="Fri Sep 21 11:33:34 CST 2012" endtime="Fri Sep 21 11:33:35 CST 2012" />
            <Test name="testRedundantString" result="pass" starttime="Fri Sep 21 11:33:35 CST 2012" endtime="Fri Sep 21 11:33:36 CST 2012" />
            <Test name="testTorture" result="pass" starttime="Fri Sep 21 11:33:36 CST 2012" endtime="Fri Sep 21 11:33:37 CST 2012" />
            <Test name="testTorture2" result="pass" starttime="Fri Sep 21 11:33:37 CST 2012" endtime="Fri Sep 21 11:33:44 CST 2012" />
          </TestCase>
          <TestCase name="UriMatcherTest" priority="">
            <Test name="testAddURI" result="pass" starttime="Fri Sep 21 11:33:44 CST 2012" endtime="Fri Sep 21 11:33:44 CST 2012" />
            <Test name="testAddURIFailure" result="pass" starttime="Fri Sep 21 11:33:44 CST 2012" endtime="Fri Sep 21 11:33:44 CST 2012" />
            <Test name="testAndroidTestCaseSetupProperly" result="pass" starttime="Fri Sep 21 11:33:44 CST 2012" endtime="Fri Sep 21 11:33:44 CST 2012" />
            <Test name="testConstructor" result="pass" starttime="Fri Sep 21 11:33:44 CST 2012" endtime="Fri Sep 21 11:33:44 CST 2012" />
            <Test name="testMatch" result="pass" starttime="Fri Sep 21 11:33:44 CST 2012" endtime="Fri Sep 21 11:33:44 CST 2012" />
            <Test name="testMatchFailure" result="pass" starttime="Fri Sep 21 11:33:44 CST 2012" endtime="Fri Sep 21 11:33:44 CST 2012" />
          </TestCase>
        </TestSuite>
        <TestSuite name="pm">
          <TestSuite name="cts">
            <TestCase name="ActivityInfoTest" priority="">
              <Test name="testAndroidTestCaseSetupProperly" result="pass" starttime="Fri Sep 21 11:33:44 CST 2012" endtime="Fri Sep 21 11:33:45 CST 2012" />
              <Test name="testConstructor" result="pass" starttime="Fri Sep 21 11:33:45 CST 2012" endtime="Fri Sep 21 11:33:45 CST 2012" />
              <Test name="testDescribeContents" result="pass" starttime="Fri Sep 21 11:33:45 CST 2012" endtime="Fri Sep 21 11:33:45 CST 2012" />
              <Test name="testDump" result="pass" starttime="Fri Sep 21 11:33:45 CST 2012" endtime="Fri Sep 21 11:33:45 CST 2012" />
              <Test name="testGetThemeResource" result="pass" starttime="Fri Sep 21 11:33:45 CST 2012" endtime="Fri Sep 21 11:33:45 CST 2012" />
              <Test name="testToString" result="pass" starttime="Fri Sep 21 11:33:45 CST 2012" endtime="Fri Sep 21 11:33:45 CST 2012" />
              <Test name="testWriteToParcel" result="pass" starttime="Fri Sep 21 11:33:45 CST 2012" endtime="Fri Sep 21 11:33:45 CST 2012" />
            </TestCase>
            <TestCase name="ApplicationInfoTest" priority="">
              <Test name="testAndroidTestCaseSetupProperly" result="pass" starttime="Fri Sep 21 11:33:45 CST 2012" endtime="Fri Sep 21 11:33:45 CST 2012" />
              <Test name="testConstructor" result="pass" starttime="Fri Sep 21 11:33:45 CST 2012" endtime="Fri Sep 21 11:33:46 CST 2012" />
              <Test name="testDescribeContents" result="pass" starttime="Fri Sep 21 11:33:46 CST 2012" endtime="Fri Sep 21 11:33:46 CST 2012" />
              <Test name="testDump" result="pass" starttime="Fri Sep 21 11:33:46 CST 2012" endtime="Fri Sep 21 11:33:46 CST 2012" />
              <Test name="testLoadDescription" result="pass" starttime="Fri Sep 21 11:33:46 CST 2012" endtime="Fri Sep 21 11:33:46 CST 2012" />
              <Test name="testToString" result="pass" starttime="Fri Sep 21 11:33:46 CST 2012" endtime="Fri Sep 21 11:33:46 CST 2012" />
              <Test name="testWriteToParcel" result="pass" starttime="Fri Sep 21 11:33:46 CST 2012" endtime="Fri Sep 21 11:33:46 CST 2012" />
            </TestCase>
            <TestCase name="ApplicationInfo_DisplayNameComparatorTest" priority="">
              <Test name="testAndroidTestCaseSetupProperly" result="pass" starttime="Fri Sep 21 11:33:46 CST 2012" endtime="Fri Sep 21 11:33:46 CST 2012" />
              <Test name="testCompare" result="pass" starttime="Fri Sep 21 11:33:46 CST 2012" endtime="Fri Sep 21 11:33:46 CST 2012" />
              <Test name="testConstructor" result="pass" starttime="Fri Sep 21 11:33:46 CST 2012" endtime="Fri Sep 21 11:33:47 CST 2012" />
            </TestCase>
            <TestCase name="ComponentInfoTest" priority="">
              <Test name="testAndroidTestCaseSetupProperly" result="pass" starttime="Fri Sep 21 11:33:47 CST 2012" endtime="Fri Sep 21 11:33:47 CST 2012" />
              <Test name="testConstructor" result="pass" starttime="Fri Sep 21 11:33:47 CST 2012" endtime="Fri Sep 21 11:33:47 CST 2012" />
              <Test name="testDumpBack" result="pass" starttime="Fri Sep 21 11:33:47 CST 2012" endtime="Fri Sep 21 11:33:47 CST 2012" />
              <Test name="testDumpFront" result="pass" starttime="Fri Sep 21 11:33:47 CST 2012" endtime="Fri Sep 21 11:33:47 CST 2012" />
              <Test name="testGetIconResource" result="pass" starttime="Fri Sep 21 11:33:47 CST 2012" endtime="Fri Sep 21 11:33:47 CST 2012" />
              <Test name="testIsEnabled" result="pass" starttime="Fri Sep 21 11:33:47 CST 2012" endtime="Fri Sep 21 11:33:47 CST 2012" />
              <Test name="testLoadIcon" result="pass" starttime="Fri Sep 21 11:33:47 CST 2012" endtime="Fri Sep 21 11:33:47 CST 2012" />
              <Test name="testLoadLabel" result="pass" starttime="Fri Sep 21 11:33:47 CST 2012" endtime="Fri Sep 21 11:33:48 CST 2012" />
              <Test name="testWriteToParcel" result="pass" starttime="Fri Sep 21 11:33:48 CST 2012" endtime="Fri Sep 21 11:33:48 CST 2012" />
            </TestCase>
            <TestCase name="ConfigurationInfoTest" priority="">
              <Test name="testAndroidTestCaseSetupProperly" result="pass" starttime="Fri Sep 21 11:33:48 CST 2012" endtime="Fri Sep 21 11:33:48 CST 2012" />
              <Test name="testConfigPreferences" result="pass" starttime="Fri Sep 21 11:33:48 CST 2012" endtime="Fri Sep 21 11:33:48 CST 2012" />
            </TestCase>
            <TestCase name="InstrumentationInfoTest" priority="">
              <Test name="testAndroidTestCaseSetupProperly" result="pass" starttime="Fri Sep 21 11:33:48 CST 2012" endtime="Fri Sep 21 11:33:48 CST 2012" />
              <Test name="testInstrumentationInfo" result="pass" starttime="Fri Sep 21 11:33:48 CST 2012" endtime="Fri Sep 21 11:33:48 CST 2012" />
            </TestCase>
            <TestCase name="PackageInfoTest" priority="">
              <Test name="testAndroidTestCaseSetupProperly" result="pass" starttime="Fri Sep 21 11:33:48 CST 2012" endtime="Fri Sep 21 11:33:48 CST 2012" />
              <Test name="testPackageInfoOp" result="pass" starttime="Fri Sep 21 11:33:48 CST 2012" endtime="Fri Sep 21 11:33:48 CST 2012" />
            </TestCase>
            <TestCase name="PackageItemInfoTest" priority="">
              <Test name="testAndroidTestCaseSetupProperly" result="pass" starttime="Fri Sep 21 11:33:48 CST 2012" endtime="Fri Sep 21 11:33:49 CST 2012" />
              <Test name="testDump" result="pass" starttime="Fri Sep 21 11:33:49 CST 2012" endtime="Fri Sep 21 11:33:49 CST 2012" />
              <Test name="testLoadMethods" result="pass" starttime="Fri Sep 21 11:33:49 CST 2012" endtime="Fri Sep 21 11:33:49 CST 2012" />
              <Test name="testWriteToParcel" result="pass" starttime="Fri Sep 21 11:33:49 CST 2012" endtime="Fri Sep 21 11:33:49 CST 2012" />
            </TestCase>
            <TestCase name="PackageItemInfo_DisplayNameComparatorTest" priority="">
              <Test name="testAndroidTestCaseSetupProperly" result="pass" starttime="Fri Sep 21 11:33:49 CST 2012" endtime="Fri Sep 21 11:33:49 CST 2012" />
              <Test name="testDisplayNameComparator" result="pass" starttime="Fri Sep 21 11:33:49 CST 2012" endtime="Fri Sep 21 11:33:49 CST 2012" />
            </TestCase>
            <TestCase name="PackageManagerTest" priority="">
              <Test name="testAccessEnabledSetting" result="pass" starttime="Fri Sep 21 11:33:49 CST 2012" endtime="Fri Sep 21 11:33:49 CST 2012" />
              <Test name="testAddPreferredActivity" result="pass" starttime="Fri Sep 21 11:33:49 CST 2012" endtime="Fri Sep 21 11:33:49 CST 2012" />
              <Test name="testAndroidTestCaseSetupProperly" result="pass" starttime="Fri Sep 21 11:33:49 CST 2012" endtime="Fri Sep 21 11:33:49 CST 2012" />
              <Test name="testCheckMethods" result="pass" starttime="Fri Sep 21 11:33:49 CST 2012" endtime="Fri Sep 21 11:33:50 CST 2012" />
              <Test name="testClearPackagePreferredActivities" result="pass" starttime="Fri Sep 21 11:33:50 CST 2012" endtime="Fri Sep 21 11:33:50 CST 2012" />
              <Test name="testGetIcon" result="pass" starttime="Fri Sep 21 11:33:50 CST 2012" endtime="Fri Sep 21 11:33:50 CST 2012" />
              <Test name="testGetInfo" result="pass" starttime="Fri Sep 21 11:33:50 CST 2012" endtime="Fri Sep 21 11:33:50 CST 2012" />
              <Test name="testGetPackageArchiveInfo" result="pass" starttime="Fri Sep 21 11:33:50 CST 2012" endtime="Fri Sep 21 11:33:50 CST 2012" />
              <Test name="testGetPreferredActivities" result="pass" starttime="Fri Sep 21 11:33:50 CST 2012" endtime="Fri Sep 21 11:33:50 CST 2012" />
              <Test name="testGetResources" result="pass" starttime="Fri Sep 21 11:33:50 CST 2012" endtime="Fri Sep 21 11:33:50 CST 2012" />
              <Test name="testOpPermission" result="pass" starttime="Fri Sep 21 11:33:50 CST 2012" endtime="Fri Sep 21 11:33:51 CST 2012" />
              <Test name="testQuery" result="pass" starttime="Fri Sep 21 11:33:51 CST 2012" endtime="Fri Sep 21 11:33:51 CST 2012" />
              <Test name="testResolveMethods" result="pass" starttime="Fri Sep 21 11:33:51 CST 2012" endtime="Fri Sep 21 11:33:51 CST 2012" />
            </TestCase>
            <TestCase name="PackageManager_NameNotFoundExceptionTest" priority="">
              <Test name="testAndroidTestCaseSetupProperly" result="pass" starttime="Fri Sep 21 11:33:51 CST 2012" endtime="Fri Sep 21 11:33:51 CST 2012" />
              <Test name="testNameNotFoundException" result="pass" starttime="Fri Sep 21 11:33:51 CST 2012" endtime="Fri Sep 21 11:33:51 CST 2012" />
            </TestCase>
            <TestCase name="PackageStatsTest" priority="">
              <Test name="testAndroidTestCaseSetupProperly" result="pass" starttime="Fri Sep 21 11:33:51 CST 2012" endtime="Fri Sep 21 11:33:51 CST 2012" />
              <Test name="testPackageStats" result="pass" starttime="Fri Sep 21 11:33:51 CST 2012" endtime="Fri Sep 21 11:33:51 CST 2012" />
            </TestCase>
            <TestCase name="PermissionGroupInfoTest" priority="">
              <Test name="testAndroidTestCaseSetupProperly" result="pass" starttime="Fri Sep 21 11:33:51 CST 2012" endtime="Fri Sep 21 11:33:51 CST 2012" />
              <Test name="testPermissionGroupInfo" result="pass" starttime="Fri Sep 21 11:33:51 CST 2012" endtime="Fri Sep 21 11:33:51 CST 2012" />
            </TestCase>
            <TestCase name="PermissionInfoTest" priority="">
              <Test name="testAndroidTestCaseSetupProperly" result="pass" starttime="Fri Sep 21 11:33:51 CST 2012" endtime="Fri Sep 21 11:33:51 CST 2012" />
              <Test name="testPermissionInfo" result="pass" starttime="Fri Sep 21 11:33:51 CST 2012" endtime="Fri Sep 21 11:33:52 CST 2012" />
            </TestCase>
            <TestCase name="ProviderInfoTest" priority="">
              <Test name="testAndroidTestCaseSetupProperly" result="pass" starttime="Fri Sep 21 11:33:52 CST 2012" endtime="Fri Sep 21 11:33:52 CST 2012" />
              <Test name="testProviderInfo" result="pass" starttime="Fri Sep 21 11:33:52 CST 2012" endtime="Fri Sep 21 11:33:52 CST 2012" />
            </TestCase>
            <TestCase name="ResolveInfoTest" priority="">
              <Test name="testAndroidTestCaseSetupProperly" result="pass" starttime="Fri Sep 21 11:33:52 CST 2012" endtime="Fri Sep 21 11:33:52 CST 2012" />
              <Test name="testDump" result="pass" starttime="Fri Sep 21 11:33:52 CST 2012" endtime="Fri Sep 21 11:33:52 CST 2012" />
              <Test name="testResolveInfo" result="pass" starttime="Fri Sep 21 11:33:52 CST 2012" endtime="Fri Sep 21 11:33:52 CST 2012" />
            </TestCase>
            <TestCase name="ResolveInfo_DisplayNameComparatorTest" priority="">
              <Test name="testAndroidTestCaseSetupProperly" result="pass" starttime="Fri Sep 21 11:33:52 CST 2012" endtime="Fri Sep 21 11:33:52 CST 2012" />
              <Test name="testDisplayNameComparator" result="pass" starttime="Fri Sep 21 11:33:52 CST 2012" endtime="Fri Sep 21 11:33:52 CST 2012" />
            </TestCase>
            <TestCase name="ServiceInfoTest" priority="">
              <Test name="testAndroidTestCaseSetupProperly" result="pass" starttime="Fri Sep 21 11:33:52 CST 2012" endtime="Fri Sep 21 11:33:52 CST 2012" />
              <Test name="testServiceInfo" result="pass" starttime="Fri Sep 21 11:33:52 CST 2012" endtime="Fri Sep 21 11:33:52 CST 2012" />
            </TestCase>
            <TestCase name="SignatureTest" priority="">
              <Test name="testAndroidTestCaseSetupProperly" result="pass" starttime="Fri Sep 21 11:33:52 CST 2012" endtime="Fri Sep 21 11:33:53 CST 2012" />
              <Test name="testSignatureByteArrayConstructorNull" result="pass" starttime="Fri Sep 21 11:33:53 CST 2012" endtime="Fri Sep 21 11:33:53 CST 2012" />
              <Test name="testSignatureByteArrayToCharsString" result="pass" starttime="Fri Sep 21 11:33:53 CST 2012" endtime="Fri Sep 21 11:33:53 CST 2012" />
              <Test name="testSignatureStringConstructorInvalidLength" result="pass" starttime="Fri Sep 21 11:33:53 CST 2012" endtime="Fri Sep 21 11:33:53 CST 2012" />
              <Test name="testSignatureStringConstructorNull" result="pass" starttime="Fri Sep 21 11:33:53 CST 2012" endtime="Fri Sep 21 11:33:53 CST 2012" />
              <Test name="testSignatureStringConstructorValid" result="pass" starttime="Fri Sep 21 11:33:53 CST 2012" endtime="Fri Sep 21 11:33:53 CST 2012" />
              <Test name="testSignatureStringToByteArray" result="pass" starttime="Fri Sep 21 11:33:53 CST 2012" endtime="Fri Sep 21 11:33:53 CST 2012" />
              <Test name="testSignatureToChars" result="pass" starttime="Fri Sep 21 11:33:53 CST 2012" endtime="Fri Sep 21 11:33:53 CST 2012" />
              <Test name="testSignatureToCharsExistingArrayCorrectlySized" result="pass" starttime="Fri Sep 21 11:33:53 CST 2012" endtime="Fri Sep 21 11:33:53 CST 2012" />
              <Test name="testSignatureToCharsExistingArrayTooSmall" result="pass" starttime="Fri Sep 21 11:33:53 CST 2012" endtime="Fri Sep 21 11:33:54 CST 2012" />
              <Test name="testSignatureToCharsNullArrays" result="pass" starttime="Fri Sep 21 11:33:54 CST 2012" endtime="Fri Sep 21 11:33:54 CST 2012" />
              <Test name="testTools" result="pass" starttime="Fri Sep 21 11:33:54 CST 2012" endtime="Fri Sep 21 11:33:54 CST 2012" />
            </TestCase>
          </TestSuite>
        </TestSuite>
        <TestSuite name="res">
          <TestSuite name="cts">
            <TestCase name="ArrayTest" priority="">
              <Test name="testAndroidTestCaseSetupProperly" result="pass" starttime="Fri Sep 21 11:33:54 CST 2012" endtime="Fri Sep 21 11:33:54 CST 2012" />
              <Test name="testIntegers" result="pass" starttime="Fri Sep 21 11:33:54 CST 2012" endtime="Fri Sep 21 11:33:54 CST 2012" />
              <Test name="testStrings" result="pass" starttime="Fri Sep 21 11:33:54 CST 2012" endtime="Fri Sep 21 11:33:54 CST 2012" />
            </TestCase>
            <TestCase name="AssetFileDescriptorTest" priority="">
              <Test name="testAndroidTestCaseSetupProperly" result="pass" starttime="Fri Sep 21 11:33:54 CST 2012" endtime="Fri Sep 21 11:33:54 CST 2012" />
              <Test name="testInputOutputStream" result="pass" starttime="Fri Sep 21 11:33:54 CST 2012" endtime="Fri Sep 21 11:33:54 CST 2012" />
              <Test name="testMiscMethod" result="pass" starttime="Fri Sep 21 11:33:54 CST 2012" endtime="Fri Sep 21 11:33:54 CST 2012" />
            </TestCase>
            <TestCase name="AssetFileDescriptor_AutoCloseInputStreamTest" priority="">
              <Test name="testAndroidTestCaseSetupProperly" result="pass" starttime="Fri Sep 21 11:33:54 CST 2012" endtime="Fri Sep 21 11:33:55 CST 2012" />
              <Test name="testAvailableRead" result="pass" starttime="Fri Sep 21 11:33:55 CST 2012" endtime="Fri Sep 21 11:33:55 CST 2012" />
              <Test name="testAvailableReadBuffer" result="pass" starttime="Fri Sep 21 11:33:55 CST 2012" endtime="Fri Sep 21 11:33:55 CST 2012" />
              <Test name="testAvailableReadBufferLen" result="pass" starttime="Fri Sep 21 11:33:55 CST 2012" endtime="Fri Sep 21 11:33:55 CST 2012" />
              <Test name="testMark" result="pass" starttime="Fri Sep 21 11:33:55 CST 2012" endtime="Fri Sep 21 11:33:55 CST 2012" />
              <Test name="testRead" result="pass" starttime="Fri Sep 21 11:33:55 CST 2012" endtime="Fri Sep 21 11:33:55 CST 2012" />
              <Test name="testReadBuffer" result="pass" starttime="Fri Sep 21 11:33:55 CST 2012" endtime="Fri Sep 21 11:33:55 CST 2012" />
              <Test name="testReadBufferLen" result="pass" starttime="Fri Sep 21 11:33:55 CST 2012" endtime="Fri Sep 21 11:33:55 CST 2012" />
              <Test name="testReadBufferPartial" result="pass" starttime="Fri Sep 21 11:33:55 CST 2012" endtime="Fri Sep 21 11:33:55 CST 2012" />
              <Test name="testReadPartial" result="pass" starttime="Fri Sep 21 11:33:55 CST 2012" endtime="Fri Sep 21 11:33:56 CST 2012" />
              <Test name="testSkip" result="pass" starttime="Fri Sep 21 11:33:56 CST 2012" endtime="Fri Sep 21 11:33:56 CST 2012" />
            </TestCase>
            <TestCase name="AssetFileDescriptor_AutoCloseOutputStreamTest" priority="">
              <Test name="testAndroidTestCaseSetupProperly" result="pass" starttime="Fri Sep 21 11:33:56 CST 2012" endtime="Fri Sep 21 11:33:56 CST 2012" />
              <Test name="testAutoCloseOutputStream" result="pass" starttime="Fri Sep 21 11:33:56 CST 2012" endtime="Fri Sep 21 11:33:56 CST 2012" />
            </TestCase>
            <TestCase name="AssetManagerTest" priority="">
              <Test name="testAndroidTestCaseSetupProperly" result="pass" starttime="Fri Sep 21 11:33:56 CST 2012" endtime="Fri Sep 21 11:33:56 CST 2012" />
              <Test name="testAssetOperations" result="pass" starttime="Fri Sep 21 11:33:56 CST 2012" endtime="Fri Sep 21 11:33:56 CST 2012" />
            </TestCase>
            <TestCase name="AssetManager_AssetInputStreamTest" priority="">
              <Test name="testAndroidTestCaseSetupProperly" result="pass" starttime="Fri Sep 21 11:33:56 CST 2012" endtime="Fri Sep 21 11:33:56 CST 2012" />
              <Test name="testClose" result="pass" starttime="Fri Sep 21 11:33:56 CST 2012" endtime="Fri Sep 21 11:33:56 CST 2012" />
              <Test name="testGetAssetInt" result="pass" starttime="Fri Sep 21 11:33:56 CST 2012" endtime="Fri Sep 21 11:33:56 CST 2012" />
              <Test name="testMarkReset" result="pass" starttime="Fri Sep 21 11:33:56 CST 2012" endtime="Fri Sep 21 11:33:57 CST 2012" />
              <Test name="testReadMethods" result="pass" starttime="Fri Sep 21 11:33:57 CST 2012" endtime="Fri Sep 21 11:33:57 CST 2012" />
            </TestCase>
            <TestCase name="ColorStateListTest" priority="">
              <Test name="testAndroidTestCaseSetupProperly" result="pass" starttime="Fri Sep 21 11:33:57 CST 2012" endtime="Fri Sep 21 11:33:57 CST 2012" />
              <Test name="testColorStateList" result="pass" starttime="Fri Sep 21 11:33:57 CST 2012" endtime="Fri Sep 21 11:33:57 CST 2012" />
            </TestCase>
            <TestCase name="ConfigTest" priority="">
              <Test name="testAllClassicConfigs" result="pass" starttime="Fri Sep 21 11:33:57 CST 2012" endtime="Fri Sep 21 11:33:57 CST 2012" />
              <Test name="testAllEmptyConfigs" result="pass" starttime="Fri Sep 21 11:33:57 CST 2012" endtime="Fri Sep 21 11:33:57 CST 2012" />
              <Test name="testAndroidTestCaseSetupProperly" result="pass" starttime="Fri Sep 21 11:33:57 CST 2012" endtime="Fri Sep 21 11:33:57 CST 2012" />
              <Test name="testCombinations" result="pass" starttime="Fri Sep 21 11:33:57 CST 2012" endtime="Fri Sep 21 11:33:57 CST 2012" />
              <Test name="testDensity" result="pass" starttime="Fri Sep 21 11:33:57 CST 2012" endtime="Fri Sep 21 11:33:57 CST 2012" />
              <Test name="testNewScreenSize" result="pass" starttime="Fri Sep 21 11:33:57 CST 2012" endtime="Fri Sep 21 11:33:58 CST 2012" />
              <Test name="testPrecidence" result="pass" starttime="Fri Sep 21 11:33:58 CST 2012" endtime="Fri Sep 21 11:33:58 CST 2012" />
              <Test name="testScreenSize" result="pass" starttime="Fri Sep 21 11:33:58 CST 2012" endtime="Fri Sep 21 11:33:58 CST 2012" />
              <Test name="testVersions" result="pass" starttime="Fri Sep 21 11:33:58 CST 2012" endtime="Fri Sep 21 11:33:58 CST 2012" />
            </TestCase>
            <TestCase name="ConfigurationTest" priority="">
              <Test name="testAndroidTestCaseSetupProperly" result="pass" starttime="Fri Sep 21 11:33:58 CST 2012" endtime="Fri Sep 21 11:33:58 CST 2012" />
              <Test name="testCompareTo" result="pass" starttime="Fri Sep 21 11:33:58 CST 2012" endtime="Fri Sep 21 11:33:58 CST 2012" />
              <Test name="testConstructor" result="pass" starttime="Fri Sep 21 11:33:58 CST 2012" endtime="Fri Sep 21 11:33:58 CST 2012" />
              <Test name="testDescribeContents" result="pass" starttime="Fri Sep 21 11:33:58 CST 2012" endtime="Fri Sep 21 11:33:58 CST 2012" />
              <Test name="testDiff" result="pass" starttime="Fri Sep 21 11:33:58 CST 2012" endtime="Fri Sep 21 11:33:58 CST 2012" />
              <Test name="testEquals" result="pass" starttime="Fri Sep 21 11:33:59 CST 2012" endtime="Fri Sep 21 11:33:59 CST 2012" />
              <Test name="testHashCode" result="pass" starttime="Fri Sep 21 11:33:59 CST 2012" endtime="Fri Sep 21 11:33:59 CST 2012" />
              <Test name="testNeedNewResources" result="pass" starttime="Fri Sep 21 11:33:59 CST 2012" endtime="Fri Sep 21 11:33:59 CST 2012" />
              <Test name="testSetToDefaults" result="pass" starttime="Fri Sep 21 11:33:59 CST 2012" endtime="Fri Sep 21 11:33:59 CST 2012" />
              <Test name="testToString" result="pass" starttime="Fri Sep 21 11:33:59 CST 2012" endtime="Fri Sep 21 11:33:59 CST 2012" />
              <Test name="testWriteToParcel" result="pass" starttime="Fri Sep 21 11:33:59 CST 2012" endtime="Fri Sep 21 11:33:59 CST 2012" />
            </TestCase>
            <TestCase name="FractionTest" priority="">
              <Test name="testAndroidTestCaseSetupProperly" result="pass" starttime="Fri Sep 21 11:33:59 CST 2012" endtime="Fri Sep 21 11:33:59 CST 2012" />
              <Test name="testFractions" result="pass" starttime="Fri Sep 21 11:33:59 CST 2012" endtime="Fri Sep 21 11:33:59 CST 2012" />
            </TestCase>
            <TestCase name="PluralResourcesTest" priority="">
              <Test name="testAndroidTestCaseSetupProperly" result="pass" starttime="Fri Sep 21 11:33:59 CST 2012" endtime="Fri Sep 21 11:33:59 CST 2012" />
              <Test name="testCzech" result="pass" starttime="Fri Sep 21 11:33:59 CST 2012" endtime="Fri Sep 21 11:34:00 CST 2012" />
              <Test name="testPlurals" result="pass" starttime="Fri Sep 21 11:34:00 CST 2012" endtime="Fri Sep 21 11:34:00 CST 2012" />
            </TestCase>
            <TestCase name="PrimitiveTest" priority="">
              <Test name="testAndroidTestCaseSetupProperly" result="pass" starttime="Fri Sep 21 11:34:00 CST 2012" endtime="Fri Sep 21 11:34:00 CST 2012" />
              <Test name="testBoolean" result="pass" starttime="Fri Sep 21 11:34:00 CST 2012" endtime="Fri Sep 21 11:34:00 CST 2012" />
              <Test name="testEnum" result="pass" starttime="Fri Sep 21 11:34:00 CST 2012" endtime="Fri Sep 21 11:34:00 CST 2012" />
              <Test name="testFlags" result="pass" starttime="Fri Sep 21 11:34:00 CST 2012" endtime="Fri Sep 21 11:34:00 CST 2012" />
              <Test name="testFormattedString" result="pass" starttime="Fri Sep 21 11:34:00 CST 2012" endtime="Fri Sep 21 11:34:00 CST 2012" />
              <Test name="testStringCoerce" result="pass" starttime="Fri Sep 21 11:34:00 CST 2012" endtime="Fri Sep 21 11:34:00 CST 2012" />
            </TestCase>
            <TestCase name="RawResourceTest" priority="">
              <Test name="testAndroidTestCaseSetupProperly" result="pass" starttime="Fri Sep 21 11:34:00 CST 2012" endtime="Fri Sep 21 11:34:00 CST 2012" />
              <Test name="testReadToEnd" result="pass" starttime="Fri Sep 21 11:34:00 CST 2012" endtime="Fri Sep 21 11:34:00 CST 2012" />
            </TestCase>
            <TestCase name="ResourceNameTest" priority="">
              <Test name="testAndroidTestCaseSetupProperly" result="pass" starttime="Fri Sep 21 11:34:01 CST 2012" endtime="Fri Sep 21 11:34:01 CST 2012" />
              <Test name="testGetResourceIdentifier" result="pass" starttime="Fri Sep 21 11:34:01 CST 2012" endtime="Fri Sep 21 11:34:01 CST 2012" />
              <Test name="testGetResourceName" result="pass" starttime="Fri Sep 21 11:34:01 CST 2012" endtime="Fri Sep 21 11:34:01 CST 2012" />
            </TestCase>
            <TestCase name="ResourcesTest" priority="">
              <Test name="testAndroidTestCaseSetupProperly" result="pass" starttime="Fri Sep 21 11:34:01 CST 2012" endtime="Fri Sep 21 11:34:01 CST 2012" />
              <Test name="testGetAnimation" result="pass" starttime="Fri Sep 21 11:34:01 CST 2012" endtime="Fri Sep 21 11:34:01 CST 2012" />
              <Test name="testGetAssets" result="pass" starttime="Fri Sep 21 11:34:01 CST 2012" endtime="Fri Sep 21 11:34:01 CST 2012" />
              <Test name="testGetBoolean" result="pass" starttime="Fri Sep 21 11:34:01 CST 2012" endtime="Fri Sep 21 11:34:01 CST 2012" />
              <Test name="testGetColor" result="pass" starttime="Fri Sep 21 11:34:01 CST 2012" endtime="Fri Sep 21 11:34:01 CST 2012" />
              <Test name="testGetColorStateList" result="pass" starttime="Fri Sep 21 11:34:01 CST 2012" endtime="Fri Sep 21 11:34:01 CST 2012" />
              <Test name="testGetDimension" result="pass" starttime="Fri Sep 21 11:34:01 CST 2012" endtime="Fri Sep 21 11:34:02 CST 2012" />
              <Test name="testGetDimensionPixelOffset" result="pass" starttime="Fri Sep 21 11:34:02 CST 2012" endtime="Fri Sep 21 11:34:02 CST 2012" />
              <Test name="testGetDimensionPixelSize" result="pass" starttime="Fri Sep 21 11:34:02 CST 2012" endtime="Fri Sep 21 11:34:02 CST 2012" />
              <Test name="testGetDrawable" result="pass" starttime="Fri Sep 21 11:34:02 CST 2012" endtime="Fri Sep 21 11:34:02 CST 2012" />
              <Test name="testGetIdentifier" result="pass" starttime="Fri Sep 21 11:34:02 CST 2012" endtime="Fri Sep 21 11:34:02 CST 2012" />
              <Test name="testGetIntArray" result="pass" starttime="Fri Sep 21 11:34:02 CST 2012" endtime="Fri Sep 21 11:34:02 CST 2012" />
              <Test name="testGetInteger" result="pass" starttime="Fri Sep 21 11:34:02 CST 2012" endtime="Fri Sep 21 11:34:02 CST 2012" />
              <Test name="testGetLayout" result="pass" starttime="Fri Sep 21 11:34:02 CST 2012" endtime="Fri Sep 21 11:34:02 CST 2012" />
              <Test name="testGetMovie" result="pass" starttime="Fri Sep 21 11:34:02 CST 2012" endtime="Fri Sep 21 11:34:02 CST 2012" />
              <Test name="testGetQuantityString1" result="pass" starttime="Fri Sep 21 11:34:02 CST 2012" endtime="Fri Sep 21 11:34:02 CST 2012" />
              <Test name="testGetQuantityString2" result="pass" starttime="Fri Sep 21 11:34:02 CST 2012" endtime="Fri Sep 21 11:34:03 CST 2012" />
              <Test name="testGetQuantityText" result="pass" starttime="Fri Sep 21 11:34:03 CST 2012" endtime="Fri Sep 21 11:34:03 CST 2012" />
              <Test name="testGetResourceEntryName" result="pass" starttime="Fri Sep 21 11:34:03 CST 2012" endtime="Fri Sep 21 11:34:03 CST 2012" />
              <Test name="testGetResourceName" result="pass" starttime="Fri Sep 21 11:34:03 CST 2012" endtime="Fri Sep 21 11:34:03 CST 2012" />
              <Test name="testGetString" result="pass" starttime="Fri Sep 21 11:34:03 CST 2012" endtime="Fri Sep 21 11:34:03 CST 2012" />
              <Test name="testGetStringArray" result="pass" starttime="Fri Sep 21 11:34:03 CST 2012" endtime="Fri Sep 21 11:34:03 CST 2012" />
              <Test name="testGetStringWithIntParam" result="pass" starttime="Fri Sep 21 11:34:03 CST 2012" endtime="Fri Sep 21 11:34:03 CST 2012" />
              <Test name="testGetSystem" result="pass" starttime="Fri Sep 21 11:34:03 CST 2012" endtime="Fri Sep 21 11:34:03 CST 2012" />
              <Test name="testGetValue" result="pass" starttime="Fri Sep 21 11:34:03 CST 2012" endtime="Fri Sep 21 11:34:03 CST 2012" />
              <Test name="testGetValueWithID" result="pass" starttime="Fri Sep 21 11:34:03 CST 2012" endtime="Fri Sep 21 11:34:03 CST 2012" />
              <Test name="testObtainAttributes" result="pass" starttime="Fri Sep 21 11:34:03 CST 2012" endtime="Fri Sep 21 11:34:04 CST 2012" />
              <Test name="testObtainTypedArray" result="pass" starttime="Fri Sep 21 11:34:04 CST 2012" endtime="Fri Sep 21 11:34:04 CST 2012" />
              <Test name="testParseBundleExtra" result="pass" starttime="Fri Sep 21 11:34:04 CST 2012" endtime="Fri Sep 21 11:34:04 CST 2012" />
              <Test name="testParseBundleExtras" result="pass" starttime="Fri Sep 21 11:34:04 CST 2012" endtime="Fri Sep 21 11:34:04 CST 2012" />
              <Test name="testRawResource" result="pass" starttime="Fri Sep 21 11:34:04 CST 2012" endtime="Fri Sep 21 11:34:04 CST 2012" />
              <Test name="testResources" result="pass" starttime="Fri Sep 21 11:34:04 CST 2012" endtime="Fri Sep 21 11:34:04 CST 2012" />
              <Test name="testUpdateConfiguration" result="pass" starttime="Fri Sep 21 11:34:04 CST 2012" endtime="Fri Sep 21 11:34:04 CST 2012" />
              <Test name="testgetFraction" result="pass" starttime="Fri Sep 21 11:34:04 CST 2012" endtime="Fri Sep 21 11:34:04 CST 2012" />
            </TestCase>
            <TestCase name="Resources_NotFoundExceptionTest" priority="">
              <Test name="testNotFoundException" result="pass" starttime="Fri Sep 21 11:34:04 CST 2012" endtime="Fri Sep 21 11:34:04 CST 2012" />
            </TestCase>
            <TestCase name="Resources_ThemeTest" priority="">
              <Test name="testAndroidTestCaseSetupProperly" result="pass" starttime="Fri Sep 21 11:34:04 CST 2012" endtime="Fri Sep 21 11:34:04 CST 2012" />
              <Test name="testObtainStyledAttributes" result="pass" starttime="Fri Sep 21 11:34:04 CST 2012" endtime="Fri Sep 21 11:34:05 CST 2012" />
              <Test name="testResolveAttribute" result="pass" starttime="Fri Sep 21 11:34:05 CST 2012" endtime="Fri Sep 21 11:34:05 CST 2012" />
              <Test name="testSetMethods" result="pass" starttime="Fri Sep 21 11:34:05 CST 2012" endtime="Fri Sep 21 11:34:05 CST 2012" />
            </TestCase>
            <TestCase name="TypedArrayTest" priority="">
              <Test name="testAndroidTestCaseSetupProperly" result="pass" starttime="Fri Sep 21 11:34:05 CST 2012" endtime="Fri Sep 21 11:34:05 CST 2012" />
              <Test name="testAttrsMethod" result="pass" starttime="Fri Sep 21 11:34:05 CST 2012" endtime="Fri Sep 21 11:34:05 CST 2012" />
              <Test name="testNonResourceString" result="pass" starttime="Fri Sep 21 11:34:05 CST 2012" endtime="Fri Sep 21 11:34:05 CST 2012" />
              <Test name="testRecycle" result="pass" starttime="Fri Sep 21 11:34:05 CST 2012" endtime="Fri Sep 21 11:34:05 CST 2012" />
            </TestCase>
          </TestSuite>
        </TestSuite>
      </TestSuite>
    </TestSuite>
  </TestPackage>
  <TestPackage name="android.core.tests.libcore.package.com" appPackageName="android.core.tests.libcore.package.com" digest="5d0d2fe074ebc9cac2b07b5062a326435d2a1143">
    <TestSuite name="com">
      <TestSuite name="android">
        <TestSuite name="org">
          <TestSuite name="bouncycastle">
            <TestSuite name="crypto">
              <TestSuite name="digests">
                <TestCase name="DigestTest" priority="">
                  <Test name="testMD5" result="pass" starttime="Fri Sep 21 15:35:30 CST 2012" endtime="Fri Sep 21 15:35:30 CST 2012" />
                  <Test name="testSHA1" result="pass" starttime="Fri Sep 21 15:35:30 CST 2012" endtime="Fri Sep 21 15:35:30 CST 2012" />
                  <Test name="testSHA256" result="pass" starttime="Fri Sep 21 15:35:30 CST 2012" endtime="Fri Sep 21 15:35:30 CST 2012" />
                  <Test name="testSHA384" result="pass" starttime="Fri Sep 21 15:35:30 CST 2012" endtime="Fri Sep 21 15:35:30 CST 2012" />
                  <Test name="testSHA512" result="pass" starttime="Fri Sep 21 15:35:30 CST 2012" endtime="Fri Sep 21 15:35:31 CST 2012" />
                </TestCase>
              </TestSuite>
            </TestSuite>
            <TestSuite name="jce">
              <TestSuite name="provider">
                <TestCase name="CertBlacklistTest" priority="">
                  <Test name="testPubkeyBlacklistDoesntExist" result="pass" starttime="Fri Sep 21 15:35:31 CST 2012" endtime="Fri Sep 21 15:35:31 CST 2012" />
                  <Test name="testPubkeyBlacklistIncorrectLength" result="pass" starttime="Fri Sep 21 15:35:31 CST 2012" endtime="Fri Sep 21 15:35:31 CST 2012" />
                  <Test name="testPubkeyBlacklistLegit" result="pass" starttime="Fri Sep 21 15:35:31 CST 2012" endtime="Fri Sep 21 15:35:31 CST 2012" />
                  <Test name="testPubkeyBlacklistMultipleBad" result="pass" starttime="Fri Sep 21 15:35:31 CST 2012" endtime="Fri Sep 21 15:35:31 CST 2012" />
                  <Test name="testPubkeyBlacklistMultipleLegit" result="pass" starttime="Fri Sep 21 15:35:31 CST 2012" endtime="Fri Sep 21 15:35:31 CST 2012" />
                  <Test name="testPubkeyBlacklistNotHexValues" result="pass" starttime="Fri Sep 21 15:35:31 CST 2012" endtime="Fri Sep 21 15:35:31 CST 2012" />
                  <Test name="testSerialBlacklistDoesntExist" result="pass" starttime="Fri Sep 21 15:35:31 CST 2012" endtime="Fri Sep 21 15:35:31 CST 2012" />
                  <Test name="testSerialBlacklistLegit" result="pass" starttime="Fri Sep 21 15:35:31 CST 2012" endtime="Fri Sep 21 15:35:31 CST 2012" />
                  <Test name="testSerialBlacklistMultipleBad" result="pass" starttime="Fri Sep 21 15:35:31 CST 2012" endtime="Fri Sep 21 15:35:31 CST 2012" />
                  <Test name="testSerialBlacklistMultipleLegit" result="pass" starttime="Fri Sep 21 15:35:31 CST 2012" endtime="Fri Sep 21 15:35:32 CST 2012" />
                  <Test name="testSerialBlacklistNegative" result="pass" starttime="Fri Sep 21 15:35:32 CST 2012" endtime="Fri Sep 21 15:35:32 CST 2012" />
                  <Test name="testSerialBlacklistNotHexValues" result="pass" starttime="Fri Sep 21 15:35:32 CST 2012" endtime="Fri Sep 21 15:35:32 CST 2012" />
                  <Test name="testSerialBlacklistZero" result="pass" starttime="Fri Sep 21 15:35:32 CST 2012" endtime="Fri Sep 21 15:35:32 CST 2012" />
                </TestCase>
              </TestSuite>
            </TestSuite>
          </TestSuite>
        </TestSuite>
      </TestSuite>
    </TestSuite>
  </TestPackage>
  <TestPackage name="android.core.tests.libcore.package.dalvik" appPackageName="android.core.tests.libcore.package.dalvik" digest="af7d9b6e6bc28ce02f87adb8ececa4c62765ab24">
    <TestSuite name="dalvik">
      <TestSuite name="system">
        <TestSuite name="profiler">
          <TestCase name="SamplingProfilerTest" priority="">
            <Test name="test_HprofData_addStackTrace" result="pass" starttime="Fri Sep 21 15:35:46 CST 2012" endtime="Fri Sep 21 15:35:46 CST 2012" />
            <Test name="test_HprofData_addThreadEvent" result="pass" starttime="Fri Sep 21 15:35:46 CST 2012" endtime="Fri Sep 21 15:35:46 CST 2012" />
            <Test name="test_HprofData_addThreadEvent_null" result="pass" starttime="Fri Sep 21 15:35:46 CST 2012" endtime="Fri Sep 21 15:35:46 CST 2012" />
            <Test name="test_HprofData_empty" result="pass" starttime="Fri Sep 21 15:35:46 CST 2012" endtime="Fri Sep 21 15:35:46 CST 2012" />
            <Test name="test_HprofData_null" result="pass" starttime="Fri Sep 21 15:35:46 CST 2012" endtime="Fri Sep 21 15:35:46 CST 2012" />
            <Test name="test_HprofData_timeMillis" result="pass" starttime="Fri Sep 21 15:35:46 CST 2012" endtime="Fri Sep 21 15:35:46 CST 2012" />
            <Test name="test_SamplingProfiler" result="pass" starttime="Fri Sep 21 15:35:46 CST 2012" endtime="Fri Sep 21 15:35:48 CST 2012" />
          </TestCase>
        </TestSuite>
        <TestCase name="DexClassLoaderTest" priority="">
          <Test name="test_oneDex_callInstanceMethod" result="pass" starttime="Fri Sep 21 15:35:41 CST 2012" endtime="Fri Sep 21 15:35:41 CST 2012" />
          <Test name="test_oneDex_callStaticMethod" result="pass" starttime="Fri Sep 21 15:35:41 CST 2012" endtime="Fri Sep 21 15:35:41 CST 2012" />
          <Test name="test_oneDex_constructor" result="pass" starttime="Fri Sep 21 15:35:41 CST 2012" endtime="Fri Sep 21 15:35:41 CST 2012" />
          <Test name="test_oneDex_getInstanceVariable" result="pass" starttime="Fri Sep 21 15:35:41 CST 2012" endtime="Fri Sep 21 15:35:41 CST 2012" />
          <Test name="test_oneDex_getStaticVariable" result="pass" starttime="Fri Sep 21 15:35:41 CST 2012" endtime="Fri Sep 21 15:35:41 CST 2012" />
          <Test name="test_oneDex_init" result="pass" starttime="Fri Sep 21 15:35:41 CST 2012" endtime="Fri Sep 21 15:35:42 CST 2012" />
          <Test name="test_oneDex_simpleUse" result="pass" starttime="Fri Sep 21 15:35:42 CST 2012" endtime="Fri Sep 21 15:35:42 CST 2012" />
          <Test name="test_oneJar_callInstanceMethod" result="pass" starttime="Fri Sep 21 15:35:42 CST 2012" endtime="Fri Sep 21 15:35:42 CST 2012" />
          <Test name="test_oneJar_callStaticMethod" result="pass" starttime="Fri Sep 21 15:35:42 CST 2012" endtime="Fri Sep 21 15:35:42 CST 2012" />
          <Test name="test_oneJar_constructor" result="pass" starttime="Fri Sep 21 15:35:42 CST 2012" endtime="Fri Sep 21 15:35:42 CST 2012" />
          <Test name="test_oneJar_directGetResourceAsStream" result="pass" starttime="Fri Sep 21 15:35:42 CST 2012" endtime="Fri Sep 21 15:35:42 CST 2012" />
          <Test name="test_oneJar_getInstanceVariable" result="pass" starttime="Fri Sep 21 15:35:42 CST 2012" endtime="Fri Sep 21 15:35:42 CST 2012" />
          <Test name="test_oneJar_getResourceAsStream" result="pass" starttime="Fri Sep 21 15:35:42 CST 2012" endtime="Fri Sep 21 15:35:42 CST 2012" />
          <Test name="test_oneJar_getStaticVariable" result="pass" starttime="Fri Sep 21 15:35:42 CST 2012" endtime="Fri Sep 21 15:35:43 CST 2012" />
          <Test name="test_oneJar_init" result="pass" starttime="Fri Sep 21 15:35:43 CST 2012" endtime="Fri Sep 21 15:35:43 CST 2012" />
          <Test name="test_oneJar_simpleUse" result="pass" starttime="Fri Sep 21 15:35:43 CST 2012" endtime="Fri Sep 21 15:35:43 CST 2012" />
          <Test name="test_twoDex_callInstanceMethod" result="pass" starttime="Fri Sep 21 15:35:43 CST 2012" endtime="Fri Sep 21 15:35:43 CST 2012" />
          <Test name="test_twoDex_callStaticMethod" result="pass" starttime="Fri Sep 21 15:35:43 CST 2012" endtime="Fri Sep 21 15:35:43 CST 2012" />
          <Test name="test_twoDex_constructor" result="pass" starttime="Fri Sep 21 15:35:43 CST 2012" endtime="Fri Sep 21 15:35:43 CST 2012" />
          <Test name="test_twoDex_diff_callInstanceMethod" result="pass" starttime="Fri Sep 21 15:35:43 CST 2012" endtime="Fri Sep 21 15:35:43 CST 2012" />
          <Test name="test_twoDex_diff_callStaticMethod" result="pass" starttime="Fri Sep 21 15:35:43 CST 2012" endtime="Fri Sep 21 15:35:43 CST 2012" />
          <Test name="test_twoDex_diff_constructor" result="pass" starttime="Fri Sep 21 15:35:43 CST 2012" endtime="Fri Sep 21 15:35:43 CST 2012" />
          <Test name="test_twoDex_diff_getInstanceVariable" result="pass" starttime="Fri Sep 21 15:35:43 CST 2012" endtime="Fri Sep 21 15:35:44 CST 2012" />
          <Test name="test_twoDex_diff_getStaticVariable" result="pass" starttime="Fri Sep 21 15:35:44 CST 2012" endtime="Fri Sep 21 15:35:44 CST 2012" />
          <Test name="test_twoDex_getInstanceVariable" result="pass" starttime="Fri Sep 21 15:35:44 CST 2012" endtime="Fri Sep 21 15:35:44 CST 2012" />
          <Test name="test_twoDex_getStaticVariable" result="pass" starttime="Fri Sep 21 15:35:44 CST 2012" endtime="Fri Sep 21 15:35:44 CST 2012" />
          <Test name="test_twoDex_init" result="pass" starttime="Fri Sep 21 15:35:44 CST 2012" endtime="Fri Sep 21 15:35:44 CST 2012" />
          <Test name="test_twoDex_simpleUse" result="pass" starttime="Fri Sep 21 15:35:44 CST 2012" endtime="Fri Sep 21 15:35:44 CST 2012" />
          <Test name="test_twoJar_callInstanceMethod" result="pass" starttime="Fri Sep 21 15:35:44 CST 2012" endtime="Fri Sep 21 15:35:44 CST 2012" />
          <Test name="test_twoJar_callStaticMethod" result="pass" starttime="Fri Sep 21 15:35:44 CST 2012" endtime="Fri Sep 21 15:35:44 CST 2012" />
          <Test name="test_twoJar_constructor" result="pass" starttime="Fri Sep 21 15:35:44 CST 2012" endtime="Fri Sep 21 15:35:44 CST 2012" />
          <Test name="test_twoJar_diff_callInstanceMethod" result="pass" starttime="Fri Sep 21 15:35:44 CST 2012" endtime="Fri Sep 21 15:35:44 CST 2012" />
          <Test name="test_twoJar_diff_callStaticMethod" result="pass" starttime="Fri Sep 21 15:35:44 CST 2012" endtime="Fri Sep 21 15:35:45 CST 2012" />
          <Test name="test_twoJar_diff_constructor" result="pass" starttime="Fri Sep 21 15:35:45 CST 2012" endtime="Fri Sep 21 15:35:45 CST 2012" />
          <Test name="test_twoJar_diff_directGetResourceAsStream" result="pass" starttime="Fri Sep 21 15:35:45 CST 2012" endtime="Fri Sep 21 15:35:45 CST 2012" />
          <Test name="test_twoJar_diff_getInstanceVariable" result="pass" starttime="Fri Sep 21 15:35:45 CST 2012" endtime="Fri Sep 21 15:35:45 CST 2012" />
          <Test name="test_twoJar_diff_getResourceAsStream" result="pass" starttime="Fri Sep 21 15:35:45 CST 2012" endtime="Fri Sep 21 15:35:45 CST 2012" />
          <Test name="test_twoJar_diff_getStaticVariable" result="pass" starttime="Fri Sep 21 15:35:45 CST 2012" endtime="Fri Sep 21 15:35:45 CST 2012" />
          <Test name="test_twoJar_directGetResourceAsStream" result="pass" starttime="Fri Sep 21 15:35:45 CST 2012" endtime="Fri Sep 21 15:35:45 CST 2012" />
          <Test name="test_twoJar_getInstanceVariable" result="pass" starttime="Fri Sep 21 15:35:45 CST 2012" endtime="Fri Sep 21 15:35:45 CST 2012" />
          <Test name="test_twoJar_getResourceAsStream" result="pass" starttime="Fri Sep 21 15:35:45 CST 2012" endtime="Fri Sep 21 15:35:45 CST 2012" />
          <Test name="test_twoJar_getStaticVariable" result="pass" starttime="Fri Sep 21 15:35:45 CST 2012" endtime="Fri Sep 21 15:35:46 CST 2012" />
          <Test name="test_twoJar_init" result="pass" starttime="Fri Sep 21 15:35:46 CST 2012" endtime="Fri Sep 21 15:35:46 CST 2012" />
          <Test name="test_twoJar_simpleUse" result="pass" starttime="Fri Sep 21 15:35:46 CST 2012" endtime="Fri Sep 21 15:35:46 CST 2012" />
        </TestCase>
      </TestSuite>
    </TestSuite>
  </TestPackage>
  <TestPackage name="android.core.tests.libcore.package.libcore" appPackageName="android.core.tests.libcore.package.libcore" digest="5add1e7e111660f71333762e7ec53ebeb0da3ff9">
    <TestSuite name="libcore">
      <TestSuite name="dalvik">
        <TestSuite name="system">
          <TestCase name="PathClassLoaderTest" priority="">
            <Test name="testLibraryPathSearchOrder" result="pass" starttime="Fri Sep 21 15:36:00 CST 2012" endtime="Fri Sep 21 15:36:00 CST 2012" />
          </TestCase>
        </TestSuite>
      </TestSuite>
      <TestSuite name="icu">
        <TestCase name="ICUTest" priority="">
          <Test name="test_getAvailableLocales" result="pass" starttime="Fri Sep 21 15:36:00 CST 2012" endtime="Fri Sep 21 15:36:00 CST 2012" />
          <Test name="test_getISOCountries" result="pass" starttime="Fri Sep 21 15:36:00 CST 2012" endtime="Fri Sep 21 15:36:00 CST 2012" />
          <Test name="test_getISOLanguages" result="pass" starttime="Fri Sep 21 15:36:00 CST 2012" endtime="Fri Sep 21 15:36:00 CST 2012" />
          <Test name="test_localeFromString" result="pass" starttime="Fri Sep 21 15:36:00 CST 2012" endtime="Fri Sep 21 15:36:01 CST 2012" />
        </TestCase>
        <TestCase name="NativePluralRulesTest" priority="">
          <Test name="testArabic" result="pass" starttime="Fri Sep 21 15:36:01 CST 2012" endtime="Fri Sep 21 15:36:01 CST 2012" />
          <Test name="testCzech" result="pass" starttime="Fri Sep 21 15:36:01 CST 2012" endtime="Fri Sep 21 15:36:01 CST 2012" />
          <Test name="testEnglish" result="pass" starttime="Fri Sep 21 15:36:01 CST 2012" endtime="Fri Sep 21 15:36:01 CST 2012" />
        </TestCase>
      </TestSuite>
      <TestSuite name="internal">
        <TestCase name="StringPoolTest" priority="">
          <Test name="testHashCollision" result="pass" starttime="Fri Sep 21 15:36:01 CST 2012" endtime="Fri Sep 21 15:36:01 CST 2012" />
          <Test name="testStringPool" result="pass" starttime="Fri Sep 21 15:36:01 CST 2012" endtime="Fri Sep 21 15:36:01 CST 2012" />
        </TestCase>
      </TestSuite>
      <TestSuite name="io">
        <TestCase name="Base64Test" priority="">
          <Test name="testDecodeEmpty" result="pass" starttime="Fri Sep 21 15:36:01 CST 2012" endtime="Fri Sep 21 15:36:01 CST 2012" />
          <Test name="testEncode" result="pass" starttime="Fri Sep 21 15:36:01 CST 2012" endtime="Fri Sep 21 15:36:01 CST 2012" />
          <Test name="testEncodeDoesNotWrap" result="pass" starttime="Fri Sep 21 15:36:01 CST 2012" endtime="Fri Sep 21 15:36:01 CST 2012" />
        </TestCase>
        <TestCase name="DiskLruCacheTest" priority="">
          <Test name="testCacheSingleEntryOfSizeGreaterThanMaxSize" result="pass" starttime="Fri Sep 21 15:36:01 CST 2012" endtime="Fri Sep 21 15:36:02 CST 2012" />
          <Test name="testCacheSingleValueOfSizeGreaterThanMaxSize" result="pass" starttime="Fri Sep 21 15:36:02 CST 2012" endtime="Fri Sep 21 15:36:02 CST 2012" />
          <Test name="testCannotOperateOnEditAfterPublish" result="pass" starttime="Fri Sep 21 15:36:02 CST 2012" endtime="Fri Sep 21 15:36:02 CST 2012" />
          <Test name="testCannotOperateOnEditAfterRevert" result="pass" starttime="Fri Sep 21 15:36:02 CST 2012" endtime="Fri Sep 21 15:36:02 CST 2012" />
          <Test name="testConstructorDoesNotAllowZeroCacheSize" result="pass" starttime="Fri Sep 21 15:36:02 CST 2012" endtime="Fri Sep 21 15:36:02 CST 2012" />
          <Test name="testConstructorDoesNotAllowZeroValuesPerEntry" result="pass" starttime="Fri Sep 21 15:36:02 CST 2012" endtime="Fri Sep 21 15:36:02 CST 2012" />
          <Test name="testCreateNewEntryWithTooFewValuesFails" result="pass" starttime="Fri Sep 21 15:36:02 CST 2012" endtime="Fri Sep 21 15:36:02 CST 2012" />
          <Test name="testEditSameVersion" result="pass" starttime="Fri Sep 21 15:36:02 CST 2012" endtime="Fri Sep 21 15:36:02 CST 2012" />
          <Test name="testEditSinceEvicted" result="pass" starttime="Fri Sep 21 15:36:02 CST 2012" endtime="Fri Sep 21 15:36:02 CST 2012" />
          <Test name="testEditSinceEvictedAndRecreated" result="pass" starttime="Fri Sep 21 15:36:02 CST 2012" endtime="Fri Sep 21 15:36:02 CST 2012" />
          <Test name="testEditSnapshotAfterChangeAborted" result="pass" starttime="Fri Sep 21 15:36:02 CST 2012" endtime="Fri Sep 21 15:36:03 CST 2012" />
          <Test name="testEditSnapshotAfterChangeCommitted" result="pass" starttime="Fri Sep 21 15:36:03 CST 2012" endtime="Fri Sep 21 15:36:03 CST 2012" />
          <Test name="testEmptyCache" result="pass" starttime="Fri Sep 21 15:36:03 CST 2012" endtime="Fri Sep 21 15:36:03 CST 2012" />
          <Test name="testEvictOnInsert" result="pass" starttime="Fri Sep 21 15:36:03 CST 2012" endtime="Fri Sep 21 15:36:03 CST 2012" />
          <Test name="testEvictOnUpdate" result="pass" starttime="Fri Sep 21 15:36:03 CST 2012" endtime="Fri Sep 21 15:36:03 CST 2012" />
          <Test name="testEvictionHonorsLruFromCurrentSession" result="pass" starttime="Fri Sep 21 15:36:03 CST 2012" endtime="Fri Sep 21 15:36:03 CST 2012" />
          <Test name="testEvictionHonorsLruFromPreviousSession" result="pass" starttime="Fri Sep 21 15:36:03 CST 2012" endtime="Fri Sep 21 15:36:03 CST 2012" />
          <Test name="testExplicitRemoveAppliedToDiskImmediately" result="pass" starttime="Fri Sep 21 15:36:03 CST 2012" endtime="Fri Sep 21 15:36:03 CST 2012" />
          <Test name="testFileBecomesInaccessibleDuringReadResultsInIoException" result="pass" starttime="Fri Sep 21 15:36:03 CST 2012" endtime="Fri Sep 21 15:36:03 CST 2012" />
          <Test name="testFileBecomesInaccessibleDuringWriteIsSilentlyDiscarded" result="pass" starttime="Fri Sep 21 15:36:03 CST 2012" endtime="Fri Sep 21 15:36:04 CST 2012" />
          <Test name="testFileDeletedExternally" result="pass" starttime="Fri Sep 21 15:36:04 CST 2012" endtime="Fri Sep 21 15:36:04 CST 2012" />
          <Test name="testJournalDoesNotIncludeReadOfYetUnpublishedValue" result="pass" starttime="Fri Sep 21 15:36:04 CST 2012" endtime="Fri Sep 21 15:36:04 CST 2012" />
          <Test name="testJournalWithEditAndPublish" result="pass" starttime="Fri Sep 21 15:36:04 CST 2012" endtime="Fri Sep 21 15:36:04 CST 2012" />
          <Test name="testJournalWithEditAndPublishAndRead" result="pass" starttime="Fri Sep 21 15:36:04 CST 2012" endtime="Fri Sep 21 15:36:04 CST 2012" />
          <Test name="testKeyWithCarriageReturnNotPermitted" result="pass" starttime="Fri Sep 21 15:36:04 CST 2012" endtime="Fri Sep 21 15:36:04 CST 2012" />
          <Test name="testKeyWithNewlineNotPermitted" result="pass" starttime="Fri Sep 21 15:36:04 CST 2012" endtime="Fri Sep 21 15:36:04 CST 2012" />
          <Test name="testKeyWithSpaceNotPermitted" result="pass" starttime="Fri Sep 21 15:36:04 CST 2012" endtime="Fri Sep 21 15:36:04 CST 2012" />
          <Test name="testNullKeyThrows" result="pass" starttime="Fri Sep 21 15:36:04 CST 2012" endtime="Fri Sep 21 15:36:04 CST 2012" />
          <Test name="testOpenCreatesDirectoryIfNecessary" result="pass" starttime="Fri Sep 21 15:36:04 CST 2012" endtime="Fri Sep 21 15:36:05 CST 2012" />
          <Test name="testOpenWithDirtyKeyDeletesAllFilesForThatKey" result="pass" starttime="Fri Sep 21 15:36:05 CST 2012" endtime="Fri Sep 21 15:36:05 CST 2012" />
          <Test name="testOpenWithInvalidAppVersionClearsDirectory" result="pass" starttime="Fri Sep 21 15:36:05 CST 2012" endtime="Fri Sep 21 15:36:05 CST 2012" />
          <Test name="testOpenWithInvalidBlankLineClearsDirectory" result="pass" starttime="Fri Sep 21 15:36:05 CST 2012" endtime="Fri Sep 21 15:36:05 CST 2012" />
          <Test name="testOpenWithInvalidFileSizeClearsDirectory" result="pass" starttime="Fri Sep 21 15:36:05 CST 2012" endtime="Fri Sep 21 15:36:05 CST 2012" />
          <Test name="testOpenWithInvalidJournalLineClearsDirectory" result="pass" starttime="Fri Sep 21 15:36:05 CST 2012" endtime="Fri Sep 21 15:36:05 CST 2012" />
          <Test name="testOpenWithInvalidValueCountClearsDirectory" result="pass" starttime="Fri Sep 21 15:36:05 CST 2012" endtime="Fri Sep 21 15:36:05 CST 2012" />
          <Test name="testOpenWithInvalidVersionClearsDirectory" result="pass" starttime="Fri Sep 21 15:36:05 CST 2012" endtime="Fri Sep 21 15:36:05 CST 2012" />
          <Test name="testOpenWithTooManyFileSizesClearsDirectory" result="pass" starttime="Fri Sep 21 15:36:05 CST 2012" endtime="Fri Sep 21 15:36:05 CST 2012" />
          <Test name="testOpenWithTruncatedLineDiscardsThatLine" result="pass" starttime="Fri Sep 21 15:36:05 CST 2012" endtime="Fri Sep 21 15:36:06 CST 2012" />
          <Test name="testReadAndWriteEntryAcrossCacheOpenAndClose" result="pass" starttime="Fri Sep 21 15:36:06 CST 2012" endtime="Fri Sep 21 15:36:06 CST 2012" />
          <Test name="testReadAndWriteOverlapsMaintainConsistency" result="pass" starttime="Fri Sep 21 15:36:06 CST 2012" endtime="Fri Sep 21 15:36:06 CST 2012" />
          <Test name="testReadingTheSameStreamMultipleTimes" result="pass" starttime="Fri Sep 21 15:36:06 CST 2012" endtime="Fri Sep 21 15:36:06 CST 2012" />
          <Test name="testRebuildJournalOnRepeatedEdits" result="pass" starttime="Fri Sep 21 15:36:06 CST 2012" endtime="Fri Sep 21 15:36:12 CST 2012" />
          <Test name="testRebuildJournalOnRepeatedReads" result="pass" starttime="Fri Sep 21 15:36:12 CST 2012" endtime="Fri Sep 21 15:36:18 CST 2012" />
          <Test name="testRemoveAbsentElement" result="pass" starttime="Fri Sep 21 15:36:18 CST 2012" endtime="Fri Sep 21 15:36:18 CST 2012" />
          <Test name="testRevertWithTooFewValues" result="pass" starttime="Fri Sep 21 15:36:18 CST 2012" endtime="Fri Sep 21 15:36:18 CST 2012" />
          <Test name="testRevertedNewFileIsRemoveInJournal" result="pass" starttime="Fri Sep 21 15:36:18 CST 2012" endtime="Fri Sep 21 15:36:18 CST 2012" />
          <Test name="testUnterminatedEditIsRevertedOnClose" result="pass" starttime="Fri Sep 21 15:36:18 CST 2012" endtime="Fri Sep 21 15:36:18 CST 2012" />
          <Test name="testUpdateExistingEntryWithTooFewValuesReusesPreviousValues" result="pass" starttime="Fri Sep 21 15:36:18 CST 2012" endtime="Fri Sep 21 15:36:18 CST 2012" />
          <Test name="testWriteAndReadEntry" result="pass" starttime="Fri Sep 21 15:36:18 CST 2012" endtime="Fri Sep 21 15:36:18 CST 2012" />
        </TestCase>
        <TestCase name="MemoryTest" priority="">
          <Test name="testSetIntArray" result="pass" starttime="Fri Sep 21 15:36:18 CST 2012" endtime="Fri Sep 21 15:36:18 CST 2012" />
          <Test name="testSetShortArray" result="pass" starttime="Fri Sep 21 15:36:18 CST 2012" endtime="Fri Sep 21 15:36:18 CST 2012" />
        </TestCase>
        <TestCase name="OsTest" priority="">
          <Test name="testIsSocket" result="pass" starttime="Fri Sep 21 15:36:18 CST 2012" endtime="Fri Sep 21 15:36:19 CST 2012" />
        </TestCase>
      </TestSuite>
      <TestSuite name="java">
        <TestSuite name="awt">
          <TestSuite name="font">
            <TestCase name="TextAttributeTest" priority="">
              <Test name="testAttributeNames" result="pass" starttime="Fri Sep 21 15:36:19 CST 2012" endtime="Fri Sep 21 15:36:19 CST 2012" />
              <Test name="testAttributeValues" result="pass" starttime="Fri Sep 21 15:36:19 CST 2012" endtime="Fri Sep 21 15:36:19 CST 2012" />
            </TestCase>
          </TestSuite>
        </TestSuite>
        <TestSuite name="io">
          <TestCase name="CharArrayWriterTest" priority="">
            <Test name="testCharArrayWriter" result="pass" starttime="Fri Sep 21 15:36:19 CST 2012" endtime="Fri Sep 21 15:36:19 CST 2012" />
          </TestCase>
          <TestCase name="DataOutputStreamTest" priority="">
            <Test name="test_writeBoolean" result="pass" starttime="Fri Sep 21 15:36:19 CST 2012" endtime="Fri Sep 21 15:36:19 CST 2012" />
            <Test name="test_writeByte" result="pass" starttime="Fri Sep 21 15:36:19 CST 2012" endtime="Fri Sep 21 15:36:19 CST 2012" />
            <Test name="test_writeBytes" result="pass" starttime="Fri Sep 21 15:36:19 CST 2012" endtime="Fri Sep 21 15:36:19 CST 2012" />
            <Test name="test_writeChar" result="pass" starttime="Fri Sep 21 15:36:19 CST 2012" endtime="Fri Sep 21 15:36:19 CST 2012" />
            <Test name="test_writeChars" result="pass" starttime="Fri Sep 21 15:36:19 CST 2012" endtime="Fri Sep 21 15:36:19 CST 2012" />
            <Test name="test_writeDouble" result="pass" starttime="Fri Sep 21 15:36:19 CST 2012" endtime="Fri Sep 21 15:36:20 CST 2012" />
            <Test name="test_writeFloat" result="pass" starttime="Fri Sep 21 15:36:20 CST 2012" endtime="Fri Sep 21 15:36:20 CST 2012" />
            <Test name="test_writeInt" result="pass" starttime="Fri Sep 21 15:36:20 CST 2012" endtime="Fri Sep 21 15:36:20 CST 2012" />
            <Test name="test_writeLong" result="pass" starttime="Fri Sep 21 15:36:20 CST 2012" endtime="Fri Sep 21 15:36:20 CST 2012" />
            <Test name="test_writeShort" result="pass" starttime="Fri Sep 21 15:36:20 CST 2012" endtime="Fri Sep 21 15:36:20 CST 2012" />
            <Test name="test_writeUTF" result="pass" starttime="Fri Sep 21 15:36:20 CST 2012" endtime="Fri Sep 21 15:36:20 CST 2012" />
            <Test name="test_writeUTF_NUL" result="pass" starttime="Fri Sep 21 15:36:20 CST 2012" endtime="Fri Sep 21 15:36:20 CST 2012" />
            <Test name="test_writeUTF_too_long" result="pass" starttime="Fri Sep 21 15:36:20 CST 2012" endtime="Fri Sep 21 15:36:20 CST 2012" />
          </TestCase>
          <TestCase name="FileDescriptorTest" priority="">
            <Test name="testReadOnlyFileDescriptorSync" result="pass" starttime="Fri Sep 21 15:36:20 CST 2012" endtime="Fri Sep 21 15:36:20 CST 2012" />
          </TestCase>
          <TestCase name="FileInputStreamTest" priority="">
            <Test name="testClose" result="pass" starttime="Fri Sep 21 15:36:20 CST 2012" endtime="Fri Sep 21 15:36:20 CST 2012" />
            <Test name="testDirectories" result="pass" starttime="Fri Sep 21 15:36:20 CST 2012" endtime="Fri Sep 21 15:36:21 CST 2012" />
            <Test name="testFileDescriptorOwnership" result="pass" starttime="Fri Sep 21 15:36:21 CST 2012" endtime="Fri Sep 21 15:36:21 CST 2012" />
            <Test name="testSkipInPipes" result="pass" starttime="Fri Sep 21 15:36:21 CST 2012" endtime="Fri Sep 21 15:36:21 CST 2012" />
          </TestCase>
          <TestCase name="FileOutputStreamTest" priority="">
            <Test name="testClose" result="pass" starttime="Fri Sep 21 15:36:21 CST 2012" endtime="Fri Sep 21 15:36:21 CST 2012" />
            <Test name="testFileDescriptorOwnership" result="pass" starttime="Fri Sep 21 15:36:21 CST 2012" endtime="Fri Sep 21 15:36:21 CST 2012" />
          </TestCase>
          <TestCase name="FileTest" priority="">
            <Test name="test_createNewFile" result="pass" starttime="Fri Sep 21 15:36:21 CST 2012" endtime="Fri Sep 21 15:36:21 CST 2012" />
            <Test name="test_getAbsolutePath" result="pass" starttime="Fri Sep 21 15:36:21 CST 2012" endtime="Fri Sep 21 15:36:21 CST 2012" />
            <Test name="test_getCanonicalPath" result="pass" starttime="Fri Sep 21 15:36:21 CST 2012" endtime="Fri Sep 21 15:36:22 CST 2012" />
            <Test name="test_getSpace" result="pass" starttime="Fri Sep 21 15:36:22 CST 2012" endtime="Fri Sep 21 15:36:22 CST 2012" />
            <Test name="test_longPath" result="pass" starttime="Fri Sep 21 15:36:22 CST 2012" endtime="Fri Sep 21 15:36:22 CST 2012" />
            <Test name="test_longReadlink" result="pass" starttime="Fri Sep 21 15:36:22 CST 2012" endtime="Fri Sep 21 15:36:22 CST 2012" />
            <Test name="test_rename" result="pass" starttime="Fri Sep 21 15:36:22 CST 2012" endtime="Fri Sep 21 15:36:22 CST 2012" />
            <Test name="test_subclassing" result="pass" starttime="Fri Sep 21 15:36:22 CST 2012" endtime="Fri Sep 21 15:36:22 CST 2012" />
          </TestCase>
          <TestCase name="FilterInputStreamNullSourceTest" priority="">
            <Test name="testBufferedInputStream" result="pass" starttime="Fri Sep 21 15:36:22 CST 2012" endtime="Fri Sep 21 15:36:22 CST 2012" />
            <Test name="testCheckedInputStream" result="pass" starttime="Fri Sep 21 15:36:22 CST 2012" endtime="Fri Sep 21 15:36:22 CST 2012" />
            <Test name="testCipherInputStream" result="pass" starttime="Fri Sep 21 15:36:22 CST 2012" endtime="Fri Sep 21 15:36:23 CST 2012" />
            <Test name="testDataInputStream" result="pass" starttime="Fri Sep 21 15:36:23 CST 2012" endtime="Fri Sep 21 15:36:23 CST 2012" />
            <Test name="testDigestInputStream" result="pass" starttime="Fri Sep 21 15:36:23 CST 2012" endtime="Fri Sep 21 15:36:23 CST 2012" />
            <Test name="testFilterInputStream" result="pass" starttime="Fri Sep 21 15:36:23 CST 2012" endtime="Fri Sep 21 15:36:23 CST 2012" />
            <Test name="testInflaterInputStream" result="pass" starttime="Fri Sep 21 15:36:23 CST 2012" endtime="Fri Sep 21 15:36:23 CST 2012" />
            <Test name="testLineNumberInputStream" result="pass" starttime="Fri Sep 21 15:36:23 CST 2012" endtime="Fri Sep 21 15:36:23 CST 2012" />
            <Test name="testPushbackInputStream" result="pass" starttime="Fri Sep 21 15:36:23 CST 2012" endtime="Fri Sep 21 15:36:23 CST 2012" />
          </TestCase>
          <TestCase name="InputStreamReaderTest" priority="">
            <Test name="testReadDoesNotBlockUnnecessarily" result="pass" starttime="Fri Sep 21 15:36:23 CST 2012" endtime="Fri Sep 21 15:36:23 CST 2012" />
          </TestCase>
          <TestCase name="InterruptedStreamTest" priority="">
            <Test name="testInterruptPipedInputStream" result="pass" starttime="Fri Sep 21 15:36:23 CST 2012" endtime="Fri Sep 21 15:36:23 CST 2012" />
            <Test name="testInterruptPipedOutputStream" result="pass" starttime="Fri Sep 21 15:36:23 CST 2012" endtime="Fri Sep 21 15:36:24 CST 2012" />
            <Test name="testInterruptPipedReader" result="pass" starttime="Fri Sep 21 15:36:24 CST 2012" endtime="Fri Sep 21 15:36:24 CST 2012" />
            <Test name="testInterruptPipedWriter" result="pass" starttime="Fri Sep 21 15:36:24 CST 2012" endtime="Fri Sep 21 15:36:24 CST 2012" />
            <Test name="testInterruptReadablePipeChannel" result="pass" starttime="Fri Sep 21 15:36:24 CST 2012" endtime="Fri Sep 21 15:36:24 CST 2012" />
            <Test name="testInterruptReadableSocketChannel" result="pass" starttime="Fri Sep 21 15:36:24 CST 2012" endtime="Fri Sep 21 15:36:24 CST 2012" />
            <Test name="testInterruptWritablePipeChannel" result="pass" starttime="Fri Sep 21 15:36:24 CST 2012" endtime="Fri Sep 21 15:36:24 CST 2012" />
            <Test name="testInterruptWritableSocketChannel" result="pass" starttime="Fri Sep 21 15:36:24 CST 2012" endtime="Fri Sep 21 15:36:24 CST 2012" />
          </TestCase>
          <TestCase name="ObjectOutputStreamTest" priority="">
            <Test name="testLongString" result="pass" starttime="Fri Sep 21 15:36:24 CST 2012" endtime="Fri Sep 21 15:36:24 CST 2012" />
          </TestCase>
          <TestCase name="OldAndroidBufferedInputStreamTest" priority="">
            <Test name="testBufferedInputStream" result="pass" starttime="Fri Sep 21 15:36:24 CST 2012" endtime="Fri Sep 21 15:36:25 CST 2012" />
          </TestCase>
          <TestCase name="OldAndroidBufferedOutputStreamTest" priority="">
            <Test name="testBufferedOutputStream" result="pass" starttime="Fri Sep 21 15:36:25 CST 2012" endtime="Fri Sep 21 15:36:25 CST 2012" />
          </TestCase>
          <TestCase name="OldAndroidBufferedReaderTest" priority="">
            <Test name="testBufferedReader" result="pass" starttime="Fri Sep 21 15:36:25 CST 2012" endtime="Fri Sep 21 15:36:25 CST 2012" />
          </TestCase>
          <TestCase name="OldAndroidBufferedWriterTest" priority="">
            <Test name="testBufferedWriter" result="pass" starttime="Fri Sep 21 15:36:25 CST 2012" endtime="Fri Sep 21 15:36:25 CST 2012" />
          </TestCase>
          <TestCase name="OldAndroidByteArrayInputStreamTest" priority="">
            <Test name="testByteArrayInputStream" result="pass" starttime="Fri Sep 21 15:36:25 CST 2012" endtime="Fri Sep 21 15:36:25 CST 2012" />
          </TestCase>
          <TestCase name="OldAndroidByteArrayOutputStreamTest" priority="">
            <Test name="testByteArrayOutputStream" result="pass" starttime="Fri Sep 21 15:36:25 CST 2012" endtime="Fri Sep 21 15:36:25 CST 2012" />
          </TestCase>
          <TestCase name="OldAndroidCharArrayReaderTest" priority="">
            <Test name="testCharArrayReader" result="pass" starttime="Fri Sep 21 15:36:25 CST 2012" endtime="Fri Sep 21 15:36:25 CST 2012" />
          </TestCase>
          <TestCase name="OldAndroidDataInputStreamTest" priority="">
            <Test name="testDataInputStream" result="pass" starttime="Fri Sep 21 15:36:25 CST 2012" endtime="Fri Sep 21 15:36:25 CST 2012" />
          </TestCase>
          <TestCase name="OldAndroidDataOutputStreamTest" priority="">
            <Test name="testDataOutputStream" result="pass" starttime="Fri Sep 21 15:36:25 CST 2012" endtime="Fri Sep 21 15:36:25 CST 2012" />
          </TestCase>
          <TestCase name="OldAndroidFileTest" priority="">
            <Test name="testFile" result="pass" starttime="Fri Sep 21 15:36:25 CST 2012" endtime="Fri Sep 21 15:36:26 CST 2012" />
          </TestCase>
          <TestCase name="OldAndroidInputStreamReaderTest" priority="">
            <Test name="testAscii" result="pass" starttime="Fri Sep 21 15:36:26 CST 2012" endtime="Fri Sep 21 15:36:26 CST 2012" />
            <Test name="testStringy" result="pass" starttime="Fri Sep 21 15:36:26 CST 2012" endtime="Fri Sep 21 15:36:26 CST 2012" />
            <Test name="testUtf8" result="pass" starttime="Fri Sep 21 15:36:26 CST 2012" endtime="Fri Sep 21 15:36:26 CST 2012" />
          </TestCase>
          <TestCase name="OldAndroidLineNumberReaderTest" priority="">
            <Test name="testLineNumberReader" result="pass" starttime="Fri Sep 21 15:36:26 CST 2012" endtime="Fri Sep 21 15:36:26 CST 2012" />
          </TestCase>
          <TestCase name="OldAndroidOutputStreamWriterTest" priority="">
            <Test name="testOutputStreamWriter" result="pass" starttime="Fri Sep 21 15:36:26 CST 2012" endtime="Fri Sep 21 15:36:26 CST 2012" />
          </TestCase>
          <TestCase name="OldAndroidPipedStreamTest" priority="">
            <Test name="testA" result="pass" starttime="Fri Sep 21 15:36:26 CST 2012" endtime="Fri Sep 21 15:36:26 CST 2012" />
            <Test name="testB" result="pass" starttime="Fri Sep 21 15:36:26 CST 2012" endtime="Fri Sep 21 15:36:26 CST 2012" />
            <Test name="testC" result="pass" starttime="Fri Sep 21 15:36:26 CST 2012" endtime="Fri Sep 21 15:36:26 CST 2012" />
          </TestCase>
          <TestCase name="OldAndroidPrintWriterTest" priority="">
            <Test name="testPrintWriter" result="pass" starttime="Fri Sep 21 15:36:26 CST 2012" endtime="Fri Sep 21 15:36:27 CST 2012" />
          </TestCase>
          <TestCase name="OldAndroidPushbackInputStreamTest" priority="">
            <Test name="testPushbackInputStream" result="pass" starttime="Fri Sep 21 15:36:27 CST 2012" endtime="Fri Sep 21 15:36:27 CST 2012" />
          </TestCase>
          <TestCase name="OldAndroidPushbackReaderTest" priority="">
            <Test name="testPushbackReader" result="pass" starttime="Fri Sep 21 15:36:27 CST 2012" endtime="Fri Sep 21 15:36:27 CST 2012" />
          </TestCase>
          <TestCase name="OldAndroidSerializationTest" priority="">
            <Test name="testSerialization" result="pass" starttime="Fri Sep 21 15:36:27 CST 2012" endtime="Fri Sep 21 15:36:27 CST 2012" />
          </TestCase>
          <TestCase name="OldAndroidStreamTokenizerTest" priority="">
            <Test name="testStreamTokenizer" result="pass" starttime="Fri Sep 21 15:36:27 CST 2012" endtime="Fri Sep 21 15:36:27 CST 2012" />
          </TestCase>
          <TestCase name="OldAndroidStringReaderTest" priority="">
            <Test name="testStringReader" result="pass" starttime="Fri Sep 21 15:36:27 CST 2012" endtime="Fri Sep 21 15:36:27 CST 2012" />
          </TestCase>
          <TestCase name="OldAndroidStringWriterTest" priority="">
            <Test name="testStringWriter" result="pass" starttime="Fri Sep 21 15:36:27 CST 2012" endtime="Fri Sep 21 15:36:27 CST 2012" />
          </TestCase>
          <TestCase name="OldBufferedInputStreamTest" priority="">
            <Test name="test_ConstructorLjava_io_InputStream" result="pass" starttime="Fri Sep 21 15:36:27 CST 2012" endtime="Fri Sep 21 15:36:28 CST 2012" />
            <Test name="test_ConstructorLjava_io_InputStreamI" result="pass" starttime="Fri Sep 21 15:36:28 CST 2012" endtime="Fri Sep 21 15:36:28 CST 2012" />
            <Test name="test_available" result="pass" starttime="Fri Sep 21 15:36:28 CST 2012" endtime="Fri Sep 21 15:36:28 CST 2012" />
            <Test name="test_close" result="pass" starttime="Fri Sep 21 15:36:28 CST 2012" endtime="Fri Sep 21 15:36:28 CST 2012" />
            <Test name="test_markI_reset" result="pass" starttime="Fri Sep 21 15:36:28 CST 2012" endtime="Fri Sep 21 15:36:28 CST 2012" />
            <Test name="test_read" result="pass" starttime="Fri Sep 21 15:36:28 CST 2012" endtime="Fri Sep 21 15:36:28 CST 2012" />
          </TestCase>
          <TestCase name="OldBufferedOutputStreamTest" priority="">
            <Test name="test_ConstructorLjava_io_OutputStream" result="pass" starttime="Fri Sep 21 15:36:28 CST 2012" endtime="Fri Sep 21 15:36:28 CST 2012" />
            <Test name="test_ConstructorLjava_io_OutputStreamI" result="pass" starttime="Fri Sep 21 15:36:28 CST 2012" endtime="Fri Sep 21 15:36:28 CST 2012" />
            <Test name="test_flush" result="pass" starttime="Fri Sep 21 15:36:28 CST 2012" endtime="Fri Sep 21 15:36:29 CST 2012" />
            <Test name="test_write$BII" result="pass" starttime="Fri Sep 21 15:36:29 CST 2012" endtime="Fri Sep 21 15:36:29 CST 2012" />
            <Test name="test_write$BII_Exception" result="pass" starttime="Fri Sep 21 15:36:29 CST 2012" endtime="Fri Sep 21 15:36:29 CST 2012" />
            <Test name="test_writeI" result="pass" starttime="Fri Sep 21 15:36:29 CST 2012" endtime="Fri Sep 21 15:36:29 CST 2012" />
          </TestCase>
          <TestCase name="OldBufferedReaderTest" priority="">
            <Test name="testReadZeroLengthArray" result="pass" starttime="Fri Sep 21 15:36:29 CST 2012" endtime="Fri Sep 21 15:36:29 CST 2012" />
            <Test name="testSourceThrowsWithMark" result="pass" starttime="Fri Sep 21 15:36:29 CST 2012" endtime="Fri Sep 21 15:36:29 CST 2012" />
            <Test name="test_ConstructorLjava_io_Reader" result="pass" starttime="Fri Sep 21 15:36:29 CST 2012" endtime="Fri Sep 21 15:36:29 CST 2012" />
            <Test name="test_ConstructorLjava_io_ReaderI" result="pass" starttime="Fri Sep 21 15:36:29 CST 2012" endtime="Fri Sep 21 15:36:29 CST 2012" />
            <Test name="test_close" result="pass" starttime="Fri Sep 21 15:36:29 CST 2012" endtime="Fri Sep 21 15:36:30 CST 2012" />
            <Test name="test_markI" result="pass" starttime="Fri Sep 21 15:36:30 CST 2012" endtime="Fri Sep 21 15:36:30 CST 2012" />
            <Test name="test_markSupported" result="pass" starttime="Fri Sep 21 15:36:30 CST 2012" endtime="Fri Sep 21 15:36:30 CST 2012" />
            <Test name="test_read" result="pass" starttime="Fri Sep 21 15:36:30 CST 2012" endtime="Fri Sep 21 15:36:30 CST 2012" />
            <Test name="test_read$CII_Exception" result="pass" starttime="Fri Sep 21 15:36:30 CST 2012" endtime="Fri Sep 21 15:36:30 CST 2012" />
            <Test name="test_readLine" result="pass" starttime="Fri Sep 21 15:36:30 CST 2012" endtime="Fri Sep 21 15:36:30 CST 2012" />
            <Test name="test_ready" result="pass" starttime="Fri Sep 21 15:36:30 CST 2012" endtime="Fri Sep 21 15:36:30 CST 2012" />
            <Test name="test_skipJ" result="pass" starttime="Fri Sep 21 15:36:30 CST 2012" endtime="Fri Sep 21 15:36:30 CST 2012" />
          </TestCase>
          <TestCase name="OldBufferedWriterTest" priority="">
            <Test name="test_ConstructorLjava_io_Writer" result="pass" starttime="Fri Sep 21 15:36:30 CST 2012" endtime="Fri Sep 21 15:36:30 CST 2012" />
            <Test name="test_ConstructorLjava_io_WriterI" result="pass" starttime="Fri Sep 21 15:36:30 CST 2012" endtime="Fri Sep 21 15:36:31 CST 2012" />
            <Test name="test_close" result="pass" starttime="Fri Sep 21 15:36:31 CST 2012" endtime="Fri Sep 21 15:36:31 CST 2012" />
            <Test name="test_flush" result="pass" starttime="Fri Sep 21 15:36:31 CST 2012" endtime="Fri Sep 21 15:36:31 CST 2012" />
            <Test name="test_newLine" result="pass" starttime="Fri Sep 21 15:36:31 CST 2012" endtime="Fri Sep 21 15:36:31 CST 2012" />
            <Test name="test_write$CII" result="pass" starttime="Fri Sep 21 15:36:31 CST 2012" endtime="Fri Sep 21 15:36:31 CST 2012" />
            <Test name="test_write$CII_Exception" result="pass" starttime="Fri Sep 21 15:36:31 CST 2012" endtime="Fri Sep 21 15:36:31 CST 2012" />
            <Test name="test_writeI" result="pass" starttime="Fri Sep 21 15:36:31 CST 2012" endtime="Fri Sep 21 15:36:31 CST 2012" />
            <Test name="test_writeLjava_lang_StringII" result="pass" starttime="Fri Sep 21 15:36:31 CST 2012" endtime="Fri Sep 21 15:36:31 CST 2012" />
            <Test name="test_writeLjava_lang_StringII_Exception" result="pass" starttime="Fri Sep 21 15:36:31 CST 2012" endtime="Fri Sep 21 15:36:32 CST 2012" />
          </TestCase>
          <TestCase name="OldByteArrayInputStreamTest" priority="">
            <Test name="test_Constructor$B" result="pass" starttime="Fri Sep 21 15:36:32 CST 2012" endtime="Fri Sep 21 15:36:32 CST 2012" />
            <Test name="test_Constructor$BII" result="pass" starttime="Fri Sep 21 15:36:32 CST 2012" endtime="Fri Sep 21 15:36:32 CST 2012" />
            <Test name="test_available" result="pass" starttime="Fri Sep 21 15:36:32 CST 2012" endtime="Fri Sep 21 15:36:32 CST 2012" />
            <Test name="test_close" result="pass" starttime="Fri Sep 21 15:36:32 CST 2012" endtime="Fri Sep 21 15:36:32 CST 2012" />
            <Test name="test_markI" result="pass" starttime="Fri Sep 21 15:36:32 CST 2012" endtime="Fri Sep 21 15:36:32 CST 2012" />
            <Test name="test_markSupported" result="pass" starttime="Fri Sep 21 15:36:32 CST 2012" endtime="Fri Sep 21 15:36:32 CST 2012" />
            <Test name="test_read" result="pass" starttime="Fri Sep 21 15:36:32 CST 2012" endtime="Fri Sep 21 15:36:32 CST 2012" />
            <Test name="test_read$BII" result="pass" starttime="Fri Sep 21 15:36:32 CST 2012" endtime="Fri Sep 21 15:36:33 CST 2012" />
            <Test name="test_reset" result="pass" starttime="Fri Sep 21 15:36:33 CST 2012" endtime="Fri Sep 21 15:36:33 CST 2012" />
            <Test name="test_skipJ" result="pass" starttime="Fri Sep 21 15:36:33 CST 2012" endtime="Fri Sep 21 15:36:33 CST 2012" />
          </TestCase>
          <TestCase name="OldByteArrayOutputStreamTest" priority="">
            <Test name="test_ConstructorI" result="pass" starttime="Fri Sep 21 15:36:33 CST 2012" endtime="Fri Sep 21 15:36:33 CST 2012" />
            <Test name="test_toStringLjava_lang_String" result="pass" starttime="Fri Sep 21 15:36:33 CST 2012" endtime="Fri Sep 21 15:36:33 CST 2012" />
            <Test name="test_write$BII_Exception" result="pass" starttime="Fri Sep 21 15:36:33 CST 2012" endtime="Fri Sep 21 15:36:33 CST 2012" />
            <Test name="test_writeToLjava_io_OutputStream" result="pass" starttime="Fri Sep 21 15:36:33 CST 2012" endtime="Fri Sep 21 15:36:33 CST 2012" />
          </TestCase>
          <TestCase name="OldCharArrayReaderTest" priority="">
            <Test name="test_Constructor$C" result="pass" starttime="Fri Sep 21 15:36:33 CST 2012" endtime="Fri Sep 21 15:36:33 CST 2012" />
            <Test name="test_Constructor$CII" result="pass" starttime="Fri Sep 21 15:36:33 CST 2012" endtime="Fri Sep 21 15:36:34 CST 2012" />
            <Test name="test_close" result="pass" starttime="Fri Sep 21 15:36:34 CST 2012" endtime="Fri Sep 21 15:36:34 CST 2012" />
            <Test name="test_markI" result="pass" starttime="Fri Sep 21 15:36:34 CST 2012" endtime="Fri Sep 21 15:36:34 CST 2012" />
            <Test name="test_markSupported" result="pass" starttime="Fri Sep 21 15:36:34 CST 2012" endtime="Fri Sep 21 15:36:34 CST 2012" />
            <Test name="test_read" result="pass" starttime="Fri Sep 21 15:36:34 CST 2012" endtime="Fri Sep 21 15:36:34 CST 2012" />
            <Test name="test_read$CII" result="pass" starttime="Fri Sep 21 15:36:34 CST 2012" endtime="Fri Sep 21 15:36:34 CST 2012" />
            <Test name="test_ready" result="pass" starttime="Fri Sep 21 15:36:34 CST 2012" endtime="Fri Sep 21 15:36:34 CST 2012" />
            <Test name="test_reset" result="pass" starttime="Fri Sep 21 15:36:34 CST 2012" endtime="Fri Sep 21 15:36:34 CST 2012" />
            <Test name="test_skipJ" result="pass" starttime="Fri Sep 21 15:36:34 CST 2012" endtime="Fri Sep 21 15:36:35 CST 2012" />
          </TestCase>
          <TestCase name="OldCharArrayWriterTest" priority="">
            <Test name="test_ConstructorI" result="pass" starttime="Fri Sep 21 15:36:35 CST 2012" endtime="Fri Sep 21 15:36:35 CST 2012" />
            <Test name="test_appendLjava_langCharSequenceII" result="pass" starttime="Fri Sep 21 15:36:35 CST 2012" endtime="Fri Sep 21 15:36:35 CST 2012" />
            <Test name="test_write$CII_Exception" result="pass" starttime="Fri Sep 21 15:36:35 CST 2012" endtime="Fri Sep 21 15:36:35 CST 2012" />
            <Test name="test_writeToLjava_io_Writer" result="pass" starttime="Fri Sep 21 15:36:35 CST 2012" endtime="Fri Sep 21 15:36:35 CST 2012" />
          </TestCase>
          <TestCase name="OldDataInputOutputStreamTest" priority="">
            <Test name="test_read_writeBoolean" result="pass" starttime="Fri Sep 21 15:36:35 CST 2012" endtime="Fri Sep 21 15:36:35 CST 2012" />
            <Test name="test_read_writeByte" result="pass" starttime="Fri Sep 21 15:36:35 CST 2012" endtime="Fri Sep 21 15:36:35 CST 2012" />
            <Test name="test_read_writeChar" result="pass" starttime="Fri Sep 21 15:36:35 CST 2012" endtime="Fri Sep 21 15:36:35 CST 2012" />
            <Test name="test_read_writeDouble" result="pass" starttime="Fri Sep 21 15:36:35 CST 2012" endtime="Fri Sep 21 15:36:36 CST 2012" />
            <Test name="test_read_writeFloat" result="pass" starttime="Fri Sep 21 15:36:36 CST 2012" endtime="Fri Sep 21 15:36:36 CST 2012" />
            <Test name="test_read_writeInt" result="pass" starttime="Fri Sep 21 15:36:36 CST 2012" endtime="Fri Sep 21 15:36:36 CST 2012" />
            <Test name="test_read_writeLong" result="pass" starttime="Fri Sep 21 15:36:36 CST 2012" endtime="Fri Sep 21 15:36:36 CST 2012" />
            <Test name="test_read_writeShort" result="pass" starttime="Fri Sep 21 15:36:36 CST 2012" endtime="Fri Sep 21 15:36:36 CST 2012" />
            <Test name="test_read_writeUTF" result="pass" starttime="Fri Sep 21 15:36:36 CST 2012" endtime="Fri Sep 21 15:36:36 CST 2012" />
          </TestCase>
          <TestCase name="OldDataInputStreamTest" priority="">
            <Test name="test_ConstructorLjava_io_InputStream" result="pass" starttime="Fri Sep 21 15:36:36 CST 2012" endtime="Fri Sep 21 15:36:36 CST 2012" />
            <Test name="test_read$B" result="pass" starttime="Fri Sep 21 15:36:36 CST 2012" endtime="Fri Sep 21 15:36:36 CST 2012" />
            <Test name="test_read$BII" result="pass" starttime="Fri Sep 21 15:36:36 CST 2012" endtime="Fri Sep 21 15:36:37 CST 2012" />
            <Test name="test_read$BII_Exception" result="pass" starttime="Fri Sep 21 15:36:37 CST 2012" endtime="Fri Sep 21 15:36:37 CST 2012" />
            <Test name="test_readFully$B" result="pass" starttime="Fri Sep 21 15:36:37 CST 2012" endtime="Fri Sep 21 15:36:37 CST 2012" />
            <Test name="test_readFully$BII" result="pass" starttime="Fri Sep 21 15:36:37 CST 2012" endtime="Fri Sep 21 15:36:37 CST 2012" />
            <Test name="test_readFully$BII_Exception" result="pass" starttime="Fri Sep 21 15:36:37 CST 2012" endtime="Fri Sep 21 15:36:37 CST 2012" />
            <Test name="test_readLine" result="pass" starttime="Fri Sep 21 15:36:37 CST 2012" endtime="Fri Sep 21 15:36:37 CST 2012" />
            <Test name="test_readUTFLjava_io_DataInput" result="pass" starttime="Fri Sep 21 15:36:37 CST 2012" endtime="Fri Sep 21 15:36:37 CST 2012" />
            <Test name="test_readUnsignedByte" result="pass" starttime="Fri Sep 21 15:36:37 CST 2012" endtime="Fri Sep 21 15:36:37 CST 2012" />
            <Test name="test_readUnsignedShort" result="pass" starttime="Fri Sep 21 15:36:37 CST 2012" endtime="Fri Sep 21 15:36:38 CST 2012" />
          </TestCase>
          <TestCase name="OldDataOutputStreamTest" priority="">
            <Test name="test_flush" result="pass" starttime="Fri Sep 21 15:36:38 CST 2012" endtime="Fri Sep 21 15:36:38 CST 2012" />
            <Test name="test_write$BII" result="pass" starttime="Fri Sep 21 15:36:38 CST 2012" endtime="Fri Sep 21 15:36:38 CST 2012" />
            <Test name="test_write$BII_Exception" result="pass" starttime="Fri Sep 21 15:36:38 CST 2012" endtime="Fri Sep 21 15:36:38 CST 2012" />
            <Test name="test_writeBytesLjava_lang_String" result="pass" starttime="Fri Sep 21 15:36:38 CST 2012" endtime="Fri Sep 21 15:36:38 CST 2012" />
            <Test name="test_writeCharsLjava_lang_String" result="pass" starttime="Fri Sep 21 15:36:38 CST 2012" endtime="Fri Sep 21 15:36:38 CST 2012" />
            <Test name="test_writeI" result="pass" starttime="Fri Sep 21 15:36:38 CST 2012" endtime="Fri Sep 21 15:36:38 CST 2012" />
          </TestCase>
          <TestCase name="OldFileInputStreamTest" priority="">
            <Test name="test_ConstructorLjava_io_File" result="pass" starttime="Fri Sep 21 15:36:38 CST 2012" endtime="Fri Sep 21 15:36:38 CST 2012" />
            <Test name="test_ConstructorLjava_io_FileDescriptor" result="pass" starttime="Fri Sep 21 15:36:38 CST 2012" endtime="Fri Sep 21 15:36:39 CST 2012" />
            <Test name="test_ConstructorLjava_lang_String" result="pass" starttime="Fri Sep 21 15:36:39 CST 2012" endtime="Fri Sep 21 15:36:39 CST 2012" />
            <Test name="test_available" result="pass" starttime="Fri Sep 21 15:36:39 CST 2012" endtime="Fri Sep 21 15:36:39 CST 2012" />
            <Test name="test_getChannel" result="pass" starttime="Fri Sep 21 15:36:39 CST 2012" endtime="Fri Sep 21 15:36:39 CST 2012" />
            <Test name="test_read" result="pass" starttime="Fri Sep 21 15:36:39 CST 2012" endtime="Fri Sep 21 15:36:39 CST 2012" />
            <Test name="test_read$B" result="pass" starttime="Fri Sep 21 15:36:39 CST 2012" endtime="Fri Sep 21 15:36:39 CST 2012" />
            <Test name="test_skipJ" result="pass" starttime="Fri Sep 21 15:36:39 CST 2012" endtime="Fri Sep 21 15:36:39 CST 2012" />
          </TestCase>
          <TestCase name="OldFileReaderTest" priority="">
            <Test name="test_ConstructorLjava_io_File" result="pass" starttime="Fri Sep 21 15:36:39 CST 2012" endtime="Fri Sep 21 15:36:39 CST 2012" />
            <Test name="test_ConstructorLjava_lang_String" result="pass" starttime="Fri Sep 21 15:36:39 CST 2012" endtime="Fri Sep 21 15:36:40 CST 2012" />
          </TestCase>
          <TestCase name="OldFileTest" priority="">
            <Test name="test_ConstructorLjava_io_FileLjava_lang_String" result="pass" starttime="Fri Sep 21 15:36:40 CST 2012" endtime="Fri Sep 21 15:36:40 CST 2012" />
            <Test name="test_ConstructorLjava_lang_StringLjava_lang_String" result="pass" starttime="Fri Sep 21 15:36:40 CST 2012" endtime="Fri Sep 21 15:36:40 CST 2012" />
            <Test name="test_createTempFileLjava_lang_StringLjava_lang_String" result="pass" starttime="Fri Sep 21 15:36:40 CST 2012" endtime="Fri Sep 21 15:36:40 CST 2012" />
            <Test name="test_renameToLjava_io_File" result="pass" starttime="Fri Sep 21 15:36:40 CST 2012" endtime="Fri Sep 21 15:36:40 CST 2012" />
            <Test name="test_toURL3" result="pass" starttime="Fri Sep 21 15:36:40 CST 2012" endtime="Fri Sep 21 15:36:41 CST 2012" />
          </TestCase>
          <TestCase name="OldFileWriterTest" priority="">
            <Test name="test_ConstructorLjava_io_FileZ_IOException" result="pass" starttime="Fri Sep 21 15:36:41 CST 2012" endtime="Fri Sep 21 15:36:41 CST 2012" />
            <Test name="test_ConstructorLjava_io_File_IOException" result="pass" starttime="Fri Sep 21 15:36:41 CST 2012" endtime="Fri Sep 21 15:36:41 CST 2012" />
            <Test name="test_ConstructorLjava_lang_StringZ_IOException" result="pass" starttime="Fri Sep 21 15:36:41 CST 2012" endtime="Fri Sep 21 15:36:41 CST 2012" />
            <Test name="test_ConstructorLjava_lang_String_IOException" result="pass" starttime="Fri Sep 21 15:36:41 CST 2012" endtime="Fri Sep 21 15:36:41 CST 2012" />
            <Test name="test_handleEarlyEOFChar_1" result="pass" starttime="Fri Sep 21 15:36:41 CST 2012" endtime="Fri Sep 21 15:36:42 CST 2012" />
            <Test name="test_handleEarlyEOFChar_2" result="pass" starttime="Fri Sep 21 15:36:42 CST 2012" endtime="Fri Sep 21 15:36:42 CST 2012" />
          </TestCase>
          <TestCase name="OldFilterInputStreamTest" priority="">
            <Test name="test_Constructor" result="pass" starttime="Fri Sep 21 15:36:42 CST 2012" endtime="Fri Sep 21 15:36:42 CST 2012" />
            <Test name="test_available" result="pass" starttime="Fri Sep 21 15:36:42 CST 2012" endtime="Fri Sep 21 15:36:42 CST 2012" />
            <Test name="test_close" result="pass" starttime="Fri Sep 21 15:36:42 CST 2012" endtime="Fri Sep 21 15:36:43 CST 2012" />
            <Test name="test_markI" result="pass" starttime="Fri Sep 21 15:36:43 CST 2012" endtime="Fri Sep 21 15:36:43 CST 2012" />
            <Test name="test_markSupported" result="pass" starttime="Fri Sep 21 15:36:43 CST 2012" endtime="Fri Sep 21 15:36:43 CST 2012" />
            <Test name="test_read" result="pass" starttime="Fri Sep 21 15:36:43 CST 2012" endtime="Fri Sep 21 15:36:43 CST 2012" />
            <Test name="test_read$B" result="pass" starttime="Fri Sep 21 15:36:43 CST 2012" endtime="Fri Sep 21 15:36:43 CST 2012" />
            <Test name="test_read$BII_Exception" result="pass" starttime="Fri Sep 21 15:36:43 CST 2012" endtime="Fri Sep 21 15:36:43 CST 2012" />
            <Test name="test_reset" result="pass" starttime="Fri Sep 21 15:36:43 CST 2012" endtime="Fri Sep 21 15:36:43 CST 2012" />
            <Test name="test_skipJ" result="pass" starttime="Fri Sep 21 15:36:43 CST 2012" endtime="Fri Sep 21 15:36:43 CST 2012" />
          </TestCase>
          <TestCase name="OldFilterOutputStreamTest" priority="">
            <Test name="test_ConstructorLjava_io_OutputStream" result="pass" starttime="Fri Sep 21 15:36:43 CST 2012" endtime="Fri Sep 21 15:36:43 CST 2012" />
            <Test name="test_close" result="pass" starttime="Fri Sep 21 15:36:43 CST 2012" endtime="Fri Sep 21 15:36:44 CST 2012" />
            <Test name="test_flush" result="pass" starttime="Fri Sep 21 15:36:44 CST 2012" endtime="Fri Sep 21 15:36:44 CST 2012" />
            <Test name="test_write$B" result="pass" starttime="Fri Sep 21 15:36:44 CST 2012" endtime="Fri Sep 21 15:36:44 CST 2012" />
            <Test name="test_write$BII" result="pass" starttime="Fri Sep 21 15:36:44 CST 2012" endtime="Fri Sep 21 15:36:44 CST 2012" />
            <Test name="test_write$BII_Exception" result="pass" starttime="Fri Sep 21 15:36:44 CST 2012" endtime="Fri Sep 21 15:36:44 CST 2012" />
            <Test name="test_writeI" result="pass" starttime="Fri Sep 21 15:36:44 CST 2012" endtime="Fri Sep 21 15:36:44 CST 2012" />
          </TestCase>
          <TestCase name="OldFilterReaderTest" priority="">
            <Test name="test_ConstructorLjava_io_Reader" result="pass" starttime="Fri Sep 21 15:36:44 CST 2012" endtime="Fri Sep 21 15:36:44 CST 2012" />
            <Test name="test_close" result="pass" starttime="Fri Sep 21 15:36:44 CST 2012" endtime="Fri Sep 21 15:36:44 CST 2012" />
            <Test name="test_markI" result="pass" starttime="Fri Sep 21 15:36:44 CST 2012" endtime="Fri Sep 21 15:36:45 CST 2012" />
            <Test name="test_markSupported" result="pass" starttime="Fri Sep 21 15:36:45 CST 2012" endtime="Fri Sep 21 15:36:45 CST 2012" />
            <Test name="test_read" result="pass" starttime="Fri Sep 21 15:36:45 CST 2012" endtime="Fri Sep 21 15:36:45 CST 2012" />
            <Test name="test_read$CII" result="pass" starttime="Fri Sep 21 15:36:45 CST 2012" endtime="Fri Sep 21 15:36:45 CST 2012" />
            <Test name="test_read$CII_Exception" result="pass" starttime="Fri Sep 21 15:36:45 CST 2012" endtime="Fri Sep 21 15:36:45 CST 2012" />
            <Test name="test_ready" result="pass" starttime="Fri Sep 21 15:36:45 CST 2012" endtime="Fri Sep 21 15:36:45 CST 2012" />
            <Test name="test_reset" result="pass" starttime="Fri Sep 21 15:36:45 CST 2012" endtime="Fri Sep 21 15:36:45 CST 2012" />
            <Test name="test_skip" result="pass" starttime="Fri Sep 21 15:36:45 CST 2012" endtime="Fri Sep 21 15:36:45 CST 2012" />
          </TestCase>
          <TestCase name="OldFilterWriterTest" priority="">
            <Test name="test_ConstructorLjava_io_Writer" result="pass" starttime="Fri Sep 21 15:36:45 CST 2012" endtime="Fri Sep 21 15:36:45 CST 2012" />
            <Test name="test_close" result="pass" starttime="Fri Sep 21 15:36:45 CST 2012" endtime="Fri Sep 21 15:36:46 CST 2012" />
            <Test name="test_flush" result="pass" starttime="Fri Sep 21 15:36:46 CST 2012" endtime="Fri Sep 21 15:36:46 CST 2012" />
            <Test name="test_write$CII" result="pass" starttime="Fri Sep 21 15:36:46 CST 2012" endtime="Fri Sep 21 15:36:46 CST 2012" />
            <Test name="test_write$CII_Exception" result="pass" starttime="Fri Sep 21 15:36:46 CST 2012" endtime="Fri Sep 21 15:36:46 CST 2012" />
            <Test name="test_writeI" result="pass" starttime="Fri Sep 21 15:36:46 CST 2012" endtime="Fri Sep 21 15:36:46 CST 2012" />
            <Test name="test_writeLjava_lang_StringII" result="pass" starttime="Fri Sep 21 15:36:46 CST 2012" endtime="Fri Sep 21 15:36:46 CST 2012" />
          </TestCase>
          <TestCase name="OldInputStreamReaderTest" priority="">
            <Test name="testClose" result="pass" starttime="Fri Sep 21 15:36:46 CST 2012" endtime="Fri Sep 21 15:36:46 CST 2012" />
            <Test name="testInputStreamReaderSuccessiveReads" result="pass" starttime="Fri Sep 21 15:36:46 CST 2012" endtime="Fri Sep 21 15:36:46 CST 2012" />
            <Test name="testReadcharArrayintint" result="pass" starttime="Fri Sep 21 15:36:46 CST 2012" endtime="Fri Sep 21 15:36:47 CST 2012" />
            <Test name="testReadcharArrayintint2" result="pass" starttime="Fri Sep 21 15:36:47 CST 2012" endtime="Fri Sep 21 15:36:47 CST 2012" />
            <Test name="testReady" result="pass" starttime="Fri Sep 21 15:36:47 CST 2012" endtime="Fri Sep 21 15:36:47 CST 2012" />
            <Test name="test_ConstructorLjava_io_InputStream" result="pass" starttime="Fri Sep 21 15:36:47 CST 2012" endtime="Fri Sep 21 15:36:47 CST 2012" />
            <Test name="test_ConstructorLjava_io_InputStreamLjava_lang_String" result="pass" starttime="Fri Sep 21 15:36:47 CST 2012" endtime="Fri Sep 21 15:36:47 CST 2012" />
            <Test name="test_close" result="pass" starttime="Fri Sep 21 15:36:47 CST 2012" endtime="Fri Sep 21 15:36:47 CST 2012" />
            <Test name="test_read$CII" result="pass" starttime="Fri Sep 21 15:36:47 CST 2012" endtime="Fri Sep 21 15:36:47 CST 2012" />
            <Test name="test_readWhenCharacterSpansBuffer" result="pass" starttime="Fri Sep 21 15:36:47 CST 2012" endtime="Fri Sep 21 15:36:47 CST 2012" />
            <Test name="test_ready" result="pass" starttime="Fri Sep 21 15:36:47 CST 2012" endtime="Fri Sep 21 15:36:47 CST 2012" />
          </TestCase>
          <TestCase name="OldInputStreamTest" priority="">
            <Test name="test_Constructor" result="pass" starttime="Fri Sep 21 15:36:47 CST 2012" endtime="Fri Sep 21 15:36:48 CST 2012" />
            <Test name="test_available" result="pass" starttime="Fri Sep 21 15:36:48 CST 2012" endtime="Fri Sep 21 15:36:48 CST 2012" />
            <Test name="test_close" result="pass" starttime="Fri Sep 21 15:36:48 CST 2012" endtime="Fri Sep 21 15:36:48 CST 2012" />
            <Test name="test_markI" result="pass" starttime="Fri Sep 21 15:36:48 CST 2012" endtime="Fri Sep 21 15:36:48 CST 2012" />
            <Test name="test_markSupported" result="pass" starttime="Fri Sep 21 15:36:48 CST 2012" endtime="Fri Sep 21 15:36:48 CST 2012" />
            <Test name="test_read$B" result="pass" starttime="Fri Sep 21 15:36:48 CST 2012" endtime="Fri Sep 21 15:36:48 CST 2012" />
            <Test name="test_read$BII" result="pass" starttime="Fri Sep 21 15:36:48 CST 2012" endtime="Fri Sep 21 15:36:48 CST 2012" />
            <Test name="test_read$BII_Exception" result="pass" starttime="Fri Sep 21 15:36:48 CST 2012" endtime="Fri Sep 21 15:36:48 CST 2012" />
            <Test name="test_reset" result="pass" starttime="Fri Sep 21 15:36:48 CST 2012" endtime="Fri Sep 21 15:36:48 CST 2012" />
            <Test name="test_skipL" result="pass" starttime="Fri Sep 21 15:36:48 CST 2012" endtime="Fri Sep 21 15:36:48 CST 2012" />
          </TestCase>
          <TestCase name="OldLineNumberInputStreamTest" priority="">
            <Test name="test_available" result="pass" starttime="Fri Sep 21 15:36:48 CST 2012" endtime="Fri Sep 21 15:36:49 CST 2012" />
            <Test name="test_read" result="pass" starttime="Fri Sep 21 15:36:49 CST 2012" endtime="Fri Sep 21 15:36:49 CST 2012" />
            <Test name="test_read$BII" result="pass" starttime="Fri Sep 21 15:36:49 CST 2012" endtime="Fri Sep 21 15:36:49 CST 2012" />
            <Test name="test_read$BII_Exception" result="pass" starttime="Fri Sep 21 15:36:49 CST 2012" endtime="Fri Sep 21 15:36:49 CST 2012" />
            <Test name="test_reset" result="pass" starttime="Fri Sep 21 15:36:49 CST 2012" endtime="Fri Sep 21 15:36:49 CST 2012" />
            <Test name="test_setLineNumberI" result="pass" starttime="Fri Sep 21 15:36:49 CST 2012" endtime="Fri Sep 21 15:36:49 CST 2012" />
            <Test name="test_skipJ" result="pass" starttime="Fri Sep 21 15:36:49 CST 2012" endtime="Fri Sep 21 15:36:49 CST 2012" />
          </TestCase>
          <TestCase name="OldLineNumberReaderTest" priority="">
            <Test name="test_markI" result="pass" starttime="Fri Sep 21 15:36:49 CST 2012" endtime="Fri Sep 21 15:36:49 CST 2012" />
            <Test name="test_read" result="pass" starttime="Fri Sep 21 15:36:49 CST 2012" endtime="Fri Sep 21 15:36:49 CST 2012" />
            <Test name="test_read$CII" result="pass" starttime="Fri Sep 21 15:36:49 CST 2012" endtime="Fri Sep 21 15:36:50 CST 2012" />
            <Test name="test_read$CII_Exception" result="pass" starttime="Fri Sep 21 15:36:50 CST 2012" endtime="Fri Sep 21 15:36:50 CST 2012" />
            <Test name="test_readLine" result="pass" starttime="Fri Sep 21 15:36:50 CST 2012" endtime="Fri Sep 21 15:36:50 CST 2012" />
            <Test name="test_reset" result="pass" starttime="Fri Sep 21 15:36:50 CST 2012" endtime="Fri Sep 21 15:36:50 CST 2012" />
            <Test name="test_skipJ" result="pass" starttime="Fri Sep 21 15:36:50 CST 2012" endtime="Fri Sep 21 15:36:50 CST 2012" />
          </TestCase>
          <TestCase name="OldObjectInputOutputStreamTest" priority="">
            <Test name="test_read_writeBoolean" result="pass" starttime="Fri Sep 21 15:36:50 CST 2012" endtime="Fri Sep 21 15:36:50 CST 2012" />
            <Test name="test_read_writeByte" result="pass" starttime="Fri Sep 21 15:36:50 CST 2012" endtime="Fri Sep 21 15:36:50 CST 2012" />
            <Test name="test_read_writeChar" result="pass" starttime="Fri Sep 21 15:36:50 CST 2012" endtime="Fri Sep 21 15:36:50 CST 2012" />
            <Test name="test_read_writeDouble" result="pass" starttime="Fri Sep 21 15:36:50 CST 2012" endtime="Fri Sep 21 15:36:51 CST 2012" />
            <Test name="test_read_writeFloat" result="pass" starttime="Fri Sep 21 15:36:51 CST 2012" endtime="Fri Sep 21 15:36:51 CST 2012" />
            <Test name="test_read_writeInt" result="pass" starttime="Fri Sep 21 15:36:51 CST 2012" endtime="Fri Sep 21 15:36:51 CST 2012" />
            <Test name="test_read_writeLong" result="pass" starttime="Fri Sep 21 15:36:51 CST 2012" endtime="Fri Sep 21 15:36:51 CST 2012" />
            <Test name="test_read_writeShort" result="pass" starttime="Fri Sep 21 15:36:51 CST 2012" endtime="Fri Sep 21 15:36:51 CST 2012" />
            <Test name="test_read_writeUTF" result="pass" starttime="Fri Sep 21 15:36:51 CST 2012" endtime="Fri Sep 21 15:36:51 CST 2012" />
          </TestCase>
          <TestCase name="OldObjectInputStreamGetFieldTest" priority="">
            <Test name="test_defaultedLjava_lang_String" result="pass" starttime="Fri Sep 21 15:36:51 CST 2012" endtime="Fri Sep 21 15:36:51 CST 2012" />
            <Test name="test_get" result="pass" starttime="Fri Sep 21 15:36:51 CST 2012" endtime="Fri Sep 21 15:36:52 CST 2012" />
            <Test name="test_getException" result="pass" starttime="Fri Sep 21 15:36:52 CST 2012" endtime="Fri Sep 21 15:36:52 CST 2012" />
            <Test name="test_getObjectStreamClass" result="pass" starttime="Fri Sep 21 15:36:52 CST 2012" endtime="Fri Sep 21 15:36:52 CST 2012" />
          </TestCase>
          <TestCase name="OldObjectOutputStreamPutFieldTest" priority="">
            <Test name="test_put" result="pass" starttime="Fri Sep 21 15:36:52 CST 2012" endtime="Fri Sep 21 15:36:52 CST 2012" />
            <Test name="test_writeLjava_io_ObjectOutputStream" result="pass" starttime="Fri Sep 21 15:36:52 CST 2012" endtime="Fri Sep 21 15:36:52 CST 2012" />
          </TestCase>
          <TestCase name="OldObjectOutputStreamTest" priority="">
            <Test name="test_ConstructorLjava_io_OutputStream" result="pass" starttime="Fri Sep 21 15:36:52 CST 2012" endtime="Fri Sep 21 15:36:52 CST 2012" />
            <Test name="test_close" result="pass" starttime="Fri Sep 21 15:36:52 CST 2012" endtime="Fri Sep 21 15:36:52 CST 2012" />
            <Test name="test_drain" result="pass" starttime="Fri Sep 21 15:36:52 CST 2012" endtime="Fri Sep 21 15:36:52 CST 2012" />
            <Test name="test_enableReplaceObjectB" result="pass" starttime="Fri Sep 21 15:36:52 CST 2012" endtime="Fri Sep 21 15:36:52 CST 2012" />
            <Test name="test_flush" result="pass" starttime="Fri Sep 21 15:36:52 CST 2012" endtime="Fri Sep 21 15:36:52 CST 2012" />
            <Test name="test_putFields" result="pass" starttime="Fri Sep 21 15:36:52 CST 2012" endtime="Fri Sep 21 15:36:53 CST 2012" />
            <Test name="test_reset" result="pass" starttime="Fri Sep 21 15:36:53 CST 2012" endtime="Fri Sep 21 15:36:53 CST 2012" />
            <Test name="test_write$BII" result="pass" starttime="Fri Sep 21 15:36:53 CST 2012" endtime="Fri Sep 21 15:36:53 CST 2012" />
            <Test name="test_writeObjectOverrideLjava_lang_Object" result="pass" starttime="Fri Sep 21 15:36:53 CST 2012" endtime="Fri Sep 21 15:36:53 CST 2012" />
            <Test name="test_writeStreamHeader" result="pass" starttime="Fri Sep 21 15:36:53 CST 2012" endtime="Fri Sep 21 15:36:53 CST 2012" />
          </TestCase>
          <TestCase name="OldObjectStreamFieldTest" priority="">
            <Test name="test_ConstructorLjava_lang_StringLjava_lang_Class" result="pass" starttime="Fri Sep 21 15:36:53 CST 2012" endtime="Fri Sep 21 15:36:53 CST 2012" />
            <Test name="test_ConstructorLjava_lang_StringLjava_lang_ClassB" result="pass" starttime="Fri Sep 21 15:36:53 CST 2012" endtime="Fri Sep 21 15:36:53 CST 2012" />
            <Test name="test_getOffset" result="pass" starttime="Fri Sep 21 15:36:53 CST 2012" endtime="Fri Sep 21 15:36:53 CST 2012" />
            <Test name="test_isPrimitive" result="pass" starttime="Fri Sep 21 15:36:53 CST 2012" endtime="Fri Sep 21 15:36:53 CST 2012" />
            <Test name="test_setOffsetI" result="pass" starttime="Fri Sep 21 15:36:53 CST 2012" endtime="Fri Sep 21 15:36:54 CST 2012" />
          </TestCase>
          <TestCase name="OldOutputStreamTest" priority="">
            <Test name="test_write$B" result="pass" starttime="Fri Sep 21 15:36:54 CST 2012" endtime="Fri Sep 21 15:36:54 CST 2012" />
            <Test name="test_write$BII" result="pass" starttime="Fri Sep 21 15:36:54 CST 2012" endtime="Fri Sep 21 15:36:54 CST 2012" />
          </TestCase>
          <TestCase name="OldOutputStreamWriterTest" priority="">
            <Test name="test_ConstructorLjava_io_OutputStream" result="pass" starttime="Fri Sep 21 15:36:54 CST 2012" endtime="Fri Sep 21 15:36:54 CST 2012" />
            <Test name="test_ConstructorLjava_io_OutputStreamLjava_lang_String" result="pass" starttime="Fri Sep 21 15:36:54 CST 2012" endtime="Fri Sep 21 15:36:54 CST 2012" />
            <Test name="test_ConstructorLjava_io_OutputStreamLjava_nio_charset_Charset" result="pass" starttime="Fri Sep 21 15:36:54 CST 2012" endtime="Fri Sep 21 15:36:54 CST 2012" />
            <Test name="test_ConstructorLjava_io_OutputStreamLjava_nio_charset_CharsetEncoder" result="pass" starttime="Fri Sep 21 15:36:54 CST 2012" endtime="Fri Sep 21 15:36:54 CST 2012" />
            <Test name="test_close" result="pass" starttime="Fri Sep 21 15:36:54 CST 2012" endtime="Fri Sep 21 15:36:54 CST 2012" />
            <Test name="test_flush" result="pass" starttime="Fri Sep 21 15:36:54 CST 2012" endtime="Fri Sep 21 15:36:54 CST 2012" />
            <Test name="test_getEncoding" result="pass" starttime="Fri Sep 21 15:36:54 CST 2012" endtime="Fri Sep 21 15:36:54 CST 2012" />
            <Test name="test_write$CII" result="pass" starttime="Fri Sep 21 15:36:54 CST 2012" endtime="Fri Sep 21 15:36:55 CST 2012" />
            <Test name="test_writeI" result="pass" starttime="Fri Sep 21 15:36:55 CST 2012" endtime="Fri Sep 21 15:36:55 CST 2012" />
            <Test name="test_writeLjava_lang_StringII" result="pass" starttime="Fri Sep 21 15:36:55 CST 2012" endtime="Fri Sep 21 15:36:55 CST 2012" />
            <Test name="test_write_ISO_8859_1" result="pass" starttime="Fri Sep 21 15:36:55 CST 2012" endtime="Fri Sep 21 15:36:55 CST 2012" />
            <Test name="test_write_US_ASCII" result="pass" starttime="Fri Sep 21 15:36:55 CST 2012" endtime="Fri Sep 21 15:36:55 CST 2012" />
            <Test name="test_write_UTF_16" result="pass" starttime="Fri Sep 21 15:36:55 CST 2012" endtime="Fri Sep 21 15:36:56 CST 2012" />
            <Test name="test_write_UTF_16BE" result="pass" starttime="Fri Sep 21 15:36:56 CST 2012" endtime="Fri Sep 21 15:36:57 CST 2012" />
            <Test name="test_write_UTF_16LE" result="pass" starttime="Fri Sep 21 15:36:57 CST 2012" endtime="Fri Sep 21 15:36:58 CST 2012" />
            <Test name="test_write_UTF_8" result="pass" starttime="Fri Sep 21 15:36:58 CST 2012" endtime="Fri Sep 21 15:36:59 CST 2012" />
          </TestCase>
          <TestCase name="OldPipedOutputStreamTest" priority="">
            <Test name="test_Constructor" result="pass" starttime="Fri Sep 21 15:36:59 CST 2012" endtime="Fri Sep 21 15:37:00 CST 2012" />
            <Test name="test_ConstructorLjava_io_PipedInputStream" result="pass" starttime="Fri Sep 21 15:37:00 CST 2012" endtime="Fri Sep 21 15:37:00 CST 2012" />
            <Test name="test_close" result="pass" starttime="Fri Sep 21 15:37:00 CST 2012" endtime="Fri Sep 21 15:37:00 CST 2012" />
            <Test name="test_connectLjava_io_PipedInputStream" result="pass" starttime="Fri Sep 21 15:37:00 CST 2012" endtime="Fri Sep 21 15:37:00 CST 2012" />
            <Test name="test_flush" result="pass" starttime="Fri Sep 21 15:37:00 CST 2012" endtime="Fri Sep 21 15:37:00 CST 2012" />
            <Test name="test_write$BII" result="pass" starttime="Fri Sep 21 15:37:00 CST 2012" endtime="Fri Sep 21 15:37:00 CST 2012" />
            <Test name="test_writeI" result="pass" starttime="Fri Sep 21 15:37:00 CST 2012" endtime="Fri Sep 21 15:37:00 CST 2012" />
          </TestCase>
          <TestCase name="OldPipedWriterTest" priority="">
            <Test name="test_Constructor" result="pass" starttime="Fri Sep 21 15:37:00 CST 2012" endtime="Fri Sep 21 15:37:00 CST 2012" />
            <Test name="test_ConstructorLjava_io_PipedReader" result="pass" starttime="Fri Sep 21 15:37:00 CST 2012" endtime="Fri Sep 21 15:37:00 CST 2012" />
            <Test name="test_close" result="pass" starttime="Fri Sep 21 15:37:00 CST 2012" endtime="Fri Sep 21 15:37:01 CST 2012" />
            <Test name="test_connectLjava_io_PipedReader" result="pass" starttime="Fri Sep 21 15:37:01 CST 2012" endtime="Fri Sep 21 15:37:01 CST 2012" />
            <Test name="test_flush" result="pass" starttime="Fri Sep 21 15:37:01 CST 2012" endtime="Fri Sep 21 15:37:01 CST 2012" />
            <Test name="test_write$CII" result="pass" starttime="Fri Sep 21 15:37:01 CST 2012" endtime="Fri Sep 21 15:37:01 CST 2012" />
            <Test name="test_writeI" result="pass" starttime="Fri Sep 21 15:37:01 CST 2012" endtime="Fri Sep 21 15:37:01 CST 2012" />
          </TestCase>
          <TestCase name="OldPushbackInputStreamTest" priority="">
            <Test name="test_ConstructorLjava_io_InputStream" result="pass" starttime="Fri Sep 21 15:37:01 CST 2012" endtime="Fri Sep 21 15:37:01 CST 2012" />
            <Test name="test_ConstructorLjava_io_InputStreamI" result="pass" starttime="Fri Sep 21 15:37:01 CST 2012" endtime="Fri Sep 21 15:37:01 CST 2012" />
            <Test name="test_available" result="pass" starttime="Fri Sep 21 15:37:01 CST 2012" endtime="Fri Sep 21 15:37:01 CST 2012" />
            <Test name="test_close" result="pass" starttime="Fri Sep 21 15:37:01 CST 2012" endtime="Fri Sep 21 15:37:01 CST 2012" />
            <Test name="test_markSupported" result="pass" starttime="Fri Sep 21 15:37:01 CST 2012" endtime="Fri Sep 21 15:37:02 CST 2012" />
            <Test name="test_read" result="pass" starttime="Fri Sep 21 15:37:02 CST 2012" endtime="Fri Sep 21 15:37:02 CST 2012" />
            <Test name="test_read$BII" result="pass" starttime="Fri Sep 21 15:37:02 CST 2012" endtime="Fri Sep 21 15:37:02 CST 2012" />
            <Test name="test_read$BII_Exception" result="pass" starttime="Fri Sep 21 15:37:02 CST 2012" endtime="Fri Sep 21 15:37:02 CST 2012" />
            <Test name="test_skipJ" result="pass" starttime="Fri Sep 21 15:37:02 CST 2012" endtime="Fri Sep 21 15:37:02 CST 2012" />
            <Test name="test_unread$B" result="pass" starttime="Fri Sep 21 15:37:02 CST 2012" endtime="Fri Sep 21 15:37:02 CST 2012" />
            <Test name="test_unread$BII" result="pass" starttime="Fri Sep 21 15:37:02 CST 2012" endtime="Fri Sep 21 15:37:02 CST 2012" />
            <Test name="test_unreadI" result="pass" starttime="Fri Sep 21 15:37:02 CST 2012" endtime="Fri Sep 21 15:37:02 CST 2012" />
          </TestCase>
          <TestCase name="OldPushbackReaderTest" priority="">
            <Test name="test_ConstructorLjava_io_Reader" result="pass" starttime="Fri Sep 21 15:37:02 CST 2012" endtime="Fri Sep 21 15:37:03 CST 2012" />
            <Test name="test_ConstructorLjava_io_ReaderI" result="pass" starttime="Fri Sep 21 15:37:03 CST 2012" endtime="Fri Sep 21 15:37:03 CST 2012" />
            <Test name="test_close" result="pass" starttime="Fri Sep 21 15:37:03 CST 2012" endtime="Fri Sep 21 15:37:03 CST 2012" />
            <Test name="test_markSupported" result="pass" starttime="Fri Sep 21 15:37:03 CST 2012" endtime="Fri Sep 21 15:37:03 CST 2012" />
            <Test name="test_read" result="pass" starttime="Fri Sep 21 15:37:03 CST 2012" endtime="Fri Sep 21 15:37:03 CST 2012" />
            <Test name="test_read$CII" result="pass" starttime="Fri Sep 21 15:37:03 CST 2012" endtime="Fri Sep 21 15:37:03 CST 2012" />
            <Test name="test_read_$CII_Exception" result="pass" starttime="Fri Sep 21 15:37:03 CST 2012" endtime="Fri Sep 21 15:37:03 CST 2012" />
            <Test name="test_ready" result="pass" starttime="Fri Sep 21 15:37:03 CST 2012" endtime="Fri Sep 21 15:37:03 CST 2012" />
            <Test name="test_skip$J" result="pass" starttime="Fri Sep 21 15:37:03 CST 2012" endtime="Fri Sep 21 15:37:04 CST 2012" />
            <Test name="test_unread$C" result="pass" starttime="Fri Sep 21 15:37:04 CST 2012" endtime="Fri Sep 21 15:37:04 CST 2012" />
            <Test name="test_unread$CII" result="pass" starttime="Fri Sep 21 15:37:04 CST 2012" endtime="Fri Sep 21 15:37:04 CST 2012" />
            <Test name="test_unreadI" result="pass" starttime="Fri Sep 21 15:37:04 CST 2012" endtime="Fri Sep 21 15:37:04 CST 2012" />
            <Test name="test_unread_$CII_ArrayIndexOutOfBoundsException" result="pass" starttime="Fri Sep 21 15:37:04 CST 2012" endtime="Fri Sep 21 15:37:04 CST 2012" />
          </TestCase>
          <TestCase name="OldRandomAccessFileTest" priority="">
            <Test name="test_ConstructorLjava_io_FileLjava_lang_String" result="pass" starttime="Fri Sep 21 15:37:04 CST 2012" endtime="Fri Sep 21 15:37:04 CST 2012" />
            <Test name="test_ConstructorLjava_lang_StringLjava_lang_String" result="pass" starttime="Fri Sep 21 15:37:04 CST 2012" endtime="Fri Sep 21 15:37:04 CST 2012" />
            <Test name="test_close" result="pass" starttime="Fri Sep 21 15:37:04 CST 2012" endtime="Fri Sep 21 15:37:04 CST 2012" />
            <Test name="test_getChannel" result="pass" starttime="Fri Sep 21 15:37:04 CST 2012" endtime="Fri Sep 21 15:37:04 CST 2012" />
            <Test name="test_getFD" result="pass" starttime="Fri Sep 21 15:37:04 CST 2012" endtime="Fri Sep 21 15:37:05 CST 2012" />
            <Test name="test_getFilePointer" result="pass" starttime="Fri Sep 21 15:37:05 CST 2012" endtime="Fri Sep 21 15:37:05 CST 2012" />
            <Test name="test_length" result="pass" starttime="Fri Sep 21 15:37:05 CST 2012" endtime="Fri Sep 21 15:37:05 CST 2012" />
            <Test name="test_read$B" result="pass" starttime="Fri Sep 21 15:37:05 CST 2012" endtime="Fri Sep 21 15:37:05 CST 2012" />
            <Test name="test_read$BII" result="pass" starttime="Fri Sep 21 15:37:05 CST 2012" endtime="Fri Sep 21 15:37:05 CST 2012" />
            <Test name="test_readFully$BII" result="pass" starttime="Fri Sep 21 15:37:05 CST 2012" endtime="Fri Sep 21 15:37:05 CST 2012" />
            <Test name="test_readFully$B_writeBytesLjava_lang_String" result="pass" starttime="Fri Sep 21 15:37:05 CST 2012" endtime="Fri Sep 21 15:37:05 CST 2012" />
            <Test name="test_readLine" result="pass" starttime="Fri Sep 21 15:37:05 CST 2012" endtime="Fri Sep 21 15:37:05 CST 2012" />
            <Test name="test_readUnsignedByte" result="pass" starttime="Fri Sep 21 15:37:05 CST 2012" endtime="Fri Sep 21 15:37:05 CST 2012" />
            <Test name="test_readUnsignedShort" result="pass" starttime="Fri Sep 21 15:37:05 CST 2012" endtime="Fri Sep 21 15:37:06 CST 2012" />
            <Test name="test_read_write" result="pass" starttime="Fri Sep 21 15:37:06 CST 2012" endtime="Fri Sep 21 15:37:06 CST 2012" />
            <Test name="test_read_writeBoolean" result="pass" starttime="Fri Sep 21 15:37:06 CST 2012" endtime="Fri Sep 21 15:37:06 CST 2012" />
            <Test name="test_read_writeByte" result="pass" starttime="Fri Sep 21 15:37:06 CST 2012" endtime="Fri Sep 21 15:37:06 CST 2012" />
            <Test name="test_read_writeChar" result="pass" starttime="Fri Sep 21 15:37:06 CST 2012" endtime="Fri Sep 21 15:37:06 CST 2012" />
            <Test name="test_read_writeDouble" result="pass" starttime="Fri Sep 21 15:37:06 CST 2012" endtime="Fri Sep 21 15:37:06 CST 2012" />
            <Test name="test_read_writeFloat" result="pass" starttime="Fri Sep 21 15:37:06 CST 2012" endtime="Fri Sep 21 15:37:06 CST 2012" />
            <Test name="test_read_writeInt" result="pass" starttime="Fri Sep 21 15:37:06 CST 2012" endtime="Fri Sep 21 15:37:06 CST 2012" />
            <Test name="test_read_writeLong" result="pass" starttime="Fri Sep 21 15:37:06 CST 2012" endtime="Fri Sep 21 15:37:06 CST 2012" />
            <Test name="test_read_writeShort" result="pass" starttime="Fri Sep 21 15:37:06 CST 2012" endtime="Fri Sep 21 15:37:06 CST 2012" />
            <Test name="test_read_writeUTF" result="pass" starttime="Fri Sep 21 15:37:06 CST 2012" endtime="Fri Sep 21 15:37:07 CST 2012" />
            <Test name="test_seekJ" result="pass" starttime="Fri Sep 21 15:37:07 CST 2012" endtime="Fri Sep 21 15:37:07 CST 2012" />
            <Test name="test_setLengthJ" result="pass" starttime="Fri Sep 21 15:37:07 CST 2012" endtime="Fri Sep 21 15:37:07 CST 2012" />
            <Test name="test_skipBytesI" result="pass" starttime="Fri Sep 21 15:37:07 CST 2012" endtime="Fri Sep 21 15:37:07 CST 2012" />
            <Test name="test_write$B" result="pass" starttime="Fri Sep 21 15:37:07 CST 2012" endtime="Fri Sep 21 15:37:07 CST 2012" />
            <Test name="test_write$BII" result="pass" starttime="Fri Sep 21 15:37:07 CST 2012" endtime="Fri Sep 21 15:37:07 CST 2012" />
            <Test name="test_writeCharsLjava_lang_String" result="pass" starttime="Fri Sep 21 15:37:07 CST 2012" endtime="Fri Sep 21 15:37:07 CST 2012" />
          </TestCase>
          <TestCase name="OldReaderTest" priority="">
            <Test name="test_Read_$C" result="pass" starttime="Fri Sep 21 15:37:07 CST 2012" endtime="Fri Sep 21 15:37:07 CST 2012" />
            <Test name="test_Reader" result="pass" starttime="Fri Sep 21 15:37:07 CST 2012" endtime="Fri Sep 21 15:37:08 CST 2012" />
            <Test name="test_Reader_CharBufferChar" result="pass" starttime="Fri Sep 21 15:37:08 CST 2012" endtime="Fri Sep 21 15:37:08 CST 2012" />
            <Test name="test_markSupported" result="pass" starttime="Fri Sep 21 15:37:08 CST 2012" endtime="Fri Sep 21 15:37:08 CST 2012" />
            <Test name="test_read" result="pass" starttime="Fri Sep 21 15:37:08 CST 2012" endtime="Fri Sep 21 15:37:08 CST 2012" />
            <Test name="test_ready" result="pass" starttime="Fri Sep 21 15:37:08 CST 2012" endtime="Fri Sep 21 15:37:08 CST 2012" />
            <Test name="test_skip" result="pass" starttime="Fri Sep 21 15:37:08 CST 2012" endtime="Fri Sep 21 15:37:08 CST 2012" />
          </TestCase>
          <TestCase name="OldSequenceInputStreamTest" priority="">
            <Test name="test_available" result="pass" starttime="Fri Sep 21 15:37:08 CST 2012" endtime="Fri Sep 21 15:37:08 CST 2012" />
            <Test name="test_close2" result="pass" starttime="Fri Sep 21 15:37:08 CST 2012" endtime="Fri Sep 21 15:37:08 CST 2012" />
            <Test name="test_read" result="pass" starttime="Fri Sep 21 15:37:08 CST 2012" endtime="Fri Sep 21 15:37:09 CST 2012" />
            <Test name="test_read$BII_Excpetion" result="pass" starttime="Fri Sep 21 15:37:09 CST 2012" endtime="Fri Sep 21 15:37:09 CST 2012" />
            <Test name="test_read_exc" result="pass" starttime="Fri Sep 21 15:37:09 CST 2012" endtime="Fri Sep 21 15:37:09 CST 2012" />
          </TestCase>
          <TestCase name="OldStreamTokenizerTest" priority="">
            <Test name="test_basicStringTokenizerMethods" result="pass" starttime="Fri Sep 21 15:37:09 CST 2012" endtime="Fri Sep 21 15:37:09 CST 2012" />
            <Test name="test_harmonyRegressionTest" result="pass" starttime="Fri Sep 21 15:37:09 CST 2012" endtime="Fri Sep 21 15:37:09 CST 2012" />
            <Test name="test_harmonyRegressionTest2" result="pass" starttime="Fri Sep 21 15:37:09 CST 2012" endtime="Fri Sep 21 15:37:09 CST 2012" />
            <Test name="test_nextToken" result="pass" starttime="Fri Sep 21 15:37:09 CST 2012" endtime="Fri Sep 21 15:37:09 CST 2012" />
          </TestCase>
          <TestCase name="OldStringBufferInputStreamTest" priority="">
            <Test name="test_read$BII_Exception" result="pass" starttime="Fri Sep 21 15:37:09 CST 2012" endtime="Fri Sep 21 15:37:09 CST 2012" />
          </TestCase>
          <TestCase name="OldStringReaderTest" priority="">
            <Test name="test_markI" result="pass" starttime="Fri Sep 21 15:37:09 CST 2012" endtime="Fri Sep 21 15:37:10 CST 2012" />
            <Test name="test_read$CII" result="pass" starttime="Fri Sep 21 15:37:10 CST 2012" endtime="Fri Sep 21 15:37:10 CST 2012" />
          </TestCase>
          <TestCase name="OldStringWriterTest" priority="">
            <Test name="test_appendCharSequenceIntInt" result="pass" starttime="Fri Sep 21 15:37:10 CST 2012" endtime="Fri Sep 21 15:37:10 CST 2012" />
          </TestCase>
          <TestCase name="OldWriterTest" priority="">
            <Test name="test_appendChar" result="pass" starttime="Fri Sep 21 15:37:10 CST 2012" endtime="Fri Sep 21 15:37:10 CST 2012" />
            <Test name="test_appendCharSequence" result="pass" starttime="Fri Sep 21 15:37:10 CST 2012" endtime="Fri Sep 21 15:37:10 CST 2012" />
            <Test name="test_appendCharSequenceIntInt" result="pass" starttime="Fri Sep 21 15:37:10 CST 2012" endtime="Fri Sep 21 15:37:10 CST 2012" />
            <Test name="test_appendCharSequenceIntInt_Exception" result="pass" starttime="Fri Sep 21 15:37:10 CST 2012" endtime="Fri Sep 21 15:37:10 CST 2012" />
            <Test name="test_write$C" result="pass" starttime="Fri Sep 21 15:37:10 CST 2012" endtime="Fri Sep 21 15:37:10 CST 2012" />
            <Test name="test_writeI" result="pass" starttime="Fri Sep 21 15:37:10 CST 2012" endtime="Fri Sep 21 15:37:11 CST 2012" />
            <Test name="test_writeLjava_lang_String" result="pass" starttime="Fri Sep 21 15:37:11 CST 2012" endtime="Fri Sep 21 15:37:11 CST 2012" />
            <Test name="test_writeLjava_lang_StringII" result="pass" starttime="Fri Sep 21 15:37:11 CST 2012" endtime="Fri Sep 21 15:37:11 CST 2012" />
            <Test name="test_writeLjava_lang_StringII_Exception" result="pass" starttime="Fri Sep 21 15:37:11 CST 2012" endtime="Fri Sep 21 15:37:11 CST 2012" />
          </TestCase>
          <TestCase name="OutputStreamWriterTest" priority="">
            <Test name="testFlushCount" result="pass" starttime="Fri Sep 21 15:37:11 CST 2012" endtime="Fri Sep 21 15:37:11 CST 2012" />
            <Test name="testFlush_halfSurrogate" result="pass" starttime="Fri Sep 21 15:37:11 CST 2012" endtime="Fri Sep 21 15:37:11 CST 2012" />
            <Test name="testFlush_wholeSurrogate" result="pass" starttime="Fri Sep 21 15:37:11 CST 2012" endtime="Fri Sep 21 15:37:11 CST 2012" />
          </TestCase>
          <TestCase name="RandomAccessFileTest" priority="">
            <Test name="testDirectories" result="pass" starttime="Fri Sep 21 15:37:11 CST 2012" endtime="Fri Sep 21 15:37:11 CST 2012" />
            <Test name="testSeekTooLarge" result="pass" starttime="Fri Sep 21 15:43:26 CST 2012" endtime="Fri Sep 21 15:43:26 CST 2012" />
            <Test name="testSetLength64" result="pass" starttime="Fri Sep 21 15:43:26 CST 2012" endtime="Fri Sep 21 15:43:26 CST 2012" />
            <Test name="testSetLengthTooLarge" result="pass" starttime="Fri Sep 21 15:43:26 CST 2012" endtime="Fri Sep 21 15:43:26 CST 2012" />
          </TestCase>
          <TestCase name="SerializationTest" priority="">
            <Test name="testMissingSerialVersionUid" result="pass" starttime="Fri Sep 21 15:43:26 CST 2012" endtime="Fri Sep 21 15:43:26 CST 2012" />
            <Test name="testSerialVersionUidChange" result="pass" starttime="Fri Sep 21 15:43:26 CST 2012" endtime="Fri Sep 21 15:43:26 CST 2012" />
          </TestCase>
          <TestCase name="StreamTokenizerTest" priority="">
            <Test name="testLowerCase" result="pass" starttime="Fri Sep 21 15:43:26 CST 2012" endtime="Fri Sep 21 15:43:27 CST 2012" />
          </TestCase>
        </TestSuite>
        <TestSuite name="lang">
          <TestSuite name="annotation">
            <TestCase name="AnnotationTypeMismatchExceptionTest" priority="">
              <Test name="testGetters" result="pass" starttime="Fri Sep 21 15:45:40 CST 2012" endtime="Fri Sep 21 15:45:40 CST 2012" />
              <Test name="testSerialization" result="pass" starttime="Fri Sep 21 15:45:40 CST 2012" endtime="Fri Sep 21 15:45:40 CST 2012" />
            </TestCase>
          </TestSuite>
          <TestSuite name="ref">
            <TestCase name="FinalizeTest" priority="">
              <Test name="testBackFromTheDead" result="pass" starttime="Fri Sep 21 15:45:40 CST 2012" endtime="Fri Sep 21 15:45:40 CST 2012" />
              <Test name="testFinalizeIsCalled" result="pass" starttime="Fri Sep 21 15:45:40 CST 2012" endtime="Fri Sep 21 15:45:41 CST 2012" />
              <Test name="testSystemRunFinalizationReturnsEvenIfQueueIsNonEmpty" result="pass" starttime="Fri Sep 21 15:45:41 CST 2012" endtime="Fri Sep 21 15:45:41 CST 2012" />
              <Test name="testWatchdogDoesNotFailForObjectsThatAreNearTheDeadline" result="pass" starttime="Fri Sep 21 15:45:41 CST 2012" endtime="Fri Sep 21 15:45:56 CST 2012" />
            </TestCase>
            <TestCase name="ReferenceQueueTest" priority="">
              <Test name="testRemoveWithDelayedResultAndNoTimeout" result="pass" starttime="Fri Sep 21 15:45:56 CST 2012" endtime="Fri Sep 21 15:45:57 CST 2012" />
              <Test name="testRemoveWithDelayedResultAndTimeout" result="pass" starttime="Fri Sep 21 15:45:57 CST 2012" endtime="Fri Sep 21 15:45:57 CST 2012" />
              <Test name="testRemoveWithImmediateResultAndNoTimeout" result="pass" starttime="Fri Sep 21 15:45:57 CST 2012" endtime="Fri Sep 21 15:45:57 CST 2012" />
              <Test name="testRemoveWithImmediateResultAndTimeout" result="pass" starttime="Fri Sep 21 15:45:57 CST 2012" endtime="Fri Sep 21 15:45:57 CST 2012" />
              <Test name="testRemoveWithInvalidTimeout" result="pass" starttime="Fri Sep 21 15:45:57 CST 2012" endtime="Fri Sep 21 15:45:57 CST 2012" />
              <Test name="testRemoveWithSpuriousNotify" result="pass" starttime="Fri Sep 21 15:45:58 CST 2012" endtime="Fri Sep 21 15:45:59 CST 2012" />
              <Test name="testRemoveWithVeryLargeTimeout" result="pass" starttime="Fri Sep 21 15:45:59 CST 2012" endtime="Fri Sep 21 15:45:59 CST 2012" />
            </TestCase>
          </TestSuite>
          <TestSuite name="reflect">
            <TestCase name="AnnotationsTest" priority="">
              <Test name="testClassDirectAnnotations" result="pass" starttime="Fri Sep 21 15:45:59 CST 2012" endtime="Fri Sep 21 15:45:59 CST 2012" />
              <Test name="testClassInheritedAnnotations" result="pass" starttime="Fri Sep 21 15:45:59 CST 2012" endtime="Fri Sep 21 15:45:59 CST 2012" />
              <Test name="testConstructorAnnotations" result="pass" starttime="Fri Sep 21 15:45:59 CST 2012" endtime="Fri Sep 21 15:45:59 CST 2012" />
              <Test name="testFieldAnnotations" result="pass" starttime="Fri Sep 21 15:45:59 CST 2012" endtime="Fri Sep 21 15:46:00 CST 2012" />
              <Test name="testMethodAnnotations" result="pass" starttime="Fri Sep 21 15:46:00 CST 2012" endtime="Fri Sep 21 15:46:00 CST 2012" />
              <Test name="testParameterAnnotations" result="pass" starttime="Fri Sep 21 15:46:00 CST 2012" endtime="Fri Sep 21 15:46:00 CST 2012" />
            </TestCase>
            <TestCase name="ArrayTest" priority="">
              <Test name="testGetBoolean" result="pass" starttime="Fri Sep 21 15:46:00 CST 2012" endtime="Fri Sep 21 15:46:00 CST 2012" />
              <Test name="testGetByte" result="pass" starttime="Fri Sep 21 15:46:00 CST 2012" endtime="Fri Sep 21 15:46:00 CST 2012" />
              <Test name="testGetChar" result="pass" starttime="Fri Sep 21 15:46:00 CST 2012" endtime="Fri Sep 21 15:46:00 CST 2012" />
              <Test name="testGetDouble" result="pass" starttime="Fri Sep 21 15:46:00 CST 2012" endtime="Fri Sep 21 15:46:00 CST 2012" />
              <Test name="testGetFloat" result="pass" starttime="Fri Sep 21 15:46:00 CST 2012" endtime="Fri Sep 21 15:46:00 CST 2012" />
              <Test name="testGetInt" result="pass" starttime="Fri Sep 21 15:46:00 CST 2012" endtime="Fri Sep 21 15:46:01 CST 2012" />
              <Test name="testGetLong" result="pass" starttime="Fri Sep 21 15:46:01 CST 2012" endtime="Fri Sep 21 15:46:01 CST 2012" />
              <Test name="testGetShort" result="pass" starttime="Fri Sep 21 15:46:01 CST 2012" endtime="Fri Sep 21 15:46:01 CST 2012" />
              <Test name="testSetBoolean" result="pass" starttime="Fri Sep 21 15:46:01 CST 2012" endtime="Fri Sep 21 15:46:01 CST 2012" />
              <Test name="testSetByte" result="pass" starttime="Fri Sep 21 15:46:01 CST 2012" endtime="Fri Sep 21 15:46:01 CST 2012" />
              <Test name="testSetChar" result="pass" starttime="Fri Sep 21 15:46:01 CST 2012" endtime="Fri Sep 21 15:46:01 CST 2012" />
              <Test name="testSetDouble" result="pass" starttime="Fri Sep 21 15:46:01 CST 2012" endtime="Fri Sep 21 15:46:01 CST 2012" />
              <Test name="testSetFloat" result="pass" starttime="Fri Sep 21 15:46:01 CST 2012" endtime="Fri Sep 21 15:46:01 CST 2012" />
              <Test name="testSetInt" result="pass" starttime="Fri Sep 21 15:46:01 CST 2012" endtime="Fri Sep 21 15:46:02 CST 2012" />
              <Test name="testSetLong" result="pass" starttime="Fri Sep 21 15:46:02 CST 2012" endtime="Fri Sep 21 15:46:02 CST 2012" />
              <Test name="testSetShort" result="pass" starttime="Fri Sep 21 15:46:02 CST 2012" endtime="Fri Sep 21 15:46:02 CST 2012" />
            </TestCase>
            <TestCase name="ClassLoaderReflectionTest" priority="">
              <Test name="testConstructorGenericType" result="pass" starttime="Fri Sep 21 15:46:02 CST 2012" endtime="Fri Sep 21 15:46:02 CST 2012" />
              <Test name="testField" result="pass" starttime="Fri Sep 21 15:46:02 CST 2012" endtime="Fri Sep 21 15:46:02 CST 2012" />
              <Test name="testFieldGenericType" result="pass" starttime="Fri Sep 21 15:46:02 CST 2012" endtime="Fri Sep 21 15:46:02 CST 2012" />
              <Test name="testGenericInterfaces" result="pass" starttime="Fri Sep 21 15:46:02 CST 2012" endtime="Fri Sep 21 15:46:02 CST 2012" />
              <Test name="testGenericSuperclassParameter" result="pass" starttime="Fri Sep 21 15:46:02 CST 2012" endtime="Fri Sep 21 15:46:02 CST 2012" />
              <Test name="testGenericSuperclassRawType" result="pass" starttime="Fri Sep 21 15:46:02 CST 2012" endtime="Fri Sep 21 15:46:02 CST 2012" />
              <Test name="testLoadOneClassInTwoClassLoadersSimultaneously" result="pass" starttime="Fri Sep 21 15:46:02 CST 2012" endtime="Fri Sep 21 15:46:03 CST 2012" />
              <Test name="testMethodGenericParameterTypes" result="pass" starttime="Fri Sep 21 15:46:03 CST 2012" endtime="Fri Sep 21 15:46:03 CST 2012" />
              <Test name="testMethodGenericReturnType" result="pass" starttime="Fri Sep 21 15:46:03 CST 2012" endtime="Fri Sep 21 15:46:03 CST 2012" />
              <Test name="testTypeParameters" result="pass" starttime="Fri Sep 21 15:46:03 CST 2012" endtime="Fri Sep 21 15:46:03 CST 2012" />
            </TestCase>
            <TestCase name="ConstructorTest" priority="">
              <Test name="testGetConstructorReturnsDoesNotReturnPrivateConstructor" result="pass" starttime="Fri Sep 21 15:46:03 CST 2012" endtime="Fri Sep 21 15:46:03 CST 2012" />
              <Test name="testGetConstructorWithNullArgument" result="pass" starttime="Fri Sep 21 15:46:03 CST 2012" endtime="Fri Sep 21 15:46:03 CST 2012" />
              <Test name="testGetConstructorWithNullArgumentsArray" result="pass" starttime="Fri Sep 21 15:46:03 CST 2012" endtime="Fri Sep 21 15:46:03 CST 2012" />
              <Test name="testGetDeclaredConstructorReturnsPrivateConstructor" result="pass" starttime="Fri Sep 21 15:46:03 CST 2012" endtime="Fri Sep 21 15:46:03 CST 2012" />
              <Test name="test_getExceptionTypes" result="pass" starttime="Fri Sep 21 15:46:03 CST 2012" endtime="Fri Sep 21 15:46:03 CST 2012" />
              <Test name="test_getParameterTypes" result="pass" starttime="Fri Sep 21 15:46:03 CST 2012" endtime="Fri Sep 21 15:46:03 CST 2012" />
            </TestCase>
            <TestCase name="FieldTest" priority="">
              <Test name="testLongFieldReflection" result="pass" starttime="Fri Sep 21 15:46:03 CST 2012" endtime="Fri Sep 21 15:46:04 CST 2012" />
            </TestCase>
            <TestCase name="GenericExceptionsTest" priority="">
              <Test name="testConstructorThrowingTypeVariable" result="pass" starttime="Fri Sep 21 15:46:04 CST 2012" endtime="Fri Sep 21 15:46:04 CST 2012" />
              <Test name="testGenericExceptionsOfConstructorsWithGenericParameters" result="pass" starttime="Fri Sep 21 15:46:04 CST 2012" endtime="Fri Sep 21 15:46:04 CST 2012" />
              <Test name="testGenericExceptionsOfConstructorsWithTypeParameters" result="pass" starttime="Fri Sep 21 15:46:04 CST 2012" endtime="Fri Sep 21 15:46:04 CST 2012" />
              <Test name="testGenericExceptionsOfMethodsWithGenericParameters" result="pass" starttime="Fri Sep 21 15:46:04 CST 2012" endtime="Fri Sep 21 15:46:04 CST 2012" />
              <Test name="testGenericExceptionsOfMethodsWithTypeParameters" result="pass" starttime="Fri Sep 21 15:46:04 CST 2012" endtime="Fri Sep 21 15:46:04 CST 2012" />
              <Test name="testMethodThrowingTypeVariable" result="pass" starttime="Fri Sep 21 15:46:04 CST 2012" endtime="Fri Sep 21 15:46:04 CST 2012" />
              <Test name="testThrowingMethodThrowsEverything" result="pass" starttime="Fri Sep 21 15:46:04 CST 2012" endtime="Fri Sep 21 15:46:04 CST 2012" />
              <Test name="testThrowingMethodTypeParameter" result="pass" starttime="Fri Sep 21 15:46:04 CST 2012" endtime="Fri Sep 21 15:46:04 CST 2012" />
            </TestCase>
            <TestCase name="MethodOverridesTest" priority="">
              <Test name="testDeclaringClass" result="pass" starttime="Fri Sep 21 15:46:04 CST 2012" endtime="Fri Sep 21 15:46:05 CST 2012" />
              <Test name="testGetDeclaredMethodsDoesNotIncludeInheritedMethods" result="pass" starttime="Fri Sep 21 15:46:05 CST 2012" endtime="Fri Sep 21 15:46:05 CST 2012" />
              <Test name="testGetDeclaredMethodsIncludesSyntheticMethods" result="pass" starttime="Fri Sep 21 15:46:05 CST 2012" endtime="Fri Sep 21 15:46:05 CST 2012" />
              <Test name="testGetDeclaringClassReturnsOverridingClass" result="pass" starttime="Fri Sep 21 15:46:05 CST 2012" endtime="Fri Sep 21 15:46:05 CST 2012" />
              <Test name="testGetMethodsDoesNotIncludeExceptionChanges" result="pass" starttime="Fri Sep 21 15:46:05 CST 2012" endtime="Fri Sep 21 15:46:05 CST 2012" />
              <Test name="testGetMethodsIncludesInheritedMethods" result="pass" starttime="Fri Sep 21 15:46:05 CST 2012" endtime="Fri Sep 21 15:46:05 CST 2012" />
              <Test name="testGetMethodsIncludesSyntheticMethods" result="pass" starttime="Fri Sep 21 15:46:05 CST 2012" endtime="Fri Sep 21 15:46:05 CST 2012" />
              <Test name="testMoreVisibleSubclassChangesVisibility" result="pass" starttime="Fri Sep 21 15:46:05 CST 2012" endtime="Fri Sep 21 15:46:06 CST 2012" />
              <Test name="testName" result="pass" starttime="Fri Sep 21 15:46:06 CST 2012" endtime="Fri Sep 21 15:46:06 CST 2012" />
              <Test name="testParameterTypes" result="pass" starttime="Fri Sep 21 15:46:06 CST 2012" endtime="Fri Sep 21 15:46:06 CST 2012" />
              <Test name="testReturnType" result="pass" starttime="Fri Sep 21 15:46:06 CST 2012" endtime="Fri Sep 21 15:46:06 CST 2012" />
              <Test name="testSubclassChangesVisibility" result="pass" starttime="Fri Sep 21 15:46:06 CST 2012" endtime="Fri Sep 21 15:46:06 CST 2012" />
              <Test name="testThrownExceptions" result="pass" starttime="Fri Sep 21 15:46:06 CST 2012" endtime="Fri Sep 21 15:46:06 CST 2012" />
            </TestCase>
            <TestCase name="MethodTest" priority="">
              <Test name="testGetDeclaredMethodDoesNotReturnImplementedInterfaceMethods" result="pass" starttime="Fri Sep 21 15:46:06 CST 2012" endtime="Fri Sep 21 15:46:06 CST 2012" />
              <Test name="testGetDeclaredMethodDoesNotReturnSuperclassMethods" result="pass" starttime="Fri Sep 21 15:46:06 CST 2012" endtime="Fri Sep 21 15:46:06 CST 2012" />
              <Test name="testGetDeclaredMethodReturnsIndirectlyImplementedInterface" result="pass" starttime="Fri Sep 21 15:46:06 CST 2012" endtime="Fri Sep 21 15:46:06 CST 2012" />
              <Test name="testGetDeclaredMethodReturnsPrivateMethodOfAnonymousClass" result="pass" starttime="Fri Sep 21 15:46:06 CST 2012" endtime="Fri Sep 21 15:46:07 CST 2012" />
              <Test name="testGetDeclaredMethodReturnsPrivateMethods" result="pass" starttime="Fri Sep 21 15:46:07 CST 2012" endtime="Fri Sep 21 15:46:07 CST 2012" />
              <Test name="testGetMethodDoesNotReturnPrivateMethodOfAnonymousClass" result="pass" starttime="Fri Sep 21 15:46:07 CST 2012" endtime="Fri Sep 21 15:46:07 CST 2012" />
              <Test name="testGetMethodReturnsIndirectlyImplementedInterface" result="pass" starttime="Fri Sep 21 15:46:07 CST 2012" endtime="Fri Sep 21 15:46:07 CST 2012" />
              <Test name="testGetMethodReturnsInheritedStaticMethod" result="pass" starttime="Fri Sep 21 15:46:07 CST 2012" endtime="Fri Sep 21 15:46:07 CST 2012" />
              <Test name="testGetMethodWithConstructorName" result="pass" starttime="Fri Sep 21 15:46:07 CST 2012" endtime="Fri Sep 21 15:46:07 CST 2012" />
              <Test name="testGetMethodWithNullArgument" result="pass" starttime="Fri Sep 21 15:46:07 CST 2012" endtime="Fri Sep 21 15:46:07 CST 2012" />
              <Test name="testGetMethodWithNullArgumentsArray" result="pass" starttime="Fri Sep 21 15:46:07 CST 2012" endtime="Fri Sep 21 15:46:07 CST 2012" />
              <Test name="testGetMethodWithNullName" result="pass" starttime="Fri Sep 21 15:46:07 CST 2012" endtime="Fri Sep 21 15:46:08 CST 2012" />
              <Test name="testGetMethodWithPrivateMethodAndInterfaceMethod" result="pass" starttime="Fri Sep 21 15:46:08 CST 2012" endtime="Fri Sep 21 15:46:08 CST 2012" />
              <Test name="testImplementedInterfaceMethodOfAnonymousClass" result="pass" starttime="Fri Sep 21 15:46:08 CST 2012" endtime="Fri Sep 21 15:46:08 CST 2012" />
              <Test name="testMethodToString" result="pass" starttime="Fri Sep 21 15:46:08 CST 2012" endtime="Fri Sep 21 15:46:08 CST 2012" />
              <Test name="testPublicMethodOfAnonymousClass" result="pass" starttime="Fri Sep 21 15:46:08 CST 2012" endtime="Fri Sep 21 15:46:08 CST 2012" />
              <Test name="test_getExceptionTypes" result="pass" starttime="Fri Sep 21 15:46:08 CST 2012" endtime="Fri Sep 21 15:46:08 CST 2012" />
              <Test name="test_getParameterTypes" result="pass" starttime="Fri Sep 21 15:46:08 CST 2012" endtime="Fri Sep 21 15:46:08 CST 2012" />
              <Test name="test_invokeExceptions" result="pass" starttime="Fri Sep 21 15:46:08 CST 2012" endtime="Fri Sep 21 15:46:08 CST 2012" />
            </TestCase>
            <TestCase name="MissingClassesTest" priority="">
              <Test name="testGetDeclaredFieldsFails" result="pass" starttime="Fri Sep 21 15:46:08 CST 2012" endtime="Fri Sep 21 15:46:09 CST 2012" />
              <Test name="testGetDeclaredMethodsFails" result="pass" starttime="Fri Sep 21 15:46:09 CST 2012" endtime="Fri Sep 21 15:46:09 CST 2012" />
              <Test name="testGetFieldFails" result="pass" starttime="Fri Sep 21 15:46:09 CST 2012" endtime="Fri Sep 21 15:46:09 CST 2012" />
              <Test name="testGetMethodFails" result="pass" starttime="Fri Sep 21 15:46:09 CST 2012" endtime="Fri Sep 21 15:46:09 CST 2012" />
            </TestCase>
            <TestCase name="ModifierTest" priority="">
              <Test name="test_classModifiers" result="pass" starttime="Fri Sep 21 15:46:09 CST 2012" endtime="Fri Sep 21 15:46:09 CST 2012" />
              <Test name="test_constructorModifiers" result="pass" starttime="Fri Sep 21 15:46:09 CST 2012" endtime="Fri Sep 21 15:46:09 CST 2012" />
              <Test name="test_fieldModifiers" result="pass" starttime="Fri Sep 21 15:46:09 CST 2012" endtime="Fri Sep 21 15:46:09 CST 2012" />
              <Test name="test_interfaceModifiers" result="pass" starttime="Fri Sep 21 15:46:09 CST 2012" endtime="Fri Sep 21 15:46:09 CST 2012" />
              <Test name="test_isAbstractI" result="pass" starttime="Fri Sep 21 15:46:09 CST 2012" endtime="Fri Sep 21 15:46:09 CST 2012" />
              <Test name="test_isFinalI" result="pass" starttime="Fri Sep 21 15:46:09 CST 2012" endtime="Fri Sep 21 15:46:09 CST 2012" />
              <Test name="test_isInterfaceI" result="pass" starttime="Fri Sep 21 15:46:09 CST 2012" endtime="Fri Sep 21 15:46:10 CST 2012" />
              <Test name="test_isNativeI" result="pass" starttime="Fri Sep 21 15:46:10 CST 2012" endtime="Fri Sep 21 15:46:10 CST 2012" />
              <Test name="test_isPrivateI" result="pass" starttime="Fri Sep 21 15:46:10 CST 2012" endtime="Fri Sep 21 15:46:10 CST 2012" />
              <Test name="test_isProtectedI" result="pass" starttime="Fri Sep 21 15:46:10 CST 2012" endtime="Fri Sep 21 15:46:10 CST 2012" />
              <Test name="test_isPublicI" result="pass" starttime="Fri Sep 21 15:46:10 CST 2012" endtime="Fri Sep 21 15:46:10 CST 2012" />
              <Test name="test_isStaticI" result="pass" starttime="Fri Sep 21 15:46:10 CST 2012" endtime="Fri Sep 21 15:46:10 CST 2012" />
              <Test name="test_isStrictI" result="pass" starttime="Fri Sep 21 15:46:10 CST 2012" endtime="Fri Sep 21 15:46:10 CST 2012" />
              <Test name="test_isSynchronizedI" result="pass" starttime="Fri Sep 21 15:46:10 CST 2012" endtime="Fri Sep 21 15:46:10 CST 2012" />
              <Test name="test_isTransientI" result="pass" starttime="Fri Sep 21 15:46:10 CST 2012" endtime="Fri Sep 21 15:46:10 CST 2012" />
              <Test name="test_isVolatileI" result="pass" starttime="Fri Sep 21 15:46:10 CST 2012" endtime="Fri Sep 21 15:46:11 CST 2012" />
              <Test name="test_methodModifiers" result="pass" starttime="Fri Sep 21 15:46:11 CST 2012" endtime="Fri Sep 21 15:46:11 CST 2012" />
              <Test name="test_toStringI" result="pass" starttime="Fri Sep 21 15:46:11 CST 2012" endtime="Fri Sep 21 15:46:11 CST 2012" />
            </TestCase>
            <TestCase name="OldAndroidArrayTest" priority="">
              <Test name="testMulti" result="pass" starttime="Fri Sep 21 15:46:11 CST 2012" endtime="Fri Sep 21 15:46:11 CST 2012" />
              <Test name="testMultiInt" result="pass" starttime="Fri Sep 21 15:46:11 CST 2012" endtime="Fri Sep 21 15:46:11 CST 2012" />
              <Test name="testSingle" result="pass" starttime="Fri Sep 21 15:46:11 CST 2012" endtime="Fri Sep 21 15:46:11 CST 2012" />
              <Test name="testSingleInt" result="pass" starttime="Fri Sep 21 15:46:11 CST 2012" endtime="Fri Sep 21 15:46:11 CST 2012" />
            </TestCase>
            <TestCase name="OldAndroidClassTest" priority="">
              <Test name="testClassGetMethodsNoDupes" result="pass" starttime="Fri Sep 21 15:46:11 CST 2012" endtime="Fri Sep 21 15:46:11 CST 2012" />
              <Test name="testClassGetPackage" result="pass" starttime="Fri Sep 21 15:46:11 CST 2012" endtime="Fri Sep 21 15:46:11 CST 2012" />
              <Test name="testFieldSet" result="pass" starttime="Fri Sep 21 15:46:12 CST 2012" endtime="Fri Sep 21 15:46:12 CST 2012" />
              <Test name="testForName" result="pass" starttime="Fri Sep 21 15:46:12 CST 2012" endtime="Fri Sep 21 15:46:12 CST 2012" />
              <Test name="testGetConstructor" result="pass" starttime="Fri Sep 21 15:46:12 CST 2012" endtime="Fri Sep 21 15:46:12 CST 2012" />
              <Test name="testGetDeclaredMethod" result="pass" starttime="Fri Sep 21 15:46:12 CST 2012" endtime="Fri Sep 21 15:46:12 CST 2012" />
              <Test name="testGetDeclaredMethodPrivate" result="pass" starttime="Fri Sep 21 15:46:12 CST 2012" endtime="Fri Sep 21 15:46:12 CST 2012" />
              <Test name="testGetDeclaredMethodWithArgs" result="pass" starttime="Fri Sep 21 15:46:12 CST 2012" endtime="Fri Sep 21 15:46:12 CST 2012" />
              <Test name="testGetMethod" result="pass" starttime="Fri Sep 21 15:46:12 CST 2012" endtime="Fri Sep 21 15:46:12 CST 2012" />
              <Test name="testGetMethodsInterfaces" result="pass" starttime="Fri Sep 21 15:46:12 CST 2012" endtime="Fri Sep 21 15:46:12 CST 2012" />
              <Test name="testGetModifiers" result="pass" starttime="Fri Sep 21 15:46:12 CST 2012" endtime="Fri Sep 21 15:46:13 CST 2012" />
              <Test name="testGetSuperclass" result="pass" starttime="Fri Sep 21 15:46:13 CST 2012" endtime="Fri Sep 21 15:46:13 CST 2012" />
              <Test name="testIsAssignableFrom" result="pass" starttime="Fri Sep 21 15:46:13 CST 2012" endtime="Fri Sep 21 15:46:13 CST 2012" />
              <Test name="testLocalMemberClass" result="pass" starttime="Fri Sep 21 15:46:13 CST 2012" endtime="Fri Sep 21 15:46:13 CST 2012" />
              <Test name="testNewInstance" result="pass" starttime="Fri Sep 21 15:46:13 CST 2012" endtime="Fri Sep 21 15:46:13 CST 2012" />
              <Test name="testNewInstancePrivateConstructor" result="pass" starttime="Fri Sep 21 15:46:13 CST 2012" endtime="Fri Sep 21 15:46:13 CST 2012" />
              <Test name="testVariousClassNames" result="pass" starttime="Fri Sep 21 15:46:13 CST 2012" endtime="Fri Sep 21 15:46:13 CST 2012" />
            </TestCase>
            <TestCase name="OldGenericReflectionCornerCases" priority="">
              <Test name="testMultipleBoundedWildcard" result="pass" starttime="Fri Sep 21 15:46:13 CST 2012" endtime="Fri Sep 21 15:46:13 CST 2012" />
              <Test name="testMultipleBoundedWildcardUnEquality" result="pass" starttime="Fri Sep 21 15:46:13 CST 2012" endtime="Fri Sep 21 15:46:14 CST 2012" />
              <Test name="testWildcardEquality" result="pass" starttime="Fri Sep 21 15:46:14 CST 2012" endtime="Fri Sep 21 15:46:14 CST 2012" />
              <Test name="testWildcardUnEquality" result="pass" starttime="Fri Sep 21 15:46:14 CST 2012" endtime="Fri Sep 21 15:46:14 CST 2012" />
            </TestCase>
            <TestCase name="OldGenericTypesTest" priority="">
              <Test name="testConstructorGenericType" result="pass" starttime="Fri Sep 21 15:46:14 CST 2012" endtime="Fri Sep 21 15:46:14 CST 2012" />
              <Test name="testException" result="pass" starttime="Fri Sep 21 15:46:14 CST 2012" endtime="Fri Sep 21 15:46:14 CST 2012" />
              <Test name="testHidingMethodGenericType" result="pass" starttime="Fri Sep 21 15:46:14 CST 2012" endtime="Fri Sep 21 15:46:14 CST 2012" />
              <Test name="testInnerClassTest" result="pass" starttime="Fri Sep 21 15:46:14 CST 2012" endtime="Fri Sep 21 15:46:14 CST 2012" />
              <Test name="testMultipleBoundedGenericTypes" result="pass" starttime="Fri Sep 21 15:46:14 CST 2012" endtime="Fri Sep 21 15:46:14 CST 2012" />
              <Test name="testMultipleGenericTypes" result="pass" starttime="Fri Sep 21 15:46:14 CST 2012" endtime="Fri Sep 21 15:46:15 CST 2012" />
              <Test name="testSimpleInheritance" result="pass" starttime="Fri Sep 21 15:46:15 CST 2012" endtime="Fri Sep 21 15:46:15 CST 2012" />
              <Test name="testStaticMethodGenericType" result="pass" starttime="Fri Sep 21 15:46:15 CST 2012" endtime="Fri Sep 21 15:46:15 CST 2012" />
            </TestCase>
            <TestCase name="ProxyTest" priority="">
              <Test name="testClassLoaderDoesNotNeedToSeeInvocationHandlerLoader" result="pass" starttime="Fri Sep 21 15:46:15 CST 2012" endtime="Fri Sep 21 15:46:15 CST 2012" />
              <Test name="testClassLoaderMustSeeImplementedInterfaces" result="pass" starttime="Fri Sep 21 15:46:15 CST 2012" endtime="Fri Sep 21 15:46:15 CST 2012" />
            </TestCase>
            <TestCase name="ReflectionTest" priority="">
              <Test name="testClassGetCanonicalName" result="pass" starttime="Fri Sep 21 15:46:15 CST 2012" endtime="Fri Sep 21 15:46:15 CST 2012" />
              <Test name="testClassGetName" result="pass" starttime="Fri Sep 21 15:46:15 CST 2012" endtime="Fri Sep 21 15:46:15 CST 2012" />
              <Test name="testClassIsEnum" result="pass" starttime="Fri Sep 21 15:46:15 CST 2012" endtime="Fri Sep 21 15:46:15 CST 2012" />
              <Test name="testConstructorToString" result="pass" starttime="Fri Sep 21 15:46:15 CST 2012" endtime="Fri Sep 21 15:46:15 CST 2012" />
              <Test name="testFieldToString" result="pass" starttime="Fri Sep 21 15:46:15 CST 2012" endtime="Fri Sep 21 15:46:16 CST 2012" />
              <Test name="testGenericSuperclassToString" result="pass" starttime="Fri Sep 21 15:46:16 CST 2012" endtime="Fri Sep 21 15:46:16 CST 2012" />
              <Test name="testGetDeclaredFieldIsAllVisibilities" result="pass" starttime="Fri Sep 21 15:46:16 CST 2012" endtime="Fri Sep 21 15:46:16 CST 2012" />
              <Test name="testGetDeclaredFieldIsNotRecursive" result="pass" starttime="Fri Sep 21 15:46:16 CST 2012" endtime="Fri Sep 21 15:46:16 CST 2012" />
              <Test name="testGetDeclaredFieldNotFound" result="pass" starttime="Fri Sep 21 15:46:16 CST 2012" endtime="Fri Sep 21 15:46:16 CST 2012" />
              <Test name="testGetDeclaredFieldNull" result="pass" starttime="Fri Sep 21 15:46:16 CST 2012" endtime="Fri Sep 21 15:46:16 CST 2012" />
              <Test name="testGetFieldIsPublicOnly" result="pass" starttime="Fri Sep 21 15:46:16 CST 2012" endtime="Fri Sep 21 15:46:16 CST 2012" />
              <Test name="testGetFieldIsRecursive" result="pass" starttime="Fri Sep 21 15:46:16 CST 2012" endtime="Fri Sep 21 15:46:16 CST 2012" />
              <Test name="testGetFieldNotFound" result="pass" starttime="Fri Sep 21 15:46:16 CST 2012" endtime="Fri Sep 21 15:46:16 CST 2012" />
              <Test name="testGetFieldNull" result="pass" starttime="Fri Sep 21 15:46:16 CST 2012" endtime="Fri Sep 21 15:46:16 CST 2012" />
              <Test name="testGetFieldViaExtendsThenImplements" result="pass" starttime="Fri Sep 21 15:46:16 CST 2012" endtime="Fri Sep 21 15:46:17 CST 2012" />
              <Test name="testGetFieldViaImplementsThenExtends" result="pass" starttime="Fri Sep 21 15:46:17 CST 2012" endtime="Fri Sep 21 15:46:17 CST 2012" />
              <Test name="testGetFieldsContainsNoDuplicates" result="pass" starttime="Fri Sep 21 15:46:17 CST 2012" endtime="Fri Sep 21 15:46:17 CST 2012" />
              <Test name="testGetFieldsViaExtendsThenImplements" result="pass" starttime="Fri Sep 21 15:46:17 CST 2012" endtime="Fri Sep 21 15:46:17 CST 2012" />
              <Test name="testGetFieldsViaImplementsThenExtends" result="pass" starttime="Fri Sep 21 15:46:17 CST 2012" endtime="Fri Sep 21 15:46:17 CST 2012" />
              <Test name="testGetMethodViaExtendsThenImplements" result="pass" starttime="Fri Sep 21 15:46:17 CST 2012" endtime="Fri Sep 21 15:46:17 CST 2012" />
              <Test name="testGetMethodViaImplementsThenExtends" result="pass" starttime="Fri Sep 21 15:46:17 CST 2012" endtime="Fri Sep 21 15:46:17 CST 2012" />
              <Test name="testGetMethodsContainsNoDuplicates" result="pass" starttime="Fri Sep 21 15:46:17 CST 2012" endtime="Fri Sep 21 15:46:17 CST 2012" />
              <Test name="testGetMethodsViaExtendsThenImplements" result="pass" starttime="Fri Sep 21 15:46:17 CST 2012" endtime="Fri Sep 21 15:46:18 CST 2012" />
              <Test name="testGetMethodsViaImplementsThenExtends" result="pass" starttime="Fri Sep 21 15:46:18 CST 2012" endtime="Fri Sep 21 15:46:18 CST 2012" />
              <Test name="testMethodToString" result="pass" starttime="Fri Sep 21 15:46:18 CST 2012" endtime="Fri Sep 21 15:46:18 CST 2012" />
              <Test name="testTypeVariableWithMultipleBounds" result="pass" starttime="Fri Sep 21 15:46:18 CST 2012" endtime="Fri Sep 21 15:46:18 CST 2012" />
            </TestCase>
          </TestSuite>
          <TestCase name="ArrayIndexOutOfBoundsExceptionTest" priority="">
            <Test name="testAget" result="pass" starttime="Fri Sep 21 15:43:27 CST 2012" endtime="Fri Sep 21 15:43:27 CST 2012" />
            <Test name="testAgetObject" result="pass" starttime="Fri Sep 21 15:43:27 CST 2012" endtime="Fri Sep 21 15:43:27 CST 2012" />
            <Test name="testAgetWide" result="pass" starttime="Fri Sep 21 15:43:27 CST 2012" endtime="Fri Sep 21 15:43:27 CST 2012" />
            <Test name="testAput" result="pass" starttime="Fri Sep 21 15:43:27 CST 2012" endtime="Fri Sep 21 15:43:27 CST 2012" />
            <Test name="testAputObject" result="pass" starttime="Fri Sep 21 15:43:27 CST 2012" endtime="Fri Sep 21 15:43:27 CST 2012" />
            <Test name="testAputWide" result="pass" starttime="Fri Sep 21 15:43:27 CST 2012" endtime="Fri Sep 21 15:43:27 CST 2012" />
          </TestCase>
          <TestCase name="ArrayStoreExceptionTest" priority="">
            <Test name="testArrayStoreException_arraycopy1" result="pass" starttime="Fri Sep 21 15:43:27 CST 2012" endtime="Fri Sep 21 15:43:27 CST 2012" />
            <Test name="testArrayStoreException_arraycopy2" result="pass" starttime="Fri Sep 21 15:43:27 CST 2012" endtime="Fri Sep 21 15:43:27 CST 2012" />
            <Test name="testArrayStoreException_arraycopy3" result="pass" starttime="Fri Sep 21 15:43:27 CST 2012" endtime="Fri Sep 21 15:43:28 CST 2012" />
            <Test name="testArrayStoreException_arraycopy4" result="pass" starttime="Fri Sep 21 15:43:28 CST 2012" endtime="Fri Sep 21 15:43:28 CST 2012" />
            <Test name="testArrayStoreException_arraycopy5" result="pass" starttime="Fri Sep 21 15:43:28 CST 2012" endtime="Fri Sep 21 15:43:28 CST 2012" />
            <Test name="testArrayStoreException_arraycopy6" result="pass" starttime="Fri Sep 21 15:43:28 CST 2012" endtime="Fri Sep 21 15:43:28 CST 2012" />
            <Test name="testArrayStoreException_arraycopy7" result="pass" starttime="Fri Sep 21 15:43:28 CST 2012" endtime="Fri Sep 21 15:43:28 CST 2012" />
            <Test name="testArrayStoreException_store1" result="pass" starttime="Fri Sep 21 15:43:28 CST 2012" endtime="Fri Sep 21 15:43:28 CST 2012" />
            <Test name="testArrayStoreException_store2" result="pass" starttime="Fri Sep 21 15:43:28 CST 2012" endtime="Fri Sep 21 15:43:28 CST 2012" />
            <Test name="testArrayStoreException_store3" result="pass" starttime="Fri Sep 21 15:43:28 CST 2012" endtime="Fri Sep 21 15:43:28 CST 2012" />
          </TestCase>
          <TestCase name="AssertionErrorTest" priority="">
            <Test name="test_29378" result="pass" starttime="Fri Sep 21 15:43:28 CST 2012" endtime="Fri Sep 21 15:43:28 CST 2012" />
          </TestCase>
          <TestCase name="BooleanTest" priority="">
            <Test name="test_FALSE" result="pass" starttime="Fri Sep 21 15:43:28 CST 2012" endtime="Fri Sep 21 15:43:28 CST 2012" />
            <Test name="test_TRUE" result="pass" starttime="Fri Sep 21 15:43:28 CST 2012" endtime="Fri Sep 21 15:43:29 CST 2012" />
            <Test name="test_compare" result="pass" starttime="Fri Sep 21 15:43:29 CST 2012" endtime="Fri Sep 21 15:43:29 CST 2012" />
          </TestCase>
          <TestCase name="ByteTest" priority="">
            <Test name="test_compare" result="pass" starttime="Fri Sep 21 15:43:29 CST 2012" endtime="Fri Sep 21 15:43:29 CST 2012" />
          </TestCase>
          <TestCase name="CharacterTest" priority="">
            <Test name="test_compare" result="pass" starttime="Fri Sep 21 15:43:29 CST 2012" endtime="Fri Sep 21 15:43:29 CST 2012" />
            <Test name="test_getName" result="pass" starttime="Fri Sep 21 15:43:29 CST 2012" endtime="Fri Sep 21 15:43:29 CST 2012" />
            <Test name="test_highSurrogate" result="pass" starttime="Fri Sep 21 15:43:29 CST 2012" endtime="Fri Sep 21 15:43:29 CST 2012" />
            <Test name="test_isBmpCodePoint" result="pass" starttime="Fri Sep 21 15:43:29 CST 2012" endtime="Fri Sep 21 15:43:29 CST 2012" />
            <Test name="test_isSurrogate" result="pass" starttime="Fri Sep 21 15:43:29 CST 2012" endtime="Fri Sep 21 15:43:29 CST 2012" />
            <Test name="test_lowSurrogate" result="pass" starttime="Fri Sep 21 15:43:29 CST 2012" endtime="Fri Sep 21 15:43:29 CST 2012" />
            <Test name="test_valueOfC" result="pass" starttime="Fri Sep 21 15:43:30 CST 2012" endtime="Fri Sep 21 15:43:30 CST 2012" />
          </TestCase>
          <TestCase name="ClassCastExceptionTest" priority="">
            <Test name="testCast" result="pass" starttime="Fri Sep 21 15:43:30 CST 2012" endtime="Fri Sep 21 15:43:30 CST 2012" />
            <Test name="testCastOperator" result="pass" starttime="Fri Sep 21 15:43:30 CST 2012" endtime="Fri Sep 21 15:43:30 CST 2012" />
            <Test name="testCastOperatorWithArrays" result="pass" starttime="Fri Sep 21 15:43:30 CST 2012" endtime="Fri Sep 21 15:43:30 CST 2012" />
            <Test name="testClassAsSubclass" result="pass" starttime="Fri Sep 21 15:43:30 CST 2012" endtime="Fri Sep 21 15:43:30 CST 2012" />
            <Test name="testClassCast" result="pass" starttime="Fri Sep 21 15:43:30 CST 2012" endtime="Fri Sep 21 15:43:30 CST 2012" />
            <Test name="testEnumMapPut" result="pass" starttime="Fri Sep 21 15:43:30 CST 2012" endtime="Fri Sep 21 15:43:30 CST 2012" />
            <Test name="testHugeEnumSetAdd" result="pass" starttime="Fri Sep 21 15:43:30 CST 2012" endtime="Fri Sep 21 15:43:30 CST 2012" />
            <Test name="testHugeEnumSetAddAll" result="pass" starttime="Fri Sep 21 15:43:30 CST 2012" endtime="Fri Sep 21 15:43:31 CST 2012" />
            <Test name="testMiniEnumSetAdd" result="pass" starttime="Fri Sep 21 15:43:31 CST 2012" endtime="Fri Sep 21 15:43:31 CST 2012" />
            <Test name="testMiniEnumSetAddAll" result="pass" starttime="Fri Sep 21 15:43:31 CST 2012" endtime="Fri Sep 21 15:43:31 CST 2012" />
          </TestCase>
          <TestCase name="ClassNotFoundExceptionTest" priority="">
            <Test name="testIllegalName" result="pass" starttime="Fri Sep 21 15:43:31 CST 2012" endtime="Fri Sep 21 15:43:31 CST 2012" />
            <Test name="testValidArrayName" result="pass" starttime="Fri Sep 21 15:43:31 CST 2012" endtime="Fri Sep 21 15:43:31 CST 2012" />
            <Test name="testValidName" result="pass" starttime="Fri Sep 21 15:43:31 CST 2012" endtime="Fri Sep 21 15:43:31 CST 2012" />
          </TestCase>
          <TestCase name="DoubleTest" priority="">
            <Test name="testDoubleToStringUnsignedDivide" result="pass" starttime="Fri Sep 21 15:43:31 CST 2012" endtime="Fri Sep 21 15:43:31 CST 2012" />
            <Test name="testExponentParsing" result="pass" starttime="Fri Sep 21 15:43:31 CST 2012" endtime="Fri Sep 21 15:43:31 CST 2012" />
            <Test name="testNamedDoubles" result="pass" starttime="Fri Sep 21 15:43:31 CST 2012" endtime="Fri Sep 21 15:43:31 CST 2012" />
            <Test name="testSuffixParsing" result="pass" starttime="Fri Sep 21 15:43:31 CST 2012" endtime="Fri Sep 21 15:43:32 CST 2012" />
          </TestCase>
          <TestCase name="EnumTest" priority="">
            <Test name="testEnumSerialization" result="pass" starttime="Fri Sep 21 15:43:32 CST 2012" endtime="Fri Sep 21 15:43:32 CST 2012" />
            <Test name="testEnumSubclassSerialization" result="pass" starttime="Fri Sep 21 15:43:32 CST 2012" endtime="Fri Sep 21 15:43:32 CST 2012" />
          </TestCase>
          <TestCase name="FloatTest" priority="">
            <Test name="testExponentParsing" result="pass" starttime="Fri Sep 21 15:43:32 CST 2012" endtime="Fri Sep 21 15:43:32 CST 2012" />
            <Test name="testNamedFloats" result="pass" starttime="Fri Sep 21 15:43:32 CST 2012" endtime="Fri Sep 21 15:43:32 CST 2012" />
            <Test name="testSuffixParsing" result="pass" starttime="Fri Sep 21 15:43:32 CST 2012" endtime="Fri Sep 21 15:43:32 CST 2012" />
            <Test name="testVerifierTyping" result="pass" starttime="Fri Sep 21 15:43:32 CST 2012" endtime="Fri Sep 21 15:43:32 CST 2012" />
            <Test name="test_valueOf_String1" result="pass" starttime="Fri Sep 21 15:43:32 CST 2012" endtime="Fri Sep 21 15:43:32 CST 2012" />
            <Test name="test_valueOf_String2" result="pass" starttime="Fri Sep 21 15:43:32 CST 2012" endtime="Fri Sep 21 15:43:32 CST 2012" />
          </TestCase>
          <TestCase name="IntegerTest" priority="">
            <Test name="test_compare" result="pass" starttime="Fri Sep 21 15:43:32 CST 2012" endtime="Fri Sep 21 15:43:33 CST 2012" />
          </TestCase>
          <TestCase name="IntegralToStringTest" priority="">
            <Test name="testBytesToHexString" result="pass" starttime="Fri Sep 21 15:43:33 CST 2012" endtime="Fri Sep 21 15:43:33 CST 2012" />
            <Test name="test_intToHexString" result="pass" starttime="Fri Sep 21 15:43:33 CST 2012" endtime="Fri Sep 21 15:43:33 CST 2012" />
          </TestCase>
          <TestCase name="IntrinsicTest" priority="">
            <Test name="testDouble_doubleToLongBits" result="pass" starttime="Fri Sep 21 15:43:33 CST 2012" endtime="Fri Sep 21 15:43:33 CST 2012" />
            <Test name="testDouble_doubleToRawLongBits" result="pass" starttime="Fri Sep 21 15:43:33 CST 2012" endtime="Fri Sep 21 15:43:33 CST 2012" />
            <Test name="testDouble_longBitsToDouble" result="pass" starttime="Fri Sep 21 15:43:33 CST 2012" endtime="Fri Sep 21 15:43:33 CST 2012" />
            <Test name="testFloat_floatToIntBits" result="pass" starttime="Fri Sep 21 15:43:33 CST 2012" endtime="Fri Sep 21 15:43:33 CST 2012" />
            <Test name="testFloat_floatToRawIntBits" result="pass" starttime="Fri Sep 21 15:43:33 CST 2012" endtime="Fri Sep 21 15:43:33 CST 2012" />
            <Test name="testFloat_intBitsToFloat" result="pass" starttime="Fri Sep 21 15:43:33 CST 2012" endtime="Fri Sep 21 15:43:34 CST 2012" />
            <Test name="testMath_abs" result="pass" starttime="Fri Sep 21 15:43:34 CST 2012" endtime="Fri Sep 21 15:43:34 CST 2012" />
            <Test name="testMath_cos" result="pass" starttime="Fri Sep 21 15:43:34 CST 2012" endtime="Fri Sep 21 15:43:34 CST 2012" />
            <Test name="testMath_max" result="pass" starttime="Fri Sep 21 15:43:34 CST 2012" endtime="Fri Sep 21 15:43:34 CST 2012" />
            <Test name="testMath_min" result="pass" starttime="Fri Sep 21 15:43:34 CST 2012" endtime="Fri Sep 21 15:43:34 CST 2012" />
            <Test name="testMath_sin" result="pass" starttime="Fri Sep 21 15:43:34 CST 2012" endtime="Fri Sep 21 15:43:34 CST 2012" />
            <Test name="testMath_sqrt" result="pass" starttime="Fri Sep 21 15:43:34 CST 2012" endtime="Fri Sep 21 15:43:34 CST 2012" />
            <Test name="testString_charAt" result="pass" starttime="Fri Sep 21 15:43:34 CST 2012" endtime="Fri Sep 21 15:43:34 CST 2012" />
            <Test name="testString_compareTo" result="pass" starttime="Fri Sep 21 15:43:34 CST 2012" endtime="Fri Sep 21 15:43:35 CST 2012" />
            <Test name="testString_equals" result="pass" starttime="Fri Sep 21 15:43:35 CST 2012" endtime="Fri Sep 21 15:43:35 CST 2012" />
            <Test name="testString_fastIndexOf_II" result="pass" starttime="Fri Sep 21 15:43:35 CST 2012" endtime="Fri Sep 21 15:43:35 CST 2012" />
            <Test name="testString_isEmpty" result="pass" starttime="Fri Sep 21 15:43:35 CST 2012" endtime="Fri Sep 21 15:43:35 CST 2012" />
            <Test name="testString_length" result="pass" starttime="Fri Sep 21 15:43:35 CST 2012" endtime="Fri Sep 21 15:43:35 CST 2012" />
          </TestCase>
          <TestCase name="LongTest" priority="">
            <Test name="test_compare" result="pass" starttime="Fri Sep 21 15:43:35 CST 2012" endtime="Fri Sep 21 15:43:35 CST 2012" />
            <Test name="test_signum" result="pass" starttime="Fri Sep 21 15:43:35 CST 2012" endtime="Fri Sep 21 15:43:35 CST 2012" />
          </TestCase>
          <TestCase name="OldAndroidBooleanTest" priority="">
            <Test name="testBoolean" result="pass" starttime="Fri Sep 21 15:43:35 CST 2012" endtime="Fri Sep 21 15:43:35 CST 2012" />
          </TestCase>
          <TestCase name="OldAndroidEnumTest" priority="">
            <Test name="testEnum" result="pass" starttime="Fri Sep 21 15:43:35 CST 2012" endtime="Fri Sep 21 15:43:36 CST 2012" />
          </TestCase>
          <TestCase name="OldAndroidFloatDoubleTest" priority="">
            <Test name="testDouble" result="pass" starttime="Fri Sep 21 15:43:36 CST 2012" endtime="Fri Sep 21 15:43:36 CST 2012" />
            <Test name="testFloat" result="pass" starttime="Fri Sep 21 15:43:36 CST 2012" endtime="Fri Sep 21 15:43:36 CST 2012" />
            <Test name="testFloatDouble" result="pass" starttime="Fri Sep 21 15:43:36 CST 2012" endtime="Fri Sep 21 15:43:36 CST 2012" />
          </TestCase>
          <TestCase name="OldAndroidInstanceofTest" priority="">
            <Test name="testDerivedFour" result="pass" starttime="Fri Sep 21 15:43:36 CST 2012" endtime="Fri Sep 21 15:43:36 CST 2012" />
            <Test name="testDerivedOne" result="pass" starttime="Fri Sep 21 15:43:36 CST 2012" endtime="Fri Sep 21 15:43:36 CST 2012" />
            <Test name="testDerivedThree" result="pass" starttime="Fri Sep 21 15:43:36 CST 2012" endtime="Fri Sep 21 15:43:36 CST 2012" />
            <Test name="testDerivedTwo" result="pass" starttime="Fri Sep 21 15:43:36 CST 2012" endtime="Fri Sep 21 15:43:36 CST 2012" />
            <Test name="testFailInterface" result="pass" starttime="Fri Sep 21 15:43:36 CST 2012" endtime="Fri Sep 21 15:43:36 CST 2012" />
            <Test name="testNoInterface" result="pass" starttime="Fri Sep 21 15:43:37 CST 2012" endtime="Fri Sep 21 15:43:37 CST 2012" />
            <Test name="testSuccessClass" result="pass" starttime="Fri Sep 21 15:43:37 CST 2012" endtime="Fri Sep 21 15:43:37 CST 2012" />
            <Test name="testSuccessInterface" result="pass" starttime="Fri Sep 21 15:43:37 CST 2012" endtime="Fri Sep 21 15:43:37 CST 2012" />
          </TestCase>
          <TestCase name="OldAndroidMathTest" priority="">
            <Test name="testAbsD" result="pass" starttime="Fri Sep 21 15:43:37 CST 2012" endtime="Fri Sep 21 15:43:37 CST 2012" />
            <Test name="testAbsF" result="pass" starttime="Fri Sep 21 15:43:37 CST 2012" endtime="Fri Sep 21 15:43:37 CST 2012" />
            <Test name="testAbsI" result="pass" starttime="Fri Sep 21 15:43:37 CST 2012" endtime="Fri Sep 21 15:43:37 CST 2012" />
            <Test name="testAbsJ" result="pass" starttime="Fri Sep 21 15:43:37 CST 2012" endtime="Fri Sep 21 15:43:37 CST 2012" />
            <Test name="testAcosD" result="pass" starttime="Fri Sep 21 15:43:37 CST 2012" endtime="Fri Sep 21 15:43:37 CST 2012" />
            <Test name="testAsinD" result="pass" starttime="Fri Sep 21 15:43:37 CST 2012" endtime="Fri Sep 21 15:43:37 CST 2012" />
            <Test name="testAtan2DD" result="pass" starttime="Fri Sep 21 15:43:37 CST 2012" endtime="Fri Sep 21 15:43:38 CST 2012" />
            <Test name="testAtanD" result="pass" starttime="Fri Sep 21 15:43:38 CST 2012" endtime="Fri Sep 21 15:43:38 CST 2012" />
            <Test name="testCbrtD" result="pass" starttime="Fri Sep 21 15:43:38 CST 2012" endtime="Fri Sep 21 15:43:38 CST 2012" />
            <Test name="testCeilD" result="pass" starttime="Fri Sep 21 15:43:38 CST 2012" endtime="Fri Sep 21 15:43:38 CST 2012" />
            <Test name="testCosD" result="pass" starttime="Fri Sep 21 15:43:38 CST 2012" endtime="Fri Sep 21 15:43:38 CST 2012" />
            <Test name="testCoshD" result="pass" starttime="Fri Sep 21 15:43:38 CST 2012" endtime="Fri Sep 21 15:43:38 CST 2012" />
            <Test name="testExpD" result="pass" starttime="Fri Sep 21 15:43:38 CST 2012" endtime="Fri Sep 21 15:43:38 CST 2012" />
            <Test name="testExpm1D" result="pass" starttime="Fri Sep 21 15:43:38 CST 2012" endtime="Fri Sep 21 15:43:38 CST 2012" />
            <Test name="testFloorD" result="pass" starttime="Fri Sep 21 15:43:38 CST 2012" endtime="Fri Sep 21 15:43:38 CST 2012" />
            <Test name="testHypotDD" result="pass" starttime="Fri Sep 21 15:43:38 CST 2012" endtime="Fri Sep 21 15:43:39 CST 2012" />
            <Test name="testIEEEremainderDD" result="pass" starttime="Fri Sep 21 15:43:39 CST 2012" endtime="Fri Sep 21 15:43:39 CST 2012" />
            <Test name="testLog10D" result="pass" starttime="Fri Sep 21 15:43:39 CST 2012" endtime="Fri Sep 21 15:43:39 CST 2012" />
            <Test name="testLog1pD" result="pass" starttime="Fri Sep 21 15:43:39 CST 2012" endtime="Fri Sep 21 15:43:39 CST 2012" />
            <Test name="testLogD" result="pass" starttime="Fri Sep 21 15:43:39 CST 2012" endtime="Fri Sep 21 15:43:39 CST 2012" />
            <Test name="testMaxDD" result="pass" starttime="Fri Sep 21 15:43:39 CST 2012" endtime="Fri Sep 21 15:43:39 CST 2012" />
            <Test name="testMaxFF" result="pass" starttime="Fri Sep 21 15:43:39 CST 2012" endtime="Fri Sep 21 15:43:39 CST 2012" />
            <Test name="testMaxII" result="pass" starttime="Fri Sep 21 15:43:39 CST 2012" endtime="Fri Sep 21 15:43:39 CST 2012" />
            <Test name="testMaxJJ" result="pass" starttime="Fri Sep 21 15:43:39 CST 2012" endtime="Fri Sep 21 15:43:39 CST 2012" />
            <Test name="testMinDD" result="pass" starttime="Fri Sep 21 15:43:39 CST 2012" endtime="Fri Sep 21 15:43:40 CST 2012" />
            <Test name="testMinFF" result="pass" starttime="Fri Sep 21 15:43:40 CST 2012" endtime="Fri Sep 21 15:43:40 CST 2012" />
            <Test name="testMinII" result="pass" starttime="Fri Sep 21 15:43:40 CST 2012" endtime="Fri Sep 21 15:43:40 CST 2012" />
            <Test name="testMinJJ" result="pass" starttime="Fri Sep 21 15:43:40 CST 2012" endtime="Fri Sep 21 15:43:40 CST 2012" />
            <Test name="testPowDD" result="pass" starttime="Fri Sep 21 15:43:40 CST 2012" endtime="Fri Sep 21 15:43:40 CST 2012" />
            <Test name="testRandom" result="pass" starttime="Fri Sep 21 15:43:40 CST 2012" endtime="Fri Sep 21 15:43:40 CST 2012" />
            <Test name="testRintD" result="pass" starttime="Fri Sep 21 15:43:40 CST 2012" endtime="Fri Sep 21 15:43:40 CST 2012" />
            <Test name="testRoundD" result="pass" starttime="Fri Sep 21 15:43:40 CST 2012" endtime="Fri Sep 21 15:43:40 CST 2012" />
            <Test name="testRoundF" result="pass" starttime="Fri Sep 21 15:43:40 CST 2012" endtime="Fri Sep 21 15:43:40 CST 2012" />
            <Test name="testSignumD" result="pass" starttime="Fri Sep 21 15:43:40 CST 2012" endtime="Fri Sep 21 15:43:41 CST 2012" />
            <Test name="testSignumF" result="pass" starttime="Fri Sep 21 15:43:41 CST 2012" endtime="Fri Sep 21 15:43:41 CST 2012" />
            <Test name="testSinD" result="pass" starttime="Fri Sep 21 15:43:41 CST 2012" endtime="Fri Sep 21 15:43:41 CST 2012" />
            <Test name="testSinhD" result="pass" starttime="Fri Sep 21 15:43:41 CST 2012" endtime="Fri Sep 21 15:43:41 CST 2012" />
            <Test name="testSqrtD" result="pass" starttime="Fri Sep 21 15:43:41 CST 2012" endtime="Fri Sep 21 15:43:41 CST 2012" />
            <Test name="testTanD" result="pass" starttime="Fri Sep 21 15:43:41 CST 2012" endtime="Fri Sep 21 15:43:41 CST 2012" />
            <Test name="testTanhD" result="pass" starttime="Fri Sep 21 15:43:41 CST 2012" endtime="Fri Sep 21 15:43:41 CST 2012" />
            <Test name="testToDegreesD" result="pass" starttime="Fri Sep 21 15:43:41 CST 2012" endtime="Fri Sep 21 15:43:41 CST 2012" />
            <Test name="testToRadiansD" result="pass" starttime="Fri Sep 21 15:43:41 CST 2012" endtime="Fri Sep 21 15:43:41 CST 2012" />
            <Test name="testUlpD" result="pass" starttime="Fri Sep 21 15:43:41 CST 2012" endtime="Fri Sep 21 15:43:41 CST 2012" />
            <Test name="testUlpf" result="pass" starttime="Fri Sep 21 15:43:41 CST 2012" endtime="Fri Sep 21 15:43:42 CST 2012" />
          </TestCase>
          <TestCase name="OldAndroidMonitorTest" priority="">
            <Test name="testInterruptTest" result="pass" starttime="Fri Sep 21 15:43:42 CST 2012" endtime="Fri Sep 21 15:43:42 CST 2012" />
            <Test name="testNestedMonitors" result="pass" starttime="Fri Sep 21 15:43:42 CST 2012" endtime="Fri Sep 21 15:43:43 CST 2012" />
            <Test name="testWaitArgumentsTest" result="pass" starttime="Fri Sep 21 15:43:43 CST 2012" endtime="Fri Sep 21 15:43:43 CST 2012" />
          </TestCase>
          <TestCase name="OldAndroidParseIntTest" priority="">
            <Test name="testParseInt" result="pass" starttime="Fri Sep 21 15:43:43 CST 2012" endtime="Fri Sep 21 15:43:43 CST 2012" />
          </TestCase>
          <TestCase name="OldAndroidStrictMathTest" priority="">
            <Test name="testAbsD" result="pass" starttime="Fri Sep 21 15:43:43 CST 2012" endtime="Fri Sep 21 15:43:44 CST 2012" />
            <Test name="testAbsF" result="pass" starttime="Fri Sep 21 15:43:44 CST 2012" endtime="Fri Sep 21 15:43:44 CST 2012" />
            <Test name="testAbsI" result="pass" starttime="Fri Sep 21 15:43:44 CST 2012" endtime="Fri Sep 21 15:43:44 CST 2012" />
            <Test name="testAbsJ" result="pass" starttime="Fri Sep 21 15:43:44 CST 2012" endtime="Fri Sep 21 15:43:44 CST 2012" />
            <Test name="testAcosD" result="pass" starttime="Fri Sep 21 15:43:44 CST 2012" endtime="Fri Sep 21 15:43:44 CST 2012" />
            <Test name="testAsinD" result="pass" starttime="Fri Sep 21 15:43:44 CST 2012" endtime="Fri Sep 21 15:43:44 CST 2012" />
            <Test name="testAtan2DD" result="pass" starttime="Fri Sep 21 15:43:44 CST 2012" endtime="Fri Sep 21 15:43:44 CST 2012" />
            <Test name="testAtanD" result="pass" starttime="Fri Sep 21 15:43:44 CST 2012" endtime="Fri Sep 21 15:43:44 CST 2012" />
            <Test name="testCbrtD" result="pass" starttime="Fri Sep 21 15:43:44 CST 2012" endtime="Fri Sep 21 15:43:45 CST 2012" />
            <Test name="testCeilD" result="pass" starttime="Fri Sep 21 15:43:45 CST 2012" endtime="Fri Sep 21 15:43:45 CST 2012" />
            <Test name="testCosD" result="pass" starttime="Fri Sep 21 15:43:45 CST 2012" endtime="Fri Sep 21 15:43:45 CST 2012" />
            <Test name="testCosh_D" result="pass" starttime="Fri Sep 21 15:43:45 CST 2012" endtime="Fri Sep 21 15:43:45 CST 2012" />
            <Test name="testExpD" result="pass" starttime="Fri Sep 21 15:43:45 CST 2012" endtime="Fri Sep 21 15:43:45 CST 2012" />
            <Test name="testExpm1D" result="pass" starttime="Fri Sep 21 15:43:45 CST 2012" endtime="Fri Sep 21 15:43:45 CST 2012" />
            <Test name="testFloorD" result="pass" starttime="Fri Sep 21 15:43:45 CST 2012" endtime="Fri Sep 21 15:43:45 CST 2012" />
            <Test name="testHypotDD" result="pass" starttime="Fri Sep 21 15:43:45 CST 2012" endtime="Fri Sep 21 15:43:45 CST 2012" />
            <Test name="testIEEEremainderDD" result="pass" starttime="Fri Sep 21 15:43:45 CST 2012" endtime="Fri Sep 21 15:43:46 CST 2012" />
            <Test name="testLog10D" result="pass" starttime="Fri Sep 21 15:43:46 CST 2012" endtime="Fri Sep 21 15:43:46 CST 2012" />
            <Test name="testLog1pD" result="pass" starttime="Fri Sep 21 15:43:46 CST 2012" endtime="Fri Sep 21 15:43:46 CST 2012" />
            <Test name="testLogD" result="pass" starttime="Fri Sep 21 15:43:46 CST 2012" endtime="Fri Sep 21 15:43:46 CST 2012" />
            <Test name="testMaxDD" result="pass" starttime="Fri Sep 21 15:43:46 CST 2012" endtime="Fri Sep 21 15:43:46 CST 2012" />
            <Test name="testMaxFF" result="pass" starttime="Fri Sep 21 15:43:46 CST 2012" endtime="Fri Sep 21 15:43:46 CST 2012" />
            <Test name="testMaxII" result="pass" starttime="Fri Sep 21 15:43:46 CST 2012" endtime="Fri Sep 21 15:43:46 CST 2012" />
            <Test name="testMaxJJ" result="pass" starttime="Fri Sep 21 15:43:46 CST 2012" endtime="Fri Sep 21 15:43:46 CST 2012" />
            <Test name="testMinDD" result="pass" starttime="Fri Sep 21 15:43:46 CST 2012" endtime="Fri Sep 21 15:43:47 CST 2012" />
            <Test name="testMinFF" result="pass" starttime="Fri Sep 21 15:43:47 CST 2012" endtime="Fri Sep 21 15:43:47 CST 2012" />
            <Test name="testMinII" result="pass" starttime="Fri Sep 21 15:43:47 CST 2012" endtime="Fri Sep 21 15:43:47 CST 2012" />
            <Test name="testMinJJ" result="pass" starttime="Fri Sep 21 15:43:47 CST 2012" endtime="Fri Sep 21 15:43:47 CST 2012" />
            <Test name="testPowDD" result="pass" starttime="Fri Sep 21 15:43:47 CST 2012" endtime="Fri Sep 21 15:43:47 CST 2012" />
            <Test name="testRandom" result="pass" starttime="Fri Sep 21 15:43:47 CST 2012" endtime="Fri Sep 21 15:43:47 CST 2012" />
            <Test name="testRintD" result="pass" starttime="Fri Sep 21 15:43:47 CST 2012" endtime="Fri Sep 21 15:43:47 CST 2012" />
            <Test name="testRoundD" result="pass" starttime="Fri Sep 21 15:43:47 CST 2012" endtime="Fri Sep 21 15:43:47 CST 2012" />
            <Test name="testRoundF" result="pass" starttime="Fri Sep 21 15:43:47 CST 2012" endtime="Fri Sep 21 15:43:48 CST 2012" />
            <Test name="testSignumD" result="pass" starttime="Fri Sep 21 15:43:48 CST 2012" endtime="Fri Sep 21 15:43:48 CST 2012" />
            <Test name="testSignumF" result="pass" starttime="Fri Sep 21 15:43:48 CST 2012" endtime="Fri Sep 21 15:43:48 CST 2012" />
            <Test name="testSinD" result="pass" starttime="Fri Sep 21 15:43:48 CST 2012" endtime="Fri Sep 21 15:43:48 CST 2012" />
            <Test name="testSinhD" result="pass" starttime="Fri Sep 21 15:43:48 CST 2012" endtime="Fri Sep 21 15:43:48 CST 2012" />
            <Test name="testSqrtD" result="pass" starttime="Fri Sep 21 15:43:48 CST 2012" endtime="Fri Sep 21 15:43:48 CST 2012" />
            <Test name="testTanD" result="pass" starttime="Fri Sep 21 15:43:48 CST 2012" endtime="Fri Sep 21 15:43:48 CST 2012" />
            <Test name="testTanhD" result="pass" starttime="Fri Sep 21 15:43:48 CST 2012" endtime="Fri Sep 21 15:43:48 CST 2012" />
            <Test name="testToDegreesD" result="pass" starttime="Fri Sep 21 15:43:48 CST 2012" endtime="Fri Sep 21 15:43:48 CST 2012" />
            <Test name="testToRadiansD" result="pass" starttime="Fri Sep 21 15:43:48 CST 2012" endtime="Fri Sep 21 15:43:49 CST 2012" />
            <Test name="testUlpF" result="pass" starttime="Fri Sep 21 15:43:49 CST 2012" endtime="Fri Sep 21 15:43:49 CST 2012" />
            <Test name="testUlp_D" result="pass" starttime="Fri Sep 21 15:43:49 CST 2012" endtime="Fri Sep 21 15:43:49 CST 2012" />
          </TestCase>
          <TestCase name="OldCharacterSubsetTest" priority="">
            <Test name="test_equals" result="pass" starttime="Fri Sep 21 15:43:49 CST 2012" endtime="Fri Sep 21 15:43:49 CST 2012" />
            <Test name="test_hashCode" result="pass" starttime="Fri Sep 21 15:43:49 CST 2012" endtime="Fri Sep 21 15:43:49 CST 2012" />
          </TestCase>
          <TestCase name="OldCharacterTest" priority="">
            <Test name="test_codePointCountLjava_lang_CharArrayII" result="pass" starttime="Fri Sep 21 15:43:49 CST 2012" endtime="Fri Sep 21 15:43:49 CST 2012" />
            <Test name="test_digitCI" result="pass" starttime="Fri Sep 21 15:43:49 CST 2012" endtime="Fri Sep 21 15:43:49 CST 2012" />
            <Test name="test_getDirectionality" result="pass" starttime="Fri Sep 21 15:43:49 CST 2012" endtime="Fri Sep 21 15:43:49 CST 2012" />
            <Test name="test_isUpperCaseC" result="pass" starttime="Fri Sep 21 15:43:49 CST 2012" endtime="Fri Sep 21 15:43:50 CST 2012" />
            <Test name="test_toLowerCaseC" result="pass" starttime="Fri Sep 21 15:43:50 CST 2012" endtime="Fri Sep 21 15:43:50 CST 2012" />
            <Test name="test_toString" result="pass" starttime="Fri Sep 21 15:43:50 CST 2012" endtime="Fri Sep 21 15:43:50 CST 2012" />
            <Test name="test_toString_char" result="pass" starttime="Fri Sep 21 15:43:50 CST 2012" endtime="Fri Sep 21 15:43:50 CST 2012" />
          </TestCase>
          <TestCase name="OldClassTest" priority="">
            <Test name="testGetResourceAsStream1" result="pass" starttime="Fri Sep 21 15:43:50 CST 2012" endtime="Fri Sep 21 15:43:50 CST 2012" />
            <Test name="testGetResourceAsStream2" result="pass" starttime="Fri Sep 21 15:43:50 CST 2012" endtime="Fri Sep 21 15:43:50 CST 2012" />
            <Test name="test_asSubclass1" result="pass" starttime="Fri Sep 21 15:43:50 CST 2012" endtime="Fri Sep 21 15:43:50 CST 2012" />
            <Test name="test_asSubclass2" result="pass" starttime="Fri Sep 21 15:43:50 CST 2012" endtime="Fri Sep 21 15:43:50 CST 2012" />
            <Test name="test_cast" result="pass" starttime="Fri Sep 21 15:43:50 CST 2012" endtime="Fri Sep 21 15:43:51 CST 2012" />
            <Test name="test_desiredAssertionStatus" result="pass" starttime="Fri Sep 21 15:43:51 CST 2012" endtime="Fri Sep 21 15:43:51 CST 2012" />
            <Test name="test_forNameLjava_lang_StringLbooleanLClassLoader" result="pass" starttime="Fri Sep 21 15:43:51 CST 2012" endtime="Fri Sep 21 15:43:51 CST 2012" />
            <Test name="test_forNameLjava_lang_StringLbooleanLClassLoader_AndroidOnly" result="pass" starttime="Fri Sep 21 15:43:51 CST 2012" endtime="Fri Sep 21 15:43:51 CST 2012" />
            <Test name="test_getAnnotation" result="pass" starttime="Fri Sep 21 15:43:51 CST 2012" endtime="Fri Sep 21 15:43:51 CST 2012" />
            <Test name="test_getAnnotations" result="pass" starttime="Fri Sep 21 15:43:51 CST 2012" endtime="Fri Sep 21 15:43:51 CST 2012" />
            <Test name="test_getCanonicalName" result="pass" starttime="Fri Sep 21 15:43:51 CST 2012" endtime="Fri Sep 21 15:43:51 CST 2012" />
            <Test name="test_getClassLoader" result="pass" starttime="Fri Sep 21 15:43:51 CST 2012" endtime="Fri Sep 21 15:43:51 CST 2012" />
            <Test name="test_getClasses" result="pass" starttime="Fri Sep 21 15:43:51 CST 2012" endtime="Fri Sep 21 15:43:52 CST 2012" />
            <Test name="test_getDeclaredAnnotations" result="pass" starttime="Fri Sep 21 15:43:52 CST 2012" endtime="Fri Sep 21 15:43:52 CST 2012" />
            <Test name="test_getDeclaredClasses" result="pass" starttime="Fri Sep 21 15:43:52 CST 2012" endtime="Fri Sep 21 15:43:52 CST 2012" />
            <Test name="test_getDeclaredConstructor$Ljava_lang_Class" result="pass" starttime="Fri Sep 21 15:43:52 CST 2012" endtime="Fri Sep 21 15:43:52 CST 2012" />
            <Test name="test_getDeclaredFieldLjava_lang_String" result="pass" starttime="Fri Sep 21 15:43:52 CST 2012" endtime="Fri Sep 21 15:43:52 CST 2012" />
            <Test name="test_getDeclaredMethodLjava_lang_String$Ljava_lang_Class" result="pass" starttime="Fri Sep 21 15:43:52 CST 2012" endtime="Fri Sep 21 15:43:52 CST 2012" />
            <Test name="test_getDeclaringClass" result="pass" starttime="Fri Sep 21 15:43:52 CST 2012" endtime="Fri Sep 21 15:43:52 CST 2012" />
            <Test name="test_getEnclosingClass" result="pass" starttime="Fri Sep 21 15:43:52 CST 2012" endtime="Fri Sep 21 15:43:52 CST 2012" />
            <Test name="test_getEnclosingConstructor" result="pass" starttime="Fri Sep 21 15:43:52 CST 2012" endtime="Fri Sep 21 15:43:53 CST 2012" />
            <Test name="test_getEnclosingMethod" result="pass" starttime="Fri Sep 21 15:43:53 CST 2012" endtime="Fri Sep 21 15:43:53 CST 2012" />
            <Test name="test_getEnumConstants" result="pass" starttime="Fri Sep 21 15:43:53 CST 2012" endtime="Fri Sep 21 15:43:53 CST 2012" />
            <Test name="test_getFieldLjava_lang_String" result="pass" starttime="Fri Sep 21 15:43:53 CST 2012" endtime="Fri Sep 21 15:43:53 CST 2012" />
            <Test name="test_getFields" result="pass" starttime="Fri Sep 21 15:43:53 CST 2012" endtime="Fri Sep 21 15:43:53 CST 2012" />
            <Test name="test_getFields2" result="pass" starttime="Fri Sep 21 15:43:53 CST 2012" endtime="Fri Sep 21 15:43:53 CST 2012" />
            <Test name="test_getGenericInterfaces" result="pass" starttime="Fri Sep 21 15:43:53 CST 2012" endtime="Fri Sep 21 15:43:53 CST 2012" />
            <Test name="test_getGenericSuperclass" result="pass" starttime="Fri Sep 21 15:43:53 CST 2012" endtime="Fri Sep 21 15:43:53 CST 2012" />
            <Test name="test_getInterfaces" result="pass" starttime="Fri Sep 21 15:43:53 CST 2012" endtime="Fri Sep 21 15:43:53 CST 2012" />
            <Test name="test_getMethodLjava_lang_String$Ljava_lang_Class" result="pass" starttime="Fri Sep 21 15:43:53 CST 2012" endtime="Fri Sep 21 15:43:53 CST 2012" />
            <Test name="test_getMethods" result="pass" starttime="Fri Sep 21 15:43:53 CST 2012" endtime="Fri Sep 21 15:43:54 CST 2012" />
            <Test name="test_getPackage" result="pass" starttime="Fri Sep 21 15:43:54 CST 2012" endtime="Fri Sep 21 15:43:54 CST 2012" />
            <Test name="test_getSigners" result="pass" starttime="Fri Sep 21 15:43:54 CST 2012" endtime="Fri Sep 21 15:43:54 CST 2012" />
            <Test name="test_getSimpleName" result="pass" starttime="Fri Sep 21 15:43:54 CST 2012" endtime="Fri Sep 21 15:43:54 CST 2012" />
            <Test name="test_getTypeParameters" result="pass" starttime="Fri Sep 21 15:43:54 CST 2012" endtime="Fri Sep 21 15:43:54 CST 2012" />
            <Test name="test_isAnnotation" result="pass" starttime="Fri Sep 21 15:43:54 CST 2012" endtime="Fri Sep 21 15:43:54 CST 2012" />
            <Test name="test_isAnnotationPresent" result="pass" starttime="Fri Sep 21 15:43:54 CST 2012" endtime="Fri Sep 21 15:43:54 CST 2012" />
            <Test name="test_isAnonymousClass" result="pass" starttime="Fri Sep 21 15:43:54 CST 2012" endtime="Fri Sep 21 15:43:54 CST 2012" />
            <Test name="test_isAssignableFromLjava_lang_Class" result="pass" starttime="Fri Sep 21 15:43:54 CST 2012" endtime="Fri Sep 21 15:43:55 CST 2012" />
            <Test name="test_isEnum" result="pass" starttime="Fri Sep 21 15:43:55 CST 2012" endtime="Fri Sep 21 15:43:55 CST 2012" />
            <Test name="test_isLocalClass" result="pass" starttime="Fri Sep 21 15:43:55 CST 2012" endtime="Fri Sep 21 15:43:55 CST 2012" />
            <Test name="test_isMemberClass" result="pass" starttime="Fri Sep 21 15:43:55 CST 2012" endtime="Fri Sep 21 15:43:55 CST 2012" />
            <Test name="test_isSynthetic" result="pass" starttime="Fri Sep 21 15:43:55 CST 2012" endtime="Fri Sep 21 15:43:55 CST 2012" />
            <Test name="test_newInstance" result="pass" starttime="Fri Sep 21 15:43:55 CST 2012" endtime="Fri Sep 21 15:43:55 CST 2012" />
          </TestCase>
          <TestCase name="OldDoubleTest" priority="">
            <Test name="test_byteValue" result="pass" starttime="Fri Sep 21 15:43:55 CST 2012" endtime="Fri Sep 21 15:43:55 CST 2012" />
            <Test name="test_doubleToLongBitsD" result="pass" starttime="Fri Sep 21 15:43:55 CST 2012" endtime="Fri Sep 21 15:43:55 CST 2012" />
            <Test name="test_doubleToRawLongBitsD" result="pass" starttime="Fri Sep 21 15:43:55 CST 2012" endtime="Fri Sep 21 15:43:56 CST 2012" />
            <Test name="test_doubleValue" result="pass" starttime="Fri Sep 21 15:43:56 CST 2012" endtime="Fri Sep 21 15:43:56 CST 2012" />
            <Test name="test_floatValue" result="pass" starttime="Fri Sep 21 15:43:56 CST 2012" endtime="Fri Sep 21 15:43:56 CST 2012" />
            <Test name="test_intValue" result="pass" starttime="Fri Sep 21 15:43:56 CST 2012" endtime="Fri Sep 21 15:43:56 CST 2012" />
            <Test name="test_isNaND" result="pass" starttime="Fri Sep 21 15:43:56 CST 2012" endtime="Fri Sep 21 15:43:56 CST 2012" />
            <Test name="test_parseDouble_LString_AndroidRegression" result="pass" starttime="Fri Sep 21 15:43:56 CST 2012" endtime="Fri Sep 21 15:43:56 CST 2012" />
          </TestCase>
          <TestCase name="OldFloatTest" priority="">
            <Test name="test_ConstructorD" result="pass" starttime="Fri Sep 21 15:43:56 CST 2012" endtime="Fri Sep 21 15:43:56 CST 2012" />
            <Test name="test_ConstructorLjava_lang_String" result="pass" starttime="Fri Sep 21 15:43:56 CST 2012" endtime="Fri Sep 21 15:43:56 CST 2012" />
            <Test name="test_floatToIntBitsF" result="pass" starttime="Fri Sep 21 15:43:56 CST 2012" endtime="Fri Sep 21 15:43:57 CST 2012" />
            <Test name="test_floatToRawIntBitsF" result="pass" starttime="Fri Sep 21 15:43:57 CST 2012" endtime="Fri Sep 21 15:43:57 CST 2012" />
            <Test name="test_hashCode" result="pass" starttime="Fri Sep 21 15:43:57 CST 2012" endtime="Fri Sep 21 15:43:57 CST 2012" />
            <Test name="test_intBitsToFloatI" result="pass" starttime="Fri Sep 21 15:43:57 CST 2012" endtime="Fri Sep 21 15:43:57 CST 2012" />
            <Test name="test_intValue" result="pass" starttime="Fri Sep 21 15:43:57 CST 2012" endtime="Fri Sep 21 15:43:57 CST 2012" />
            <Test name="test_isNaNF" result="pass" starttime="Fri Sep 21 15:43:57 CST 2012" endtime="Fri Sep 21 15:43:57 CST 2012" />
            <Test name="test_longValue" result="pass" starttime="Fri Sep 21 15:43:57 CST 2012" endtime="Fri Sep 21 15:43:57 CST 2012" />
            <Test name="test_parseFloatLExceptions" result="pass" starttime="Fri Sep 21 15:43:57 CST 2012" endtime="Fri Sep 21 15:43:57 CST 2012" />
          </TestCase>
          <TestCase name="OldInheritableThreadLocalTest" priority="">
            <Test name="test_Ljava_lang_InheritableThreadLocal" result="pass" starttime="Fri Sep 21 15:43:57 CST 2012" endtime="Fri Sep 21 15:43:58 CST 2012" />
            <Test name="test_childValue" result="pass" starttime="Fri Sep 21 15:43:58 CST 2012" endtime="Fri Sep 21 15:43:58 CST 2012" />
          </TestCase>
          <TestCase name="OldIntegerTest" priority="">
            <Test name="test_getIntegerLjava_lang_StringI" result="pass" starttime="Fri Sep 21 15:43:58 CST 2012" endtime="Fri Sep 21 15:43:58 CST 2012" />
            <Test name="test_getIntegerLjava_lang_StringLjava_lang_Integer" result="pass" starttime="Fri Sep 21 15:43:58 CST 2012" endtime="Fri Sep 21 15:43:58 CST 2012" />
            <Test name="test_intValue" result="pass" starttime="Fri Sep 21 15:43:58 CST 2012" endtime="Fri Sep 21 15:43:58 CST 2012" />
            <Test name="test_longValue" result="pass" starttime="Fri Sep 21 15:43:58 CST 2012" endtime="Fri Sep 21 15:43:58 CST 2012" />
            <Test name="test_shortValue" result="pass" starttime="Fri Sep 21 15:43:58 CST 2012" endtime="Fri Sep 21 15:43:58 CST 2012" />
          </TestCase>
          <TestCase name="OldLongTest" priority="">
            <Test name="test_floatValue" result="pass" starttime="Fri Sep 21 15:43:58 CST 2012" endtime="Fri Sep 21 15:43:58 CST 2012" />
            <Test name="test_getLongLjava_lang_String" result="pass" starttime="Fri Sep 21 15:43:58 CST 2012" endtime="Fri Sep 21 15:43:58 CST 2012" />
            <Test name="test_getLongLjava_lang_StringJ" result="pass" starttime="Fri Sep 21 15:43:58 CST 2012" endtime="Fri Sep 21 15:43:59 CST 2012" />
            <Test name="test_getLongLjava_lang_StringLjava_lang_Long" result="pass" starttime="Fri Sep 21 15:43:59 CST 2012" endtime="Fri Sep 21 15:43:59 CST 2012" />
            <Test name="test_intValue" result="pass" starttime="Fri Sep 21 15:43:59 CST 2012" endtime="Fri Sep 21 15:43:59 CST 2012" />
            <Test name="test_longValue" result="pass" starttime="Fri Sep 21 15:43:59 CST 2012" endtime="Fri Sep 21 15:43:59 CST 2012" />
            <Test name="test_shortValue" result="pass" starttime="Fri Sep 21 15:43:59 CST 2012" endtime="Fri Sep 21 15:43:59 CST 2012" />
          </TestCase>
          <TestCase name="OldObjectTest" priority="">
            <Test name="test_clone" result="pass" starttime="Fri Sep 21 15:43:59 CST 2012" endtime="Fri Sep 21 15:43:59 CST 2012" />
            <Test name="test_notify" result="pass" starttime="Fri Sep 21 15:43:59 CST 2012" endtime="Fri Sep 21 15:43:59 CST 2012" />
            <Test name="test_notifyAll" result="pass" starttime="Fri Sep 21 15:43:59 CST 2012" endtime="Fri Sep 21 15:43:59 CST 2012" />
            <Test name="test_wait" result="pass" starttime="Fri Sep 21 15:43:59 CST 2012" endtime="Fri Sep 21 15:44:00 CST 2012" />
            <Test name="test_waitJ" result="pass" starttime="Fri Sep 21 15:44:00 CST 2012" endtime="Fri Sep 21 15:44:00 CST 2012" />
            <Test name="test_waitJI" result="pass" starttime="Fri Sep 21 15:44:00 CST 2012" endtime="Fri Sep 21 15:44:00 CST 2012" />
          </TestCase>
          <TestCase name="OldRuntimeExceptionTest" priority="">
            <Test name="test_ConstructorLStringLThrowable" result="pass" starttime="Fri Sep 21 15:44:00 CST 2012" endtime="Fri Sep 21 15:44:00 CST 2012" />
            <Test name="test_ConstructorLThrowable" result="pass" starttime="Fri Sep 21 15:44:00 CST 2012" endtime="Fri Sep 21 15:44:00 CST 2012" />
          </TestCase>
          <TestCase name="OldRuntimeTest" priority="">
            <Test name="test_addShutdownHook" result="pass" starttime="Fri Sep 21 15:44:00 CST 2012" endtime="Fri Sep 21 15:44:01 CST 2012" />
            <Test name="test_availableProcessors" result="pass" starttime="Fri Sep 21 15:44:01 CST 2012" endtime="Fri Sep 21 15:44:01 CST 2012" />
            <Test name="test_execLjava_lang_String" result="pass" starttime="Fri Sep 21 15:44:01 CST 2012" endtime="Fri Sep 21 15:44:04 CST 2012" />
            <Test name="test_execLjava_lang_StringArray" result="pass" starttime="Fri Sep 21 15:44:04 CST 2012" endtime="Fri Sep 21 15:44:07 CST 2012" />
            <Test name="test_execLjava_lang_StringArrayLjava_lang_StringArray" result="pass" starttime="Fri Sep 21 15:44:07 CST 2012" endtime="Fri Sep 21 15:44:14 CST 2012" />
            <Test name="test_execLjava_lang_StringArrayLjava_lang_StringArrayLjava_io_File" result="pass" starttime="Fri Sep 21 15:44:14 CST 2012" endtime="Fri Sep 21 15:44:20 CST 2012" />
            <Test name="test_execLjava_lang_StringLjava_lang_StringArray" result="pass" starttime="Fri Sep 21 15:44:20 CST 2012" endtime="Fri Sep 21 15:44:26 CST 2012" />
            <Test name="test_execLjava_lang_StringLjava_lang_StringArrayLjava_io_File" result="pass" starttime="Fri Sep 21 15:44:26 CST 2012" endtime="Fri Sep 21 15:44:32 CST 2012" />
            <Test name="test_freeMemory" result="pass" starttime="Fri Sep 21 15:44:32 CST 2012" endtime="Fri Sep 21 15:44:32 CST 2012" />
            <Test name="test_getLocalizedInputStream" result="pass" starttime="Fri Sep 21 15:44:32 CST 2012" endtime="Fri Sep 21 15:44:32 CST 2012" />
            <Test name="test_getLocalizedOutputStream" result="pass" starttime="Fri Sep 21 15:44:32 CST 2012" endtime="Fri Sep 21 15:44:33 CST 2012" />
            <Test name="test_getRuntime" result="pass" starttime="Fri Sep 21 15:44:33 CST 2012" endtime="Fri Sep 21 15:44:33 CST 2012" />
            <Test name="test_load" result="pass" starttime="Fri Sep 21 15:44:33 CST 2012" endtime="Fri Sep 21 15:44:33 CST 2012" />
            <Test name="test_loadLibrary" result="pass" starttime="Fri Sep 21 15:44:33 CST 2012" endtime="Fri Sep 21 15:44:33 CST 2012" />
            <Test name="test_maxMemory" result="pass" starttime="Fri Sep 21 15:44:33 CST 2012" endtime="Fri Sep 21 15:44:33 CST 2012" />
            <Test name="test_removeShutdownHookLjava_lang_Thread" result="pass" starttime="Fri Sep 21 15:44:33 CST 2012" endtime="Fri Sep 21 15:44:34 CST 2012" />
            <Test name="test_runFinalizersOnExit" result="pass" starttime="Fri Sep 21 15:44:34 CST 2012" endtime="Fri Sep 21 15:44:34 CST 2012" />
            <Test name="test_traceInstructions" result="pass" starttime="Fri Sep 21 15:44:34 CST 2012" endtime="Fri Sep 21 15:44:34 CST 2012" />
          </TestCase>
          <TestCase name="OldStackTraceElementTest" priority="">
            <Test name="test_ConstructorLjava_lang_StringLjava_lang_StringLjava_lang_StringI" result="pass" starttime="Fri Sep 21 15:44:34 CST 2012" endtime="Fri Sep 21 15:44:35 CST 2012" />
            <Test name="test_equalsLjava_lang_Object" result="pass" starttime="Fri Sep 21 15:44:35 CST 2012" endtime="Fri Sep 21 15:44:35 CST 2012" />
            <Test name="test_getClassName" result="pass" starttime="Fri Sep 21 15:44:35 CST 2012" endtime="Fri Sep 21 15:44:35 CST 2012" />
            <Test name="test_getFileName" result="pass" starttime="Fri Sep 21 15:44:35 CST 2012" endtime="Fri Sep 21 15:44:35 CST 2012" />
            <Test name="test_getLineNumber" result="pass" starttime="Fri Sep 21 15:44:35 CST 2012" endtime="Fri Sep 21 15:44:35 CST 2012" />
            <Test name="test_getMethodName" result="pass" starttime="Fri Sep 21 15:44:35 CST 2012" endtime="Fri Sep 21 15:44:35 CST 2012" />
            <Test name="test_hashCode" result="pass" starttime="Fri Sep 21 15:44:35 CST 2012" endtime="Fri Sep 21 15:44:35 CST 2012" />
            <Test name="test_isNativeMethod" result="pass" starttime="Fri Sep 21 15:44:35 CST 2012" endtime="Fri Sep 21 15:44:35 CST 2012" />
            <Test name="test_toString" result="pass" starttime="Fri Sep 21 15:44:35 CST 2012" endtime="Fri Sep 21 15:44:36 CST 2012" />
          </TestCase>
          <TestCase name="OldStringBufferTest" priority="">
            <Test name="test_deleteCharAtI" result="pass" starttime="Fri Sep 21 15:44:36 CST 2012" endtime="Fri Sep 21 15:44:36 CST 2012" />
            <Test name="test_ensureCapacityI" result="pass" starttime="Fri Sep 21 15:44:36 CST 2012" endtime="Fri Sep 21 15:44:36 CST 2012" />
            <Test name="test_getCharsII$CI" result="pass" starttime="Fri Sep 21 15:44:36 CST 2012" endtime="Fri Sep 21 15:44:36 CST 2012" />
            <Test name="test_insertID" result="pass" starttime="Fri Sep 21 15:44:36 CST 2012" endtime="Fri Sep 21 15:44:36 CST 2012" />
            <Test name="test_insertIF" result="pass" starttime="Fri Sep 21 15:44:36 CST 2012" endtime="Fri Sep 21 15:44:36 CST 2012" />
            <Test name="test_insertII" result="pass" starttime="Fri Sep 21 15:44:36 CST 2012" endtime="Fri Sep 21 15:44:36 CST 2012" />
            <Test name="test_insertIJ" result="pass" starttime="Fri Sep 21 15:44:36 CST 2012" endtime="Fri Sep 21 15:44:36 CST 2012" />
            <Test name="test_insertILjava_lang_Object" result="pass" starttime="Fri Sep 21 15:44:36 CST 2012" endtime="Fri Sep 21 15:44:37 CST 2012" />
            <Test name="test_insertILjava_lang_String" result="pass" starttime="Fri Sep 21 15:44:37 CST 2012" endtime="Fri Sep 21 15:44:37 CST 2012" />
            <Test name="test_insertIZ" result="pass" starttime="Fri Sep 21 15:44:37 CST 2012" endtime="Fri Sep 21 15:44:37 CST 2012" />
            <Test name="test_replaceIILjava_lang_String" result="pass" starttime="Fri Sep 21 15:44:37 CST 2012" endtime="Fri Sep 21 15:44:37 CST 2012" />
            <Test name="test_setCharAtIC" result="pass" starttime="Fri Sep 21 15:44:37 CST 2012" endtime="Fri Sep 21 15:44:37 CST 2012" />
            <Test name="test_subSequence" result="pass" starttime="Fri Sep 21 15:44:37 CST 2012" endtime="Fri Sep 21 15:44:37 CST 2012" />
            <Test name="test_substringI" result="pass" starttime="Fri Sep 21 15:44:37 CST 2012" endtime="Fri Sep 21 15:44:37 CST 2012" />
            <Test name="test_substringII" result="pass" starttime="Fri Sep 21 15:44:37 CST 2012" endtime="Fri Sep 21 15:44:37 CST 2012" />
          </TestCase>
          <TestCase name="OldStringTest" priority="">
            <Test name="test_charAtI" result="pass" starttime="Fri Sep 21 15:44:37 CST 2012" endtime="Fri Sep 21 15:44:38 CST 2012" />
            <Test name="test_endsWithLjava_lang_String" result="pass" starttime="Fri Sep 21 15:44:38 CST 2012" endtime="Fri Sep 21 15:44:38 CST 2012" />
            <Test name="test_equalsIgnoreCaseLjava_lang_String" result="pass" starttime="Fri Sep 21 15:44:38 CST 2012" endtime="Fri Sep 21 15:44:38 CST 2012" />
            <Test name="test_equalsLjava_lang_Object" result="pass" starttime="Fri Sep 21 15:44:38 CST 2012" endtime="Fri Sep 21 15:44:38 CST 2012" />
            <Test name="test_format" result="pass" starttime="Fri Sep 21 15:44:38 CST 2012" endtime="Fri Sep 21 15:44:38 CST 2012" />
            <Test name="test_format_Locale" result="pass" starttime="Fri Sep 21 15:44:38 CST 2012" endtime="Fri Sep 21 15:44:38 CST 2012" />
            <Test name="test_getBytesII$BI" result="pass" starttime="Fri Sep 21 15:44:38 CST 2012" endtime="Fri Sep 21 15:44:38 CST 2012" />
            <Test name="test_getCharsII$CI" result="pass" starttime="Fri Sep 21 15:44:38 CST 2012" endtime="Fri Sep 21 15:44:38 CST 2012" />
            <Test name="test_indexOfI" result="pass" starttime="Fri Sep 21 15:44:38 CST 2012" endtime="Fri Sep 21 15:44:38 CST 2012" />
            <Test name="test_indexOfII" result="pass" starttime="Fri Sep 21 15:44:38 CST 2012" endtime="Fri Sep 21 15:44:39 CST 2012" />
            <Test name="test_indexOfLjava_lang_String" result="pass" starttime="Fri Sep 21 15:44:39 CST 2012" endtime="Fri Sep 21 15:44:39 CST 2012" />
            <Test name="test_matches" result="pass" starttime="Fri Sep 21 15:44:39 CST 2012" endtime="Fri Sep 21 15:44:39 CST 2012" />
            <Test name="test_regionMatchesILjava_lang_StringII" result="pass" starttime="Fri Sep 21 15:44:39 CST 2012" endtime="Fri Sep 21 15:44:39 CST 2012" />
            <Test name="test_regionMatchesZILjava_lang_StringII" result="pass" starttime="Fri Sep 21 15:44:39 CST 2012" endtime="Fri Sep 21 15:44:39 CST 2012" />
            <Test name="test_replaceAll" result="pass" starttime="Fri Sep 21 15:44:39 CST 2012" endtime="Fri Sep 21 15:44:39 CST 2012" />
            <Test name="test_replaceCC" result="pass" starttime="Fri Sep 21 15:44:39 CST 2012" endtime="Fri Sep 21 15:44:39 CST 2012" />
            <Test name="test_replaceFirst" result="pass" starttime="Fri Sep 21 15:44:39 CST 2012" endtime="Fri Sep 21 15:44:39 CST 2012" />
            <Test name="test_replaceLjava_langCharSequenceLjava_langCharSequence" result="pass" starttime="Fri Sep 21 15:44:39 CST 2012" endtime="Fri Sep 21 15:44:40 CST 2012" />
            <Test name="test_splitLString" result="pass" starttime="Fri Sep 21 15:44:40 CST 2012" endtime="Fri Sep 21 15:44:40 CST 2012" />
            <Test name="test_splitLStringLint" result="pass" starttime="Fri Sep 21 15:44:40 CST 2012" endtime="Fri Sep 21 15:44:40 CST 2012" />
            <Test name="test_subSequence" result="pass" starttime="Fri Sep 21 15:44:40 CST 2012" endtime="Fri Sep 21 15:44:40 CST 2012" />
            <Test name="test_substringI" result="pass" starttime="Fri Sep 21 15:44:40 CST 2012" endtime="Fri Sep 21 15:44:40 CST 2012" />
            <Test name="test_substringII" result="pass" starttime="Fri Sep 21 15:44:40 CST 2012" endtime="Fri Sep 21 15:44:40 CST 2012" />
            <Test name="test_trim" result="pass" starttime="Fri Sep 21 15:44:40 CST 2012" endtime="Fri Sep 21 15:44:40 CST 2012" />
            <Test name="test_valueOf$C" result="pass" starttime="Fri Sep 21 15:44:40 CST 2012" endtime="Fri Sep 21 15:44:40 CST 2012" />
            <Test name="test_valueOf$CII" result="pass" starttime="Fri Sep 21 15:44:40 CST 2012" endtime="Fri Sep 21 15:44:41 CST 2012" />
            <Test name="test_valueOfLjava_lang_Object" result="pass" starttime="Fri Sep 21 15:44:41 CST 2012" endtime="Fri Sep 21 15:44:41 CST 2012" />
          </TestCase>
          <TestCase name="OldSystemTest" priority="">
            <Test name="test_arraycopyLjava_lang_ObjectILjava_lang_ObjectII" result="pass" starttime="Fri Sep 21 15:44:41 CST 2012" endtime="Fri Sep 21 15:44:41 CST 2012" />
            <Test name="test_clearProperty" result="pass" starttime="Fri Sep 21 15:44:41 CST 2012" endtime="Fri Sep 21 15:44:41 CST 2012" />
            <Test name="test_currentTimeMillis" result="pass" starttime="Fri Sep 21 15:44:41 CST 2012" endtime="Fri Sep 21 15:44:41 CST 2012" />
            <Test name="test_gc" result="pass" starttime="Fri Sep 21 15:44:41 CST 2012" endtime="Fri Sep 21 15:44:41 CST 2012" />
            <Test name="test_getProperties" result="pass" starttime="Fri Sep 21 15:44:41 CST 2012" endtime="Fri Sep 21 15:44:41 CST 2012" />
            <Test name="test_getPropertyLjava_lang_String" result="pass" starttime="Fri Sep 21 15:44:41 CST 2012" endtime="Fri Sep 21 15:44:41 CST 2012" />
            <Test name="test_getPropertyLjava_lang_StringLjava_lang_String" result="pass" starttime="Fri Sep 21 15:44:41 CST 2012" endtime="Fri Sep 21 15:44:41 CST 2012" />
            <Test name="test_getenv" result="pass" starttime="Fri Sep 21 15:44:42 CST 2012" endtime="Fri Sep 21 15:44:42 CST 2012" />
            <Test name="test_getenvLString" result="pass" starttime="Fri Sep 21 15:44:42 CST 2012" endtime="Fri Sep 21 15:44:42 CST 2012" />
            <Test name="test_inheritedChannel" result="pass" starttime="Fri Sep 21 15:44:42 CST 2012" endtime="Fri Sep 21 15:44:42 CST 2012" />
            <Test name="test_load" result="pass" starttime="Fri Sep 21 15:44:42 CST 2012" endtime="Fri Sep 21 15:44:42 CST 2012" />
            <Test name="test_loadLibrary" result="pass" starttime="Fri Sep 21 15:44:42 CST 2012" endtime="Fri Sep 21 15:44:42 CST 2012" />
            <Test name="test_mapLibraryName" result="pass" starttime="Fri Sep 21 15:44:42 CST 2012" endtime="Fri Sep 21 15:44:42 CST 2012" />
            <Test name="test_nanoTime" result="pass" starttime="Fri Sep 21 15:44:42 CST 2012" endtime="Fri Sep 21 15:44:47 CST 2012" />
          </TestCase>
          <TestCase name="OldThreadGroupTest" priority="">
            <Test name="test_activeGroupCount" result="pass" starttime="Fri Sep 21 15:44:47 CST 2012" endtime="Fri Sep 21 15:44:47 CST 2012" />
            <Test name="test_allowThreadSuspensionZ" result="pass" starttime="Fri Sep 21 15:44:47 CST 2012" endtime="Fri Sep 21 15:44:47 CST 2012" />
            <Test name="test_enumerateLThreadArray" result="pass" starttime="Fri Sep 21 15:44:47 CST 2012" endtime="Fri Sep 21 15:44:48 CST 2012" />
            <Test name="test_enumerateLThreadArrayLZtest_enumerateLThreadArrayLZ" result="pass" starttime="Fri Sep 21 15:44:48 CST 2012" endtime="Fri Sep 21 15:44:49 CST 2012" />
            <Test name="test_enumerateLThreadGroupArray" result="pass" starttime="Fri Sep 21 15:44:49 CST 2012" endtime="Fri Sep 21 15:44:49 CST 2012" />
            <Test name="test_enumerateLThreadGroupArrayLZ" result="pass" starttime="Fri Sep 21 15:44:49 CST 2012" endtime="Fri Sep 21 15:44:49 CST 2012" />
            <Test name="test_interrupt" result="pass" starttime="Fri Sep 21 15:44:49 CST 2012" endtime="Fri Sep 21 15:44:49 CST 2012" />
            <Test name="test_isDestroyed" result="pass" starttime="Fri Sep 21 15:44:49 CST 2012" endtime="Fri Sep 21 15:44:49 CST 2012" />
            <Test name="test_resume" result="pass" starttime="Fri Sep 21 15:44:49 CST 2012" endtime="Fri Sep 21 15:44:50 CST 2012" />
          </TestCase>
          <TestCase name="OldThreadStateTest" priority="">
            <Test name="test_valueOfLString" result="pass" starttime="Fri Sep 21 15:44:50 CST 2012" endtime="Fri Sep 21 15:44:50 CST 2012" />
            <Test name="test_values" result="pass" starttime="Fri Sep 21 15:44:50 CST 2012" endtime="Fri Sep 21 15:44:51 CST 2012" />
          </TestCase>
          <TestCase name="OldThreadTest" priority="">
            <Test name="test_ConstructorLjava_lang_ThreadGroupLjava_lang_RunnableLjava_lang_StringL$L" result="pass" starttime="Fri Sep 21 15:44:51 CST 2012" endtime="Fri Sep 21 15:44:51 CST 2012" />
            <Test name="test_dumpStack" result="pass" starttime="Fri Sep 21 15:44:51 CST 2012" endtime="Fri Sep 21 15:44:51 CST 2012" />
            <Test name="test_getState" result="pass" starttime="Fri Sep 21 15:44:51 CST 2012" endtime="Fri Sep 21 15:44:52 CST 2012" />
            <Test name="test_holdsLock" result="pass" starttime="Fri Sep 21 15:44:52 CST 2012" endtime="Fri Sep 21 15:44:52 CST 2012" />
            <Test name="test_joinWithSpuriousInterruption" result="pass" starttime="Fri Sep 21 15:44:52 CST 2012" endtime="Fri Sep 21 15:44:53 CST 2012" />
            <Test name="test_setContextClassLoader" result="pass" starttime="Fri Sep 21 15:44:53 CST 2012" endtime="Fri Sep 21 15:44:53 CST 2012" />
            <Test name="test_setDaemonZ" result="pass" starttime="Fri Sep 21 15:44:53 CST 2012" endtime="Fri Sep 21 15:44:54 CST 2012" />
            <Test name="test_sleepJ" result="pass" starttime="Fri Sep 21 15:44:54 CST 2012" endtime="Fri Sep 21 15:45:05 CST 2012" />
            <Test name="test_sleepJI" result="pass" starttime="Fri Sep 21 15:45:05 CST 2012" endtime="Fri Sep 21 15:45:16 CST 2012" />
            <Test name="test_start" result="pass" starttime="Fri Sep 21 15:45:16 CST 2012" endtime="Fri Sep 21 15:45:16 CST 2012" />
            <Test name="test_stop" result="pass" starttime="Fri Sep 21 15:45:16 CST 2012" endtime="Fri Sep 21 15:45:17 CST 2012" />
            <Test name="test_stopLjava_lang_Throwable_subtest0" result="pass" starttime="Fri Sep 21 15:45:18 CST 2012" endtime="Fri Sep 21 15:45:19 CST 2012" />
            <Test name="test_suspend" result="pass" starttime="Fri Sep 21 15:45:19 CST 2012" endtime="Fri Sep 21 15:45:20 CST 2012" />
            <Test name="test_yield" result="pass" starttime="Fri Sep 21 15:45:20 CST 2012" endtime="Fri Sep 21 15:45:31 CST 2012" />
          </TestCase>
          <TestCase name="OldThrowableTest" priority="">
            <Test name="test_ConstructorLStringLThrowable" result="pass" starttime="Fri Sep 21 15:45:31 CST 2012" endtime="Fri Sep 21 15:45:32 CST 2012" />
            <Test name="test_ConstructorLThrowable" result="pass" starttime="Fri Sep 21 15:45:32 CST 2012" endtime="Fri Sep 21 15:45:32 CST 2012" />
            <Test name="test_getLocalizedMessage" result="pass" starttime="Fri Sep 21 15:45:32 CST 2012" endtime="Fri Sep 21 15:45:32 CST 2012" />
            <Test name="test_getStackTrace" result="pass" starttime="Fri Sep 21 15:45:32 CST 2012" endtime="Fri Sep 21 15:45:32 CST 2012" />
            <Test name="test_initCause" result="pass" starttime="Fri Sep 21 15:45:32 CST 2012" endtime="Fri Sep 21 15:45:32 CST 2012" />
            <Test name="test_setStackTrace" result="pass" starttime="Fri Sep 21 15:45:32 CST 2012" endtime="Fri Sep 21 15:45:32 CST 2012" />
          </TestCase>
          <TestCase name="PackageTest" priority="">
            <Test name="testGetPackage" result="pass" starttime="Fri Sep 21 15:45:32 CST 2012" endtime="Fri Sep 21 15:45:32 CST 2012" />
            <Test name="test_getAnnotations" result="pass" starttime="Fri Sep 21 15:45:32 CST 2012" endtime="Fri Sep 21 15:45:33 CST 2012" />
          </TestCase>
          <TestCase name="ProcessBuilderTest" priority="">
            <Test name="testDestroyClosesEverything" result="pass" starttime="Fri Sep 21 15:45:33 CST 2012" endtime="Fri Sep 21 15:45:33 CST 2012" />
            <Test name="testDestroyDoesNotLeak" result="pass" starttime="Fri Sep 21 15:45:33 CST 2012" endtime="Fri Sep 21 15:45:33 CST 2012" />
            <Test name="testEnvironment" result="pass" starttime="Fri Sep 21 15:45:33 CST 2012" endtime="Fri Sep 21 15:45:33 CST 2012" />
            <Test name="testEnvironmentMapForbidsNulls" result="pass" starttime="Fri Sep 21 15:45:33 CST 2012" endtime="Fri Sep 21 15:45:33 CST 2012" />
            <Test name="test_redirectErrorStream_false" result="pass" starttime="Fri Sep 21 15:45:33 CST 2012" endtime="Fri Sep 21 15:45:33 CST 2012" />
            <Test name="test_redirectErrorStream_true" result="pass" starttime="Fri Sep 21 15:45:33 CST 2012" endtime="Fri Sep 21 15:45:33 CST 2012" />
          </TestCase>
          <TestCase name="ShortTest" priority="">
            <Test name="test_compare" result="pass" starttime="Fri Sep 21 15:45:33 CST 2012" endtime="Fri Sep 21 15:45:34 CST 2012" />
          </TestCase>
          <TestCase name="StringIndexOutOfBoundsExceptionTest" priority="">
            <Test name="testCharAt" result="pass" starttime="Fri Sep 21 15:45:34 CST 2012" endtime="Fri Sep 21 15:45:34 CST 2012" />
            <Test name="testSubstring" result="pass" starttime="Fri Sep 21 15:45:34 CST 2012" endtime="Fri Sep 21 15:45:34 CST 2012" />
          </TestCase>
          <TestCase name="StringTest" priority="">
            <Test name="testCaseMapping_tr_TR" result="pass" starttime="Fri Sep 21 15:45:34 CST 2012" endtime="Fri Sep 21 15:45:34 CST 2012" />
            <Test name="testGetBytes_MaliciousCharset" result="pass" starttime="Fri Sep 21 15:45:34 CST 2012" endtime="Fri Sep 21 15:45:34 CST 2012" />
            <Test name="testInternBeforeLiteralIsLoaded" result="pass" starttime="Fri Sep 21 15:45:34 CST 2012" endtime="Fri Sep 21 15:45:34 CST 2012" />
            <Test name="testIsEmpty" result="pass" starttime="Fri Sep 21 15:45:34 CST 2012" endtime="Fri Sep 21 15:45:34 CST 2012" />
            <Test name="testRegionMatches_ignoreCase_en_US" result="pass" starttime="Fri Sep 21 15:45:34 CST 2012" endtime="Fri Sep 21 15:45:35 CST 2012" />
            <Test name="testRegionMatches_ignoreCase_tr_TR" result="pass" starttime="Fri Sep 21 15:45:35 CST 2012" endtime="Fri Sep 21 15:45:35 CST 2012" />
            <Test name="testStringCopiesAvoidHeapRetention" result="pass" starttime="Fri Sep 21 15:45:35 CST 2012" endtime="Fri Sep 21 15:45:35 CST 2012" />
            <Test name="testStringFromCharset" result="pass" starttime="Fri Sep 21 15:45:35 CST 2012" endtime="Fri Sep 21 15:45:35 CST 2012" />
            <Test name="testStringFromCharset_MaliciousCharset" result="pass" starttime="Fri Sep 21 15:45:35 CST 2012" endtime="Fri Sep 21 15:45:35 CST 2012" />
            <Test name="testSubstringSharesBackingArray" result="pass" starttime="Fri Sep 21 15:45:35 CST 2012" endtime="Fri Sep 21 15:45:35 CST 2012" />
            <Test name="test_getBytes_UTF_8" result="pass" starttime="Fri Sep 21 15:45:35 CST 2012" endtime="Fri Sep 21 15:45:35 CST 2012" />
            <Test name="test_getBytes_bad" result="pass" starttime="Fri Sep 21 15:45:35 CST 2012" endtime="Fri Sep 21 15:45:35 CST 2012" />
            <Test name="test_new_String_bad" result="pass" starttime="Fri Sep 21 15:45:35 CST 2012" endtime="Fri Sep 21 15:45:36 CST 2012" />
            <Test name="test_replaceAll" result="pass" starttime="Fri Sep 21 15:45:36 CST 2012" endtime="Fri Sep 21 15:45:36 CST 2012" />
          </TestCase>
          <TestCase name="SystemTest" priority="">
            <Test name="testArrayCopyArrayTypeMismatch" result="pass" starttime="Fri Sep 21 15:45:36 CST 2012" endtime="Fri Sep 21 15:45:36 CST 2012" />
            <Test name="testArrayCopyElementTypeMismatch" result="pass" starttime="Fri Sep 21 15:45:36 CST 2012" endtime="Fri Sep 21 15:45:36 CST 2012" />
            <Test name="testArrayCopyNull" result="pass" starttime="Fri Sep 21 15:45:36 CST 2012" endtime="Fri Sep 21 15:45:36 CST 2012" />
            <Test name="testArrayCopySourceNotArray" result="pass" starttime="Fri Sep 21 15:45:36 CST 2012" endtime="Fri Sep 21 15:45:36 CST 2012" />
            <Test name="testArrayCopyTargetNotArray" result="pass" starttime="Fri Sep 21 15:45:36 CST 2012" endtime="Fri Sep 21 15:45:36 CST 2012" />
            <Test name="testLineSeparator" result="pass" starttime="Fri Sep 21 15:45:36 CST 2012" endtime="Fri Sep 21 15:45:36 CST 2012" />
          </TestCase>
          <TestCase name="ThreadTest" priority="">
            <Test name="testGetAllStackTracesIncludesAllGroups" result="pass" starttime="Fri Sep 21 15:45:36 CST 2012" endtime="Fri Sep 21 15:45:37 CST 2012" />
            <Test name="testGetStackTrace" result="pass" starttime="Fri Sep 21 15:45:37 CST 2012" endtime="Fri Sep 21 15:45:38 CST 2012" />
            <Test name="testJavaContextClassLoader" result="pass" starttime="Fri Sep 21 15:45:38 CST 2012" endtime="Fri Sep 21 15:45:38 CST 2012" />
            <Test name="testLeakingStartedThreads" result="pass" starttime="Fri Sep 21 15:45:38 CST 2012" endtime="Fri Sep 21 15:45:38 CST 2012" />
            <Test name="testLeakingUnstartedThreads" result="pass" starttime="Fri Sep 21 15:45:38 CST 2012" endtime="Fri Sep 21 15:45:38 CST 2012" />
          </TestCase>
          <TestCase name="ThrowableTest" priority="">
            <Test name="testAddDuplicateSuppressed" result="pass" starttime="Fri Sep 21 15:45:38 CST 2012" endtime="Fri Sep 21 15:45:39 CST 2012" />
            <Test name="testAddSuppressed" result="pass" starttime="Fri Sep 21 15:45:39 CST 2012" endtime="Fri Sep 21 15:45:39 CST 2012" />
            <Test name="testAddSuppressedNull" result="pass" starttime="Fri Sep 21 15:45:39 CST 2012" endtime="Fri Sep 21 15:45:39 CST 2012" />
            <Test name="testAddSuppressedSelf" result="pass" starttime="Fri Sep 21 15:45:39 CST 2012" endtime="Fri Sep 21 15:45:39 CST 2012" />
            <Test name="testAddSuppressedWithSuppressionDisabled" result="pass" starttime="Fri Sep 21 15:45:39 CST 2012" endtime="Fri Sep 21 15:45:39 CST 2012" />
            <Test name="testCauseSerialization" result="pass" starttime="Fri Sep 21 15:45:39 CST 2012" endtime="Fri Sep 21 15:45:39 CST 2012" />
            <Test name="testDisableSuppressionSerialization" result="pass" starttime="Fri Sep 21 15:45:39 CST 2012" endtime="Fri Sep 21 15:45:39 CST 2012" />
            <Test name="testEnableSuppressionSerialization" result="pass" starttime="Fri Sep 21 15:45:39 CST 2012" endtime="Fri Sep 21 15:45:39 CST 2012" />
            <Test name="testGetSuppressedReturnsCopy" result="pass" starttime="Fri Sep 21 15:45:39 CST 2012" endtime="Fri Sep 21 15:45:39 CST 2012" />
            <Test name="testNullStackTrace" result="pass" starttime="Fri Sep 21 15:45:39 CST 2012" endtime="Fri Sep 21 15:45:39 CST 2012" />
            <Test name="testPrintStackTraceWithCause" result="pass" starttime="Fri Sep 21 15:45:39 CST 2012" endtime="Fri Sep 21 15:45:40 CST 2012" />
            <Test name="testPrintStackTraceWithCauseAndSuppressed" result="pass" starttime="Fri Sep 21 15:45:40 CST 2012" endtime="Fri Sep 21 15:45:40 CST 2012" />
            <Test name="testPrintStackTraceWithEverything" result="pass" starttime="Fri Sep 21 15:45:40 CST 2012" endtime="Fri Sep 21 15:45:40 CST 2012" />
            <Test name="testSetStackTraceWithNullElement" result="pass" starttime="Fri Sep 21 15:45:40 CST 2012" endtime="Fri Sep 21 15:45:40 CST 2012" />
            <Test name="testSuppressedSerialization" result="pass" starttime="Fri Sep 21 15:45:40 CST 2012" endtime="Fri Sep 21 15:45:40 CST 2012" />
          </TestCase>
        </TestSuite>
        <TestSuite name="math">
          <TestCase name="BigDecimalTest" priority="">
            <Test name="testGetPrecision" result="pass" starttime="Fri Sep 21 15:46:18 CST 2012" endtime="Fri Sep 21 15:46:18 CST 2012" />
            <Test name="testRound" result="pass" starttime="Fri Sep 21 15:46:18 CST 2012" endtime="Fri Sep 21 15:46:18 CST 2012" />
          </TestCase>
          <TestCase name="BigIntegerTest" priority="">
            <Test name="test_hashCode" result="pass" starttime="Fri Sep 21 15:46:18 CST 2012" endtime="Fri Sep 21 15:46:18 CST 2012" />
            <Test name="test_invalidBigIntegerStringConversions" result="pass" starttime="Fri Sep 21 15:46:18 CST 2012" endtime="Fri Sep 21 15:46:18 CST 2012" />
            <Test name="test_valueOf" result="pass" starttime="Fri Sep 21 15:46:18 CST 2012" endtime="Fri Sep 21 15:46:18 CST 2012" />
          </TestCase>
          <TestCase name="MathContextTest" priority="">
            <Test name="testConstructor" result="pass" starttime="Fri Sep 21 15:46:18 CST 2012" endtime="Fri Sep 21 15:46:19 CST 2012" />
          </TestCase>
          <TestCase name="OldBigDecimalArithmeticTest" priority="">
            <Test name="testAddMathContextNonTrivial" result="pass" starttime="Fri Sep 21 15:46:19 CST 2012" endtime="Fri Sep 21 15:46:19 CST 2012" />
            <Test name="testDivideAndRemainderByZero" result="pass" starttime="Fri Sep 21 15:46:19 CST 2012" endtime="Fri Sep 21 15:46:19 CST 2012" />
            <Test name="testDivideAndRemainderMathContextNonTrivial" result="pass" starttime="Fri Sep 21 15:46:19 CST 2012" endtime="Fri Sep 21 15:46:19 CST 2012" />
            <Test name="testDivideIINonTrivial" result="pass" starttime="Fri Sep 21 15:46:19 CST 2012" endtime="Fri Sep 21 15:46:19 CST 2012" />
            <Test name="testDivideINonTrivial" result="pass" starttime="Fri Sep 21 15:46:19 CST 2012" endtime="Fri Sep 21 15:46:19 CST 2012" />
            <Test name="testDivideMathContextNonTrivial" result="pass" starttime="Fri Sep 21 15:46:19 CST 2012" endtime="Fri Sep 21 15:46:19 CST 2012" />
            <Test name="testDivideScaleRoundingModeNonTrivial" result="pass" starttime="Fri Sep 21 15:46:19 CST 2012" endtime="Fri Sep 21 15:46:19 CST 2012" />
            <Test name="testDivideToIntegralValueByZero" result="pass" starttime="Fri Sep 21 15:46:19 CST 2012" endtime="Fri Sep 21 15:46:19 CST 2012" />
            <Test name="testDivideToIntegralValueMathContextNonTrivial" result="pass" starttime="Fri Sep 21 15:46:19 CST 2012" endtime="Fri Sep 21 15:46:20 CST 2012" />
            <Test name="testMultiplyMathContextNonTrivial" result="pass" starttime="Fri Sep 21 15:46:20 CST 2012" endtime="Fri Sep 21 15:46:20 CST 2012" />
            <Test name="testPowMathContext" result="pass" starttime="Fri Sep 21 15:46:20 CST 2012" endtime="Fri Sep 21 15:46:20 CST 2012" />
            <Test name="testPowMathContextNonTrivial" result="pass" starttime="Fri Sep 21 15:46:20 CST 2012" endtime="Fri Sep 21 15:46:20 CST 2012" />
            <Test name="testPowNonTrivial" result="pass" starttime="Fri Sep 21 15:46:20 CST 2012" endtime="Fri Sep 21 15:46:20 CST 2012" />
            <Test name="testRemainderByZero" result="pass" starttime="Fri Sep 21 15:46:20 CST 2012" endtime="Fri Sep 21 15:46:20 CST 2012" />
            <Test name="testRemainderMathContextNonTrivial" result="pass" starttime="Fri Sep 21 15:46:20 CST 2012" endtime="Fri Sep 21 15:46:20 CST 2012" />
            <Test name="testRoundNonTrivial" result="pass" starttime="Fri Sep 21 15:46:20 CST 2012" endtime="Fri Sep 21 15:46:20 CST 2012" />
            <Test name="testSubtractMathContextNonTrivial" result="pass" starttime="Fri Sep 21 15:46:20 CST 2012" endtime="Fri Sep 21 15:46:20 CST 2012" />
            <Test name="test_DivideBigDecimalRoundingExc" result="pass" starttime="Fri Sep 21 15:46:20 CST 2012" endtime="Fri Sep 21 15:46:20 CST 2012" />
            <Test name="test_DivideBigDecimalRoundingModeCEILING" result="pass" starttime="Fri Sep 21 15:46:20 CST 2012" endtime="Fri Sep 21 15:46:21 CST 2012" />
            <Test name="test_DivideBigDecimalRoundingModeDOWN" result="pass" starttime="Fri Sep 21 15:46:21 CST 2012" endtime="Fri Sep 21 15:46:21 CST 2012" />
            <Test name="test_DivideBigDecimalRoundingModeFLOOR" result="pass" starttime="Fri Sep 21 15:46:21 CST 2012" endtime="Fri Sep 21 15:46:21 CST 2012" />
            <Test name="test_DivideBigDecimalRoundingModeHALF_DOWN" result="pass" starttime="Fri Sep 21 15:46:21 CST 2012" endtime="Fri Sep 21 15:46:21 CST 2012" />
            <Test name="test_DivideBigDecimalRoundingModeHALF_EVEN" result="pass" starttime="Fri Sep 21 15:46:21 CST 2012" endtime="Fri Sep 21 15:46:21 CST 2012" />
            <Test name="test_DivideBigDecimalRoundingModeHALF_UP" result="pass" starttime="Fri Sep 21 15:46:21 CST 2012" endtime="Fri Sep 21 15:46:21 CST 2012" />
            <Test name="test_DivideBigDecimalRoundingModeUP" result="pass" starttime="Fri Sep 21 15:46:21 CST 2012" endtime="Fri Sep 21 15:46:21 CST 2012" />
            <Test name="test_addBigDecimal" result="pass" starttime="Fri Sep 21 15:46:21 CST 2012" endtime="Fri Sep 21 15:46:21 CST 2012" />
          </TestCase>
          <TestCase name="OldBigDecimalCompareTest" priority="">
            <Test name="testAbsMathContextNeg" result="pass" starttime="Fri Sep 21 15:46:21 CST 2012" endtime="Fri Sep 21 15:46:21 CST 2012" />
            <Test name="testNegateMathContextPositive" result="pass" starttime="Fri Sep 21 15:46:21 CST 2012" endtime="Fri Sep 21 15:46:22 CST 2012" />
          </TestCase>
          <TestCase name="OldBigDecimalConstructorsTest" priority="">
            <Test name="testConstrBigIntegerMathContext" result="pass" starttime="Fri Sep 21 15:46:22 CST 2012" endtime="Fri Sep 21 15:46:22 CST 2012" />
            <Test name="testConstrBigIntegerScaleMathContext" result="pass" starttime="Fri Sep 21 15:46:22 CST 2012" endtime="Fri Sep 21 15:46:22 CST 2012" />
            <Test name="testConstrBigIntegerScaleMathContext_AndroidFailure" result="pass" starttime="Fri Sep 21 15:46:22 CST 2012" endtime="Fri Sep 21 15:46:22 CST 2012" />
            <Test name="testConstrCharIntIntMathContext" result="pass" starttime="Fri Sep 21 15:46:22 CST 2012" endtime="Fri Sep 21 15:46:22 CST 2012" />
            <Test name="testConstrCharIntIntMathContextException1" result="pass" starttime="Fri Sep 21 15:46:22 CST 2012" endtime="Fri Sep 21 15:46:22 CST 2012" />
            <Test name="testConstrCharMathContext" result="pass" starttime="Fri Sep 21 15:46:22 CST 2012" endtime="Fri Sep 21 15:46:22 CST 2012" />
            <Test name="testConstrDoubleMathContext" result="pass" starttime="Fri Sep 21 15:46:22 CST 2012" endtime="Fri Sep 21 15:46:22 CST 2012" />
            <Test name="testConstrDoubleMathContext_AndroidFailure" result="pass" starttime="Fri Sep 21 15:46:22 CST 2012" endtime="Fri Sep 21 15:46:22 CST 2012" />
            <Test name="testConstrLongMathContext" result="pass" starttime="Fri Sep 21 15:46:22 CST 2012" endtime="Fri Sep 21 15:46:23 CST 2012" />
            <Test name="testConstrStringException" result="pass" starttime="Fri Sep 21 15:46:23 CST 2012" endtime="Fri Sep 21 15:46:23 CST 2012" />
            <Test name="testConstrStringMathContext" result="pass" starttime="Fri Sep 21 15:46:23 CST 2012" endtime="Fri Sep 21 15:46:23 CST 2012" />
            <Test name="test_Constructor_Double" result="pass" starttime="Fri Sep 21 15:46:23 CST 2012" endtime="Fri Sep 21 15:46:23 CST 2012" />
            <Test name="test_Constructor_java_lang_String" result="pass" starttime="Fri Sep 21 15:46:23 CST 2012" endtime="Fri Sep 21 15:46:23 CST 2012" />
            <Test name="test_Constructor_java_math_BigInteger_int" result="pass" starttime="Fri Sep 21 15:46:23 CST 2012" endtime="Fri Sep 21 15:46:23 CST 2012" />
          </TestCase>
          <TestCase name="OldBigDecimalConvertTest" priority="">
            <Test name="test_ByteValueCharZero" result="pass" starttime="Fri Sep 21 15:46:23 CST 2012" endtime="Fri Sep 21 15:46:23 CST 2012" />
            <Test name="test_ByteValueDouble" result="pass" starttime="Fri Sep 21 15:46:23 CST 2012" endtime="Fri Sep 21 15:46:23 CST 2012" />
            <Test name="test_ByteValueDoubleMax" result="pass" starttime="Fri Sep 21 15:46:23 CST 2012" endtime="Fri Sep 21 15:46:23 CST 2012" />
            <Test name="test_ByteValueDoubleMin" result="pass" starttime="Fri Sep 21 15:46:23 CST 2012" endtime="Fri Sep 21 15:46:23 CST 2012" />
            <Test name="test_ByteValueExactCharZero" result="pass" starttime="Fri Sep 21 15:46:23 CST 2012" endtime="Fri Sep 21 15:46:24 CST 2012" />
            <Test name="test_ByteValueExactDouble" result="pass" starttime="Fri Sep 21 15:46:24 CST 2012" endtime="Fri Sep 21 15:46:24 CST 2012" />
            <Test name="test_ByteValueExactDoubleMax" result="pass" starttime="Fri Sep 21 15:46:24 CST 2012" endtime="Fri Sep 21 15:46:24 CST 2012" />
            <Test name="test_ByteValueExactDoubleMin" result="pass" starttime="Fri Sep 21 15:46:24 CST 2012" endtime="Fri Sep 21 15:46:24 CST 2012" />
            <Test name="test_ByteValueExactFloatNeg" result="pass" starttime="Fri Sep 21 15:46:24 CST 2012" endtime="Fri Sep 21 15:46:24 CST 2012" />
            <Test name="test_ByteValueExactFloatPos" result="pass" starttime="Fri Sep 21 15:46:24 CST 2012" endtime="Fri Sep 21 15:46:24 CST 2012" />
            <Test name="test_ByteValueExactIntMax" result="pass" starttime="Fri Sep 21 15:46:24 CST 2012" endtime="Fri Sep 21 15:46:24 CST 2012" />
            <Test name="test_ByteValueExactLongMin" result="pass" starttime="Fri Sep 21 15:46:24 CST 2012" endtime="Fri Sep 21 15:46:24 CST 2012" />
            <Test name="test_ByteValueExactNeg" result="pass" starttime="Fri Sep 21 15:46:24 CST 2012" endtime="Fri Sep 21 15:46:25 CST 2012" />
            <Test name="test_ByteValueExactPos" result="pass" starttime="Fri Sep 21 15:46:25 CST 2012" endtime="Fri Sep 21 15:46:25 CST 2012" />
            <Test name="test_ByteValueExactStringZero" result="pass" starttime="Fri Sep 21 15:46:25 CST 2012" endtime="Fri Sep 21 15:46:25 CST 2012" />
            <Test name="test_ByteValueFloatNeg" result="pass" starttime="Fri Sep 21 15:46:25 CST 2012" endtime="Fri Sep 21 15:46:25 CST 2012" />
            <Test name="test_ByteValueIntMax" result="pass" starttime="Fri Sep 21 15:46:25 CST 2012" endtime="Fri Sep 21 15:46:25 CST 2012" />
            <Test name="test_ByteValueIntMin" result="pass" starttime="Fri Sep 21 15:46:25 CST 2012" endtime="Fri Sep 21 15:46:25 CST 2012" />
            <Test name="test_ByteValueLongMin" result="pass" starttime="Fri Sep 21 15:46:25 CST 2012" endtime="Fri Sep 21 15:46:25 CST 2012" />
            <Test name="test_ByteValueNeg" result="pass" starttime="Fri Sep 21 15:46:25 CST 2012" endtime="Fri Sep 21 15:46:25 CST 2012" />
            <Test name="test_ByteValuePos" result="pass" starttime="Fri Sep 21 15:46:25 CST 2012" endtime="Fri Sep 21 15:46:26 CST 2012" />
            <Test name="test_ByteValueStringZero" result="pass" starttime="Fri Sep 21 15:46:26 CST 2012" endtime="Fri Sep 21 15:46:26 CST 2012" />
            <Test name="test_IntValueExactFloatNeg" result="pass" starttime="Fri Sep 21 15:46:26 CST 2012" endtime="Fri Sep 21 15:46:26 CST 2012" />
            <Test name="test_IntValueExactFloatPos" result="pass" starttime="Fri Sep 21 15:46:26 CST 2012" endtime="Fri Sep 21 15:46:26 CST 2012" />
            <Test name="test_IntValueExactLongNeg" result="pass" starttime="Fri Sep 21 15:46:26 CST 2012" endtime="Fri Sep 21 15:46:26 CST 2012" />
            <Test name="test_IntValueExactLongPos" result="pass" starttime="Fri Sep 21 15:46:26 CST 2012" endtime="Fri Sep 21 15:46:26 CST 2012" />
            <Test name="test_IntValueExactNeg" result="pass" starttime="Fri Sep 21 15:46:26 CST 2012" endtime="Fri Sep 21 15:46:26 CST 2012" />
            <Test name="test_IntValueExactPos" result="pass" starttime="Fri Sep 21 15:46:26 CST 2012" endtime="Fri Sep 21 15:46:26 CST 2012" />
            <Test name="test_LongValueExactFloatNeg" result="pass" starttime="Fri Sep 21 15:46:26 CST 2012" endtime="Fri Sep 21 15:46:26 CST 2012" />
            <Test name="test_LongValueExactFloatPos" result="pass" starttime="Fri Sep 21 15:46:26 CST 2012" endtime="Fri Sep 21 15:46:27 CST 2012" />
            <Test name="test_LongValueExactNeg" result="pass" starttime="Fri Sep 21 15:46:27 CST 2012" endtime="Fri Sep 21 15:46:27 CST 2012" />
            <Test name="test_LongValueExactPos" result="pass" starttime="Fri Sep 21 15:46:27 CST 2012" endtime="Fri Sep 21 15:46:27 CST 2012" />
            <Test name="test_ShortValueExactFloatNeg" result="pass" starttime="Fri Sep 21 15:46:27 CST 2012" endtime="Fri Sep 21 15:46:27 CST 2012" />
            <Test name="test_ShortValueExactFloatPos" result="pass" starttime="Fri Sep 21 15:46:27 CST 2012" endtime="Fri Sep 21 15:46:27 CST 2012" />
            <Test name="test_ShortValueExactLongNeg" result="pass" starttime="Fri Sep 21 15:46:27 CST 2012" endtime="Fri Sep 21 15:46:27 CST 2012" />
            <Test name="test_ShortValueExactLongPos" result="pass" starttime="Fri Sep 21 15:46:27 CST 2012" endtime="Fri Sep 21 15:46:27 CST 2012" />
            <Test name="test_ShortValueExactNeg" result="pass" starttime="Fri Sep 21 15:46:27 CST 2012" endtime="Fri Sep 21 15:46:27 CST 2012" />
            <Test name="test_ShortValueExactPos" result="pass" starttime="Fri Sep 21 15:46:27 CST 2012" endtime="Fri Sep 21 15:46:28 CST 2012" />
            <Test name="test_ShortValueNeg" result="pass" starttime="Fri Sep 21 15:46:28 CST 2012" endtime="Fri Sep 21 15:46:28 CST 2012" />
            <Test name="test_ShortValuePos" result="pass" starttime="Fri Sep 21 15:46:28 CST 2012" endtime="Fri Sep 21 15:46:28 CST 2012" />
            <Test name="test_stripTrailingZeros" result="pass" starttime="Fri Sep 21 15:46:28 CST 2012" endtime="Fri Sep 21 15:46:28 CST 2012" />
            <Test name="test_stripTrailingZerosZeros" result="pass" starttime="Fri Sep 21 15:46:28 CST 2012" endtime="Fri Sep 21 15:46:28 CST 2012" />
          </TestCase>
          <TestCase name="OldBigDecimalScaleOperationsTest" priority="">
            <Test name="testMovePointRightEx" result="pass" starttime="Fri Sep 21 15:46:28 CST 2012" endtime="Fri Sep 21 15:46:28 CST 2012" />
            <Test name="testMovePointRightEx2" result="pass" starttime="Fri Sep 21 15:46:28 CST 2012" endtime="Fri Sep 21 15:46:28 CST 2012" />
            <Test name="testScaleByPowerOfTenEx" result="pass" starttime="Fri Sep 21 15:46:28 CST 2012" endtime="Fri Sep 21 15:46:28 CST 2012" />
            <Test name="testSetScale" result="pass" starttime="Fri Sep 21 15:46:28 CST 2012" endtime="Fri Sep 21 15:46:29 CST 2012" />
          </TestCase>
          <TestCase name="OldBigDecimalTest" priority="">
            <Test name="test_ConstructorD" result="pass" starttime="Fri Sep 21 15:46:29 CST 2012" endtime="Fri Sep 21 15:46:29 CST 2012" />
            <Test name="test_constructor_String_plus_exp" result="pass" starttime="Fri Sep 21 15:46:29 CST 2012" endtime="Fri Sep 21 15:46:29 CST 2012" />
            <Test name="test_setScaleILjava_math_RoundingMode" result="pass" starttime="Fri Sep 21 15:46:29 CST 2012" endtime="Fri Sep 21 15:46:29 CST 2012" />
          </TestCase>
          <TestCase name="OldBigIntegerConstructorsTest" priority="">
            <Test name="test_ConstrString1" result="pass" starttime="Fri Sep 21 15:46:29 CST 2012" endtime="Fri Sep 21 15:46:29 CST 2012" />
            <Test name="test_ConstrString2" result="pass" starttime="Fri Sep 21 15:46:29 CST 2012" endtime="Fri Sep 21 15:46:29 CST 2012" />
            <Test name="test_ConstrString3" result="pass" starttime="Fri Sep 21 15:46:29 CST 2012" endtime="Fri Sep 21 15:46:29 CST 2012" />
            <Test name="test_ConstrStringExc1" result="pass" starttime="Fri Sep 21 15:46:29 CST 2012" endtime="Fri Sep 21 15:46:29 CST 2012" />
            <Test name="test_ConstrStringExc2" result="pass" starttime="Fri Sep 21 15:46:29 CST 2012" endtime="Fri Sep 21 15:46:30 CST 2012" />
            <Test name="test_ConstrStringExc3" result="pass" starttime="Fri Sep 21 15:46:30 CST 2012" endtime="Fri Sep 21 15:46:30 CST 2012" />
            <Test name="test_ConstrStringExc4" result="pass" starttime="Fri Sep 21 15:46:30 CST 2012" endtime="Fri Sep 21 15:46:30 CST 2012" />
          </TestCase>
          <TestCase name="OldBigIntegerDivideTest" priority="">
            <Test name="testCase21byZero" result="pass" starttime="Fri Sep 21 15:46:30 CST 2012" endtime="Fri Sep 21 15:46:30 CST 2012" />
          </TestCase>
          <TestCase name="OldBigIntegerOperateBitsTest" priority="">
            <Test name="test_getLowestSetBitNeg" result="pass" starttime="Fri Sep 21 15:46:30 CST 2012" endtime="Fri Sep 21 15:46:30 CST 2012" />
            <Test name="test_getLowestSetBitPos" result="pass" starttime="Fri Sep 21 15:46:30 CST 2012" endtime="Fri Sep 21 15:46:30 CST 2012" />
            <Test name="test_getLowestSetBitZero" result="pass" starttime="Fri Sep 21 15:46:30 CST 2012" endtime="Fri Sep 21 15:46:30 CST 2012" />
          </TestCase>
          <TestCase name="OldBigIntegerToStringTest" priority="">
            <Test name="test_toString" result="pass" starttime="Fri Sep 21 15:46:30 CST 2012" endtime="Fri Sep 21 15:46:30 CST 2012" />
            <Test name="test_toString1" result="pass" starttime="Fri Sep 21 15:46:30 CST 2012" endtime="Fri Sep 21 15:46:31 CST 2012" />
            <Test name="test_toString2" result="pass" starttime="Fri Sep 21 15:46:31 CST 2012" endtime="Fri Sep 21 15:46:31 CST 2012" />
            <Test name="test_toString3" result="pass" starttime="Fri Sep 21 15:46:31 CST 2012" endtime="Fri Sep 21 15:46:31 CST 2012" />
            <Test name="test_toString4" result="pass" starttime="Fri Sep 21 15:46:31 CST 2012" endtime="Fri Sep 21 15:46:31 CST 2012" />
            <Test name="test_toString5" result="pass" starttime="Fri Sep 21 15:46:31 CST 2012" endtime="Fri Sep 21 15:46:31 CST 2012" />
          </TestCase>
        </TestSuite>
        <TestSuite name="net">
          <TestCase name="CookiesTest" priority="">
            <Test name="testCookieStoreAddAcceptsConflictingUri" result="pass" starttime="Fri Sep 21 15:46:45 CST 2012" endtime="Fri Sep 21 15:46:46 CST 2012" />
            <Test name="testCookieStoreNullUris" result="pass" starttime="Fri Sep 21 15:46:46 CST 2012" endtime="Fri Sep 21 15:46:46 CST 2012" />
            <Test name="testCookieStoreRemoveAll" result="pass" starttime="Fri Sep 21 15:46:46 CST 2012" endtime="Fri Sep 21 15:46:46 CST 2012" />
            <Test name="testCookieStoreRemoveRequiresUri" result="pass" starttime="Fri Sep 21 15:46:46 CST 2012" endtime="Fri Sep 21 15:46:46 CST 2012" />
            <Test name="testCookieStoreUriDropsFragment" result="pass" starttime="Fri Sep 21 15:46:46 CST 2012" endtime="Fri Sep 21 15:46:46 CST 2012" />
            <Test name="testCookieStoreUriDropsPath" result="pass" starttime="Fri Sep 21 15:46:46 CST 2012" endtime="Fri Sep 21 15:46:46 CST 2012" />
            <Test name="testCookieStoreUriDropsPort" result="pass" starttime="Fri Sep 21 15:46:46 CST 2012" endtime="Fri Sep 21 15:46:46 CST 2012" />
            <Test name="testCookieStoreUriDropsQuery" result="pass" starttime="Fri Sep 21 15:46:46 CST 2012" endtime="Fri Sep 21 15:46:46 CST 2012" />
            <Test name="testCookieStoreUriDropsUserInfo" result="pass" starttime="Fri Sep 21 15:46:46 CST 2012" endtime="Fri Sep 21 15:46:46 CST 2012" />
            <Test name="testCookieStoreUriKeepsHost" result="pass" starttime="Fri Sep 21 15:46:46 CST 2012" endtime="Fri Sep 21 15:46:47 CST 2012" />
            <Test name="testCookieStoreUriUsesHttpSchemeAlways" result="pass" starttime="Fri Sep 21 15:46:47 CST 2012" endtime="Fri Sep 21 15:46:47 CST 2012" />
            <Test name="testCookiesSentIgnoresCase" result="pass" starttime="Fri Sep 21 15:46:47 CST 2012" endtime="Fri Sep 21 15:46:47 CST 2012" />
            <Test name="testDomainDefaulting" result="pass" starttime="Fri Sep 21 15:46:47 CST 2012" endtime="Fri Sep 21 15:46:47 CST 2012" />
            <Test name="testDomainMatchesCaseMapping" result="pass" starttime="Fri Sep 21 15:46:47 CST 2012" endtime="Fri Sep 21 15:46:47 CST 2012" />
            <Test name="testDomainMatchesCaseMappingExoticLocale" result="pass" starttime="Fri Sep 21 15:46:47 CST 2012" endtime="Fri Sep 21 15:46:47 CST 2012" />
            <Test name="testDomainMatchesOnIpAddress" result="pass" starttime="Fri Sep 21 15:46:47 CST 2012" endtime="Fri Sep 21 15:46:47 CST 2012" />
            <Test name="testDomainMatchesOnLocalAddresses" result="pass" starttime="Fri Sep 21 15:46:47 CST 2012" endtime="Fri Sep 21 15:46:47 CST 2012" />
            <Test name="testDomainNotAutomaticallyPrefixedWithDot" result="pass" starttime="Fri Sep 21 15:46:47 CST 2012" endtime="Fri Sep 21 15:46:47 CST 2012" />
            <Test name="testHeadersSentToCookieHandler" result="pass" starttime="Fri Sep 21 15:46:47 CST 2012" endtime="Fri Sep 21 15:46:48 CST 2012" />
            <Test name="testMatchingDomainsAccepted" result="pass" starttime="Fri Sep 21 15:46:48 CST 2012" endtime="Fri Sep 21 15:46:48 CST 2012" />
            <Test name="testMatchingPathsAccepted" result="pass" starttime="Fri Sep 21 15:46:48 CST 2012" endtime="Fri Sep 21 15:46:48 CST 2012" />
            <Test name="testNetscapeResponse" result="pass" starttime="Fri Sep 21 15:46:48 CST 2012" endtime="Fri Sep 21 15:46:48 CST 2012" />
            <Test name="testNoCookieHeaderSentIfNoCookiesMatch" result="pass" starttime="Fri Sep 21 15:46:48 CST 2012" endtime="Fri Sep 21 15:46:48 CST 2012" />
            <Test name="testNonMatchingDomainsRejected" result="pass" starttime="Fri Sep 21 15:46:48 CST 2012" endtime="Fri Sep 21 15:46:48 CST 2012" />
            <Test name="testNonMatchingPathsRejected" result="pass" starttime="Fri Sep 21 15:46:48 CST 2012" endtime="Fri Sep 21 15:46:48 CST 2012" />
            <Test name="testPathDefaulting" result="pass" starttime="Fri Sep 21 15:46:48 CST 2012" endtime="Fri Sep 21 15:46:48 CST 2012" />
            <Test name="testQuotedAttributeValues" result="pass" starttime="Fri Sep 21 15:46:48 CST 2012" endtime="Fri Sep 21 15:46:48 CST 2012" />
            <Test name="testRedirectsDoNotIncludeTooManyCookies" result="pass" starttime="Fri Sep 21 15:46:48 CST 2012" endtime="Fri Sep 21 15:46:48 CST 2012" />
            <Test name="testResponseWithMultipleCookieHeaderLines" result="pass" starttime="Fri Sep 21 15:46:48 CST 2012" endtime="Fri Sep 21 15:46:49 CST 2012" />
            <Test name="testRfc2109Response" result="pass" starttime="Fri Sep 21 15:46:49 CST 2012" endtime="Fri Sep 21 15:46:49 CST 2012" />
            <Test name="testRfc2965Response" result="pass" starttime="Fri Sep 21 15:46:49 CST 2012" endtime="Fri Sep 21 15:46:49 CST 2012" />
            <Test name="testSendingCookiesFromStore" result="pass" starttime="Fri Sep 21 15:46:49 CST 2012" endtime="Fri Sep 21 15:46:49 CST 2012" />
          </TestCase>
          <TestCase name="IDNTest" priority="">
            <Test name="test_toUnicode_failures" result="pass" starttime="Fri Sep 21 15:46:49 CST 2012" endtime="Fri Sep 21 15:46:49 CST 2012" />
          </TestCase>
          <TestCase name="InetAddressTest" priority="">
            <Test name="test_equals" result="pass" starttime="Fri Sep 21 15:46:49 CST 2012" endtime="Fri Sep 21 15:46:49 CST 2012" />
            <Test name="test_getByName" result="pass" starttime="Fri Sep 21 15:46:49 CST 2012" endtime="Fri Sep 21 15:46:56 CST 2012" />
            <Test name="test_getHostAddress" result="pass" starttime="Fri Sep 21 15:46:56 CST 2012" endtime="Fri Sep 21 15:46:56 CST 2012" />
            <Test name="test_getLoopbackAddress" result="pass" starttime="Fri Sep 21 15:46:56 CST 2012" endtime="Fri Sep 21 15:46:56 CST 2012" />
            <Test name="test_hashCode" result="pass" starttime="Fri Sep 21 15:46:56 CST 2012" endtime="Fri Sep 21 15:46:56 CST 2012" />
            <Test name="test_isLinkLocalAddress" result="pass" starttime="Fri Sep 21 15:46:56 CST 2012" endtime="Fri Sep 21 15:46:56 CST 2012" />
            <Test name="test_isMCSiteLocalAddress" result="pass" starttime="Fri Sep 21 15:46:56 CST 2012" endtime="Fri Sep 21 15:46:56 CST 2012" />
            <Test name="test_isNumeric" result="pass" starttime="Fri Sep 21 15:46:56 CST 2012" endtime="Fri Sep 21 15:46:56 CST 2012" />
            <Test name="test_isReachable" result="pass" starttime="Fri Sep 21 15:46:56 CST 2012" endtime="Fri Sep 21 15:47:00 CST 2012" />
            <Test name="test_isSiteLocalAddress" result="pass" starttime="Fri Sep 21 15:47:00 CST 2012" endtime="Fri Sep 21 15:47:00 CST 2012" />
            <Test name="test_parseNumericAddress" result="pass" starttime="Fri Sep 21 15:47:00 CST 2012" endtime="Fri Sep 21 15:47:00 CST 2012" />
            <Test name="test_toString" result="pass" starttime="Fri Sep 21 15:47:00 CST 2012" endtime="Fri Sep 21 15:47:00 CST 2012" />
          </TestCase>
          <TestCase name="InetSocketAddressTest" priority="">
            <Test name="test_ConstructorI" result="pass" starttime="Fri Sep 21 15:47:00 CST 2012" endtime="Fri Sep 21 15:47:00 CST 2012" />
            <Test name="test_ConstructorLInetAddressI" result="pass" starttime="Fri Sep 21 15:47:00 CST 2012" endtime="Fri Sep 21 15:47:00 CST 2012" />
            <Test name="test_ConstructorLjava_lang_StringI" result="pass" starttime="Fri Sep 21 15:47:00 CST 2012" endtime="Fri Sep 21 15:47:00 CST 2012" />
            <Test name="test_equals" result="pass" starttime="Fri Sep 21 15:47:00 CST 2012" endtime="Fri Sep 21 15:47:00 CST 2012" />
            <Test name="test_getAddress" result="pass" starttime="Fri Sep 21 15:47:00 CST 2012" endtime="Fri Sep 21 15:47:01 CST 2012" />
            <Test name="test_getHostString" result="pass" starttime="Fri Sep 21 15:47:01 CST 2012" endtime="Fri Sep 21 15:47:01 CST 2012" />
            <Test name="test_hashCode" result="pass" starttime="Fri Sep 21 15:47:01 CST 2012" endtime="Fri Sep 21 15:47:01 CST 2012" />
            <Test name="test_isUnresolved" result="pass" starttime="Fri Sep 21 15:47:01 CST 2012" endtime="Fri Sep 21 15:47:01 CST 2012" />
          </TestCase>
          <TestCase name="NetworkInterfaceTest" priority="">
            <Test name="testDumpAll" result="pass" starttime="Fri Sep 21 15:47:01 CST 2012" endtime="Fri Sep 21 15:47:01 CST 2012" />
            <Test name="testIPv6" result="pass" starttime="Fri Sep 21 15:47:01 CST 2012" endtime="Fri Sep 21 15:47:01 CST 2012" />
            <Test name="testLoopback" result="pass" starttime="Fri Sep 21 15:47:01 CST 2012" endtime="Fri Sep 21 15:47:01 CST 2012" />
          </TestCase>
          <TestCase name="OldAndroidDatagramTest" priority="">
            <Test name="testDatagram" result="pass" starttime="Fri Sep 21 15:47:02 CST 2012" endtime="Fri Sep 21 15:47:03 CST 2012" />
            <Test name="testDatagramSocketSetSOTimeout" result="pass" starttime="Fri Sep 21 15:47:03 CST 2012" endtime="Fri Sep 21 15:47:08 CST 2012" />
          </TestCase>
          <TestCase name="OldAndroidURITest" priority="">
            <Test name="testConstruct" result="pass" starttime="Fri Sep 21 15:47:08 CST 2012" endtime="Fri Sep 21 15:47:08 CST 2012" />
            <Test name="testResolve" result="pass" starttime="Fri Sep 21 15:47:08 CST 2012" endtime="Fri Sep 21 15:47:08 CST 2012" />
          </TestCase>
          <TestCase name="OldAuthenticatorRequestorTypeTest" priority="">
            <Test name="test_valueOfLjava_lang_String" result="pass" starttime="Fri Sep 21 15:47:08 CST 2012" endtime="Fri Sep 21 15:47:08 CST 2012" />
            <Test name="test_values" result="pass" starttime="Fri Sep 21 15:47:08 CST 2012" endtime="Fri Sep 21 15:47:08 CST 2012" />
          </TestCase>
          <TestCase name="OldAuthenticatorTest" priority="">
            <Test name="test_Constructor" result="pass" starttime="Fri Sep 21 15:47:08 CST 2012" endtime="Fri Sep 21 15:47:08 CST 2012" />
            <Test name="test_getPasswordAuthentication" result="pass" starttime="Fri Sep 21 15:47:08 CST 2012" endtime="Fri Sep 21 15:47:09 CST 2012" />
            <Test name="test_setDefault" result="pass" starttime="Fri Sep 21 15:47:09 CST 2012" endtime="Fri Sep 21 15:47:09 CST 2012" />
          </TestCase>
          <TestCase name="OldCookieHandlerTest" priority="">
            <Test name="test_CookieHandler" result="pass" starttime="Fri Sep 21 15:47:09 CST 2012" endtime="Fri Sep 21 15:47:09 CST 2012" />
            <Test name="test_get_put" result="pass" starttime="Fri Sep 21 15:47:09 CST 2012" endtime="Fri Sep 21 15:47:09 CST 2012" />
          </TestCase>
          <TestCase name="OldDatagramPacketTest" priority="">
            <Test name="test_getPort" result="pass" starttime="Fri Sep 21 15:47:09 CST 2012" endtime="Fri Sep 21 15:47:09 CST 2012" />
            <Test name="test_setData$B" result="pass" starttime="Fri Sep 21 15:47:09 CST 2012" endtime="Fri Sep 21 15:47:09 CST 2012" />
            <Test name="test_setData$BII" result="pass" starttime="Fri Sep 21 15:47:10 CST 2012" endtime="Fri Sep 21 15:47:10 CST 2012" />
            <Test name="test_setLengthI" result="pass" starttime="Fri Sep 21 15:47:10 CST 2012" endtime="Fri Sep 21 15:47:10 CST 2012" />
          </TestCase>
          <TestCase name="OldDatagramSocketImplFactoryTest" priority="">
            <Test name="test_createDatagramSocketImpl" result="pass" starttime="Fri Sep 21 15:47:10 CST 2012" endtime="Fri Sep 21 15:47:10 CST 2012" />
          </TestCase>
          <TestCase name="OldDatagramSocketTest" priority="">
            <Test name="test_Constructor" result="pass" starttime="Fri Sep 21 15:47:10 CST 2012" endtime="Fri Sep 21 15:47:10 CST 2012" />
            <Test name="test_ConstructorI" result="pass" starttime="Fri Sep 21 15:47:10 CST 2012" endtime="Fri Sep 21 15:47:10 CST 2012" />
            <Test name="test_ConstructorILjava_net_InetAddress" result="pass" starttime="Fri Sep 21 15:47:10 CST 2012" endtime="Fri Sep 21 15:47:10 CST 2012" />
            <Test name="test_ConstructorLjava_net_DatagramSocketImpl" result="pass" starttime="Fri Sep 21 15:47:10 CST 2012" endtime="Fri Sep 21 15:47:10 CST 2012" />
            <Test name="test_ConstructorLjava_net_SocketAddress" result="pass" starttime="Fri Sep 21 15:47:10 CST 2012" endtime="Fri Sep 21 15:47:10 CST 2012" />
            <Test name="test_bindLjava_net_SocketAddress" result="pass" starttime="Fri Sep 21 15:47:10 CST 2012" endtime="Fri Sep 21 15:47:13 CST 2012" />
            <Test name="test_bindLjava_net_SocketAddress_address_in_use" result="pass" starttime="Fri Sep 21 15:47:13 CST 2012" endtime="Fri Sep 21 15:47:13 CST 2012" />
            <Test name="test_bindLjava_net_SocketAddress_bad_address" result="pass" starttime="Fri Sep 21 15:47:13 CST 2012" endtime="Fri Sep 21 15:47:13 CST 2012" />
            <Test name="test_bindLjava_net_SocketAddress_null" result="pass" starttime="Fri Sep 21 15:47:13 CST 2012" endtime="Fri Sep 21 15:47:13 CST 2012" />
            <Test name="test_bindLjava_net_SocketAddress_unsupported_address_type" result="pass" starttime="Fri Sep 21 15:47:13 CST 2012" endtime="Fri Sep 21 15:47:13 CST 2012" />
            <Test name="test_close" result="pass" starttime="Fri Sep 21 15:47:13 CST 2012" endtime="Fri Sep 21 15:47:13 CST 2012" />
            <Test name="test_connectLjava_net_InetAddressI" result="pass" starttime="Fri Sep 21 15:47:13 CST 2012" endtime="Fri Sep 21 15:47:17 CST 2012" />
            <Test name="test_connectLjava_net_SocketAddress" result="pass" starttime="Fri Sep 21 15:47:17 CST 2012" endtime="Fri Sep 21 15:47:27 CST 2012" />
            <Test name="test_disconnect" result="pass" starttime="Fri Sep 21 15:47:27 CST 2012" endtime="Fri Sep 21 15:47:27 CST 2012" />
            <Test name="test_getBroadcast" result="pass" starttime="Fri Sep 21 15:47:27 CST 2012" endtime="Fri Sep 21 15:47:27 CST 2012" />
            <Test name="test_getChannel" result="pass" starttime="Fri Sep 21 15:47:27 CST 2012" endtime="Fri Sep 21 15:47:27 CST 2012" />
            <Test name="test_getInetAddress" result="pass" starttime="Fri Sep 21 15:47:27 CST 2012" endtime="Fri Sep 21 15:47:27 CST 2012" />
            <Test name="test_getLocalPort" result="pass" starttime="Fri Sep 21 15:47:27 CST 2012" endtime="Fri Sep 21 15:47:28 CST 2012" />
            <Test name="test_getPort" result="pass" starttime="Fri Sep 21 15:47:28 CST 2012" endtime="Fri Sep 21 15:47:28 CST 2012" />
            <Test name="test_getReceiveBufferSize" result="pass" starttime="Fri Sep 21 15:47:28 CST 2012" endtime="Fri Sep 21 15:47:28 CST 2012" />
            <Test name="test_getRemoteSocketAddress" result="pass" starttime="Fri Sep 21 15:47:28 CST 2012" endtime="Fri Sep 21 15:47:28 CST 2012" />
            <Test name="test_getReuseAddress" result="pass" starttime="Fri Sep 21 15:47:28 CST 2012" endtime="Fri Sep 21 15:47:28 CST 2012" />
            <Test name="test_getSendBufferSize" result="pass" starttime="Fri Sep 21 15:47:28 CST 2012" endtime="Fri Sep 21 15:47:28 CST 2012" />
            <Test name="test_getSoTimeout_setSoTimeout" result="pass" starttime="Fri Sep 21 15:47:28 CST 2012" endtime="Fri Sep 21 15:47:28 CST 2012" />
            <Test name="test_getTrafficClass" result="pass" starttime="Fri Sep 21 15:47:28 CST 2012" endtime="Fri Sep 21 15:47:28 CST 2012" />
            <Test name="test_isBound" result="pass" starttime="Fri Sep 21 15:47:28 CST 2012" endtime="Fri Sep 21 15:47:28 CST 2012" />
            <Test name="test_isClosed" result="pass" starttime="Fri Sep 21 15:47:28 CST 2012" endtime="Fri Sep 21 15:47:29 CST 2012" />
            <Test name="test_isConnected" result="pass" starttime="Fri Sep 21 15:47:29 CST 2012" endtime="Fri Sep 21 15:47:29 CST 2012" />
            <Test name="test_receiveLjava_net_DatagramPacket" result="pass" starttime="Fri Sep 21 15:47:29 CST 2012" endtime="Fri Sep 21 15:47:34 CST 2012" />
            <Test name="test_sendLjava_net_DatagramPacket" result="pass" starttime="Fri Sep 21 15:47:34 CST 2012" endtime="Fri Sep 21 15:47:35 CST 2012" />
            <Test name="test_setBroadcastZ" result="pass" starttime="Fri Sep 21 15:47:35 CST 2012" endtime="Fri Sep 21 15:47:35 CST 2012" />
            <Test name="test_setReceiveBufferSizeI" result="pass" starttime="Fri Sep 21 15:47:35 CST 2012" endtime="Fri Sep 21 15:47:35 CST 2012" />
            <Test name="test_setReuseAddressZ" result="pass" starttime="Fri Sep 21 15:47:35 CST 2012" endtime="Fri Sep 21 15:47:35 CST 2012" />
            <Test name="test_setSendBufferSizeI" result="pass" starttime="Fri Sep 21 15:47:35 CST 2012" endtime="Fri Sep 21 15:47:35 CST 2012" />
            <Test name="test_setTrafficClassI" result="pass" starttime="Fri Sep 21 15:47:35 CST 2012" endtime="Fri Sep 21 15:47:36 CST 2012" />
          </TestCase>
          <TestCase name="OldFileNameMapTest" priority="">
            <Test name="test_getContentTypeFor" result="pass" starttime="Fri Sep 21 15:47:36 CST 2012" endtime="Fri Sep 21 15:47:36 CST 2012" />
          </TestCase>
          <TestCase name="OldHttpRetryExceptionTest" priority="">
            <Test name="test_ConstructorLStringI" result="pass" starttime="Fri Sep 21 15:47:36 CST 2012" endtime="Fri Sep 21 15:47:36 CST 2012" />
            <Test name="test_ConstructorLStringILString" result="pass" starttime="Fri Sep 21 15:47:36 CST 2012" endtime="Fri Sep 21 15:47:36 CST 2012" />
          </TestCase>
          <TestCase name="OldJarURLConnectionTest" priority="">
            <Test name="test_Constructor" result="pass" starttime="Fri Sep 21 15:47:36 CST 2012" endtime="Fri Sep 21 15:47:36 CST 2012" />
            <Test name="test_getAttributes" result="pass" starttime="Fri Sep 21 15:47:36 CST 2012" endtime="Fri Sep 21 15:47:36 CST 2012" />
            <Test name="test_getCertificates" result="pass" starttime="Fri Sep 21 15:47:36 CST 2012" endtime="Fri Sep 21 15:47:36 CST 2012" />
            <Test name="test_getEntryName" result="pass" starttime="Fri Sep 21 15:47:36 CST 2012" endtime="Fri Sep 21 15:47:36 CST 2012" />
            <Test name="test_getInputStream_DeleteJarFileUsingURLConnection" result="pass" starttime="Fri Sep 21 15:47:36 CST 2012" endtime="Fri Sep 21 15:47:37 CST 2012" />
            <Test name="test_getJarEntry" result="pass" starttime="Fri Sep 21 15:47:37 CST 2012" endtime="Fri Sep 21 15:47:37 CST 2012" />
            <Test name="test_getJarFile" result="pass" starttime="Fri Sep 21 15:47:37 CST 2012" endtime="Fri Sep 21 15:47:37 CST 2012" />
            <Test name="test_getJarFile29" result="pass" starttime="Fri Sep 21 15:47:37 CST 2012" endtime="Fri Sep 21 15:47:37 CST 2012" />
            <Test name="test_getJarFileURL" result="pass" starttime="Fri Sep 21 15:47:37 CST 2012" endtime="Fri Sep 21 15:47:37 CST 2012" />
            <Test name="test_getMainAttributes" result="pass" starttime="Fri Sep 21 15:47:37 CST 2012" endtime="Fri Sep 21 15:47:37 CST 2012" />
            <Test name="test_getManifest" result="pass" starttime="Fri Sep 21 15:47:37 CST 2012" endtime="Fri Sep 21 15:47:37 CST 2012" />
            <Test name="test_setUseCaches" result="pass" starttime="Fri Sep 21 15:47:37 CST 2012" endtime="Fri Sep 21 15:47:37 CST 2012" />
          </TestCase>
          <TestCase name="OldPasswordAuthenticationTest" priority="">
            <Test name="test_ConstructorLjava_lang_String$C" result="pass" starttime="Fri Sep 21 15:47:37 CST 2012" endtime="Fri Sep 21 15:47:37 CST 2012" />
          </TestCase>
          <TestCase name="OldProxyTest" priority="">
            <Test name="test_address" result="pass" starttime="Fri Sep 21 15:47:37 CST 2012" endtime="Fri Sep 21 15:47:37 CST 2012" />
            <Test name="test_hashCode" result="pass" starttime="Fri Sep 21 15:47:37 CST 2012" endtime="Fri Sep 21 15:47:38 CST 2012" />
            <Test name="test_type" result="pass" starttime="Fri Sep 21 15:47:38 CST 2012" endtime="Fri Sep 21 15:47:38 CST 2012" />
          </TestCase>
          <TestCase name="OldServerSocketTest" priority="">
            <Test name="test_Constructor" result="pass" starttime="Fri Sep 21 15:47:38 CST 2012" endtime="Fri Sep 21 15:47:38 CST 2012" />
            <Test name="test_ConstructorI" result="pass" starttime="Fri Sep 21 15:47:38 CST 2012" endtime="Fri Sep 21 15:47:40 CST 2012" />
            <Test name="test_ConstructorII" result="pass" starttime="Fri Sep 21 15:47:40 CST 2012" endtime="Fri Sep 21 15:47:41 CST 2012" />
            <Test name="test_ConstructorIILjava_net_InetAddress" result="pass" starttime="Fri Sep 21 15:47:41 CST 2012" endtime="Fri Sep 21 15:47:41 CST 2012" />
            <Test name="test_ConstructorI_SocksSet" result="pass" starttime="Fri Sep 21 15:47:41 CST 2012" endtime="Fri Sep 21 15:47:41 CST 2012" />
            <Test name="test_LocalPort" result="pass" starttime="Fri Sep 21 15:47:41 CST 2012" endtime="Fri Sep 21 15:47:41 CST 2012" />
            <Test name="test_accept" result="pass" starttime="Fri Sep 21 15:47:41 CST 2012" endtime="Fri Sep 21 15:47:42 CST 2012" />
            <Test name="test_getReceiveBufferSize" result="pass" starttime="Fri Sep 21 15:47:42 CST 2012" endtime="Fri Sep 21 15:47:42 CST 2012" />
            <Test name="test_getReuseAddress" result="pass" starttime="Fri Sep 21 15:47:42 CST 2012" endtime="Fri Sep 21 15:47:42 CST 2012" />
            <Test name="test_getSoTimeout_setSoTimeout" result="pass" starttime="Fri Sep 21 15:47:42 CST 2012" endtime="Fri Sep 21 15:47:42 CST 2012" />
            <Test name="test_setPerformancePreference_Int_Int_Int" result="pass" starttime="Fri Sep 21 15:47:42 CST 2012" endtime="Fri Sep 21 15:47:42 CST 2012" />
            <Test name="test_setReceiveBufferSizeI" result="pass" starttime="Fri Sep 21 15:47:42 CST 2012" endtime="Fri Sep 21 15:47:42 CST 2012" />
            <Test name="test_setReuseAddressZ" result="pass" starttime="Fri Sep 21 15:47:42 CST 2012" endtime="Fri Sep 21 15:47:42 CST 2012" />
            <Test name="test_toString" result="pass" starttime="Fri Sep 21 15:47:42 CST 2012" endtime="Fri Sep 21 15:47:43 CST 2012" />
          </TestCase>
          <TestCase name="OldSocketImplFactoryTest" priority="">
            <Test name="test_createSocketImpl" result="pass" starttime="Fri Sep 21 15:47:43 CST 2012" endtime="Fri Sep 21 15:47:43 CST 2012" />
          </TestCase>
          <TestCase name="OldSocketTest" priority="">
            <Test name="test_Constructor" result="pass" starttime="Fri Sep 21 15:47:43 CST 2012" endtime="Fri Sep 21 15:47:43 CST 2012" />
            <Test name="test_ConstructorLSocketImpl" result="pass" starttime="Fri Sep 21 15:47:43 CST 2012" endtime="Fri Sep 21 15:47:43 CST 2012" />
            <Test name="test_ConstructorLjava_lang_StringI" result="pass" starttime="Fri Sep 21 15:47:43 CST 2012" endtime="Fri Sep 21 15:47:43 CST 2012" />
            <Test name="test_ConstructorLjava_lang_StringILjava_net_InetAddressI1" result="pass" starttime="Fri Sep 21 15:47:43 CST 2012" endtime="Fri Sep 21 15:47:43 CST 2012" />
            <Test name="test_ConstructorLjava_lang_StringILjava_net_InetAddressI2" result="pass" starttime="Fri Sep 21 15:47:43 CST 2012" endtime="Fri Sep 21 15:47:43 CST 2012" />
            <Test name="test_ConstructorLjava_lang_StringIZ" result="pass" starttime="Fri Sep 21 15:47:43 CST 2012" endtime="Fri Sep 21 15:47:43 CST 2012" />
            <Test name="test_ConstructorLjava_net_InetAddressI" result="pass" starttime="Fri Sep 21 15:47:43 CST 2012" endtime="Fri Sep 21 15:47:44 CST 2012" />
            <Test name="test_ConstructorLjava_net_InetAddressILjava_net_InetAddressI" result="pass" starttime="Fri Sep 21 15:47:44 CST 2012" endtime="Fri Sep 21 15:47:44 CST 2012" />
            <Test name="test_ConstructorLjava_net_InetAddressIZ" result="pass" starttime="Fri Sep 21 15:47:44 CST 2012" endtime="Fri Sep 21 15:47:44 CST 2012" />
            <Test name="test_ConstructorLjava_net_Proxy_Exception" result="pass" starttime="Fri Sep 21 15:47:44 CST 2012" endtime="Fri Sep 21 15:47:44 CST 2012" />
            <Test name="test_bindLjava_net_SocketAddress" result="pass" starttime="Fri Sep 21 15:47:44 CST 2012" endtime="Fri Sep 21 15:47:44 CST 2012" />
            <Test name="test_bindLjava_net_SocketAddress_Proxy" result="pass" starttime="Fri Sep 21 15:47:44 CST 2012" endtime="Fri Sep 21 15:47:44 CST 2012" />
            <Test name="test_close" result="pass" starttime="Fri Sep 21 15:47:44 CST 2012" endtime="Fri Sep 21 15:47:44 CST 2012" />
            <Test name="test_connectLjava_net_SocketAddress" result="pass" starttime="Fri Sep 21 15:47:44 CST 2012" endtime="Fri Sep 21 15:47:46 CST 2012" />
            <Test name="test_connectLjava_net_SocketAddressI" result="pass" starttime="Fri Sep 21 15:47:46 CST 2012" endtime="Fri Sep 21 15:48:01 CST 2012" />
            <Test name="test_connect_unknownhost" result="pass" starttime="Fri Sep 21 15:48:01 CST 2012" endtime="Fri Sep 21 15:48:01 CST 2012" />
            <Test name="test_connect_unresolved" result="pass" starttime="Fri Sep 21 15:48:01 CST 2012" endtime="Fri Sep 21 15:48:01 CST 2012" />
            <Test name="test_connect_unresolved_unknown" result="pass" starttime="Fri Sep 21 15:48:01 CST 2012" endtime="Fri Sep 21 15:48:01 CST 2012" />
            <Test name="test_getChannel" result="pass" starttime="Fri Sep 21 15:48:01 CST 2012" endtime="Fri Sep 21 15:48:01 CST 2012" />
            <Test name="test_getInetAddress" result="pass" starttime="Fri Sep 21 15:48:01 CST 2012" endtime="Fri Sep 21 15:48:01 CST 2012" />
            <Test name="test_getInputStream" result="pass" starttime="Fri Sep 21 15:48:01 CST 2012" endtime="Fri Sep 21 15:48:02 CST 2012" />
            <Test name="test_getKeepAlive" result="pass" starttime="Fri Sep 21 15:48:02 CST 2012" endtime="Fri Sep 21 15:48:02 CST 2012" />
            <Test name="test_getLocalAddress" result="pass" starttime="Fri Sep 21 15:48:02 CST 2012" endtime="Fri Sep 21 15:48:02 CST 2012" />
            <Test name="test_getLocalPort" result="pass" starttime="Fri Sep 21 15:48:02 CST 2012" endtime="Fri Sep 21 15:48:02 CST 2012" />
            <Test name="test_getLocalSocketAddress" result="pass" starttime="Fri Sep 21 15:48:02 CST 2012" endtime="Fri Sep 21 15:48:02 CST 2012" />
            <Test name="test_getOOBInline" result="pass" starttime="Fri Sep 21 15:48:02 CST 2012" endtime="Fri Sep 21 15:48:02 CST 2012" />
            <Test name="test_getOutputStream" result="pass" starttime="Fri Sep 21 15:48:02 CST 2012" endtime="Fri Sep 21 15:48:04 CST 2012" />
            <Test name="test_getOutputStream_shutdownOutput" result="pass" starttime="Fri Sep 21 15:48:04 CST 2012" endtime="Fri Sep 21 15:48:04 CST 2012" />
            <Test name="test_getPort" result="pass" starttime="Fri Sep 21 15:48:04 CST 2012" endtime="Fri Sep 21 15:48:04 CST 2012" />
            <Test name="test_getReceiveBufferSize" result="pass" starttime="Fri Sep 21 15:48:04 CST 2012" endtime="Fri Sep 21 15:48:05 CST 2012" />
            <Test name="test_getRemoteSocketAddress" result="pass" starttime="Fri Sep 21 15:48:05 CST 2012" endtime="Fri Sep 21 15:48:05 CST 2012" />
            <Test name="test_getReuseAddress" result="pass" starttime="Fri Sep 21 15:48:05 CST 2012" endtime="Fri Sep 21 15:48:05 CST 2012" />
            <Test name="test_getSendBufferSize" result="pass" starttime="Fri Sep 21 15:48:05 CST 2012" endtime="Fri Sep 21 15:48:05 CST 2012" />
            <Test name="test_getSoLinger" result="pass" starttime="Fri Sep 21 15:48:05 CST 2012" endtime="Fri Sep 21 15:48:05 CST 2012" />
            <Test name="test_getSoTimeout_setSoTimeout" result="pass" starttime="Fri Sep 21 15:48:05 CST 2012" endtime="Fri Sep 21 15:48:05 CST 2012" />
            <Test name="test_getTcpNoDelay" result="pass" starttime="Fri Sep 21 15:48:05 CST 2012" endtime="Fri Sep 21 15:48:05 CST 2012" />
            <Test name="test_getTrafficClass" result="pass" starttime="Fri Sep 21 15:48:05 CST 2012" endtime="Fri Sep 21 15:48:05 CST 2012" />
            <Test name="test_isBound" result="pass" starttime="Fri Sep 21 15:48:05 CST 2012" endtime="Fri Sep 21 15:48:06 CST 2012" />
            <Test name="test_isClosed" result="pass" starttime="Fri Sep 21 15:48:06 CST 2012" endtime="Fri Sep 21 15:48:06 CST 2012" />
            <Test name="test_isConnected" result="pass" starttime="Fri Sep 21 15:48:06 CST 2012" endtime="Fri Sep 21 15:48:06 CST 2012" />
            <Test name="test_isInputShutdown" result="pass" starttime="Fri Sep 21 15:48:06 CST 2012" endtime="Fri Sep 21 15:48:06 CST 2012" />
            <Test name="test_isOutputShutdown" result="pass" starttime="Fri Sep 21 15:48:06 CST 2012" endtime="Fri Sep 21 15:48:06 CST 2012" />
            <Test name="test_sendUrgentDataI" result="pass" starttime="Fri Sep 21 15:48:06 CST 2012" endtime="Fri Sep 21 15:48:13 CST 2012" />
            <Test name="test_setKeepAliveZ" result="pass" starttime="Fri Sep 21 15:48:13 CST 2012" endtime="Fri Sep 21 15:48:13 CST 2012" />
            <Test name="test_setOOBInlineZ" result="pass" starttime="Fri Sep 21 15:48:13 CST 2012" endtime="Fri Sep 21 15:48:13 CST 2012" />
            <Test name="test_setPerformancePreference_Int_Int_Int" result="pass" starttime="Fri Sep 21 15:48:13 CST 2012" endtime="Fri Sep 21 15:48:14 CST 2012" />
            <Test name="test_setReceiveBufferSizeI" result="pass" starttime="Fri Sep 21 15:48:14 CST 2012" endtime="Fri Sep 21 15:48:14 CST 2012" />
            <Test name="test_setReuseAddressZ" result="pass" starttime="Fri Sep 21 15:48:14 CST 2012" endtime="Fri Sep 21 15:48:14 CST 2012" />
            <Test name="test_setSendBufferSizeI" result="pass" starttime="Fri Sep 21 15:48:14 CST 2012" endtime="Fri Sep 21 15:48:14 CST 2012" />
            <Test name="test_setSoLingerZI" result="pass" starttime="Fri Sep 21 15:48:14 CST 2012" endtime="Fri Sep 21 15:48:14 CST 2012" />
            <Test name="test_setSocketImplFactoryLjava_net_SocketImplFactory" result="pass" starttime="Fri Sep 21 15:48:14 CST 2012" endtime="Fri Sep 21 15:48:14 CST 2012" />
            <Test name="test_setTcpNoDelayZ" result="pass" starttime="Fri Sep 21 15:48:14 CST 2012" endtime="Fri Sep 21 15:48:14 CST 2012" />
            <Test name="test_setTrafficClassI" result="pass" starttime="Fri Sep 21 15:48:14 CST 2012" endtime="Fri Sep 21 15:48:14 CST 2012" />
            <Test name="test_shutdownInput" result="pass" starttime="Fri Sep 21 15:48:14 CST 2012" endtime="Fri Sep 21 15:48:15 CST 2012" />
            <Test name="test_shutdownInputOutput_twice" result="pass" starttime="Fri Sep 21 15:48:15 CST 2012" endtime="Fri Sep 21 15:48:16 CST 2012" />
            <Test name="test_shutdownOutput" result="pass" starttime="Fri Sep 21 15:48:16 CST 2012" endtime="Fri Sep 21 15:48:16 CST 2012" />
            <Test name="test_toString" result="pass" starttime="Fri Sep 21 15:48:16 CST 2012" endtime="Fri Sep 21 15:48:16 CST 2012" />
          </TestCase>
          <TestCase name="OldURITest" priority="">
            <Test name="test_ConstructorLjava_lang_String" result="pass" starttime="Fri Sep 21 15:48:16 CST 2012" endtime="Fri Sep 21 15:48:16 CST 2012" />
            <Test name="test_createLjava_lang_String" result="pass" starttime="Fri Sep 21 15:48:16 CST 2012" endtime="Fri Sep 21 15:48:16 CST 2012" />
            <Test name="test_relativizeLjava_net_URI" result="pass" starttime="Fri Sep 21 15:48:16 CST 2012" endtime="Fri Sep 21 15:48:16 CST 2012" />
            <Test name="test_resolveLjava_lang_String" result="pass" starttime="Fri Sep 21 15:48:16 CST 2012" endtime="Fri Sep 21 15:48:16 CST 2012" />
            <Test name="test_resolveLjava_net_URI" result="pass" starttime="Fri Sep 21 15:48:16 CST 2012" endtime="Fri Sep 21 15:48:16 CST 2012" />
          </TestCase>
          <TestCase name="OldURLClassLoaderTest" priority="">
            <Test name="test_Constructor$Ljava_net_URL" result="pass" starttime="Fri Sep 21 15:48:16 CST 2012" endtime="Fri Sep 21 15:48:17 CST 2012" />
            <Test name="test_addURLLjava_net_URL" result="pass" starttime="Fri Sep 21 15:48:17 CST 2012" endtime="Fri Sep 21 15:48:17 CST 2012" />
            <Test name="test_definePackage" result="pass" starttime="Fri Sep 21 15:48:17 CST 2012" endtime="Fri Sep 21 15:48:17 CST 2012" />
            <Test name="test_findResourcesLjava_lang_String" result="pass" starttime="Fri Sep 21 15:48:17 CST 2012" endtime="Fri Sep 21 15:48:17 CST 2012" />
          </TestCase>
          <TestCase name="OldURLStreamHandlerTest" priority="">
            <Test name="test_Constructor" result="pass" starttime="Fri Sep 21 15:48:17 CST 2012" endtime="Fri Sep 21 15:48:17 CST 2012" />
            <Test name="test_equalsLjava_net_URLLjava_net_URL" result="pass" starttime="Fri Sep 21 15:48:17 CST 2012" endtime="Fri Sep 21 15:48:17 CST 2012" />
            <Test name="test_getDefaultPort" result="pass" starttime="Fri Sep 21 15:48:17 CST 2012" endtime="Fri Sep 21 15:48:17 CST 2012" />
            <Test name="test_getHostAddress" result="pass" starttime="Fri Sep 21 15:48:17 CST 2012" endtime="Fri Sep 21 15:48:19 CST 2012" />
            <Test name="test_hashCodeLjava_net_URL" result="pass" starttime="Fri Sep 21 15:48:19 CST 2012" endtime="Fri Sep 21 15:48:19 CST 2012" />
            <Test name="test_hostsEqualLjava_net_URLLjava_net_URL" result="pass" starttime="Fri Sep 21 15:48:19 CST 2012" endtime="Fri Sep 21 15:48:19 CST 2012" />
            <Test name="test_openConnectionLjava_net_URL" result="pass" starttime="Fri Sep 21 15:48:19 CST 2012" endtime="Fri Sep 21 15:48:19 CST 2012" />
            <Test name="test_openConnectionLjava_net_URLLjava_net_Proxy" result="pass" starttime="Fri Sep 21 15:48:19 CST 2012" endtime="Fri Sep 21 15:48:19 CST 2012" />
            <Test name="test_parseURLLjava_net_URLLjava_lang_StringII" result="pass" starttime="Fri Sep 21 15:48:19 CST 2012" endtime="Fri Sep 21 15:48:19 CST 2012" />
            <Test name="test_sameFile" result="pass" starttime="Fri Sep 21 15:48:19 CST 2012" endtime="Fri Sep 21 15:48:19 CST 2012" />
            <Test name="test_setURL1" result="pass" starttime="Fri Sep 21 15:48:19 CST 2012" endtime="Fri Sep 21 15:48:20 CST 2012" />
            <Test name="test_setURL2" result="pass" starttime="Fri Sep 21 15:48:20 CST 2012" endtime="Fri Sep 21 15:48:20 CST 2012" />
            <Test name="test_toExternalForm" result="pass" starttime="Fri Sep 21 15:48:20 CST 2012" endtime="Fri Sep 21 15:48:20 CST 2012" />
          </TestCase>
          <TestCase name="OldURLTest" priority="">
            <Test name="testEqualsObject" result="pass" starttime="Fri Sep 21 15:48:20 CST 2012" endtime="Fri Sep 21 15:48:20 CST 2012" />
            <Test name="testGetAuthority" result="pass" starttime="Fri Sep 21 15:48:20 CST 2012" endtime="Fri Sep 21 15:48:20 CST 2012" />
            <Test name="testGetContent" result="pass" starttime="Fri Sep 21 15:48:20 CST 2012" endtime="Fri Sep 21 15:48:20 CST 2012" />
            <Test name="testGetDefaultPort" result="pass" starttime="Fri Sep 21 15:48:20 CST 2012" endtime="Fri Sep 21 15:48:20 CST 2012" />
            <Test name="testGetFile" result="pass" starttime="Fri Sep 21 15:48:20 CST 2012" endtime="Fri Sep 21 15:48:20 CST 2012" />
            <Test name="testGetPath" result="pass" starttime="Fri Sep 21 15:48:20 CST 2012" endtime="Fri Sep 21 15:48:21 CST 2012" />
            <Test name="testGetPort" result="pass" starttime="Fri Sep 21 15:48:21 CST 2012" endtime="Fri Sep 21 15:48:21 CST 2012" />
            <Test name="testGetProtocol" result="pass" starttime="Fri Sep 21 15:48:21 CST 2012" endtime="Fri Sep 21 15:48:21 CST 2012" />
            <Test name="testGetQuery" result="pass" starttime="Fri Sep 21 15:48:21 CST 2012" endtime="Fri Sep 21 15:48:21 CST 2012" />
            <Test name="testGetRef" result="pass" starttime="Fri Sep 21 15:48:21 CST 2012" endtime="Fri Sep 21 15:48:21 CST 2012" />
            <Test name="testGetUserInfo" result="pass" starttime="Fri Sep 21 15:48:21 CST 2012" endtime="Fri Sep 21 15:48:21 CST 2012" />
            <Test name="testHashCode" result="pass" starttime="Fri Sep 21 15:48:21 CST 2012" endtime="Fri Sep 21 15:48:21 CST 2012" />
            <Test name="testOpenConnection" result="pass" starttime="Fri Sep 21 15:48:21 CST 2012" endtime="Fri Sep 21 15:48:22 CST 2012" />
            <Test name="testOpenStream" result="pass" starttime="Fri Sep 21 15:48:22 CST 2012" endtime="Fri Sep 21 15:48:22 CST 2012" />
            <Test name="testSameFile" result="pass" starttime="Fri Sep 21 15:48:22 CST 2012" endtime="Fri Sep 21 15:48:22 CST 2012" />
            <Test name="testSetURLStreamHandlerFactory" result="pass" starttime="Fri Sep 21 15:48:22 CST 2012" endtime="Fri Sep 21 15:48:22 CST 2012" />
            <Test name="testToExternalForm" result="pass" starttime="Fri Sep 21 15:48:22 CST 2012" endtime="Fri Sep 21 15:48:22 CST 2012" />
            <Test name="testToString" result="pass" starttime="Fri Sep 21 15:48:22 CST 2012" endtime="Fri Sep 21 15:48:22 CST 2012" />
            <Test name="testToURI" result="pass" starttime="Fri Sep 21 15:48:22 CST 2012" endtime="Fri Sep 21 15:48:22 CST 2012" />
            <Test name="testURLString" result="pass" starttime="Fri Sep 21 15:48:22 CST 2012" endtime="Fri Sep 21 15:48:22 CST 2012" />
            <Test name="testURLURLString" result="pass" starttime="Fri Sep 21 15:48:22 CST 2012" endtime="Fri Sep 21 15:48:22 CST 2012" />
            <Test name="testURLURLStringURLStreamHandler" result="pass" starttime="Fri Sep 21 15:48:23 CST 2012" endtime="Fri Sep 21 15:48:23 CST 2012" />
            <Test name="test_ConstructorLjava_lang_StringLjava_lang_StringILjava_lang_String" result="pass" starttime="Fri Sep 21 15:48:23 CST 2012" endtime="Fri Sep 21 15:48:23 CST 2012" />
            <Test name="test_ConstructorLjava_lang_StringLjava_lang_StringILjava_lang_StringLjava_net_URLStreamHandler" result="pass" starttime="Fri Sep 21 15:48:23 CST 2012" endtime="Fri Sep 21 15:48:23 CST 2012" />
            <Test name="test_ConstructorLjava_lang_StringLjava_lang_StringLjava_lang_String" result="pass" starttime="Fri Sep 21 15:48:23 CST 2012" endtime="Fri Sep 21 15:48:23 CST 2012" />
            <Test name="test_getContent_LJavaLangClass" result="pass" starttime="Fri Sep 21 15:48:23 CST 2012" endtime="Fri Sep 21 15:48:23 CST 2012" />
            <Test name="test_java_protocol_handler_pkgs_prop" result="pass" starttime="Fri Sep 21 15:48:23 CST 2012" endtime="Fri Sep 21 15:48:23 CST 2012" />
            <Test name="test_toExternalForm_Absolute" result="pass" starttime="Fri Sep 21 15:48:23 CST 2012" endtime="Fri Sep 21 15:48:23 CST 2012" />
            <Test name="test_toExternalForm_Relative" result="pass" starttime="Fri Sep 21 15:48:23 CST 2012" endtime="Fri Sep 21 15:48:23 CST 2012" />
          </TestCase>
          <TestCase name="OldUnixSocketTest" priority="">
            <Test name="test_connectLjava_net_SocketAddressI" result="pass" starttime="Fri Sep 21 15:48:23 CST 2012" endtime="Fri Sep 21 15:48:24 CST 2012" />
            <Test name="test_getInputStream" result="pass" starttime="Fri Sep 21 15:48:24 CST 2012" endtime="Fri Sep 21 15:48:24 CST 2012" />
            <Test name="test_getOutputStream" result="pass" starttime="Fri Sep 21 15:48:24 CST 2012" endtime="Fri Sep 21 15:48:24 CST 2012" />
          </TestCase>
          <TestCase name="ProxySelectorTest" priority="">
            <Test name="testHttpProxyHostPreferredOverProxyHost" result="pass" starttime="Fri Sep 21 15:48:24 CST 2012" endtime="Fri Sep 21 15:48:24 CST 2012" />
            <Test name="testHttpsDoesNotUseHttpProperties" result="pass" starttime="Fri Sep 21 15:48:24 CST 2012" endtime="Fri Sep 21 15:48:24 CST 2012" />
            <Test name="testNoProxySystemProperty" result="pass" starttime="Fri Sep 21 15:48:24 CST 2012" endtime="Fri Sep 21 15:48:24 CST 2012" />
            <Test name="testNonProxyHostsFtp" result="pass" starttime="Fri Sep 21 15:48:24 CST 2012" endtime="Fri Sep 21 15:48:24 CST 2012" />
            <Test name="testNonProxyHostsHttp" result="pass" starttime="Fri Sep 21 15:48:24 CST 2012" endtime="Fri Sep 21 15:48:24 CST 2012" />
            <Test name="testNonProxyHostsHttps" result="pass" starttime="Fri Sep 21 15:48:24 CST 2012" endtime="Fri Sep 21 15:48:24 CST 2012" />
            <Test name="testProxyHost" result="pass" starttime="Fri Sep 21 15:48:24 CST 2012" endtime="Fri Sep 21 15:48:24 CST 2012" />
            <Test name="testProxyHostOnly" result="pass" starttime="Fri Sep 21 15:48:24 CST 2012" endtime="Fri Sep 21 15:48:25 CST 2012" />
            <Test name="testProxyHostPort" result="pass" starttime="Fri Sep 21 15:48:25 CST 2012" endtime="Fri Sep 21 15:48:25 CST 2012" />
            <Test name="testProxyPortOnly" result="pass" starttime="Fri Sep 21 15:48:25 CST 2012" endtime="Fri Sep 21 15:48:25 CST 2012" />
            <Test name="testSchemeCaseSensitive" result="pass" starttime="Fri Sep 21 15:48:25 CST 2012" endtime="Fri Sep 21 15:48:25 CST 2012" />
            <Test name="testSocksProxyHost" result="pass" starttime="Fri Sep 21 15:48:25 CST 2012" endtime="Fri Sep 21 15:48:25 CST 2012" />
            <Test name="testSocksProxyHostAndPort" result="pass" starttime="Fri Sep 21 15:48:25 CST 2012" endtime="Fri Sep 21 15:48:25 CST 2012" />
          </TestCase>
          <TestCase name="ServerSocketTest" priority="">
            <Test name="testTimeoutAfterAccept" result="pass" starttime="Fri Sep 21 15:48:25 CST 2012" endtime="Fri Sep 21 15:48:25 CST 2012" />
          </TestCase>
          <TestCase name="SocketTest" priority="">
            <Test name="testReadAfterClose" result="pass" starttime="Fri Sep 21 15:48:25 CST 2012" endtime="Fri Sep 21 15:48:25 CST 2012" />
            <Test name="testWriteAfterClose" result="pass" starttime="Fri Sep 21 15:48:25 CST 2012" endtime="Fri Sep 21 15:48:26 CST 2012" />
            <Test name="test_SocketOptions_setOption" result="pass" starttime="Fri Sep 21 15:48:26 CST 2012" endtime="Fri Sep 21 15:48:26 CST 2012" />
            <Test name="test_close" result="pass" starttime="Fri Sep 21 15:48:26 CST 2012" endtime="Fri Sep 21 15:48:26 CST 2012" />
            <Test name="test_getLocalAddress_after_close" result="pass" starttime="Fri Sep 21 15:48:26 CST 2012" endtime="Fri Sep 21 15:48:26 CST 2012" />
            <Test name="test_newSocket_connection_refused" result="pass" starttime="Fri Sep 21 15:48:26 CST 2012" endtime="Fri Sep 21 15:48:26 CST 2012" />
            <Test name="test_setTrafficClass" result="pass" starttime="Fri Sep 21 15:48:26 CST 2012" endtime="Fri Sep 21 15:48:26 CST 2012" />
            <Test name="test_socketLocalAndRemoteAddresses" result="pass" starttime="Fri Sep 21 15:48:26 CST 2012" endtime="Fri Sep 21 15:48:26 CST 2012" />
          </TestCase>
          <TestCase name="URITest" priority="">
            <Test name="testAtSignInPath" result="pass" starttime="Fri Sep 21 15:48:26 CST 2012" endtime="Fri Sep 21 15:48:26 CST 2012" />
            <Test name="testAtSignInQuery" result="pass" starttime="Fri Sep 21 15:48:26 CST 2012" endtime="Fri Sep 21 15:48:27 CST 2012" />
            <Test name="testAtSignInUserInfo" result="pass" starttime="Fri Sep 21 15:48:27 CST 2012" endtime="Fri Sep 21 15:48:27 CST 2012" />
            <Test name="testColonInFragment" result="pass" starttime="Fri Sep 21 15:48:27 CST 2012" endtime="Fri Sep 21 15:48:27 CST 2012" />
            <Test name="testColonInPath" result="pass" starttime="Fri Sep 21 15:48:27 CST 2012" endtime="Fri Sep 21 15:48:27 CST 2012" />
            <Test name="testColonInQuery" result="pass" starttime="Fri Sep 21 15:48:27 CST 2012" endtime="Fri Sep 21 15:48:27 CST 2012" />
            <Test name="testEmptyAuthority" result="pass" starttime="Fri Sep 21 15:48:27 CST 2012" endtime="Fri Sep 21 15:48:27 CST 2012" />
            <Test name="testEmptyAuthorityWithFragment" result="pass" starttime="Fri Sep 21 15:48:27 CST 2012" endtime="Fri Sep 21 15:48:27 CST 2012" />
            <Test name="testEmptyAuthorityWithPath" result="pass" starttime="Fri Sep 21 15:48:27 CST 2012" endtime="Fri Sep 21 15:48:27 CST 2012" />
            <Test name="testEmptyAuthorityWithQuery" result="pass" starttime="Fri Sep 21 15:48:27 CST 2012" endtime="Fri Sep 21 15:48:28 CST 2012" />
            <Test name="testEmptyHost" result="pass" starttime="Fri Sep 21 15:48:28 CST 2012" endtime="Fri Sep 21 15:48:28 CST 2012" />
            <Test name="testEmptyHostAndNoPath" result="pass" starttime="Fri Sep 21 15:48:28 CST 2012" endtime="Fri Sep 21 15:48:28 CST 2012" />
            <Test name="testEmptyPort" result="pass" starttime="Fri Sep 21 15:48:28 CST 2012" endtime="Fri Sep 21 15:48:28 CST 2012" />
            <Test name="testEncodingConstructorsAcceptEmptyPath" result="pass" starttime="Fri Sep 21 15:48:28 CST 2012" endtime="Fri Sep 21 15:48:28 CST 2012" />
            <Test name="testEncodingConstructorsRefuseRelativePath" result="pass" starttime="Fri Sep 21 15:48:28 CST 2012" endtime="Fri Sep 21 15:48:28 CST 2012" />
            <Test name="testEncodingParts" result="pass" starttime="Fri Sep 21 15:48:28 CST 2012" endtime="Fri Sep 21 15:48:28 CST 2012" />
            <Test name="testEqualityWithNoPath" result="pass" starttime="Fri Sep 21 15:48:28 CST 2012" endtime="Fri Sep 21 15:48:28 CST 2012" />
            <Test name="testEqualsCaseMapping" result="pass" starttime="Fri Sep 21 15:48:28 CST 2012" endtime="Fri Sep 21 15:48:29 CST 2012" />
            <Test name="testFileEqualsWithEmptyHost" result="pass" starttime="Fri Sep 21 15:48:29 CST 2012" endtime="Fri Sep 21 15:48:29 CST 2012" />
            <Test name="testFileUriExtraLeadingSlashes" result="pass" starttime="Fri Sep 21 15:48:29 CST 2012" endtime="Fri Sep 21 15:48:29 CST 2012" />
            <Test name="testFileUrlDottedPath" result="pass" starttime="Fri Sep 21 15:48:29 CST 2012" endtime="Fri Sep 21 15:48:29 CST 2012" />
            <Test name="testFileUrlRelativePath" result="pass" starttime="Fri Sep 21 15:48:29 CST 2012" endtime="Fri Sep 21 15:48:29 CST 2012" />
            <Test name="testFileUrlWithAuthority" result="pass" starttime="Fri Sep 21 15:48:29 CST 2012" endtime="Fri Sep 21 15:48:29 CST 2012" />
            <Test name="testFragmentOnly" result="pass" starttime="Fri Sep 21 15:48:29 CST 2012" endtime="Fri Sep 21 15:48:29 CST 2012" />
            <Test name="testHashInFragment" result="pass" starttime="Fri Sep 21 15:48:29 CST 2012" endtime="Fri Sep 21 15:48:29 CST 2012" />
            <Test name="testHttpUrlExtraLeadingSlashes" result="pass" starttime="Fri Sep 21 15:48:29 CST 2012" endtime="Fri Sep 21 15:48:30 CST 2012" />
            <Test name="testIPv6WithoutSquareBrackets" result="pass" starttime="Fri Sep 21 15:48:30 CST 2012" endtime="Fri Sep 21 15:48:30 CST 2012" />
            <Test name="testMalformedUrlsRefusedByFirefoxAndChrome" result="pass" starttime="Fri Sep 21 15:48:30 CST 2012" endtime="Fri Sep 21 15:48:30 CST 2012" />
            <Test name="testNegativePort" result="pass" starttime="Fri Sep 21 15:48:30 CST 2012" endtime="Fri Sep 21 15:48:30 CST 2012" />
            <Test name="testNegativePortEqualsPlaceholder" result="pass" starttime="Fri Sep 21 15:48:30 CST 2012" endtime="Fri Sep 21 15:48:30 CST 2012" />
            <Test name="testNoHost" result="pass" starttime="Fri Sep 21 15:48:30 CST 2012" endtime="Fri Sep 21 15:48:30 CST 2012" />
            <Test name="testNoHostAndNoPath" result="pass" starttime="Fri Sep 21 15:48:30 CST 2012" endtime="Fri Sep 21 15:48:30 CST 2012" />
            <Test name="testNoPath" result="pass" starttime="Fri Sep 21 15:48:30 CST 2012" endtime="Fri Sep 21 15:48:30 CST 2012" />
            <Test name="testNonNumericPort" result="pass" starttime="Fri Sep 21 15:48:30 CST 2012" endtime="Fri Sep 21 15:48:30 CST 2012" />
            <Test name="testParseServerAuthorityInvalidAuthority" result="pass" starttime="Fri Sep 21 15:48:30 CST 2012" endtime="Fri Sep 21 15:48:31 CST 2012" />
            <Test name="testParseServerAuthorityOmittedAuthority" result="pass" starttime="Fri Sep 21 15:48:31 CST 2012" endtime="Fri Sep 21 15:48:31 CST 2012" />
            <Test name="testParsingDotAsHostname" result="pass" starttime="Fri Sep 21 15:48:31 CST 2012" endtime="Fri Sep 21 15:48:31 CST 2012" />
            <Test name="testPartContainsSpace" result="pass" starttime="Fri Sep 21 15:48:31 CST 2012" endtime="Fri Sep 21 15:48:31 CST 2012" />
            <Test name="testPathContainsRelativeParts" result="pass" starttime="Fri Sep 21 15:48:31 CST 2012" endtime="Fri Sep 21 15:48:31 CST 2012" />
            <Test name="testPathOnly" result="pass" starttime="Fri Sep 21 15:48:31 CST 2012" endtime="Fri Sep 21 15:48:31 CST 2012" />
            <Test name="testQueryOnly" result="pass" starttime="Fri Sep 21 15:48:31 CST 2012" endtime="Fri Sep 21 15:48:31 CST 2012" />
            <Test name="testQuestionMarkInFragment" result="pass" starttime="Fri Sep 21 15:48:31 CST 2012" endtime="Fri Sep 21 15:48:31 CST 2012" />
            <Test name="testQuestionMarkInQuery" result="pass" starttime="Fri Sep 21 15:48:31 CST 2012" endtime="Fri Sep 21 15:48:32 CST 2012" />
            <Test name="testRelativeChildDirectory" result="pass" starttime="Fri Sep 21 15:48:32 CST 2012" endtime="Fri Sep 21 15:48:32 CST 2012" />
            <Test name="testRelativeDifferentAuthority" result="pass" starttime="Fri Sep 21 15:48:32 CST 2012" endtime="Fri Sep 21 15:48:32 CST 2012" />
            <Test name="testRelativeDifferentScheme" result="pass" starttime="Fri Sep 21 15:48:32 CST 2012" endtime="Fri Sep 21 15:48:32 CST 2012" />
            <Test name="testRelativeFragmentOnQuery" result="pass" starttime="Fri Sep 21 15:48:32 CST 2012" endtime="Fri Sep 21 15:48:32 CST 2012" />
            <Test name="testRelativeFullUrl" result="pass" starttime="Fri Sep 21 15:48:32 CST 2012" endtime="Fri Sep 21 15:48:32 CST 2012" />
            <Test name="testRelativeParentDirectory" result="pass" starttime="Fri Sep 21 15:48:32 CST 2012" endtime="Fri Sep 21 15:48:32 CST 2012" />
            <Test name="testRelativePathAndFragment" result="pass" starttime="Fri Sep 21 15:48:32 CST 2012" endtime="Fri Sep 21 15:48:32 CST 2012" />
            <Test name="testRelativePathOnQuery" result="pass" starttime="Fri Sep 21 15:48:32 CST 2012" endtime="Fri Sep 21 15:48:33 CST 2012" />
            <Test name="testRelativeRootDirectory" result="pass" starttime="Fri Sep 21 15:48:33 CST 2012" endtime="Fri Sep 21 15:48:33 CST 2012" />
            <Test name="testRelativeWithScheme" result="pass" starttime="Fri Sep 21 15:48:33 CST 2012" endtime="Fri Sep 21 15:48:33 CST 2012" />
            <Test name="testRelativize" result="pass" starttime="Fri Sep 21 15:48:33 CST 2012" endtime="Fri Sep 21 15:48:33 CST 2012" />
            <Test name="testRelativizeRelativeAndAbsolute" result="pass" starttime="Fri Sep 21 15:48:33 CST 2012" endtime="Fri Sep 21 15:48:33 CST 2012" />
            <Test name="testResolveRelativeAndAbsolute" result="pass" starttime="Fri Sep 21 15:48:33 CST 2012" endtime="Fri Sep 21 15:48:33 CST 2012" />
            <Test name="testRfc1808AbnormalExampleNonsensicalDots" result="pass" starttime="Fri Sep 21 15:48:33 CST 2012" endtime="Fri Sep 21 15:48:33 CST 2012" />
            <Test name="testRfc1808AbnormalExampleQueryOrFragmentDots" result="pass" starttime="Fri Sep 21 15:48:33 CST 2012" endtime="Fri Sep 21 15:48:33 CST 2012" />
            <Test name="testRfc1808AbnormalExampleRelativeScheme" result="pass" starttime="Fri Sep 21 15:48:33 CST 2012" endtime="Fri Sep 21 15:48:34 CST 2012" />
            <Test name="testRfc1808AbnormalExampleRemoveDotSegments" result="pass" starttime="Fri Sep 21 15:48:34 CST 2012" endtime="Fri Sep 21 15:48:34 CST 2012" />
            <Test name="testRfc1808AbnormalExampleTooManyDotDotSequences" result="pass" starttime="Fri Sep 21 15:48:34 CST 2012" endtime="Fri Sep 21 15:48:34 CST 2012" />
            <Test name="testRfc1808NormalExamples" result="pass" starttime="Fri Sep 21 15:48:34 CST 2012" endtime="Fri Sep 21 15:48:34 CST 2012" />
            <Test name="testSchemeCaseIsNotCanonicalized" result="pass" starttime="Fri Sep 21 15:48:34 CST 2012" endtime="Fri Sep 21 15:48:34 CST 2012" />
            <Test name="testSlashInFragment" result="pass" starttime="Fri Sep 21 15:48:34 CST 2012" endtime="Fri Sep 21 15:48:34 CST 2012" />
            <Test name="testSlashInQuery" result="pass" starttime="Fri Sep 21 15:48:34 CST 2012" endtime="Fri Sep 21 15:48:34 CST 2012" />
            <Test name="testSquareBracketsInUserInfo" result="pass" starttime="Fri Sep 21 15:48:34 CST 2012" endtime="Fri Sep 21 15:48:34 CST 2012" />
            <Test name="testSquareBracketsWithHostname" result="pass" starttime="Fri Sep 21 15:48:34 CST 2012" endtime="Fri Sep 21 15:48:35 CST 2012" />
            <Test name="testSquareBracketsWithIPv4" result="pass" starttime="Fri Sep 21 15:48:35 CST 2012" endtime="Fri Sep 21 15:48:35 CST 2012" />
            <Test name="testUriParts" result="pass" starttime="Fri Sep 21 15:48:35 CST 2012" endtime="Fri Sep 21 15:48:35 CST 2012" />
            <Test name="testUriSerialization" result="pass" starttime="Fri Sep 21 15:48:35 CST 2012" endtime="Fri Sep 21 15:48:35 CST 2012" />
            <Test name="testUserNoPassword" result="pass" starttime="Fri Sep 21 15:48:35 CST 2012" endtime="Fri Sep 21 15:48:35 CST 2012" />
            <Test name="testUserNoPasswordExplicitPort" result="pass" starttime="Fri Sep 21 15:48:35 CST 2012" endtime="Fri Sep 21 15:48:35 CST 2012" />
            <Test name="testUserPasswordEmptyHostEmptyPort" result="pass" starttime="Fri Sep 21 15:48:35 CST 2012" endtime="Fri Sep 21 15:48:35 CST 2012" />
            <Test name="testUserPasswordEmptyHostPort" result="pass" starttime="Fri Sep 21 15:48:35 CST 2012" endtime="Fri Sep 21 15:48:35 CST 2012" />
            <Test name="testUserPasswordHostPort" result="pass" starttime="Fri Sep 21 15:48:35 CST 2012" endtime="Fri Sep 21 15:48:36 CST 2012" />
          </TestCase>
          <TestCase name="URLStreamHandlerFactoryTest" priority="">
            <Test name="testCreateURLStreamHandler" result="pass" starttime="Fri Sep 21 15:49:26 CST 2012" endtime="Fri Sep 21 15:49:26 CST 2012" />
            <Test name="testFirstUseIsCached" result="pass" starttime="Fri Sep 21 15:49:26 CST 2012" endtime="Fri Sep 21 15:49:26 CST 2012" />
            <Test name="testInstallCustomProtocolHandler" result="pass" starttime="Fri Sep 21 15:49:26 CST 2012" endtime="Fri Sep 21 15:49:26 CST 2012" />
          </TestCase>
          <TestCase name="URLTest" priority="">
            <Test name="testAtSignInPath" result="pass" starttime="Fri Sep 21 15:49:26 CST 2012" endtime="Fri Sep 21 15:49:26 CST 2012" />
            <Test name="testAtSignInQuery" result="pass" starttime="Fri Sep 21 15:49:26 CST 2012" endtime="Fri Sep 21 15:49:26 CST 2012" />
            <Test name="testAtSignInUserInfo" result="pass" starttime="Fri Sep 21 15:49:26 CST 2012" endtime="Fri Sep 21 15:49:26 CST 2012" />
            <Test name="testColonInFragment" result="pass" starttime="Fri Sep 21 15:49:26 CST 2012" endtime="Fri Sep 21 15:49:26 CST 2012" />
            <Test name="testColonInPath" result="pass" starttime="Fri Sep 21 15:49:26 CST 2012" endtime="Fri Sep 21 15:49:26 CST 2012" />
            <Test name="testColonInQuery" result="pass" starttime="Fri Sep 21 15:49:26 CST 2012" endtime="Fri Sep 21 15:49:26 CST 2012" />
            <Test name="testCombiningConstructorsDoNotMakeEmptyPathsAbsolute" result="pass" starttime="Fri Sep 21 15:49:26 CST 2012" endtime="Fri Sep 21 15:49:27 CST 2012" />
            <Test name="testCombiningConstructorsMakeRelativePathsAbsolute" result="pass" starttime="Fri Sep 21 15:49:27 CST 2012" endtime="Fri Sep 21 15:49:27 CST 2012" />
            <Test name="testComposeUrl" result="pass" starttime="Fri Sep 21 15:49:27 CST 2012" endtime="Fri Sep 21 15:49:27 CST 2012" />
            <Test name="testComposeUrlWithNullHost" result="pass" starttime="Fri Sep 21 15:49:27 CST 2012" endtime="Fri Sep 21 15:49:27 CST 2012" />
            <Test name="testEmptyAuthority" result="pass" starttime="Fri Sep 21 15:49:27 CST 2012" endtime="Fri Sep 21 15:49:27 CST 2012" />
            <Test name="testEmptyAuthorityWithFragment" result="pass" starttime="Fri Sep 21 15:49:27 CST 2012" endtime="Fri Sep 21 15:49:27 CST 2012" />
            <Test name="testEmptyAuthorityWithPath" result="pass" starttime="Fri Sep 21 15:49:27 CST 2012" endtime="Fri Sep 21 15:49:27 CST 2012" />
            <Test name="testEmptyAuthorityWithQuery" result="pass" starttime="Fri Sep 21 15:49:27 CST 2012" endtime="Fri Sep 21 15:49:27 CST 2012" />
            <Test name="testEmptyHostAndNoPath" result="pass" starttime="Fri Sep 21 15:49:27 CST 2012" endtime="Fri Sep 21 15:49:27 CST 2012" />
            <Test name="testEmptyPort" result="pass" starttime="Fri Sep 21 15:49:27 CST 2012" endtime="Fri Sep 21 15:49:28 CST 2012" />
            <Test name="testEqualityWithNoPath" result="pass" starttime="Fri Sep 21 15:49:28 CST 2012" endtime="Fri Sep 21 15:49:28 CST 2012" />
            <Test name="testEqualsCaseMapping" result="pass" starttime="Fri Sep 21 15:49:28 CST 2012" endtime="Fri Sep 21 15:49:28 CST 2012" />
            <Test name="testEqualsDoesNotDoHostnameResolution" result="pass" starttime="Fri Sep 21 15:49:28 CST 2012" endtime="Fri Sep 21 15:49:28 CST 2012" />
            <Test name="testExplicitPort" result="pass" starttime="Fri Sep 21 15:49:28 CST 2012" endtime="Fri Sep 21 15:49:28 CST 2012" />
            <Test name="testFileEquals" result="pass" starttime="Fri Sep 21 15:49:28 CST 2012" endtime="Fri Sep 21 15:49:28 CST 2012" />
            <Test name="testFileEqualsWithEmptyHost" result="pass" starttime="Fri Sep 21 15:49:28 CST 2012" endtime="Fri Sep 21 15:49:28 CST 2012" />
            <Test name="testFileUrlDottedPath" result="pass" starttime="Fri Sep 21 15:49:28 CST 2012" endtime="Fri Sep 21 15:49:28 CST 2012" />
            <Test name="testFileUrlExtraLeadingSlashes" result="pass" starttime="Fri Sep 21 15:49:28 CST 2012" endtime="Fri Sep 21 15:49:28 CST 2012" />
            <Test name="testFileUrlRelativePath" result="pass" starttime="Fri Sep 21 15:49:28 CST 2012" endtime="Fri Sep 21 15:49:29 CST 2012" />
            <Test name="testFileUrlWithAuthority" result="pass" starttime="Fri Sep 21 15:49:29 CST 2012" endtime="Fri Sep 21 15:49:29 CST 2012" />
            <Test name="testFragmentOnly" result="pass" starttime="Fri Sep 21 15:49:29 CST 2012" endtime="Fri Sep 21 15:49:29 CST 2012" />
            <Test name="testHashInFragment" result="pass" starttime="Fri Sep 21 15:49:29 CST 2012" endtime="Fri Sep 21 15:49:29 CST 2012" />
            <Test name="testHttpEqualsWithEmptyHost" result="pass" starttime="Fri Sep 21 15:49:29 CST 2012" endtime="Fri Sep 21 15:49:29 CST 2012" />
            <Test name="testHttpUrlExtraLeadingSlashes" result="pass" starttime="Fri Sep 21 15:49:29 CST 2012" endtime="Fri Sep 21 15:49:29 CST 2012" />
            <Test name="testIPv6WithoutSquareBrackets" result="pass" starttime="Fri Sep 21 15:49:29 CST 2012" endtime="Fri Sep 21 15:49:29 CST 2012" />
            <Test name="testIpv6WithSquareBrackets" result="pass" starttime="Fri Sep 21 15:49:29 CST 2012" endtime="Fri Sep 21 15:49:29 CST 2012" />
            <Test name="testJarEquals" result="pass" starttime="Fri Sep 21 15:49:29 CST 2012" endtime="Fri Sep 21 15:49:29 CST 2012" />
            <Test name="testMalformedUrlsRefusedByFirefoxAndChrome" result="pass" starttime="Fri Sep 21 15:49:29 CST 2012" endtime="Fri Sep 21 15:49:30 CST 2012" />
            <Test name="testNegativePort" result="pass" starttime="Fri Sep 21 15:49:30 CST 2012" endtime="Fri Sep 21 15:49:30 CST 2012" />
            <Test name="testNegativePortEqualsPlaceholder" result="pass" starttime="Fri Sep 21 15:49:30 CST 2012" endtime="Fri Sep 21 15:49:30 CST 2012" />
            <Test name="testNoHost" result="pass" starttime="Fri Sep 21 15:49:30 CST 2012" endtime="Fri Sep 21 15:49:30 CST 2012" />
            <Test name="testNoHostAndNoPath" result="pass" starttime="Fri Sep 21 15:49:30 CST 2012" endtime="Fri Sep 21 15:49:30 CST 2012" />
            <Test name="testNoPath" result="pass" starttime="Fri Sep 21 15:49:30 CST 2012" endtime="Fri Sep 21 15:49:30 CST 2012" />
            <Test name="testNonNumericPort" result="pass" starttime="Fri Sep 21 15:49:30 CST 2012" endtime="Fri Sep 21 15:49:30 CST 2012" />
            <Test name="testOmittedHost" result="pass" starttime="Fri Sep 21 15:49:30 CST 2012" endtime="Fri Sep 21 15:49:30 CST 2012" />
            <Test name="testOnlySupportedProtocols" result="pass" starttime="Fri Sep 21 15:49:30 CST 2012" endtime="Fri Sep 21 15:49:30 CST 2012" />
            <Test name="testParsingDotAsHostname" result="pass" starttime="Fri Sep 21 15:49:30 CST 2012" endtime="Fri Sep 21 15:49:30 CST 2012" />
            <Test name="testPartContainsSpace" result="pass" starttime="Fri Sep 21 15:49:30 CST 2012" endtime="Fri Sep 21 15:49:31 CST 2012" />
            <Test name="testPathContainsRelativeParts" result="pass" starttime="Fri Sep 21 15:49:31 CST 2012" endtime="Fri Sep 21 15:49:31 CST 2012" />
            <Test name="testPathOnly" result="pass" starttime="Fri Sep 21 15:49:31 CST 2012" endtime="Fri Sep 21 15:49:31 CST 2012" />
            <Test name="testQueryOnly" result="pass" starttime="Fri Sep 21 15:49:31 CST 2012" endtime="Fri Sep 21 15:49:31 CST 2012" />
            <Test name="testQuestionMarkInFragment" result="pass" starttime="Fri Sep 21 15:49:31 CST 2012" endtime="Fri Sep 21 15:49:31 CST 2012" />
            <Test name="testQuestionMarkInQuery" result="pass" starttime="Fri Sep 21 15:49:31 CST 2012" endtime="Fri Sep 21 15:49:31 CST 2012" />
            <Test name="testRelativeChildDirectory" result="pass" starttime="Fri Sep 21 15:49:31 CST 2012" endtime="Fri Sep 21 15:49:31 CST 2012" />
            <Test name="testRelativeDifferentAuthority" result="pass" starttime="Fri Sep 21 15:49:31 CST 2012" endtime="Fri Sep 21 15:49:31 CST 2012" />
            <Test name="testRelativeDifferentScheme" result="pass" starttime="Fri Sep 21 15:49:31 CST 2012" endtime="Fri Sep 21 15:49:31 CST 2012" />
            <Test name="testRelativeFragmentOnQuery" result="pass" starttime="Fri Sep 21 15:49:31 CST 2012" endtime="Fri Sep 21 15:49:32 CST 2012" />
            <Test name="testRelativeFullUrl" result="pass" starttime="Fri Sep 21 15:49:32 CST 2012" endtime="Fri Sep 21 15:49:32 CST 2012" />
            <Test name="testRelativeParentDirectory" result="pass" starttime="Fri Sep 21 15:49:32 CST 2012" endtime="Fri Sep 21 15:49:32 CST 2012" />
            <Test name="testRelativePathAndFragment" result="pass" starttime="Fri Sep 21 15:49:32 CST 2012" endtime="Fri Sep 21 15:49:32 CST 2012" />
            <Test name="testRelativePathOnQuery" result="pass" starttime="Fri Sep 21 15:49:32 CST 2012" endtime="Fri Sep 21 15:49:32 CST 2012" />
            <Test name="testRelativeRootDirectory" result="pass" starttime="Fri Sep 21 15:49:32 CST 2012" endtime="Fri Sep 21 15:49:32 CST 2012" />
            <Test name="testRelativeWithScheme" result="pass" starttime="Fri Sep 21 15:49:32 CST 2012" endtime="Fri Sep 21 15:49:32 CST 2012" />
            <Test name="testRfc1808AbnormalExampleNonsensicalDots" result="pass" starttime="Fri Sep 21 15:49:32 CST 2012" endtime="Fri Sep 21 15:49:32 CST 2012" />
            <Test name="testRfc1808AbnormalExampleQueryOrFragmentDots" result="pass" starttime="Fri Sep 21 15:49:32 CST 2012" endtime="Fri Sep 21 15:49:32 CST 2012" />
            <Test name="testRfc1808AbnormalExampleRelativeScheme" result="pass" starttime="Fri Sep 21 15:49:32 CST 2012" endtime="Fri Sep 21 15:49:33 CST 2012" />
            <Test name="testRfc1808AbnormalExampleRemoveDotSegments" result="pass" starttime="Fri Sep 21 15:49:33 CST 2012" endtime="Fri Sep 21 15:49:33 CST 2012" />
            <Test name="testRfc1808AbnormalExampleTooManyDotDotSequences" result="pass" starttime="Fri Sep 21 15:49:33 CST 2012" endtime="Fri Sep 21 15:49:33 CST 2012" />
            <Test name="testRfc1808NormalExamples" result="pass" starttime="Fri Sep 21 15:49:33 CST 2012" endtime="Fri Sep 21 15:49:33 CST 2012" />
            <Test name="testSchemeCaseIsCanonicalized" result="pass" starttime="Fri Sep 21 15:49:33 CST 2012" endtime="Fri Sep 21 15:49:33 CST 2012" />
            <Test name="testSlashInFragment" result="pass" starttime="Fri Sep 21 15:49:33 CST 2012" endtime="Fri Sep 21 15:49:33 CST 2012" />
            <Test name="testSlashInFragmentCombiningConstructor" result="pass" starttime="Fri Sep 21 15:49:33 CST 2012" endtime="Fri Sep 21 15:49:33 CST 2012" />
            <Test name="testSlashInQuery" result="pass" starttime="Fri Sep 21 15:49:33 CST 2012" endtime="Fri Sep 21 15:49:33 CST 2012" />
            <Test name="testSquareBracketsInUserInfo" result="pass" starttime="Fri Sep 21 15:49:33 CST 2012" endtime="Fri Sep 21 15:49:33 CST 2012" />
            <Test name="testSquareBracketsWithHostname" result="pass" starttime="Fri Sep 21 15:49:33 CST 2012" endtime="Fri Sep 21 15:49:34 CST 2012" />
            <Test name="testSquareBracketsWithIPv4" result="pass" starttime="Fri Sep 21 15:49:34 CST 2012" endtime="Fri Sep 21 15:49:34 CST 2012" />
            <Test name="testUrlDoesNotEncodeParts" result="pass" starttime="Fri Sep 21 15:49:34 CST 2012" endtime="Fri Sep 21 15:49:34 CST 2012" />
            <Test name="testUrlParts" result="pass" starttime="Fri Sep 21 15:49:34 CST 2012" endtime="Fri Sep 21 15:49:34 CST 2012" />
            <Test name="testUrlSerialization" result="pass" starttime="Fri Sep 21 15:49:34 CST 2012" endtime="Fri Sep 21 15:49:34 CST 2012" />
            <Test name="testUrlSerializationWithHashCode" result="pass" starttime="Fri Sep 21 15:49:34 CST 2012" endtime="Fri Sep 21 15:49:34 CST 2012" />
            <Test name="testUserNoPassword" result="pass" starttime="Fri Sep 21 15:49:34 CST 2012" endtime="Fri Sep 21 15:49:34 CST 2012" />
            <Test name="testUserNoPasswordExplicitPort" result="pass" starttime="Fri Sep 21 15:49:34 CST 2012" endtime="Fri Sep 21 15:49:34 CST 2012" />
            <Test name="testUserPasswordEmptyHostEmptyPort" result="pass" starttime="Fri Sep 21 15:49:34 CST 2012" endtime="Fri Sep 21 15:49:34 CST 2012" />
            <Test name="testUserPasswordEmptyHostPort" result="pass" starttime="Fri Sep 21 15:49:34 CST 2012" endtime="Fri Sep 21 15:49:34 CST 2012" />
            <Test name="testUserPasswordHostPort" result="pass" starttime="Fri Sep 21 15:49:34 CST 2012" endtime="Fri Sep 21 15:49:35 CST 2012" />
          </TestCase>
          <TestCase name="UrlEncodingTest" priority="">
            <Test name="testDecoding" result="pass" starttime="Fri Sep 21 15:49:35 CST 2012" endtime="Fri Sep 21 15:49:35 CST 2012" />
            <Test name="testDecodingBrokenUtf8SequenceYieldsReplacementCharacter" result="pass" starttime="Fri Sep 21 15:49:35 CST 2012" endtime="Fri Sep 21 15:49:35 CST 2012" />
            <Test name="testDecodingLiterals" result="pass" starttime="Fri Sep 21 15:49:35 CST 2012" endtime="Fri Sep 21 15:49:35 CST 2012" />
            <Test name="testDecodingNonUsDigits" result="pass" starttime="Fri Sep 21 15:49:35 CST 2012" endtime="Fri Sep 21 15:49:35 CST 2012" />
            <Test name="testDecodingPlus" result="pass" starttime="Fri Sep 21 15:49:35 CST 2012" endtime="Fri Sep 21 15:49:35 CST 2012" />
            <Test name="testDecodingSpace" result="pass" starttime="Fri Sep 21 15:49:35 CST 2012" endtime="Fri Sep 21 15:49:35 CST 2012" />
            <Test name="testDecodingUtf8Octets" result="pass" starttime="Fri Sep 21 15:49:35 CST 2012" endtime="Fri Sep 21 15:49:35 CST 2012" />
            <Test name="testEncodeAndDecode" result="pass" starttime="Fri Sep 21 15:49:35 CST 2012" endtime="Fri Sep 21 15:49:35 CST 2012" />
            <Test name="testEncoding" result="pass" starttime="Fri Sep 21 15:49:35 CST 2012" endtime="Fri Sep 21 15:49:36 CST 2012" />
            <Test name="testEncodingPlus" result="pass" starttime="Fri Sep 21 15:49:36 CST 2012" endtime="Fri Sep 21 15:49:36 CST 2012" />
            <Test name="testEncodingSpace" result="pass" starttime="Fri Sep 21 15:49:36 CST 2012" endtime="Fri Sep 21 15:49:36 CST 2012" />
            <Test name="testUriDecodingInvalid" result="pass" starttime="Fri Sep 21 15:49:36 CST 2012" endtime="Fri Sep 21 15:49:36 CST 2012" />
            <Test name="testUriDecodingPartial" result="pass" starttime="Fri Sep 21 15:49:36 CST 2012" endtime="Fri Sep 21 15:49:36 CST 2012" />
            <Test name="testUriDoesNotEncodeNonPrintableNonAsciiCharacters" result="pass" starttime="Fri Sep 21 15:49:36 CST 2012" endtime="Fri Sep 21 15:49:36 CST 2012" />
            <Test name="testUriEncodesControlCharacters" result="pass" starttime="Fri Sep 21 15:49:36 CST 2012" endtime="Fri Sep 21 15:49:36 CST 2012" />
            <Test name="testUriRetainsOriginalEncoding" result="pass" starttime="Fri Sep 21 15:49:36 CST 2012" endtime="Fri Sep 21 15:49:36 CST 2012" />
            <Test name="testUrlDecoderDecodingInvalid" result="pass" starttime="Fri Sep 21 15:49:36 CST 2012" endtime="Fri Sep 21 15:49:36 CST 2012" />
            <Test name="testUrlDecoderDecodingPartial" result="pass" starttime="Fri Sep 21 15:49:36 CST 2012" endtime="Fri Sep 21 15:49:37 CST 2012" />
            <Test name="testUrlDecoderFailsOnEmptyCharset" result="pass" starttime="Fri Sep 21 15:49:37 CST 2012" endtime="Fri Sep 21 15:49:37 CST 2012" />
            <Test name="testUrlDecoderFailsOnNullCharset" result="pass" starttime="Fri Sep 21 15:49:37 CST 2012" endtime="Fri Sep 21 15:49:37 CST 2012" />
            <Test name="testUrlDecoderIgnoresUnnecessaryCharset" result="pass" starttime="Fri Sep 21 15:49:37 CST 2012" endtime="Fri Sep 21 15:49:37 CST 2012" />
            <Test name="testUrlEncoderEncodesNonPrintableNonAsciiCharacters" result="pass" starttime="Fri Sep 21 15:49:37 CST 2012" endtime="Fri Sep 21 15:49:37 CST 2012" />
            <Test name="testUrlEncoderFailsOnEmptyCharset" result="pass" starttime="Fri Sep 21 15:49:37 CST 2012" endtime="Fri Sep 21 15:49:37 CST 2012" />
            <Test name="testUrlEncoderFailsOnInvalidCharset" result="pass" starttime="Fri Sep 21 15:49:37 CST 2012" endtime="Fri Sep 21 15:49:37 CST 2012" />
            <Test name="testUrlEncoderFailsOnNullCharset" result="pass" starttime="Fri Sep 21 15:49:37 CST 2012" endtime="Fri Sep 21 15:49:37 CST 2012" />
          </TestCase>
        </TestSuite>
        <TestSuite name="nio">
          <TestSuite name="channels">
            <TestCase name="ChannelsTest" priority="">
              <Test name="testReaderNonBlocking" result="pass" starttime="Fri Sep 21 15:49:43 CST 2012" endtime="Fri Sep 21 15:49:43 CST 2012" />
              <Test name="testStreamNonBlocking" result="pass" starttime="Fri Sep 21 15:49:43 CST 2012" endtime="Fri Sep 21 15:49:43 CST 2012" />
            </TestCase>
            <TestCase name="DatagramChannelTest" priority="">
              <Test name="testNonBlockingRecv" result="pass" starttime="Fri Sep 21 15:49:43 CST 2012" endtime="Fri Sep 21 15:49:43 CST 2012" />
              <Test name="test_read_intoReadOnlyByteArrays" result="pass" starttime="Fri Sep 21 15:49:43 CST 2012" endtime="Fri Sep 21 15:49:43 CST 2012" />
            </TestCase>
            <TestCase name="FileChannelTest" priority="">
              <Test name="testReadOnlyByteArrays" result="pass" starttime="Fri Sep 21 15:49:43 CST 2012" endtime="Fri Sep 21 15:49:43 CST 2012" />
              <Test name="test_append" result="pass" starttime="Fri Sep 21 15:49:43 CST 2012" endtime="Fri Sep 21 15:49:44 CST 2012" />
              <Test name="test_readv" result="pass" starttime="Fri Sep 21 15:49:44 CST 2012" endtime="Fri Sep 21 15:49:44 CST 2012" />
              <Test name="test_writev" result="pass" starttime="Fri Sep 21 15:49:44 CST 2012" endtime="Fri Sep 21 15:49:44 CST 2012" />
            </TestCase>
            <TestCase name="OldFileChannelTest" priority="">
              <Test name="testTryLockOverlapping" result="pass" starttime="Fri Sep 21 15:49:44 CST 2012" endtime="Fri Sep 21 15:49:44 CST 2012" />
              <Test name="testTryLockVeryLarge" result="pass" starttime="Fri Sep 21 15:49:44 CST 2012" endtime="Fri Sep 21 15:49:44 CST 2012" />
              <Test name="test_forceZ" result="pass" starttime="Fri Sep 21 15:49:44 CST 2012" endtime="Fri Sep 21 15:49:44 CST 2012" />
              <Test name="test_isOpen" result="pass" starttime="Fri Sep 21 15:49:44 CST 2012" endtime="Fri Sep 21 15:49:44 CST 2012" />
              <Test name="test_read$LByteBufferII_EmptyBuffers" result="pass" starttime="Fri Sep 21 15:49:44 CST 2012" endtime="Fri Sep 21 15:49:44 CST 2012" />
              <Test name="test_read$LByteBufferII_EmptyFile" result="pass" starttime="Fri Sep 21 15:49:44 CST 2012" endtime="Fri Sep 21 15:49:44 CST 2012" />
              <Test name="test_read$LByteBufferII_IndexOutOfBound" result="pass" starttime="Fri Sep 21 15:49:44 CST 2012" endtime="Fri Sep 21 15:49:45 CST 2012" />
              <Test name="test_read$LByteBufferII_Null" result="pass" starttime="Fri Sep 21 15:49:45 CST 2012" endtime="Fri Sep 21 15:49:45 CST 2012" />
              <Test name="test_readLByteBufferJ_IllegalArgument" result="pass" starttime="Fri Sep 21 15:49:45 CST 2012" endtime="Fri Sep 21 15:49:45 CST 2012" />
              <Test name="test_transferToJJLWritableByteChannel_IllegalArgument" result="pass" starttime="Fri Sep 21 15:49:45 CST 2012" endtime="Fri Sep 21 15:49:45 CST 2012" />
              <Test name="test_tryLockJJZ_IllegalArgument" result="pass" starttime="Fri Sep 21 15:49:45 CST 2012" endtime="Fri Sep 21 15:49:45 CST 2012" />
              <Test name="test_write$LByteBuffer" result="pass" starttime="Fri Sep 21 15:49:45 CST 2012" endtime="Fri Sep 21 15:49:45 CST 2012" />
              <Test name="test_write$LByteBufferII_EmptyBuffers" result="pass" starttime="Fri Sep 21 15:49:45 CST 2012" endtime="Fri Sep 21 15:49:45 CST 2012" />
              <Test name="test_write$LByteBufferII_IndexOutOfBound" result="pass" starttime="Fri Sep 21 15:49:45 CST 2012" endtime="Fri Sep 21 15:49:45 CST 2012" />
              <Test name="test_write$LByteBufferII_Null" result="pass" starttime="Fri Sep 21 15:49:45 CST 2012" endtime="Fri Sep 21 15:49:45 CST 2012" />
              <Test name="test_write$LByteBuffer_Closed" result="pass" starttime="Fri Sep 21 15:49:45 CST 2012" endtime="Fri Sep 21 15:49:46 CST 2012" />
              <Test name="test_write$LByteBuffer_EmptyBuffers" result="pass" starttime="Fri Sep 21 15:49:46 CST 2012" endtime="Fri Sep 21 15:49:46 CST 2012" />
              <Test name="test_write$LByteBuffer_ReadOnly" result="pass" starttime="Fri Sep 21 15:49:46 CST 2012" endtime="Fri Sep 21 15:49:46 CST 2012" />
              <Test name="test_writeLByteBufferJ_IllegalArgument" result="pass" starttime="Fri Sep 21 15:49:46 CST 2012" endtime="Fri Sep 21 15:49:46 CST 2012" />
              <Test name="test_writeLByteBufferJ_NonZeroPosition" result="pass" starttime="Fri Sep 21 15:49:46 CST 2012" endtime="Fri Sep 21 15:49:46 CST 2012" />
              <Test name="test_writeLByteBufferJ_Postion_As_Long" result="pass" starttime="Fri Sep 21 15:49:46 CST 2012" endtime="Fri Sep 21 15:49:46 CST 2012" />
              <Test name="test_writeLByteBuffer_Closed" result="pass" starttime="Fri Sep 21 15:49:46 CST 2012" endtime="Fri Sep 21 15:49:46 CST 2012" />
            </TestCase>
            <TestCase name="OldServerSocketChannelTest" priority="">
              <Test name="testConstructor" result="pass" starttime="Fri Sep 21 15:49:46 CST 2012" endtime="Fri Sep 21 15:49:46 CST 2012" />
              <Test name="testIsOpen" result="pass" starttime="Fri Sep 21 15:49:46 CST 2012" endtime="Fri Sep 21 15:49:46 CST 2012" />
              <Test name="test_accept_Block_NoConnect_interrupt" result="pass" starttime="Fri Sep 21 15:49:46 CST 2012" endtime="Fri Sep 21 15:49:47 CST 2012" />
            </TestCase>
            <TestCase name="OldSocketChannelTest" priority="">
              <Test name="testChannelBasicStatus" result="pass" starttime="Fri Sep 21 15:49:47 CST 2012" endtime="Fri Sep 21 15:49:47 CST 2012" />
              <Test name="testConstructor" result="pass" starttime="Fri Sep 21 15:49:47 CST 2012" endtime="Fri Sep 21 15:49:47 CST 2012" />
              <Test name="testIsConnected" result="pass" starttime="Fri Sep 21 15:49:47 CST 2012" endtime="Fri Sep 21 15:49:47 CST 2012" />
              <Test name="testIsConnectionPending" result="pass" starttime="Fri Sep 21 15:49:47 CST 2012" endtime="Fri Sep 21 15:49:47 CST 2012" />
              <Test name="testIsOpen" result="pass" starttime="Fri Sep 21 15:49:47 CST 2012" endtime="Fri Sep 21 15:49:47 CST 2012" />
              <Test name="testOpen" result="pass" starttime="Fri Sep 21 15:49:47 CST 2012" endtime="Fri Sep 21 15:49:47 CST 2012" />
              <Test name="testOpenSocketAddress" result="pass" starttime="Fri Sep 21 15:49:47 CST 2012" endtime="Fri Sep 21 15:49:47 CST 2012" />
              <Test name="testValidOps" result="pass" starttime="Fri Sep 21 15:49:47 CST 2012" endtime="Fri Sep 21 15:49:48 CST 2012" />
              <Test name="test_socketChannel_read_DirectByteBuffer" result="pass" starttime="Fri Sep 21 15:49:48 CST 2012" endtime="Fri Sep 21 15:49:48 CST 2012" />
            </TestCase>
            <TestCase name="PipeTest" priority="">
              <Test name="test_readEmptyPipe" result="pass" starttime="Fri Sep 21 15:49:48 CST 2012" endtime="Fri Sep 21 15:49:48 CST 2012" />
            </TestCase>
            <TestCase name="SelectorTest" priority="">
              <Test name="testEINTR" result="pass" starttime="Fri Sep 21 15:49:48 CST 2012" endtime="Fri Sep 21 15:49:50 CST 2012" />
              <Test name="testInterrupted" result="pass" starttime="Fri Sep 21 15:49:50 CST 2012" endtime="Fri Sep 21 15:49:50 CST 2012" />
              <Test name="testLeakingPipes" result="pass" starttime="Fri Sep 21 15:49:50 CST 2012" endtime="Fri Sep 21 15:49:51 CST 2012" />
              <Test name="testManyWakeupCallsTriggerOnlyOneWakeup" result="pass" starttime="Fri Sep 21 15:49:51 CST 2012" endtime="Fri Sep 21 15:49:51 CST 2012" />
              <Test name="testNonBlockingConnect_immediate" result="pass" starttime="Fri Sep 21 15:49:51 CST 2012" endtime="Fri Sep 21 15:49:51 CST 2012" />
              <Test name="testNonBlockingConnect_slow" result="pass" starttime="Fri Sep 21 15:49:51 CST 2012" endtime="Fri Sep 21 15:49:52 CST 2012" />
            </TestCase>
            <TestCase name="ServerSocketChannelTest" priority="">
              <Test name="testNonBlockingAccept" result="pass" starttime="Fri Sep 21 15:49:52 CST 2012" endtime="Fri Sep 21 15:49:52 CST 2012" />
            </TestCase>
            <TestCase name="SocketChannelTest" priority="">
              <Test name="test_read_intoReadOnlyByteArrays" result="pass" starttime="Fri Sep 21 15:49:52 CST 2012" endtime="Fri Sep 21 15:49:52 CST 2012" />
            </TestCase>
          </TestSuite>
          <TestSuite name="charset">
            <TestCase name="CharsetDecoderTest" priority="">
              <Test name="testUtf8BytesSplitAcrossMultipleWrites" result="pass" starttime="Fri Sep 21 15:49:52 CST 2012" endtime="Fri Sep 21 15:49:52 CST 2012" />
              <Test name="test_ByteArray_decode_no_offset" result="pass" starttime="Fri Sep 21 15:49:52 CST 2012" endtime="Fri Sep 21 15:49:53 CST 2012" />
              <Test name="test_ByteArray_decode_with_offset" result="pass" starttime="Fri Sep 21 15:49:53 CST 2012" endtime="Fri Sep 21 15:49:53 CST 2012" />
              <Test name="test_ByteArray_decode_with_offset_using_facade_method" result="pass" starttime="Fri Sep 21 15:49:53 CST 2012" endtime="Fri Sep 21 15:49:53 CST 2012" />
              <Test name="test_replaceWith" result="pass" starttime="Fri Sep 21 15:49:53 CST 2012" endtime="Fri Sep 21 15:49:53 CST 2012" />
            </TestCase>
            <TestCase name="CharsetEncoderTest" priority="">
              <Test name="testCharsetEncoderSurrogatesBrokenByDesign_IGNORE" result="pass" starttime="Fri Sep 21 15:49:53 CST 2012" endtime="Fri Sep 21 15:49:53 CST 2012" />
              <Test name="testCharsetEncoderSurrogatesBrokenByDesign_REPLACE" result="pass" starttime="Fri Sep 21 15:49:53 CST 2012" endtime="Fri Sep 21 15:49:53 CST 2012" />
              <Test name="testCharsetEncoderSurrogatesBrokenByDesign_REPORT" result="pass" starttime="Fri Sep 21 15:49:53 CST 2012" endtime="Fri Sep 21 15:49:53 CST 2012" />
              <Test name="testFlushWithoutEndOfInput" result="pass" starttime="Fri Sep 21 15:49:54 CST 2012" endtime="Fri Sep 21 15:49:54 CST 2012" />
              <Test name="testMalformedSurrogatePair" result="pass" starttime="Fri Sep 21 15:49:54 CST 2012" endtime="Fri Sep 21 15:49:54 CST 2012" />
              <Test name="testSurrogatePairAllAtOnce" result="pass" starttime="Fri Sep 21 15:49:54 CST 2012" endtime="Fri Sep 21 15:49:54 CST 2012" />
              <Test name="test_defaultReplacementBytesIso_8859_1" result="pass" starttime="Fri Sep 21 15:49:54 CST 2012" endtime="Fri Sep 21 15:49:54 CST 2012" />
              <Test name="test_defaultReplacementBytesUs_Ascii" result="pass" starttime="Fri Sep 21 15:49:54 CST 2012" endtime="Fri Sep 21 15:49:54 CST 2012" />
              <Test name="test_defaultReplacementBytesUtf_16be" result="pass" starttime="Fri Sep 21 15:49:54 CST 2012" endtime="Fri Sep 21 15:49:54 CST 2012" />
              <Test name="test_defaultReplacementBytesUtf_16le" result="pass" starttime="Fri Sep 21 15:49:54 CST 2012" endtime="Fri Sep 21 15:49:54 CST 2012" />
              <Test name="test_defaultReplacementBytesUtf_8" result="pass" starttime="Fri Sep 21 15:49:54 CST 2012" endtime="Fri Sep 21 15:49:54 CST 2012" />
              <Test name="test_replaceWith" result="pass" starttime="Fri Sep 21 15:49:54 CST 2012" endtime="Fri Sep 21 15:49:55 CST 2012" />
            </TestCase>
            <TestCase name="CharsetTest" priority="">
              <Test name="test_EUC_JP" result="pass" starttime="Fri Sep 21 15:49:55 CST 2012" endtime="Fri Sep 21 15:49:55 CST 2012" />
              <Test name="test_SCSU" result="pass" starttime="Fri Sep 21 15:49:55 CST 2012" endtime="Fri Sep 21 15:49:55 CST 2012" />
              <Test name="test_Shift_JIS" result="pass" starttime="Fri Sep 21 15:49:55 CST 2012" endtime="Fri Sep 21 15:49:55 CST 2012" />
              <Test name="test_allAvailableCharsets" result="pass" starttime="Fri Sep 21 15:49:56 CST 2012" endtime="Fri Sep 21 15:49:56 CST 2012" />
              <Test name="test_guaranteedCharsetsAvailable" result="pass" starttime="Fri Sep 21 15:49:56 CST 2012" endtime="Fri Sep 21 15:49:56 CST 2012" />
            </TestCase>
            <TestCase name="OldCharsetEncoderDecoderBufferTest" priority="">
              <Test name="testDecoderInputBuffer" result="pass" starttime="Fri Sep 21 15:49:56 CST 2012" endtime="Fri Sep 21 15:49:56 CST 2012" />
              <Test name="testDecoderOutputBuffer" result="pass" starttime="Fri Sep 21 15:49:56 CST 2012" endtime="Fri Sep 21 15:49:56 CST 2012" />
              <Test name="testEncoderInputBuffer" result="pass" starttime="Fri Sep 21 15:49:56 CST 2012" endtime="Fri Sep 21 15:49:57 CST 2012" />
              <Test name="testEncoderOutputBuffer" result="pass" starttime="Fri Sep 21 15:49:57 CST 2012" endtime="Fri Sep 21 15:49:57 CST 2012" />
            </TestCase>
            <TestCase name="OldCharset_GSM0338" priority="">
              <Test name="test_CodecDynamic" result="pass" starttime="Fri Sep 21 15:49:57 CST 2012" endtime="Fri Sep 21 15:49:57 CST 2012" />
              <Test name="test_Decode" result="pass" starttime="Fri Sep 21 15:49:57 CST 2012" endtime="Fri Sep 21 15:49:57 CST 2012" />
              <Test name="test_Encode" result="pass" starttime="Fri Sep 21 15:49:57 CST 2012" endtime="Fri Sep 21 15:49:57 CST 2012" />
              <Test name="test_dumpEncodableChars" result="pass" starttime="Fri Sep 21 15:49:57 CST 2012" endtime="Fri Sep 21 15:49:57 CST 2012" />
              <Test name="test_dumpEncoded" result="pass" starttime="Fri Sep 21 15:49:57 CST 2012" endtime="Fri Sep 21 15:49:57 CST 2012" />
              <Test name="test_nameMatch" result="pass" starttime="Fri Sep 21 15:49:57 CST 2012" endtime="Fri Sep 21 15:49:57 CST 2012" />
            </TestCase>
            <TestCase name="OldCharset_ISO_8859_10" priority="">
              <Test name="test_CodecDynamic" result="pass" starttime="Fri Sep 21 15:49:57 CST 2012" endtime="Fri Sep 21 15:49:58 CST 2012" />
              <Test name="test_Decode" result="pass" starttime="Fri Sep 21 15:49:58 CST 2012" endtime="Fri Sep 21 15:49:58 CST 2012" />
              <Test name="test_Encode" result="pass" starttime="Fri Sep 21 15:49:58 CST 2012" endtime="Fri Sep 21 15:49:58 CST 2012" />
              <Test name="test_dumpEncodableChars" result="pass" starttime="Fri Sep 21 15:49:58 CST 2012" endtime="Fri Sep 21 15:49:58 CST 2012" />
              <Test name="test_dumpEncoded" result="pass" starttime="Fri Sep 21 15:49:58 CST 2012" endtime="Fri Sep 21 15:49:58 CST 2012" />
              <Test name="test_nameMatch" result="pass" starttime="Fri Sep 21 15:49:58 CST 2012" endtime="Fri Sep 21 15:49:58 CST 2012" />
            </TestCase>
            <TestCase name="OldCharset_ISO_8859_14" priority="">
              <Test name="test_CodecDynamic" result="pass" starttime="Fri Sep 21 15:49:58 CST 2012" endtime="Fri Sep 21 15:49:58 CST 2012" />
              <Test name="test_Decode" result="pass" starttime="Fri Sep 21 15:49:58 CST 2012" endtime="Fri Sep 21 15:49:58 CST 2012" />
              <Test name="test_Encode" result="pass" starttime="Fri Sep 21 15:49:58 CST 2012" endtime="Fri Sep 21 15:49:58 CST 2012" />
              <Test name="test_dumpEncodableChars" result="pass" starttime="Fri Sep 21 15:49:58 CST 2012" endtime="Fri Sep 21 15:49:59 CST 2012" />
              <Test name="test_dumpEncoded" result="pass" starttime="Fri Sep 21 15:49:59 CST 2012" endtime="Fri Sep 21 15:49:59 CST 2012" />
              <Test name="test_nameMatch" result="pass" starttime="Fri Sep 21 15:49:59 CST 2012" endtime="Fri Sep 21 15:49:59 CST 2012" />
            </TestCase>
            <TestCase name="OldCharset_ISO_8859_16" priority="">
              <Test name="test_CodecDynamic" result="pass" starttime="Fri Sep 21 15:49:59 CST 2012" endtime="Fri Sep 21 15:49:59 CST 2012" />
              <Test name="test_Decode" result="pass" starttime="Fri Sep 21 15:49:59 CST 2012" endtime="Fri Sep 21 15:49:59 CST 2012" />
              <Test name="test_Encode" result="pass" starttime="Fri Sep 21 15:49:59 CST 2012" endtime="Fri Sep 21 15:49:59 CST 2012" />
              <Test name="test_dumpEncodableChars" result="pass" starttime="Fri Sep 21 15:49:59 CST 2012" endtime="Fri Sep 21 15:49:59 CST 2012" />
              <Test name="test_dumpEncoded" result="pass" starttime="Fri Sep 21 15:49:59 CST 2012" endtime="Fri Sep 21 15:49:59 CST 2012" />
              <Test name="test_nameMatch" result="pass" starttime="Fri Sep 21 15:49:59 CST 2012" endtime="Fri Sep 21 15:50:00 CST 2012" />
            </TestCase>
            <TestCase name="OldCharset_MultiByte_Big5" priority="">
              <Test name="test_CodecDynamic" result="pass" starttime="Fri Sep 21 15:50:00 CST 2012" endtime="Fri Sep 21 15:50:00 CST 2012" />
              <Test name="test_dumpEncodableChars" result="pass" starttime="Fri Sep 21 15:50:00 CST 2012" endtime="Fri Sep 21 15:50:00 CST 2012" />
              <Test name="test_dumpEncoded" result="pass" starttime="Fri Sep 21 15:50:00 CST 2012" endtime="Fri Sep 21 15:50:00 CST 2012" />
              <Test name="test_nameMatch" result="pass" starttime="Fri Sep 21 15:50:00 CST 2012" endtime="Fri Sep 21 15:50:00 CST 2012" />
            </TestCase>
            <TestCase name="OldCharset_MultiByte_Big5_Android" priority="">
              <Test name="test_CodecDynamic" result="pass" starttime="Fri Sep 21 15:50:00 CST 2012" endtime="Fri Sep 21 15:50:00 CST 2012" />
              <Test name="test_Decode" result="pass" starttime="Fri Sep 21 15:50:00 CST 2012" endtime="Fri Sep 21 15:50:01 CST 2012" />
              <Test name="test_Encode" result="pass" starttime="Fri Sep 21 15:50:01 CST 2012" endtime="Fri Sep 21 15:50:01 CST 2012" />
              <Test name="test_dumpEncodableChars" result="pass" starttime="Fri Sep 21 15:50:01 CST 2012" endtime="Fri Sep 21 15:50:01 CST 2012" />
              <Test name="test_dumpEncoded" result="pass" starttime="Fri Sep 21 15:50:01 CST 2012" endtime="Fri Sep 21 15:50:01 CST 2012" />
              <Test name="test_nameMatch" result="pass" starttime="Fri Sep 21 15:50:01 CST 2012" endtime="Fri Sep 21 15:50:01 CST 2012" />
            </TestCase>
            <TestCase name="OldCharset_MultiByte_EUC_JP" priority="">
              <Test name="test_dumpEncodableChars" result="pass" starttime="Fri Sep 21 15:50:01 CST 2012" endtime="Fri Sep 21 15:50:02 CST 2012" />
              <Test name="test_dumpEncoded" result="pass" starttime="Fri Sep 21 15:50:02 CST 2012" endtime="Fri Sep 21 15:50:02 CST 2012" />
              <Test name="test_nameMatch" result="pass" starttime="Fri Sep 21 15:50:02 CST 2012" endtime="Fri Sep 21 15:50:02 CST 2012" />
            </TestCase>
            <TestCase name="OldCharset_MultiByte_EUC_JP_Android" priority="">
              <Test name="test_CodecDynamic" result="pass" starttime="Fri Sep 21 15:50:02 CST 2012" endtime="Fri Sep 21 15:50:02 CST 2012" />
              <Test name="test_Decode" result="pass" starttime="Fri Sep 21 15:50:02 CST 2012" endtime="Fri Sep 21 15:50:02 CST 2012" />
              <Test name="test_Encode" result="pass" starttime="Fri Sep 21 15:50:02 CST 2012" endtime="Fri Sep 21 15:50:02 CST 2012" />
              <Test name="test_dumpEncodableChars" result="pass" starttime="Fri Sep 21 15:50:02 CST 2012" endtime="Fri Sep 21 15:50:02 CST 2012" />
              <Test name="test_dumpEncoded" result="pass" starttime="Fri Sep 21 15:50:02 CST 2012" endtime="Fri Sep 21 15:50:02 CST 2012" />
              <Test name="test_nameMatch" result="pass" starttime="Fri Sep 21 15:50:02 CST 2012" endtime="Fri Sep 21 15:50:03 CST 2012" />
            </TestCase>
            <TestCase name="OldCharset_MultiByte_EUC_KR" priority="">
              <Test name="test_CodecDynamic" result="pass" starttime="Fri Sep 21 15:50:03 CST 2012" endtime="Fri Sep 21 15:50:03 CST 2012" />
              <Test name="test_Decode" result="pass" starttime="Fri Sep 21 15:50:03 CST 2012" endtime="Fri Sep 21 15:50:03 CST 2012" />
              <Test name="test_Encode" result="pass" starttime="Fri Sep 21 15:50:03 CST 2012" endtime="Fri Sep 21 15:50:03 CST 2012" />
              <Test name="test_dumpEncodableChars" result="pass" starttime="Fri Sep 21 15:50:03 CST 2012" endtime="Fri Sep 21 15:50:03 CST 2012" />
              <Test name="test_dumpEncoded" result="pass" starttime="Fri Sep 21 15:50:03 CST 2012" endtime="Fri Sep 21 15:50:03 CST 2012" />
              <Test name="test_nameMatch" result="pass" starttime="Fri Sep 21 15:50:03 CST 2012" endtime="Fri Sep 21 15:50:03 CST 2012" />
            </TestCase>
            <TestCase name="OldCharset_MultiByte_GB2312" priority="">
              <Test name="test_CodecDynamic" result="pass" starttime="Fri Sep 21 15:50:03 CST 2012" endtime="Fri Sep 21 15:50:04 CST 2012" />
              <Test name="test_dumpEncodableChars" result="pass" starttime="Fri Sep 21 15:50:04 CST 2012" endtime="Fri Sep 21 15:50:04 CST 2012" />
              <Test name="test_dumpEncoded" result="pass" starttime="Fri Sep 21 15:50:04 CST 2012" endtime="Fri Sep 21 15:50:04 CST 2012" />
            </TestCase>
            <TestCase name="OldCharset_MultiByte_GBK" priority="">
              <Test name="test_CodecDynamic" result="pass" starttime="Fri Sep 21 15:50:04 CST 2012" endtime="Fri Sep 21 15:50:04 CST 2012" />
              <Test name="test_dumpEncodableChars" result="pass" starttime="Fri Sep 21 15:50:04 CST 2012" endtime="Fri Sep 21 15:50:05 CST 2012" />
              <Test name="test_dumpEncoded" result="pass" starttime="Fri Sep 21 15:50:05 CST 2012" endtime="Fri Sep 21 15:50:05 CST 2012" />
              <Test name="test_nameMatch" result="pass" starttime="Fri Sep 21 15:50:05 CST 2012" endtime="Fri Sep 21 15:50:05 CST 2012" />
            </TestCase>
            <TestCase name="OldCharset_MultiByte_GBK_Android" priority="">
              <Test name="test_CodecDynamic" result="pass" starttime="Fri Sep 21 15:50:05 CST 2012" endtime="Fri Sep 21 15:50:05 CST 2012" />
              <Test name="test_Decode" result="pass" starttime="Fri Sep 21 15:50:05 CST 2012" endtime="Fri Sep 21 15:50:05 CST 2012" />
              <Test name="test_Encode" result="pass" starttime="Fri Sep 21 15:50:05 CST 2012" endtime="Fri Sep 21 15:50:05 CST 2012" />
              <Test name="test_dumpEncodableChars" result="pass" starttime="Fri Sep 21 15:50:05 CST 2012" endtime="Fri Sep 21 15:50:05 CST 2012" />
              <Test name="test_dumpEncoded" result="pass" starttime="Fri Sep 21 15:50:05 CST 2012" endtime="Fri Sep 21 15:50:05 CST 2012" />
              <Test name="test_nameMatch" result="pass" starttime="Fri Sep 21 15:50:05 CST 2012" endtime="Fri Sep 21 15:50:05 CST 2012" />
            </TestCase>
            <TestCase name="OldCharset_MultiByte_ISO_2022_JP" priority="">
              <Test name="test_CodecDynamic" result="pass" starttime="Fri Sep 21 15:50:05 CST 2012" endtime="Fri Sep 21 15:50:06 CST 2012" />
              <Test name="test_dumpEncodableChars" result="pass" starttime="Fri Sep 21 15:50:06 CST 2012" endtime="Fri Sep 21 15:50:06 CST 2012" />
              <Test name="test_dumpEncoded" result="pass" starttime="Fri Sep 21 15:50:06 CST 2012" endtime="Fri Sep 21 15:50:06 CST 2012" />
              <Test name="test_nameMatch" result="pass" starttime="Fri Sep 21 15:50:06 CST 2012" endtime="Fri Sep 21 15:50:06 CST 2012" />
            </TestCase>
            <TestCase name="OldCharset_MultiByte_UTF_16" priority="">
              <Test name="test_CodecDynamic" result="pass" starttime="Fri Sep 21 15:50:06 CST 2012" endtime="Fri Sep 21 15:50:06 CST 2012" />
              <Test name="test_Decode" result="pass" starttime="Fri Sep 21 15:50:06 CST 2012" endtime="Fri Sep 21 15:50:06 CST 2012" />
              <Test name="test_dumpEncodableChars" result="pass" starttime="Fri Sep 21 15:50:07 CST 2012" endtime="Fri Sep 21 15:50:07 CST 2012" />
              <Test name="test_dumpEncoded" result="pass" starttime="Fri Sep 21 15:50:07 CST 2012" endtime="Fri Sep 21 15:50:07 CST 2012" />
              <Test name="test_nameMatch" result="pass" starttime="Fri Sep 21 15:50:07 CST 2012" endtime="Fri Sep 21 15:50:07 CST 2012" />
            </TestCase>
            <TestCase name="OldCharset_MultiByte_UTF_16BE" priority="">
              <Test name="test_CodecDynamic" result="pass" starttime="Fri Sep 21 15:50:07 CST 2012" endtime="Fri Sep 21 15:50:07 CST 2012" />
              <Test name="test_Decode" result="pass" starttime="Fri Sep 21 15:50:07 CST 2012" endtime="Fri Sep 21 15:50:07 CST 2012" />
              <Test name="test_Encode" result="pass" starttime="Fri Sep 21 15:50:07 CST 2012" endtime="Fri Sep 21 15:50:07 CST 2012" />
              <Test name="test_dumpEncodableChars" result="pass" starttime="Fri Sep 21 15:50:07 CST 2012" endtime="Fri Sep 21 15:50:07 CST 2012" />
              <Test name="test_dumpEncoded" result="pass" starttime="Fri Sep 21 15:50:07 CST 2012" endtime="Fri Sep 21 15:50:07 CST 2012" />
              <Test name="test_nameMatch" result="pass" starttime="Fri Sep 21 15:50:07 CST 2012" endtime="Fri Sep 21 15:50:08 CST 2012" />
            </TestCase>
            <TestCase name="OldCharset_MultiByte_UTF_16LE" priority="">
              <Test name="test_CodecDynamic" result="pass" starttime="Fri Sep 21 15:50:08 CST 2012" endtime="Fri Sep 21 15:50:08 CST 2012" />
              <Test name="test_Decode" result="pass" starttime="Fri Sep 21 15:50:08 CST 2012" endtime="Fri Sep 21 15:50:08 CST 2012" />
              <Test name="test_Encode" result="pass" starttime="Fri Sep 21 15:50:08 CST 2012" endtime="Fri Sep 21 15:50:08 CST 2012" />
              <Test name="test_dumpEncodableChars" result="pass" starttime="Fri Sep 21 15:50:08 CST 2012" endtime="Fri Sep 21 15:50:08 CST 2012" />
              <Test name="test_dumpEncoded" result="pass" starttime="Fri Sep 21 15:50:08 CST 2012" endtime="Fri Sep 21 15:50:08 CST 2012" />
              <Test name="test_nameMatch" result="pass" starttime="Fri Sep 21 15:50:08 CST 2012" endtime="Fri Sep 21 15:50:08 CST 2012" />
            </TestCase>
            <TestCase name="OldCharset_MultiByte_UTF_16_Android" priority="">
              <Test name="test_CodecDynamic" result="pass" starttime="Fri Sep 21 15:50:08 CST 2012" endtime="Fri Sep 21 15:50:08 CST 2012" />
              <Test name="test_Decode" result="pass" starttime="Fri Sep 21 15:50:08 CST 2012" endtime="Fri Sep 21 15:50:09 CST 2012" />
              <Test name="test_Encode" result="pass" starttime="Fri Sep 21 15:50:09 CST 2012" endtime="Fri Sep 21 15:50:09 CST 2012" />
              <Test name="test_dumpEncodableChars" result="pass" starttime="Fri Sep 21 15:50:09 CST 2012" endtime="Fri Sep 21 15:50:09 CST 2012" />
              <Test name="test_dumpEncoded" result="pass" starttime="Fri Sep 21 15:50:09 CST 2012" endtime="Fri Sep 21 15:50:09 CST 2012" />
              <Test name="test_nameMatch" result="pass" starttime="Fri Sep 21 15:50:09 CST 2012" endtime="Fri Sep 21 15:50:09 CST 2012" />
            </TestCase>
            <TestCase name="OldCharset_MultiByte_UTF_8" priority="">
              <Test name="test_CodecDynamic" result="pass" starttime="Fri Sep 21 15:50:09 CST 2012" endtime="Fri Sep 21 15:50:09 CST 2012" />
              <Test name="test_Decode" result="pass" starttime="Fri Sep 21 15:50:09 CST 2012" endtime="Fri Sep 21 15:50:09 CST 2012" />
              <Test name="test_Encode" result="pass" starttime="Fri Sep 21 15:50:09 CST 2012" endtime="Fri Sep 21 15:50:09 CST 2012" />
              <Test name="test_dumpEncodableChars" result="pass" starttime="Fri Sep 21 15:50:09 CST 2012" endtime="Fri Sep 21 15:50:09 CST 2012" />
              <Test name="test_dumpEncoded" result="pass" starttime="Fri Sep 21 15:50:09 CST 2012" endtime="Fri Sep 21 15:50:10 CST 2012" />
              <Test name="test_nameMatch" result="pass" starttime="Fri Sep 21 15:50:10 CST 2012" endtime="Fri Sep 21 15:50:10 CST 2012" />
            </TestCase>
            <TestCase name="OldCharset_MultiByte_x_windows_950" priority="">
              <Test name="test_CodecDynamic" result="pass" starttime="Fri Sep 21 15:50:10 CST 2012" endtime="Fri Sep 21 15:50:10 CST 2012" />
              <Test name="test_Decode" result="pass" starttime="Fri Sep 21 15:50:10 CST 2012" endtime="Fri Sep 21 15:50:10 CST 2012" />
              <Test name="test_dumpEncodableChars" result="pass" starttime="Fri Sep 21 15:50:10 CST 2012" endtime="Fri Sep 21 15:50:10 CST 2012" />
              <Test name="test_dumpEncoded" result="pass" starttime="Fri Sep 21 15:50:10 CST 2012" endtime="Fri Sep 21 15:50:10 CST 2012" />
            </TestCase>
            <TestCase name="OldCharset_SingleByte_IBM864" priority="">
              <Test name="test_Bytes_DifferentOnes_Android" result="pass" starttime="Fri Sep 21 15:50:10 CST 2012" endtime="Fri Sep 21 15:50:11 CST 2012" />
              <Test name="test_CodecDynamic" result="pass" starttime="Fri Sep 21 15:50:11 CST 2012" endtime="Fri Sep 21 15:50:11 CST 2012" />
              <Test name="test_Decode" result="pass" starttime="Fri Sep 21 15:50:11 CST 2012" endtime="Fri Sep 21 15:50:11 CST 2012" />
              <Test name="test_Encode" result="pass" starttime="Fri Sep 21 15:50:11 CST 2012" endtime="Fri Sep 21 15:50:11 CST 2012" />
              <Test name="test_dumpEncodableChars" result="pass" starttime="Fri Sep 21 15:50:11 CST 2012" endtime="Fri Sep 21 15:50:11 CST 2012" />
              <Test name="test_dumpEncoded" result="pass" starttime="Fri Sep 21 15:50:11 CST 2012" endtime="Fri Sep 21 15:50:11 CST 2012" />
              <Test name="test_nameMatch" result="pass" starttime="Fri Sep 21 15:50:11 CST 2012" endtime="Fri Sep 21 15:50:11 CST 2012" />
            </TestCase>
            <TestCase name="OldCharset_SingleByte_ISO_8859_1" priority="">
              <Test name="test_CodecDynamic" result="pass" starttime="Fri Sep 21 15:50:11 CST 2012" endtime="Fri Sep 21 15:50:11 CST 2012" />
              <Test name="test_Decode" result="pass" starttime="Fri Sep 21 15:50:11 CST 2012" endtime="Fri Sep 21 15:50:12 CST 2012" />
              <Test name="test_Encode" result="pass" starttime="Fri Sep 21 15:50:12 CST 2012" endtime="Fri Sep 21 15:50:12 CST 2012" />
              <Test name="test_dumpEncodableChars" result="pass" starttime="Fri Sep 21 15:50:12 CST 2012" endtime="Fri Sep 21 15:50:12 CST 2012" />
              <Test name="test_dumpEncoded" result="pass" starttime="Fri Sep 21 15:50:12 CST 2012" endtime="Fri Sep 21 15:50:12 CST 2012" />
              <Test name="test_nameMatch" result="pass" starttime="Fri Sep 21 15:50:12 CST 2012" endtime="Fri Sep 21 15:50:12 CST 2012" />
            </TestCase>
            <TestCase name="OldCharset_SingleByte_ISO_8859_11" priority="">
              <Test name="test_CodecDynamic" result="pass" starttime="Fri Sep 21 15:50:12 CST 2012" endtime="Fri Sep 21 15:50:12 CST 2012" />
              <Test name="test_Decode" result="pass" starttime="Fri Sep 21 15:50:12 CST 2012" endtime="Fri Sep 21 15:50:12 CST 2012" />
              <Test name="test_Encode" result="pass" starttime="Fri Sep 21 15:50:12 CST 2012" endtime="Fri Sep 21 15:50:12 CST 2012" />
              <Test name="test_dumpEncodableChars" result="pass" starttime="Fri Sep 21 15:50:12 CST 2012" endtime="Fri Sep 21 15:50:13 CST 2012" />
              <Test name="test_dumpEncoded" result="pass" starttime="Fri Sep 21 15:50:13 CST 2012" endtime="Fri Sep 21 15:50:13 CST 2012" />
              <Test name="test_nameMatch" result="pass" starttime="Fri Sep 21 15:50:13 CST 2012" endtime="Fri Sep 21 15:50:13 CST 2012" />
            </TestCase>
            <TestCase name="OldCharset_SingleByte_ISO_8859_13" priority="">
              <Test name="test_CodecDynamic" result="pass" starttime="Fri Sep 21 15:50:13 CST 2012" endtime="Fri Sep 21 15:50:13 CST 2012" />
              <Test name="test_Decode" result="pass" starttime="Fri Sep 21 15:50:13 CST 2012" endtime="Fri Sep 21 15:50:13 CST 2012" />
              <Test name="test_Encode" result="pass" starttime="Fri Sep 21 15:50:13 CST 2012" endtime="Fri Sep 21 15:50:13 CST 2012" />
              <Test name="test_dumpEncodableChars" result="pass" starttime="Fri Sep 21 15:50:13 CST 2012" endtime="Fri Sep 21 15:50:13 CST 2012" />
              <Test name="test_dumpEncoded" result="pass" starttime="Fri Sep 21 15:50:13 CST 2012" endtime="Fri Sep 21 15:50:13 CST 2012" />
              <Test name="test_nameMatch" result="pass" starttime="Fri Sep 21 15:50:13 CST 2012" endtime="Fri Sep 21 15:50:13 CST 2012" />
            </TestCase>
            <TestCase name="OldCharset_SingleByte_ISO_8859_15" priority="">
              <Test name="test_CodecDynamic" result="pass" starttime="Fri Sep 21 15:50:13 CST 2012" endtime="Fri Sep 21 15:50:14 CST 2012" />
              <Test name="test_Decode" result="pass" starttime="Fri Sep 21 15:50:14 CST 2012" endtime="Fri Sep 21 15:50:14 CST 2012" />
              <Test name="test_Encode" result="pass" starttime="Fri Sep 21 15:50:14 CST 2012" endtime="Fri Sep 21 15:50:14 CST 2012" />
              <Test name="test_dumpEncodableChars" result="pass" starttime="Fri Sep 21 15:50:14 CST 2012" endtime="Fri Sep 21 15:50:14 CST 2012" />
              <Test name="test_dumpEncoded" result="pass" starttime="Fri Sep 21 15:50:14 CST 2012" endtime="Fri Sep 21 15:50:14 CST 2012" />
              <Test name="test_nameMatch" result="pass" starttime="Fri Sep 21 15:50:14 CST 2012" endtime="Fri Sep 21 15:50:14 CST 2012" />
            </TestCase>
            <TestCase name="OldCharset_SingleByte_ISO_8859_2" priority="">
              <Test name="test_CodecDynamic" result="pass" starttime="Fri Sep 21 15:50:14 CST 2012" endtime="Fri Sep 21 15:50:14 CST 2012" />
              <Test name="test_Decode" result="pass" starttime="Fri Sep 21 15:50:14 CST 2012" endtime="Fri Sep 21 15:50:14 CST 2012" />
              <Test name="test_Encode" result="pass" starttime="Fri Sep 21 15:50:14 CST 2012" endtime="Fri Sep 21 15:50:15 CST 2012" />
              <Test name="test_dumpEncodableChars" result="pass" starttime="Fri Sep 21 15:50:15 CST 2012" endtime="Fri Sep 21 15:50:15 CST 2012" />
              <Test name="test_dumpEncoded" result="pass" starttime="Fri Sep 21 15:50:15 CST 2012" endtime="Fri Sep 21 15:50:15 CST 2012" />
              <Test name="test_nameMatch" result="pass" starttime="Fri Sep 21 15:50:15 CST 2012" endtime="Fri Sep 21 15:50:15 CST 2012" />
            </TestCase>
            <TestCase name="OldCharset_SingleByte_ISO_8859_3" priority="">
              <Test name="test_Bytes_165" result="pass" starttime="Fri Sep 21 15:50:15 CST 2012" endtime="Fri Sep 21 15:50:15 CST 2012" />
              <Test name="test_Bytes_165_any" result="pass" starttime="Fri Sep 21 15:50:15 CST 2012" endtime="Fri Sep 21 15:50:15 CST 2012" />
              <Test name="test_Bytes_166" result="pass" starttime="Fri Sep 21 15:50:15 CST 2012" endtime="Fri Sep 21 15:50:15 CST 2012" />
              <Test name="test_Bytes_195" result="pass" starttime="Fri Sep 21 15:50:15 CST 2012" endtime="Fri Sep 21 15:50:15 CST 2012" />
              <Test name="test_CodecDynamic" result="pass" starttime="Fri Sep 21 15:50:15 CST 2012" endtime="Fri Sep 21 15:50:15 CST 2012" />
              <Test name="test_Decode" result="pass" starttime="Fri Sep 21 15:50:15 CST 2012" endtime="Fri Sep 21 15:50:16 CST 2012" />
              <Test name="test_Encode" result="pass" starttime="Fri Sep 21 15:50:16 CST 2012" endtime="Fri Sep 21 15:50:16 CST 2012" />
              <Test name="test_dumpEncodableChars" result="pass" starttime="Fri Sep 21 15:50:16 CST 2012" endtime="Fri Sep 21 15:50:16 CST 2012" />
              <Test name="test_dumpEncoded" result="pass" starttime="Fri Sep 21 15:50:16 CST 2012" endtime="Fri Sep 21 15:50:16 CST 2012" />
              <Test name="test_nameMatch" result="pass" starttime="Fri Sep 21 15:50:16 CST 2012" endtime="Fri Sep 21 15:50:16 CST 2012" />
            </TestCase>
            <TestCase name="OldCharset_SingleByte_ISO_8859_4" priority="">
              <Test name="test_CodecDynamic" result="pass" starttime="Fri Sep 21 15:50:16 CST 2012" endtime="Fri Sep 21 15:50:16 CST 2012" />
              <Test name="test_Decode" result="pass" starttime="Fri Sep 21 15:50:16 CST 2012" endtime="Fri Sep 21 15:50:16 CST 2012" />
              <Test name="test_Encode" result="pass" starttime="Fri Sep 21 15:50:16 CST 2012" endtime="Fri Sep 21 15:50:16 CST 2012" />
              <Test name="test_dumpEncodableChars" result="pass" starttime="Fri Sep 21 15:50:16 CST 2012" endtime="Fri Sep 21 15:50:16 CST 2012" />
              <Test name="test_dumpEncoded" result="pass" starttime="Fri Sep 21 15:50:16 CST 2012" endtime="Fri Sep 21 15:50:17 CST 2012" />
              <Test name="test_nameMatch" result="pass" starttime="Fri Sep 21 15:50:17 CST 2012" endtime="Fri Sep 21 15:50:17 CST 2012" />
            </TestCase>
            <TestCase name="OldCharset_SingleByte_ISO_8859_5" priority="">
              <Test name="test_CodecDynamic" result="pass" starttime="Fri Sep 21 15:50:17 CST 2012" endtime="Fri Sep 21 15:50:17 CST 2012" />
              <Test name="test_Decode" result="pass" starttime="Fri Sep 21 15:50:17 CST 2012" endtime="Fri Sep 21 15:50:17 CST 2012" />
              <Test name="test_Encode" result="pass" starttime="Fri Sep 21 15:50:17 CST 2012" endtime="Fri Sep 21 15:50:17 CST 2012" />
              <Test name="test_dumpEncodableChars" result="pass" starttime="Fri Sep 21 15:50:17 CST 2012" endtime="Fri Sep 21 15:50:17 CST 2012" />
              <Test name="test_dumpEncoded" result="pass" starttime="Fri Sep 21 15:50:17 CST 2012" endtime="Fri Sep 21 15:50:17 CST 2012" />
              <Test name="test_nameMatch" result="pass" starttime="Fri Sep 21 15:50:17 CST 2012" endtime="Fri Sep 21 15:50:17 CST 2012" />
            </TestCase>
            <TestCase name="OldCharset_SingleByte_ISO_8859_6" priority="">
              <Test name="test_CodecDynamic" result="pass" starttime="Fri Sep 21 15:50:17 CST 2012" endtime="Fri Sep 21 15:50:18 CST 2012" />
              <Test name="test_Decode" result="pass" starttime="Fri Sep 21 15:50:18 CST 2012" endtime="Fri Sep 21 15:50:18 CST 2012" />
              <Test name="test_Encode" result="pass" starttime="Fri Sep 21 15:50:18 CST 2012" endtime="Fri Sep 21 15:50:18 CST 2012" />
              <Test name="test_dumpEncodableChars" result="pass" starttime="Fri Sep 21 15:50:18 CST 2012" endtime="Fri Sep 21 15:50:18 CST 2012" />
              <Test name="test_dumpEncoded" result="pass" starttime="Fri Sep 21 15:50:18 CST 2012" endtime="Fri Sep 21 15:50:18 CST 2012" />
              <Test name="test_nameMatch" result="pass" starttime="Fri Sep 21 15:50:18 CST 2012" endtime="Fri Sep 21 15:50:18 CST 2012" />
            </TestCase>
            <TestCase name="OldCharset_SingleByte_ISO_8859_7" priority="">
              <Test name="test_CodecDynamic" result="pass" starttime="Fri Sep 21 15:50:18 CST 2012" endtime="Fri Sep 21 15:50:18 CST 2012" />
              <Test name="test_Decode" result="pass" starttime="Fri Sep 21 15:50:18 CST 2012" endtime="Fri Sep 21 15:50:18 CST 2012" />
              <Test name="test_Encode" result="pass" starttime="Fri Sep 21 15:50:18 CST 2012" endtime="Fri Sep 21 15:50:18 CST 2012" />
              <Test name="test_dumpEncodableChars" result="pass" starttime="Fri Sep 21 15:50:18 CST 2012" endtime="Fri Sep 21 15:50:19 CST 2012" />
              <Test name="test_dumpEncoded" result="pass" starttime="Fri Sep 21 15:50:19 CST 2012" endtime="Fri Sep 21 15:50:19 CST 2012" />
              <Test name="test_nameMatch" result="pass" starttime="Fri Sep 21 15:50:19 CST 2012" endtime="Fri Sep 21 15:50:19 CST 2012" />
            </TestCase>
            <TestCase name="OldCharset_SingleByte_ISO_8859_8" priority="">
              <Test name="test_CodecDynamic" result="pass" starttime="Fri Sep 21 15:50:19 CST 2012" endtime="Fri Sep 21 15:50:19 CST 2012" />
              <Test name="test_Decode" result="pass" starttime="Fri Sep 21 15:50:19 CST 2012" endtime="Fri Sep 21 15:50:19 CST 2012" />
              <Test name="test_Encode" result="pass" starttime="Fri Sep 21 15:50:19 CST 2012" endtime="Fri Sep 21 15:50:19 CST 2012" />
              <Test name="test_dumpEncodableChars" result="pass" starttime="Fri Sep 21 15:50:19 CST 2012" endtime="Fri Sep 21 15:50:19 CST 2012" />
              <Test name="test_dumpEncoded" result="pass" starttime="Fri Sep 21 15:50:19 CST 2012" endtime="Fri Sep 21 15:50:19 CST 2012" />
              <Test name="test_nameMatch" result="pass" starttime="Fri Sep 21 15:50:19 CST 2012" endtime="Fri Sep 21 15:50:19 CST 2012" />
            </TestCase>
            <TestCase name="OldCharset_SingleByte_ISO_8859_9" priority="">
              <Test name="test_CodecDynamic" result="pass" starttime="Fri Sep 21 15:50:19 CST 2012" endtime="Fri Sep 21 15:50:20 CST 2012" />
              <Test name="test_Decode" result="pass" starttime="Fri Sep 21 15:50:20 CST 2012" endtime="Fri Sep 21 15:50:20 CST 2012" />
              <Test name="test_Encode" result="pass" starttime="Fri Sep 21 15:50:20 CST 2012" endtime="Fri Sep 21 15:50:20 CST 2012" />
              <Test name="test_dumpEncodableChars" result="pass" starttime="Fri Sep 21 15:50:20 CST 2012" endtime="Fri Sep 21 15:50:20 CST 2012" />
              <Test name="test_dumpEncoded" result="pass" starttime="Fri Sep 21 15:50:20 CST 2012" endtime="Fri Sep 21 15:50:20 CST 2012" />
              <Test name="test_nameMatch" result="pass" starttime="Fri Sep 21 15:50:20 CST 2012" endtime="Fri Sep 21 15:50:20 CST 2012" />
            </TestCase>
            <TestCase name="OldCharset_SingleByte_KOI8_R" priority="">
              <Test name="test_CodecDynamic" result="pass" starttime="Fri Sep 21 15:50:20 CST 2012" endtime="Fri Sep 21 15:50:20 CST 2012" />
              <Test name="test_Decode" result="pass" starttime="Fri Sep 21 15:50:20 CST 2012" endtime="Fri Sep 21 15:50:20 CST 2012" />
              <Test name="test_Encode" result="pass" starttime="Fri Sep 21 15:50:20 CST 2012" endtime="Fri Sep 21 15:50:20 CST 2012" />
              <Test name="test_dumpEncodableChars" result="pass" starttime="Fri Sep 21 15:50:20 CST 2012" endtime="Fri Sep 21 15:50:21 CST 2012" />
              <Test name="test_dumpEncoded" result="pass" starttime="Fri Sep 21 15:50:21 CST 2012" endtime="Fri Sep 21 15:50:21 CST 2012" />
              <Test name="test_nameMatch" result="pass" starttime="Fri Sep 21 15:50:21 CST 2012" endtime="Fri Sep 21 15:50:21 CST 2012" />
            </TestCase>
            <TestCase name="OldCharset_SingleByte_US_ASCII" priority="">
              <Test name="test_CodecDynamic" result="pass" starttime="Fri Sep 21 15:50:21 CST 2012" endtime="Fri Sep 21 15:50:21 CST 2012" />
              <Test name="test_Decode" result="pass" starttime="Fri Sep 21 15:50:21 CST 2012" endtime="Fri Sep 21 15:50:21 CST 2012" />
              <Test name="test_Encode" result="pass" starttime="Fri Sep 21 15:50:21 CST 2012" endtime="Fri Sep 21 15:50:21 CST 2012" />
              <Test name="test_dumpEncodableChars" result="pass" starttime="Fri Sep 21 15:50:21 CST 2012" endtime="Fri Sep 21 15:50:21 CST 2012" />
              <Test name="test_dumpEncoded" result="pass" starttime="Fri Sep 21 15:50:21 CST 2012" endtime="Fri Sep 21 15:50:21 CST 2012" />
              <Test name="test_nameMatch" result="pass" starttime="Fri Sep 21 15:50:21 CST 2012" endtime="Fri Sep 21 15:50:21 CST 2012" />
            </TestCase>
            <TestCase name="OldCharset_SingleByte_windows_1250" priority="">
              <Test name="test_CodecDynamic" result="pass" starttime="Fri Sep 21 15:50:21 CST 2012" endtime="Fri Sep 21 15:50:22 CST 2012" />
              <Test name="test_Decode" result="pass" starttime="Fri Sep 21 15:50:22 CST 2012" endtime="Fri Sep 21 15:50:22 CST 2012" />
              <Test name="test_Encode" result="pass" starttime="Fri Sep 21 15:50:22 CST 2012" endtime="Fri Sep 21 15:50:22 CST 2012" />
              <Test name="test_dumpEncodableChars" result="pass" starttime="Fri Sep 21 15:50:22 CST 2012" endtime="Fri Sep 21 15:50:22 CST 2012" />
              <Test name="test_dumpEncoded" result="pass" starttime="Fri Sep 21 15:50:22 CST 2012" endtime="Fri Sep 21 15:50:22 CST 2012" />
              <Test name="test_nameMatch" result="pass" starttime="Fri Sep 21 15:50:22 CST 2012" endtime="Fri Sep 21 15:50:22 CST 2012" />
            </TestCase>
            <TestCase name="OldCharset_SingleByte_windows_1251" priority="">
              <Test name="test_CodecDynamic" result="pass" starttime="Fri Sep 21 15:50:22 CST 2012" endtime="Fri Sep 21 15:50:22 CST 2012" />
              <Test name="test_Decode" result="pass" starttime="Fri Sep 21 15:50:22 CST 2012" endtime="Fri Sep 21 15:50:22 CST 2012" />
              <Test name="test_Encode" result="pass" starttime="Fri Sep 21 15:50:22 CST 2012" endtime="Fri Sep 21 15:50:22 CST 2012" />
              <Test name="test_dumpEncodableChars" result="pass" starttime="Fri Sep 21 15:50:22 CST 2012" endtime="Fri Sep 21 15:50:23 CST 2012" />
              <Test name="test_dumpEncoded" result="pass" starttime="Fri Sep 21 15:50:23 CST 2012" endtime="Fri Sep 21 15:50:23 CST 2012" />
              <Test name="test_nameMatch" result="pass" starttime="Fri Sep 21 15:50:23 CST 2012" endtime="Fri Sep 21 15:50:23 CST 2012" />
            </TestCase>
            <TestCase name="OldCharset_SingleByte_windows_1252" priority="">
              <Test name="test_CodecDynamic" result="pass" starttime="Fri Sep 21 15:50:23 CST 2012" endtime="Fri Sep 21 15:50:23 CST 2012" />
              <Test name="test_Decode" result="pass" starttime="Fri Sep 21 15:50:23 CST 2012" endtime="Fri Sep 21 15:50:23 CST 2012" />
              <Test name="test_Encode" result="pass" starttime="Fri Sep 21 15:50:23 CST 2012" endtime="Fri Sep 21 15:50:23 CST 2012" />
              <Test name="test_dumpEncodableChars" result="pass" starttime="Fri Sep 21 15:50:23 CST 2012" endtime="Fri Sep 21 15:50:23 CST 2012" />
              <Test name="test_dumpEncoded" result="pass" starttime="Fri Sep 21 15:50:23 CST 2012" endtime="Fri Sep 21 15:50:23 CST 2012" />
              <Test name="test_nameMatch" result="pass" starttime="Fri Sep 21 15:50:23 CST 2012" endtime="Fri Sep 21 15:50:23 CST 2012" />
            </TestCase>
            <TestCase name="OldCharset_SingleByte_windows_1253" priority="">
              <Test name="test_CodecDynamic" result="pass" starttime="Fri Sep 21 15:50:23 CST 2012" endtime="Fri Sep 21 15:50:24 CST 2012" />
              <Test name="test_Decode" result="pass" starttime="Fri Sep 21 15:50:24 CST 2012" endtime="Fri Sep 21 15:50:24 CST 2012" />
              <Test name="test_Encode" result="pass" starttime="Fri Sep 21 15:50:24 CST 2012" endtime="Fri Sep 21 15:50:24 CST 2012" />
              <Test name="test_dumpEncodableChars" result="pass" starttime="Fri Sep 21 15:50:24 CST 2012" endtime="Fri Sep 21 15:50:24 CST 2012" />
              <Test name="test_dumpEncoded" result="pass" starttime="Fri Sep 21 15:50:24 CST 2012" endtime="Fri Sep 21 15:50:24 CST 2012" />
              <Test name="test_nameMatch" result="pass" starttime="Fri Sep 21 15:50:24 CST 2012" endtime="Fri Sep 21 15:50:24 CST 2012" />
            </TestCase>
            <TestCase name="OldCharset_SingleByte_windows_1254" priority="">
              <Test name="test_CodecDynamic" result="pass" starttime="Fri Sep 21 15:50:24 CST 2012" endtime="Fri Sep 21 15:50:24 CST 2012" />
              <Test name="test_Decode" result="pass" starttime="Fri Sep 21 15:50:24 CST 2012" endtime="Fri Sep 21 15:50:24 CST 2012" />
              <Test name="test_Encode" result="pass" starttime="Fri Sep 21 15:50:24 CST 2012" endtime="Fri Sep 21 15:50:24 CST 2012" />
              <Test name="test_dumpEncodableChars" result="pass" starttime="Fri Sep 21 15:50:24 CST 2012" endtime="Fri Sep 21 15:50:25 CST 2012" />
              <Test name="test_dumpEncoded" result="pass" starttime="Fri Sep 21 15:50:25 CST 2012" endtime="Fri Sep 21 15:50:25 CST 2012" />
              <Test name="test_nameMatch" result="pass" starttime="Fri Sep 21 15:50:25 CST 2012" endtime="Fri Sep 21 15:50:25 CST 2012" />
            </TestCase>
            <TestCase name="OldCharset_SingleByte_windows_1255" priority="">
              <Test name="test_CodecDynamic" result="pass" starttime="Fri Sep 21 15:50:25 CST 2012" endtime="Fri Sep 21 15:50:25 CST 2012" />
              <Test name="test_Decode" result="pass" starttime="Fri Sep 21 15:50:25 CST 2012" endtime="Fri Sep 21 15:50:25 CST 2012" />
              <Test name="test_Encode" result="pass" starttime="Fri Sep 21 15:50:25 CST 2012" endtime="Fri Sep 21 15:50:25 CST 2012" />
              <Test name="test_dumpEncodableChars" result="pass" starttime="Fri Sep 21 15:50:25 CST 2012" endtime="Fri Sep 21 15:50:25 CST 2012" />
              <Test name="test_dumpEncoded" result="pass" starttime="Fri Sep 21 15:50:25 CST 2012" endtime="Fri Sep 21 15:50:25 CST 2012" />
              <Test name="test_nameMatch" result="pass" starttime="Fri Sep 21 15:50:25 CST 2012" endtime="Fri Sep 21 15:50:25 CST 2012" />
            </TestCase>
            <TestCase name="OldCharset_SingleByte_windows_1256" priority="">
              <Test name="test_CodecDynamic" result="pass" starttime="Fri Sep 21 15:50:25 CST 2012" endtime="Fri Sep 21 15:50:26 CST 2012" />
              <Test name="test_Decode" result="pass" starttime="Fri Sep 21 15:50:26 CST 2012" endtime="Fri Sep 21 15:50:26 CST 2012" />
              <Test name="test_Encode" result="pass" starttime="Fri Sep 21 15:50:26 CST 2012" endtime="Fri Sep 21 15:50:26 CST 2012" />
              <Test name="test_dumpEncodableChars" result="pass" starttime="Fri Sep 21 15:50:26 CST 2012" endtime="Fri Sep 21 15:50:26 CST 2012" />
              <Test name="test_dumpEncoded" result="pass" starttime="Fri Sep 21 15:50:26 CST 2012" endtime="Fri Sep 21 15:50:26 CST 2012" />
              <Test name="test_nameMatch" result="pass" starttime="Fri Sep 21 15:50:26 CST 2012" endtime="Fri Sep 21 15:50:26 CST 2012" />
            </TestCase>
            <TestCase name="OldCharset_SingleByte_windows_1257" priority="">
              <Test name="test_CodecDynamic" result="pass" starttime="Fri Sep 21 15:50:26 CST 2012" endtime="Fri Sep 21 15:50:26 CST 2012" />
              <Test name="test_Decode" result="pass" starttime="Fri Sep 21 15:50:26 CST 2012" endtime="Fri Sep 21 15:50:26 CST 2012" />
              <Test name="test_Encode" result="pass" starttime="Fri Sep 21 15:50:26 CST 2012" endtime="Fri Sep 21 15:50:26 CST 2012" />
              <Test name="test_dumpEncodableChars" result="pass" starttime="Fri Sep 21 15:50:26 CST 2012" endtime="Fri Sep 21 15:50:27 CST 2012" />
              <Test name="test_dumpEncoded" result="pass" starttime="Fri Sep 21 15:50:27 CST 2012" endtime="Fri Sep 21 15:50:27 CST 2012" />
              <Test name="test_nameMatch" result="pass" starttime="Fri Sep 21 15:50:27 CST 2012" endtime="Fri Sep 21 15:50:27 CST 2012" />
            </TestCase>
            <TestCase name="OldCharset_SingleByte_windows_1258" priority="">
              <Test name="test_CodecDynamic" result="pass" starttime="Fri Sep 21 15:50:27 CST 2012" endtime="Fri Sep 21 15:50:27 CST 2012" />
              <Test name="test_Decode" result="pass" starttime="Fri Sep 21 15:50:27 CST 2012" endtime="Fri Sep 21 15:50:27 CST 2012" />
              <Test name="test_Encode" result="pass" starttime="Fri Sep 21 15:50:27 CST 2012" endtime="Fri Sep 21 15:50:27 CST 2012" />
              <Test name="test_dumpEncodableChars" result="pass" starttime="Fri Sep 21 15:50:27 CST 2012" endtime="Fri Sep 21 15:50:27 CST 2012" />
              <Test name="test_dumpEncoded" result="pass" starttime="Fri Sep 21 15:50:27 CST 2012" endtime="Fri Sep 21 15:50:27 CST 2012" />
              <Test name="test_nameMatch" result="pass" starttime="Fri Sep 21 15:50:27 CST 2012" endtime="Fri Sep 21 15:50:27 CST 2012" />
            </TestCase>
            <TestCase name="OldCharset_SingleByte_x_IBM874" priority="">
              <Test name="test_CodecDynamic" result="pass" starttime="Fri Sep 21 15:50:27 CST 2012" endtime="Fri Sep 21 15:50:28 CST 2012" />
              <Test name="test_Decode" result="pass" starttime="Fri Sep 21 15:50:28 CST 2012" endtime="Fri Sep 21 15:50:28 CST 2012" />
              <Test name="test_Encode" result="pass" starttime="Fri Sep 21 15:50:28 CST 2012" endtime="Fri Sep 21 15:50:28 CST 2012" />
              <Test name="test_dumpEncodableChars" result="pass" starttime="Fri Sep 21 15:50:28 CST 2012" endtime="Fri Sep 21 15:50:28 CST 2012" />
              <Test name="test_dumpEncoded" result="pass" starttime="Fri Sep 21 15:50:28 CST 2012" endtime="Fri Sep 21 15:50:28 CST 2012" />
              <Test name="test_nameMatch" result="pass" starttime="Fri Sep 21 15:50:28 CST 2012" endtime="Fri Sep 21 15:50:28 CST 2012" />
            </TestCase>
            <TestCase name="OldCharset_macintosh" priority="">
              <Test name="test_CodecDynamic" result="pass" starttime="Fri Sep 21 15:50:28 CST 2012" endtime="Fri Sep 21 15:50:28 CST 2012" />
              <Test name="test_Decode" result="pass" starttime="Fri Sep 21 15:50:28 CST 2012" endtime="Fri Sep 21 15:50:28 CST 2012" />
              <Test name="test_Encode" result="pass" starttime="Fri Sep 21 15:50:28 CST 2012" endtime="Fri Sep 21 15:50:29 CST 2012" />
              <Test name="test_dumpEncodableChars" result="pass" starttime="Fri Sep 21 15:50:29 CST 2012" endtime="Fri Sep 21 15:50:29 CST 2012" />
              <Test name="test_dumpEncoded" result="pass" starttime="Fri Sep 21 15:50:29 CST 2012" endtime="Fri Sep 21 15:50:29 CST 2012" />
              <Test name="test_nameMatch" result="pass" starttime="Fri Sep 21 15:50:29 CST 2012" endtime="Fri Sep 21 15:50:29 CST 2012" />
            </TestCase>
          </TestSuite>
          <TestCase name="BufferTest" priority="">
            <Test name="testByteBufferByteOrderDirectRO" result="pass" starttime="Fri Sep 21 15:49:37 CST 2012" endtime="Fri Sep 21 15:49:37 CST 2012" />
            <Test name="testByteBufferByteOrderDirectRW" result="pass" starttime="Fri Sep 21 15:49:37 CST 2012" endtime="Fri Sep 21 15:49:37 CST 2012" />
            <Test name="testByteBufferByteOrderHeapRO" result="pass" starttime="Fri Sep 21 15:49:37 CST 2012" endtime="Fri Sep 21 15:49:38 CST 2012" />
            <Test name="testByteBufferByteOrderHeapRW" result="pass" starttime="Fri Sep 21 15:49:38 CST 2012" endtime="Fri Sep 21 15:49:38 CST 2012" />
            <Test name="testByteBufferByteOrderMappedRO" result="pass" starttime="Fri Sep 21 15:49:38 CST 2012" endtime="Fri Sep 21 15:49:38 CST 2012" />
            <Test name="testByteBufferByteOrderMappedRW" result="pass" starttime="Fri Sep 21 15:49:38 CST 2012" endtime="Fri Sep 21 15:49:38 CST 2012" />
            <Test name="testByteSwappedBulkGetDirect" result="pass" starttime="Fri Sep 21 15:49:38 CST 2012" endtime="Fri Sep 21 15:49:38 CST 2012" />
            <Test name="testByteSwappedBulkGetHeap" result="pass" starttime="Fri Sep 21 15:49:38 CST 2012" endtime="Fri Sep 21 15:49:38 CST 2012" />
            <Test name="testByteSwappedBulkGetMapped" result="pass" starttime="Fri Sep 21 15:49:38 CST 2012" endtime="Fri Sep 21 15:49:38 CST 2012" />
            <Test name="testByteSwappedBulkPutDirect" result="pass" starttime="Fri Sep 21 15:49:38 CST 2012" endtime="Fri Sep 21 15:49:38 CST 2012" />
            <Test name="testByteSwappedBulkPutHeap" result="pass" starttime="Fri Sep 21 15:49:38 CST 2012" endtime="Fri Sep 21 15:49:38 CST 2012" />
            <Test name="testByteSwappedBulkPutMapped" result="pass" starttime="Fri Sep 21 15:49:39 CST 2012" endtime="Fri Sep 21 15:49:39 CST 2012" />
            <Test name="testCharBufferByteOrderArray" result="pass" starttime="Fri Sep 21 15:49:39 CST 2012" endtime="Fri Sep 21 15:49:39 CST 2012" />
            <Test name="testCharBufferByteOrderBE" result="pass" starttime="Fri Sep 21 15:49:39 CST 2012" endtime="Fri Sep 21 15:49:39 CST 2012" />
            <Test name="testCharBufferByteOrderLE" result="pass" starttime="Fri Sep 21 15:49:39 CST 2012" endtime="Fri Sep 21 15:49:39 CST 2012" />
            <Test name="testCharBufferByteOrderWrapped" result="pass" starttime="Fri Sep 21 15:49:39 CST 2012" endtime="Fri Sep 21 15:49:39 CST 2012" />
            <Test name="testCharBufferSubSequence" result="pass" starttime="Fri Sep 21 15:49:39 CST 2012" endtime="Fri Sep 21 15:49:39 CST 2012" />
            <Test name="testDirectByteBufferHasArray" result="pass" starttime="Fri Sep 21 15:49:39 CST 2012" endtime="Fri Sep 21 15:49:39 CST 2012" />
            <Test name="testDoubleBufferByteOrderArray" result="pass" starttime="Fri Sep 21 15:49:39 CST 2012" endtime="Fri Sep 21 15:49:39 CST 2012" />
            <Test name="testDoubleBufferByteOrderBE" result="pass" starttime="Fri Sep 21 15:49:39 CST 2012" endtime="Fri Sep 21 15:49:39 CST 2012" />
            <Test name="testDoubleBufferByteOrderLE" result="pass" starttime="Fri Sep 21 15:49:39 CST 2012" endtime="Fri Sep 21 15:49:40 CST 2012" />
            <Test name="testDoubleBufferByteOrderWrapped" result="pass" starttime="Fri Sep 21 15:49:40 CST 2012" endtime="Fri Sep 21 15:49:40 CST 2012" />
            <Test name="testFloatBufferByteOrderArray" result="pass" starttime="Fri Sep 21 15:49:40 CST 2012" endtime="Fri Sep 21 15:49:40 CST 2012" />
            <Test name="testFloatBufferByteOrderBE" result="pass" starttime="Fri Sep 21 15:49:40 CST 2012" endtime="Fri Sep 21 15:49:40 CST 2012" />
            <Test name="testFloatBufferByteOrderLE" result="pass" starttime="Fri Sep 21 15:49:40 CST 2012" endtime="Fri Sep 21 15:49:40 CST 2012" />
            <Test name="testFloatBufferByteOrderWrapped" result="pass" starttime="Fri Sep 21 15:49:40 CST 2012" endtime="Fri Sep 21 15:49:40 CST 2012" />
            <Test name="testHasArrayOnJniDirectByteBuffer" result="pass" starttime="Fri Sep 21 15:49:40 CST 2012" endtime="Fri Sep 21 15:49:40 CST 2012" />
            <Test name="testIntBufferByteOrderArray" result="pass" starttime="Fri Sep 21 15:49:40 CST 2012" endtime="Fri Sep 21 15:49:40 CST 2012" />
            <Test name="testIntBufferByteOrderBE" result="pass" starttime="Fri Sep 21 15:49:40 CST 2012" endtime="Fri Sep 21 15:49:40 CST 2012" />
            <Test name="testIntBufferByteOrderLE" result="pass" starttime="Fri Sep 21 15:49:40 CST 2012" endtime="Fri Sep 21 15:49:41 CST 2012" />
            <Test name="testIntBufferByteOrderWrapped" result="pass" starttime="Fri Sep 21 15:49:41 CST 2012" endtime="Fri Sep 21 15:49:41 CST 2012" />
            <Test name="testLongBufferByteOrderArray" result="pass" starttime="Fri Sep 21 15:49:41 CST 2012" endtime="Fri Sep 21 15:49:41 CST 2012" />
            <Test name="testLongBufferByteOrderBE" result="pass" starttime="Fri Sep 21 15:49:41 CST 2012" endtime="Fri Sep 21 15:49:41 CST 2012" />
            <Test name="testLongBufferByteOrderLE" result="pass" starttime="Fri Sep 21 15:49:41 CST 2012" endtime="Fri Sep 21 15:49:41 CST 2012" />
            <Test name="testLongBufferByteOrderWrapped" result="pass" starttime="Fri Sep 21 15:49:41 CST 2012" endtime="Fri Sep 21 15:49:41 CST 2012" />
            <Test name="testPutByteBuffer" result="pass" starttime="Fri Sep 21 15:49:41 CST 2012" endtime="Fri Sep 21 15:49:41 CST 2012" />
            <Test name="testRelativePositionsDirect" result="pass" starttime="Fri Sep 21 15:49:41 CST 2012" endtime="Fri Sep 21 15:49:41 CST 2012" />
            <Test name="testRelativePositionsHeap" result="pass" starttime="Fri Sep 21 15:49:41 CST 2012" endtime="Fri Sep 21 15:49:41 CST 2012" />
            <Test name="testRelativePositionsMapped" result="pass" starttime="Fri Sep 21 15:49:41 CST 2012" endtime="Fri Sep 21 15:49:41 CST 2012" />
            <Test name="testShortBufferByteOrderArray" result="pass" starttime="Fri Sep 21 15:49:42 CST 2012" endtime="Fri Sep 21 15:49:42 CST 2012" />
            <Test name="testShortBufferByteOrderBE" result="pass" starttime="Fri Sep 21 15:49:42 CST 2012" endtime="Fri Sep 21 15:49:42 CST 2012" />
            <Test name="testShortBufferByteOrderLE" result="pass" starttime="Fri Sep 21 15:49:42 CST 2012" endtime="Fri Sep 21 15:49:42 CST 2012" />
            <Test name="testShortBufferByteOrderWrapped" result="pass" starttime="Fri Sep 21 15:49:42 CST 2012" endtime="Fri Sep 21 15:49:42 CST 2012" />
            <Test name="testSliceOffset" result="pass" starttime="Fri Sep 21 15:49:42 CST 2012" endtime="Fri Sep 21 15:49:42 CST 2012" />
          </TestCase>
          <TestCase name="NoArrayTest" priority="">
            <Test name="testReadOnly" result="pass" starttime="Fri Sep 21 15:49:42 CST 2012" endtime="Fri Sep 21 15:49:42 CST 2012" />
          </TestCase>
          <TestCase name="OldAndroidNIOTest" priority="">
            <Test name="testNIO_byte_array" result="pass" starttime="Fri Sep 21 15:49:42 CST 2012" endtime="Fri Sep 21 15:49:42 CST 2012" />
            <Test name="testNIO_direct" result="pass" starttime="Fri Sep 21 15:49:42 CST 2012" endtime="Fri Sep 21 15:49:42 CST 2012" />
            <Test name="testNIO_float_array" result="pass" starttime="Fri Sep 21 15:49:42 CST 2012" endtime="Fri Sep 21 15:49:42 CST 2012" />
            <Test name="testNIO_int_array" result="pass" starttime="Fri Sep 21 15:49:42 CST 2012" endtime="Fri Sep 21 15:49:43 CST 2012" />
            <Test name="testNIO_short_array" result="pass" starttime="Fri Sep 21 15:49:43 CST 2012" endtime="Fri Sep 21 15:49:43 CST 2012" />
          </TestCase>
          <TestCase name="OldDirectIntBufferTest" priority="">
            <Test name="testPutWhenOffsetIsNonZero" result="pass" starttime="Fri Sep 21 15:49:43 CST 2012" endtime="Fri Sep 21 15:49:43 CST 2012" />
          </TestCase>
          <TestCase name="OldDirectShortBufferTest" priority="">
            <Test name="testPutWhenOffsetIsNonZero" result="pass" starttime="Fri Sep 21 15:49:43 CST 2012" endtime="Fri Sep 21 15:49:43 CST 2012" />
          </TestCase>
        </TestSuite>
        <TestSuite name="security">
          <TestSuite name="cert">
            <TestCase name="CertificateFactoryTest" priority="">
              <Test name="test_generateCertificate" result="pass" starttime="Fri Sep 21 16:01:57 CST 2012" endtime="Fri Sep 21 16:01:57 CST 2012" />
            </TestCase>
            <TestCase name="OldPKIXParametersTest" priority="">
              <Test name="testClone" result="pass" starttime="Fri Sep 21 16:01:57 CST 2012" endtime="Fri Sep 21 16:01:57 CST 2012" />
              <Test name="testIsPolicyMappingInhibited" result="pass" starttime="Fri Sep 21 16:01:58 CST 2012" endtime="Fri Sep 21 16:01:58 CST 2012" />
              <Test name="testIsRevocationEnabled" result="pass" starttime="Fri Sep 21 16:01:59 CST 2012" endtime="Fri Sep 21 16:01:59 CST 2012" />
              <Test name="testToString" result="pass" starttime="Fri Sep 21 16:01:59 CST 2012" endtime="Fri Sep 21 16:01:59 CST 2012" />
            </TestCase>
            <TestCase name="PKIXParametersTest" priority="">
              <Test name="testKeyStoreConstructor" result="pass" starttime="Fri Sep 21 16:02:00 CST 2012" endtime="Fri Sep 21 16:02:05 CST 2012" />
            </TestCase>
            <TestCase name="SubjectAlternativeNameTest" priority="">
              <Test name="testFormatIpv4Address" result="pass" starttime="Fri Sep 21 16:02:06 CST 2012" endtime="Fri Sep 21 16:02:08 CST 2012" />
              <Test name="testFormatIpv4MappedAddress" result="pass" starttime="Fri Sep 21 16:02:08 CST 2012" endtime="Fri Sep 21 16:02:09 CST 2012" />
              <Test name="testFormatIpv6Address" result="pass" starttime="Fri Sep 21 16:02:10 CST 2012" endtime="Fri Sep 21 16:02:11 CST 2012" />
            </TestCase>
            <TestCase name="X509CRLSelectorTest" priority="">
              <Test name="testGetIssuersImmutable" result="pass" starttime="Fri Sep 21 16:02:11 CST 2012" endtime="Fri Sep 21 16:02:11 CST 2012" />
              <Test name="testGetIssuersNamesCopy" result="pass" starttime="Fri Sep 21 16:02:12 CST 2012" endtime="Fri Sep 21 16:02:12 CST 2012" />
            </TestCase>
            <TestCase name="X509CertSelectorTest" priority="">
              <Test name="testMatchIpv4MappedSubjectAlternativeName" result="pass" starttime="Fri Sep 21 16:02:13 CST 2012" endtime="Fri Sep 21 16:02:15 CST 2012" />
              <Test name="testMatchIpv4SubjectAlternativeName" result="pass" starttime="Fri Sep 21 16:02:16 CST 2012" endtime="Fri Sep 21 16:02:18 CST 2012" />
              <Test name="testMatchIpv6SubjectAlternativeName" result="pass" starttime="Fri Sep 21 16:02:19 CST 2012" endtime="Fri Sep 21 16:02:21 CST 2012" />
              <Test name="testMatchMalformedSubjectAlternativeName" result="pass" starttime="Fri Sep 21 16:02:22 CST 2012" endtime="Fri Sep 21 16:02:22 CST 2012" />
              <Test name="testMatchMaskedIpv4NameConstraint" result="pass" starttime="Fri Sep 21 16:02:22 CST 2012" endtime="Fri Sep 21 16:02:24 CST 2012" />
              <Test name="testMatchMaskedIpv6NameConstraint" result="pass" starttime="Fri Sep 21 16:02:25 CST 2012" endtime="Fri Sep 21 16:02:28 CST 2012" />
            </TestCase>
          </TestSuite>
          <TestCase name="AccessControllerTest" priority="">
            <Test name="testDoPrivilegedWithCombiner" result="pass" starttime="Fri Sep 21 15:50:29 CST 2012" endtime="Fri Sep 21 15:50:29 CST 2012" />
          </TestCase>
          <TestCase name="KeyPairGeneratorTest" priority="">
            <Test name="testDSAGeneratorWithParams" result="pass" starttime="Fri Sep 21 15:50:29 CST 2012" endtime="Fri Sep 21 15:50:29 CST 2012" />
          </TestCase>
          <TestCase name="MessageDigestTest" priority="">
            <Test name="testShaReset" result="pass" starttime="Fri Sep 21 16:00:39 CST 2012" endtime="Fri Sep 21 16:00:39 CST 2012" />
            <Test name="test_getInstance" result="pass" starttime="Fri Sep 21 16:00:40 CST 2012" endtime="Fri Sep 21 16:00:40 CST 2012" />
          </TestCase>
          <TestCase name="OldAlgorithmParameterGeneratorTest" priority="">
            <Test name="test_initI" result="pass" starttime="Fri Sep 21 16:00:40 CST 2012" endtime="Fri Sep 21 16:00:40 CST 2012" />
            <Test name="test_initILjava_security_SecureRandom" result="pass" starttime="Fri Sep 21 16:00:41 CST 2012" endtime="Fri Sep 21 16:00:41 CST 2012" />
          </TestCase>
          <TestCase name="ProviderTest" priority="">
            <Test name="test_Provider_Properties" result="pass" starttime="Fri Sep 21 16:00:42 CST 2012" endtime="Fri Sep 21 16:00:42 CST 2012" />
            <Test name="test_Provider_getServices" result="pass" starttime="Fri Sep 21 16:00:42 CST 2012" endtime="Fri Sep 21 16:00:43 CST 2012" />
          </TestCase>
          <TestCase name="SignatureTest" priority="">
            <Test name="test18566" result="pass" starttime="Fri Sep 21 16:00:43 CST 2012" endtime="Fri Sep 21 16:00:43 CST 2012" />
            <Test name="testGetCommonInstances_Success" result="pass" starttime="Fri Sep 21 16:00:44 CST 2012" endtime="Fri Sep 21 16:00:44 CST 2012" />
            <Test name="testSign_MD5withRSA_Key_Success" result="pass" starttime="Fri Sep 21 16:00:45 CST 2012" endtime="Fri Sep 21 16:00:45 CST 2012" />
            <Test name="testSign_SHA1withDSA_Key_Success" result="pass" starttime="Fri Sep 21 16:00:45 CST 2012" endtime="Fri Sep 21 16:00:45 CST 2012" />
            <Test name="testSign_SHA1withRSA_CrtKeyWithPublicExponent_Success" result="pass" starttime="Fri Sep 21 16:00:46 CST 2012" endtime="Fri Sep 21 16:00:46 CST 2012" />
            <Test name="testSign_SHA1withRSA_CrtKey_NoModulus_Failure" result="pass" starttime="Fri Sep 21 16:00:47 CST 2012" endtime="Fri Sep 21 16:00:47 CST 2012" />
            <Test name="testSign_SHA1withRSA_CrtKey_NoPrivateExponent_Failure" result="pass" starttime="Fri Sep 21 16:00:48 CST 2012" endtime="Fri Sep 21 16:00:48 CST 2012" />
            <Test name="testSign_SHA1withRSA_Key_EmptyKey_Failure" result="pass" starttime="Fri Sep 21 16:00:48 CST 2012" endtime="Fri Sep 21 16:00:48 CST 2012" />
            <Test name="testSign_SHA1withRSA_Key_Success" result="pass" starttime="Fri Sep 21 16:00:49 CST 2012" endtime="Fri Sep 21 16:00:49 CST 2012" />
            <Test name="testSign_SHA256withRSA_Key_Success" result="pass" starttime="Fri Sep 21 16:00:50 CST 2012" endtime="Fri Sep 21 16:00:50 CST 2012" />
            <Test name="testSign_SHA384withRSA_Key_Success" result="pass" starttime="Fri Sep 21 16:00:50 CST 2012" endtime="Fri Sep 21 16:00:50 CST 2012" />
            <Test name="testSign_SHA512withRSA_Key_Success" result="pass" starttime="Fri Sep 21 16:00:51 CST 2012" endtime="Fri Sep 21 16:00:51 CST 2012" />
            <Test name="testVerify_MD5withRSA_Key_Success" result="pass" starttime="Fri Sep 21 16:00:52 CST 2012" endtime="Fri Sep 21 16:00:52 CST 2012" />
            <Test name="testVerify_SHA1withDSA_Key_Success" result="pass" starttime="Fri Sep 21 16:00:52 CST 2012" endtime="Fri Sep 21 16:00:53 CST 2012" />
            <Test name="testVerify_SHA1withRSA_Key_InitSignThenInitVerify_Success" result="pass" starttime="Fri Sep 21 16:00:53 CST 2012" endtime="Fri Sep 21 16:00:53 CST 2012" />
            <Test name="testVerify_SHA1withRSA_Key_Success" result="pass" starttime="Fri Sep 21 16:00:54 CST 2012" endtime="Fri Sep 21 16:00:54 CST 2012" />
            <Test name="testVerify_SHA1withRSA_Key_TwoMessages_Success" result="pass" starttime="Fri Sep 21 16:00:55 CST 2012" endtime="Fri Sep 21 16:00:55 CST 2012" />
            <Test name="testVerify_SHA1withRSA_Key_WrongExpectedSignature_Failure" result="pass" starttime="Fri Sep 21 16:00:55 CST 2012" endtime="Fri Sep 21 16:00:55 CST 2012" />
            <Test name="testVerify_SHA256withRSA_Key_Success" result="pass" starttime="Fri Sep 21 16:00:56 CST 2012" endtime="Fri Sep 21 16:00:56 CST 2012" />
            <Test name="testVerify_SHA384withRSA_Key_Success" result="pass" starttime="Fri Sep 21 16:00:57 CST 2012" endtime="Fri Sep 21 16:00:57 CST 2012" />
            <Test name="testVerify_SHA512withRSA_Key_Success" result="pass" starttime="Fri Sep 21 16:00:57 CST 2012" endtime="Fri Sep 21 16:00:57 CST 2012" />
            <Test name="test_getInstance" result="pass" starttime="Fri Sep 21 16:00:58 CST 2012" endtime="Fri Sep 21 16:01:56 CST 2012" />
          </TestCase>
        </TestSuite>
        <TestSuite name="sql">
          <TestCase name="OldConnectionTest" priority="">
            <Test name="testClose" result="pass" starttime="Fri Sep 21 16:02:28 CST 2012" endtime="Fri Sep 21 16:02:28 CST 2012" />
            <Test name="testCommit" result="pass" starttime="Fri Sep 21 16:02:29 CST 2012" endtime="Fri Sep 21 16:02:29 CST 2012" />
            <Test name="testCreateStatement" result="pass" starttime="Fri Sep 21 16:02:30 CST 2012" endtime="Fri Sep 21 16:02:30 CST 2012" />
            <Test name="testCreateStatement_int_int_int" result="pass" starttime="Fri Sep 21 16:02:30 CST 2012" endtime="Fri Sep 21 16:02:30 CST 2012" />
            <Test name="testGetAutoCommit" result="pass" starttime="Fri Sep 21 16:02:31 CST 2012" endtime="Fri Sep 21 16:02:31 CST 2012" />
            <Test name="testGetTransactionIsolationNotSupported" result="pass" starttime="Fri Sep 21 16:02:32 CST 2012" endtime="Fri Sep 21 16:02:32 CST 2012" />
            <Test name="testGetTypeMap" result="pass" starttime="Fri Sep 21 16:02:32 CST 2012" endtime="Fri Sep 21 16:02:32 CST 2012" />
            <Test name="testIsClosed" result="pass" starttime="Fri Sep 21 16:02:33 CST 2012" endtime="Fri Sep 21 16:02:33 CST 2012" />
            <Test name="testNativeSQL" result="pass" starttime="Fri Sep 21 16:02:33 CST 2012" endtime="Fri Sep 21 16:02:34 CST 2012" />
            <Test name="testPrepareCall" result="pass" starttime="Fri Sep 21 16:02:34 CST 2012" endtime="Fri Sep 21 16:02:34 CST 2012" />
            <Test name="testPrepareCall_String_int_int" result="pass" starttime="Fri Sep 21 16:02:35 CST 2012" endtime="Fri Sep 21 16:02:35 CST 2012" />
            <Test name="testPrepareCall_String_int_int_int" result="pass" starttime="Fri Sep 21 16:02:36 CST 2012" endtime="Fri Sep 21 16:02:36 CST 2012" />
            <Test name="testPrepareStatement" result="pass" starttime="Fri Sep 21 16:02:36 CST 2012" endtime="Fri Sep 21 16:02:37 CST 2012" />
            <Test name="testPrepareStatement_String_StringArray" result="pass" starttime="Fri Sep 21 16:02:37 CST 2012" endtime="Fri Sep 21 16:02:37 CST 2012" />
            <Test name="testPrepareStatement_String_intArray" result="pass" starttime="Fri Sep 21 16:02:38 CST 2012" endtime="Fri Sep 21 16:02:38 CST 2012" />
            <Test name="testPrepareStatement_String_int_int" result="pass" starttime="Fri Sep 21 16:02:38 CST 2012" endtime="Fri Sep 21 16:02:39 CST 2012" />
            <Test name="testPrepareStatement_String_int_int_int" result="pass" starttime="Fri Sep 21 16:02:39 CST 2012" endtime="Fri Sep 21 16:02:39 CST 2012" />
            <Test name="testReleaseSavepoint_Savepoint" result="pass" starttime="Fri Sep 21 16:02:40 CST 2012" endtime="Fri Sep 21 16:02:40 CST 2012" />
            <Test name="testRollback" result="pass" starttime="Fri Sep 21 16:02:41 CST 2012" endtime="Fri Sep 21 16:02:41 CST 2012" />
            <Test name="testRollback_Savepoint" result="pass" starttime="Fri Sep 21 16:02:41 CST 2012" endtime="Fri Sep 21 16:02:41 CST 2012" />
            <Test name="testSetCatalog" result="pass" starttime="Fri Sep 21 16:02:42 CST 2012" endtime="Fri Sep 21 16:02:42 CST 2012" />
            <Test name="testSetSavepoint" result="pass" starttime="Fri Sep 21 16:02:43 CST 2012" endtime="Fri Sep 21 16:02:43 CST 2012" />
            <Test name="testSetSavepoint_String" result="pass" starttime="Fri Sep 21 16:02:44 CST 2012" endtime="Fri Sep 21 16:02:44 CST 2012" />
            <Test name="testSetTransactionIsolation" result="pass" starttime="Fri Sep 21 16:02:44 CST 2012" endtime="Fri Sep 21 16:02:45 CST 2012" />
            <Test name="testSetTypeMap" result="pass" starttime="Fri Sep 21 16:02:45 CST 2012" endtime="Fri Sep 21 16:02:45 CST 2012" />
          </TestCase>
          <TestCase name="OldDriverPropertyInfoTest" priority="">
            <Test name="testDriverPropertyInfoStringString" result="pass" starttime="Fri Sep 21 16:02:46 CST 2012" endtime="Fri Sep 21 16:02:46 CST 2012" />
            <Test name="testPublicFields" result="pass" starttime="Fri Sep 21 16:02:47 CST 2012" endtime="Fri Sep 21 16:02:47 CST 2012" />
          </TestCase>
          <TestCase name="OldPreparedStatementTest" priority="">
            <Test name="testAddBatch" result="pass" starttime="Fri Sep 21 16:02:47 CST 2012" endtime="Fri Sep 21 16:02:47 CST 2012" />
            <Test name="testExecuteQuery" result="pass" starttime="Fri Sep 21 16:02:48 CST 2012" endtime="Fri Sep 21 16:02:48 CST 2012" />
            <Test name="testExecuteUpdate" result="pass" starttime="Fri Sep 21 16:02:49 CST 2012" endtime="Fri Sep 21 16:02:49 CST 2012" />
            <Test name="testGetParameterMetaData" result="pass" starttime="Fri Sep 21 16:02:49 CST 2012" endtime="Fri Sep 21 16:02:50 CST 2012" />
            <Test name="testSetArray" result="pass" starttime="Fri Sep 21 16:02:50 CST 2012" endtime="Fri Sep 21 16:02:50 CST 2012" />
            <Test name="testSetAsciiStream" result="pass" starttime="Fri Sep 21 16:02:51 CST 2012" endtime="Fri Sep 21 16:02:51 CST 2012" />
            <Test name="testSetBinaryStream" result="pass" starttime="Fri Sep 21 16:02:52 CST 2012" endtime="Fri Sep 21 16:02:52 CST 2012" />
            <Test name="testSetBlob" result="pass" starttime="Fri Sep 21 16:02:53 CST 2012" endtime="Fri Sep 21 16:02:53 CST 2012" />
            <Test name="testSetCharacterSteam" result="pass" starttime="Fri Sep 21 16:02:53 CST 2012" endtime="Fri Sep 21 16:02:54 CST 2012" />
            <Test name="testSetClob" result="pass" starttime="Fri Sep 21 16:02:54 CST 2012" endtime="Fri Sep 21 16:02:54 CST 2012" />
            <Test name="testSetNullIntintString" result="pass" starttime="Fri Sep 21 16:02:55 CST 2012" endtime="Fri Sep 21 16:02:55 CST 2012" />
            <Test name="testSetNull_int_int" result="pass" starttime="Fri Sep 21 16:02:56 CST 2012" endtime="Fri Sep 21 16:02:56 CST 2012" />
            <Test name="testSetRef" result="pass" starttime="Fri Sep 21 16:02:57 CST 2012" endtime="Fri Sep 21 16:02:57 CST 2012" />
            <Test name="testSetString_mediumTextField" result="pass" starttime="Fri Sep 21 16:02:58 CST 2012" endtime="Fri Sep 21 16:02:58 CST 2012" />
            <Test name="testSetString_textField" result="pass" starttime="Fri Sep 21 16:02:58 CST 2012" endtime="Fri Sep 21 16:02:59 CST 2012" />
            <Test name="testSetURL" result="pass" starttime="Fri Sep 21 16:02:59 CST 2012" endtime="Fri Sep 21 16:02:59 CST 2012" />
            <Test name="testSetUnicodestream" result="pass" starttime="Fri Sep 21 16:03:00 CST 2012" endtime="Fri Sep 21 16:03:00 CST 2012" />
          </TestCase>
          <TestCase name="OldResultSetGetterTests" priority="">
            <Test name="testGetBytesInt" result="pass" starttime="Fri Sep 21 16:03:01 CST 2012" endtime="Fri Sep 21 16:03:01 CST 2012" />
            <Test name="testGetBytesIntBinary" result="pass" starttime="Fri Sep 21 16:03:02 CST 2012" endtime="Fri Sep 21 16:03:02 CST 2012" />
            <Test name="testGetBytesIntVarbinary" result="pass" starttime="Fri Sep 21 16:03:02 CST 2012" endtime="Fri Sep 21 16:03:03 CST 2012" />
            <Test name="testGetBytesString" result="pass" starttime="Fri Sep 21 16:03:03 CST 2012" endtime="Fri Sep 21 16:03:03 CST 2012" />
            <Test name="testGetConcurrency" result="pass" starttime="Fri Sep 21 16:03:04 CST 2012" endtime="Fri Sep 21 16:03:04 CST 2012" />
            <Test name="testGetDateInt" result="pass" starttime="Fri Sep 21 16:03:05 CST 2012" endtime="Fri Sep 21 16:03:05 CST 2012" />
            <Test name="testGetDateIntCalendar" result="pass" starttime="Fri Sep 21 16:03:05 CST 2012" endtime="Fri Sep 21 16:03:05 CST 2012" />
            <Test name="testGetDateString" result="pass" starttime="Fri Sep 21 16:03:06 CST 2012" endtime="Fri Sep 21 16:03:06 CST 2012" />
            <Test name="testGetDateStringCalendar" result="pass" starttime="Fri Sep 21 16:03:07 CST 2012" endtime="Fri Sep 21 16:03:07 CST 2012" />
            <Test name="testGetDoubleInt" result="pass" starttime="Fri Sep 21 16:03:07 CST 2012" endtime="Fri Sep 21 16:03:08 CST 2012" />
            <Test name="testGetDoubleString" result="pass" starttime="Fri Sep 21 16:03:08 CST 2012" endtime="Fri Sep 21 16:03:08 CST 2012" />
            <Test name="testGetFloatInt" result="pass" starttime="Fri Sep 21 16:03:09 CST 2012" endtime="Fri Sep 21 16:03:09 CST 2012" />
            <Test name="testGetFloatString" result="pass" starttime="Fri Sep 21 16:03:09 CST 2012" endtime="Fri Sep 21 16:03:10 CST 2012" />
            <Test name="testGetIntInt" result="pass" starttime="Fri Sep 21 16:03:10 CST 2012" endtime="Fri Sep 21 16:03:10 CST 2012" />
            <Test name="testGetIntString" result="pass" starttime="Fri Sep 21 16:03:11 CST 2012" endtime="Fri Sep 21 16:03:11 CST 2012" />
            <Test name="testGetLongInt" result="pass" starttime="Fri Sep 21 16:03:12 CST 2012" endtime="Fri Sep 21 16:03:12 CST 2012" />
            <Test name="testGetLongString" result="pass" starttime="Fri Sep 21 16:03:12 CST 2012" endtime="Fri Sep 21 16:03:12 CST 2012" />
            <Test name="testGetShortInt" result="pass" starttime="Fri Sep 21 16:03:13 CST 2012" endtime="Fri Sep 21 16:03:13 CST 2012" />
            <Test name="testGetShortString" result="pass" starttime="Fri Sep 21 16:03:14 CST 2012" endtime="Fri Sep 21 16:03:14 CST 2012" />
            <Test name="testGetStringInt" result="pass" starttime="Fri Sep 21 16:03:14 CST 2012" endtime="Fri Sep 21 16:03:15 CST 2012" />
            <Test name="testGetStringString" result="pass" starttime="Fri Sep 21 16:03:15 CST 2012" endtime="Fri Sep 21 16:03:15 CST 2012" />
            <Test name="testGetTimestampInt" result="pass" starttime="Fri Sep 21 16:03:16 CST 2012" endtime="Fri Sep 21 16:03:16 CST 2012" />
            <Test name="testGetTimestampIntCalendar" result="pass" starttime="Fri Sep 21 16:03:17 CST 2012" endtime="Fri Sep 21 16:03:17 CST 2012" />
            <Test name="testGetTimestampString" result="pass" starttime="Fri Sep 21 16:03:17 CST 2012" endtime="Fri Sep 21 16:03:18 CST 2012" />
            <Test name="testGetTimestampStringCalendar" result="pass" starttime="Fri Sep 21 16:03:18 CST 2012" endtime="Fri Sep 21 16:03:18 CST 2012" />
            <Test name="testGetURLInt" result="pass" starttime="Fri Sep 21 16:03:19 CST 2012" endtime="Fri Sep 21 16:03:19 CST 2012" />
            <Test name="testGetURLString" result="pass" starttime="Fri Sep 21 16:03:20 CST 2012" endtime="Fri Sep 21 16:03:20 CST 2012" />
          </TestCase>
          <TestCase name="OldResultSetMetaDataTest" priority="">
            <Test name="testGetColumnClassName" result="pass" starttime="Fri Sep 21 16:03:20 CST 2012" endtime="Fri Sep 21 16:03:20 CST 2012" />
            <Test name="testGetColumnType" result="pass" starttime="Fri Sep 21 16:03:21 CST 2012" endtime="Fri Sep 21 16:03:21 CST 2012" />
            <Test name="testGetColumnTypeName" result="pass" starttime="Fri Sep 21 16:03:22 CST 2012" endtime="Fri Sep 21 16:03:22 CST 2012" />
          </TestCase>
          <TestCase name="OldResultSetTest" priority="">
            <Test name="testAbsolute" result="pass" starttime="Fri Sep 21 16:03:22 CST 2012" endtime="Fri Sep 21 16:03:22 CST 2012" />
            <Test name="testClose" result="pass" starttime="Fri Sep 21 16:03:23 CST 2012" endtime="Fri Sep 21 16:03:23 CST 2012" />
            <Test name="testFindColumn" result="pass" starttime="Fri Sep 21 16:03:24 CST 2012" endtime="Fri Sep 21 16:03:24 CST 2012" />
            <Test name="testPrevious" result="pass" starttime="Fri Sep 21 16:03:25 CST 2012" endtime="Fri Sep 21 16:03:25 CST 2012" />
          </TestCase>
          <TestCase name="OldStatementTest" priority="">
            <Test name="testAddBatch" result="pass" starttime="Fri Sep 21 16:03:25 CST 2012" endtime="Fri Sep 21 16:03:25 CST 2012" />
            <Test name="testClearBatch" result="pass" starttime="Fri Sep 21 16:03:26 CST 2012" endtime="Fri Sep 21 16:03:26 CST 2012" />
            <Test name="testClearWarnings" result="pass" starttime="Fri Sep 21 16:03:27 CST 2012" endtime="Fri Sep 21 16:03:27 CST 2012" />
            <Test name="testExecuteUpdate_String_StringArray" result="pass" starttime="Fri Sep 21 16:03:28 CST 2012" endtime="Fri Sep 21 16:03:28 CST 2012" />
            <Test name="testExecuteUpdate_String_int" result="pass" starttime="Fri Sep 21 16:03:28 CST 2012" endtime="Fri Sep 21 16:03:29 CST 2012" />
            <Test name="testExecuteUpdate_String_intArray" result="pass" starttime="Fri Sep 21 16:03:29 CST 2012" endtime="Fri Sep 21 16:03:29 CST 2012" />
            <Test name="testExecute_String_StringArray" result="pass" starttime="Fri Sep 21 16:03:30 CST 2012" endtime="Fri Sep 21 16:03:30 CST 2012" />
            <Test name="testExecute_String_int" result="pass" starttime="Fri Sep 21 16:03:30 CST 2012" endtime="Fri Sep 21 16:03:31 CST 2012" />
            <Test name="testExecute_String_intArray" result="pass" starttime="Fri Sep 21 16:03:31 CST 2012" endtime="Fri Sep 21 16:03:31 CST 2012" />
            <Test name="testGeneratedKeys" result="pass" starttime="Fri Sep 21 16:03:32 CST 2012" endtime="Fri Sep 21 16:03:32 CST 2012" />
            <Test name="testGetMaxFieldSize" result="pass" starttime="Fri Sep 21 16:03:33 CST 2012" endtime="Fri Sep 21 16:03:33 CST 2012" />
            <Test name="testGetWarnings" result="pass" starttime="Fri Sep 21 16:03:33 CST 2012" endtime="Fri Sep 21 16:03:34 CST 2012" />
            <Test name="testMaxRows" result="pass" starttime="Fri Sep 21 16:03:34 CST 2012" endtime="Fri Sep 21 16:03:34 CST 2012" />
            <Test name="testSetCursorName" result="pass" starttime="Fri Sep 21 16:03:35 CST 2012" endtime="Fri Sep 21 16:03:35 CST 2012" />
            <Test name="testSetEscapeProcessing" result="pass" starttime="Fri Sep 21 16:03:35 CST 2012" endtime="Fri Sep 21 16:03:36 CST 2012" />
            <Test name="testSetFetchDirection" result="pass" starttime="Fri Sep 21 16:03:36 CST 2012" endtime="Fri Sep 21 16:03:36 CST 2012" />
            <Test name="testSetFetchSize" result="pass" starttime="Fri Sep 21 16:03:37 CST 2012" endtime="Fri Sep 21 16:03:37 CST 2012" />
            <Test name="testSetMaxFieldSize" result="pass" starttime="Fri Sep 21 16:03:38 CST 2012" endtime="Fri Sep 21 16:03:38 CST 2012" />
            <Test name="testSetQueryTimeout" result="pass" starttime="Fri Sep 21 16:03:38 CST 2012" endtime="Fri Sep 21 16:03:38 CST 2012" />
          </TestCase>
          <TestCase name="OldTimestampTest" priority="">
            <Test name="test_toString" result="pass" starttime="Fri Sep 21 16:03:39 CST 2012" endtime="Fri Sep 21 16:03:39 CST 2012" />
          </TestCase>
        </TestSuite>
        <TestSuite name="text">
          <TestCase name="AttributedCharacterIteratorAttributeTest" priority="">
            <Test name="testSerialization" result="pass" starttime="Fri Sep 21 16:03:40 CST 2012" endtime="Fri Sep 21 16:03:40 CST 2012" />
            <Test name="testSerializingSubclass" result="pass" starttime="Fri Sep 21 16:03:40 CST 2012" endtime="Fri Sep 21 16:03:41 CST 2012" />
          </TestCase>
          <TestCase name="BreakIteratorTest" priority="">
            <Test name="testFollowing" result="pass" starttime="Fri Sep 21 16:03:41 CST 2012" endtime="Fri Sep 21 16:03:41 CST 2012" />
            <Test name="testGetAvailableLocales" result="pass" starttime="Fri Sep 21 16:03:42 CST 2012" endtime="Fri Sep 21 16:03:42 CST 2012" />
            <Test name="testGetWordInstanceLocale" result="pass" starttime="Fri Sep 21 16:03:43 CST 2012" endtime="Fri Sep 21 16:03:43 CST 2012" />
            <Test name="testIsBoundary" result="pass" starttime="Fri Sep 21 16:03:43 CST 2012" endtime="Fri Sep 21 16:03:43 CST 2012" />
            <Test name="testPreceding" result="pass" starttime="Fri Sep 21 16:03:44 CST 2012" endtime="Fri Sep 21 16:03:44 CST 2012" />
            <Test name="testWordBoundaries" result="pass" starttime="Fri Sep 21 16:03:45 CST 2012" endtime="Fri Sep 21 16:03:45 CST 2012" />
          </TestCase>
          <TestCase name="CollatorTest" priority="">
            <Test name="testEqualsObject" result="pass" starttime="Fri Sep 21 16:03:45 CST 2012" endtime="Fri Sep 21 16:03:46 CST 2012" />
            <Test name="testGetCollationElementIteratorCharacterIterator" result="pass" starttime="Fri Sep 21 16:03:46 CST 2012" endtime="Fri Sep 21 16:03:46 CST 2012" />
            <Test name="testGetCollationElementIteratorString" result="pass" starttime="Fri Sep 21 16:03:47 CST 2012" endtime="Fri Sep 21 16:03:47 CST 2012" />
            <Test name="test_Harmony_1352" result="pass" starttime="Fri Sep 21 16:03:48 CST 2012" endtime="Fri Sep 21 16:03:48 CST 2012" />
            <Test name="test_collationKeySize" result="pass" starttime="Fri Sep 21 16:03:49 CST 2012" endtime="Fri Sep 21 16:03:49 CST 2012" />
            <Test name="test_decompositionCompatibility" result="pass" starttime="Fri Sep 21 16:03:49 CST 2012" endtime="Fri Sep 21 16:03:49 CST 2012" />
            <Test name="test_setStrengthI" result="pass" starttime="Fri Sep 21 16:03:50 CST 2012" endtime="Fri Sep 21 16:03:50 CST 2012" />
            <Test name="test_stackCorruption" result="pass" starttime="Fri Sep 21 16:03:51 CST 2012" endtime="Fri Sep 21 16:03:51 CST 2012" />
          </TestCase>
          <TestCase name="DateFormatSymbolsTest" priority="">
            <Test name="testSerialization" result="pass" starttime="Fri Sep 21 16:03:51 CST 2012" endtime="Fri Sep 21 16:03:52 CST 2012" />
            <Test name="test_getInstance_invalid_locale" result="pass" starttime="Fri Sep 21 16:03:52 CST 2012" endtime="Fri Sep 21 16:03:52 CST 2012" />
            <Test name="test_getZoneStrings_UTC" result="pass" starttime="Fri Sep 21 16:03:53 CST 2012" endtime="Fri Sep 21 16:03:53 CST 2012" />
            <Test name="test_getZoneStrings_cloning" result="pass" starttime="Fri Sep 21 16:03:54 CST 2012" endtime="Fri Sep 21 16:03:54 CST 2012" />
          </TestCase>
          <TestCase name="DecimalFormatSymbolsTest" priority="">
            <Test name="testSerialization" result="pass" starttime="Fri Sep 21 16:03:54 CST 2012" endtime="Fri Sep 21 16:03:54 CST 2012" />
          </TestCase>
          <TestCase name="DecimalFormatTest" priority="">
            <Test name="testBigDecimalBug1897917" result="pass" starttime="Fri Sep 21 16:03:55 CST 2012" endtime="Fri Sep 21 16:03:55 CST 2012" />
            <Test name="testBigDecimalICUConsistency" result="pass" starttime="Fri Sep 21 16:03:56 CST 2012" endtime="Fri Sep 21 16:03:56 CST 2012" />
            <Test name="testBigDecimalTestBigIntWithMultiplier" result="pass" starttime="Fri Sep 21 16:03:56 CST 2012" endtime="Fri Sep 21 16:03:57 CST 2012" />
            <Test name="test_exponentSeparator" result="pass" starttime="Fri Sep 21 16:03:57 CST 2012" endtime="Fri Sep 21 16:03:57 CST 2012" />
            <Test name="test_setMaximumFractionDigitsAffectsRoundingMode" result="pass" starttime="Fri Sep 21 16:03:58 CST 2012" endtime="Fri Sep 21 16:03:58 CST 2012" />
          </TestCase>
          <TestCase name="NormalizerTest" priority="">
            <Test name="testIsNormalized" result="pass" starttime="Fri Sep 21 16:03:59 CST 2012" endtime="Fri Sep 21 16:03:59 CST 2012" />
            <Test name="testNormalize" result="pass" starttime="Fri Sep 21 16:03:59 CST 2012" endtime="Fri Sep 21 16:03:59 CST 2012" />
          </TestCase>
          <TestCase name="NumberFormatTest" priority="">
            <Test name="test_10333" result="pass" starttime="Fri Sep 21 16:04:00 CST 2012" endtime="Fri Sep 21 16:04:00 CST 2012" />
            <Test name="test_custom_Number_gets_longValue" result="pass" starttime="Fri Sep 21 16:04:01 CST 2012" endtime="Fri Sep 21 16:04:01 CST 2012" />
            <Test name="test_getIntegerInstance_ar" result="pass" starttime="Fri Sep 21 16:04:01 CST 2012" endtime="Fri Sep 21 16:04:01 CST 2012" />
            <Test name="test_numberLocalization" result="pass" starttime="Fri Sep 21 16:04:02 CST 2012" endtime="Fri Sep 21 16:04:02 CST 2012" />
            <Test name="test_small_BigInteger_gets_longValue" result="pass" starttime="Fri Sep 21 16:04:03 CST 2012" endtime="Fri Sep 21 16:04:03 CST 2012" />
          </TestCase>
          <TestCase name="OldAttributedCharacterIteratorAttributeTest" priority="">
            <Test name="test_Constructor" result="pass" starttime="Fri Sep 21 16:04:04 CST 2012" endtime="Fri Sep 21 16:04:04 CST 2012" />
            <Test name="test_equalsLjava_lang_Object" result="pass" starttime="Fri Sep 21 16:04:04 CST 2012" endtime="Fri Sep 21 16:04:04 CST 2012" />
            <Test name="test_getName" result="pass" starttime="Fri Sep 21 16:04:05 CST 2012" endtime="Fri Sep 21 16:04:05 CST 2012" />
            <Test name="test_hashCode" result="pass" starttime="Fri Sep 21 16:04:06 CST 2012" endtime="Fri Sep 21 16:04:06 CST 2012" />
            <Test name="test_readResolve" result="pass" starttime="Fri Sep 21 16:04:06 CST 2012" endtime="Fri Sep 21 16:04:06 CST 2012" />
            <Test name="test_toString" result="pass" starttime="Fri Sep 21 16:04:07 CST 2012" endtime="Fri Sep 21 16:04:07 CST 2012" />
          </TestCase>
          <TestCase name="OldAttributedCharacterIteratorTest" priority="">
            <Test name="test_getAllAttributeKeys" result="pass" starttime="Fri Sep 21 16:04:08 CST 2012" endtime="Fri Sep 21 16:04:08 CST 2012" />
            <Test name="test_getAttributeLAttributedCharacterIterator_Attribute" result="pass" starttime="Fri Sep 21 16:04:08 CST 2012" endtime="Fri Sep 21 16:04:09 CST 2012" />
            <Test name="test_getAttributes" result="pass" starttime="Fri Sep 21 16:04:09 CST 2012" endtime="Fri Sep 21 16:04:09 CST 2012" />
            <Test name="test_getRunLimit" result="pass" starttime="Fri Sep 21 16:04:10 CST 2012" endtime="Fri Sep 21 16:04:10 CST 2012" />
            <Test name="test_getRunLimitLAttribute" result="pass" starttime="Fri Sep 21 16:04:11 CST 2012" endtime="Fri Sep 21 16:04:11 CST 2012" />
            <Test name="test_getRunLimitLSet" result="pass" starttime="Fri Sep 21 16:04:11 CST 2012" endtime="Fri Sep 21 16:04:11 CST 2012" />
            <Test name="test_getRunStart" result="pass" starttime="Fri Sep 21 16:04:12 CST 2012" endtime="Fri Sep 21 16:04:12 CST 2012" />
            <Test name="test_getRunStartLAttribute" result="pass" starttime="Fri Sep 21 16:04:13 CST 2012" endtime="Fri Sep 21 16:04:13 CST 2012" />
            <Test name="test_getRunStartLjava_util_Set" result="pass" starttime="Fri Sep 21 16:04:14 CST 2012" endtime="Fri Sep 21 16:04:14 CST 2012" />
          </TestCase>
          <TestCase name="OldAttributedStringTest" priority="">
            <Test name="test_ConstructorLAttributedCharacterIteratorII" result="pass" starttime="Fri Sep 21 16:04:14 CST 2012" endtime="Fri Sep 21 16:04:14 CST 2012" />
            <Test name="test_ConstructorLAttributedCharacterIteratorII$Ljava_text_AttributedCharacterIterator$Attribute" result="pass" starttime="Fri Sep 21 16:04:15 CST 2012" endtime="Fri Sep 21 16:04:15 CST 2012" />
            <Test name="test_ConstructorLAttributedCharacterIterator_1" result="pass" starttime="Fri Sep 21 16:04:16 CST 2012" endtime="Fri Sep 21 16:04:16 CST 2012" />
            <Test name="test_ConstructorLAttributedCharacterIterator_2" result="pass" starttime="Fri Sep 21 16:04:16 CST 2012" endtime="Fri Sep 21 16:04:17 CST 2012" />
            <Test name="test_ConstructorLAttributedCharacterIterator_3" result="pass" starttime="Fri Sep 21 16:04:17 CST 2012" endtime="Fri Sep 21 16:04:17 CST 2012" />
            <Test name="test_ConstructorLjava_lang_StringLjava_util_Map" result="pass" starttime="Fri Sep 21 16:04:18 CST 2012" endtime="Fri Sep 21 16:04:18 CST 2012" />
            <Test name="test_addAttributeLjava_text_AttributedCharacterIterator$AttributeLjava_lang_Object" result="pass" starttime="Fri Sep 21 16:04:18 CST 2012" endtime="Fri Sep 21 16:04:19 CST 2012" />
            <Test name="test_addAttributeLjava_text_AttributedCharacterIterator$AttributeLjava_lang_ObjectII" result="pass" starttime="Fri Sep 21 16:04:19 CST 2012" endtime="Fri Sep 21 16:04:19 CST 2012" />
            <Test name="test_addAttributesLjava_util_MapII" result="pass" starttime="Fri Sep 21 16:04:20 CST 2012" endtime="Fri Sep 21 16:04:20 CST 2012" />
            <Test name="test_getIterator" result="pass" starttime="Fri Sep 21 16:04:21 CST 2012" endtime="Fri Sep 21 16:04:21 CST 2012" />
            <Test name="test_getIterator$Ljava_text_AttributedCharacterIterator$Attribute" result="pass" starttime="Fri Sep 21 16:04:21 CST 2012" endtime="Fri Sep 21 16:04:21 CST 2012" />
            <Test name="test_getIterator$Ljava_text_AttributedCharacterIterator$AttributeII" result="pass" starttime="Fri Sep 21 16:04:22 CST 2012" endtime="Fri Sep 21 16:04:22 CST 2012" />
          </TestCase>
          <TestCase name="OldBidiTest" priority="">
            <Test name="testCreateLineBidi_AndroidFailure" result="pass" starttime="Fri Sep 21 16:04:23 CST 2012" endtime="Fri Sep 21 16:04:23 CST 2012" />
            <Test name="testGetRunLevelLInt" result="pass" starttime="Fri Sep 21 16:04:23 CST 2012" endtime="Fri Sep 21 16:04:23 CST 2012" />
            <Test name="testGetRunStart" result="pass" starttime="Fri Sep 21 16:04:24 CST 2012" endtime="Fri Sep 21 16:04:24 CST 2012" />
            <Test name="testToString" result="pass" starttime="Fri Sep 21 16:04:25 CST 2012" endtime="Fri Sep 21 16:04:25 CST 2012" />
          </TestCase>
          <TestCase name="OldCollationElementIteratorTest" priority="">
            <Test name="testPrevious" result="pass" starttime="Fri Sep 21 16:04:25 CST 2012" endtime="Fri Sep 21 16:04:26 CST 2012" />
          </TestCase>
          <TestCase name="OldCollationKeyTest" priority="">
            <Test name="test_toByteArray" result="pass" starttime="Fri Sep 21 16:04:26 CST 2012" endtime="Fri Sep 21 16:04:26 CST 2012" />
          </TestCase>
          <TestCase name="OldDateFormatTest" priority="">
            <Test name="test_Constructor" result="pass" starttime="Fri Sep 21 16:04:27 CST 2012" endtime="Fri Sep 21 16:04:27 CST 2012" />
            <Test name="test_equalsLjava_lang_Object" result="pass" starttime="Fri Sep 21 16:04:28 CST 2012" endtime="Fri Sep 21 16:04:28 CST 2012" />
            <Test name="test_formatLjava_lang_ObjectLjava_lang_StringBufferLjava_text_FieldPosition" result="pass" starttime="Fri Sep 21 16:04:28 CST 2012" endtime="Fri Sep 21 16:04:28 CST 2012" />
            <Test name="test_formatLjava_util_Date" result="pass" starttime="Fri Sep 21 16:04:29 CST 2012" endtime="Fri Sep 21 16:04:29 CST 2012" />
            <Test name="test_getTimeZone" result="pass" starttime="Fri Sep 21 16:04:30 CST 2012" endtime="Fri Sep 21 16:04:30 CST 2012" />
            <Test name="test_hashCode" result="pass" starttime="Fri Sep 21 16:04:30 CST 2012" endtime="Fri Sep 21 16:04:31 CST 2012" />
            <Test name="test_isLenient" result="pass" starttime="Fri Sep 21 16:04:31 CST 2012" endtime="Fri Sep 21 16:04:31 CST 2012" />
            <Test name="test_parseLString" result="pass" starttime="Fri Sep 21 16:04:32 CST 2012" endtime="Fri Sep 21 16:04:32 CST 2012" />
            <Test name="test_parseObjectLjava_lang_StringLjava_text_ParsePosition" result="pass" starttime="Fri Sep 21 16:04:32 CST 2012" endtime="Fri Sep 21 16:04:33 CST 2012" />
            <Test name="test_setLenientZ" result="pass" starttime="Fri Sep 21 16:04:33 CST 2012" endtime="Fri Sep 21 16:04:33 CST 2012" />
            <Test name="test_setTimeZoneLjava_util_TimeZone" result="pass" starttime="Fri Sep 21 16:04:34 CST 2012" endtime="Fri Sep 21 16:04:34 CST 2012" />
          </TestCase>
          <TestCase name="OldDecimalFormatSymbolsTest" priority="">
            <Test name="test_Constructor" result="pass" starttime="Fri Sep 21 16:04:35 CST 2012" endtime="Fri Sep 21 16:04:35 CST 2012" />
            <Test name="test_ConstructorLjava_util_Locale" result="pass" starttime="Fri Sep 21 16:04:35 CST 2012" endtime="Fri Sep 21 16:04:35 CST 2012" />
            <Test name="test_clone" result="pass" starttime="Fri Sep 21 16:04:36 CST 2012" endtime="Fri Sep 21 16:04:36 CST 2012" />
            <Test name="test_getMonetaryDecimalSeparator" result="pass" starttime="Fri Sep 21 16:04:37 CST 2012" endtime="Fri Sep 21 16:04:37 CST 2012" />
            <Test name="test_hashCode" result="pass" starttime="Fri Sep 21 16:04:37 CST 2012" endtime="Fri Sep 21 16:04:38 CST 2012" />
            <Test name="test_setCurrencySymbolLjava_lang_String" result="pass" starttime="Fri Sep 21 16:04:38 CST 2012" endtime="Fri Sep 21 16:04:38 CST 2012" />
            <Test name="test_setMonetaryDecimalSeparatorC" result="pass" starttime="Fri Sep 21 16:04:39 CST 2012" endtime="Fri Sep 21 16:04:39 CST 2012" />
          </TestCase>
          <TestCase name="OldDecimalFormatTest" priority="">
            <Test name="test_Constructor" result="pass" starttime="Fri Sep 21 16:04:40 CST 2012" endtime="Fri Sep 21 16:04:40 CST 2012" />
            <Test name="test_ConstructorLjava_lang_String" result="pass" starttime="Fri Sep 21 16:04:40 CST 2012" endtime="Fri Sep 21 16:04:40 CST 2012" />
            <Test name="test_ConstructorLjava_lang_StringLjava_text_DecimalFormatSymbols" result="pass" starttime="Fri Sep 21 16:04:41 CST 2012" endtime="Fri Sep 21 16:04:41 CST 2012" />
            <Test name="test_applyLocalizedPatternLjava_lang_String" result="pass" starttime="Fri Sep 21 16:04:42 CST 2012" endtime="Fri Sep 21 16:04:42 CST 2012" />
            <Test name="test_applyPatternLjava_lang_String" result="pass" starttime="Fri Sep 21 16:04:42 CST 2012" endtime="Fri Sep 21 16:04:43 CST 2012" />
            <Test name="test_applyPatternLjava_lang_String2" result="pass" starttime="Fri Sep 21 16:04:43 CST 2012" endtime="Fri Sep 21 16:04:43 CST 2012" />
            <Test name="test_clone" result="pass" starttime="Fri Sep 21 16:04:44 CST 2012" endtime="Fri Sep 21 16:04:44 CST 2012" />
            <Test name="test_formatD" result="pass" starttime="Fri Sep 21 16:04:44 CST 2012" endtime="Fri Sep 21 16:04:45 CST 2012" />
            <Test name="test_getMaximumIntegerDigits2" result="pass" starttime="Fri Sep 21 16:04:45 CST 2012" endtime="Fri Sep 21 16:04:45 CST 2012" />
            <Test name="test_getMaximumIntegerDigits_AndroidOnly" result="pass" starttime="Fri Sep 21 16:04:46 CST 2012" endtime="Fri Sep 21 16:04:46 CST 2012" />
            <Test name="test_getNegativePrefix" result="pass" starttime="Fri Sep 21 16:04:47 CST 2012" endtime="Fri Sep 21 16:04:47 CST 2012" />
            <Test name="test_getNegativeSuffix" result="pass" starttime="Fri Sep 21 16:04:47 CST 2012" endtime="Fri Sep 21 16:04:47 CST 2012" />
            <Test name="test_getPositivePrefix" result="pass" starttime="Fri Sep 21 16:04:48 CST 2012" endtime="Fri Sep 21 16:04:48 CST 2012" />
            <Test name="test_getPositiveSuffix" result="pass" starttime="Fri Sep 21 16:04:49 CST 2012" endtime="Fri Sep 21 16:04:49 CST 2012" />
            <Test name="test_hashCode" result="pass" starttime="Fri Sep 21 16:04:49 CST 2012" endtime="Fri Sep 21 16:04:49 CST 2012" />
            <Test name="test_isGroupingUsed" result="pass" starttime="Fri Sep 21 16:04:50 CST 2012" endtime="Fri Sep 21 16:04:50 CST 2012" />
            <Test name="test_isParseBigDecimalLjava_lang_Boolean_isParseIntegerOnlyLjava_lang_Boolean" result="pass" starttime="Fri Sep 21 16:04:51 CST 2012" endtime="Fri Sep 21 16:04:51 CST 2012" />
            <Test name="test_isParseIntegerOnly" result="pass" starttime="Fri Sep 21 16:04:52 CST 2012" endtime="Fri Sep 21 16:04:52 CST 2012" />
            <Test name="test_parseLjava_lang_String_Ljava_text_ParsePosition" result="pass" starttime="Fri Sep 21 16:04:52 CST 2012" endtime="Fri Sep 21 16:04:52 CST 2012" />
            <Test name="test_setGroupingUse" result="pass" starttime="Fri Sep 21 16:04:53 CST 2012" endtime="Fri Sep 21 16:04:53 CST 2012" />
            <Test name="test_setNegativePrefixLjava_lang_String" result="pass" starttime="Fri Sep 21 16:04:54 CST 2012" endtime="Fri Sep 21 16:04:54 CST 2012" />
            <Test name="test_setNegativeSuffixLjava_lang_String" result="pass" starttime="Fri Sep 21 16:04:54 CST 2012" endtime="Fri Sep 21 16:04:54 CST 2012" />
            <Test name="test_setPositivePrefixLjava_lang_String" result="pass" starttime="Fri Sep 21 16:04:55 CST 2012" endtime="Fri Sep 21 16:04:55 CST 2012" />
            <Test name="test_setPositiveSuffixLjava_lang_String" result="pass" starttime="Fri Sep 21 16:04:56 CST 2012" endtime="Fri Sep 21 16:04:56 CST 2012" />
            <Test name="test_toLocalizedPattern" result="pass" starttime="Fri Sep 21 16:04:56 CST 2012" endtime="Fri Sep 21 16:04:57 CST 2012" />
            <Test name="test_toPattern" result="pass" starttime="Fri Sep 21 16:04:57 CST 2012" endtime="Fri Sep 21 16:04:57 CST 2012" />
          </TestCase>
          <TestCase name="OldDecimalFormatTestICU" priority="">
            <Test name="test_paddingPattern" result="pass" starttime="Fri Sep 21 16:04:58 CST 2012" endtime="Fri Sep 21 16:04:58 CST 2012" />
            <Test name="test_positiveExponentSign" result="pass" starttime="Fri Sep 21 16:04:59 CST 2012" endtime="Fri Sep 21 16:04:59 CST 2012" />
            <Test name="test_secondaryGroupingSize" result="pass" starttime="Fri Sep 21 16:04:59 CST 2012" endtime="Fri Sep 21 16:05:00 CST 2012" />
            <Test name="test_sigDigitPatterns" result="pass" starttime="Fri Sep 21 16:05:00 CST 2012" endtime="Fri Sep 21 16:05:00 CST 2012" />
          </TestCase>
          <TestCase name="OldFieldPositionTest" priority="">
            <Test name="test_hashCode" result="pass" starttime="Fri Sep 21 16:05:01 CST 2012" endtime="Fri Sep 21 16:05:01 CST 2012" />
            <Test name="test_setBeginIndexI" result="pass" starttime="Fri Sep 21 16:05:02 CST 2012" endtime="Fri Sep 21 16:05:02 CST 2012" />
            <Test name="test_setEndIndexI" result="pass" starttime="Fri Sep 21 16:05:02 CST 2012" endtime="Fri Sep 21 16:05:03 CST 2012" />
          </TestCase>
          <TestCase name="OldFormatFieldTest" priority="">
            <Test name="test_Constructor" result="pass" starttime="Fri Sep 21 16:05:03 CST 2012" endtime="Fri Sep 21 16:05:03 CST 2012" />
          </TestCase>
          <TestCase name="OldFormatTest" priority="">
            <Test name="test_Constructor" result="pass" starttime="Fri Sep 21 16:05:04 CST 2012" endtime="Fri Sep 21 16:05:04 CST 2012" />
            <Test name="test_clone" result="pass" starttime="Fri Sep 21 16:05:05 CST 2012" endtime="Fri Sep 21 16:05:05 CST 2012" />
            <Test name="test_formatLjava_lang_Object" result="pass" starttime="Fri Sep 21 16:05:05 CST 2012" endtime="Fri Sep 21 16:05:05 CST 2012" />
            <Test name="test_formatToCharacterIteratorLjava_lang_Object" result="pass" starttime="Fri Sep 21 16:05:06 CST 2012" endtime="Fri Sep 21 16:05:06 CST 2012" />
            <Test name="test_parseObjectLjava_lang_String" result="pass" starttime="Fri Sep 21 16:05:07 CST 2012" endtime="Fri Sep 21 16:05:07 CST 2012" />
          </TestCase>
          <TestCase name="OldMessageFormatFieldTest" priority="">
            <Test name="test_ConstructorLjava_lang_String" result="pass" starttime="Fri Sep 21 16:05:07 CST 2012" endtime="Fri Sep 21 16:05:08 CST 2012" />
            <Test name="test_readResolve" result="pass" starttime="Fri Sep 21 16:05:08 CST 2012" endtime="Fri Sep 21 16:05:08 CST 2012" />
          </TestCase>
          <TestCase name="OldMessageFormatTest" priority="">
            <Test name="test_applyPatternLjava_lang_String_AndroidFailure" result="pass" starttime="Fri Sep 21 16:05:09 CST 2012" endtime="Fri Sep 21 16:05:09 CST 2012" />
            <Test name="test_format$Ljava_lang_ObjectLjava_lang_StringBufferLjava_text_FieldPosition" result="pass" starttime="Fri Sep 21 16:05:10 CST 2012" endtime="Fri Sep 21 16:05:10 CST 2012" />
            <Test name="test_formatLjava_lang_ObjectLjava_lang_StringBufferLjava_text_FieldPosition" result="pass" starttime="Fri Sep 21 16:05:10 CST 2012" endtime="Fri Sep 21 16:05:10 CST 2012" />
            <Test name="test_formatLjava_lang_StringLjava_lang_Object" result="pass" starttime="Fri Sep 21 16:05:11 CST 2012" endtime="Fri Sep 21 16:05:11 CST 2012" />
            <Test name="test_formatToCharacterIteratorLjava_lang_Object" result="pass" starttime="Fri Sep 21 16:05:12 CST 2012" endtime="Fri Sep 21 16:05:12 CST 2012" />
            <Test name="test_format_Object" result="pass" starttime="Fri Sep 21 16:05:12 CST 2012" endtime="Fri Sep 21 16:05:13 CST 2012" />
            <Test name="test_getLocale" result="pass" starttime="Fri Sep 21 16:05:13 CST 2012" endtime="Fri Sep 21 16:05:13 CST 2012" />
            <Test name="test_parseLjava_lang_String" result="pass" starttime="Fri Sep 21 16:05:14 CST 2012" endtime="Fri Sep 21 16:05:14 CST 2012" />
            <Test name="test_parseLjava_lang_StringLjava_text_ParsePosition" result="pass" starttime="Fri Sep 21 16:05:15 CST 2012" endtime="Fri Sep 21 16:05:15 CST 2012" />
            <Test name="test_parseObjectLjava_lang_StringLjavajava_text_ParsePosition" result="pass" starttime="Fri Sep 21 16:05:15 CST 2012" endtime="Fri Sep 21 16:05:15 CST 2012" />
            <Test name="test_setFormatILjava_text_Format" result="pass" starttime="Fri Sep 21 16:05:16 CST 2012" endtime="Fri Sep 21 16:05:16 CST 2012" />
            <Test name="test_setFormats$Ljava_text_Format" result="pass" starttime="Fri Sep 21 16:05:17 CST 2012" endtime="Fri Sep 21 16:05:17 CST 2012" />
          </TestCase>
          <TestCase name="OldNumberFormatFieldTest" priority="">
            <Test name="test_ConstructorLjava_lang_String" result="pass" starttime="Fri Sep 21 16:05:17 CST 2012" endtime="Fri Sep 21 16:05:17 CST 2012" />
            <Test name="test_readResolve" result="pass" starttime="Fri Sep 21 16:05:18 CST 2012" endtime="Fri Sep 21 16:05:18 CST 2012" />
          </TestCase>
          <TestCase name="OldNumberFormatTest" priority="">
            <Test name="test_clone" result="pass" starttime="Fri Sep 21 16:05:19 CST 2012" endtime="Fri Sep 21 16:05:19 CST 2012" />
            <Test name="test_constructor" result="pass" starttime="Fri Sep 21 16:05:19 CST 2012" endtime="Fri Sep 21 16:05:20 CST 2012" />
            <Test name="test_equals" result="pass" starttime="Fri Sep 21 16:05:20 CST 2012" endtime="Fri Sep 21 16:05:20 CST 2012" />
            <Test name="test_formatLdouble" result="pass" starttime="Fri Sep 21 16:05:21 CST 2012" endtime="Fri Sep 21 16:05:21 CST 2012" />
            <Test name="test_formatLlong" result="pass" starttime="Fri Sep 21 16:05:22 CST 2012" endtime="Fri Sep 21 16:05:22 CST 2012" />
            <Test name="test_getAvailableLocales" result="pass" starttime="Fri Sep 21 16:05:22 CST 2012" endtime="Fri Sep 21 16:05:22 CST 2012" />
            <Test name="test_getCurrencyInstance" result="pass" starttime="Fri Sep 21 16:05:23 CST 2012" endtime="Fri Sep 21 16:05:23 CST 2012" />
            <Test name="test_getCurrencyInstanceLjava_util_Locale" result="pass" starttime="Fri Sep 21 16:05:24 CST 2012" endtime="Fri Sep 21 16:05:24 CST 2012" />
            <Test name="test_getInstance" result="pass" starttime="Fri Sep 21 16:05:24 CST 2012" endtime="Fri Sep 21 16:05:25 CST 2012" />
            <Test name="test_getInstanceLjava_util_Locale" result="pass" starttime="Fri Sep 21 16:05:25 CST 2012" endtime="Fri Sep 21 16:05:25 CST 2012" />
            <Test name="test_getIntegerInstanceLjava_util_Locale" result="pass" starttime="Fri Sep 21 16:05:26 CST 2012" endtime="Fri Sep 21 16:05:26 CST 2012" />
            <Test name="test_getMaximumFractionDigits" result="pass" starttime="Fri Sep 21 16:05:27 CST 2012" endtime="Fri Sep 21 16:05:27 CST 2012" />
            <Test name="test_getMaximumIntegerDigits" result="pass" starttime="Fri Sep 21 16:05:27 CST 2012" endtime="Fri Sep 21 16:05:27 CST 2012" />
            <Test name="test_getMinimumFractionDigits" result="pass" starttime="Fri Sep 21 16:05:28 CST 2012" endtime="Fri Sep 21 16:05:28 CST 2012" />
            <Test name="test_getMinimumIntegernDigits" result="pass" starttime="Fri Sep 21 16:05:29 CST 2012" endtime="Fri Sep 21 16:05:29 CST 2012" />
            <Test name="test_getNumberInstance" result="pass" starttime="Fri Sep 21 16:05:29 CST 2012" endtime="Fri Sep 21 16:05:30 CST 2012" />
            <Test name="test_getNumberInstanceLjava_util_Locale" result="pass" starttime="Fri Sep 21 16:05:30 CST 2012" endtime="Fri Sep 21 16:05:30 CST 2012" />
            <Test name="test_getPercentInstance" result="pass" starttime="Fri Sep 21 16:05:31 CST 2012" endtime="Fri Sep 21 16:05:31 CST 2012" />
            <Test name="test_getPercentInstanceLjava_util_Locale" result="pass" starttime="Fri Sep 21 16:05:32 CST 2012" endtime="Fri Sep 21 16:05:32 CST 2012" />
            <Test name="test_hashCode" result="pass" starttime="Fri Sep 21 16:05:32 CST 2012" endtime="Fri Sep 21 16:05:32 CST 2012" />
            <Test name="test_isGroupingUsed" result="pass" starttime="Fri Sep 21 16:05:33 CST 2012" endtime="Fri Sep 21 16:05:33 CST 2012" />
            <Test name="test_isParseIntegerOnly" result="pass" starttime="Fri Sep 21 16:05:34 CST 2012" endtime="Fri Sep 21 16:05:34 CST 2012" />
            <Test name="test_parseObjectLjava_lang_StringLjava_text_ParsePosition" result="pass" starttime="Fri Sep 21 16:05:34 CST 2012" endtime="Fri Sep 21 16:05:35 CST 2012" />
            <Test name="test_setCurrencyLjava_util_Currency" result="pass" starttime="Fri Sep 21 16:05:35 CST 2012" endtime="Fri Sep 21 16:05:35 CST 2012" />
            <Test name="test_setGroupingUsed" result="pass" starttime="Fri Sep 21 16:05:36 CST 2012" endtime="Fri Sep 21 16:05:36 CST 2012" />
            <Test name="test_setMaximumFractionDigits" result="pass" starttime="Fri Sep 21 16:05:37 CST 2012" endtime="Fri Sep 21 16:05:37 CST 2012" />
            <Test name="test_setMaximumIntegerDigits" result="pass" starttime="Fri Sep 21 16:05:37 CST 2012" endtime="Fri Sep 21 16:05:37 CST 2012" />
            <Test name="test_setMinimumFractionDigits" result="pass" starttime="Fri Sep 21 16:05:38 CST 2012" endtime="Fri Sep 21 16:05:38 CST 2012" />
            <Test name="test_setMinimumIntegerDigits" result="pass" starttime="Fri Sep 21 16:05:39 CST 2012" endtime="Fri Sep 21 16:05:39 CST 2012" />
            <Test name="test_setParseIntegerOnly" result="pass" starttime="Fri Sep 21 16:05:39 CST 2012" endtime="Fri Sep 21 16:05:40 CST 2012" />
          </TestCase>
          <TestCase name="OldParsePositionTest" priority="">
            <Test name="test_getErrorIndex" result="pass" starttime="Fri Sep 21 16:05:40 CST 2012" endtime="Fri Sep 21 16:05:40 CST 2012" />
            <Test name="test_hashCode" result="pass" starttime="Fri Sep 21 16:05:41 CST 2012" endtime="Fri Sep 21 16:05:41 CST 2012" />
          </TestCase>
          <TestCase name="OldSimpleDateFormatTest" priority="">
            <Test name="testFormattingYear" result="pass" starttime="Fri Sep 21 16:05:42 CST 2012" endtime="Fri Sep 21 16:05:42 CST 2012" />
            <Test name="test_ConstructorLjava_lang_StringLjava_text_DateFormatSymbols" result="pass" starttime="Fri Sep 21 16:05:42 CST 2012" endtime="Fri Sep 21 16:05:42 CST 2012" />
            <Test name="test_ConstructorLjava_lang_StringLjava_util_Locale" result="pass" starttime="Fri Sep 21 16:05:43 CST 2012" endtime="Fri Sep 21 16:05:43 CST 2012" />
            <Test name="test_applyLocalizedPatternLjava_lang_String" result="pass" starttime="Fri Sep 21 16:05:44 CST 2012" endtime="Fri Sep 21 16:05:44 CST 2012" />
            <Test name="test_applyPatternLjava_lang_String" result="pass" starttime="Fri Sep 21 16:05:44 CST 2012" endtime="Fri Sep 21 16:05:44 CST 2012" />
            <Test name="test_formatLjava_util_DateLjava_lang_StringBufferLjava_text_FieldPosition" result="pass" starttime="Fri Sep 21 16:05:45 CST 2012" endtime="Fri Sep 21 16:05:45 CST 2012" />
            <Test name="test_hashCode" result="pass" starttime="Fri Sep 21 16:05:46 CST 2012" endtime="Fri Sep 21 16:05:46 CST 2012" />
            <Test name="test_parseLjava_lang_StringLjava_text_ParsePosition_2" result="pass" starttime="Fri Sep 21 16:05:47 CST 2012" endtime="Fri Sep 21 16:05:47 CST 2012" />
            <Test name="test_setDateFormatSymbolsLjava_text_DateFormatSymbols" result="pass" starttime="Fri Sep 21 16:05:47 CST 2012" endtime="Fri Sep 21 16:05:48 CST 2012" />
            <Test name="test_timeZoneFormatting" result="pass" starttime="Fri Sep 21 16:05:48 CST 2012" endtime="Fri Sep 21 16:05:48 CST 2012" />
            <Test name="test_toLocalizedPattern" result="pass" starttime="Fri Sep 21 16:05:49 CST 2012" endtime="Fri Sep 21 16:05:49 CST 2012" />
            <Test name="test_toPattern" result="pass" starttime="Fri Sep 21 16:05:49 CST 2012" endtime="Fri Sep 21 16:05:50 CST 2012" />
          </TestCase>
          <TestCase name="SimpleDateFormatTest" priority="">
            <Test name="test2038" result="pass" starttime="Fri Sep 21 16:05:50 CST 2012" endtime="Fri Sep 21 16:05:50 CST 2012" />
            <Test name="test2DigitYearStartIsCloned" result="pass" starttime="Fri Sep 21 16:05:51 CST 2012" endtime="Fri Sep 21 16:05:51 CST 2012" />
            <Test name="testDstZoneNameWithNonDstTimestamp" result="pass" starttime="Fri Sep 21 16:05:52 CST 2012" endtime="Fri Sep 21 16:05:52 CST 2012" />
            <Test name="testFormattingUncommonTimeZoneAbbreviations" result="pass" starttime="Fri Sep 21 16:05:52 CST 2012" endtime="Fri Sep 21 16:05:52 CST 2012" />
            <Test name="testLocales" result="pass" starttime="Fri Sep 21 16:05:53 CST 2012" endtime="Fri Sep 21 16:06:15 CST 2012" />
            <Test name="testNonDstZoneNameWithDstTimestamp" result="pass" starttime="Fri Sep 21 16:06:16 CST 2012" endtime="Fri Sep 21 16:06:16 CST 2012" />
            <Test name="testNonDstZoneWithDstTimestampForNonHourDstZone" result="pass" starttime="Fri Sep 21 16:06:16 CST 2012" endtime="Fri Sep 21 16:06:17 CST 2012" />
            <Test name="testObsoleteDstZoneName" result="pass" starttime="Fri Sep 21 16:06:17 CST 2012" endtime="Fri Sep 21 16:06:17 CST 2012" />
            <Test name="testParseTimezoneOnly" result="pass" starttime="Fri Sep 21 16:06:18 CST 2012" endtime="Fri Sep 21 16:06:18 CST 2012" />
            <Test name="testParsingUncommonTimeZoneAbbreviations" result="pass" starttime="Fri Sep 21 16:06:18 CST 2012" endtime="Fri Sep 21 16:06:18 CST 2012" />
            <Test name="testStandAloneNames" result="pass" starttime="Fri Sep 21 16:06:19 CST 2012" endtime="Fri Sep 21 16:06:19 CST 2012" />
            <Test name="testTimeZoneFormatting" result="pass" starttime="Fri Sep 21 16:06:20 CST 2012" endtime="Fri Sep 21 16:06:20 CST 2012" />
          </TestCase>
        </TestSuite>
        <TestSuite name="util">
          <TestSuite name="beans">
            <TestCase name="PropertyChangeSupportTest" priority="">
              <Test name="testAddingAListenerActuallyAddsAProxy" result="pass" starttime="Fri Sep 21 16:08:54 CST 2012" endtime="Fri Sep 21 16:08:54 CST 2012" />
              <Test name="testAddingAProxy" result="pass" starttime="Fri Sep 21 16:08:55 CST 2012" endtime="Fri Sep 21 16:08:55 CST 2012" />
              <Test name="testAddingOneListenerTwice" result="pass" starttime="Fri Sep 21 16:08:56 CST 2012" endtime="Fri Sep 21 16:08:56 CST 2012" />
              <Test name="testEventsFilteredByProxies" result="pass" starttime="Fri Sep 21 16:08:56 CST 2012" endtime="Fri Sep 21 16:08:56 CST 2012" />
              <Test name="testOldAndNewAreBothNull" result="pass" starttime="Fri Sep 21 16:08:57 CST 2012" endtime="Fri Sep 21 16:08:57 CST 2012" />
              <Test name="testOldAndNewAreTheSame" result="pass" starttime="Fri Sep 21 16:08:58 CST 2012" endtime="Fri Sep 21 16:08:58 CST 2012" />
              <Test name="testRemoveWithProxies" result="pass" starttime="Fri Sep 21 16:08:58 CST 2012" endtime="Fri Sep 21 16:08:59 CST 2012" />
              <Test name="testSerialize" result="pass" starttime="Fri Sep 21 16:08:59 CST 2012" endtime="Fri Sep 21 16:08:59 CST 2012" />
            </TestCase>
          </TestSuite>
          <TestSuite name="concurrent">
            <TestCase name="CopyOnWriteArrayListTest" priority="">
              <Test name="testAtomicAdds" result="pass" starttime="Fri Sep 21 16:09:00 CST 2012" endtime="Fri Sep 21 16:09:00 CST 2012" />
              <Test name="testDoesNotRetainToArray" result="pass" starttime="Fri Sep 21 16:09:01 CST 2012" endtime="Fri Sep 21 16:09:01 CST 2012" />
              <Test name="testIteratorAndNonStructuralChanges" result="pass" starttime="Fri Sep 21 16:09:01 CST 2012" endtime="Fri Sep 21 16:09:01 CST 2012" />
              <Test name="testListIterator" result="pass" starttime="Fri Sep 21 16:09:02 CST 2012" endtime="Fri Sep 21 16:09:02 CST 2012" />
              <Test name="testRemoveAll" result="pass" starttime="Fri Sep 21 16:09:03 CST 2012" endtime="Fri Sep 21 16:09:03 CST 2012" />
              <Test name="testSerialize" result="pass" starttime="Fri Sep 21 16:09:03 CST 2012" endtime="Fri Sep 21 16:09:04 CST 2012" />
              <Test name="testSubListAddAll" result="pass" starttime="Fri Sep 21 16:09:04 CST 2012" endtime="Fri Sep 21 16:09:04 CST 2012" />
              <Test name="testSubListAddIsAtEnd" result="pass" starttime="Fri Sep 21 16:09:05 CST 2012" endtime="Fri Sep 21 16:09:05 CST 2012" />
              <Test name="testSubListAndNonStructuralChanges" result="pass" starttime="Fri Sep 21 16:09:06 CST 2012" endtime="Fri Sep 21 16:09:06 CST 2012" />
              <Test name="testSubListAndSizePreservingStructuralChanges" result="pass" starttime="Fri Sep 21 16:09:06 CST 2012" endtime="Fri Sep 21 16:09:06 CST 2012" />
              <Test name="testSubListAndStructuralChanges" result="pass" starttime="Fri Sep 21 16:09:07 CST 2012" endtime="Fri Sep 21 16:09:07 CST 2012" />
              <Test name="testSubListAtomicAdds" result="pass" starttime="Fri Sep 21 16:09:08 CST 2012" endtime="Fri Sep 21 16:09:08 CST 2012" />
              <Test name="testSubListClear" result="pass" starttime="Fri Sep 21 16:09:08 CST 2012" endtime="Fri Sep 21 16:09:09 CST 2012" />
              <Test name="testSubListClearWhenEmpty" result="pass" starttime="Fri Sep 21 16:09:09 CST 2012" endtime="Fri Sep 21 16:09:09 CST 2012" />
              <Test name="testSubListIteratorGetsSnapshot" result="pass" starttime="Fri Sep 21 16:09:10 CST 2012" endtime="Fri Sep 21 16:09:10 CST 2012" />
              <Test name="testSubListRemoveAll" result="pass" starttime="Fri Sep 21 16:09:11 CST 2012" endtime="Fri Sep 21 16:09:11 CST 2012" />
              <Test name="testSubListRemoveByIndex" result="pass" starttime="Fri Sep 21 16:09:11 CST 2012" endtime="Fri Sep 21 16:09:11 CST 2012" />
              <Test name="testSubListRemoveByValue" result="pass" starttime="Fri Sep 21 16:09:12 CST 2012" endtime="Fri Sep 21 16:09:12 CST 2012" />
              <Test name="testSubListRetainAll" result="pass" starttime="Fri Sep 21 16:09:13 CST 2012" endtime="Fri Sep 21 16:09:13 CST 2012" />
            </TestCase>
          </TestSuite>
          <TestSuite name="jar">
            <TestCase name="DalvikExecTest" priority="">
              <Test name="test_execCreatedJar" result="pass" starttime="Fri Sep 21 16:09:13 CST 2012" endtime="Fri Sep 21 16:09:14 CST 2012" />
              <Test name="test_execCreatedJarWithManifest" result="pass" starttime="Fri Sep 21 16:09:15 CST 2012" endtime="Fri Sep 21 16:09:16 CST 2012" />
              <Test name="test_execExistingJar" result="pass" starttime="Fri Sep 21 16:09:16 CST 2012" endtime="Fri Sep 21 16:09:17 CST 2012" />
            </TestCase>
            <TestCase name="OldAttributesNameTest" priority="">
              <Test name="test_AttributesName_Constructor" result="pass" starttime="Fri Sep 21 16:09:18 CST 2012" endtime="Fri Sep 21 16:09:18 CST 2012" />
              <Test name="test_equalsLjava_lang_Object" result="pass" starttime="Fri Sep 21 16:09:18 CST 2012" endtime="Fri Sep 21 16:09:19 CST 2012" />
              <Test name="test_hashCode" result="pass" starttime="Fri Sep 21 16:09:19 CST 2012" endtime="Fri Sep 21 16:09:19 CST 2012" />
              <Test name="test_toString" result="pass" starttime="Fri Sep 21 16:09:20 CST 2012" endtime="Fri Sep 21 16:09:20 CST 2012" />
            </TestCase>
            <TestCase name="OldAttributesTest" priority="">
              <Test name="test_Constructor" result="pass" starttime="Fri Sep 21 16:09:20 CST 2012" endtime="Fri Sep 21 16:09:21 CST 2012" />
              <Test name="test_ConstructorI" result="pass" starttime="Fri Sep 21 16:09:21 CST 2012" endtime="Fri Sep 21 16:09:21 CST 2012" />
              <Test name="test_getLjava_lang_Object" result="pass" starttime="Fri Sep 21 16:09:22 CST 2012" endtime="Fri Sep 21 16:09:22 CST 2012" />
              <Test name="test_getLjava_lang_Object_true" result="pass" starttime="Fri Sep 21 16:09:23 CST 2012" endtime="Fri Sep 21 16:09:23 CST 2012" />
              <Test name="test_getValueLjava_util_jar_Attributes_Name" result="pass" starttime="Fri Sep 21 16:09:23 CST 2012" endtime="Fri Sep 21 16:09:23 CST 2012" />
              <Test name="test_hashCode" result="pass" starttime="Fri Sep 21 16:09:24 CST 2012" endtime="Fri Sep 21 16:09:24 CST 2012" />
              <Test name="test_putValueLjava_lang_StringLjava_lang_String" result="pass" starttime="Fri Sep 21 16:09:25 CST 2012" endtime="Fri Sep 21 16:09:25 CST 2012" />
            </TestCase>
            <TestCase name="OldJarEntryTest" priority="">
              <Test name="test_ConstructorLjava_lang_String" result="pass" starttime="Fri Sep 21 16:09:25 CST 2012" endtime="Fri Sep 21 16:09:26 CST 2012" />
              <Test name="test_ConstructorLjava_util_jar_JarEntry" result="pass" starttime="Fri Sep 21 16:09:26 CST 2012" endtime="Fri Sep 21 16:09:26 CST 2012" />
              <Test name="test_ConstructorLjava_util_jar_JarEntry_on_null" result="pass" starttime="Fri Sep 21 16:09:27 CST 2012" endtime="Fri Sep 21 16:09:27 CST 2012" />
              <Test name="test_ConstructorLjava_util_zip_ZipEntry" result="pass" starttime="Fri Sep 21 16:09:28 CST 2012" endtime="Fri Sep 21 16:09:28 CST 2012" />
              <Test name="test_getAttributes" result="pass" starttime="Fri Sep 21 16:09:28 CST 2012" endtime="Fri Sep 21 16:09:29 CST 2012" />
            </TestCase>
            <TestCase name="OldJarExceptionTest" priority="">
              <Test name="test_Constructor" result="pass" starttime="Fri Sep 21 16:09:29 CST 2012" endtime="Fri Sep 21 16:09:29 CST 2012" />
              <Test name="test_ConstructorLjava_lang_String" result="pass" starttime="Fri Sep 21 16:09:30 CST 2012" endtime="Fri Sep 21 16:09:30 CST 2012" />
            </TestCase>
            <TestCase name="OldJarFileTest" priority="">
              <Test name="test_ConstructorLjava_io_File" result="pass" starttime="Fri Sep 21 16:09:30 CST 2012" endtime="Fri Sep 21 16:09:31 CST 2012" />
              <Test name="test_ConstructorLjava_io_FileZ" result="pass" starttime="Fri Sep 21 16:09:31 CST 2012" endtime="Fri Sep 21 16:09:31 CST 2012" />
              <Test name="test_ConstructorLjava_io_FileZI" result="pass" starttime="Fri Sep 21 16:09:32 CST 2012" endtime="Fri Sep 21 16:09:32 CST 2012" />
              <Test name="test_ConstructorLjava_lang_String" result="pass" starttime="Fri Sep 21 16:09:33 CST 2012" endtime="Fri Sep 21 16:09:33 CST 2012" />
              <Test name="test_ConstructorLjava_lang_StringZ" result="pass" starttime="Fri Sep 21 16:09:33 CST 2012" endtime="Fri Sep 21 16:09:34 CST 2012" />
              <Test name="test_close" result="pass" starttime="Fri Sep 21 16:09:34 CST 2012" endtime="Fri Sep 21 16:09:34 CST 2012" />
              <Test name="test_getInputStreamLjava_util_jar_JarEntry" result="pass" starttime="Fri Sep 21 16:09:35 CST 2012" endtime="Fri Sep 21 16:09:35 CST 2012" />
            </TestCase>
            <TestCase name="OldJarInputStreamTest" priority="">
              <Test name="test_ConstructorLjava_io_InputStreamZ" result="pass" starttime="Fri Sep 21 16:09:36 CST 2012" endtime="Fri Sep 21 16:09:36 CST 2012" />
              <Test name="test_createZipEntryLjava_lang_String" result="pass" starttime="Fri Sep 21 16:09:36 CST 2012" endtime="Fri Sep 21 16:09:37 CST 2012" />
              <Test name="test_read$ZII" result="pass" starttime="Fri Sep 21 16:09:37 CST 2012" endtime="Fri Sep 21 16:09:37 CST 2012" />
            </TestCase>
            <TestCase name="OldJarOutputStreamTest" priority="">
              <Test name="test_putNextEntryLjava_util_zip_ZipEntry" result="pass" starttime="Fri Sep 21 16:09:38 CST 2012" endtime="Fri Sep 21 16:09:38 CST 2012" />
            </TestCase>
            <TestCase name="OldManifestTest" priority="">
              <Test name="test_ConstructorLjava_util_jar_Manifest" result="pass" starttime="Fri Sep 21 16:09:38 CST 2012" endtime="Fri Sep 21 16:09:39 CST 2012" />
              <Test name="test_clone" result="pass" starttime="Fri Sep 21 16:09:39 CST 2012" endtime="Fri Sep 21 16:09:39 CST 2012" />
              <Test name="test_equals" result="pass" starttime="Fri Sep 21 16:09:40 CST 2012" endtime="Fri Sep 21 16:09:40 CST 2012" />
              <Test name="test_writeLjava_io_OutputStream" result="pass" starttime="Fri Sep 21 16:09:41 CST 2012" endtime="Fri Sep 21 16:09:41 CST 2012" />
            </TestCase>
          </TestSuite>
          <TestSuite name="logging">
            <TestCase name="OldErrorManagerTest" priority="">
              <Test name="test_errorCheck" result="pass" starttime="Fri Sep 21 16:09:41 CST 2012" endtime="Fri Sep 21 16:09:41 CST 2012" />
            </TestCase>
            <TestCase name="OldFileHandlerTest" priority="">
              <Test name="testClose" result="pass" starttime="Fri Sep 21 16:09:42 CST 2012" endtime="Fri Sep 21 16:09:42 CST 2012" />
              <Test name="testFileHandler" result="pass" starttime="Fri Sep 21 16:09:43 CST 2012" endtime="Fri Sep 21 16:09:43 CST 2012" />
              <Test name="testFileHandler_1params" result="pass" starttime="Fri Sep 21 16:09:44 CST 2012" endtime="Fri Sep 21 16:09:44 CST 2012" />
              <Test name="testFileHandler_2params" result="pass" starttime="Fri Sep 21 16:09:44 CST 2012" endtime="Fri Sep 21 16:09:44 CST 2012" />
              <Test name="testFileHandler_3params" result="pass" starttime="Fri Sep 21 16:09:45 CST 2012" endtime="Fri Sep 21 16:09:45 CST 2012" />
              <Test name="testFileHandler_4params" result="pass" starttime="Fri Sep 21 16:09:46 CST 2012" endtime="Fri Sep 21 16:09:46 CST 2012" />
              <Test name="testInvalidParams" result="pass" starttime="Fri Sep 21 16:09:46 CST 2012" endtime="Fri Sep 21 16:09:46 CST 2012" />
              <Test name="testPublish" result="pass" starttime="Fri Sep 21 16:09:47 CST 2012" endtime="Fri Sep 21 16:09:47 CST 2012" />
            </TestCase>
            <TestCase name="OldFormatterTest" priority="">
              <Test name="testFormatMessage" result="pass" starttime="Fri Sep 21 16:09:48 CST 2012" endtime="Fri Sep 21 16:09:48 CST 2012" />
              <Test name="testFormatter" result="pass" starttime="Fri Sep 21 16:09:49 CST 2012" endtime="Fri Sep 21 16:09:49 CST 2012" />
              <Test name="testGetHead" result="pass" starttime="Fri Sep 21 16:09:49 CST 2012" endtime="Fri Sep 21 16:09:49 CST 2012" />
              <Test name="testGetTail" result="pass" starttime="Fri Sep 21 16:09:50 CST 2012" endtime="Fri Sep 21 16:09:50 CST 2012" />
            </TestCase>
            <TestCase name="OldLevelTest" priority="">
              <Test name="testGetResourceBundleName" result="pass" starttime="Fri Sep 21 16:09:51 CST 2012" endtime="Fri Sep 21 16:09:51 CST 2012" />
              <Test name="testIntValue" result="pass" starttime="Fri Sep 21 16:09:51 CST 2012" endtime="Fri Sep 21 16:09:51 CST 2012" />
            </TestCase>
            <TestCase name="OldLogManagerTest" priority="">
              <Test name="testCheckAccess" result="pass" starttime="Fri Sep 21 16:09:52 CST 2012" endtime="Fri Sep 21 16:09:52 CST 2012" />
              <Test name="testGetLogger" result="pass" starttime="Fri Sep 21 16:09:53 CST 2012" endtime="Fri Sep 21 16:09:53 CST 2012" />
              <Test name="testGetLogger_duplicateName" result="pass" starttime="Fri Sep 21 16:09:53 CST 2012" endtime="Fri Sep 21 16:09:54 CST 2012" />
              <Test name="testGetLogger_hierarchy" result="pass" starttime="Fri Sep 21 16:09:54 CST 2012" endtime="Fri Sep 21 16:09:54 CST 2012" />
              <Test name="testGetLogger_nameSpace" result="pass" starttime="Fri Sep 21 16:09:55 CST 2012" endtime="Fri Sep 21 16:09:55 CST 2012" />
              <Test name="testLogManager" result="pass" starttime="Fri Sep 21 16:09:55 CST 2012" endtime="Fri Sep 21 16:09:56 CST 2012" />
              <Test name="testReadConfiguration" result="pass" starttime="Fri Sep 21 16:09:56 CST 2012" endtime="Fri Sep 21 16:09:56 CST 2012" />
              <Test name="testReadConfigurationInputStream_IOException_1parm" result="pass" starttime="Fri Sep 21 16:09:57 CST 2012" endtime="Fri Sep 21 16:09:57 CST 2012" />
            </TestCase>
            <TestCase name="OldLogRecordTest" priority="">
              <Test name="testGetSetLevelNormal" result="pass" starttime="Fri Sep 21 16:09:58 CST 2012" endtime="Fri Sep 21 16:09:58 CST 2012" />
              <Test name="testGetSetThreadID_DifferentThread" result="pass" starttime="Fri Sep 21 16:09:58 CST 2012" endtime="Fri Sep 21 16:09:59 CST 2012" />
              <Test name="testGetSetTimeCheck" result="pass" starttime="Fri Sep 21 16:09:59 CST 2012" endtime="Fri Sep 21 16:09:59 CST 2012" />
            </TestCase>
            <TestCase name="OldLoggerTest" priority="">
              <Test name="testConstructor_EmptyName" result="pass" starttime="Fri Sep 21 16:10:00 CST 2012" endtime="Fri Sep 21 16:10:00 CST 2012" />
              <Test name="testConstructor_InvalidName" result="pass" starttime="Fri Sep 21 16:10:00 CST 2012" endtime="Fri Sep 21 16:10:01 CST 2012" />
              <Test name="testConstructor_InvalidResourceBundle" result="pass" starttime="Fri Sep 21 16:10:01 CST 2012" endtime="Fri Sep 21 16:10:01 CST 2012" />
              <Test name="testConstructor_Normal" result="pass" starttime="Fri Sep 21 16:10:02 CST 2012" endtime="Fri Sep 21 16:10:02 CST 2012" />
              <Test name="testConstructor_Null" result="pass" starttime="Fri Sep 21 16:10:03 CST 2012" endtime="Fri Sep 21 16:10:03 CST 2012" />
              <Test name="testGetLoggerWithRes_InvalidResourceBundle" result="pass" starttime="Fri Sep 21 16:10:03 CST 2012" endtime="Fri Sep 21 16:10:03 CST 2012" />
              <Test name="testGetLogger_Null" result="pass" starttime="Fri Sep 21 16:10:04 CST 2012" endtime="Fri Sep 21 16:10:04 CST 2012" />
              <Test name="testGetLogger_WithParent" result="pass" starttime="Fri Sep 21 16:10:05 CST 2012" endtime="Fri Sep 21 16:10:05 CST 2012" />
              <Test name="testGlobalLogger" result="pass" starttime="Fri Sep 21 16:10:06 CST 2012" endtime="Fri Sep 21 16:10:06 CST 2012" />
            </TestCase>
            <TestCase name="OldMemoryHandlerTest" priority="">
              <Test name="testIsLoggable" result="pass" starttime="Fri Sep 21 16:10:06 CST 2012" endtime="Fri Sep 21 16:10:06 CST 2012" />
              <Test name="testMemoryHandler" result="pass" starttime="Fri Sep 21 16:10:07 CST 2012" endtime="Fri Sep 21 16:10:07 CST 2012" />
            </TestCase>
            <TestCase name="OldSimpleFormatterTest" priority="">
              <Test name="testSimpleFormatter" result="pass" starttime="Fri Sep 21 16:10:08 CST 2012" endtime="Fri Sep 21 16:10:08 CST 2012" />
            </TestCase>
            <TestCase name="OldXMLFormatterTest" priority="">
              <Test name="testGetTail" result="pass" starttime="Fri Sep 21 16:10:08 CST 2012" endtime="Fri Sep 21 16:10:08 CST 2012" />
              <Test name="testXMLFormatter" result="pass" starttime="Fri Sep 21 16:10:09 CST 2012" endtime="Fri Sep 21 16:10:09 CST 2012" />
            </TestCase>
          </TestSuite>
          <TestSuite name="prefs">
            <TestCase name="OldFilePreferencesImplTest" priority="">
              <Test name="testSystemChildNodes" result="pass" starttime="Fri Sep 21 16:10:10 CST 2012" endtime="Fri Sep 21 16:10:10 CST 2012" />
            </TestCase>
            <TestCase name="OldNodeChangeEventTest" priority="">
              <Test name="testGetChild" result="pass" starttime="Fri Sep 21 16:10:10 CST 2012" endtime="Fri Sep 21 16:10:11 CST 2012" />
              <Test name="testGetParent" result="pass" starttime="Fri Sep 21 16:10:11 CST 2012" endtime="Fri Sep 21 16:10:11 CST 2012" />
            </TestCase>
            <TestCase name="OldPreferenceChangeEventTest" priority="">
              <Test name="testGetKey" result="pass" starttime="Fri Sep 21 16:10:12 CST 2012" endtime="Fri Sep 21 16:10:12 CST 2012" />
              <Test name="testGetNewValue" result="pass" starttime="Fri Sep 21 16:10:13 CST 2012" endtime="Fri Sep 21 16:10:13 CST 2012" />
              <Test name="testGetNode" result="pass" starttime="Fri Sep 21 16:10:14 CST 2012" endtime="Fri Sep 21 16:10:14 CST 2012" />
            </TestCase>
            <TestCase name="OldPreferencesTest" priority="">
              <Test name="testAbsolutePath" result="pass" starttime="Fri Sep 21 16:10:14 CST 2012" endtime="Fri Sep 21 16:10:14 CST 2012" />
              <Test name="testAbstractMethods" result="pass" starttime="Fri Sep 21 16:10:15 CST 2012" endtime="Fri Sep 21 16:10:15 CST 2012" />
              <Test name="testAddPreferenceChangeListener" result="pass" starttime="Fri Sep 21 16:10:16 CST 2012" endtime="Fri Sep 21 16:10:18 CST 2012" />
              <Test name="testChildrenNames" result="pass" starttime="Fri Sep 21 16:10:19 CST 2012" endtime="Fri Sep 21 16:10:19 CST 2012" />
              <Test name="testClear" result="pass" starttime="Fri Sep 21 16:10:20 CST 2012" endtime="Fri Sep 21 16:10:20 CST 2012" />
              <Test name="testConstructor" result="pass" starttime="Fri Sep 21 16:10:20 CST 2012" endtime="Fri Sep 21 16:10:20 CST 2012" />
              <Test name="testGet" result="pass" starttime="Fri Sep 21 16:10:21 CST 2012" endtime="Fri Sep 21 16:10:21 CST 2012" />
              <Test name="testGetBoolean" result="pass" starttime="Fri Sep 21 16:10:22 CST 2012" endtime="Fri Sep 21 16:10:22 CST 2012" />
              <Test name="testGetByteArray" result="pass" starttime="Fri Sep 21 16:10:22 CST 2012" endtime="Fri Sep 21 16:10:23 CST 2012" />
              <Test name="testGetDouble" result="pass" starttime="Fri Sep 21 16:10:23 CST 2012" endtime="Fri Sep 21 16:10:23 CST 2012" />
              <Test name="testGetFloat" result="pass" starttime="Fri Sep 21 16:10:24 CST 2012" endtime="Fri Sep 21 16:10:24 CST 2012" />
              <Test name="testGetInt" result="pass" starttime="Fri Sep 21 16:10:24 CST 2012" endtime="Fri Sep 21 16:10:25 CST 2012" />
              <Test name="testGetLong" result="pass" starttime="Fri Sep 21 16:10:25 CST 2012" endtime="Fri Sep 21 16:10:25 CST 2012" />
              <Test name="testIsUserNode" result="pass" starttime="Fri Sep 21 16:10:26 CST 2012" endtime="Fri Sep 21 16:10:26 CST 2012" />
              <Test name="testKeys" result="pass" starttime="Fri Sep 21 16:10:27 CST 2012" endtime="Fri Sep 21 16:10:27 CST 2012" />
              <Test name="testName" result="pass" starttime="Fri Sep 21 16:10:27 CST 2012" endtime="Fri Sep 21 16:10:27 CST 2012" />
              <Test name="testNode" result="pass" starttime="Fri Sep 21 16:10:28 CST 2012" endtime="Fri Sep 21 16:10:28 CST 2012" />
              <Test name="testNodeExists" result="pass" starttime="Fri Sep 21 16:10:29 CST 2012" endtime="Fri Sep 21 16:10:29 CST 2012" />
              <Test name="testParent" result="pass" starttime="Fri Sep 21 16:10:29 CST 2012" endtime="Fri Sep 21 16:10:29 CST 2012" />
              <Test name="testPut" result="pass" starttime="Fri Sep 21 16:10:30 CST 2012" endtime="Fri Sep 21 16:10:30 CST 2012" />
              <Test name="testPutBoolean" result="pass" starttime="Fri Sep 21 16:10:31 CST 2012" endtime="Fri Sep 21 16:10:31 CST 2012" />
              <Test name="testPutByteArray" result="pass" starttime="Fri Sep 21 16:10:32 CST 2012" endtime="Fri Sep 21 16:10:32 CST 2012" />
              <Test name="testPutDouble" result="pass" starttime="Fri Sep 21 16:10:32 CST 2012" endtime="Fri Sep 21 16:10:32 CST 2012" />
              <Test name="testPutFloat" result="pass" starttime="Fri Sep 21 16:10:33 CST 2012" endtime="Fri Sep 21 16:10:33 CST 2012" />
              <Test name="testPutInt" result="pass" starttime="Fri Sep 21 16:10:34 CST 2012" endtime="Fri Sep 21 16:10:34 CST 2012" />
              <Test name="testPutLong" result="pass" starttime="Fri Sep 21 16:10:34 CST 2012" endtime="Fri Sep 21 16:10:34 CST 2012" />
              <Test name="testRemove" result="pass" starttime="Fri Sep 21 16:10:35 CST 2012" endtime="Fri Sep 21 16:10:35 CST 2012" />
              <Test name="testRemoveNode" result="pass" starttime="Fri Sep 21 16:10:36 CST 2012" endtime="Fri Sep 21 16:10:36 CST 2012" />
              <Test name="testRemoveNodeChangeListener" result="pass" starttime="Fri Sep 21 16:10:37 CST 2012" endtime="Fri Sep 21 16:10:37 CST 2012" />
              <Test name="testRemovePreferenceChangeListener" result="pass" starttime="Fri Sep 21 16:10:37 CST 2012" endtime="Fri Sep 21 16:10:37 CST 2012" />
              <Test name="testToString" result="pass" starttime="Fri Sep 21 16:10:38 CST 2012" endtime="Fri Sep 21 16:10:38 CST 2012" />
            </TestCase>
            <TestCase name="PreferencesTest" priority="">
              <Test name="testHtmlEncoding" result="pass" starttime="Fri Sep 21 16:10:39 CST 2012" endtime="Fri Sep 21 16:10:39 CST 2012" />
              <Test name="testPreferencesClobbersExistingFiles" result="pass" starttime="Fri Sep 21 16:10:39 CST 2012" endtime="Fri Sep 21 16:10:39 CST 2012" />
            </TestCase>
          </TestSuite>
          <TestSuite name="regex">
            <TestCase name="OldAndroidRegexTest" priority="">
              <Test name="testFind" result="pass" starttime="Fri Sep 21 16:10:40 CST 2012" endtime="Fri Sep 21 16:10:40 CST 2012" />
              <Test name="testGroupCount" result="pass" starttime="Fri Sep 21 16:10:41 CST 2012" endtime="Fri Sep 21 16:10:41 CST 2012" />
              <Test name="testGroups" result="pass" starttime="Fri Sep 21 16:10:41 CST 2012" endtime="Fri Sep 21 16:10:42 CST 2012" />
              <Test name="testMatches" result="pass" starttime="Fri Sep 21 16:10:42 CST 2012" endtime="Fri Sep 21 16:10:42 CST 2012" />
              <Test name="testMonsterRegexCorrectness" result="pass" starttime="Fri Sep 21 16:10:43 CST 2012" endtime="Fri Sep 21 16:10:43 CST 2012" />
              <Test name="testMonsterRegexPerformance" result="pass" starttime="Fri Sep 21 16:10:44 CST 2012" endtime="Fri Sep 21 16:10:44 CST 2012" />
              <Test name="testReplaceAll" result="pass" starttime="Fri Sep 21 16:10:44 CST 2012" endtime="Fri Sep 21 16:10:44 CST 2012" />
              <Test name="testReplaceFirst" result="pass" starttime="Fri Sep 21 16:10:45 CST 2012" endtime="Fri Sep 21 16:10:45 CST 2012" />
              <Test name="testSplit" result="pass" starttime="Fri Sep 21 16:10:46 CST 2012" endtime="Fri Sep 21 16:10:46 CST 2012" />
            </TestCase>
            <TestCase name="OldMatcherTest" priority="">
              <Test name="testAllCodePoints" result="pass" starttime="Fri Sep 21 16:10:46 CST 2012" endtime="Fri Sep 21 16:11:06 CST 2012" />
              <Test name="testAppendReplacement" result="pass" starttime="Fri Sep 21 16:11:07 CST 2012" endtime="Fri Sep 21 16:11:07 CST 2012" />
              <Test name="testAppendTail" result="pass" starttime="Fri Sep 21 16:11:08 CST 2012" endtime="Fri Sep 21 16:11:08 CST 2012" />
              <Test name="testGroupCount" result="pass" starttime="Fri Sep 21 16:11:08 CST 2012" endtime="Fri Sep 21 16:11:08 CST 2012" />
              <Test name="testMatchesURI" result="pass" starttime="Fri Sep 21 16:11:09 CST 2012" endtime="Fri Sep 21 16:11:09 CST 2012" />
              <Test name="testPatternMatcher" result="pass" starttime="Fri Sep 21 16:11:10 CST 2012" endtime="Fri Sep 21 16:11:10 CST 2012" />
              <Test name="testQuoteReplacement" result="pass" starttime="Fri Sep 21 16:11:11 CST 2012" endtime="Fri Sep 21 16:11:11 CST 2012" />
              <Test name="testRegion" result="pass" starttime="Fri Sep 21 16:11:11 CST 2012" endtime="Fri Sep 21 16:11:11 CST 2012" />
              <Test name="testSEOLsymbols" result="pass" starttime="Fri Sep 21 16:11:12 CST 2012" endtime="Fri Sep 21 16:11:12 CST 2012" />
              <Test name="testUnicode" result="pass" starttime="Fri Sep 21 16:11:13 CST 2012" endtime="Fri Sep 21 16:11:13 CST 2012" />
              <Test name="testUnicodeCategory" result="pass" starttime="Fri Sep 21 16:11:13 CST 2012" endtime="Fri Sep 21 16:11:14 CST 2012" />
              <Test name="test_anchoringBounds" result="pass" starttime="Fri Sep 21 16:11:14 CST 2012" endtime="Fri Sep 21 16:11:14 CST 2012" />
              <Test name="test_end" result="pass" starttime="Fri Sep 21 16:11:15 CST 2012" endtime="Fri Sep 21 16:11:15 CST 2012" />
              <Test name="test_endI" result="pass" starttime="Fri Sep 21 16:11:16 CST 2012" endtime="Fri Sep 21 16:11:16 CST 2012" />
              <Test name="test_findI" result="pass" starttime="Fri Sep 21 16:11:16 CST 2012" endtime="Fri Sep 21 16:11:16 CST 2012" />
              <Test name="test_hasAnchoringBounds" result="pass" starttime="Fri Sep 21 16:11:17 CST 2012" endtime="Fri Sep 21 16:11:17 CST 2012" />
              <Test name="test_hasTransparentBounds" result="pass" starttime="Fri Sep 21 16:11:18 CST 2012" endtime="Fri Sep 21 16:11:18 CST 2012" />
              <Test name="test_hitEnd" result="pass" starttime="Fri Sep 21 16:11:18 CST 2012" endtime="Fri Sep 21 16:11:18 CST 2012" />
              <Test name="test_lookingAt" result="pass" starttime="Fri Sep 21 16:11:19 CST 2012" endtime="Fri Sep 21 16:11:19 CST 2012" />
              <Test name="test_regionEnd" result="pass" starttime="Fri Sep 21 16:11:20 CST 2012" endtime="Fri Sep 21 16:11:20 CST 2012" />
              <Test name="test_regionStart" result="pass" starttime="Fri Sep 21 16:11:20 CST 2012" endtime="Fri Sep 21 16:11:21 CST 2012" />
              <Test name="test_requireEnd" result="pass" starttime="Fri Sep 21 16:11:21 CST 2012" endtime="Fri Sep 21 16:11:21 CST 2012" />
              <Test name="test_reset" result="pass" starttime="Fri Sep 21 16:11:22 CST 2012" endtime="Fri Sep 21 16:11:22 CST 2012" />
              <Test name="test_resetLjava_lang_String" result="pass" starttime="Fri Sep 21 16:11:23 CST 2012" endtime="Fri Sep 21 16:11:23 CST 2012" />
              <Test name="test_start" result="pass" starttime="Fri Sep 21 16:11:23 CST 2012" endtime="Fri Sep 21 16:11:23 CST 2012" />
              <Test name="test_startI" result="pass" starttime="Fri Sep 21 16:11:24 CST 2012" endtime="Fri Sep 21 16:11:24 CST 2012" />
              <Test name="test_toMatchResult" result="pass" starttime="Fri Sep 21 16:11:25 CST 2012" endtime="Fri Sep 21 16:11:25 CST 2012" />
              <Test name="test_transparentBounds" result="pass" starttime="Fri Sep 21 16:11:25 CST 2012" endtime="Fri Sep 21 16:11:25 CST 2012" />
              <Test name="test_usePatternLjava_util_regex_Pattern" result="pass" starttime="Fri Sep 21 16:11:26 CST 2012" endtime="Fri Sep 21 16:11:26 CST 2012" />
            </TestCase>
          </TestSuite>
          <TestSuite name="zip">
            <TestCase name="DeflaterInputStreamTest" priority="">
              <Test name="testReadByteByByte" result="pass" starttime="Fri Sep 21 16:11:27 CST 2012" endtime="Fri Sep 21 16:11:27 CST 2012" />
              <Test name="testReadExceptions" result="pass" starttime="Fri Sep 21 16:11:28 CST 2012" endtime="Fri Sep 21 16:11:28 CST 2012" />
              <Test name="testReadWithBuffer" result="pass" starttime="Fri Sep 21 16:11:28 CST 2012" endtime="Fri Sep 21 16:11:28 CST 2012" />
            </TestCase>
            <TestCase name="DeflaterOutputStreamTest" priority="">
              <Test name="testSyncFlushDeflater" result="pass" starttime="Fri Sep 21 16:11:29 CST 2012" endtime="Fri Sep 21 16:11:29 CST 2012" />
              <Test name="testSyncFlushDisabled" result="pass" starttime="Fri Sep 21 16:11:30 CST 2012" endtime="Fri Sep 21 16:11:33 CST 2012" />
              <Test name="testSyncFlushEnabled" result="pass" starttime="Fri Sep 21 16:11:33 CST 2012" endtime="Fri Sep 21 16:11:34 CST 2012" />
            </TestCase>
            <TestCase name="DeflaterTest" priority="">
              <Test name="testDeflate" result="pass" starttime="Fri Sep 21 16:11:34 CST 2012" endtime="Fri Sep 21 16:11:34 CST 2012" />
              <Test name="testDeflateWithoutSettingInput" result="pass" starttime="Fri Sep 21 16:11:35 CST 2012" endtime="Fri Sep 21 16:11:35 CST 2012" />
            </TestCase>
            <TestCase name="GZIPInputStreamTest" priority="">
              <Test name="testLongMessage" result="pass" starttime="Fri Sep 21 16:11:35 CST 2012" endtime="Fri Sep 21 16:11:36 CST 2012" />
              <Test name="testShortMessage" result="pass" starttime="Fri Sep 21 16:11:37 CST 2012" endtime="Fri Sep 21 16:11:37 CST 2012" />
              <Test name="testSkip" result="pass" starttime="Fri Sep 21 16:11:37 CST 2012" endtime="Fri Sep 21 16:11:37 CST 2012" />
            </TestCase>
            <TestCase name="GZIPOutputStreamTest" priority="">
              <Test name="testLongMessage" result="pass" starttime="Fri Sep 21 16:11:38 CST 2012" endtime="Fri Sep 21 16:11:39 CST 2012" />
              <Test name="testShortMessage" result="pass" starttime="Fri Sep 21 16:11:39 CST 2012" endtime="Fri Sep 21 16:11:39 CST 2012" />
            </TestCase>
            <TestCase name="InflaterTest" priority="">
              <Test name="testDefaultDictionary" result="pass" starttime="Fri Sep 21 16:11:40 CST 2012" endtime="Fri Sep 21 16:11:40 CST 2012" />
              <Test name="testEmptyFileAndEmptyBuffer" result="pass" starttime="Fri Sep 21 16:11:41 CST 2012" endtime="Fri Sep 21 16:11:41 CST 2012" />
              <Test name="testPresetCustomDictionary" result="pass" starttime="Fri Sep 21 16:11:42 CST 2012" endtime="Fri Sep 21 16:11:42 CST 2012" />
            </TestCase>
            <TestCase name="OldAndroidChecksumTest" priority="">
              <Test name="testChecksum" result="pass" starttime="Fri Sep 21 16:11:42 CST 2012" endtime="Fri Sep 21 16:11:42 CST 2012" />
            </TestCase>
            <TestCase name="OldAndroidDeflateTest" priority="">
              <Test name="testDeflate" result="pass" starttime="Fri Sep 21 16:11:43 CST 2012" endtime="Fri Sep 21 16:11:43 CST 2012" />
            </TestCase>
            <TestCase name="OldAndroidGZIPStreamTest" priority="">
              <Test name="testGZIPStream" result="pass" starttime="Fri Sep 21 16:11:44 CST 2012" endtime="Fri Sep 21 16:11:44 CST 2012" />
            </TestCase>
            <TestCase name="OldAndroidZipFileTest" priority="">
              <Test name="testZipFile" result="pass" starttime="Fri Sep 21 16:11:44 CST 2012" endtime="Fri Sep 21 16:11:45 CST 2012" />
            </TestCase>
            <TestCase name="OldAndroidZipStreamTest" priority="">
              <Test name="testZipStream" result="pass" starttime="Fri Sep 21 16:11:45 CST 2012" endtime="Fri Sep 21 16:11:45 CST 2012" />
            </TestCase>
            <TestCase name="OldAndroidZipStressTest" priority="">
              <Test name="testJarCertificates" result="pass" starttime="Fri Sep 21 16:11:46 CST 2012" endtime="Fri Sep 21 16:11:51 CST 2012" />
              <Test name="testZipDeflateInflateStress" result="pass" starttime="Fri Sep 21 16:11:52 CST 2012" endtime="Fri Sep 21 16:11:52 CST 2012" />
              <Test name="testZipStressAllFiles" result="pass" starttime="Fri Sep 21 16:11:53 CST 2012" endtime="Fri Sep 21 16:12:00 CST 2012" />
              <Test name="testZipStressManifest" result="pass" starttime="Fri Sep 21 16:12:01 CST 2012" endtime="Fri Sep 21 16:12:01 CST 2012" />
            </TestCase>
            <TestCase name="OldDataFormatExceptionTest" priority="">
              <Test name="testDataFormatException" result="pass" starttime="Fri Sep 21 16:12:02 CST 2012" endtime="Fri Sep 21 16:12:02 CST 2012" />
              <Test name="testDataFormatExceptionString" result="pass" starttime="Fri Sep 21 16:12:03 CST 2012" endtime="Fri Sep 21 16:12:03 CST 2012" />
            </TestCase>
            <TestCase name="OldZipExceptionTest" priority="">
              <Test name="testZipException" result="pass" starttime="Fri Sep 21 16:12:03 CST 2012" endtime="Fri Sep 21 16:12:04 CST 2012" />
              <Test name="testZipExceptionLjava_lang_String" result="pass" starttime="Fri Sep 21 16:12:04 CST 2012" endtime="Fri Sep 21 16:12:04 CST 2012" />
            </TestCase>
            <TestCase name="OldZipFileTest" priority="">
              <Test name="test_close" result="pass" starttime="Fri Sep 21 16:12:05 CST 2012" endtime="Fri Sep 21 16:12:05 CST 2012" />
              <Test name="test_getEntryLjava_lang_String_AndroidOnly" result="pass" starttime="Fri Sep 21 16:12:06 CST 2012" endtime="Fri Sep 21 16:12:06 CST 2012" />
              <Test name="test_getEntryLjava_lang_String_Ex" result="pass" starttime="Fri Sep 21 16:12:06 CST 2012" endtime="Fri Sep 21 16:12:06 CST 2012" />
              <Test name="test_getInputStreamLjava_util_zip_ZipEntry" result="pass" starttime="Fri Sep 21 16:12:07 CST 2012" endtime="Fri Sep 21 16:12:07 CST 2012" />
              <Test name="test_size" result="pass" starttime="Fri Sep 21 16:12:08 CST 2012" endtime="Fri Sep 21 16:12:08 CST 2012" />
            </TestCase>
            <TestCase name="OldZipInputStreamTest" priority="">
              <Test name="test_closeEntry" result="pass" starttime="Fri Sep 21 16:12:08 CST 2012" endtime="Fri Sep 21 16:12:08 CST 2012" />
              <Test name="test_createZipEntryLjava_lang_String" result="pass" starttime="Fri Sep 21 16:12:09 CST 2012" endtime="Fri Sep 21 16:12:09 CST 2012" />
              <Test name="test_read$BII" result="pass" starttime="Fri Sep 21 16:12:10 CST 2012" endtime="Fri Sep 21 16:12:10 CST 2012" />
              <Test name="test_skipJ" result="pass" starttime="Fri Sep 21 16:12:11 CST 2012" endtime="Fri Sep 21 16:12:11 CST 2012" />
            </TestCase>
            <TestCase name="ZipEntryTest" priority="">
              <Test name="testClone" result="pass" starttime="Fri Sep 21 16:12:11 CST 2012" endtime="Fri Sep 21 16:12:11 CST 2012" />
              <Test name="test_utf8FileNames" result="pass" starttime="Fri Sep 21 16:12:12 CST 2012" endtime="Fri Sep 21 16:12:12 CST 2012" />
            </TestCase>
            <TestCase name="ZipFileTest" priority="">
              <Test name="testHugeZipFile" result="pass" starttime="Fri Sep 21 16:12:13 CST 2012" endtime="Fri Sep 21 16:12:26 CST 2012" />
              <Test name="testInflatingFilesRequiringZipRefill" result="pass" starttime="Fri Sep 21 16:12:26 CST 2012" endtime="Fri Sep 21 16:12:27 CST 2012" />
              <Test name="testInflatingStreamsRequiringZipRefill" result="pass" starttime="Fri Sep 21 16:12:27 CST 2012" endtime="Fri Sep 21 16:12:28 CST 2012" />
              <Test name="testZip64Support" result="pass" starttime="Fri Sep 21 16:12:28 CST 2012" endtime="Fri Sep 21 16:12:40 CST 2012" />
            </TestCase>
            <TestCase name="ZipInputStreamTest" priority="">
              <Test name="testLongMessage" result="pass" starttime="Fri Sep 21 16:12:40 CST 2012" endtime="Fri Sep 21 16:12:41 CST 2012" />
              <Test name="testShortMessage" result="pass" starttime="Fri Sep 21 16:12:42 CST 2012" endtime="Fri Sep 21 16:12:42 CST 2012" />
            </TestCase>
            <TestCase name="ZipOutputStreamTest" priority="">
              <Test name="test3181430" result="pass" starttime="Fri Sep 21 16:12:42 CST 2012" endtime="Fri Sep 21 16:12:42 CST 2012" />
              <Test name="testLongMessage" result="pass" starttime="Fri Sep 21 16:12:43 CST 2012" endtime="Fri Sep 21 16:12:44 CST 2012" />
              <Test name="testShortMessage" result="pass" starttime="Fri Sep 21 16:12:44 CST 2012" endtime="Fri Sep 21 16:12:44 CST 2012" />
            </TestCase>
          </TestSuite>
          <TestCase name="BitSetTest" priority="">
            <Test name="test_differentSizes" result="pass" starttime="Fri Sep 21 16:06:20 CST 2012" endtime="Fri Sep 21 16:06:20 CST 2012" />
            <Test name="test_previousSetBit" result="pass" starttime="Fri Sep 21 16:06:21 CST 2012" endtime="Fri Sep 21 16:06:21 CST 2012" />
            <Test name="test_toByteArray" result="pass" starttime="Fri Sep 21 16:06:22 CST 2012" endtime="Fri Sep 21 16:06:22 CST 2012" />
            <Test name="test_toLongArray" result="pass" starttime="Fri Sep 21 16:06:22 CST 2012" endtime="Fri Sep 21 16:06:23 CST 2012" />
            <Test name="test_toString" result="pass" starttime="Fri Sep 21 16:06:23 CST 2012" endtime="Fri Sep 21 16:06:23 CST 2012" />
            <Test name="test_valueOf_byte" result="pass" starttime="Fri Sep 21 16:06:24 CST 2012" endtime="Fri Sep 21 16:06:24 CST 2012" />
            <Test name="test_valueOf_long" result="pass" starttime="Fri Sep 21 16:06:24 CST 2012" endtime="Fri Sep 21 16:06:25 CST 2012" />
          </TestCase>
          <TestCase name="CalendarTest" priority="">
            <Test name="testAdd24HoursOverDstForwardAdds24Hours" result="pass" starttime="Fri Sep 21 16:06:25 CST 2012" endtime="Fri Sep 21 16:06:25 CST 2012" />
            <Test name="testAddOneDayAndOneDayOver30MinuteDstForwardAdds48Hours" result="pass" starttime="Fri Sep 21 16:06:26 CST 2012" endtime="Fri Sep 21 16:06:26 CST 2012" />
            <Test name="testAddOneDayOverDstBackAdds25HoursAt0000" result="pass" starttime="Fri Sep 21 16:06:27 CST 2012" endtime="Fri Sep 21 16:06:27 CST 2012" />
            <Test name="testAddOneDayOverDstBackAdds25HoursAt0100" result="pass" starttime="Fri Sep 21 16:06:27 CST 2012" endtime="Fri Sep 21 16:06:27 CST 2012" />
            <Test name="testAddOneDayOverDstForwardAdds23HoursAt0100" result="pass" starttime="Fri Sep 21 16:06:28 CST 2012" endtime="Fri Sep 21 16:06:28 CST 2012" />
            <Test name="testAddOneDayOverDstForwardAdds24HoursAt0000" result="pass" starttime="Fri Sep 21 16:06:29 CST 2012" endtime="Fri Sep 21 16:06:29 CST 2012" />
            <Test name="testAddTwoDaysOver30MinuteDstForwardAdds47AndAHalfHours" result="pass" starttime="Fri Sep 21 16:06:29 CST 2012" endtime="Fri Sep 21 16:06:30 CST 2012" />
            <Test name="testAddTwoHalfDaysOverDstForwardAdds23HoursAt0100" result="pass" starttime="Fri Sep 21 16:06:30 CST 2012" endtime="Fri Sep 21 16:06:30 CST 2012" />
            <Test name="testCalendarSerialization" result="pass" starttime="Fri Sep 21 16:06:31 CST 2012" endtime="Fri Sep 21 16:06:31 CST 2012" />
            <Test name="testNewCalendarKoreaIsSelfConsistent" result="pass" starttime="Fri Sep 21 16:06:32 CST 2012" endtime="Fri Sep 21 16:06:32 CST 2012" />
            <Test name="testSetTimeInZoneWhereDstIsNoLongerUsed" result="pass" starttime="Fri Sep 21 16:06:32 CST 2012" endtime="Fri Sep 21 16:06:32 CST 2012" />
            <Test name="test_setTimeZone" result="pass" starttime="Fri Sep 21 16:06:33 CST 2012" endtime="Fri Sep 21 16:06:33 CST 2012" />
          </TestCase>
          <TestCase name="CollectionsTest" priority="">
            <Test name="testEmptyEnumeration" result="pass" starttime="Fri Sep 21 16:06:34 CST 2012" endtime="Fri Sep 21 16:06:34 CST 2012" />
            <Test name="testEmptyIterator" result="pass" starttime="Fri Sep 21 16:06:34 CST 2012" endtime="Fri Sep 21 16:06:35 CST 2012" />
            <Test name="testEmptyListIterator" result="pass" starttime="Fri Sep 21 16:06:35 CST 2012" endtime="Fri Sep 21 16:06:35 CST 2012" />
          </TestCase>
          <TestCase name="CurrencyTest" priority="">
            <Test name="testGetAvailableCurrencies" result="pass" starttime="Fri Sep 21 16:06:36 CST 2012" endtime="Fri Sep 21 16:06:36 CST 2012" />
            <Test name="test_getDefaultFractionDigits" result="pass" starttime="Fri Sep 21 16:06:36 CST 2012" endtime="Fri Sep 21 16:06:37 CST 2012" />
            <Test name="test_getDisplayName" result="pass" starttime="Fri Sep 21 16:06:37 CST 2012" endtime="Fri Sep 21 16:06:37 CST 2012" />
            <Test name="test_getInstance_illegal_currency_code" result="pass" starttime="Fri Sep 21 16:06:38 CST 2012" endtime="Fri Sep 21 16:06:38 CST 2012" />
            <Test name="test_getSymbol_fallback" result="pass" starttime="Fri Sep 21 16:06:39 CST 2012" endtime="Fri Sep 21 16:06:39 CST 2012" />
          </TestCase>
          <TestCase name="DateTest" priority="">
            <Test name="test_toGMTString" result="pass" starttime="Fri Sep 21 16:06:39 CST 2012" endtime="Fri Sep 21 16:06:40 CST 2012" />
            <Test name="test_toString" result="pass" starttime="Fri Sep 21 16:06:40 CST 2012" endtime="Fri Sep 21 16:06:40 CST 2012" />
          </TestCase>
          <TestCase name="EnumSetTest" priority="">
            <Test name="testDeserializeRemovedValue" result="pass" starttime="Fri Sep 21 16:06:41 CST 2012" endtime="Fri Sep 21 16:06:41 CST 2012" />
            <Test name="testDeserializeShuffledOrdinals" result="pass" starttime="Fri Sep 21 16:06:42 CST 2012" endtime="Fri Sep 21 16:06:42 CST 2012" />
            <Test name="testLargeEnumSetSerialization" result="pass" starttime="Fri Sep 21 16:06:42 CST 2012" endtime="Fri Sep 21 16:06:42 CST 2012" />
            <Test name="testSmallEnumSetSerialization" result="pass" starttime="Fri Sep 21 16:06:43 CST 2012" endtime="Fri Sep 21 16:06:43 CST 2012" />
          </TestCase>
          <TestCase name="EventObjectTest" priority="">
            <Test name="testConstructor" result="pass" starttime="Fri Sep 21 16:06:44 CST 2012" endtime="Fri Sep 21 16:06:44 CST 2012" />
            <Test name="testGetSource" result="pass" starttime="Fri Sep 21 16:06:44 CST 2012" endtime="Fri Sep 21 16:06:44 CST 2012" />
            <Test name="testSerializationNullsOutSource" result="pass" starttime="Fri Sep 21 16:06:45 CST 2012" endtime="Fri Sep 21 16:06:45 CST 2012" />
            <Test name="testToString" result="pass" starttime="Fri Sep 21 16:06:46 CST 2012" endtime="Fri Sep 21 16:06:46 CST 2012" />
          </TestCase>
          <TestCase name="FormatterTest" priority="">
            <Test name="test_BigDecimalFormatting" result="pass" starttime="Fri Sep 21 16:06:47 CST 2012" endtime="Fri Sep 21 16:06:47 CST 2012" />
            <Test name="test_NumberFormat_reuse" result="pass" starttime="Fri Sep 21 16:06:47 CST 2012" endtime="Fri Sep 21 16:06:47 CST 2012" />
            <Test name="test_formatNull" result="pass" starttime="Fri Sep 21 16:06:48 CST 2012" endtime="Fri Sep 21 16:06:48 CST 2012" />
            <Test name="test_grouping" result="pass" starttime="Fri Sep 21 16:06:49 CST 2012" endtime="Fri Sep 21 16:06:49 CST 2012" />
            <Test name="test_numberLocalization" result="pass" starttime="Fri Sep 21 16:06:49 CST 2012" endtime="Fri Sep 21 16:06:50 CST 2012" />
            <Test name="test_uppercaseConversions" result="pass" starttime="Fri Sep 21 16:06:50 CST 2012" endtime="Fri Sep 21 16:06:50 CST 2012" />
          </TestCase>
          <TestCase name="LocaleTest" priority="">
            <Test name="test_getDisplayName_easy" result="pass" starttime="Fri Sep 21 16:06:51 CST 2012" endtime="Fri Sep 21 16:06:51 CST 2012" />
            <Test name="test_getDisplayName_obsolete" result="pass" starttime="Fri Sep 21 16:06:52 CST 2012" endtime="Fri Sep 21 16:06:52 CST 2012" />
            <Test name="test_getDisplayName_raw" result="pass" starttime="Fri Sep 21 16:06:52 CST 2012" endtime="Fri Sep 21 16:06:52 CST 2012" />
          </TestCase>
          <TestCase name="OldAbstractMapTest" priority="">
            <Test name="test_Constructor" result="pass" starttime="Fri Sep 21 16:06:53 CST 2012" endtime="Fri Sep 21 16:06:53 CST 2012" />
            <Test name="test_equalsLjava_lang_Object" result="pass" starttime="Fri Sep 21 16:06:54 CST 2012" endtime="Fri Sep 21 16:06:54 CST 2012" />
            <Test name="test_hashCode" result="pass" starttime="Fri Sep 21 16:06:54 CST 2012" endtime="Fri Sep 21 16:06:55 CST 2012" />
            <Test name="test_isEmpty" result="pass" starttime="Fri Sep 21 16:06:55 CST 2012" endtime="Fri Sep 21 16:06:55 CST 2012" />
            <Test name="test_put" result="pass" starttime="Fri Sep 21 16:06:56 CST 2012" endtime="Fri Sep 21 16:06:56 CST 2012" />
            <Test name="test_size" result="pass" starttime="Fri Sep 21 16:06:57 CST 2012" endtime="Fri Sep 21 16:06:57 CST 2012" />
            <Test name="test_toString" result="pass" starttime="Fri Sep 21 16:06:57 CST 2012" endtime="Fri Sep 21 16:06:57 CST 2012" />
          </TestCase>
          <TestCase name="OldAbstractSetTest" priority="">
            <Test name="testEquals" result="pass" starttime="Fri Sep 21 16:06:58 CST 2012" endtime="Fri Sep 21 16:06:58 CST 2012" />
            <Test name="testHashCode" result="pass" starttime="Fri Sep 21 16:06:59 CST 2012" endtime="Fri Sep 21 16:06:59 CST 2012" />
            <Test name="testRemoveAll" result="pass" starttime="Fri Sep 21 16:06:59 CST 2012" endtime="Fri Sep 21 16:06:59 CST 2012" />
          </TestCase>
          <TestCase name="OldAndroidArrayListTest" priority="">
            <Test name="testArrayList" result="pass" starttime="Fri Sep 21 16:07:00 CST 2012" endtime="Fri Sep 21 16:07:00 CST 2012" />
          </TestCase>
          <TestCase name="OldAndroidHashMapTest" priority="">
            <Test name="testAdd" result="pass" starttime="Fri Sep 21 16:07:01 CST 2012" endtime="Fri Sep 21 16:07:01 CST 2012" />
            <Test name="testClear" result="pass" starttime="Fri Sep 21 16:07:02 CST 2012" endtime="Fri Sep 21 16:07:02 CST 2012" />
            <Test name="testEntryIterator" result="pass" starttime="Fri Sep 21 16:07:02 CST 2012" endtime="Fri Sep 21 16:07:03 CST 2012" />
            <Test name="testEquals" result="pass" starttime="Fri Sep 21 16:07:03 CST 2012" endtime="Fri Sep 21 16:07:03 CST 2012" />
            <Test name="testKeyIterator" result="pass" starttime="Fri Sep 21 16:07:04 CST 2012" endtime="Fri Sep 21 16:07:04 CST 2012" />
            <Test name="testManipulate" result="pass" starttime="Fri Sep 21 16:07:04 CST 2012" endtime="Fri Sep 21 16:07:05 CST 2012" />
            <Test name="testRemove" result="pass" starttime="Fri Sep 21 16:07:05 CST 2012" endtime="Fri Sep 21 16:07:05 CST 2012" />
            <Test name="testValueIterator" result="pass" starttime="Fri Sep 21 16:07:06 CST 2012" endtime="Fri Sep 21 16:07:06 CST 2012" />
          </TestCase>
          <TestCase name="OldAndroidLocaleTest" priority="">
            <Test name="testICUConverters" result="pass" starttime="Fri Sep 21 16:07:07 CST 2012" endtime="Fri Sep 21 16:07:07 CST 2012" />
            <Test name="testICULocales" result="pass" starttime="Fri Sep 21 16:07:07 CST 2012" endtime="Fri Sep 21 16:07:07 CST 2012" />
            <Test name="testLocale" result="pass" starttime="Fri Sep 21 16:07:08 CST 2012" endtime="Fri Sep 21 16:07:08 CST 2012" />
            <Test name="testResourceBundles" result="pass" starttime="Fri Sep 21 16:07:09 CST 2012" endtime="Fri Sep 21 16:07:09 CST 2012" />
          </TestCase>
          <TestCase name="OldAndroidTreeMapTest" priority="">
            <Test name="testTreeMap" result="pass" starttime="Fri Sep 21 16:07:10 CST 2012" endtime="Fri Sep 21 16:07:10 CST 2012" />
          </TestCase>
          <TestCase name="OldCollectionsTest" priority="">
            <Test name="test_AddAll" result="pass" starttime="Fri Sep 21 16:07:10 CST 2012" endtime="Fri Sep 21 16:07:11 CST 2012" />
            <Test name="test_Disjoint" result="pass" starttime="Fri Sep 21 16:07:11 CST 2012" endtime="Fri Sep 21 16:07:11 CST 2012" />
            <Test name="test_EmptyList_readResolve" result="pass" starttime="Fri Sep 21 16:07:12 CST 2012" endtime="Fri Sep 21 16:07:12 CST 2012" />
            <Test name="test_EmptyMap_readResolve" result="pass" starttime="Fri Sep 21 16:07:12 CST 2012" endtime="Fri Sep 21 16:07:13 CST 2012" />
            <Test name="test_EmptySet_readResolve" result="pass" starttime="Fri Sep 21 16:07:13 CST 2012" endtime="Fri Sep 21 16:07:13 CST 2012" />
            <Test name="test_binarySearchLjava_util_ListLjava_lang_Object" result="pass" starttime="Fri Sep 21 16:07:14 CST 2012" endtime="Fri Sep 21 16:07:14 CST 2012" />
            <Test name="test_binarySearchLjava_util_ListLjava_lang_ObjectLjava_util_Comparator" result="pass" starttime="Fri Sep 21 16:07:15 CST 2012" endtime="Fri Sep 21 16:07:15 CST 2012" />
            <Test name="test_checkedCollectionLjava_util_CollectionLjava_lang_Class" result="pass" starttime="Fri Sep 21 16:07:15 CST 2012" endtime="Fri Sep 21 16:07:15 CST 2012" />
            <Test name="test_checkedCollectionSerializationCompatibility" result="pass" starttime="Fri Sep 21 16:07:16 CST 2012" endtime="Fri Sep 21 16:07:16 CST 2012" />
            <Test name="test_checkedListLjava_util_ListLjava_lang_Class" result="pass" starttime="Fri Sep 21 16:07:17 CST 2012" endtime="Fri Sep 21 16:07:17 CST 2012" />
            <Test name="test_checkedListRandomAccessSerializationCompatibility" result="pass" starttime="Fri Sep 21 16:07:17 CST 2012" endtime="Fri Sep 21 16:07:18 CST 2012" />
            <Test name="test_checkedListSerializationCompatibility" result="pass" starttime="Fri Sep 21 16:07:18 CST 2012" endtime="Fri Sep 21 16:07:18 CST 2012" />
            <Test name="test_checkedMapLjava_util_MapLjava_lang_ClassLjava_lang_Class" result="pass" starttime="Fri Sep 21 16:07:19 CST 2012" endtime="Fri Sep 21 16:07:19 CST 2012" />
            <Test name="test_checkedMapSerializationCompatibility" result="pass" starttime="Fri Sep 21 16:07:20 CST 2012" endtime="Fri Sep 21 16:07:20 CST 2012" />
            <Test name="test_checkedSetLjava_util_SetLjava_lang_Class" result="pass" starttime="Fri Sep 21 16:07:20 CST 2012" endtime="Fri Sep 21 16:07:20 CST 2012" />
            <Test name="test_checkedSetSerializationCompatibility" result="pass" starttime="Fri Sep 21 16:07:21 CST 2012" endtime="Fri Sep 21 16:07:21 CST 2012" />
            <Test name="test_checkedSortedMapLjava_util_SortedMapLjava_lang_ClassLjava_lang_Class" result="pass" starttime="Fri Sep 21 16:07:22 CST 2012" endtime="Fri Sep 21 16:07:22 CST 2012" />
            <Test name="test_checkedSortedMapSerializationCompatibility" result="pass" starttime="Fri Sep 21 16:07:22 CST 2012" endtime="Fri Sep 21 16:07:23 CST 2012" />
            <Test name="test_checkedSortedSetLjava_util_SortedSetLjava_lang_Class" result="pass" starttime="Fri Sep 21 16:07:23 CST 2012" endtime="Fri Sep 21 16:07:23 CST 2012" />
            <Test name="test_checkedSortedSetSerializationCompatibility" result="pass" starttime="Fri Sep 21 16:07:24 CST 2012" endtime="Fri Sep 21 16:07:24 CST 2012" />
            <Test name="test_emptyList" result="pass" starttime="Fri Sep 21 16:07:25 CST 2012" endtime="Fri Sep 21 16:07:25 CST 2012" />
            <Test name="test_emptyMap" result="pass" starttime="Fri Sep 21 16:07:25 CST 2012" endtime="Fri Sep 21 16:07:25 CST 2012" />
            <Test name="test_emptySet" result="pass" starttime="Fri Sep 21 16:07:26 CST 2012" endtime="Fri Sep 21 16:07:26 CST 2012" />
            <Test name="test_frequencyLjava_util_CollectionLint" result="pass" starttime="Fri Sep 21 16:07:27 CST 2012" endtime="Fri Sep 21 16:07:27 CST 2012" />
            <Test name="test_reverseOrder" result="pass" starttime="Fri Sep 21 16:07:27 CST 2012" endtime="Fri Sep 21 16:07:28 CST 2012" />
            <Test name="test_reverseOrderLjava_util_Comparator" result="pass" starttime="Fri Sep 21 16:07:28 CST 2012" endtime="Fri Sep 21 16:07:28 CST 2012" />
            <Test name="test_rotateLjava_util_ListI" result="pass" starttime="Fri Sep 21 16:07:29 CST 2012" endtime="Fri Sep 21 16:07:29 CST 2012" />
            <Test name="test_synchronizedCollectionLjava_util_Collection" result="pass" starttime="Fri Sep 21 16:07:30 CST 2012" endtime="Fri Sep 21 16:07:30 CST 2012" />
            <Test name="test_synchronizedMapLjava_util_Map" result="pass" starttime="Fri Sep 21 16:07:30 CST 2012" endtime="Fri Sep 21 16:07:30 CST 2012" />
            <Test name="test_synchronizedSetLjava_util_Set" result="pass" starttime="Fri Sep 21 16:07:31 CST 2012" endtime="Fri Sep 21 16:07:31 CST 2012" />
            <Test name="test_synchronizedSortedMapLjava_util_SortedMap" result="pass" starttime="Fri Sep 21 16:07:32 CST 2012" endtime="Fri Sep 21 16:07:32 CST 2012" />
            <Test name="test_synchronizedSortedSetLjava_util_SortedSet" result="pass" starttime="Fri Sep 21 16:07:32 CST 2012" endtime="Fri Sep 21 16:07:33 CST 2012" />
            <Test name="test_unmodifiableCollectionLjava_util_Collection" result="pass" starttime="Fri Sep 21 16:07:33 CST 2012" endtime="Fri Sep 21 16:07:33 CST 2012" />
            <Test name="test_unmodifiableMapLjava_util_Map" result="pass" starttime="Fri Sep 21 16:07:34 CST 2012" endtime="Fri Sep 21 16:07:34 CST 2012" />
            <Test name="test_unmodifiableSetLjava_util_Set" result="pass" starttime="Fri Sep 21 16:07:35 CST 2012" endtime="Fri Sep 21 16:07:35 CST 2012" />
            <Test name="test_unmodifiableSortedMapLjava_util_SortedMap" result="pass" starttime="Fri Sep 21 16:07:35 CST 2012" endtime="Fri Sep 21 16:07:35 CST 2012" />
            <Test name="test_unmodifiableSortedSetLjava_util_SortedSet" result="pass" starttime="Fri Sep 21 16:07:36 CST 2012" endtime="Fri Sep 21 16:07:36 CST 2012" />
          </TestCase>
          <TestCase name="OldEventListenerProxyTest" priority="">
            <Test name="testEventListenerProxy" result="pass" starttime="Fri Sep 21 16:07:37 CST 2012" endtime="Fri Sep 21 16:07:37 CST 2012" />
            <Test name="testGetListener" result="pass" starttime="Fri Sep 21 16:07:38 CST 2012" endtime="Fri Sep 21 16:07:38 CST 2012" />
          </TestCase>
          <TestCase name="OldFormattableTest" priority="">
            <Test name="testFormatTo" result="pass" starttime="Fri Sep 21 16:07:38 CST 2012" endtime="Fri Sep 21 16:07:38 CST 2012" />
          </TestCase>
          <TestCase name="OldFormatterTest" priority="">
            <Test name="test_Formattable" result="pass" starttime="Fri Sep 21 16:07:39 CST 2012" endtime="Fri Sep 21 16:07:39 CST 2012" />
            <Test name="test_formatLjava_util_LocaleLjava_lang_StringLjava_lang_Object" result="pass" starttime="Fri Sep 21 16:07:40 CST 2012" endtime="Fri Sep 21 16:07:40 CST 2012" />
          </TestCase>
          <TestCase name="OldGregorianCalendarTest" priority="">
            <Test name="testGetHour" result="pass" starttime="Fri Sep 21 16:07:40 CST 2012" endtime="Fri Sep 21 16:07:41 CST 2012" />
            <Test name="test_computeFields" result="pass" starttime="Fri Sep 21 16:07:41 CST 2012" endtime="Fri Sep 21 16:07:41 CST 2012" />
            <Test name="test_computeTime" result="pass" starttime="Fri Sep 21 16:07:42 CST 2012" endtime="Fri Sep 21 16:07:42 CST 2012" />
            <Test name="test_hashCode" result="pass" starttime="Fri Sep 21 16:07:43 CST 2012" endtime="Fri Sep 21 16:07:43 CST 2012" />
            <Test name="test_setFirstDayOfWeekI" result="pass" starttime="Fri Sep 21 16:07:43 CST 2012" endtime="Fri Sep 21 16:07:43 CST 2012" />
            <Test name="test_setMinimalDaysInFirstWeekI" result="pass" starttime="Fri Sep 21 16:07:44 CST 2012" endtime="Fri Sep 21 16:07:44 CST 2012" />
          </TestCase>
          <TestCase name="OldLinkedHashMapTest" priority="">
            <Test name="testLinkedHashMap" result="pass" starttime="Fri Sep 21 16:07:45 CST 2012" endtime="Fri Sep 21 16:07:45 CST 2012" />
          </TestCase>
          <TestCase name="OldListIteratorTest" priority="">
            <Test name="testAdd" result="pass" starttime="Fri Sep 21 16:07:45 CST 2012" endtime="Fri Sep 21 16:07:46 CST 2012" />
            <Test name="testHasNext" result="pass" starttime="Fri Sep 21 16:07:46 CST 2012" endtime="Fri Sep 21 16:07:46 CST 2012" />
            <Test name="testHasPrevious" result="pass" starttime="Fri Sep 21 16:07:47 CST 2012" endtime="Fri Sep 21 16:07:47 CST 2012" />
            <Test name="testNext" result="pass" starttime="Fri Sep 21 16:07:48 CST 2012" endtime="Fri Sep 21 16:07:48 CST 2012" />
            <Test name="testNextIndex" result="pass" starttime="Fri Sep 21 16:07:48 CST 2012" endtime="Fri Sep 21 16:07:48 CST 2012" />
            <Test name="testPrevious" result="pass" starttime="Fri Sep 21 16:07:49 CST 2012" endtime="Fri Sep 21 16:07:49 CST 2012" />
            <Test name="testPreviousIndex" result="pass" starttime="Fri Sep 21 16:07:50 CST 2012" endtime="Fri Sep 21 16:07:50 CST 2012" />
            <Test name="testRemove" result="pass" starttime="Fri Sep 21 16:07:50 CST 2012" endtime="Fri Sep 21 16:07:51 CST 2012" />
            <Test name="testSet" result="pass" starttime="Fri Sep 21 16:07:51 CST 2012" endtime="Fri Sep 21 16:07:51 CST 2012" />
          </TestCase>
          <TestCase name="OldMapEntryTest" priority="">
            <Test name="testEquals" result="pass" starttime="Fri Sep 21 16:07:52 CST 2012" endtime="Fri Sep 21 16:07:52 CST 2012" />
            <Test name="testGetKey" result="pass" starttime="Fri Sep 21 16:07:53 CST 2012" endtime="Fri Sep 21 16:07:53 CST 2012" />
            <Test name="testGetValue" result="pass" starttime="Fri Sep 21 16:07:53 CST 2012" endtime="Fri Sep 21 16:07:53 CST 2012" />
            <Test name="testHashCode" result="pass" starttime="Fri Sep 21 16:07:54 CST 2012" endtime="Fri Sep 21 16:07:54 CST 2012" />
            <Test name="testSetValue" result="pass" starttime="Fri Sep 21 16:07:55 CST 2012" endtime="Fri Sep 21 16:07:55 CST 2012" />
          </TestCase>
          <TestCase name="OldObserverTest" priority="">
            <Test name="testUpdate" result="pass" starttime="Fri Sep 21 16:07:55 CST 2012" endtime="Fri Sep 21 16:07:55 CST 2012" />
          </TestCase>
          <TestCase name="OldPriorityQueueTest" priority="">
            <Test name="test_ConstructorI" result="pass" starttime="Fri Sep 21 16:07:56 CST 2012" endtime="Fri Sep 21 16:07:56 CST 2012" />
            <Test name="test_Serialization" result="pass" starttime="Fri Sep 21 16:07:57 CST 2012" endtime="Fri Sep 21 16:07:57 CST 2012" />
            <Test name="test_remove_Ljava_lang_Object_not_exists" result="pass" starttime="Fri Sep 21 16:07:58 CST 2012" endtime="Fri Sep 21 16:07:58 CST 2012" />
            <Test name="test_remove_Ljava_lang_Object_using_comparator" result="pass" starttime="Fri Sep 21 16:07:58 CST 2012" endtime="Fri Sep 21 16:07:58 CST 2012" />
          </TestCase>
          <TestCase name="OldScannerTest" priority="">
            <Test name="test_Constructor_LReadableByteChannel" result="pass" starttime="Fri Sep 21 16:07:59 CST 2012" endtime="Fri Sep 21 16:07:59 CST 2012" />
            <Test name="test_findInLine_LString" result="pass" starttime="Fri Sep 21 16:08:00 CST 2012" endtime="Fri Sep 21 16:08:00 CST 2012" />
            <Test name="test_findWithinHorizon_Ljava_lang_StringI" result="pass" starttime="Fri Sep 21 16:08:00 CST 2012" endtime="Fri Sep 21 16:08:01 CST 2012" />
            <Test name="test_skip_LPattern" result="pass" starttime="Fri Sep 21 16:08:01 CST 2012" endtime="Fri Sep 21 16:08:01 CST 2012" />
          </TestCase>
          <TestCase name="OldTimeZoneTest" priority="">
            <Test name="test_clone" result="pass" starttime="Fri Sep 21 16:08:02 CST 2012" endtime="Fri Sep 21 16:08:02 CST 2012" />
            <Test name="test_constructor" result="pass" starttime="Fri Sep 21 16:08:03 CST 2012" endtime="Fri Sep 21 16:08:03 CST 2012" />
            <Test name="test_getAvailableIDs" result="pass" starttime="Fri Sep 21 16:08:03 CST 2012" endtime="Fri Sep 21 16:08:03 CST 2012" />
            <Test name="test_getAvailableIDsI" result="pass" starttime="Fri Sep 21 16:08:04 CST 2012" endtime="Fri Sep 21 16:08:04 CST 2012" />
            <Test name="test_getDisplayName" result="pass" starttime="Fri Sep 21 16:08:05 CST 2012" endtime="Fri Sep 21 16:08:05 CST 2012" />
            <Test name="test_getDisplayNameLjava_util_Locale" result="pass" starttime="Fri Sep 21 16:08:05 CST 2012" endtime="Fri Sep 21 16:08:06 CST 2012" />
            <Test name="test_getDisplayNameZI" result="pass" starttime="Fri Sep 21 16:08:06 CST 2012" endtime="Fri Sep 21 16:08:06 CST 2012" />
            <Test name="test_getDisplayNameZILjava_util_Locale" result="pass" starttime="Fri Sep 21 16:08:07 CST 2012" endtime="Fri Sep 21 16:08:07 CST 2012" />
            <Test name="test_getID" result="pass" starttime="Fri Sep 21 16:08:08 CST 2012" endtime="Fri Sep 21 16:08:08 CST 2012" />
            <Test name="test_hasSameRulesLjava_util_TimeZone" result="pass" starttime="Fri Sep 21 16:08:09 CST 2012" endtime="Fri Sep 21 16:08:09 CST 2012" />
            <Test name="test_setIDLjava_lang_String" result="pass" starttime="Fri Sep 21 16:08:09 CST 2012" endtime="Fri Sep 21 16:08:09 CST 2012" />
          </TestCase>
          <TestCase name="OldTreeMapTest" priority="">
            <Test name="testRemoveNonComparableFromEmptyMap" result="pass" starttime="Fri Sep 21 16:08:10 CST 2012" endtime="Fri Sep 21 16:08:10 CST 2012" />
            <Test name="test_Constructor" result="pass" starttime="Fri Sep 21 16:08:11 CST 2012" endtime="Fri Sep 21 16:08:11 CST 2012" />
            <Test name="test_ConstructorLjava_util_Comparator" result="pass" starttime="Fri Sep 21 16:08:11 CST 2012" endtime="Fri Sep 21 16:08:12 CST 2012" />
            <Test name="test_ConstructorLjava_util_Map" result="pass" starttime="Fri Sep 21 16:08:12 CST 2012" endtime="Fri Sep 21 16:08:12 CST 2012" />
            <Test name="test_ConstructorLjava_util_SortedMap" result="pass" starttime="Fri Sep 21 16:08:13 CST 2012" endtime="Fri Sep 21 16:08:13 CST 2012" />
            <Test name="test_containsKeyLjava_lang_Object" result="pass" starttime="Fri Sep 21 16:08:14 CST 2012" endtime="Fri Sep 21 16:08:14 CST 2012" />
            <Test name="test_firstKey" result="pass" starttime="Fri Sep 21 16:08:14 CST 2012" endtime="Fri Sep 21 16:08:14 CST 2012" />
            <Test name="test_getLjava_lang_Object" result="pass" starttime="Fri Sep 21 16:08:15 CST 2012" endtime="Fri Sep 21 16:08:15 CST 2012" />
            <Test name="test_headMapLjava_lang_Object" result="pass" starttime="Fri Sep 21 16:08:16 CST 2012" endtime="Fri Sep 21 16:08:16 CST 2012" />
            <Test name="test_lastKey" result="pass" starttime="Fri Sep 21 16:08:16 CST 2012" endtime="Fri Sep 21 16:08:17 CST 2012" />
            <Test name="test_putAllLjava_util_Map" result="pass" starttime="Fri Sep 21 16:08:17 CST 2012" endtime="Fri Sep 21 16:08:17 CST 2012" />
            <Test name="test_putLjava_lang_ObjectLjava_lang_Object" result="pass" starttime="Fri Sep 21 16:08:18 CST 2012" endtime="Fri Sep 21 16:08:18 CST 2012" />
            <Test name="test_removeLjava_lang_Object" result="pass" starttime="Fri Sep 21 16:08:18 CST 2012" endtime="Fri Sep 21 16:08:19 CST 2012" />
            <Test name="test_subMapLjava_lang_ObjectLjava_lang_Object" result="pass" starttime="Fri Sep 21 16:08:19 CST 2012" endtime="Fri Sep 21 16:08:19 CST 2012" />
            <Test name="test_tailMapLjava_lang_Object" result="pass" starttime="Fri Sep 21 16:08:20 CST 2012" endtime="Fri Sep 21 16:08:20 CST 2012" />
          </TestCase>
          <TestCase name="OldTreeSetTest" priority="">
            <Test name="test_ConstructorLjava_util_Collection" result="pass" starttime="Fri Sep 21 16:08:21 CST 2012" endtime="Fri Sep 21 16:08:21 CST 2012" />
            <Test name="test_ConstructorLjava_util_SortedSet" result="pass" starttime="Fri Sep 21 16:08:21 CST 2012" endtime="Fri Sep 21 16:08:21 CST 2012" />
            <Test name="test_addAllLjava_util_Collection" result="pass" starttime="Fri Sep 21 16:08:22 CST 2012" endtime="Fri Sep 21 16:08:22 CST 2012" />
            <Test name="test_addLjava_lang_Object" result="pass" starttime="Fri Sep 21 16:08:23 CST 2012" endtime="Fri Sep 21 16:08:23 CST 2012" />
            <Test name="test_first" result="pass" starttime="Fri Sep 21 16:08:23 CST 2012" endtime="Fri Sep 21 16:08:24 CST 2012" />
            <Test name="test_headSetLjava_lang_Object" result="pass" starttime="Fri Sep 21 16:08:24 CST 2012" endtime="Fri Sep 21 16:08:24 CST 2012" />
            <Test name="test_last" result="pass" starttime="Fri Sep 21 16:08:25 CST 2012" endtime="Fri Sep 21 16:08:25 CST 2012" />
            <Test name="test_subSetLjava_lang_ObjectLjava_lang_Object" result="pass" starttime="Fri Sep 21 16:08:26 CST 2012" endtime="Fri Sep 21 16:08:26 CST 2012" />
            <Test name="test_tailSetLjava_lang_Object" result="pass" starttime="Fri Sep 21 16:08:26 CST 2012" endtime="Fri Sep 21 16:08:26 CST 2012" />
          </TestCase>
          <TestCase name="RandomTest" priority="">
            <Test name="test_subclassing" result="pass" starttime="Fri Sep 21 16:08:27 CST 2012" endtime="Fri Sep 21 16:08:27 CST 2012" />
          </TestCase>
          <TestCase name="ServiceLoaderTest" priority="">
            <Test name="test_implementations" result="pass" starttime="Fri Sep 21 16:08:28 CST 2012" endtime="Fri Sep 21 16:08:28 CST 2012" />
            <Test name="test_noImplementations" result="pass" starttime="Fri Sep 21 16:08:29 CST 2012" endtime="Fri Sep 21 16:08:29 CST 2012" />
          </TestCase>
          <TestCase name="TimeZoneTest" priority="">
            <Test name="testCustomTimeZoneDisplayNames" result="pass" starttime="Fri Sep 21 16:08:29 CST 2012" endtime="Fri Sep 21 16:08:29 CST 2012" />
            <Test name="testHasSameRules" result="pass" starttime="Fri Sep 21 16:08:30 CST 2012" endtime="Fri Sep 21 16:08:30 CST 2012" />
            <Test name="testHelsinkiOverflow" result="pass" starttime="Fri Sep 21 16:08:31 CST 2012" endtime="Fri Sep 21 16:08:31 CST 2012" />
            <Test name="testNullId" result="pass" starttime="Fri Sep 21 16:08:31 CST 2012" endtime="Fri Sep 21 16:08:32 CST 2012" />
            <Test name="testPreHistoricInDaylightTime" result="pass" starttime="Fri Sep 21 16:08:32 CST 2012" endtime="Fri Sep 21 16:08:32 CST 2012" />
            <Test name="testPreHistoricOffsets" result="pass" starttime="Fri Sep 21 16:08:33 CST 2012" endtime="Fri Sep 21 16:08:33 CST 2012" />
            <Test name="testZeroTransitionZones" result="pass" starttime="Fri Sep 21 16:08:34 CST 2012" endtime="Fri Sep 21 16:08:34 CST 2012" />
            <Test name="test_clone_SimpleTimeZone" result="pass" starttime="Fri Sep 21 16:08:34 CST 2012" endtime="Fri Sep 21 16:08:34 CST 2012" />
            <Test name="test_useDaylightTime_Iceland" result="pass" starttime="Fri Sep 21 16:08:35 CST 2012" endtime="Fri Sep 21 16:08:35 CST 2012" />
            <Test name="test_useDaylightTime_Taiwan" result="pass" starttime="Fri Sep 21 16:08:36 CST 2012" endtime="Fri Sep 21 16:08:36 CST 2012" />
          </TestCase>
          <TestCase name="TreeMapTest" priority="">
            <Test name="testClassCastExceptions" result="pass" starttime="Fri Sep 21 16:08:36 CST 2012" endtime="Fri Sep 21 16:08:37 CST 2012" />
            <Test name="testClassCastExceptionsOnBounds" result="pass" starttime="Fri Sep 21 16:08:37 CST 2012" endtime="Fri Sep 21 16:08:37 CST 2012" />
            <Test name="testClone" result="pass" starttime="Fri Sep 21 16:08:38 CST 2012" endtime="Fri Sep 21 16:08:38 CST 2012" />
            <Test name="testConcurrentModificationDetection" result="pass" starttime="Fri Sep 21 16:08:39 CST 2012" endtime="Fri Sep 21 16:08:39 CST 2012" />
            <Test name="testDescendingMapSerialization" result="pass" starttime="Fri Sep 21 16:08:39 CST 2012" endtime="Fri Sep 21 16:08:39 CST 2012" />
            <Test name="testEmptyMapSerialization" result="pass" starttime="Fri Sep 21 16:08:40 CST 2012" endtime="Fri Sep 21 16:08:40 CST 2012" />
            <Test name="testEntrySetSetValue" result="pass" starttime="Fri Sep 21 16:08:41 CST 2012" endtime="Fri Sep 21 16:08:41 CST 2012" />
            <Test name="testEntrySetUsesComparatorOnly" result="pass" starttime="Fri Sep 21 16:08:41 CST 2012" endtime="Fri Sep 21 16:08:41 CST 2012" />
            <Test name="testExceptionsOnSetValue" result="pass" starttime="Fri Sep 21 16:08:42 CST 2012" endtime="Fri Sep 21 16:08:42 CST 2012" />
            <Test name="testExceptionsOnSubMapSetValue" result="pass" starttime="Fri Sep 21 16:08:43 CST 2012" endtime="Fri Sep 21 16:08:43 CST 2012" />
            <Test name="testIteratorRemoves" result="pass" starttime="Fri Sep 21 16:08:44 CST 2012" endtime="Fri Sep 21 16:08:44 CST 2012" />
            <Test name="testJava5SerializationWithComparator" result="pass" starttime="Fri Sep 21 16:08:44 CST 2012" endtime="Fri Sep 21 16:08:44 CST 2012" />
            <Test name="testJava5SubMapSerialization" result="pass" starttime="Fri Sep 21 16:08:45 CST 2012" endtime="Fri Sep 21 16:08:45 CST 2012" />
            <Test name="testMapConstructorPassingSortedMap" result="pass" starttime="Fri Sep 21 16:08:46 CST 2012" endtime="Fri Sep 21 16:08:46 CST 2012" />
            <Test name="testNavigableSubMapSerialization" result="pass" starttime="Fri Sep 21 16:08:46 CST 2012" endtime="Fri Sep 21 16:08:47 CST 2012" />
            <Test name="testNullsWithNaturalOrder" result="pass" starttime="Fri Sep 21 16:08:47 CST 2012" endtime="Fri Sep 21 16:08:47 CST 2012" />
            <Test name="testSerializationWithComparator" result="pass" starttime="Fri Sep 21 16:08:48 CST 2012" endtime="Fri Sep 21 16:08:48 CST 2012" />
            <Test name="testSubMapEntrySetSetValue" result="pass" starttime="Fri Sep 21 16:08:49 CST 2012" endtime="Fri Sep 21 16:08:49 CST 2012" />
            <Test name="testSubMapSerialization" result="pass" starttime="Fri Sep 21 16:08:49 CST 2012" endtime="Fri Sep 21 16:08:49 CST 2012" />
          </TestCase>
          <TestCase name="TreeSetTest" priority="">
            <Test name="testDescendingSetSerialization" result="pass" starttime="Fri Sep 21 16:08:50 CST 2012" endtime="Fri Sep 21 16:08:50 CST 2012" />
            <Test name="testEmptySetSerialization" result="pass" starttime="Fri Sep 21 16:08:51 CST 2012" endtime="Fri Sep 21 16:08:51 CST 2012" />
            <Test name="testJava5SerializationWithComparator" result="pass" starttime="Fri Sep 21 16:08:51 CST 2012" endtime="Fri Sep 21 16:08:51 CST 2012" />
            <Test name="testNavigableSubSetSerialization" result="pass" starttime="Fri Sep 21 16:08:52 CST 2012" endtime="Fri Sep 21 16:08:52 CST 2012" />
            <Test name="testSerializationWithComparator" result="pass" starttime="Fri Sep 21 16:08:53 CST 2012" endtime="Fri Sep 21 16:08:53 CST 2012" />
            <Test name="testSubSetSerialization" result="pass" starttime="Fri Sep 21 16:08:53 CST 2012" endtime="Fri Sep 21 16:08:54 CST 2012" />
          </TestCase>
        </TestSuite>
      </TestSuite>
      <TestSuite name="javax">
        <TestSuite name="crypto">
          <TestSuite name="spec">
            <TestCase name="AlgorithmParameterGeneratorTestDSA" priority="">
              <Test name="testAlgorithmParameterGenerator" result="pass" starttime="Fri Sep 21 16:13:01 CST 2012" endtime="Fri Sep 21 16:13:03 CST 2012" />
            </TestCase>
            <TestCase name="AlgorithmParametersTestAES" priority="">
              <Test name="testAlgorithmParameters" result="pass" starttime="Fri Sep 21 16:13:04 CST 2012" endtime="Fri Sep 21 16:13:04 CST 2012" />
            </TestCase>
            <TestCase name="AlgorithmParametersTestDES" priority="">
              <Test name="testAlgorithmParameters" result="pass" starttime="Fri Sep 21 16:13:04 CST 2012" endtime="Fri Sep 21 16:13:04 CST 2012" />
            </TestCase>
            <TestCase name="AlgorithmParametersTestDESede" priority="">
              <Test name="testAlgorithmParameters" result="pass" starttime="Fri Sep 21 16:13:05 CST 2012" endtime="Fri Sep 21 16:13:05 CST 2012" />
            </TestCase>
            <TestCase name="AlgorithmParametersTestDSA" priority="">
              <Test name="testAlgorithmParameters" result="pass" starttime="Fri Sep 21 16:13:05 CST 2012" endtime="Fri Sep 21 16:13:06 CST 2012" />
            </TestCase>
            <TestCase name="AlgorithmParametersTestOAEP" priority="">
              <Test name="testAlgorithmParameters" result="pass" starttime="Fri Sep 21 16:13:06 CST 2012" endtime="Fri Sep 21 16:13:06 CST 2012" />
            </TestCase>
            <TestCase name="KeyFactoryTestDH" priority="">
              <Test name="testKeyFactory" result="pass" starttime="Fri Sep 21 16:13:07 CST 2012" endtime="Fri Sep 21 16:13:07 CST 2012" />
            </TestCase>
            <TestCase name="KeyFactoryTestRSA" priority="">
              <Test name="testKeyFactory" result="pass" starttime="Fri Sep 21 16:13:08 CST 2012" endtime="Fri Sep 21 16:13:08 CST 2012" />
            </TestCase>
            <TestCase name="KeyPairGeneratorTestDSA" priority="">
              <Test name="testKeyPairGenerator" result="pass" starttime="Fri Sep 21 16:13:08 CST 2012" endtime="Fri Sep 21 16:13:09 CST 2012" />
            </TestCase>
            <TestCase name="KeyPairGeneratorTestRSA" priority="">
              <Test name="testKeyPairGenerator" result="pass" starttime="Fri Sep 21 16:13:10 CST 2012" endtime="Fri Sep 21 16:13:10 CST 2012" />
            </TestCase>
          </TestSuite>
          <TestCase name="CipherInputStreamTest" priority="">
            <Test name="testDecrypt" result="pass" starttime="Fri Sep 21 16:12:45 CST 2012" endtime="Fri Sep 21 16:12:45 CST 2012" />
            <Test name="testEncrypt" result="pass" starttime="Fri Sep 21 16:12:46 CST 2012" endtime="Fri Sep 21 16:12:46 CST 2012" />
            <Test name="testSkip" result="pass" starttime="Fri Sep 21 16:12:46 CST 2012" endtime="Fri Sep 21 16:12:47 CST 2012" />
          </TestCase>
          <TestCase name="CipherTest" priority="">
            <Test name="testCipherInitWithCertificate" result="pass" starttime="Fri Sep 21 16:12:47 CST 2012" endtime="Fri Sep 21 16:12:57 CST 2012" />
          </TestCase>
          <TestCase name="KeyGeneratorTest" priority="">
            <Test name="test_getInstance" result="pass" starttime="Fri Sep 21 16:12:57 CST 2012" endtime="Fri Sep 21 16:12:57 CST 2012" />
          </TestCase>
          <TestCase name="SecretKeyFactoryTest" priority="">
            <Test name="test_PBKDF2_b3059950" result="pass" starttime="Fri Sep 21 16:12:58 CST 2012" endtime="Fri Sep 21 16:12:58 CST 2012" />
            <Test name="test_PBKDF2_required_parameters" result="pass" starttime="Fri Sep 21 16:12:59 CST 2012" endtime="Fri Sep 21 16:12:59 CST 2012" />
            <Test name="test_PBKDF2_rfc3211_192" result="pass" starttime="Fri Sep 21 16:13:00 CST 2012" endtime="Fri Sep 21 16:13:00 CST 2012" />
            <Test name="test_PBKDF2_rfc3211_64" result="pass" starttime="Fri Sep 21 16:13:01 CST 2012" endtime="Fri Sep 21 16:13:01 CST 2012" />
          </TestCase>
        </TestSuite>
        <TestSuite name="net">
          <TestSuite name="ssl">
            <TestCase name="DefaultHostnameVerifierTest" priority="">
              <Test name="testAltIpOnlyCert" result="pass" starttime="Fri Sep 21 16:13:17 CST 2012" endtime="Fri Sep 21 16:13:17 CST 2012" />
              <Test name="testGetFirstCn" result="pass" starttime="Fri Sep 21 16:13:17 CST 2012" endtime="Fri Sep 21 16:13:17 CST 2012" />
              <Test name="testGetFirstCnWithOid" result="pass" starttime="Fri Sep 21 16:13:18 CST 2012" endtime="Fri Sep 21 16:13:18 CST 2012" />
              <Test name="testGetFirstCnWithQuotedStrings" result="pass" starttime="Fri Sep 21 16:13:19 CST 2012" endtime="Fri Sep 21 16:13:19 CST 2012" />
              <Test name="testGetFirstCnWithUtf8" result="pass" starttime="Fri Sep 21 16:13:19 CST 2012" endtime="Fri Sep 21 16:13:20 CST 2012" />
              <Test name="testGetFirstCnWithWhitespace" result="pass" starttime="Fri Sep 21 16:13:20 CST 2012" endtime="Fri Sep 21 16:13:20 CST 2012" />
              <Test name="testSubjectAltNameAndCn" result="pass" starttime="Fri Sep 21 16:13:21 CST 2012" endtime="Fri Sep 21 16:13:21 CST 2012" />
              <Test name="testSubjectAltNameWithIpAddress" result="pass" starttime="Fri Sep 21 16:13:22 CST 2012" endtime="Fri Sep 21 16:13:22 CST 2012" />
              <Test name="testSubjectAltNameWithWildcard" result="pass" starttime="Fri Sep 21 16:13:22 CST 2012" endtime="Fri Sep 21 16:13:22 CST 2012" />
              <Test name="testSubjectAltOnlyCert" result="pass" starttime="Fri Sep 21 16:13:23 CST 2012" endtime="Fri Sep 21 16:13:23 CST 2012" />
              <Test name="testSubjectOnlyCert" result="pass" starttime="Fri Sep 21 16:13:24 CST 2012" endtime="Fri Sep 21 16:13:24 CST 2012" />
              <Test name="testSubjectWithAltNamesCert" result="pass" starttime="Fri Sep 21 16:13:24 CST 2012" endtime="Fri Sep 21 16:13:25 CST 2012" />
              <Test name="testSubjectWithWildAltNamesCert" result="pass" starttime="Fri Sep 21 16:13:25 CST 2012" endtime="Fri Sep 21 16:13:25 CST 2012" />
              <Test name="testUnknownSubjectAltName" result="pass" starttime="Fri Sep 21 16:13:26 CST 2012" endtime="Fri Sep 21 16:13:26 CST 2012" />
              <Test name="testVerify" result="pass" starttime="Fri Sep 21 16:13:27 CST 2012" endtime="Fri Sep 21 16:13:27 CST 2012" />
              <Test name="testVerifyHostName" result="pass" starttime="Fri Sep 21 16:13:27 CST 2012" endtime="Fri Sep 21 16:13:27 CST 2012" />
              <Test name="testWildAltNameOnlyCert" result="pass" starttime="Fri Sep 21 16:13:28 CST 2012" endtime="Fri Sep 21 16:13:28 CST 2012" />
              <Test name="testWildcardMatchesChildDomain" result="pass" starttime="Fri Sep 21 16:13:29 CST 2012" endtime="Fri Sep 21 16:13:29 CST 2012" />
              <Test name="testWildcardMatchesWildcardSuffix" result="pass" starttime="Fri Sep 21 16:13:29 CST 2012" endtime="Fri Sep 21 16:13:30 CST 2012" />
              <Test name="testWildcardMatchingEmptySubstring" result="pass" starttime="Fri Sep 21 16:13:30 CST 2012" endtime="Fri Sep 21 16:13:30 CST 2012" />
              <Test name="testWildcardMatchingSubstring" result="pass" starttime="Fri Sep 21 16:13:31 CST 2012" endtime="Fri Sep 21 16:13:31 CST 2012" />
            </TestCase>
            <TestCase name="KeyManagerFactoryTest" priority="">
              <Test name="test_KeyManagerFactory_getDefaultAlgorithm" result="pass" starttime="Fri Sep 21 16:13:32 CST 2012" endtime="Fri Sep 21 16:13:42 CST 2012" />
              <Test name="test_KeyManagerFactory_getInstance" result="pass" starttime="Fri Sep 21 16:13:42 CST 2012" endtime="Fri Sep 21 16:14:09 CST 2012" />
            </TestCase>
            <TestCase name="KeyStoreBuilderParametersTest" priority="">
              <Test name="test_init_Builder" result="pass" starttime="Fri Sep 21 16:14:09 CST 2012" endtime="Fri Sep 21 16:14:14 CST 2012" />
              <Test name="test_init_Builder_null" result="pass" starttime="Fri Sep 21 16:14:14 CST 2012" endtime="Fri Sep 21 16:14:14 CST 2012" />
              <Test name="test_init_List" result="pass" starttime="Fri Sep 21 16:14:15 CST 2012" endtime="Fri Sep 21 16:14:19 CST 2012" />
              <Test name="test_init_List_null" result="pass" starttime="Fri Sep 21 16:14:20 CST 2012" endtime="Fri Sep 21 16:14:20 CST 2012" />
            </TestCase>
            <TestCase name="SSLContextTest" priority="">
              <Test name="test_SSLContextTest_TestSSLContext_create" result="pass" starttime="Fri Sep 21 16:14:21 CST 2012" endtime="Fri Sep 21 16:14:26 CST 2012" />
              <Test name="test_SSLContext_createSSLEngine" result="pass" starttime="Fri Sep 21 16:14:26 CST 2012" endtime="Fri Sep 21 16:14:26 CST 2012" />
              <Test name="test_SSLContext_getClientSessionContext" result="pass" starttime="Fri Sep 21 16:14:27 CST 2012" endtime="Fri Sep 21 16:14:27 CST 2012" />
              <Test name="test_SSLContext_getDefault" result="pass" starttime="Fri Sep 21 16:14:28 CST 2012" endtime="Fri Sep 21 16:14:28 CST 2012" />
              <Test name="test_SSLContext_getDefaultSSLParameters" result="pass" starttime="Fri Sep 21 16:14:28 CST 2012" endtime="Fri Sep 21 16:14:28 CST 2012" />
              <Test name="test_SSLContext_getInstance" result="pass" starttime="Fri Sep 21 16:14:29 CST 2012" endtime="Fri Sep 21 16:14:29 CST 2012" />
              <Test name="test_SSLContext_getProtocol" result="pass" starttime="Fri Sep 21 16:14:30 CST 2012" endtime="Fri Sep 21 16:14:30 CST 2012" />
              <Test name="test_SSLContext_getProvider" result="pass" starttime="Fri Sep 21 16:14:30 CST 2012" endtime="Fri Sep 21 16:14:30 CST 2012" />
              <Test name="test_SSLContext_getServerSessionContext" result="pass" starttime="Fri Sep 21 16:14:31 CST 2012" endtime="Fri Sep 21 16:14:31 CST 2012" />
              <Test name="test_SSLContext_getServerSocketFactory" result="pass" starttime="Fri Sep 21 16:14:32 CST 2012" endtime="Fri Sep 21 16:14:32 CST 2012" />
              <Test name="test_SSLContext_getSocketFactory" result="pass" starttime="Fri Sep 21 16:14:32 CST 2012" endtime="Fri Sep 21 16:14:32 CST 2012" />
              <Test name="test_SSLContext_getSupportedSSLParameters" result="pass" starttime="Fri Sep 21 16:14:33 CST 2012" endtime="Fri Sep 21 16:14:33 CST 2012" />
              <Test name="test_SSLContext_init" result="pass" starttime="Fri Sep 21 16:14:33 CST 2012" endtime="Fri Sep 21 16:14:34 CST 2012" />
              <Test name="test_SSLContext_setDefault" result="pass" starttime="Fri Sep 21 16:14:34 CST 2012" endtime="Fri Sep 21 16:14:34 CST 2012" />
            </TestCase>
            <TestCase name="SSLEngineTest" priority="">
              <Test name="test_SSLEngine_beginHandshake" result="pass" starttime="Fri Sep 21 16:14:35 CST 2012" endtime="Fri Sep 21 16:14:40 CST 2012" />
              <Test name="test_SSLEngine_beginHandshake_noClientCertificate" result="pass" starttime="Fri Sep 21 16:14:40 CST 2012" endtime="Fri Sep 21 16:14:46 CST 2012" />
              <Test name="test_SSLEngine_clientAuth" result="pass" starttime="Fri Sep 21 16:14:46 CST 2012" endtime="Fri Sep 21 16:14:52 CST 2012" />
              <Test name="test_SSLEngine_getEnableSessionCreation" result="pass" starttime="Fri Sep 21 16:14:53 CST 2012" endtime="Fri Sep 21 16:14:58 CST 2012" />
              <Test name="test_SSLEngine_getEnabledCipherSuites" result="pass" starttime="Fri Sep 21 16:14:58 CST 2012" endtime="Fri Sep 21 16:15:03 CST 2012" />
              <Test name="test_SSLEngine_getEnabledProtocols" result="pass" starttime="Fri Sep 21 16:15:03 CST 2012" endtime="Fri Sep 21 16:15:08 CST 2012" />
              <Test name="test_SSLEngine_getSSLParameters" result="pass" starttime="Fri Sep 21 16:15:09 CST 2012" endtime="Fri Sep 21 16:15:14 CST 2012" />
              <Test name="test_SSLEngine_getSession" result="pass" starttime="Fri Sep 21 16:15:14 CST 2012" endtime="Fri Sep 21 16:15:19 CST 2012" />
              <Test name="test_SSLEngine_getSupportedCipherSuites_connect" result="pass" starttime="Fri Sep 21 16:15:19 CST 2012" endtime="Fri Sep 21 16:15:24 CST 2012" />
              <Test name="test_SSLEngine_getSupportedCipherSuites_names" result="pass" starttime="Fri Sep 21 16:15:25 CST 2012" endtime="Fri Sep 21 16:15:29 CST 2012" />
              <Test name="test_SSLEngine_getSupportedProtocols" result="pass" starttime="Fri Sep 21 16:15:30 CST 2012" endtime="Fri Sep 21 16:15:35 CST 2012" />
              <Test name="test_SSLEngine_getUseClientMode" result="pass" starttime="Fri Sep 21 16:15:36 CST 2012" endtime="Fri Sep 21 16:15:42 CST 2012" />
              <Test name="test_SSLEngine_setEnabledCipherSuites" result="pass" starttime="Fri Sep 21 16:15:42 CST 2012" endtime="Fri Sep 21 16:15:46 CST 2012" />
              <Test name="test_SSLEngine_setEnabledProtocols" result="pass" starttime="Fri Sep 21 16:15:47 CST 2012" endtime="Fri Sep 21 16:15:53 CST 2012" />
              <Test name="test_SSLEngine_setSSLParameters" result="pass" starttime="Fri Sep 21 16:15:54 CST 2012" endtime="Fri Sep 21 16:15:58 CST 2012" />
              <Test name="test_SSLEngine_setUseClientMode_afterHandshake" result="pass" starttime="Fri Sep 21 16:15:59 CST 2012" endtime="Fri Sep 21 16:16:04 CST 2012" />
              <Test name="test_TestSSLEnginePair_create" result="pass" starttime="Fri Sep 21 16:16:04 CST 2012" endtime="Fri Sep 21 16:16:09 CST 2012" />
            </TestCase>
            <TestCase name="SSLParametersTest" priority="">
              <Test name="test_SSLParameters_CipherSuites" result="pass" starttime="Fri Sep 21 16:16:10 CST 2012" endtime="Fri Sep 21 16:16:10 CST 2012" />
              <Test name="test_SSLParameters_ClientAuth" result="pass" starttime="Fri Sep 21 16:16:10 CST 2012" endtime="Fri Sep 21 16:16:11 CST 2012" />
              <Test name="test_SSLParameters_Protocols" result="pass" starttime="Fri Sep 21 16:16:11 CST 2012" endtime="Fri Sep 21 16:16:11 CST 2012" />
              <Test name="test_SSLParameters_cipherSuitesConstructor" result="pass" starttime="Fri Sep 21 16:16:12 CST 2012" endtime="Fri Sep 21 16:16:12 CST 2012" />
              <Test name="test_SSLParameters_cpherSuitesProtocolsConstructor" result="pass" starttime="Fri Sep 21 16:16:12 CST 2012" endtime="Fri Sep 21 16:16:12 CST 2012" />
              <Test name="test_SSLParameters_emptyConstructor" result="pass" starttime="Fri Sep 21 16:16:13 CST 2012" endtime="Fri Sep 21 16:16:13 CST 2012" />
            </TestCase>
            <TestCase name="SSLSessionContextTest" priority="">
              <Test name="test_SSLSessionContext_getIds" result="pass" starttime="Fri Sep 21 16:16:14 CST 2012" endtime="Fri Sep 21 16:16:19 CST 2012" />
              <Test name="test_SSLSessionContext_getSession" result="pass" starttime="Fri Sep 21 16:16:19 CST 2012" endtime="Fri Sep 21 16:16:24 CST 2012" />
              <Test name="test_SSLSessionContext_getSessionCacheSize" result="pass" starttime="Fri Sep 21 16:16:24 CST 2012" endtime="Fri Sep 21 16:16:30 CST 2012" />
              <Test name="test_SSLSessionContext_getSessionTimeout" result="pass" starttime="Fri Sep 21 16:16:30 CST 2012" endtime="Fri Sep 21 16:16:35 CST 2012" />
              <Test name="test_SSLSessionContext_setSessionCacheSize_dynamic" result="pass" starttime="Fri Sep 21 16:16:36 CST 2012" endtime="Fri Sep 21 16:16:42 CST 2012" />
              <Test name="test_SSLSessionContext_setSessionCacheSize_noConnect" result="pass" starttime="Fri Sep 21 16:16:42 CST 2012" endtime="Fri Sep 21 16:16:47 CST 2012" />
              <Test name="test_SSLSessionContext_setSessionCacheSize_oneConnect" result="pass" starttime="Fri Sep 21 16:16:47 CST 2012" endtime="Fri Sep 21 16:16:53 CST 2012" />
              <Test name="test_SSLSessionContext_setSessionTimeout" result="pass" starttime="Fri Sep 21 16:16:53 CST 2012" endtime="Fri Sep 21 16:16:59 CST 2012" />
            </TestCase>
            <TestCase name="SSLSessionTest" priority="">
              <Test name="test_SSLSession_getApplicationBufferSize" result="pass" starttime="Fri Sep 21 16:16:59 CST 2012" endtime="Fri Sep 21 16:17:04 CST 2012" />
              <Test name="test_SSLSession_getCipherSuite" result="pass" starttime="Fri Sep 21 16:17:04 CST 2012" endtime="Fri Sep 21 16:17:09 CST 2012" />
              <Test name="test_SSLSession_getCreationTime" result="pass" starttime="Fri Sep 21 16:17:10 CST 2012" endtime="Fri Sep 21 16:17:17 CST 2012" />
              <Test name="test_SSLSession_getId" result="pass" starttime="Fri Sep 21 16:17:17 CST 2012" endtime="Fri Sep 21 16:17:21 CST 2012" />
              <Test name="test_SSLSession_getLastAccessedTime" result="pass" starttime="Fri Sep 21 16:17:22 CST 2012" endtime="Fri Sep 21 16:17:26 CST 2012" />
              <Test name="test_SSLSession_getLocalCertificates" result="pass" starttime="Fri Sep 21 16:17:27 CST 2012" endtime="Fri Sep 21 16:17:31 CST 2012" />
              <Test name="test_SSLSession_getLocalPrincipal" result="pass" starttime="Fri Sep 21 16:17:32 CST 2012" endtime="Fri Sep 21 16:17:37 CST 2012" />
              <Test name="test_SSLSession_getPacketBufferSize" result="pass" starttime="Fri Sep 21 16:17:38 CST 2012" endtime="Fri Sep 21 16:17:42 CST 2012" />
              <Test name="test_SSLSession_getPeerCertificateChain" result="pass" starttime="Fri Sep 21 16:17:42 CST 2012" endtime="Fri Sep 21 16:17:47 CST 2012" />
              <Test name="test_SSLSession_getPeerCertificates" result="pass" starttime="Fri Sep 21 16:17:48 CST 2012" endtime="Fri Sep 21 16:17:53 CST 2012" />
              <Test name="test_SSLSession_getPeerHost" result="pass" starttime="Fri Sep 21 16:17:54 CST 2012" endtime="Fri Sep 21 16:18:00 CST 2012" />
              <Test name="test_SSLSession_getPeerPort" result="pass" starttime="Fri Sep 21 16:18:00 CST 2012" endtime="Fri Sep 21 16:18:05 CST 2012" />
              <Test name="test_SSLSession_getPeerPrincipal" result="pass" starttime="Fri Sep 21 16:18:06 CST 2012" endtime="Fri Sep 21 16:18:11 CST 2012" />
              <Test name="test_SSLSession_getProtocol" result="pass" starttime="Fri Sep 21 16:18:11 CST 2012" endtime="Fri Sep 21 16:18:15 CST 2012" />
              <Test name="test_SSLSession_getSessionContext" result="pass" starttime="Fri Sep 21 16:18:16 CST 2012" endtime="Fri Sep 21 16:18:22 CST 2012" />
              <Test name="test_SSLSession_getValue" result="pass" starttime="Fri Sep 21 16:18:22 CST 2012" endtime="Fri Sep 21 16:18:28 CST 2012" />
              <Test name="test_SSLSession_getValueNames" result="pass" starttime="Fri Sep 21 16:18:29 CST 2012" endtime="Fri Sep 21 16:18:34 CST 2012" />
              <Test name="test_SSLSession_invalidate" result="pass" starttime="Fri Sep 21 16:18:34 CST 2012" endtime="Fri Sep 21 16:18:39 CST 2012" />
              <Test name="test_SSLSession_isValid" result="pass" starttime="Fri Sep 21 16:18:39 CST 2012" endtime="Fri Sep 21 16:18:44 CST 2012" />
              <Test name="test_SSLSession_putValue" result="pass" starttime="Fri Sep 21 16:18:45 CST 2012" endtime="Fri Sep 21 16:18:50 CST 2012" />
              <Test name="test_SSLSession_removeValue" result="pass" starttime="Fri Sep 21 16:18:51 CST 2012" endtime="Fri Sep 21 16:18:55 CST 2012" />
              <Test name="test_SSLSocket_TestSSLSessions_create" result="pass" starttime="Fri Sep 21 16:18:56 CST 2012" endtime="Fri Sep 21 16:19:00 CST 2012" />
            </TestCase>
            <TestCase name="SSLSocketFactoryTest" priority="">
              <Test name="test_SSLSocketFactory_createSocket" result="pass" starttime="Fri Sep 21 16:19:01 CST 2012" endtime="Fri Sep 21 16:19:01 CST 2012" />
              <Test name="test_SSLSocketFactory_getDefault" result="pass" starttime="Fri Sep 21 16:19:01 CST 2012" endtime="Fri Sep 21 16:19:01 CST 2012" />
              <Test name="test_SSLSocketFactory_getDefaultCipherSuites" result="pass" starttime="Fri Sep 21 16:19:02 CST 2012" endtime="Fri Sep 21 16:19:02 CST 2012" />
              <Test name="test_SSLSocketFactory_getSupportedCipherSuites" result="pass" starttime="Fri Sep 21 16:19:03 CST 2012" endtime="Fri Sep 21 16:19:03 CST 2012" />
            </TestCase>
            <TestCase name="TrustManagerFactoryTest" priority="">
              <Test name="test_TrustManagerFactory_getDefaultAlgorithm" result="pass" starttime="Fri Sep 21 16:19:03 CST 2012" endtime="Fri Sep 21 16:19:15 CST 2012" />
              <Test name="test_TrustManagerFactory_getInstance" result="pass" starttime="Fri Sep 21 16:19:15 CST 2012" endtime="Fri Sep 21 16:19:45 CST 2012" />
              <Test name="test_TrustManagerFactory_intermediate" result="pass" starttime="Fri Sep 21 16:19:45 CST 2012" endtime="Fri Sep 21 16:19:50 CST 2012" />
              <Test name="test_TrustManagerFactory_keyOnly" result="pass" starttime="Fri Sep 21 16:19:50 CST 2012" endtime="Fri Sep 21 16:19:54 CST 2012" />
            </TestCase>
          </TestSuite>
          <TestCase name="ServerSocketFactoryTest" priority="">
            <Test name="testCreateServerSocket" result="pass" starttime="Fri Sep 21 16:13:11 CST 2012" endtime="Fri Sep 21 16:13:11 CST 2012" />
            <Test name="testCreateServerSocketWithPort" result="pass" starttime="Fri Sep 21 16:13:12 CST 2012" endtime="Fri Sep 21 16:13:13 CST 2012" />
            <Test name="testCreateServerSocketWithPortAndBacklog" result="pass" starttime="Fri Sep 21 16:13:13 CST 2012" endtime="Fri Sep 21 16:13:14 CST 2012" />
            <Test name="testCreateServerSocketWithPortNoBacklog" result="pass" starttime="Fri Sep 21 16:13:14 CST 2012" endtime="Fri Sep 21 16:13:15 CST 2012" />
            <Test name="testCreateServerSocketWithPortZeroBacklog" result="pass" starttime="Fri Sep 21 16:13:15 CST 2012" endtime="Fri Sep 21 16:13:16 CST 2012" />
          </TestCase>
        </TestSuite>
        <TestSuite name="security">
          <TestSuite name="auth">
            <TestSuite name="x500">
              <TestCase name="GeneralNameTest" priority="">
                <Test name="testWildcardsInDnsName" result="pass" starttime="Fri Sep 21 16:19:55 CST 2012" endtime="Fri Sep 21 16:19:55 CST 2012" />
              </TestCase>
              <TestCase name="X500PrincipalTest" priority="">
                <Test name="testGetName" result="pass" starttime="Fri Sep 21 16:19:55 CST 2012" endtime="Fri Sep 21 16:19:55 CST 2012" />
                <Test name="testSerialization" result="pass" starttime="Fri Sep 21 16:19:56 CST 2012" endtime="Fri Sep 21 16:19:56 CST 2012" />
              </TestCase>
            </TestSuite>
          </TestSuite>
        </TestSuite>
        <TestSuite name="sql">
          <TestCase name="OldConnectionEventTest" priority="">
            <Test name="testConstructorConnection" result="pass" starttime="Fri Sep 21 16:19:57 CST 2012" endtime="Fri Sep 21 16:19:57 CST 2012" />
            <Test name="testGetSQLException" result="pass" starttime="Fri Sep 21 16:19:58 CST 2012" endtime="Fri Sep 21 16:19:58 CST 2012" />
          </TestCase>
        </TestSuite>
        <TestSuite name="xml">
          <TestSuite name="parsers">
            <TestCase name="DocumentBuilderTest" priority="">
              <Test name="test_cdata_attributes" result="pass" starttime="Fri Sep 21 16:19:58 CST 2012" endtime="Fri Sep 21 16:19:58 CST 2012" />
              <Test name="test_cdata_body" result="pass" starttime="Fri Sep 21 16:19:59 CST 2012" endtime="Fri Sep 21 16:19:59 CST 2012" />
              <Test name="test_characterReferences" result="pass" starttime="Fri Sep 21 16:20:00 CST 2012" endtime="Fri Sep 21 16:20:00 CST 2012" />
              <Test name="test_predefinedEntities" result="pass" starttime="Fri Sep 21 16:20:00 CST 2012" endtime="Fri Sep 21 16:20:01 CST 2012" />
            </TestCase>
          </TestSuite>
        </TestSuite>
      </TestSuite>
      <TestSuite name="net">
        <TestSuite name="http">
          <TestCase name="ParsedHeadersTest" priority="">
            <Test name="testCacheControlRequestDirectivesAreCaseInsensitive" result="pass" starttime="Fri Sep 21 16:20:01 CST 2012" endtime="Fri Sep 21 16:20:01 CST 2012" />
            <Test name="testCacheControlResponseDirectivesAreCaseInsensitive" result="pass" starttime="Fri Sep 21 16:20:02 CST 2012" endtime="Fri Sep 21 16:20:02 CST 2012" />
            <Test name="testCommaSeparatedCacheControlHeaders" result="pass" starttime="Fri Sep 21 16:20:03 CST 2012" endtime="Fri Sep 21 16:20:03 CST 2012" />
            <Test name="testDanglingQuote" result="pass" starttime="Fri Sep 21 16:20:03 CST 2012" endtime="Fri Sep 21 16:20:03 CST 2012" />
            <Test name="testInvalidInteger" result="pass" starttime="Fri Sep 21 16:20:04 CST 2012" endtime="Fri Sep 21 16:20:04 CST 2012" />
            <Test name="testMissingInteger" result="pass" starttime="Fri Sep 21 16:20:05 CST 2012" endtime="Fri Sep 21 16:20:05 CST 2012" />
            <Test name="testNegativeInteger" result="pass" starttime="Fri Sep 21 16:20:06 CST 2012" endtime="Fri Sep 21 16:20:06 CST 2012" />
            <Test name="testParseChallengesWithCommaInRealm" result="pass" starttime="Fri Sep 21 16:20:06 CST 2012" endtime="Fri Sep 21 16:20:06 CST 2012" />
            <Test name="testParseChallengesWithEmptyRealm" result="pass" starttime="Fri Sep 21 16:20:07 CST 2012" endtime="Fri Sep 21 16:20:07 CST 2012" />
            <Test name="testParseChallengesWithExtraWhitespace" result="pass" starttime="Fri Sep 21 16:20:08 CST 2012" endtime="Fri Sep 21 16:20:08 CST 2012" />
            <Test name="testParseChallengesWithMissingRealm" result="pass" starttime="Fri Sep 21 16:20:08 CST 2012" endtime="Fri Sep 21 16:20:08 CST 2012" />
            <Test name="testParseChallengesWithMissingScheme" result="pass" starttime="Fri Sep 21 16:20:09 CST 2012" endtime="Fri Sep 21 16:20:09 CST 2012" />
            <Test name="testParseChallengesWithMultipleHeaders" result="pass" starttime="Fri Sep 21 16:20:10 CST 2012" endtime="Fri Sep 21 16:20:10 CST 2012" />
            <Test name="testPragmaDirectivesAreCaseInsensitive" result="pass" starttime="Fri Sep 21 16:20:11 CST 2012" endtime="Fri Sep 21 16:20:11 CST 2012" />
            <Test name="testQuotedFieldName" result="pass" starttime="Fri Sep 21 16:20:11 CST 2012" endtime="Fri Sep 21 16:20:11 CST 2012" />
            <Test name="testQuotedValue" result="pass" starttime="Fri Sep 21 16:20:12 CST 2012" endtime="Fri Sep 21 16:20:12 CST 2012" />
            <Test name="testSpaceAfterEqualsWithQuotes" result="pass" starttime="Fri Sep 21 16:20:13 CST 2012" endtime="Fri Sep 21 16:20:13 CST 2012" />
            <Test name="testSpaceAfterEqualsWithoutQuotes" result="pass" starttime="Fri Sep 21 16:20:13 CST 2012" endtime="Fri Sep 21 16:20:14 CST 2012" />
            <Test name="testSpaceBeforeEquals" result="pass" starttime="Fri Sep 21 16:20:14 CST 2012" endtime="Fri Sep 21 16:20:14 CST 2012" />
            <Test name="testTrailingComma" result="pass" starttime="Fri Sep 21 16:20:15 CST 2012" endtime="Fri Sep 21 16:20:15 CST 2012" />
            <Test name="testTrailingEquals" result="pass" starttime="Fri Sep 21 16:20:16 CST 2012" endtime="Fri Sep 21 16:20:16 CST 2012" />
            <Test name="testUnquotedValue" result="pass" starttime="Fri Sep 21 16:20:16 CST 2012" endtime="Fri Sep 21 16:20:16 CST 2012" />
            <Test name="testUpperCaseHttpHeaders" result="pass" starttime="Fri Sep 21 16:20:17 CST 2012" endtime="Fri Sep 21 16:20:17 CST 2012" />
            <Test name="testVeryLargeInteger" result="pass" starttime="Fri Sep 21 16:20:18 CST 2012" endtime="Fri Sep 21 16:20:18 CST 2012" />
          </TestCase>
          <TestCase name="RawHeadersTest" priority="">
            <Test name="test_caseInsensitiveButCasePreserving" result="pass" starttime="Fri Sep 21 16:20:18 CST 2012" endtime="Fri Sep 21 16:20:18 CST 2012" />
            <Test name="test_copyConstructor" result="pass" starttime="Fri Sep 21 16:20:19 CST 2012" endtime="Fri Sep 21 16:20:19 CST 2012" />
          </TestCase>
        </TestSuite>
        <TestSuite name="url">
          <TestCase name="UrlUtilsTest" priority="">
            <Test name="testCanonicalizePath" result="pass" starttime="Fri Sep 21 16:20:20 CST 2012" endtime="Fri Sep 21 16:20:20 CST 2012" />
            <Test name="testGetProtocolPrefix" result="pass" starttime="Fri Sep 21 16:20:21 CST 2012" endtime="Fri Sep 21 16:20:21 CST 2012" />
            <Test name="testGetProtocolPrefixInvalidScheme" result="pass" starttime="Fri Sep 21 16:20:21 CST 2012" endtime="Fri Sep 21 16:20:21 CST 2012" />
          </TestCase>
        </TestSuite>
      </TestSuite>
      <TestSuite name="sqlite">
        <TestCase name="OldBlobTest" priority="">
          <Test name="testClose" result="pass" starttime="Fri Sep 21 16:20:22 CST 2012" endtime="Fri Sep 21 16:20:22 CST 2012" />
          <Test name="testGetInputStream" result="pass" starttime="Fri Sep 21 16:20:23 CST 2012" endtime="Fri Sep 21 16:20:23 CST 2012" />
          <Test name="testGetOutputStream" result="pass" starttime="Fri Sep 21 16:20:23 CST 2012" endtime="Fri Sep 21 16:20:24 CST 2012" />
        </TestCase>
        <TestCase name="OldDatabaseTest" priority="">
          <Test name="testClose" result="pass" starttime="Fri Sep 21 16:20:24 CST 2012" endtime="Fri Sep 21 16:20:24 CST 2012" />
          <Test name="testCompileString" result="pass" starttime="Fri Sep 21 16:20:25 CST 2012" endtime="Fri Sep 21 16:20:25 CST 2012" />
          <Test name="testCompileStringStringArray" result="pass" starttime="Fri Sep 21 16:20:26 CST 2012" endtime="Fri Sep 21 16:20:26 CST 2012" />
          <Test name="testComplete" result="pass" starttime="Fri Sep 21 16:20:26 CST 2012" endtime="Fri Sep 21 16:20:26 CST 2012" />
          <Test name="testCreate_function" result="pass" starttime="Fri Sep 21 16:20:27 CST 2012" endtime="Fri Sep 21 16:20:27 CST 2012" />
          <Test name="testDatabase" result="pass" starttime="Fri Sep 21 16:20:28 CST 2012" endtime="Fri Sep 21 16:20:28 CST 2012" />
          <Test name="testDbversion" result="pass" starttime="Fri Sep 21 16:20:29 CST 2012" endtime="Fri Sep 21 16:20:29 CST 2012" />
          <Test name="testError_message" result="pass" starttime="Fri Sep 21 16:20:29 CST 2012" endtime="Fri Sep 21 16:20:29 CST 2012" />
          <Test name="testError_string" result="pass" starttime="Fri Sep 21 16:20:30 CST 2012" endtime="Fri Sep 21 16:20:30 CST 2012" />
          <Test name="testExecStringCallback" result="pass" starttime="Fri Sep 21 16:20:31 CST 2012" endtime="Fri Sep 21 16:20:31 CST 2012" />
          <Test name="testExecStringCallbackStringArray" result="pass" starttime="Fri Sep 21 16:20:31 CST 2012" endtime="Fri Sep 21 16:20:31 CST 2012" />
          <Test name="testFunction_type" result="pass" starttime="Fri Sep 21 16:20:32 CST 2012" endtime="Fri Sep 21 16:20:32 CST 2012" />
          <Test name="testGet_tableStringStringArray" result="pass" starttime="Fri Sep 21 16:20:33 CST 2012" endtime="Fri Sep 21 16:20:33 CST 2012" />
          <Test name="testIs3" result="pass" starttime="Fri Sep 21 16:20:33 CST 2012" endtime="Fri Sep 21 16:20:34 CST 2012" />
          <Test name="testLast_error" result="pass" starttime="Fri Sep 21 16:20:34 CST 2012" endtime="Fri Sep 21 16:20:34 CST 2012" />
          <Test name="testLast_insert_rowid" result="pass" starttime="Fri Sep 21 16:20:35 CST 2012" endtime="Fri Sep 21 16:20:35 CST 2012" />
          <Test name="testOpen" result="pass" starttime="Fri Sep 21 16:20:36 CST 2012" endtime="Fri Sep 21 16:20:36 CST 2012" />
          <Test name="testOpen_aux_file" result="pass" starttime="Fri Sep 21 16:20:36 CST 2012" endtime="Fri Sep 21 16:20:36 CST 2012" />
          <Test name="testPrepare" result="pass" starttime="Fri Sep 21 16:20:37 CST 2012" endtime="Fri Sep 21 16:20:37 CST 2012" />
          <Test name="testProgress_handler" result="pass" starttime="Fri Sep 21 16:20:38 CST 2012" endtime="Fri Sep 21 16:20:38 CST 2012" />
          <Test name="testSet_last_error" result="pass" starttime="Fri Sep 21 16:20:39 CST 2012" endtime="Fri Sep 21 16:20:39 CST 2012" />
          <Test name="testTrace" result="pass" starttime="Fri Sep 21 16:20:39 CST 2012" endtime="Fri Sep 21 16:20:39 CST 2012" />
          <Test name="testVersion" result="pass" starttime="Fri Sep 21 16:20:40 CST 2012" endtime="Fri Sep 21 16:20:40 CST 2012" />
        </TestCase>
        <TestCase name="OldExceptionTest" priority="">
          <Test name="testException" result="pass" starttime="Fri Sep 21 16:20:41 CST 2012" endtime="Fri Sep 21 16:20:41 CST 2012" />
        </TestCase>
        <TestCase name="OldFunctionContextTest" priority="">
          <Test name="testCount" result="pass" starttime="Fri Sep 21 16:20:41 CST 2012" endtime="Fri Sep 21 16:20:42 CST 2012" />
          <Test name="testSet_error" result="pass" starttime="Fri Sep 21 16:20:43 CST 2012" endtime="Fri Sep 21 16:20:43 CST 2012" />
          <Test name="testSet_resultByteArray" result="pass" starttime="Fri Sep 21 16:20:43 CST 2012" endtime="Fri Sep 21 16:20:43 CST 2012" />
          <Test name="testSet_resultDouble" result="pass" starttime="Fri Sep 21 16:20:44 CST 2012" endtime="Fri Sep 21 16:20:44 CST 2012" />
          <Test name="testSet_resultInt" result="pass" starttime="Fri Sep 21 16:20:45 CST 2012" endtime="Fri Sep 21 16:20:45 CST 2012" />
          <Test name="testSet_resultString" result="pass" starttime="Fri Sep 21 16:20:45 CST 2012" endtime="Fri Sep 21 16:20:46 CST 2012" />
        </TestCase>
        <TestCase name="OldJDBCDriverFunctionalTest" priority="">
          <Test name="testAutoCommitInsertSelect" result="pass" starttime="Fri Sep 21 16:20:46 CST 2012" endtime="Fri Sep 21 16:20:46 CST 2012" />
          <Test name="testUpdateSelectCommitSelect" result="pass" starttime="Fri Sep 21 16:20:47 CST 2012" endtime="Fri Sep 21 16:20:47 CST 2012" />
          <Test name="testUpdateSelectRollbackSelect" result="pass" starttime="Fri Sep 21 16:20:48 CST 2012" endtime="Fri Sep 21 16:20:48 CST 2012" />
        </TestCase>
        <TestCase name="OldJDBCDriverTest" priority="">
          <Test name="testAcceptsURL" result="pass" starttime="Fri Sep 21 16:20:48 CST 2012" endtime="Fri Sep 21 16:20:48 CST 2012" />
          <Test name="testAutoCommitInsertSelect" result="pass" starttime="Fri Sep 21 16:20:49 CST 2012" endtime="Fri Sep 21 16:20:49 CST 2012" />
          <Test name="testConnect" result="pass" starttime="Fri Sep 21 16:20:50 CST 2012" endtime="Fri Sep 21 16:20:50 CST 2012" />
          <Test name="testGetMajorVersion" result="pass" starttime="Fri Sep 21 16:20:51 CST 2012" endtime="Fri Sep 21 16:20:51 CST 2012" />
          <Test name="testGetMinorVersion" result="pass" starttime="Fri Sep 21 16:20:51 CST 2012" endtime="Fri Sep 21 16:20:51 CST 2012" />
          <Test name="testGetPropertyInfo" result="pass" starttime="Fri Sep 21 16:20:52 CST 2012" endtime="Fri Sep 21 16:20:52 CST 2012" />
          <Test name="testJDBCDriver" result="pass" starttime="Fri Sep 21 16:20:53 CST 2012" endtime="Fri Sep 21 16:20:53 CST 2012" />
          <Test name="testJdbcCompliant" result="pass" starttime="Fri Sep 21 16:20:53 CST 2012" endtime="Fri Sep 21 16:20:54 CST 2012" />
          <Test name="testUpdateSelectCommitSelect" result="pass" starttime="Fri Sep 21 16:20:54 CST 2012" endtime="Fri Sep 21 16:20:54 CST 2012" />
          <Test name="testUpdateSelectRollbackSelect" result="pass" starttime="Fri Sep 21 16:20:55 CST 2012" endtime="Fri Sep 21 16:20:55 CST 2012" />
        </TestCase>
        <TestCase name="OldStmtTest" priority="">
          <Test name="testBindInt" result="pass" starttime="Fri Sep 21 16:20:56 CST 2012" endtime="Fri Sep 21 16:20:56 CST 2012" />
          <Test name="testBindIntByteArray" result="pass" starttime="Fri Sep 21 16:20:56 CST 2012" endtime="Fri Sep 21 16:20:57 CST 2012" />
          <Test name="testBindIntDouble" result="pass" starttime="Fri Sep 21 16:20:57 CST 2012" endtime="Fri Sep 21 16:20:57 CST 2012" />
          <Test name="testBindIntInt" result="pass" starttime="Fri Sep 21 16:20:58 CST 2012" endtime="Fri Sep 21 16:20:58 CST 2012" />
          <Test name="testBindIntLong" result="pass" starttime="Fri Sep 21 16:20:59 CST 2012" endtime="Fri Sep 21 16:20:59 CST 2012" />
          <Test name="testBindIntString" result="pass" starttime="Fri Sep 21 16:21:00 CST 2012" endtime="Fri Sep 21 16:21:00 CST 2012" />
          <Test name="testBind_parameter_count" result="pass" starttime="Fri Sep 21 16:21:01 CST 2012" endtime="Fri Sep 21 16:21:01 CST 2012" />
          <Test name="testBind_parameter_index" result="pass" starttime="Fri Sep 21 16:21:01 CST 2012" endtime="Fri Sep 21 16:21:02 CST 2012" />
          <Test name="testBind_parameter_name" result="pass" starttime="Fri Sep 21 16:21:02 CST 2012" endtime="Fri Sep 21 16:21:02 CST 2012" />
          <Test name="testBind_zeroblob" result="pass" starttime="Fri Sep 21 16:21:03 CST 2012" endtime="Fri Sep 21 16:21:03 CST 2012" />
          <Test name="testClear_bindings" result="pass" starttime="Fri Sep 21 16:21:04 CST 2012" endtime="Fri Sep 21 16:21:04 CST 2012" />
          <Test name="testClose" result="pass" starttime="Fri Sep 21 16:21:04 CST 2012" endtime="Fri Sep 21 16:21:05 CST 2012" />
          <Test name="testColumn" result="pass" starttime="Fri Sep 21 16:21:05 CST 2012" endtime="Fri Sep 21 16:21:05 CST 2012" />
          <Test name="testColumn_bytes" result="pass" starttime="Fri Sep 21 16:21:06 CST 2012" endtime="Fri Sep 21 16:21:06 CST 2012" />
          <Test name="testColumn_database_name" result="pass" starttime="Fri Sep 21 16:21:07 CST 2012" endtime="Fri Sep 21 16:21:07 CST 2012" />
          <Test name="testColumn_decltype" result="pass" starttime="Fri Sep 21 16:21:08 CST 2012" endtime="Fri Sep 21 16:21:08 CST 2012" />
          <Test name="testColumn_double" result="pass" starttime="Fri Sep 21 16:21:08 CST 2012" endtime="Fri Sep 21 16:21:09 CST 2012" />
          <Test name="testColumn_int" result="pass" starttime="Fri Sep 21 16:21:09 CST 2012" endtime="Fri Sep 21 16:21:09 CST 2012" />
          <Test name="testColumn_long" result="pass" starttime="Fri Sep 21 16:21:10 CST 2012" endtime="Fri Sep 21 16:21:10 CST 2012" />
          <Test name="testColumn_origin_name" result="pass" starttime="Fri Sep 21 16:21:11 CST 2012" endtime="Fri Sep 21 16:21:11 CST 2012" />
          <Test name="testColumn_string" result="pass" starttime="Fri Sep 21 16:21:12 CST 2012" endtime="Fri Sep 21 16:21:12 CST 2012" />
          <Test name="testColumn_table_name" result="pass" starttime="Fri Sep 21 16:21:12 CST 2012" endtime="Fri Sep 21 16:21:13 CST 2012" />
          <Test name="testPrepare" result="pass" starttime="Fri Sep 21 16:21:13 CST 2012" endtime="Fri Sep 21 16:21:13 CST 2012" />
          <Test name="testReset" result="pass" starttime="Fri Sep 21 16:21:14 CST 2012" endtime="Fri Sep 21 16:21:14 CST 2012" />
          <Test name="testStep" result="pass" starttime="Fri Sep 21 16:21:15 CST 2012" endtime="Fri Sep 21 16:21:15 CST 2012" />
          <Test name="testStmt" result="pass" starttime="Fri Sep 21 16:21:16 CST 2012" endtime="Fri Sep 21 16:21:16 CST 2012" />
        </TestCase>
        <TestCase name="QueryTimeoutTest" priority="">
          <Test name="testInvalidTimeout" result="pass" starttime="Fri Sep 21 16:21:16 CST 2012" endtime="Fri Sep 21 16:21:17 CST 2012" />
        </TestCase>
      </TestSuite>
      <TestSuite name="util">
        <TestCase name="BasicLruCacheTest" priority="">
          <Test name="testCannotPutNullKey" result="pass" starttime="Fri Sep 21 16:21:17 CST 2012" endtime="Fri Sep 21 16:21:18 CST 2012" />
          <Test name="testCannotPutNullValue" result="pass" starttime="Fri Sep 21 16:21:18 CST 2012" endtime="Fri Sep 21 16:21:18 CST 2012" />
          <Test name="testConstructorDoesNotAllowZeroCacheSize" result="pass" starttime="Fri Sep 21 16:21:19 CST 2012" endtime="Fri Sep 21 16:21:19 CST 2012" />
          <Test name="testCreateOnCacheMiss" result="pass" starttime="Fri Sep 21 16:21:19 CST 2012" endtime="Fri Sep 21 16:21:20 CST 2012" />
          <Test name="testEntryEvictedWhenFull" result="pass" starttime="Fri Sep 21 16:21:20 CST 2012" endtime="Fri Sep 21 16:21:20 CST 2012" />
          <Test name="testEvictAll" result="pass" starttime="Fri Sep 21 16:21:21 CST 2012" endtime="Fri Sep 21 16:21:21 CST 2012" />
          <Test name="testEvictionWithSingletonCache" result="pass" starttime="Fri Sep 21 16:21:22 CST 2012" endtime="Fri Sep 21 16:21:22 CST 2012" />
          <Test name="testNoCreateOnCacheHit" result="pass" starttime="Fri Sep 21 16:21:22 CST 2012" endtime="Fri Sep 21 16:21:22 CST 2012" />
          <Test name="testPutDoesNotCauseEviction" result="pass" starttime="Fri Sep 21 16:21:23 CST 2012" endtime="Fri Sep 21 16:21:23 CST 2012" />
        </TestCase>
        <TestCase name="CollectionUtilsTest" priority="">
          <Test name="testDereferenceIterable" result="pass" starttime="Fri Sep 21 16:21:24 CST 2012" endtime="Fri Sep 21 16:21:24 CST 2012" />
          <Test name="testRemoveDuplicates" result="pass" starttime="Fri Sep 21 16:21:24 CST 2012" endtime="Fri Sep 21 16:21:25 CST 2012" />
          <Test name="testRemoveDuplicatesOnEmptyCollection" result="pass" starttime="Fri Sep 21 16:21:25 CST 2012" endtime="Fri Sep 21 16:21:25 CST 2012" />
          <Test name="testRemoveDuplicatesOnSingletonCollection" result="pass" starttime="Fri Sep 21 16:21:26 CST 2012" endtime="Fri Sep 21 16:21:26 CST 2012" />
        </TestCase>
      </TestSuite>
      <TestSuite name="xml">
        <TestCase name="DeclarationTest" priority="">
          <Test name="testGetDocumentUri" result="pass" starttime="Fri Sep 21 16:21:27 CST 2012" endtime="Fri Sep 21 16:21:27 CST 2012" />
          <Test name="testGetInputEncoding" result="pass" starttime="Fri Sep 21 16:21:27 CST 2012" endtime="Fri Sep 21 16:21:27 CST 2012" />
        </TestCase>
        <TestCase name="DomTest" priority="">
          <Test name="testAddingADocumentFragmentAddsItsChildren" result="pass" starttime="Fri Sep 21 16:21:28 CST 2012" endtime="Fri Sep 21 16:21:28 CST 2012" />
          <Test name="testAdoptionImmediatelyAfterParsing" result="pass" starttime="Fri Sep 21 16:21:29 CST 2012" endtime="Fri Sep 21 16:21:29 CST 2012" />
          <Test name="testAttributeSetTextContent" result="pass" starttime="Fri Sep 21 16:21:29 CST 2012" endtime="Fri Sep 21 16:21:30 CST 2012" />
          <Test name="testAttributeTypeInfo" result="pass" starttime="Fri Sep 21 16:21:30 CST 2012" endtime="Fri Sep 21 16:21:30 CST 2012" />
          <Test name="testBaseUriInheritedForEntities" result="pass" starttime="Fri Sep 21 16:21:31 CST 2012" endtime="Fri Sep 21 16:21:31 CST 2012" />
          <Test name="testBaseUriInheritedForProcessingInstructions" result="pass" starttime="Fri Sep 21 16:21:31 CST 2012" endtime="Fri Sep 21 16:21:32 CST 2012" />
          <Test name="testBaseUriNotInheritedForAttributes" result="pass" starttime="Fri Sep 21 16:21:32 CST 2012" endtime="Fri Sep 21 16:21:32 CST 2012" />
          <Test name="testBaseUriNotInheritedForComments" result="pass" starttime="Fri Sep 21 16:21:33 CST 2012" endtime="Fri Sep 21 16:21:33 CST 2012" />
          <Test name="testBaseUriNotInheritedForDoctypes" result="pass" starttime="Fri Sep 21 16:21:34 CST 2012" endtime="Fri Sep 21 16:21:34 CST 2012" />
          <Test name="testBaseUriNotInheritedForEntityReferences" result="pass" starttime="Fri Sep 21 16:21:34 CST 2012" endtime="Fri Sep 21 16:21:34 CST 2012" />
          <Test name="testBaseUriNotInheritedForNotations" result="pass" starttime="Fri Sep 21 16:21:35 CST 2012" endtime="Fri Sep 21 16:21:35 CST 2012" />
          <Test name="testBaseUriNotInheritedForTextsOrCdatas" result="pass" starttime="Fri Sep 21 16:21:36 CST 2012" endtime="Fri Sep 21 16:21:36 CST 2012" />
          <Test name="testBaseUriRelativeUriResolution" result="pass" starttime="Fri Sep 21 16:21:36 CST 2012" endtime="Fri Sep 21 16:21:37 CST 2012" />
          <Test name="testBaseUriResolutionWithHashes" result="pass" starttime="Fri Sep 21 16:21:37 CST 2012" endtime="Fri Sep 21 16:21:37 CST 2012" />
          <Test name="testBomAndByteInput" result="pass" starttime="Fri Sep 21 16:21:38 CST 2012" endtime="Fri Sep 21 16:21:38 CST 2012" />
          <Test name="testBomAndByteInputWithExplicitCharset" result="pass" starttime="Fri Sep 21 16:21:39 CST 2012" endtime="Fri Sep 21 16:21:39 CST 2012" />
          <Test name="testBomAndCharacterInput" result="pass" starttime="Fri Sep 21 16:21:39 CST 2012" endtime="Fri Sep 21 16:21:39 CST 2012" />
          <Test name="testCdataSetTextContent" result="pass" starttime="Fri Sep 21 16:21:40 CST 2012" endtime="Fri Sep 21 16:21:40 CST 2012" />
          <Test name="testCloneNode" result="pass" starttime="Fri Sep 21 16:21:41 CST 2012" endtime="Fri Sep 21 16:21:41 CST 2012" />
          <Test name="testCloneNodeNotNamespaceAware" result="pass" starttime="Fri Sep 21 16:21:41 CST 2012" endtime="Fri Sep 21 16:21:42 CST 2012" />
          <Test name="testCoalescingOff" result="pass" starttime="Fri Sep 21 16:21:42 CST 2012" endtime="Fri Sep 21 16:21:42 CST 2012" />
          <Test name="testCoalescingOffByDefault" result="pass" starttime="Fri Sep 21 16:21:43 CST 2012" endtime="Fri Sep 21 16:21:43 CST 2012" />
          <Test name="testCoalescingOn" result="pass" starttime="Fri Sep 21 16:21:44 CST 2012" endtime="Fri Sep 21 16:21:44 CST 2012" />
          <Test name="testCommentSetTextContent" result="pass" starttime="Fri Sep 21 16:21:44 CST 2012" endtime="Fri Sep 21 16:21:44 CST 2012" />
          <Test name="testCoreFeature" result="pass" starttime="Fri Sep 21 16:21:45 CST 2012" endtime="Fri Sep 21 16:21:45 CST 2012" />
          <Test name="testDoctypeSetTextContent" result="pass" starttime="Fri Sep 21 16:21:46 CST 2012" endtime="Fri Sep 21 16:21:46 CST 2012" />
          <Test name="testDocumentDoesNotHaveWhitespaceChildren" result="pass" starttime="Fri Sep 21 16:21:46 CST 2012" endtime="Fri Sep 21 16:21:46 CST 2012" />
          <Test name="testDocumentSetTextContent" result="pass" starttime="Fri Sep 21 16:21:47 CST 2012" endtime="Fri Sep 21 16:21:47 CST 2012" />
          <Test name="testElementSetTextContent" result="pass" starttime="Fri Sep 21 16:21:48 CST 2012" endtime="Fri Sep 21 16:21:48 CST 2012" />
          <Test name="testElementTypeInfo" result="pass" starttime="Fri Sep 21 16:21:48 CST 2012" endtime="Fri Sep 21 16:21:48 CST 2012" />
          <Test name="testEntityReferenceSetTextContent" result="pass" starttime="Fri Sep 21 16:21:49 CST 2012" endtime="Fri Sep 21 16:21:49 CST 2012" />
          <Test name="testEntitySetTextContent" result="pass" starttime="Fri Sep 21 16:21:50 CST 2012" endtime="Fri Sep 21 16:21:50 CST 2012" />
          <Test name="testExpandingEntityReferencesOffDoesNotImpactCharacterEntities" result="pass" starttime="Fri Sep 21 16:21:51 CST 2012" endtime="Fri Sep 21 16:21:51 CST 2012" />
          <Test name="testExpandingEntityReferencesOffDoesNotImpactPredefinedEntities" result="pass" starttime="Fri Sep 21 16:21:51 CST 2012" endtime="Fri Sep 21 16:21:51 CST 2012" />
          <Test name="testExpandingEntityReferencesOnByDefault" result="pass" starttime="Fri Sep 21 16:21:52 CST 2012" endtime="Fri Sep 21 16:21:52 CST 2012" />
          <Test name="testGetElementsByTagNameNs" result="pass" starttime="Fri Sep 21 16:21:53 CST 2012" endtime="Fri Sep 21 16:21:53 CST 2012" />
          <Test name="testGetElementsByTagNameNsWithWildcard" result="pass" starttime="Fri Sep 21 16:21:53 CST 2012" endtime="Fri Sep 21 16:21:54 CST 2012" />
          <Test name="testGetElementsByTagNameWithNamespacePrefix" result="pass" starttime="Fri Sep 21 16:21:54 CST 2012" endtime="Fri Sep 21 16:21:54 CST 2012" />
          <Test name="testGetElementsByTagNameWithWildcard" result="pass" starttime="Fri Sep 21 16:21:55 CST 2012" endtime="Fri Sep 21 16:21:55 CST 2012" />
          <Test name="testGetElementsByTagNameWithoutNamespacePrefix" result="pass" starttime="Fri Sep 21 16:21:56 CST 2012" endtime="Fri Sep 21 16:21:56 CST 2012" />
          <Test name="testGetFeature" result="pass" starttime="Fri Sep 21 16:21:56 CST 2012" endtime="Fri Sep 21 16:21:56 CST 2012" />
          <Test name="testGetWholeTextFirst" result="pass" starttime="Fri Sep 21 16:21:57 CST 2012" endtime="Fri Sep 21 16:21:57 CST 2012" />
          <Test name="testGetWholeTextLast" result="pass" starttime="Fri Sep 21 16:21:58 CST 2012" endtime="Fri Sep 21 16:21:58 CST 2012" />
          <Test name="testGetWholeTextMiddle" result="pass" starttime="Fri Sep 21 16:21:58 CST 2012" endtime="Fri Sep 21 16:21:58 CST 2012" />
          <Test name="testGetWholeTextOnly" result="pass" starttime="Fri Sep 21 16:21:59 CST 2012" endtime="Fri Sep 21 16:21:59 CST 2012" />
          <Test name="testImportNodeDeep" result="pass" starttime="Fri Sep 21 16:22:00 CST 2012" endtime="Fri Sep 21 16:22:00 CST 2012" />
          <Test name="testImportNodeShallow" result="pass" starttime="Fri Sep 21 16:22:00 CST 2012" endtime="Fri Sep 21 16:22:01 CST 2012" />
          <Test name="testIsDefaultNamespace" result="pass" starttime="Fri Sep 21 16:22:01 CST 2012" endtime="Fri Sep 21 16:22:01 CST 2012" />
          <Test name="testIsDefaultNamespaceNull" result="pass" starttime="Fri Sep 21 16:22:02 CST 2012" endtime="Fri Sep 21 16:22:02 CST 2012" />
          <Test name="testIsDefaultNamespaceNull_XercesBugs" result="pass" starttime="Fri Sep 21 16:22:02 CST 2012" endtime="Fri Sep 21 16:22:03 CST 2012" />
          <Test name="testIsElementContentWhitespaceWithoutDeclaration" result="pass" starttime="Fri Sep 21 16:22:03 CST 2012" endtime="Fri Sep 21 16:22:03 CST 2012" />
          <Test name="testIsSupported" result="pass" starttime="Fri Sep 21 16:22:04 CST 2012" endtime="Fri Sep 21 16:22:04 CST 2012" />
          <Test name="testIterateBackwardsThroughInnerNodeSiblings" result="pass" starttime="Fri Sep 21 16:22:05 CST 2012" endtime="Fri Sep 21 16:22:05 CST 2012" />
          <Test name="testIterateBackwardsThroughLeafNodeSiblings" result="pass" starttime="Fri Sep 21 16:22:05 CST 2012" endtime="Fri Sep 21 16:22:05 CST 2012" />
          <Test name="testIterateForwardsThroughInnerNodeSiblings" result="pass" starttime="Fri Sep 21 16:22:06 CST 2012" endtime="Fri Sep 21 16:22:06 CST 2012" />
          <Test name="testIterateForwardsThroughLeafNodeSiblings" result="pass" starttime="Fri Sep 21 16:22:07 CST 2012" endtime="Fri Sep 21 16:22:07 CST 2012" />
          <Test name="testLookupNamespaceURIByPrefix" result="pass" starttime="Fri Sep 21 16:22:07 CST 2012" endtime="Fri Sep 21 16:22:08 CST 2012" />
          <Test name="testLookupNamespaceURIWithNullPrefix" result="pass" starttime="Fri Sep 21 16:22:08 CST 2012" endtime="Fri Sep 21 16:22:08 CST 2012" />
          <Test name="testLookupNamespaceURIWithXmlnsPrefix" result="pass" starttime="Fri Sep 21 16:22:09 CST 2012" endtime="Fri Sep 21 16:22:09 CST 2012" />
          <Test name="testLookupPrefixWithNullUri" result="pass" starttime="Fri Sep 21 16:22:10 CST 2012" endtime="Fri Sep 21 16:22:10 CST 2012" />
          <Test name="testLookupPrefixWithShadowedUri" result="pass" starttime="Fri Sep 21 16:22:10 CST 2012" endtime="Fri Sep 21 16:22:10 CST 2012" />
          <Test name="testLookupPrefixWithShadowingUri" result="pass" starttime="Fri Sep 21 16:22:11 CST 2012" endtime="Fri Sep 21 16:22:11 CST 2012" />
          <Test name="testLookupPrefixWithUnusedUri" result="pass" starttime="Fri Sep 21 16:22:12 CST 2012" endtime="Fri Sep 21 16:22:12 CST 2012" />
          <Test name="testMultipleIdsOnOneElement" result="pass" starttime="Fri Sep 21 16:22:12 CST 2012" endtime="Fri Sep 21 16:22:12 CST 2012" />
          <Test name="testNodeAdoption" result="pass" starttime="Fri Sep 21 16:22:13 CST 2012" endtime="Fri Sep 21 16:22:13 CST 2012" />
          <Test name="testNodeEqualsNegative" result="pass" starttime="Fri Sep 21 16:22:14 CST 2012" endtime="Fri Sep 21 16:22:14 CST 2012" />
          <Test name="testNodeEqualsNegativeRecursive" result="pass" starttime="Fri Sep 21 16:22:14 CST 2012" endtime="Fri Sep 21 16:22:15 CST 2012" />
          <Test name="testNodeEqualsNull" result="pass" starttime="Fri Sep 21 16:22:15 CST 2012" endtime="Fri Sep 21 16:22:15 CST 2012" />
          <Test name="testNodeEqualsPositive" result="pass" starttime="Fri Sep 21 16:22:16 CST 2012" endtime="Fri Sep 21 16:22:16 CST 2012" />
          <Test name="testNotationSetTextContent" result="pass" starttime="Fri Sep 21 16:22:17 CST 2012" endtime="Fri Sep 21 16:22:17 CST 2012" />
          <Test name="testProcessingInstructionSetTextContent" result="pass" starttime="Fri Sep 21 16:22:17 CST 2012" endtime="Fri Sep 21 16:22:17 CST 2012" />
          <Test name="testProgrammaticElementIds" result="pass" starttime="Fri Sep 21 16:22:18 CST 2012" endtime="Fri Sep 21 16:22:18 CST 2012" />
          <Test name="testPublicIdAndSystemId" result="pass" starttime="Fri Sep 21 16:22:19 CST 2012" endtime="Fri Sep 21 16:22:19 CST 2012" />
          <Test name="testRenameAttribute" result="pass" starttime="Fri Sep 21 16:22:19 CST 2012" endtime="Fri Sep 21 16:22:19 CST 2012" />
          <Test name="testRenameAttributeWithNamespace" result="pass" starttime="Fri Sep 21 16:22:20 CST 2012" endtime="Fri Sep 21 16:22:20 CST 2012" />
          <Test name="testRenameAttributeWithPrefix" result="pass" starttime="Fri Sep 21 16:22:21 CST 2012" endtime="Fri Sep 21 16:22:21 CST 2012" />
          <Test name="testRenameAttributeWithPrefixAndNamespace" result="pass" starttime="Fri Sep 21 16:22:22 CST 2012" endtime="Fri Sep 21 16:22:22 CST 2012" />
          <Test name="testRenameElement" result="pass" starttime="Fri Sep 21 16:22:22 CST 2012" endtime="Fri Sep 21 16:22:22 CST 2012" />
          <Test name="testRenameElementWithNamespace" result="pass" starttime="Fri Sep 21 16:22:23 CST 2012" endtime="Fri Sep 21 16:22:23 CST 2012" />
          <Test name="testRenameElementWithPrefix" result="pass" starttime="Fri Sep 21 16:22:24 CST 2012" endtime="Fri Sep 21 16:22:24 CST 2012" />
          <Test name="testRenameElementWithPrefixAndNamespace" result="pass" starttime="Fri Sep 21 16:22:24 CST 2012" endtime="Fri Sep 21 16:22:25 CST 2012" />
          <Test name="testRenameNodeOtherThanElementOrAttribute" result="pass" starttime="Fri Sep 21 16:22:25 CST 2012" endtime="Fri Sep 21 16:22:25 CST 2012" />
          <Test name="testRenameToInvalid" result="pass" starttime="Fri Sep 21 16:22:26 CST 2012" endtime="Fri Sep 21 16:22:26 CST 2012" />
          <Test name="testReplaceWholeTextFirst" result="pass" starttime="Fri Sep 21 16:22:27 CST 2012" endtime="Fri Sep 21 16:22:27 CST 2012" />
          <Test name="testReplaceWholeTextFirstWithEmptyString" result="pass" starttime="Fri Sep 21 16:22:27 CST 2012" endtime="Fri Sep 21 16:22:27 CST 2012" />
          <Test name="testReplaceWholeTextFirstWithNull" result="pass" starttime="Fri Sep 21 16:22:28 CST 2012" endtime="Fri Sep 21 16:22:28 CST 2012" />
          <Test name="testReplaceWholeTextLast" result="pass" starttime="Fri Sep 21 16:22:29 CST 2012" endtime="Fri Sep 21 16:22:29 CST 2012" />
          <Test name="testReplaceWholeTextLastWithNull" result="pass" starttime="Fri Sep 21 16:22:29 CST 2012" endtime="Fri Sep 21 16:22:30 CST 2012" />
          <Test name="testReplaceWholeTextMiddle" result="pass" starttime="Fri Sep 21 16:22:30 CST 2012" endtime="Fri Sep 21 16:22:30 CST 2012" />
          <Test name="testReplaceWholeTextMiddleWithNull" result="pass" starttime="Fri Sep 21 16:22:31 CST 2012" endtime="Fri Sep 21 16:22:31 CST 2012" />
          <Test name="testReplaceWholeTextOnly" result="pass" starttime="Fri Sep 21 16:22:32 CST 2012" endtime="Fri Sep 21 16:22:32 CST 2012" />
          <Test name="testReplaceWholeTextOnlyWithEmptyString" result="pass" starttime="Fri Sep 21 16:22:32 CST 2012" endtime="Fri Sep 21 16:22:32 CST 2012" />
          <Test name="testReplacingWithADocumentFragmentInsertsItsChildren" result="pass" starttime="Fri Sep 21 16:22:33 CST 2012" endtime="Fri Sep 21 16:22:33 CST 2012" />
          <Test name="testSingleQuotedPublicIdAndSystemId" result="pass" starttime="Fri Sep 21 16:22:34 CST 2012" endtime="Fri Sep 21 16:22:34 CST 2012" />
          <Test name="testSystemIdOnly" result="pass" starttime="Fri Sep 21 16:22:34 CST 2012" endtime="Fri Sep 21 16:22:34 CST 2012" />
          <Test name="testTextSetTextContent" result="pass" starttime="Fri Sep 21 16:22:35 CST 2012" endtime="Fri Sep 21 16:22:35 CST 2012" />
          <Test name="testUserDataAttachments" result="pass" starttime="Fri Sep 21 16:22:36 CST 2012" endtime="Fri Sep 21 16:22:36 CST 2012" />
          <Test name="testUserDataHandlerNotifiedOfDeepClones" result="pass" starttime="Fri Sep 21 16:22:36 CST 2012" endtime="Fri Sep 21 16:22:36 CST 2012" />
          <Test name="testUserDataHandlerNotifiedOfDeepImports" result="pass" starttime="Fri Sep 21 16:22:37 CST 2012" endtime="Fri Sep 21 16:22:37 CST 2012" />
          <Test name="testUserDataHandlerNotifiedOfOnlyShallowAdoptions" result="pass" starttime="Fri Sep 21 16:22:38 CST 2012" endtime="Fri Sep 21 16:22:38 CST 2012" />
          <Test name="testUserDataHandlerNotifiedOfRenames" result="pass" starttime="Fri Sep 21 16:22:39 CST 2012" endtime="Fri Sep 21 16:22:39 CST 2012" />
          <Test name="testUserDataHandlerNotifiedOfShallowClones" result="pass" starttime="Fri Sep 21 16:22:39 CST 2012" endtime="Fri Sep 21 16:22:39 CST 2012" />
          <Test name="testUserDataHandlerNotifiedOfShallowImports" result="pass" starttime="Fri Sep 21 16:22:40 CST 2012" endtime="Fri Sep 21 16:22:40 CST 2012" />
          <Test name="testUserDataRejectsNullKey" result="pass" starttime="Fri Sep 21 16:22:41 CST 2012" endtime="Fri Sep 21 16:22:41 CST 2012" />
          <Test name="testValueOfNewAttributesIsEmptyString" result="pass" starttime="Fri Sep 21 16:22:41 CST 2012" endtime="Fri Sep 21 16:22:41 CST 2012" />
          <Test name="testXmlFeature" result="pass" starttime="Fri Sep 21 16:22:42 CST 2012" endtime="Fri Sep 21 16:22:42 CST 2012" />
          <Test name="testXmlVersionFeature" result="pass" starttime="Fri Sep 21 16:22:43 CST 2012" endtime="Fri Sep 21 16:22:43 CST 2012" />
        </TestCase>
        <TestCase name="ExpatSaxParserTest" priority="">
          <Test name="testCdata" result="pass" starttime="Fri Sep 21 16:22:43 CST 2012" endtime="Fri Sep 21 16:22:44 CST 2012" />
          <Test name="testDtdDoctype" result="pass" starttime="Fri Sep 21 16:22:44 CST 2012" endtime="Fri Sep 21 16:22:44 CST 2012" />
          <Test name="testDtdNotation_public" result="pass" starttime="Fri Sep 21 16:22:45 CST 2012" endtime="Fri Sep 21 16:22:45 CST 2012" />
          <Test name="testDtdNotation_system" result="pass" starttime="Fri Sep 21 16:22:46 CST 2012" endtime="Fri Sep 21 16:22:46 CST 2012" />
          <Test name="testDtdUnparsedEntity_public" result="pass" starttime="Fri Sep 21 16:22:46 CST 2012" endtime="Fri Sep 21 16:22:47 CST 2012" />
          <Test name="testDtdUnparsedEntity_system" result="pass" starttime="Fri Sep 21 16:22:47 CST 2012" endtime="Fri Sep 21 16:22:47 CST 2012" />
          <Test name="testExceptions" result="pass" starttime="Fri Sep 21 16:22:48 CST 2012" endtime="Fri Sep 21 16:22:48 CST 2012" />
          <Test name="testExternalEntity" result="pass" starttime="Fri Sep 21 16:22:48 CST 2012" endtime="Fri Sep 21 16:22:49 CST 2012" />
          <Test name="testExternalEntityDownload" result="pass" starttime="Fri Sep 21 16:22:49 CST 2012" endtime="Fri Sep 21 16:22:49 CST 2012" />
          <Test name="testNamespaces" result="pass" starttime="Fri Sep 21 16:22:50 CST 2012" endtime="Fri Sep 21 16:22:50 CST 2012" />
          <Test name="testProcessingInstructions" result="pass" starttime="Fri Sep 21 16:22:51 CST 2012" endtime="Fri Sep 21 16:22:51 CST 2012" />
          <Test name="testSax" result="pass" starttime="Fri Sep 21 16:22:51 CST 2012" endtime="Fri Sep 21 16:22:51 CST 2012" />
        </TestCase>
        <TestCase name="KxmlPullParserDtdTest" priority="">
          <Test name="testAttributeDefaultValueEntitiesExpanded" result="pass" starttime="Fri Sep 21 16:22:52 CST 2012" endtime="Fri Sep 21 16:22:52 CST 2012" />
          <Test name="testAttributeDefaultValues" result="pass" starttime="Fri Sep 21 16:22:53 CST 2012" endtime="Fri Sep 21 16:22:53 CST 2012" />
          <Test name="testAttributeDefaultValuesAndNamespaces" result="pass" starttime="Fri Sep 21 16:22:53 CST 2012" endtime="Fri Sep 21 16:22:54 CST 2012" />
          <Test name="testAttributeEntitiesExpandedEagerly" result="pass" starttime="Fri Sep 21 16:22:54 CST 2012" endtime="Fri Sep 21 16:22:54 CST 2012" />
          <Test name="testAttributeOfTypeEntity" result="pass" starttime="Fri Sep 21 16:22:55 CST 2012" endtime="Fri Sep 21 16:22:55 CST 2012" />
          <Test name="testCommentsInDoctype" result="pass" starttime="Fri Sep 21 16:22:56 CST 2012" endtime="Fri Sep 21 16:22:56 CST 2012" />
          <Test name="testDeclaringParameterEntities" result="pass" starttime="Fri Sep 21 16:22:56 CST 2012" endtime="Fri Sep 21 16:22:56 CST 2012" />
          <Test name="testDoctypeNameOnly" result="pass" starttime="Fri Sep 21 16:22:57 CST 2012" endtime="Fri Sep 21 16:22:57 CST 2012" />
          <Test name="testDoctypeSpansBuffers" result="pass" starttime="Fri Sep 21 16:22:58 CST 2012" endtime="Fri Sep 21 16:22:58 CST 2012" />
          <Test name="testDtdDoesNotInformIgnorableWhitespace" result="pass" starttime="Fri Sep 21 16:22:58 CST 2012" endtime="Fri Sep 21 16:22:58 CST 2012" />
          <Test name="testEmptyDoesNotInformIgnorableWhitespace" result="pass" starttime="Fri Sep 21 16:22:59 CST 2012" endtime="Fri Sep 21 16:22:59 CST 2012" />
          <Test name="testExpansionOfEntityAndCharacterReferences" result="pass" starttime="Fri Sep 21 16:23:00 CST 2012" endtime="Fri Sep 21 16:23:00 CST 2012" />
          <Test name="testExternalAndInternalDtd" result="pass" starttime="Fri Sep 21 16:23:01 CST 2012" endtime="Fri Sep 21 16:23:01 CST 2012" />
          <Test name="testExternalDtdAndMissingEntity" result="pass" starttime="Fri Sep 21 16:23:01 CST 2012" endtime="Fri Sep 21 16:23:01 CST 2012" />
          <Test name="testExternalDtdIsSilentlyIgnored" result="pass" starttime="Fri Sep 21 16:23:02 CST 2012" endtime="Fri Sep 21 16:23:02 CST 2012" />
          <Test name="testExternalIdIsCaseSensitive" result="pass" starttime="Fri Sep 21 16:23:03 CST 2012" endtime="Fri Sep 21 16:23:03 CST 2012" />
          <Test name="testFixedAttributesWithConflictingValues" result="pass" starttime="Fri Sep 21 16:23:03 CST 2012" endtime="Fri Sep 21 16:23:04 CST 2012" />
          <Test name="testFoolishlyRecursiveInternalEntities" result="pass" starttime="Fri Sep 21 16:23:04 CST 2012" endtime="Fri Sep 21 16:23:04 CST 2012" />
          <Test name="testGeneralAndParameterEntityWithTheSameName" result="pass" starttime="Fri Sep 21 16:23:05 CST 2012" endtime="Fri Sep 21 16:23:05 CST 2012" />
          <Test name="testGeneralEntitiesAreStoredUnresolved" result="pass" starttime="Fri Sep 21 16:23:06 CST 2012" endtime="Fri Sep 21 16:23:06 CST 2012" />
          <Test name="testInternalEntities" result="pass" starttime="Fri Sep 21 16:23:06 CST 2012" endtime="Fri Sep 21 16:23:06 CST 2012" />
          <Test name="testInternalEntitiesAreParsed" result="pass" starttime="Fri Sep 21 16:23:07 CST 2012" endtime="Fri Sep 21 16:23:07 CST 2012" />
          <Test name="testManuallyRegisteredEntitiesWithDoctypeParsing" result="pass" starttime="Fri Sep 21 16:23:08 CST 2012" endtime="Fri Sep 21 16:23:08 CST 2012" />
          <Test name="testParsingNotations" result="pass" starttime="Fri Sep 21 16:23:09 CST 2012" endtime="Fri Sep 21 16:23:09 CST 2012" />
          <Test name="testRequiredAttributesOmitted" result="pass" starttime="Fri Sep 21 16:23:09 CST 2012" endtime="Fri Sep 21 16:23:09 CST 2012" />
          <Test name="testStructuredEntityAndNextToken" result="pass" starttime="Fri Sep 21 16:23:10 CST 2012" endtime="Fri Sep 21 16:23:10 CST 2012" />
          <Test name="testTagStructureNotValidated" result="pass" starttime="Fri Sep 21 16:23:11 CST 2012" endtime="Fri Sep 21 16:23:11 CST 2012" />
          <Test name="testUsingExternalEntities" result="pass" starttime="Fri Sep 21 16:23:11 CST 2012" endtime="Fri Sep 21 16:23:11 CST 2012" />
          <Test name="testUsingParameterEntitiesInDtds" result="pass" starttime="Fri Sep 21 16:23:12 CST 2012" endtime="Fri Sep 21 16:23:12 CST 2012" />
          <Test name="testUsingParameterInDocuments" result="pass" starttime="Fri Sep 21 16:23:13 CST 2012" endtime="Fri Sep 21 16:23:13 CST 2012" />
          <Test name="testVeryLongEntities" result="pass" starttime="Fri Sep 21 16:23:13 CST 2012" endtime="Fri Sep 21 16:23:14 CST 2012" />
        </TestCase>
        <TestCase name="KxmlPullParserTest" priority="">
          <Test name="testAttributeNoValueWithRelaxed" result="pass" starttime="Fri Sep 21 16:23:14 CST 2012" endtime="Fri Sep 21 16:23:14 CST 2012" />
          <Test name="testAttributeUnquotedValueWithRelaxed" result="pass" starttime="Fri Sep 21 16:23:15 CST 2012" endtime="Fri Sep 21 16:23:15 CST 2012" />
          <Test name="testBomAndByteInput" result="pass" starttime="Fri Sep 21 16:23:16 CST 2012" endtime="Fri Sep 21 16:23:16 CST 2012" />
          <Test name="testBomAndByteInputWithExplicitCharset" result="pass" starttime="Fri Sep 21 16:23:16 CST 2012" endtime="Fri Sep 21 16:23:16 CST 2012" />
          <Test name="testBomAndCharacterInput" result="pass" starttime="Fri Sep 21 16:23:17 CST 2012" endtime="Fri Sep 21 16:23:17 CST 2012" />
          <Test name="testCarriageReturnLineFeed" result="pass" starttime="Fri Sep 21 16:23:18 CST 2012" endtime="Fri Sep 21 16:23:18 CST 2012" />
          <Test name="testCdataDelimiterInAttribute" result="pass" starttime="Fri Sep 21 16:23:18 CST 2012" endtime="Fri Sep 21 16:23:19 CST 2012" />
          <Test name="testCdataDelimiterInText" result="pass" starttime="Fri Sep 21 16:23:19 CST 2012" endtime="Fri Sep 21 16:23:19 CST 2012" />
          <Test name="testCdataUsingNext" result="pass" starttime="Fri Sep 21 16:23:20 CST 2012" endtime="Fri Sep 21 16:23:20 CST 2012" />
          <Test name="testCdataUsingNextToken" result="pass" starttime="Fri Sep 21 16:23:20 CST 2012" endtime="Fri Sep 21 16:23:21 CST 2012" />
          <Test name="testCharacterReferenceOfDecimalUtf16Surrogates" result="pass" starttime="Fri Sep 21 16:23:21 CST 2012" endtime="Fri Sep 21 16:23:21 CST 2012" />
          <Test name="testCharacterReferenceOfHexUtf16Surrogates" result="pass" starttime="Fri Sep 21 16:23:22 CST 2012" endtime="Fri Sep 21 16:23:22 CST 2012" />
          <Test name="testCharacterReferenceOfLastUtf16Surrogate" result="pass" starttime="Fri Sep 21 16:23:23 CST 2012" endtime="Fri Sep 21 16:23:23 CST 2012" />
          <Test name="testCommentUsingNext" result="pass" starttime="Fri Sep 21 16:23:23 CST 2012" endtime="Fri Sep 21 16:23:23 CST 2012" />
          <Test name="testCommentUsingNextToken" result="pass" starttime="Fri Sep 21 16:23:24 CST 2012" endtime="Fri Sep 21 16:23:24 CST 2012" />
          <Test name="testCustomEntitiesAreNotEvaluated" result="pass" starttime="Fri Sep 21 16:23:25 CST 2012" endtime="Fri Sep 21 16:23:25 CST 2012" />
          <Test name="testCustomEntitiesUsingNext" result="pass" starttime="Fri Sep 21 16:23:26 CST 2012" endtime="Fri Sep 21 16:23:26 CST 2012" />
          <Test name="testCustomEntitiesUsingNextToken" result="pass" starttime="Fri Sep 21 16:23:26 CST 2012" endtime="Fri Sep 21 16:23:26 CST 2012" />
          <Test name="testEmptyCdataUsingNext" result="pass" starttime="Fri Sep 21 16:23:27 CST 2012" endtime="Fri Sep 21 16:23:27 CST 2012" />
          <Test name="testEmptyCdataUsingNextToken" result="pass" starttime="Fri Sep 21 16:23:28 CST 2012" endtime="Fri Sep 21 16:23:28 CST 2012" />
          <Test name="testEmptyComment" result="pass" starttime="Fri Sep 21 16:23:28 CST 2012" endtime="Fri Sep 21 16:23:29 CST 2012" />
          <Test name="testEmptyEntityReferenceUsingNext" result="pass" starttime="Fri Sep 21 16:23:29 CST 2012" endtime="Fri Sep 21 16:23:29 CST 2012" />
          <Test name="testEmptyEntityReferenceUsingNextToken" result="pass" starttime="Fri Sep 21 16:23:30 CST 2012" endtime="Fri Sep 21 16:23:30 CST 2012" />
          <Test name="testEntitiesAndNamespaces" result="pass" starttime="Fri Sep 21 16:23:31 CST 2012" endtime="Fri Sep 21 16:23:31 CST 2012" />
          <Test name="testEntitiesAndNamespacesWithRelaxed" result="pass" starttime="Fri Sep 21 16:23:31 CST 2012" endtime="Fri Sep 21 16:23:31 CST 2012" />
          <Test name="testEntityInAttributeUsingNextToken" result="pass" starttime="Fri Sep 21 16:23:32 CST 2012" endtime="Fri Sep 21 16:23:32 CST 2012" />
          <Test name="testEntityLooksLikeCdataClose" result="pass" starttime="Fri Sep 21 16:23:33 CST 2012" endtime="Fri Sep 21 16:23:33 CST 2012" />
          <Test name="testGreaterThanInAttribute" result="pass" starttime="Fri Sep 21 16:23:33 CST 2012" endtime="Fri Sep 21 16:23:34 CST 2012" />
          <Test name="testGreaterThanInText" result="pass" starttime="Fri Sep 21 16:23:34 CST 2012" endtime="Fri Sep 21 16:23:34 CST 2012" />
          <Test name="testLessThanInAttribute" result="pass" starttime="Fri Sep 21 16:23:35 CST 2012" endtime="Fri Sep 21 16:23:35 CST 2012" />
          <Test name="testLessThanInText" result="pass" starttime="Fri Sep 21 16:23:36 CST 2012" endtime="Fri Sep 21 16:23:36 CST 2012" />
          <Test name="testLinesAndColumns" result="pass" starttime="Fri Sep 21 16:23:36 CST 2012" endtime="Fri Sep 21 16:23:36 CST 2012" />
          <Test name="testLoneCarriageReturn" result="pass" starttime="Fri Sep 21 16:23:37 CST 2012" endtime="Fri Sep 21 16:23:37 CST 2012" />
          <Test name="testLoneNewLine" result="pass" starttime="Fri Sep 21 16:23:38 CST 2012" endtime="Fri Sep 21 16:23:38 CST 2012" />
          <Test name="testManyCloseBraces" result="pass" starttime="Fri Sep 21 16:23:38 CST 2012" endtime="Fri Sep 21 16:23:38 CST 2012" />
          <Test name="testMissingEntities" result="pass" starttime="Fri Sep 21 16:23:39 CST 2012" endtime="Fri Sep 21 16:23:39 CST 2012" />
          <Test name="testMissingEntitiesInAttributesUsingNext" result="pass" starttime="Fri Sep 21 16:23:40 CST 2012" endtime="Fri Sep 21 16:23:40 CST 2012" />
          <Test name="testMissingEntitiesInAttributesUsingNextToken" result="pass" starttime="Fri Sep 21 16:23:41 CST 2012" endtime="Fri Sep 21 16:23:41 CST 2012" />
          <Test name="testMissingEntitiesInAttributesUsingNextTokenWithRelaxed" result="pass" starttime="Fri Sep 21 16:23:41 CST 2012" endtime="Fri Sep 21 16:23:41 CST 2012" />
          <Test name="testMissingEntitiesInAttributesUsingNextWithRelaxed" result="pass" starttime="Fri Sep 21 16:23:42 CST 2012" endtime="Fri Sep 21 16:23:42 CST 2012" />
          <Test name="testMissingEntitiesUsingNextToken" result="pass" starttime="Fri Sep 21 16:23:43 CST 2012" endtime="Fri Sep 21 16:23:43 CST 2012" />
          <Test name="testMissingEntitiesUsingNextTokenWithRelaxed" result="pass" starttime="Fri Sep 21 16:23:43 CST 2012" endtime="Fri Sep 21 16:23:43 CST 2012" />
          <Test name="testMissingEntitiesWithRelaxed" result="pass" starttime="Fri Sep 21 16:23:44 CST 2012" endtime="Fri Sep 21 16:23:44 CST 2012" />
          <Test name="testNamespaces" result="pass" starttime="Fri Sep 21 16:23:45 CST 2012" endtime="Fri Sep 21 16:23:45 CST 2012" />
          <Test name="testNextAfterEndDocument" result="pass" starttime="Fri Sep 21 16:23:45 CST 2012" endtime="Fri Sep 21 16:23:46 CST 2012" />
          <Test name="testNextTag" result="pass" starttime="Fri Sep 21 16:23:46 CST 2012" endtime="Fri Sep 21 16:23:46 CST 2012" />
          <Test name="testNextTextAdvancesToEndTag" result="pass" starttime="Fri Sep 21 16:23:47 CST 2012" endtime="Fri Sep 21 16:23:47 CST 2012" />
          <Test name="testNumericEntitiesLargerThanChar" result="pass" starttime="Fri Sep 21 16:23:48 CST 2012" endtime="Fri Sep 21 16:23:48 CST 2012" />
          <Test name="testNumericEntitiesLargerThanInt" result="pass" starttime="Fri Sep 21 16:23:48 CST 2012" endtime="Fri Sep 21 16:23:48 CST 2012" />
          <Test name="testOmittedNumericEntities" result="pass" starttime="Fri Sep 21 16:23:49 CST 2012" endtime="Fri Sep 21 16:23:49 CST 2012" />
          <Test name="testParseInputStream" result="pass" starttime="Fri Sep 21 16:23:50 CST 2012" endtime="Fri Sep 21 16:23:50 CST 2012" />
          <Test name="testParseReader" result="pass" starttime="Fri Sep 21 16:23:50 CST 2012" endtime="Fri Sep 21 16:23:51 CST 2012" />
          <Test name="testProcessingInstructionUsingNext" result="pass" starttime="Fri Sep 21 16:23:51 CST 2012" endtime="Fri Sep 21 16:23:51 CST 2012" />
          <Test name="testProcessingInstructionUsingNextToken" result="pass" starttime="Fri Sep 21 16:23:52 CST 2012" endtime="Fri Sep 21 16:23:52 CST 2012" />
          <Test name="testQuotesInAttribute" result="pass" starttime="Fri Sep 21 16:23:53 CST 2012" endtime="Fri Sep 21 16:23:53 CST 2012" />
          <Test name="testQuotesInText" result="pass" starttime="Fri Sep 21 16:23:53 CST 2012" endtime="Fri Sep 21 16:23:53 CST 2012" />
          <Test name="testRegularNumericEntities" result="pass" starttime="Fri Sep 21 16:23:54 CST 2012" endtime="Fri Sep 21 16:23:54 CST 2012" />
          <Test name="testTextAfterDocumentElement" result="pass" starttime="Fri Sep 21 16:23:55 CST 2012" endtime="Fri Sep 21 16:23:55 CST 2012" />
          <Test name="testTextBeforeDocumentElement" result="pass" starttime="Fri Sep 21 16:23:55 CST 2012" endtime="Fri Sep 21 16:23:56 CST 2012" />
          <Test name="testTextNoDocumentElement" result="pass" starttime="Fri Sep 21 16:23:56 CST 2012" endtime="Fri Sep 21 16:23:56 CST 2012" />
          <Test name="testThreeDashCommentDelimiter" result="pass" starttime="Fri Sep 21 16:23:57 CST 2012" endtime="Fri Sep 21 16:23:57 CST 2012" />
          <Test name="testTwoDashesInComment" result="pass" starttime="Fri Sep 21 16:23:58 CST 2012" endtime="Fri Sep 21 16:23:58 CST 2012" />
          <Test name="testUnexpectedEof" result="pass" starttime="Fri Sep 21 16:23:58 CST 2012" endtime="Fri Sep 21 16:23:58 CST 2012" />
          <Test name="testUnexpectedSequence" result="pass" starttime="Fri Sep 21 16:23:59 CST 2012" endtime="Fri Sep 21 16:23:59 CST 2012" />
          <Test name="testUnterminatedEntityWithRelaxed" result="pass" starttime="Fri Sep 21 16:24:00 CST 2012" endtime="Fri Sep 21 16:24:00 CST 2012" />
          <Test name="testWhitespaceUsingNextToken" result="pass" starttime="Fri Sep 21 16:24:00 CST 2012" endtime="Fri Sep 21 16:24:00 CST 2012" />
          <Test name="testXmlDeclaration" result="pass" starttime="Fri Sep 21 16:24:01 CST 2012" endtime="Fri Sep 21 16:24:01 CST 2012" />
          <Test name="testXmlDeclarationExtraAttributes" result="pass" starttime="Fri Sep 21 16:24:02 CST 2012" endtime="Fri Sep 21 16:24:02 CST 2012" />
        </TestCase>
        <TestCase name="NamespacedAttributesLookupTest" priority="">
          <Test name="testNamespace" result="pass" starttime="Fri Sep 21 16:24:03 CST 2012" endtime="Fri Sep 21 16:24:03 CST 2012" />
          <Test name="testNamespacePrefixes" result="pass" starttime="Fri Sep 21 16:24:03 CST 2012" endtime="Fri Sep 21 16:24:03 CST 2012" />
        </TestCase>
        <TestCase name="NodeTest" priority="">
          <Test name="testGetBaseUri" result="pass" starttime="Fri Sep 21 16:24:04 CST 2012" endtime="Fri Sep 21 16:24:04 CST 2012" />
          <Test name="test_getNextSibling" result="pass" starttime="Fri Sep 21 16:24:05 CST 2012" endtime="Fri Sep 21 16:24:05 CST 2012" />
        </TestCase>
        <TestCase name="NormalizeTest" priority="">
          <Test name="testCanonicalForm" result="pass" starttime="Fri Sep 21 16:24:06 CST 2012" endtime="Fri Sep 21 16:24:06 CST 2012" />
          <Test name="testCdataSections" result="pass" starttime="Fri Sep 21 16:24:06 CST 2012" endtime="Fri Sep 21 16:24:06 CST 2012" />
          <Test name="testCdataSectionsHonoredByDocumentNormalize" result="pass" starttime="Fri Sep 21 16:24:07 CST 2012" endtime="Fri Sep 21 16:24:07 CST 2012" />
          <Test name="testCdataSectionsNotHonoredByNodeNormalize" result="pass" starttime="Fri Sep 21 16:24:08 CST 2012" endtime="Fri Sep 21 16:24:08 CST 2012" />
          <Test name="testCheckCharacterNormalization" result="pass" starttime="Fri Sep 21 16:24:08 CST 2012" endtime="Fri Sep 21 16:24:08 CST 2012" />
          <Test name="testCommentContainingDoubleDash" result="pass" starttime="Fri Sep 21 16:24:09 CST 2012" endtime="Fri Sep 21 16:24:09 CST 2012" />
          <Test name="testComments" result="pass" starttime="Fri Sep 21 16:24:10 CST 2012" endtime="Fri Sep 21 16:24:10 CST 2012" />
          <Test name="testDatatypeNormalization" result="pass" starttime="Fri Sep 21 16:24:10 CST 2012" endtime="Fri Sep 21 16:24:10 CST 2012" />
          <Test name="testElementContentWhitespace" result="pass" starttime="Fri Sep 21 16:24:11 CST 2012" endtime="Fri Sep 21 16:24:11 CST 2012" />
          <Test name="testEntities" result="pass" starttime="Fri Sep 21 16:24:12 CST 2012" endtime="Fri Sep 21 16:24:12 CST 2012" />
          <Test name="testErrorHandler" result="pass" starttime="Fri Sep 21 16:24:13 CST 2012" endtime="Fri Sep 21 16:24:13 CST 2012" />
          <Test name="testInfoset" result="pass" starttime="Fri Sep 21 16:24:13 CST 2012" endtime="Fri Sep 21 16:24:13 CST 2012" />
          <Test name="testInvalidCharactersAttribute" result="pass" starttime="Fri Sep 21 16:24:14 CST 2012" endtime="Fri Sep 21 16:24:15 CST 2012" />
          <Test name="testInvalidCharactersCdata" result="pass" starttime="Fri Sep 21 16:24:16 CST 2012" endtime="Fri Sep 21 16:24:17 CST 2012" />
          <Test name="testInvalidCharactersComment" result="pass" starttime="Fri Sep 21 16:24:18 CST 2012" endtime="Fri Sep 21 16:24:20 CST 2012" />
          <Test name="testInvalidCharactersProcessingInstructionData" result="pass" starttime="Fri Sep 21 16:24:20 CST 2012" endtime="Fri Sep 21 16:24:21 CST 2012" />
          <Test name="testInvalidCharactersText" result="pass" starttime="Fri Sep 21 16:24:22 CST 2012" endtime="Fri Sep 21 16:24:24 CST 2012" />
          <Test name="testMergeAdjacentEmptyTextNodes" result="pass" starttime="Fri Sep 21 16:24:24 CST 2012" endtime="Fri Sep 21 16:24:24 CST 2012" />
          <Test name="testMergeAdjacentNodesEliminatesEmptyTexts" result="pass" starttime="Fri Sep 21 16:24:25 CST 2012" endtime="Fri Sep 21 16:24:25 CST 2012" />
          <Test name="testMergeAdjacentNodesWithNonTextSiblings" result="pass" starttime="Fri Sep 21 16:24:26 CST 2012" endtime="Fri Sep 21 16:24:26 CST 2012" />
          <Test name="testMergeAdjacentTextNodes" result="pass" starttime="Fri Sep 21 16:24:26 CST 2012" endtime="Fri Sep 21 16:24:26 CST 2012" />
          <Test name="testMissingParameter" result="pass" starttime="Fri Sep 21 16:24:27 CST 2012" endtime="Fri Sep 21 16:24:27 CST 2012" />
          <Test name="testNamespaceDeclarations" result="pass" starttime="Fri Sep 21 16:24:28 CST 2012" endtime="Fri Sep 21 16:24:28 CST 2012" />
          <Test name="testNamespaces" result="pass" starttime="Fri Sep 21 16:24:28 CST 2012" endtime="Fri Sep 21 16:24:28 CST 2012" />
          <Test name="testNormalizeCharacters" result="pass" starttime="Fri Sep 21 16:24:29 CST 2012" endtime="Fri Sep 21 16:24:29 CST 2012" />
          <Test name="testNullKey" result="pass" starttime="Fri Sep 21 16:24:30 CST 2012" endtime="Fri Sep 21 16:24:30 CST 2012" />
          <Test name="testNullValue" result="pass" starttime="Fri Sep 21 16:24:31 CST 2012" endtime="Fri Sep 21 16:24:31 CST 2012" />
          <Test name="testRetainingComments" result="pass" starttime="Fri Sep 21 16:24:31 CST 2012" endtime="Fri Sep 21 16:24:31 CST 2012" />
          <Test name="testSchemaLocation" result="pass" starttime="Fri Sep 21 16:24:32 CST 2012" endtime="Fri Sep 21 16:24:32 CST 2012" />
          <Test name="testSchemaTypeXmlSchema" result="pass" starttime="Fri Sep 21 16:24:33 CST 2012" endtime="Fri Sep 21 16:24:33 CST 2012" />
          <Test name="testSettingImpliedUpdatesInfoset" result="pass" starttime="Fri Sep 21 16:24:33 CST 2012" endtime="Fri Sep 21 16:24:33 CST 2012" />
          <Test name="testSettingInfosetUpdatesImplied" result="pass" starttime="Fri Sep 21 16:24:34 CST 2012" endtime="Fri Sep 21 16:24:34 CST 2012" />
          <Test name="testSplitCdataSections" result="pass" starttime="Fri Sep 21 16:24:35 CST 2012" endtime="Fri Sep 21 16:24:35 CST 2012" />
          <Test name="testSplittingCdataSectionsReportError" result="pass" starttime="Fri Sep 21 16:24:35 CST 2012" endtime="Fri Sep 21 16:24:36 CST 2012" />
          <Test name="testSplittingCdataSectionsSplit" result="pass" starttime="Fri Sep 21 16:24:36 CST 2012" endtime="Fri Sep 21 16:24:36 CST 2012" />
          <Test name="testStrippingComments" result="pass" starttime="Fri Sep 21 16:24:37 CST 2012" endtime="Fri Sep 21 16:24:37 CST 2012" />
          <Test name="testTypeMismatch" result="pass" starttime="Fri Sep 21 16:24:38 CST 2012" endtime="Fri Sep 21 16:24:38 CST 2012" />
          <Test name="testValidate" result="pass" starttime="Fri Sep 21 16:24:38 CST 2012" endtime="Fri Sep 21 16:24:38 CST 2012" />
          <Test name="testValidateIfSchema" result="pass" starttime="Fri Sep 21 16:24:39 CST 2012" endtime="Fri Sep 21 16:24:39 CST 2012" />
          <Test name="testWellFormed" result="pass" starttime="Fri Sep 21 16:24:40 CST 2012" endtime="Fri Sep 21 16:24:40 CST 2012" />
        </TestCase>
        <TestCase name="SaxTest" priority="">
          <Test name="testDisableExternalGeneralEntities" result="pass" starttime="Fri Sep 21 16:24:40 CST 2012" endtime="Fri Sep 21 16:24:41 CST 2012" />
          <Test name="testDisableExternalParameterEntities" result="pass" starttime="Fri Sep 21 16:24:41 CST 2012" endtime="Fri Sep 21 16:24:41 CST 2012" />
          <Test name="testNoPrefixesNoNamespaces" result="pass" starttime="Fri Sep 21 16:24:42 CST 2012" endtime="Fri Sep 21 16:24:42 CST 2012" />
          <Test name="testNoPrefixesYesNamespaces" result="pass" starttime="Fri Sep 21 16:24:43 CST 2012" endtime="Fri Sep 21 16:24:43 CST 2012" />
          <Test name="testYesPrefixesNoNamespaces" result="pass" starttime="Fri Sep 21 16:24:43 CST 2012" endtime="Fri Sep 21 16:24:43 CST 2012" />
        </TestCase>
        <TestCase name="SimpleBuilderTest" priority="">
          <Test name="testGoodFile1" result="pass" starttime="Fri Sep 21 16:24:44 CST 2012" endtime="Fri Sep 21 16:24:44 CST 2012" />
          <Test name="testGoodFile2" result="pass" starttime="Fri Sep 21 16:24:45 CST 2012" endtime="Fri Sep 21 16:24:45 CST 2012" />
        </TestCase>
        <TestCase name="SimpleParserTest" priority="">
          <Test name="testEntityResolver" result="pass" starttime="Fri Sep 21 16:24:45 CST 2012" endtime="Fri Sep 21 16:24:46 CST 2012" />
          <Test name="testGetValue" result="pass" starttime="Fri Sep 21 16:24:46 CST 2012" endtime="Fri Sep 21 16:24:46 CST 2012" />
          <Test name="testWorkingFile1" result="pass" starttime="Fri Sep 21 16:24:47 CST 2012" endtime="Fri Sep 21 16:24:47 CST 2012" />
          <Test name="testWorkingFile2" result="pass" starttime="Fri Sep 21 16:24:48 CST 2012" endtime="Fri Sep 21 16:24:48 CST 2012" />
        </TestCase>
      </TestSuite>
    </TestSuite>
  </TestPackage>
  <TestPackage name="android.core.tests.libcore.package.org" appPackageName="android.core.tests.libcore.package.org" digest="0af02e3f6cbf42a688a961103735e14c82ed7e99">
    <TestSuite name="org">
      <TestSuite name="apache">
        <TestSuite name="harmony">
          <TestSuite name="annotation">
            <TestSuite name="tests">
              <TestSuite name="java">
                <TestSuite name="lang">
                  <TestSuite name="annotation">
                    <TestCase name="AnnotationFormatErrorTest" priority="">
                      <Test name="test_constructorLjava_lang_String" result="pass" starttime="Fri Sep 21 16:25:18 CST 2012" endtime="Fri Sep 21 16:25:18 CST 2012" />
                      <Test name="test_constructorLjava_lang_StringLjava_lang_Throwable" result="pass" starttime="Fri Sep 21 16:25:18 CST 2012" endtime="Fri Sep 21 16:25:18 CST 2012" />
                      <Test name="test_constructorLjava_lang_Throwable" result="pass" starttime="Fri Sep 21 16:25:18 CST 2012" endtime="Fri Sep 21 16:25:19 CST 2012" />
                    </TestCase>
                    <TestCase name="AnnotationTest" priority="">
                      <Test name="test_annotationType" result="pass" starttime="Fri Sep 21 16:25:19 CST 2012" endtime="Fri Sep 21 16:25:19 CST 2012" />
                      <Test name="test_equals" result="pass" starttime="Fri Sep 21 16:25:19 CST 2012" endtime="Fri Sep 21 16:25:19 CST 2012" />
                      <Test name="test_hashCode" result="pass" starttime="Fri Sep 21 16:25:19 CST 2012" endtime="Fri Sep 21 16:25:19 CST 2012" />
                    </TestCase>
                    <TestCase name="ElementTypeTest" priority="">
                      <Test name="test_valueOfLjava_lang_String" result="pass" starttime="Fri Sep 21 16:25:19 CST 2012" endtime="Fri Sep 21 16:25:19 CST 2012" />
                      <Test name="test_values" result="pass" starttime="Fri Sep 21 16:25:19 CST 2012" endtime="Fri Sep 21 16:25:19 CST 2012" />
                    </TestCase>
                    <TestCase name="IncompleteAnnotationExceptionTest" priority="">
                      <Test name="testNullType" result="pass" starttime="Fri Sep 21 16:25:19 CST 2012" endtime="Fri Sep 21 16:25:19 CST 2012" />
                      <Test name="test_constructorLjava_lang_Class_Ljava_lang_String" result="pass" starttime="Fri Sep 21 16:25:19 CST 2012" endtime="Fri Sep 21 16:25:19 CST 2012" />
                    </TestCase>
                    <TestCase name="RetentionPolicyTest" priority="">
                      <Test name="test_valueOfLjava_lang_String" result="pass" starttime="Fri Sep 21 16:25:19 CST 2012" endtime="Fri Sep 21 16:25:19 CST 2012" />
                      <Test name="test_values" result="pass" starttime="Fri Sep 21 16:25:19 CST 2012" endtime="Fri Sep 21 16:25:19 CST 2012" />
                    </TestCase>
                  </TestSuite>
                </TestSuite>
              </TestSuite>
            </TestSuite>
          </TestSuite>
          <TestSuite name="archive">
            <TestSuite name="tests">
              <TestSuite name="java">
                <TestSuite name="util">
                  <TestSuite name="jar">
                    <TestCase name="JarFileTest" priority="">
                      <Test name="testConstructor_file" result="pass" starttime="Fri Sep 21 16:25:20 CST 2012" endtime="Fri Sep 21 16:25:20 CST 2012" />
                      <Test name="testGetJarEntry" result="pass" starttime="Fri Sep 21 16:25:20 CST 2012" endtime="Fri Sep 21 16:25:20 CST 2012" />
                      <Test name="testJarVerificationEmptyEntry" result="pass" starttime="Fri Sep 21 16:25:20 CST 2012" endtime="Fri Sep 21 16:25:20 CST 2012" />
                      <Test name="testJarVerificationModifiedEntry" result="pass" starttime="Fri Sep 21 16:25:20 CST 2012" endtime="Fri Sep 21 16:25:20 CST 2012" />
                      <Test name="test_ConstructorLjava_io_File" result="pass" starttime="Fri Sep 21 16:25:20 CST 2012" endtime="Fri Sep 21 16:25:20 CST 2012" />
                      <Test name="test_ConstructorLjava_io_FileZ" result="pass" starttime="Fri Sep 21 16:25:20 CST 2012" endtime="Fri Sep 21 16:25:20 CST 2012" />
                      <Test name="test_ConstructorLjava_io_FileZI" result="pass" starttime="Fri Sep 21 16:25:20 CST 2012" endtime="Fri Sep 21 16:25:21 CST 2012" />
                      <Test name="test_ConstructorLjava_lang_String" result="pass" starttime="Fri Sep 21 16:25:21 CST 2012" endtime="Fri Sep 21 16:25:21 CST 2012" />
                      <Test name="test_ConstructorLjava_lang_StringZ" result="pass" starttime="Fri Sep 21 16:25:21 CST 2012" endtime="Fri Sep 21 16:25:21 CST 2012" />
                      <Test name="test_Inserted_Entry_Manifest_with_DigestCode" result="pass" starttime="Fri Sep 21 16:25:21 CST 2012" endtime="Fri Sep 21 16:25:21 CST 2012" />
                      <Test name="test_JarFile_InsertEntry_in_Manifest_Jar" result="pass" starttime="Fri Sep 21 16:25:21 CST 2012" endtime="Fri Sep 21 16:25:21 CST 2012" />
                      <Test name="test_JarFile_Integrate_Jar" result="pass" starttime="Fri Sep 21 16:25:21 CST 2012" endtime="Fri Sep 21 16:25:21 CST 2012" />
                      <Test name="test_JarFile_Modified_Class" result="pass" starttime="Fri Sep 21 16:25:21 CST 2012" endtime="Fri Sep 21 16:25:21 CST 2012" />
                      <Test name="test_JarFile_Modified_Manifest_EntryAttributes" result="pass" starttime="Fri Sep 21 16:25:21 CST 2012" endtime="Fri Sep 21 16:25:21 CST 2012" />
                      <Test name="test_JarFile_Modified_Manifest_MainAttributes" result="pass" starttime="Fri Sep 21 16:25:21 CST 2012" endtime="Fri Sep 21 16:25:21 CST 2012" />
                      <Test name="test_JarFile_Modified_SF_EntryAttributes" result="pass" starttime="Fri Sep 21 16:25:21 CST 2012" endtime="Fri Sep 21 16:25:21 CST 2012" />
                      <Test name="test_Jar_created_before_java_5" result="pass" starttime="Fri Sep 21 16:25:21 CST 2012" endtime="Fri Sep 21 16:25:22 CST 2012" />
                      <Test name="test_close" result="pass" starttime="Fri Sep 21 16:25:22 CST 2012" endtime="Fri Sep 21 16:25:22 CST 2012" />
                      <Test name="test_entries" result="pass" starttime="Fri Sep 21 16:25:22 CST 2012" endtime="Fri Sep 21 16:25:22 CST 2012" />
                      <Test name="test_entries2" result="pass" starttime="Fri Sep 21 16:25:22 CST 2012" endtime="Fri Sep 21 16:25:22 CST 2012" />
                      <Test name="test_getEntryLjava_lang_String" result="pass" starttime="Fri Sep 21 16:25:22 CST 2012" endtime="Fri Sep 21 16:25:22 CST 2012" />
                      <Test name="test_getInputStreamLjava_util_jar_JarEntry" result="pass" starttime="Fri Sep 21 16:25:22 CST 2012" endtime="Fri Sep 21 16:25:22 CST 2012" />
                      <Test name="test_getInputStreamLjava_util_jar_JarEntry_subtest0" result="pass" starttime="Fri Sep 21 16:25:22 CST 2012" endtime="Fri Sep 21 16:25:22 CST 2012" />
                      <Test name="test_getJarEntryLjava_lang_String" result="pass" starttime="Fri Sep 21 16:25:22 CST 2012" endtime="Fri Sep 21 16:25:22 CST 2012" />
                      <Test name="test_getManifest" result="pass" starttime="Fri Sep 21 16:25:22 CST 2012" endtime="Fri Sep 21 16:25:22 CST 2012" />
                    </TestCase>
                  </TestSuite>
                  <TestSuite name="zip">
                    <TestCase name="ZipFileTest" priority="">
                      <Test name="test_ConstructorLjava_io_File" result="pass" starttime="Fri Sep 21 16:25:22 CST 2012" endtime="Fri Sep 21 16:25:22 CST 2012" />
                      <Test name="test_ConstructorLjava_io_FileI" result="pass" starttime="Fri Sep 21 16:25:22 CST 2012" endtime="Fri Sep 21 16:25:23 CST 2012" />
                      <Test name="test_ConstructorLjava_lang_String" result="pass" starttime="Fri Sep 21 16:25:23 CST 2012" endtime="Fri Sep 21 16:25:23 CST 2012" />
                      <Test name="test_close" result="pass" starttime="Fri Sep 21 16:25:23 CST 2012" endtime="Fri Sep 21 16:25:23 CST 2012" />
                      <Test name="test_entries" result="pass" starttime="Fri Sep 21 16:25:23 CST 2012" endtime="Fri Sep 21 16:25:23 CST 2012" />
                      <Test name="test_finalize" result="pass" starttime="Fri Sep 21 16:25:23 CST 2012" endtime="Fri Sep 21 16:25:23 CST 2012" />
                      <Test name="test_getEntryLjava_lang_String" result="pass" starttime="Fri Sep 21 16:25:23 CST 2012" endtime="Fri Sep 21 16:25:23 CST 2012" />
                      <Test name="test_getEntryLjava_lang_String_AndroidOnly" result="pass" starttime="Fri Sep 21 16:25:23 CST 2012" endtime="Fri Sep 21 16:25:23 CST 2012" />
                      <Test name="test_getEntryLjava_lang_String_Ex" result="pass" starttime="Fri Sep 21 16:25:23 CST 2012" endtime="Fri Sep 21 16:25:23 CST 2012" />
                      <Test name="test_getInputStreamLjava_util_zip_ZipEntry" result="pass" starttime="Fri Sep 21 16:25:23 CST 2012" endtime="Fri Sep 21 16:25:24 CST 2012" />
                      <Test name="test_getName" result="pass" starttime="Fri Sep 21 16:25:24 CST 2012" endtime="Fri Sep 21 16:25:24 CST 2012" />
                      <Test name="test_reset" result="pass" starttime="Fri Sep 21 16:25:24 CST 2012" endtime="Fri Sep 21 16:25:24 CST 2012" />
                      <Test name="test_reset_subtest0" result="pass" starttime="Fri Sep 21 16:25:24 CST 2012" endtime="Fri Sep 21 16:25:24 CST 2012" />
                      <Test name="test_size" result="pass" starttime="Fri Sep 21 16:25:24 CST 2012" endtime="Fri Sep 21 16:25:24 CST 2012" />
                    </TestCase>
                  </TestSuite>
                </TestSuite>
              </TestSuite>
            </TestSuite>
          </TestSuite>
          <TestSuite name="crypto">
            <TestSuite name="tests">
              <TestSuite name="javax">
                <TestSuite name="crypto">
                  <TestSuite name="func">
                    <TestCase name="CipherAesTest" priority="">
                      <Test name="test_AesISO" result="pass" starttime="Fri Sep 21 16:25:52 CST 2012" endtime="Fri Sep 21 16:25:53 CST 2012" />
                      <Test name="test_AesNoISO" result="pass" starttime="Fri Sep 21 16:25:53 CST 2012" endtime="Fri Sep 21 16:25:53 CST 2012" />
                    </TestCase>
                    <TestCase name="CipherAesWrapTest" priority="">
                      <Test name="test_AesWrap" result="pass" starttime="Fri Sep 21 16:25:53 CST 2012" endtime="Fri Sep 21 16:25:53 CST 2012" />
                    </TestCase>
                    <TestCase name="CipherDESedeTest" priority="">
                      <Test name="test_DESedeISO" result="pass" starttime="Fri Sep 21 16:25:53 CST 2012" endtime="Fri Sep 21 16:25:53 CST 2012" />
                      <Test name="test_DESedeNoISO" result="pass" starttime="Fri Sep 21 16:25:53 CST 2012" endtime="Fri Sep 21 16:25:54 CST 2012" />
                    </TestCase>
                    <TestCase name="CipherDESedeWrapTest" priority="">
                      <Test name="test_DESedeWrap" result="pass" starttime="Fri Sep 21 16:25:54 CST 2012" endtime="Fri Sep 21 16:25:54 CST 2012" />
                    </TestCase>
                    <TestCase name="CipherDesTest" priority="">
                      <Test name="test_DesISO" result="pass" starttime="Fri Sep 21 16:25:54 CST 2012" endtime="Fri Sep 21 16:25:54 CST 2012" />
                      <Test name="test_DesNoISO" result="pass" starttime="Fri Sep 21 16:25:54 CST 2012" endtime="Fri Sep 21 16:25:54 CST 2012" />
                    </TestCase>
                    <TestCase name="CipherPBETest" priority="">
                      <Test name="test_PBEWithMD5AndDES" result="pass" starttime="Fri Sep 21 16:25:54 CST 2012" endtime="Fri Sep 21 16:25:54 CST 2012" />
                      <Test name="test_PBEWithSHAand3KeyTripleDES" result="pass" starttime="Fri Sep 21 16:25:54 CST 2012" endtime="Fri Sep 21 16:25:54 CST 2012" />
                    </TestCase>
                    <TestCase name="CipherRSATest" priority="">
                      <Test name="test_RSANoPadding" result="pass" starttime="Fri Sep 21 16:25:54 CST 2012" endtime="Fri Sep 21 16:25:54 CST 2012" />
                      <Test name="test_RSAShortKey" result="pass" starttime="Fri Sep 21 16:25:54 CST 2012" endtime="Fri Sep 21 16:25:55 CST 2012" />
                    </TestCase>
                    <TestCase name="KeyGeneratorFunctionalTest" priority="">
                      <Test name="test_" result="pass" starttime="Fri Sep 21 16:25:55 CST 2012" endtime="Fri Sep 21 16:25:55 CST 2012" />
                    </TestCase>
                    <TestCase name="MacFunctionalTest" priority="">
                      <Test name="test_Mac" result="pass" starttime="Fri Sep 21 16:25:55 CST 2012" endtime="Fri Sep 21 16:25:55 CST 2012" />
                    </TestCase>
                    <TestCase name="SecretKeyFactoryFunctionalTest" priority="">
                      <Test name="test_" result="pass" starttime="Fri Sep 21 16:25:55 CST 2012" endtime="Fri Sep 21 16:25:55 CST 2012" />
                    </TestCase>
                  </TestSuite>
                  <TestSuite name="interfaces">
                    <TestCase name="PBEKeyTest" priority="">
                      <Test name="testField" result="pass" starttime="Fri Sep 21 16:25:57 CST 2012" endtime="Fri Sep 21 16:25:57 CST 2012" />
                      <Test name="test_getIterationCount" result="pass" starttime="Fri Sep 21 16:25:57 CST 2012" endtime="Fri Sep 21 16:25:57 CST 2012" />
                      <Test name="test_getPassword" result="pass" starttime="Fri Sep 21 16:25:57 CST 2012" endtime="Fri Sep 21 16:25:57 CST 2012" />
                      <Test name="test_getSalt" result="pass" starttime="Fri Sep 21 16:25:57 CST 2012" endtime="Fri Sep 21 16:25:57 CST 2012" />
                    </TestCase>
                  </TestSuite>
                  <TestSuite name="serialization">
                    <TestCase name="BadPaddingExceptionTest" priority="">
                      <Test name="testGolden" result="pass" starttime="Fri Sep 21 16:25:57 CST 2012" endtime="Fri Sep 21 16:25:57 CST 2012" />
                      <Test name="testSelf" result="pass" starttime="Fri Sep 21 16:25:57 CST 2012" endtime="Fri Sep 21 16:25:58 CST 2012" />
                    </TestCase>
                    <TestCase name="ExemptionMechanismExceptionTest" priority="">
                      <Test name="testGolden" result="pass" starttime="Fri Sep 21 16:25:58 CST 2012" endtime="Fri Sep 21 16:25:58 CST 2012" />
                      <Test name="testSelf" result="pass" starttime="Fri Sep 21 16:25:58 CST 2012" endtime="Fri Sep 21 16:25:58 CST 2012" />
                    </TestCase>
                    <TestCase name="IllegalBlockSizeExceptionTest" priority="">
                      <Test name="testGolden" result="pass" starttime="Fri Sep 21 16:25:58 CST 2012" endtime="Fri Sep 21 16:25:58 CST 2012" />
                      <Test name="testSelf" result="pass" starttime="Fri Sep 21 16:25:58 CST 2012" endtime="Fri Sep 21 16:25:58 CST 2012" />
                    </TestCase>
                    <TestCase name="NoSuchPaddingExceptionTest" priority="">
                      <Test name="testGolden" result="pass" starttime="Fri Sep 21 16:25:58 CST 2012" endtime="Fri Sep 21 16:25:58 CST 2012" />
                      <Test name="testSelf" result="pass" starttime="Fri Sep 21 16:25:58 CST 2012" endtime="Fri Sep 21 16:25:58 CST 2012" />
                    </TestCase>
                    <TestCase name="ShortBufferExceptionTest" priority="">
                      <Test name="testGolden" result="pass" starttime="Fri Sep 21 16:25:58 CST 2012" endtime="Fri Sep 21 16:25:58 CST 2012" />
                      <Test name="testSelf" result="pass" starttime="Fri Sep 21 16:25:58 CST 2012" endtime="Fri Sep 21 16:25:58 CST 2012" />
                    </TestCase>
                  </TestSuite>
                  <TestSuite name="spec">
                    <TestCase name="DESKeySpecTest" priority="">
                      <Test name="testDESKeySpec" result="pass" starttime="Fri Sep 21 16:25:58 CST 2012" endtime="Fri Sep 21 16:25:59 CST 2012" />
                      <Test name="testGetKey" result="pass" starttime="Fri Sep 21 16:25:59 CST 2012" endtime="Fri Sep 21 16:25:59 CST 2012" />
                      <Test name="testIsParityAdjusted" result="pass" starttime="Fri Sep 21 16:25:59 CST 2012" endtime="Fri Sep 21 16:25:59 CST 2012" />
                      <Test name="testIsWeak" result="pass" starttime="Fri Sep 21 16:25:59 CST 2012" endtime="Fri Sep 21 16:25:59 CST 2012" />
                    </TestCase>
                    <TestCase name="DESedeKeySpecTest" priority="">
                      <Test name="testDESedeKeySpec" result="pass" starttime="Fri Sep 21 16:25:59 CST 2012" endtime="Fri Sep 21 16:25:59 CST 2012" />
                      <Test name="testGetKey" result="pass" starttime="Fri Sep 21 16:25:59 CST 2012" endtime="Fri Sep 21 16:25:59 CST 2012" />
                      <Test name="testIsParityAdjusted" result="pass" starttime="Fri Sep 21 16:25:59 CST 2012" endtime="Fri Sep 21 16:25:59 CST 2012" />
                    </TestCase>
                    <TestCase name="DHGenParameterSpecTest" priority="">
                      <Test name="testDHGenParameterSpec" result="pass" starttime="Fri Sep 21 16:25:59 CST 2012" endtime="Fri Sep 21 16:25:59 CST 2012" />
                    </TestCase>
                    <TestCase name="DHParameterSpecTest" priority="">
                      <Test name="testDHParameterSpec" result="pass" starttime="Fri Sep 21 16:26:00 CST 2012" endtime="Fri Sep 21 16:26:00 CST 2012" />
                    </TestCase>
                    <TestCase name="DHPrivateKeySpecTest" priority="">
                      <Test name="testDHPrivateKeySpec" result="pass" starttime="Fri Sep 21 16:26:00 CST 2012" endtime="Fri Sep 21 16:26:00 CST 2012" />
                    </TestCase>
                    <TestCase name="DHPublicKeySpecTest" priority="">
                      <Test name="testDHPrivateKeySpec" result="pass" starttime="Fri Sep 21 16:26:00 CST 2012" endtime="Fri Sep 21 16:26:00 CST 2012" />
                    </TestCase>
                    <TestCase name="IvParameterSpecTest" priority="">
                      <Test name="testGetIV" result="pass" starttime="Fri Sep 21 16:26:00 CST 2012" endtime="Fri Sep 21 16:26:00 CST 2012" />
                      <Test name="testIvParameterSpec1" result="pass" starttime="Fri Sep 21 16:26:00 CST 2012" endtime="Fri Sep 21 16:26:00 CST 2012" />
                      <Test name="testIvParameterSpec2" result="pass" starttime="Fri Sep 21 16:26:00 CST 2012" endtime="Fri Sep 21 16:26:00 CST 2012" />
                    </TestCase>
                    <TestCase name="OAEPParameterSpecTest" priority="">
                      <Test name="testGetDigestAlgorithm" result="pass" starttime="Fri Sep 21 16:26:00 CST 2012" endtime="Fri Sep 21 16:26:00 CST 2012" />
                      <Test name="testGetMGFAlgorithm" result="pass" starttime="Fri Sep 21 16:26:00 CST 2012" endtime="Fri Sep 21 16:26:01 CST 2012" />
                      <Test name="testGetMGFParameters" result="pass" starttime="Fri Sep 21 16:26:01 CST 2012" endtime="Fri Sep 21 16:26:01 CST 2012" />
                      <Test name="testGetPSource" result="pass" starttime="Fri Sep 21 16:26:01 CST 2012" endtime="Fri Sep 21 16:26:01 CST 2012" />
                      <Test name="testOAEPParameterSpec" result="pass" starttime="Fri Sep 21 16:26:01 CST 2012" endtime="Fri Sep 21 16:26:01 CST 2012" />
                    </TestCase>
                    <TestCase name="PBEKeySpecTest" priority="">
                      <Test name="testClearPassword" result="pass" starttime="Fri Sep 21 16:26:01 CST 2012" endtime="Fri Sep 21 16:26:01 CST 2012" />
                      <Test name="testGetIterationCount" result="pass" starttime="Fri Sep 21 16:26:01 CST 2012" endtime="Fri Sep 21 16:26:01 CST 2012" />
                      <Test name="testGetKeyLength" result="pass" starttime="Fri Sep 21 16:26:01 CST 2012" endtime="Fri Sep 21 16:26:01 CST 2012" />
                      <Test name="testGetPassword" result="pass" starttime="Fri Sep 21 16:26:01 CST 2012" endtime="Fri Sep 21 16:26:01 CST 2012" />
                      <Test name="testGetSalt" result="pass" starttime="Fri Sep 21 16:26:01 CST 2012" endtime="Fri Sep 21 16:26:01 CST 2012" />
                      <Test name="testPBEKeySpec1" result="pass" starttime="Fri Sep 21 16:26:01 CST 2012" endtime="Fri Sep 21 16:26:02 CST 2012" />
                      <Test name="testPBEKeySpec2" result="pass" starttime="Fri Sep 21 16:26:02 CST 2012" endtime="Fri Sep 21 16:26:02 CST 2012" />
                      <Test name="testPBEKeySpec3" result="pass" starttime="Fri Sep 21 16:26:02 CST 2012" endtime="Fri Sep 21 16:26:02 CST 2012" />
                    </TestCase>
                    <TestCase name="PBEParameterSpecTest" priority="">
                      <Test name="testGetIterationCount" result="pass" starttime="Fri Sep 21 16:26:02 CST 2012" endtime="Fri Sep 21 16:26:02 CST 2012" />
                      <Test name="testGetSalt" result="pass" starttime="Fri Sep 21 16:26:02 CST 2012" endtime="Fri Sep 21 16:26:02 CST 2012" />
                      <Test name="testPBEParameterSpec" result="pass" starttime="Fri Sep 21 16:26:02 CST 2012" endtime="Fri Sep 21 16:26:02 CST 2012" />
                    </TestCase>
                    <TestCase name="PSourceTest" priority="">
                      <Test name="testGetAlgorithm" result="pass" starttime="Fri Sep 21 16:26:02 CST 2012" endtime="Fri Sep 21 16:26:02 CST 2012" />
                      <Test name="testGetValue" result="pass" starttime="Fri Sep 21 16:26:02 CST 2012" endtime="Fri Sep 21 16:26:02 CST 2012" />
                      <Test name="testPSource" result="pass" starttime="Fri Sep 21 16:26:02 CST 2012" endtime="Fri Sep 21 16:26:03 CST 2012" />
                      <Test name="testPSpecified" result="pass" starttime="Fri Sep 21 16:26:03 CST 2012" endtime="Fri Sep 21 16:26:03 CST 2012" />
                    </TestCase>
                    <TestCase name="RC2ParameterSpecTest" priority="">
                      <Test name="testEquals" result="pass" starttime="Fri Sep 21 16:26:03 CST 2012" endtime="Fri Sep 21 16:26:03 CST 2012" />
                      <Test name="testGetEffectiveKeyBits" result="pass" starttime="Fri Sep 21 16:26:03 CST 2012" endtime="Fri Sep 21 16:26:03 CST 2012" />
                      <Test name="testGetIV" result="pass" starttime="Fri Sep 21 16:26:03 CST 2012" endtime="Fri Sep 21 16:26:03 CST 2012" />
                      <Test name="testHashCode" result="pass" starttime="Fri Sep 21 16:26:03 CST 2012" endtime="Fri Sep 21 16:26:03 CST 2012" />
                      <Test name="testRC2ParameterSpec1" result="pass" starttime="Fri Sep 21 16:26:03 CST 2012" endtime="Fri Sep 21 16:26:03 CST 2012" />
                      <Test name="testRC2ParameterSpec2" result="pass" starttime="Fri Sep 21 16:26:03 CST 2012" endtime="Fri Sep 21 16:26:03 CST 2012" />
                      <Test name="test_constructorI" result="pass" starttime="Fri Sep 21 16:26:03 CST 2012" endtime="Fri Sep 21 16:26:04 CST 2012" />
                    </TestCase>
                    <TestCase name="RC5ParameterSpecTest" priority="">
                      <Test name="testEquals" result="pass" starttime="Fri Sep 21 16:26:04 CST 2012" endtime="Fri Sep 21 16:26:04 CST 2012" />
                      <Test name="testGetIV" result="pass" starttime="Fri Sep 21 16:26:04 CST 2012" endtime="Fri Sep 21 16:26:04 CST 2012" />
                      <Test name="testGetRounds" result="pass" starttime="Fri Sep 21 16:26:04 CST 2012" endtime="Fri Sep 21 16:26:04 CST 2012" />
                      <Test name="testGetVersion" result="pass" starttime="Fri Sep 21 16:26:04 CST 2012" endtime="Fri Sep 21 16:26:04 CST 2012" />
                      <Test name="testGetWordSize" result="pass" starttime="Fri Sep 21 16:26:04 CST 2012" endtime="Fri Sep 21 16:26:04 CST 2012" />
                      <Test name="testHashCode" result="pass" starttime="Fri Sep 21 16:26:04 CST 2012" endtime="Fri Sep 21 16:26:04 CST 2012" />
                      <Test name="testRC5ParameterSpec1" result="pass" starttime="Fri Sep 21 16:26:04 CST 2012" endtime="Fri Sep 21 16:26:04 CST 2012" />
                      <Test name="testRC5ParameterSpec2" result="pass" starttime="Fri Sep 21 16:26:04 CST 2012" endtime="Fri Sep 21 16:26:05 CST 2012" />
                      <Test name="test_constructorIII" result="pass" starttime="Fri Sep 21 16:26:05 CST 2012" endtime="Fri Sep 21 16:26:05 CST 2012" />
                    </TestCase>
                    <TestCase name="SecretKeySpecTest" priority="">
                      <Test name="testEquals" result="pass" starttime="Fri Sep 21 16:26:05 CST 2012" endtime="Fri Sep 21 16:26:05 CST 2012" />
                      <Test name="testGetAlgorithm" result="pass" starttime="Fri Sep 21 16:26:05 CST 2012" endtime="Fri Sep 21 16:26:05 CST 2012" />
                      <Test name="testGetEncoded" result="pass" starttime="Fri Sep 21 16:26:05 CST 2012" endtime="Fri Sep 21 16:26:05 CST 2012" />
                      <Test name="testGetFormat" result="pass" starttime="Fri Sep 21 16:26:05 CST 2012" endtime="Fri Sep 21 16:26:05 CST 2012" />
                      <Test name="testHashCode" result="pass" starttime="Fri Sep 21 16:26:05 CST 2012" endtime="Fri Sep 21 16:26:05 CST 2012" />
                      <Test name="testSecretKeySpec1" result="pass" starttime="Fri Sep 21 16:26:05 CST 2012" endtime="Fri Sep 21 16:26:05 CST 2012" />
                      <Test name="testSecretKeySpec2" result="pass" starttime="Fri Sep 21 16:26:05 CST 2012" endtime="Fri Sep 21 16:26:06 CST 2012" />
                      <Test name="testSecretKeySpec3" result="pass" starttime="Fri Sep 21 16:26:06 CST 2012" endtime="Fri Sep 21 16:26:06 CST 2012" />
                    </TestCase>
                  </TestSuite>
                  <TestCase name="BadPaddingExceptionTest" priority="">
                    <Test name="testBadPaddingException01" result="pass" starttime="Fri Sep 21 16:25:24 CST 2012" endtime="Fri Sep 21 16:25:24 CST 2012" />
                    <Test name="testBadPaddingException02" result="pass" starttime="Fri Sep 21 16:25:24 CST 2012" endtime="Fri Sep 21 16:25:24 CST 2012" />
                    <Test name="testBadPaddingException03" result="pass" starttime="Fri Sep 21 16:25:24 CST 2012" endtime="Fri Sep 21 16:25:24 CST 2012" />
                  </TestCase>
                  <TestCase name="CipherInputStream1Test" priority="">
                    <Test name="testAvailable" result="pass" starttime="Fri Sep 21 16:25:24 CST 2012" endtime="Fri Sep 21 16:25:24 CST 2012" />
                    <Test name="testCipherInputStream" result="pass" starttime="Fri Sep 21 16:25:24 CST 2012" endtime="Fri Sep 21 16:25:24 CST 2012" />
                    <Test name="testClose" result="pass" starttime="Fri Sep 21 16:25:24 CST 2012" endtime="Fri Sep 21 16:25:25 CST 2012" />
                    <Test name="testMarkSupported" result="pass" starttime="Fri Sep 21 16:25:25 CST 2012" endtime="Fri Sep 21 16:25:25 CST 2012" />
                    <Test name="testRead1" result="pass" starttime="Fri Sep 21 16:25:25 CST 2012" endtime="Fri Sep 21 16:25:25 CST 2012" />
                    <Test name="testRead2" result="pass" starttime="Fri Sep 21 16:25:25 CST 2012" endtime="Fri Sep 21 16:25:25 CST 2012" />
                    <Test name="testRead3" result="pass" starttime="Fri Sep 21 16:25:25 CST 2012" endtime="Fri Sep 21 16:25:25 CST 2012" />
                    <Test name="testSkip" result="pass" starttime="Fri Sep 21 16:25:25 CST 2012" endtime="Fri Sep 21 16:25:25 CST 2012" />
                    <Test name="test_ConstructorLjava_io_InputStreamLjavax_crypto_Cipher" result="pass" starttime="Fri Sep 21 16:25:25 CST 2012" endtime="Fri Sep 21 16:25:25 CST 2012" />
                  </TestCase>
                  <TestCase name="CipherInputStreamTest" priority="">
                    <Test name="testClose" result="pass" starttime="Fri Sep 21 16:25:25 CST 2012" endtime="Fri Sep 21 16:25:25 CST 2012" />
                    <Test name="testReadBII" result="pass" starttime="Fri Sep 21 16:25:25 CST 2012" endtime="Fri Sep 21 16:25:26 CST 2012" />
                  </TestCase>
                  <TestCase name="CipherOutputStream1Test" priority="">
                    <Test name="testCipherOutputStream" result="pass" starttime="Fri Sep 21 16:25:26 CST 2012" endtime="Fri Sep 21 16:25:26 CST 2012" />
                    <Test name="testClose" result="pass" starttime="Fri Sep 21 16:25:26 CST 2012" endtime="Fri Sep 21 16:25:26 CST 2012" />
                    <Test name="testFlush" result="pass" starttime="Fri Sep 21 16:25:26 CST 2012" endtime="Fri Sep 21 16:25:26 CST 2012" />
                    <Test name="testWrite1" result="pass" starttime="Fri Sep 21 16:25:26 CST 2012" endtime="Fri Sep 21 16:25:26 CST 2012" />
                    <Test name="testWrite2" result="pass" starttime="Fri Sep 21 16:25:26 CST 2012" endtime="Fri Sep 21 16:25:26 CST 2012" />
                    <Test name="testWrite3" result="pass" starttime="Fri Sep 21 16:25:26 CST 2012" endtime="Fri Sep 21 16:25:26 CST 2012" />
                    <Test name="testWrite4" result="pass" starttime="Fri Sep 21 16:25:26 CST 2012" endtime="Fri Sep 21 16:25:26 CST 2012" />
                    <Test name="testWrite5" result="pass" starttime="Fri Sep 21 16:25:26 CST 2012" endtime="Fri Sep 21 16:25:27 CST 2012" />
                    <Test name="test_ConstructorLjava_io_OutputStreamLjavax_crypto_Cipher" result="pass" starttime="Fri Sep 21 16:25:27 CST 2012" endtime="Fri Sep 21 16:25:27 CST 2012" />
                  </TestCase>
                  <TestCase name="CipherOutputStreamTest" priority="">
                    <Test name="test_close" result="pass" starttime="Fri Sep 21 16:25:27 CST 2012" endtime="Fri Sep 21 16:25:27 CST 2012" />
                  </TestCase>
                  <TestCase name="CipherSpiTest" priority="">
                    <Test name="testCipherSpi02" result="pass" starttime="Fri Sep 21 16:25:27 CST 2012" endtime="Fri Sep 21 16:25:27 CST 2012" />
                    <Test name="testCipherSpi03" result="pass" starttime="Fri Sep 21 16:25:27 CST 2012" endtime="Fri Sep 21 16:25:27 CST 2012" />
                    <Test name="testCipherSpi04" result="pass" starttime="Fri Sep 21 16:25:27 CST 2012" endtime="Fri Sep 21 16:25:27 CST 2012" />
                    <Test name="testCipherSpi05" result="pass" starttime="Fri Sep 21 16:25:27 CST 2012" endtime="Fri Sep 21 16:25:27 CST 2012" />
                    <Test name="testCipherSpi06" result="pass" starttime="Fri Sep 21 16:25:27 CST 2012" endtime="Fri Sep 21 16:25:27 CST 2012" />
                    <Test name="testCipherSpiTests01" result="pass" starttime="Fri Sep 21 16:25:27 CST 2012" endtime="Fri Sep 21 16:25:28 CST 2012" />
                  </TestCase>
                  <TestCase name="CipherTest" priority="">
                    <Test name="testDoFinalbyteArrayintintbyteArrayint" result="pass" starttime="Fri Sep 21 16:25:28 CST 2012" endtime="Fri Sep 21 16:25:28 CST 2012" />
                    <Test name="testGetMaxAllowedParameterSpec" result="pass" starttime="Fri Sep 21 16:25:28 CST 2012" endtime="Fri Sep 21 16:25:28 CST 2012" />
                    <Test name="testGetParameters" result="pass" starttime="Fri Sep 21 16:25:28 CST 2012" endtime="Fri Sep 21 16:25:28 CST 2012" />
                    <Test name="testUpdatebyteArrayintintbyteArrayint" result="pass" starttime="Fri Sep 21 16:25:28 CST 2012" endtime="Fri Sep 21 16:25:28 CST 2012" />
                    <Test name="test_" result="pass" starttime="Fri Sep 21 16:25:28 CST 2012" endtime="Fri Sep 21 16:25:28 CST 2012" />
                    <Test name="test_Ctor" result="pass" starttime="Fri Sep 21 16:25:28 CST 2012" endtime="Fri Sep 21 16:25:28 CST 2012" />
                    <Test name="test_doFinal" result="pass" starttime="Fri Sep 21 16:25:28 CST 2012" endtime="Fri Sep 21 16:25:29 CST 2012" />
                    <Test name="test_doFinal$B" result="pass" starttime="Fri Sep 21 16:25:29 CST 2012" endtime="Fri Sep 21 16:25:29 CST 2012" />
                    <Test name="test_doFinal$BI" result="pass" starttime="Fri Sep 21 16:25:29 CST 2012" endtime="Fri Sep 21 16:25:29 CST 2012" />
                    <Test name="test_doFinal$BII" result="pass" starttime="Fri Sep 21 16:25:29 CST 2012" endtime="Fri Sep 21 16:25:29 CST 2012" />
                    <Test name="test_doFinal$BII$B" result="pass" starttime="Fri Sep 21 16:25:29 CST 2012" endtime="Fri Sep 21 16:25:29 CST 2012" />
                    <Test name="test_doFinalLjava_nio_ByteBufferLjava_nio_ByteBuffer" result="pass" starttime="Fri Sep 21 16:25:29 CST 2012" endtime="Fri Sep 21 16:25:29 CST 2012" />
                    <Test name="test_getAlgorithm" result="pass" starttime="Fri Sep 21 16:25:29 CST 2012" endtime="Fri Sep 21 16:25:29 CST 2012" />
                    <Test name="test_getBlockSize" result="pass" starttime="Fri Sep 21 16:25:29 CST 2012" endtime="Fri Sep 21 16:25:29 CST 2012" />
                    <Test name="test_getInstanceLjava_lang_String" result="pass" starttime="Fri Sep 21 16:25:29 CST 2012" endtime="Fri Sep 21 16:25:29 CST 2012" />
                    <Test name="test_getInstanceLjava_lang_StringLjava_lang_String" result="pass" starttime="Fri Sep 21 16:25:29 CST 2012" endtime="Fri Sep 21 16:25:30 CST 2012" />
                    <Test name="test_getInstanceLjava_lang_StringLjava_security_Provider" result="pass" starttime="Fri Sep 21 16:25:30 CST 2012" endtime="Fri Sep 21 16:25:30 CST 2012" />
                    <Test name="test_getOutputSizeI" result="pass" starttime="Fri Sep 21 16:25:30 CST 2012" endtime="Fri Sep 21 16:25:30 CST 2012" />
                    <Test name="test_getProvider" result="pass" starttime="Fri Sep 21 16:25:30 CST 2012" endtime="Fri Sep 21 16:25:30 CST 2012" />
                    <Test name="test_initWithAlgorithmParameterSpec" result="pass" starttime="Fri Sep 21 16:25:30 CST 2012" endtime="Fri Sep 21 16:25:30 CST 2012" />
                    <Test name="test_initWithCertificate" result="pass" starttime="Fri Sep 21 16:25:30 CST 2012" endtime="Fri Sep 21 16:25:30 CST 2012" />
                    <Test name="test_initWithCertificateSecureRandom" result="pass" starttime="Fri Sep 21 16:25:30 CST 2012" endtime="Fri Sep 21 16:25:30 CST 2012" />
                    <Test name="test_initWithKey" result="pass" starttime="Fri Sep 21 16:25:30 CST 2012" endtime="Fri Sep 21 16:25:30 CST 2012" />
                    <Test name="test_initWithKeyAlgorithmParameterSpecSecureRandom" result="pass" starttime="Fri Sep 21 16:25:30 CST 2012" endtime="Fri Sep 21 16:25:30 CST 2012" />
                    <Test name="test_initWithKeyAlgorithmParameters" result="pass" starttime="Fri Sep 21 16:25:30 CST 2012" endtime="Fri Sep 21 16:25:30 CST 2012" />
                    <Test name="test_initWithKeyAlgorithmParametersSecureRandom" result="pass" starttime="Fri Sep 21 16:25:30 CST 2012" endtime="Fri Sep 21 16:25:31 CST 2012" />
                    <Test name="test_initWithSecureRandom" result="pass" starttime="Fri Sep 21 16:25:31 CST 2012" endtime="Fri Sep 21 16:25:31 CST 2012" />
                    <Test name="test_unwrap$BLjava_lang_StringI" result="pass" starttime="Fri Sep 21 16:25:31 CST 2012" endtime="Fri Sep 21 16:25:31 CST 2012" />
                    <Test name="test_update$B" result="pass" starttime="Fri Sep 21 16:25:31 CST 2012" endtime="Fri Sep 21 16:25:31 CST 2012" />
                    <Test name="test_update$BII" result="pass" starttime="Fri Sep 21 16:25:31 CST 2012" endtime="Fri Sep 21 16:25:31 CST 2012" />
                    <Test name="test_updateLjava_nio_ByteBufferLjava_nio_ByteBuffer" result="pass" starttime="Fri Sep 21 16:25:31 CST 2012" endtime="Fri Sep 21 16:25:31 CST 2012" />
                    <Test name="test_wrap_java_security_Key" result="pass" starttime="Fri Sep 21 16:25:31 CST 2012" endtime="Fri Sep 21 16:25:31 CST 2012" />
                  </TestCase>
                  <TestCase name="EncryptedPrivateKeyInfoTest" priority="">
                    <Test name="testEncryptedPrivateKeyInfoAlgorithmParametersbyteArray1" result="pass" starttime="Fri Sep 21 16:25:31 CST 2012" endtime="Fri Sep 21 16:25:31 CST 2012" />
                    <Test name="testEncryptedPrivateKeyInfoAlgorithmParametersbyteArray2" result="pass" starttime="Fri Sep 21 16:25:31 CST 2012" endtime="Fri Sep 21 16:25:32 CST 2012" />
                    <Test name="testEncryptedPrivateKeyInfoAlgorithmParametersbyteArray3" result="pass" starttime="Fri Sep 21 16:25:32 CST 2012" endtime="Fri Sep 21 16:25:32 CST 2012" />
                    <Test name="testEncryptedPrivateKeyInfoAlgorithmParametersbyteArray4" result="pass" starttime="Fri Sep 21 16:25:32 CST 2012" endtime="Fri Sep 21 16:25:32 CST 2012" />
                    <Test name="testEncryptedPrivateKeyInfoStringbyteArray1" result="pass" starttime="Fri Sep 21 16:25:32 CST 2012" endtime="Fri Sep 21 16:25:32 CST 2012" />
                    <Test name="testEncryptedPrivateKeyInfoStringbyteArray2" result="pass" starttime="Fri Sep 21 16:25:32 CST 2012" endtime="Fri Sep 21 16:25:32 CST 2012" />
                    <Test name="testEncryptedPrivateKeyInfoStringbyteArray3" result="pass" starttime="Fri Sep 21 16:25:32 CST 2012" endtime="Fri Sep 21 16:25:32 CST 2012" />
                    <Test name="testEncryptedPrivateKeyInfoStringbyteArray4" result="pass" starttime="Fri Sep 21 16:25:32 CST 2012" endtime="Fri Sep 21 16:25:32 CST 2012" />
                    <Test name="testEncryptedPrivateKeyInfoStringbyteArray5" result="pass" starttime="Fri Sep 21 16:25:32 CST 2012" endtime="Fri Sep 21 16:25:32 CST 2012" />
                    <Test name="testEncryptedPrivateKeyInfoStringbyteArray6" result="pass" starttime="Fri Sep 21 16:25:32 CST 2012" endtime="Fri Sep 21 16:25:32 CST 2012" />
                    <Test name="testEncryptedPrivateKeyInfobyteArray1" result="pass" starttime="Fri Sep 21 16:25:32 CST 2012" endtime="Fri Sep 21 16:25:32 CST 2012" />
                    <Test name="testEncryptedPrivateKeyInfobyteArray2" result="pass" starttime="Fri Sep 21 16:25:32 CST 2012" endtime="Fri Sep 21 16:25:33 CST 2012" />
                    <Test name="testEncryptedPrivateKeyInfobyteArray3" result="pass" starttime="Fri Sep 21 16:25:33 CST 2012" endtime="Fri Sep 21 16:25:33 CST 2012" />
                    <Test name="testEncryptedPrivateKeyInfobyteArray4" result="pass" starttime="Fri Sep 21 16:25:33 CST 2012" endtime="Fri Sep 21 16:25:33 CST 2012" />
                    <Test name="testEncryptedPrivateKeyInfobyteArray5" result="pass" starttime="Fri Sep 21 16:25:33 CST 2012" endtime="Fri Sep 21 16:25:33 CST 2012" />
                    <Test name="testEncryptedPrivateKeyInfobyteArray6" result="pass" starttime="Fri Sep 21 16:25:33 CST 2012" endtime="Fri Sep 21 16:25:33 CST 2012" />
                    <Test name="testGetAlgParameters01" result="pass" starttime="Fri Sep 21 16:25:33 CST 2012" endtime="Fri Sep 21 16:25:33 CST 2012" />
                    <Test name="testGetAlgParameters01_01" result="pass" starttime="Fri Sep 21 16:25:33 CST 2012" endtime="Fri Sep 21 16:25:33 CST 2012" />
                    <Test name="testGetAlgParameters02" result="pass" starttime="Fri Sep 21 16:25:33 CST 2012" endtime="Fri Sep 21 16:25:33 CST 2012" />
                    <Test name="testGetAlgParameters03" result="pass" starttime="Fri Sep 21 16:25:33 CST 2012" endtime="Fri Sep 21 16:25:33 CST 2012" />
                    <Test name="testGetAlgParameters04" result="pass" starttime="Fri Sep 21 16:25:33 CST 2012" endtime="Fri Sep 21 16:25:34 CST 2012" />
                    <Test name="testGetEncoded01" result="pass" starttime="Fri Sep 21 16:25:34 CST 2012" endtime="Fri Sep 21 16:25:34 CST 2012" />
                    <Test name="testGetEncoded02" result="pass" starttime="Fri Sep 21 16:25:34 CST 2012" endtime="Fri Sep 21 16:25:34 CST 2012" />
                    <Test name="testGetEncoded03" result="pass" starttime="Fri Sep 21 16:25:34 CST 2012" endtime="Fri Sep 21 16:25:34 CST 2012" />
                    <Test name="testGetEncoded04" result="pass" starttime="Fri Sep 21 16:25:34 CST 2012" endtime="Fri Sep 21 16:25:34 CST 2012" />
                    <Test name="testGetEncryptedData01" result="pass" starttime="Fri Sep 21 16:25:34 CST 2012" endtime="Fri Sep 21 16:25:34 CST 2012" />
                    <Test name="testGetEncryptedData02" result="pass" starttime="Fri Sep 21 16:25:34 CST 2012" endtime="Fri Sep 21 16:25:34 CST 2012" />
                    <Test name="testGetEncryptedData03" result="pass" starttime="Fri Sep 21 16:25:34 CST 2012" endtime="Fri Sep 21 16:25:34 CST 2012" />
                    <Test name="testGetEncryptedData04" result="pass" starttime="Fri Sep 21 16:25:34 CST 2012" endtime="Fri Sep 21 16:25:35 CST 2012" />
                    <Test name="testGetKeySpecCipher01" result="pass" starttime="Fri Sep 21 16:25:35 CST 2012" endtime="Fri Sep 21 16:25:35 CST 2012" />
                    <Test name="testGetKeySpecKey01" result="pass" starttime="Fri Sep 21 16:25:35 CST 2012" endtime="Fri Sep 21 16:25:35 CST 2012" />
                    <Test name="testGetKeySpecKeyProvider01" result="pass" starttime="Fri Sep 21 16:25:35 CST 2012" endtime="Fri Sep 21 16:25:35 CST 2012" />
                    <Test name="testGetKeySpecKeyString01" result="pass" starttime="Fri Sep 21 16:25:35 CST 2012" endtime="Fri Sep 21 16:25:35 CST 2012" />
                    <Test name="test_ROUNDTRIP_GetKeySpecCipher01" result="pass" starttime="Fri Sep 21 16:25:35 CST 2012" endtime="Fri Sep 21 16:25:35 CST 2012" />
                    <Test name="test_ROUNDTRIP_GetKeySpecCipher02" result="pass" starttime="Fri Sep 21 16:25:35 CST 2012" endtime="Fri Sep 21 16:25:35 CST 2012" />
                    <Test name="test_ROUNDTRIP_GetKeySpecKey01" result="pass" starttime="Fri Sep 21 16:25:35 CST 2012" endtime="Fri Sep 21 16:25:35 CST 2012" />
                    <Test name="test_ROUNDTRIP_GetKeySpecKey02" result="pass" starttime="Fri Sep 21 16:25:35 CST 2012" endtime="Fri Sep 21 16:25:35 CST 2012" />
                    <Test name="test_ROUNDTRIP_GetKeySpecKeyProvider01" result="pass" starttime="Fri Sep 21 16:25:35 CST 2012" endtime="Fri Sep 21 16:25:36 CST 2012" />
                    <Test name="test_ROUNDTRIP_GetKeySpecKeyProvider02" result="pass" starttime="Fri Sep 21 16:25:36 CST 2012" endtime="Fri Sep 21 16:25:36 CST 2012" />
                    <Test name="test_ROUNDTRIP_GetKeySpecKeyString01" result="pass" starttime="Fri Sep 21 16:25:36 CST 2012" endtime="Fri Sep 21 16:25:36 CST 2012" />
                    <Test name="test_ROUNDTRIP_GetKeySpecKeyString02" result="pass" starttime="Fri Sep 21 16:25:36 CST 2012" endtime="Fri Sep 21 16:25:36 CST 2012" />
                    <Test name="test_getAlgName" result="pass" starttime="Fri Sep 21 16:25:36 CST 2012" endtime="Fri Sep 21 16:25:36 CST 2012" />
                  </TestCase>
                  <TestCase name="ExemptionMechanismExceptionTest" priority="">
                    <Test name="testExemptionMechanismException01" result="pass" starttime="Fri Sep 21 16:25:36 CST 2012" endtime="Fri Sep 21 16:25:36 CST 2012" />
                    <Test name="testExemptionMechanismException02" result="pass" starttime="Fri Sep 21 16:25:36 CST 2012" endtime="Fri Sep 21 16:25:36 CST 2012" />
                    <Test name="testExemptionMechanismException03" result="pass" starttime="Fri Sep 21 16:25:36 CST 2012" endtime="Fri Sep 21 16:25:36 CST 2012" />
                  </TestCase>
                  <TestCase name="ExemptionMechanismSpiTest" priority="">
                    <Test name="testExemptionMechanismSpi01" result="pass" starttime="Fri Sep 21 16:25:36 CST 2012" endtime="Fri Sep 21 16:25:36 CST 2012" />
                  </TestCase>
                  <TestCase name="ExemptionMechanismTest" priority="">
                    <Test name="testExemptionMechanism" result="pass" starttime="Fri Sep 21 16:25:36 CST 2012" endtime="Fri Sep 21 16:25:37 CST 2012" />
                    <Test name="testGenExemptionBlob" result="pass" starttime="Fri Sep 21 16:25:37 CST 2012" endtime="Fri Sep 21 16:25:37 CST 2012" />
                    <Test name="testGetInstance" result="pass" starttime="Fri Sep 21 16:25:37 CST 2012" endtime="Fri Sep 21 16:25:37 CST 2012" />
                    <Test name="testIsCryptoAllowed" result="pass" starttime="Fri Sep 21 16:25:37 CST 2012" endtime="Fri Sep 21 16:25:37 CST 2012" />
                    <Test name="test_genExemptionBlob" result="pass" starttime="Fri Sep 21 16:25:37 CST 2012" endtime="Fri Sep 21 16:25:37 CST 2012" />
                    <Test name="test_genExemptionBlob$B" result="pass" starttime="Fri Sep 21 16:25:37 CST 2012" endtime="Fri Sep 21 16:25:37 CST 2012" />
                    <Test name="test_genExemptionBlob$BI" result="pass" starttime="Fri Sep 21 16:25:37 CST 2012" endtime="Fri Sep 21 16:25:37 CST 2012" />
                    <Test name="test_getInstanceLjava_lang_String" result="pass" starttime="Fri Sep 21 16:25:37 CST 2012" endtime="Fri Sep 21 16:25:37 CST 2012" />
                    <Test name="test_getInstanceLjava_lang_StringLjava_security_Provider" result="pass" starttime="Fri Sep 21 16:25:37 CST 2012" endtime="Fri Sep 21 16:25:37 CST 2012" />
                    <Test name="test_getName" result="pass" starttime="Fri Sep 21 16:25:37 CST 2012" endtime="Fri Sep 21 16:25:37 CST 2012" />
                    <Test name="test_getOutputSizeI" result="pass" starttime="Fri Sep 21 16:25:37 CST 2012" endtime="Fri Sep 21 16:25:38 CST 2012" />
                    <Test name="test_getProvider" result="pass" starttime="Fri Sep 21 16:25:38 CST 2012" endtime="Fri Sep 21 16:25:38 CST 2012" />
                    <Test name="test_initLjava_security_Key" result="pass" starttime="Fri Sep 21 16:25:38 CST 2012" endtime="Fri Sep 21 16:25:38 CST 2012" />
                    <Test name="test_initLjava_security_KeyLjava_security_AlgorithmParameters" result="pass" starttime="Fri Sep 21 16:25:38 CST 2012" endtime="Fri Sep 21 16:25:38 CST 2012" />
                    <Test name="test_initLjava_security_KeyLjava_security_spec_AlgorithmParameterSpec" result="pass" starttime="Fri Sep 21 16:25:38 CST 2012" endtime="Fri Sep 21 16:25:38 CST 2012" />
                  </TestCase>
                  <TestCase name="IllegalBlockSizeExceptionTest" priority="">
                    <Test name="testIllegalBlockSizeException01" result="pass" starttime="Fri Sep 21 16:25:38 CST 2012" endtime="Fri Sep 21 16:25:38 CST 2012" />
                    <Test name="testIllegalBlockSizeException02" result="pass" starttime="Fri Sep 21 16:25:38 CST 2012" endtime="Fri Sep 21 16:25:38 CST 2012" />
                    <Test name="testIllegalBlockSizeException03" result="pass" starttime="Fri Sep 21 16:25:38 CST 2012" endtime="Fri Sep 21 16:25:38 CST 2012" />
                  </TestCase>
                  <TestCase name="KeyAgreementSpiTest" priority="">
                    <Test name="testKeyAgreementSpi01" result="pass" starttime="Fri Sep 21 16:25:38 CST 2012" endtime="Fri Sep 21 16:25:39 CST 2012" />
                  </TestCase>
                  <TestCase name="KeyAgreementTest" priority="">
                    <Test name="testDoPhase" result="pass" starttime="Fri Sep 21 16:25:39 CST 2012" endtime="Fri Sep 21 16:25:39 CST 2012" />
                    <Test name="testGenerateSecret03" result="pass" starttime="Fri Sep 21 16:25:39 CST 2012" endtime="Fri Sep 21 16:25:39 CST 2012" />
                    <Test name="testGetInstanceString01" result="pass" starttime="Fri Sep 21 16:25:39 CST 2012" endtime="Fri Sep 21 16:25:39 CST 2012" />
                    <Test name="testGetInstanceString02" result="pass" starttime="Fri Sep 21 16:25:39 CST 2012" endtime="Fri Sep 21 16:25:39 CST 2012" />
                    <Test name="testGetInstanceStringProvider01" result="pass" starttime="Fri Sep 21 16:25:39 CST 2012" endtime="Fri Sep 21 16:25:39 CST 2012" />
                    <Test name="testGetInstanceStringProvider02" result="pass" starttime="Fri Sep 21 16:25:39 CST 2012" endtime="Fri Sep 21 16:25:39 CST 2012" />
                    <Test name="testGetInstanceStringProvider03" result="pass" starttime="Fri Sep 21 16:25:39 CST 2012" endtime="Fri Sep 21 16:25:39 CST 2012" />
                    <Test name="testGetInstanceStringString01" result="pass" starttime="Fri Sep 21 16:25:39 CST 2012" endtime="Fri Sep 21 16:25:40 CST 2012" />
                    <Test name="testGetInstanceStringString02" result="pass" starttime="Fri Sep 21 16:25:40 CST 2012" endtime="Fri Sep 21 16:25:40 CST 2012" />
                    <Test name="testGetInstanceStringString03" result="pass" starttime="Fri Sep 21 16:25:40 CST 2012" endtime="Fri Sep 21 16:25:40 CST 2012" />
                    <Test name="testInit01" result="pass" starttime="Fri Sep 21 16:25:40 CST 2012" endtime="Fri Sep 21 16:25:40 CST 2012" />
                    <Test name="testInit02" result="pass" starttime="Fri Sep 21 16:25:40 CST 2012" endtime="Fri Sep 21 16:25:40 CST 2012" />
                    <Test name="testInit03" result="pass" starttime="Fri Sep 21 16:25:40 CST 2012" endtime="Fri Sep 21 16:25:40 CST 2012" />
                    <Test name="testInit04" result="pass" starttime="Fri Sep 21 16:25:40 CST 2012" endtime="Fri Sep 21 16:25:40 CST 2012" />
                    <Test name="test_constructor" result="pass" starttime="Fri Sep 21 16:25:40 CST 2012" endtime="Fri Sep 21 16:25:40 CST 2012" />
                    <Test name="test_generateSecret$BI" result="pass" starttime="Fri Sep 21 16:25:40 CST 2012" endtime="Fri Sep 21 16:25:40 CST 2012" />
                    <Test name="test_getAlgorithm" result="pass" starttime="Fri Sep 21 16:25:41 CST 2012" endtime="Fri Sep 21 16:25:41 CST 2012" />
                    <Test name="test_getProvider" result="pass" starttime="Fri Sep 21 16:25:41 CST 2012" endtime="Fri Sep 21 16:25:41 CST 2012" />
                    <Test name="test_initLjava_security_KeyLjava_security_SecureRandom" result="pass" starttime="Fri Sep 21 16:25:41 CST 2012" endtime="Fri Sep 21 16:25:41 CST 2012" />
                  </TestCase>
                  <TestCase name="KeyGeneratorSpiTest" priority="">
                    <Test name="testKeyGeneratorSpi01" result="pass" starttime="Fri Sep 21 16:25:41 CST 2012" endtime="Fri Sep 21 16:25:41 CST 2012" />
                  </TestCase>
                  <TestCase name="KeyGeneratorTest" priority="">
                    <Test name="testGenerateKey" result="pass" starttime="Fri Sep 21 16:25:41 CST 2012" endtime="Fri Sep 21 16:25:41 CST 2012" />
                    <Test name="testGetInstanceString01" result="pass" starttime="Fri Sep 21 16:25:41 CST 2012" endtime="Fri Sep 21 16:25:41 CST 2012" />
                    <Test name="testGetInstanceString02" result="pass" starttime="Fri Sep 21 16:25:41 CST 2012" endtime="Fri Sep 21 16:25:41 CST 2012" />
                    <Test name="testGetInstanceStringProvider01" result="pass" starttime="Fri Sep 21 16:25:41 CST 2012" endtime="Fri Sep 21 16:25:41 CST 2012" />
                    <Test name="testGetInstanceStringProvider02" result="pass" starttime="Fri Sep 21 16:25:41 CST 2012" endtime="Fri Sep 21 16:25:41 CST 2012" />
                    <Test name="testGetInstanceStringProvider03" result="pass" starttime="Fri Sep 21 16:25:41 CST 2012" endtime="Fri Sep 21 16:25:42 CST 2012" />
                    <Test name="testGetInstanceStringString01" result="pass" starttime="Fri Sep 21 16:25:42 CST 2012" endtime="Fri Sep 21 16:25:42 CST 2012" />
                    <Test name="testGetInstanceStringString02" result="pass" starttime="Fri Sep 21 16:25:42 CST 2012" endtime="Fri Sep 21 16:25:42 CST 2012" />
                    <Test name="testGetInstanceStringString03" result="pass" starttime="Fri Sep 21 16:25:42 CST 2012" endtime="Fri Sep 21 16:25:42 CST 2012" />
                    <Test name="testInitKey" result="pass" starttime="Fri Sep 21 16:25:42 CST 2012" endtime="Fri Sep 21 16:25:42 CST 2012" />
                    <Test name="testInitParams" result="pass" starttime="Fri Sep 21 16:25:42 CST 2012" endtime="Fri Sep 21 16:25:42 CST 2012" />
                    <Test name="testKeyGenerator" result="pass" starttime="Fri Sep 21 16:25:42 CST 2012" endtime="Fri Sep 21 16:25:42 CST 2012" />
                    <Test name="test_Ljava_security_SecureRandom" result="pass" starttime="Fri Sep 21 16:25:42 CST 2012" endtime="Fri Sep 21 16:25:42 CST 2012" />
                    <Test name="test_getAlgorithm" result="pass" starttime="Fri Sep 21 16:25:42 CST 2012" endtime="Fri Sep 21 16:25:42 CST 2012" />
                    <Test name="test_getProvider" result="pass" starttime="Fri Sep 21 16:25:42 CST 2012" endtime="Fri Sep 21 16:25:43 CST 2012" />
                    <Test name="test_initILjava_security_SecureRandom" result="pass" starttime="Fri Sep 21 16:25:43 CST 2012" endtime="Fri Sep 21 16:25:43 CST 2012" />
                    <Test name="test_initLjava_security_spec_AlgorithmParameterSpec" result="pass" starttime="Fri Sep 21 16:25:43 CST 2012" endtime="Fri Sep 21 16:25:43 CST 2012" />
                  </TestCase>
                  <TestCase name="MacSpiTest" priority="">
                    <Test name="testMacSpiTests01" result="pass" starttime="Fri Sep 21 16:25:43 CST 2012" endtime="Fri Sep 21 16:25:43 CST 2012" />
                  </TestCase>
                  <TestCase name="MacTest" priority="">
                    <Test name="testClone" result="pass" starttime="Fri Sep 21 16:25:43 CST 2012" endtime="Fri Sep 21 16:25:43 CST 2012" />
                    <Test name="testGetMacLength" result="pass" starttime="Fri Sep 21 16:25:43 CST 2012" endtime="Fri Sep 21 16:25:43 CST 2012" />
                    <Test name="testInit" result="pass" starttime="Fri Sep 21 16:25:43 CST 2012" endtime="Fri Sep 21 16:25:43 CST 2012" />
                    <Test name="testMac01" result="pass" starttime="Fri Sep 21 16:25:43 CST 2012" endtime="Fri Sep 21 16:25:43 CST 2012" />
                    <Test name="testMac02" result="pass" starttime="Fri Sep 21 16:25:43 CST 2012" endtime="Fri Sep 21 16:25:44 CST 2012" />
                    <Test name="testMac03" result="pass" starttime="Fri Sep 21 16:25:44 CST 2012" endtime="Fri Sep 21 16:25:44 CST 2012" />
                    <Test name="testMac04" result="pass" starttime="Fri Sep 21 16:25:44 CST 2012" endtime="Fri Sep 21 16:25:44 CST 2012" />
                    <Test name="testMac05" result="pass" starttime="Fri Sep 21 16:25:44 CST 2012" endtime="Fri Sep 21 16:25:44 CST 2012" />
                    <Test name="testMac06" result="pass" starttime="Fri Sep 21 16:25:44 CST 2012" endtime="Fri Sep 21 16:25:44 CST 2012" />
                    <Test name="testMac07" result="pass" starttime="Fri Sep 21 16:25:44 CST 2012" endtime="Fri Sep 21 16:25:44 CST 2012" />
                    <Test name="testMac08" result="pass" starttime="Fri Sep 21 16:25:44 CST 2012" endtime="Fri Sep 21 16:25:44 CST 2012" />
                    <Test name="testMac09" result="pass" starttime="Fri Sep 21 16:25:44 CST 2012" endtime="Fri Sep 21 16:25:44 CST 2012" />
                    <Test name="testMac10" result="pass" starttime="Fri Sep 21 16:25:44 CST 2012" endtime="Fri Sep 21 16:25:45 CST 2012" />
                    <Test name="testMac11" result="pass" starttime="Fri Sep 21 16:25:45 CST 2012" endtime="Fri Sep 21 16:25:45 CST 2012" />
                    <Test name="testMac12" result="pass" starttime="Fri Sep 21 16:25:45 CST 2012" endtime="Fri Sep 21 16:25:45 CST 2012" />
                    <Test name="testMac13" result="pass" starttime="Fri Sep 21 16:25:45 CST 2012" endtime="Fri Sep 21 16:25:45 CST 2012" />
                    <Test name="testMac14" result="pass" starttime="Fri Sep 21 16:25:45 CST 2012" endtime="Fri Sep 21 16:25:45 CST 2012" />
                    <Test name="testMacClone" result="pass" starttime="Fri Sep 21 16:25:45 CST 2012" endtime="Fri Sep 21 16:25:45 CST 2012" />
                    <Test name="testMacConstructor" result="pass" starttime="Fri Sep 21 16:25:45 CST 2012" endtime="Fri Sep 21 16:25:45 CST 2012" />
                    <Test name="testReset" result="pass" starttime="Fri Sep 21 16:25:45 CST 2012" endtime="Fri Sep 21 16:25:45 CST 2012" />
                    <Test name="testUpdateByteBuffer01" result="pass" starttime="Fri Sep 21 16:25:45 CST 2012" endtime="Fri Sep 21 16:25:46 CST 2012" />
                    <Test name="testUpdateByteBuffer02" result="pass" starttime="Fri Sep 21 16:25:46 CST 2012" endtime="Fri Sep 21 16:25:46 CST 2012" />
                    <Test name="test_getAlgorithm" result="pass" starttime="Fri Sep 21 16:25:46 CST 2012" endtime="Fri Sep 21 16:25:46 CST 2012" />
                    <Test name="test_getProvider" result="pass" starttime="Fri Sep 21 16:25:46 CST 2012" endtime="Fri Sep 21 16:25:46 CST 2012" />
                  </TestCase>
                  <TestCase name="NoSuchPaddingExceptionTest" priority="">
                    <Test name="testNoSuchPaddingException01" result="pass" starttime="Fri Sep 21 16:25:46 CST 2012" endtime="Fri Sep 21 16:25:46 CST 2012" />
                    <Test name="testNoSuchPaddingException02" result="pass" starttime="Fri Sep 21 16:25:46 CST 2012" endtime="Fri Sep 21 16:25:46 CST 2012" />
                    <Test name="testNoSuchPaddingException03" result="pass" starttime="Fri Sep 21 16:25:46 CST 2012" endtime="Fri Sep 21 16:25:46 CST 2012" />
                  </TestCase>
                  <TestCase name="NullCipherTest" priority="">
                    <Test name="testDoFinal" result="pass" starttime="Fri Sep 21 16:25:46 CST 2012" endtime="Fri Sep 21 16:25:46 CST 2012" />
                    <Test name="testDoFinalbyteArray" result="pass" starttime="Fri Sep 21 16:25:46 CST 2012" endtime="Fri Sep 21 16:25:47 CST 2012" />
                    <Test name="testDoFinalbyteArrayint" result="pass" starttime="Fri Sep 21 16:25:47 CST 2012" endtime="Fri Sep 21 16:25:47 CST 2012" />
                    <Test name="testDoFinalbyteArrayintint" result="pass" starttime="Fri Sep 21 16:25:47 CST 2012" endtime="Fri Sep 21 16:25:47 CST 2012" />
                    <Test name="testDoFinalbyteArrayintintbyteArray" result="pass" starttime="Fri Sep 21 16:25:47 CST 2012" endtime="Fri Sep 21 16:25:47 CST 2012" />
                    <Test name="testDoFinalbyteArrayintintbyteArray2" result="pass" starttime="Fri Sep 21 16:25:47 CST 2012" endtime="Fri Sep 21 16:25:47 CST 2012" />
                    <Test name="testDoFinalbyteArrayintintbyteArray3" result="pass" starttime="Fri Sep 21 16:25:47 CST 2012" endtime="Fri Sep 21 16:25:47 CST 2012" />
                    <Test name="testDoFinalbyteArrayintintbyteArrayint" result="pass" starttime="Fri Sep 21 16:25:47 CST 2012" endtime="Fri Sep 21 16:25:47 CST 2012" />
                    <Test name="testDoFinalbyteArrayintintbyteArrayint2" result="pass" starttime="Fri Sep 21 16:25:47 CST 2012" endtime="Fri Sep 21 16:25:47 CST 2012" />
                    <Test name="testDoFinalbyteArrayintintbyteArrayint3" result="pass" starttime="Fri Sep 21 16:25:47 CST 2012" endtime="Fri Sep 21 16:25:47 CST 2012" />
                    <Test name="testGetAlgorithm" result="pass" starttime="Fri Sep 21 16:25:47 CST 2012" endtime="Fri Sep 21 16:25:48 CST 2012" />
                    <Test name="testGetBlockSize" result="pass" starttime="Fri Sep 21 16:25:48 CST 2012" endtime="Fri Sep 21 16:25:48 CST 2012" />
                    <Test name="testGetExemptionMechanism" result="pass" starttime="Fri Sep 21 16:25:48 CST 2012" endtime="Fri Sep 21 16:25:48 CST 2012" />
                    <Test name="testGetIV" result="pass" starttime="Fri Sep 21 16:25:48 CST 2012" endtime="Fri Sep 21 16:25:48 CST 2012" />
                    <Test name="testGetOutputSize" result="pass" starttime="Fri Sep 21 16:25:48 CST 2012" endtime="Fri Sep 21 16:25:48 CST 2012" />
                    <Test name="testGetParameters" result="pass" starttime="Fri Sep 21 16:25:48 CST 2012" endtime="Fri Sep 21 16:25:48 CST 2012" />
                    <Test name="testInitintKey" result="pass" starttime="Fri Sep 21 16:25:48 CST 2012" endtime="Fri Sep 21 16:25:48 CST 2012" />
                    <Test name="testInitintKeyAlgorithmParameterSpec" result="pass" starttime="Fri Sep 21 16:25:48 CST 2012" endtime="Fri Sep 21 16:25:48 CST 2012" />
                    <Test name="testInitintKeySecureRandom" result="pass" starttime="Fri Sep 21 16:25:48 CST 2012" endtime="Fri Sep 21 16:25:49 CST 2012" />
                    <Test name="testUpdatebyteArray" result="pass" starttime="Fri Sep 21 16:25:49 CST 2012" endtime="Fri Sep 21 16:25:49 CST 2012" />
                    <Test name="testUpdatebyteArrayintint" result="pass" starttime="Fri Sep 21 16:25:49 CST 2012" endtime="Fri Sep 21 16:25:49 CST 2012" />
                    <Test name="testUpdatebyteArrayintint2" result="pass" starttime="Fri Sep 21 16:25:49 CST 2012" endtime="Fri Sep 21 16:25:49 CST 2012" />
                    <Test name="testUpdatebyteArrayintintbyteArray" result="pass" starttime="Fri Sep 21 16:25:49 CST 2012" endtime="Fri Sep 21 16:25:49 CST 2012" />
                    <Test name="testUpdatebyteArrayintintbyteArrayint" result="pass" starttime="Fri Sep 21 16:25:49 CST 2012" endtime="Fri Sep 21 16:25:49 CST 2012" />
                  </TestCase>
                  <TestCase name="SealedObjectTest" priority="">
                    <Test name="testGetAlgorithm" result="pass" starttime="Fri Sep 21 16:25:49 CST 2012" endtime="Fri Sep 21 16:25:49 CST 2012" />
                    <Test name="testGetObject1" result="pass" starttime="Fri Sep 21 16:25:49 CST 2012" endtime="Fri Sep 21 16:25:49 CST 2012" />
                    <Test name="testGetObject2" result="pass" starttime="Fri Sep 21 16:25:49 CST 2012" endtime="Fri Sep 21 16:25:50 CST 2012" />
                    <Test name="testGetObject3" result="pass" starttime="Fri Sep 21 16:25:50 CST 2012" endtime="Fri Sep 21 16:25:50 CST 2012" />
                    <Test name="testReadObject" result="pass" starttime="Fri Sep 21 16:25:50 CST 2012" endtime="Fri Sep 21 16:25:50 CST 2012" />
                    <Test name="testSealedObject1" result="pass" starttime="Fri Sep 21 16:25:50 CST 2012" endtime="Fri Sep 21 16:25:50 CST 2012" />
                    <Test name="testSealedObject2" result="pass" starttime="Fri Sep 21 16:25:50 CST 2012" endtime="Fri Sep 21 16:25:50 CST 2012" />
                  </TestCase>
                  <TestCase name="SecretKeyFactorySpiTest" priority="">
                    <Test name="testSecretKeyFactorySpi01" result="pass" starttime="Fri Sep 21 16:25:50 CST 2012" endtime="Fri Sep 21 16:25:50 CST 2012" />
                  </TestCase>
                  <TestCase name="SecretKeyFactoryTest" priority="">
                    <Test name="testSecretKeyFactory01" result="pass" starttime="Fri Sep 21 16:25:50 CST 2012" endtime="Fri Sep 21 16:25:50 CST 2012" />
                    <Test name="testSecretKeyFactory02" result="pass" starttime="Fri Sep 21 16:25:50 CST 2012" endtime="Fri Sep 21 16:25:50 CST 2012" />
                    <Test name="testSecretKeyFactory03" result="pass" starttime="Fri Sep 21 16:25:50 CST 2012" endtime="Fri Sep 21 16:25:51 CST 2012" />
                    <Test name="testSecretKeyFactory04" result="pass" starttime="Fri Sep 21 16:25:51 CST 2012" endtime="Fri Sep 21 16:25:51 CST 2012" />
                    <Test name="testSecretKeyFactory05" result="pass" starttime="Fri Sep 21 16:25:51 CST 2012" endtime="Fri Sep 21 16:25:51 CST 2012" />
                    <Test name="testSecretKeyFactory06" result="pass" starttime="Fri Sep 21 16:25:51 CST 2012" endtime="Fri Sep 21 16:25:51 CST 2012" />
                    <Test name="testSecretKeyFactory07" result="pass" starttime="Fri Sep 21 16:25:51 CST 2012" endtime="Fri Sep 21 16:25:51 CST 2012" />
                    <Test name="testSecretKeyFactory08" result="pass" starttime="Fri Sep 21 16:25:51 CST 2012" endtime="Fri Sep 21 16:25:51 CST 2012" />
                    <Test name="testSecretKeyFactory09" result="pass" starttime="Fri Sep 21 16:25:51 CST 2012" endtime="Fri Sep 21 16:25:51 CST 2012" />
                    <Test name="testSecretKeyFactory10" result="pass" starttime="Fri Sep 21 16:25:51 CST 2012" endtime="Fri Sep 21 16:25:51 CST 2012" />
                    <Test name="test_getAlgorithm" result="pass" starttime="Fri Sep 21 16:25:51 CST 2012" endtime="Fri Sep 21 16:25:52 CST 2012" />
                    <Test name="test_getProvider" result="pass" starttime="Fri Sep 21 16:25:52 CST 2012" endtime="Fri Sep 21 16:25:52 CST 2012" />
                    <Test name="test_translateKeyLjavax_crypto_SecretKey" result="pass" starttime="Fri Sep 21 16:25:52 CST 2012" endtime="Fri Sep 21 16:25:52 CST 2012" />
                  </TestCase>
                  <TestCase name="SecretKeyTest" priority="">
                    <Test name="testField" result="pass" starttime="Fri Sep 21 16:25:52 CST 2012" endtime="Fri Sep 21 16:25:52 CST 2012" />
                  </TestCase>
                  <TestCase name="ShortBufferExceptionTest" priority="">
                    <Test name="testShortBufferException01" result="pass" starttime="Fri Sep 21 16:25:52 CST 2012" endtime="Fri Sep 21 16:25:52 CST 2012" />
                    <Test name="testShortBufferException02" result="pass" starttime="Fri Sep 21 16:25:52 CST 2012" endtime="Fri Sep 21 16:25:52 CST 2012" />
                    <Test name="testShortBufferException03" result="pass" starttime="Fri Sep 21 16:25:52 CST 2012" endtime="Fri Sep 21 16:25:52 CST 2012" />
                  </TestCase>
                </TestSuite>
              </TestSuite>
            </TestSuite>
          </TestSuite>
          <TestSuite name="luni">
            <TestSuite name="tests">
              <TestSuite name="internal">
                <TestSuite name="net">
                  <TestSuite name="www">
                    <TestSuite name="protocol">
                      <TestSuite name="http">
                        <TestCase name="HttpURLConnectionTest" priority="">
                          <Test name="testGetOutputStream" result="pass" starttime="Fri Sep 21 16:26:06 CST 2012" endtime="Fri Sep 21 16:26:06 CST 2012" />
                          <Test name="testUsingProxy" result="pass" starttime="Fri Sep 21 16:26:06 CST 2012" endtime="Fri Sep 21 16:26:07 CST 2012" />
                          <Test name="testUsingProxySelector" result="pass" starttime="Fri Sep 21 16:26:07 CST 2012" endtime="Fri Sep 21 16:26:08 CST 2012" />
                        </TestCase>
                      </TestSuite>
                      <TestSuite name="https">
                        <TestCase name="HttpsURLConnectionTest" priority="">
                          <Test name="testConsequentProxyConnection" result="pass" starttime="Fri Sep 21 16:26:08 CST 2012" endtime="Fri Sep 21 16:26:09 CST 2012" />
                          <Test name="testGetDefaultSSLSocketFactory" result="pass" starttime="Fri Sep 21 16:26:09 CST 2012" endtime="Fri Sep 21 16:26:09 CST 2012" />
                          <Test name="testHttpsConnection" result="pass" starttime="Fri Sep 21 16:26:09 CST 2012" endtime="Fri Sep 21 16:26:10 CST 2012" />
                          <Test name="testHttpsConnection_Not_Found_Response" result="pass" starttime="Fri Sep 21 16:26:10 CST 2012" endtime="Fri Sep 21 16:26:10 CST 2012" />
                          <Test name="testProxyAuthConnection" result="pass" starttime="Fri Sep 21 16:26:10 CST 2012" endtime="Fri Sep 21 16:26:11 CST 2012" />
                          <Test name="testProxyAuthConnectionFailed" result="pass" starttime="Fri Sep 21 16:26:11 CST 2012" endtime="Fri Sep 21 16:26:11 CST 2012" />
                          <Test name="testProxyAuthConnection_doOutput" result="pass" starttime="Fri Sep 21 16:26:11 CST 2012" endtime="Fri Sep 21 16:26:11 CST 2012" />
                          <Test name="testProxyConnection" result="pass" starttime="Fri Sep 21 16:26:11 CST 2012" endtime="Fri Sep 21 16:26:12 CST 2012" />
                          <Test name="testProxyConnection_Not_Found_Response" result="pass" starttime="Fri Sep 21 16:26:12 CST 2012" endtime="Fri Sep 21 16:26:13 CST 2012" />
                          <Test name="testSetDefaultSSLSocketFactory" result="pass" starttime="Fri Sep 21 16:26:13 CST 2012" endtime="Fri Sep 21 16:26:13 CST 2012" />
                          <Test name="testSetHostnameVerifier" result="pass" starttime="Fri Sep 21 16:26:13 CST 2012" endtime="Fri Sep 21 16:26:14 CST 2012" />
                          <Test name="testSetSSLSocketFactory" result="pass" starttime="Fri Sep 21 16:26:14 CST 2012" endtime="Fri Sep 21 16:26:14 CST 2012" />
                          <Test name="testUnconnectedStateParameters" result="pass" starttime="Fri Sep 21 16:26:14 CST 2012" endtime="Fri Sep 21 16:26:14 CST 2012" />
                          <Test name="test_doOutput" result="pass" starttime="Fri Sep 21 16:26:14 CST 2012" endtime="Fri Sep 21 16:26:15 CST 2012" />
                        </TestCase>
                      </TestSuite>
                    </TestSuite>
                  </TestSuite>
                </TestSuite>
              </TestSuite>
              <TestSuite name="java">
                <TestSuite name="io">
                  <TestCase name="ObjectInputStreamTest" priority="">
                    <Test name="test_ClassDescriptor" result="pass" starttime="Fri Sep 21 16:26:15 CST 2012" endtime="Fri Sep 21 16:26:15 CST 2012" />
                    <Test name="test_ConstructorLjava_io_InputStream" result="pass" starttime="Fri Sep 21 16:26:15 CST 2012" endtime="Fri Sep 21 16:26:15 CST 2012" />
                    <Test name="test_available" result="pass" starttime="Fri Sep 21 16:26:15 CST 2012" endtime="Fri Sep 21 16:26:15 CST 2012" />
                    <Test name="test_close" result="pass" starttime="Fri Sep 21 16:26:15 CST 2012" endtime="Fri Sep 21 16:26:15 CST 2012" />
                    <Test name="test_defaultReadObject" result="pass" starttime="Fri Sep 21 16:26:15 CST 2012" endtime="Fri Sep 21 16:26:15 CST 2012" />
                    <Test name="test_read" result="pass" starttime="Fri Sep 21 16:26:15 CST 2012" endtime="Fri Sep 21 16:26:15 CST 2012" />
                    <Test name="test_read$BII" result="pass" starttime="Fri Sep 21 16:26:15 CST 2012" endtime="Fri Sep 21 16:26:15 CST 2012" />
                    <Test name="test_readBoolean" result="pass" starttime="Fri Sep 21 16:26:15 CST 2012" endtime="Fri Sep 21 16:26:15 CST 2012" />
                    <Test name="test_readByte" result="pass" starttime="Fri Sep 21 16:26:15 CST 2012" endtime="Fri Sep 21 16:26:15 CST 2012" />
                    <Test name="test_readChar" result="pass" starttime="Fri Sep 21 16:26:15 CST 2012" endtime="Fri Sep 21 16:26:16 CST 2012" />
                    <Test name="test_readClassDescriptor" result="pass" starttime="Fri Sep 21 16:26:16 CST 2012" endtime="Fri Sep 21 16:26:16 CST 2012" />
                    <Test name="test_readClassDescriptor_1" result="pass" starttime="Fri Sep 21 16:26:16 CST 2012" endtime="Fri Sep 21 16:26:16 CST 2012" />
                    <Test name="test_readDouble" result="pass" starttime="Fri Sep 21 16:26:16 CST 2012" endtime="Fri Sep 21 16:26:16 CST 2012" />
                    <Test name="test_readFields" result="pass" starttime="Fri Sep 21 16:26:16 CST 2012" endtime="Fri Sep 21 16:26:16 CST 2012" />
                    <Test name="test_readFloat" result="pass" starttime="Fri Sep 21 16:26:16 CST 2012" endtime="Fri Sep 21 16:26:16 CST 2012" />
                    <Test name="test_readFully$B" result="pass" starttime="Fri Sep 21 16:26:16 CST 2012" endtime="Fri Sep 21 16:26:16 CST 2012" />
                    <Test name="test_readFully$BII" result="pass" starttime="Fri Sep 21 16:26:16 CST 2012" endtime="Fri Sep 21 16:26:16 CST 2012" />
                    <Test name="test_readInt" result="pass" starttime="Fri Sep 21 16:26:16 CST 2012" endtime="Fri Sep 21 16:26:16 CST 2012" />
                    <Test name="test_readLine" result="pass" starttime="Fri Sep 21 16:26:16 CST 2012" endtime="Fri Sep 21 16:26:17 CST 2012" />
                    <Test name="test_readLong" result="pass" starttime="Fri Sep 21 16:26:17 CST 2012" endtime="Fri Sep 21 16:26:17 CST 2012" />
                    <Test name="test_readObject" result="pass" starttime="Fri Sep 21 16:26:17 CST 2012" endtime="Fri Sep 21 16:26:17 CST 2012" />
                    <Test name="test_readObjectCorrupt" result="pass" starttime="Fri Sep 21 16:26:17 CST 2012" endtime="Fri Sep 21 16:26:17 CST 2012" />
                    <Test name="test_readObjectMissingClasses" result="pass" starttime="Fri Sep 21 16:26:17 CST 2012" endtime="Fri Sep 21 16:26:17 CST 2012" />
                    <Test name="test_readObjectOverride" result="pass" starttime="Fri Sep 21 16:26:17 CST 2012" endtime="Fri Sep 21 16:26:17 CST 2012" />
                    <Test name="test_readObject_array" result="pass" starttime="Fri Sep 21 16:26:17 CST 2012" endtime="Fri Sep 21 16:26:17 CST 2012" />
                    <Test name="test_readObject_replacedClassDescriptor" result="pass" starttime="Fri Sep 21 16:26:17 CST 2012" endtime="Fri Sep 21 16:26:17 CST 2012" />
                    <Test name="test_readObject_withPrimitiveClass" result="pass" starttime="Fri Sep 21 16:26:17 CST 2012" endtime="Fri Sep 21 16:26:17 CST 2012" />
                    <Test name="test_readShort" result="pass" starttime="Fri Sep 21 16:26:18 CST 2012" endtime="Fri Sep 21 16:26:18 CST 2012" />
                    <Test name="test_readUTF" result="pass" starttime="Fri Sep 21 16:26:18 CST 2012" endtime="Fri Sep 21 16:26:18 CST 2012" />
                    <Test name="test_readUnsignedByte" result="pass" starttime="Fri Sep 21 16:26:18 CST 2012" endtime="Fri Sep 21 16:26:18 CST 2012" />
                    <Test name="test_readUnsignedShort" result="pass" starttime="Fri Sep 21 16:26:18 CST 2012" endtime="Fri Sep 21 16:26:18 CST 2012" />
                    <Test name="test_registerValidation" result="pass" starttime="Fri Sep 21 16:26:18 CST 2012" endtime="Fri Sep 21 16:26:18 CST 2012" />
                    <Test name="test_resolveClass" result="pass" starttime="Fri Sep 21 16:26:18 CST 2012" endtime="Fri Sep 21 16:26:18 CST 2012" />
                    <Test name="test_resolveObjectLjava_lang_Object" result="pass" starttime="Fri Sep 21 16:26:18 CST 2012" endtime="Fri Sep 21 16:26:18 CST 2012" />
                    <Test name="test_resolveProxyClass" result="pass" starttime="Fri Sep 21 16:26:18 CST 2012" endtime="Fri Sep 21 16:26:18 CST 2012" />
                    <Test name="test_skipBytesI" result="pass" starttime="Fri Sep 21 16:26:18 CST 2012" endtime="Fri Sep 21 16:26:19 CST 2012" />
                  </TestCase>
                </TestSuite>
                <TestSuite name="net">
                  <TestCase name="ContentHandlerTest" priority="">
                    <Test name="test_getContent" result="pass" starttime="Fri Sep 21 16:26:19 CST 2012" endtime="Fri Sep 21 16:26:19 CST 2012" />
                  </TestCase>
                  <TestCase name="HttpRetryExceptionTest" priority="">
                    <Test name="testSerializationCompatibility" result="pass" starttime="Fri Sep 21 16:26:19 CST 2012" endtime="Fri Sep 21 16:26:19 CST 2012" />
                    <Test name="testSerializationSelf" result="pass" starttime="Fri Sep 21 16:26:19 CST 2012" endtime="Fri Sep 21 16:26:19 CST 2012" />
                  </TestCase>
                  <TestCase name="URLEncoderTest" priority="">
                    <Test name="test_encodeLjava_lang_String" result="pass" starttime="Fri Sep 21 16:26:24 CST 2012" endtime="Fri Sep 21 16:26:24 CST 2012" />
                    <Test name="test_encodeLjava_lang_StringLjava_lang_String" result="pass" starttime="Fri Sep 21 16:26:24 CST 2012" endtime="Fri Sep 21 16:26:24 CST 2012" />
                  </TestCase>
                </TestSuite>
              </TestSuite>
            </TestSuite>
          </TestSuite>
          <TestSuite name="nio">
            <TestSuite name="tests">
              <TestSuite name="java">
                <TestSuite name="nio">
                  <TestSuite name="channels">
                    <TestSuite name="spi">
                      <TestCase name="SelectorProviderTest" priority="">
                        <Test name="test_open_methods" result="pass" starttime="Fri Sep 21 16:26:24 CST 2012" endtime="Fri Sep 21 16:26:24 CST 2012" />
                      </TestCase>
                    </TestSuite>
                  </TestSuite>
                </TestSuite>
              </TestSuite>
            </TestSuite>
          </TestSuite>
          <TestSuite name="regex">
            <TestSuite name="tests">
              <TestSuite name="java">
                <TestSuite name="util">
                  <TestSuite name="regex">
                    <TestCase name="Matcher2Test" priority="">
                      <Test name="testErrorConditions" result="pass" starttime="Fri Sep 21 16:26:24 CST 2012" endtime="Fri Sep 21 16:26:24 CST 2012" />
                      <Test name="testErrorConditions2" result="pass" starttime="Fri Sep 21 16:26:24 CST 2012" endtime="Fri Sep 21 16:26:24 CST 2012" />
                      <Test name="testReplacementBackSlash" result="pass" starttime="Fri Sep 21 16:26:24 CST 2012" endtime="Fri Sep 21 16:26:24 CST 2012" />
                      <Test name="test_toString" result="pass" starttime="Fri Sep 21 16:26:24 CST 2012" endtime="Fri Sep 21 16:26:24 CST 2012" />
                    </TestCase>
                    <TestCase name="ModeTest" priority="">
                      <Test name="testCase" result="pass" starttime="Fri Sep 21 16:26:24 CST 2012" endtime="Fri Sep 21 16:26:25 CST 2012" />
                      <Test name="testMultiline" result="pass" starttime="Fri Sep 21 16:26:25 CST 2012" endtime="Fri Sep 21 16:26:25 CST 2012" />
                    </TestCase>
                    <TestCase name="Pattern2Test" priority="">
                      <Test name="testAnchors" result="pass" starttime="Fri Sep 21 16:26:25 CST 2012" endtime="Fri Sep 21 16:26:25 CST 2012" />
                      <Test name="testCapturingGroups" result="pass" starttime="Fri Sep 21 16:26:25 CST 2012" endtime="Fri Sep 21 16:26:25 CST 2012" />
                      <Test name="testCharacterClasses" result="pass" starttime="Fri Sep 21 16:26:25 CST 2012" endtime="Fri Sep 21 16:26:25 CST 2012" />
                      <Test name="testCompile1" result="pass" starttime="Fri Sep 21 16:26:25 CST 2012" endtime="Fri Sep 21 16:26:25 CST 2012" />
                      <Test name="testCompile2" result="pass" starttime="Fri Sep 21 16:26:25 CST 2012" endtime="Fri Sep 21 16:26:25 CST 2012" />
                      <Test name="testCompile3" result="pass" starttime="Fri Sep 21 16:26:25 CST 2012" endtime="Fri Sep 21 16:26:25 CST 2012" />
                      <Test name="testCompile4" result="pass" starttime="Fri Sep 21 16:26:25 CST 2012" endtime="Fri Sep 21 16:26:25 CST 2012" />
                      <Test name="testCompile5" result="pass" starttime="Fri Sep 21 16:26:25 CST 2012" endtime="Fri Sep 21 16:26:26 CST 2012" />
                      <Test name="testCursors" result="pass" starttime="Fri Sep 21 16:26:26 CST 2012" endtime="Fri Sep 21 16:26:26 CST 2012" />
                      <Test name="testEscapes" result="pass" starttime="Fri Sep 21 16:26:26 CST 2012" endtime="Fri Sep 21 16:26:26 CST 2012" />
                      <Test name="testGroups" result="pass" starttime="Fri Sep 21 16:26:26 CST 2012" endtime="Fri Sep 21 16:26:26 CST 2012" />
                      <Test name="testMisc" result="pass" starttime="Fri Sep 21 16:26:26 CST 2012" endtime="Fri Sep 21 16:26:27 CST 2012" />
                      <Test name="testPOSIXGroups" result="pass" starttime="Fri Sep 21 16:26:27 CST 2012" endtime="Fri Sep 21 16:26:27 CST 2012" />
                      <Test name="testRepeats" result="pass" starttime="Fri Sep 21 16:26:27 CST 2012" endtime="Fri Sep 21 16:26:27 CST 2012" />
                      <Test name="testReplace" result="pass" starttime="Fri Sep 21 16:26:27 CST 2012" endtime="Fri Sep 21 16:26:27 CST 2012" />
                      <Test name="testSimpleMatch" result="pass" starttime="Fri Sep 21 16:26:27 CST 2012" endtime="Fri Sep 21 16:26:27 CST 2012" />
                      <Test name="testUnicodeBlocks" result="pass" starttime="Fri Sep 21 16:26:27 CST 2012" endtime="Fri Sep 21 16:26:37 CST 2012" />
                      <Test name="testUnicodeCategories" result="pass" starttime="Fri Sep 21 16:26:37 CST 2012" endtime="Fri Sep 21 16:26:37 CST 2012" />
                    </TestCase>
                    <TestCase name="PatternErrorTest" priority="">
                      <Test name="testCompileErrors" result="pass" starttime="Fri Sep 21 16:26:37 CST 2012" endtime="Fri Sep 21 16:26:37 CST 2012" />
                    </TestCase>
                    <TestCase name="PatternSyntaxExceptionTest" priority="">
                      <Test name="testPatternSyntaxException" result="pass" starttime="Fri Sep 21 16:26:37 CST 2012" endtime="Fri Sep 21 16:26:37 CST 2012" />
                    </TestCase>
                    <TestCase name="PatternTest" priority="">
                      <Test name="testAltWithFlags" result="pass" starttime="Fri Sep 21 16:26:37 CST 2012" endtime="Fri Sep 21 16:26:38 CST 2012" />
                      <Test name="testAlternations" result="pass" starttime="Fri Sep 21 16:26:38 CST 2012" endtime="Fri Sep 21 16:26:38 CST 2012" />
                      <Test name="testAlternationsWithSurrogatesSupplementary" result="pass" starttime="Fri Sep 21 16:26:38 CST 2012" endtime="Fri Sep 21 16:26:38 CST 2012" />
                      <Test name="testBackReferences" result="pass" starttime="Fri Sep 21 16:26:38 CST 2012" endtime="Fri Sep 21 16:26:38 CST 2012" />
                      <Test name="testBug181" result="pass" starttime="Fri Sep 21 16:26:38 CST 2012" endtime="Fri Sep 21 16:26:38 CST 2012" />
                      <Test name="testBug197" result="pass" starttime="Fri Sep 21 16:26:38 CST 2012" endtime="Fri Sep 21 16:26:38 CST 2012" />
                      <Test name="testCaseInsensitiveFlag" result="pass" starttime="Fri Sep 21 16:26:38 CST 2012" endtime="Fri Sep 21 16:26:38 CST 2012" />
                      <Test name="testCompile" result="pass" starttime="Fri Sep 21 16:26:38 CST 2012" endtime="Fri Sep 21 16:26:38 CST 2012" />
                      <Test name="testCompileCharacterClass" result="pass" starttime="Fri Sep 21 16:26:38 CST 2012" endtime="Fri Sep 21 16:26:38 CST 2012" />
                      <Test name="testCompileNonCaptGroup" result="pass" starttime="Fri Sep 21 16:26:38 CST 2012" endtime="Fri Sep 21 16:26:39 CST 2012" />
                      <Test name="testCompilePatternWithTerminatorMark" result="pass" starttime="Fri Sep 21 16:26:39 CST 2012" endtime="Fri Sep 21 16:26:39 CST 2012" />
                      <Test name="testCompileRanges" result="pass" starttime="Fri Sep 21 16:26:39 CST 2012" endtime="Fri Sep 21 16:26:39 CST 2012" />
                      <Test name="testCompileStringint" result="pass" starttime="Fri Sep 21 16:26:39 CST 2012" endtime="Fri Sep 21 16:26:39 CST 2012" />
                      <Test name="testCorrectReplacementBackreferencedJointSet" result="pass" starttime="Fri Sep 21 16:26:39 CST 2012" endtime="Fri Sep 21 16:26:39 CST 2012" />
                      <Test name="testDotConstructionWithSurrogatesSupplementary" result="pass" starttime="Fri Sep 21 16:26:39 CST 2012" endtime="Fri Sep 21 16:26:39 CST 2012" />
                      <Test name="testEmbeddedFlags" result="pass" starttime="Fri Sep 21 16:26:39 CST 2012" endtime="Fri Sep 21 16:26:39 CST 2012" />
                      <Test name="testEmptyFamily" result="pass" starttime="Fri Sep 21 16:26:39 CST 2012" endtime="Fri Sep 21 16:26:39 CST 2012" />
                      <Test name="testEmptyGroups" result="pass" starttime="Fri Sep 21 16:26:39 CST 2012" endtime="Fri Sep 21 16:26:39 CST 2012" />
                      <Test name="testEscapes" result="pass" starttime="Fri Sep 21 16:26:39 CST 2012" endtime="Fri Sep 21 16:26:39 CST 2012" />
                      <Test name="testFindBoundaryCases1" result="pass" starttime="Fri Sep 21 16:26:39 CST 2012" endtime="Fri Sep 21 16:26:40 CST 2012" />
                      <Test name="testFindBoundaryCases2" result="pass" starttime="Fri Sep 21 16:26:40 CST 2012" endtime="Fri Sep 21 16:26:40 CST 2012" />
                      <Test name="testFindBoundaryCases3" result="pass" starttime="Fri Sep 21 16:26:40 CST 2012" endtime="Fri Sep 21 16:26:40 CST 2012" />
                      <Test name="testFindBoundaryCases4" result="pass" starttime="Fri Sep 21 16:26:40 CST 2012" endtime="Fri Sep 21 16:26:40 CST 2012" />
                      <Test name="testFindBoundaryCases5" result="pass" starttime="Fri Sep 21 16:26:40 CST 2012" endtime="Fri Sep 21 16:26:40 CST 2012" />
                      <Test name="testFindBoundaryCases6" result="pass" starttime="Fri Sep 21 16:26:40 CST 2012" endtime="Fri Sep 21 16:26:40 CST 2012" />
                      <Test name="testFindGreedy" result="pass" starttime="Fri Sep 21 16:26:40 CST 2012" endtime="Fri Sep 21 16:26:40 CST 2012" />
                      <Test name="testFlags" result="pass" starttime="Fri Sep 21 16:26:40 CST 2012" endtime="Fri Sep 21 16:26:40 CST 2012" />
                      <Test name="testFlagsCompileDefault" result="pass" starttime="Fri Sep 21 16:26:40 CST 2012" endtime="Fri Sep 21 16:26:40 CST 2012" />
                      <Test name="testFlagsCompileValid" result="pass" starttime="Fri Sep 21 16:26:40 CST 2012" endtime="Fri Sep 21 16:26:41 CST 2012" />
                      <Test name="testGroupsWithSurrogatesSupplementary" result="pass" starttime="Fri Sep 21 16:26:41 CST 2012" endtime="Fri Sep 21 16:26:41 CST 2012" />
                      <Test name="testIllegalEscape" result="pass" starttime="Fri Sep 21 16:26:41 CST 2012" endtime="Fri Sep 21 16:26:41 CST 2012" />
                      <Test name="testMatchWithGroups" result="pass" starttime="Fri Sep 21 16:26:41 CST 2012" endtime="Fri Sep 21 16:26:41 CST 2012" />
                      <Test name="testMatcher" result="pass" starttime="Fri Sep 21 16:26:41 CST 2012" endtime="Fri Sep 21 16:26:41 CST 2012" />
                      <Test name="testMatches" result="pass" starttime="Fri Sep 21 16:26:41 CST 2012" endtime="Fri Sep 21 16:26:41 CST 2012" />
                      <Test name="testMatchesException" result="pass" starttime="Fri Sep 21 16:26:41 CST 2012" endtime="Fri Sep 21 16:26:41 CST 2012" />
                      <Test name="testNewLine" result="pass" starttime="Fri Sep 21 16:26:41 CST 2012" endtime="Fri Sep 21 16:26:41 CST 2012" />
                      <Test name="testNonCaptConstr" result="pass" starttime="Fri Sep 21 16:26:41 CST 2012" endtime="Fri Sep 21 16:26:42 CST 2012" />
                      <Test name="testOrphanQuantifiers" result="pass" starttime="Fri Sep 21 16:26:42 CST 2012" endtime="Fri Sep 21 16:26:42 CST 2012" />
                      <Test name="testOrphanQuantifiers2" result="pass" starttime="Fri Sep 21 16:26:42 CST 2012" endtime="Fri Sep 21 16:26:42 CST 2012" />
                      <Test name="testPattern" result="pass" starttime="Fri Sep 21 16:26:42 CST 2012" endtime="Fri Sep 21 16:26:42 CST 2012" />
                      <Test name="testPredefinedClassesWithSurrogatesSupplementary" result="pass" starttime="Fri Sep 21 16:26:42 CST 2012" endtime="Fri Sep 21 16:26:42 CST 2012" />
                      <Test name="testQuantCompileNeg" result="pass" starttime="Fri Sep 21 16:26:42 CST 2012" endtime="Fri Sep 21 16:26:42 CST 2012" />
                      <Test name="testQuantCompilePos" result="pass" starttime="Fri Sep 21 16:26:42 CST 2012" endtime="Fri Sep 21 16:26:42 CST 2012" />
                      <Test name="testQuantComposition" result="pass" starttime="Fri Sep 21 16:26:42 CST 2012" endtime="Fri Sep 21 16:26:42 CST 2012" />
                      <Test name="testQuantifiersWithSurrogatesSupplementary" result="pass" starttime="Fri Sep 21 16:26:42 CST 2012" endtime="Fri Sep 21 16:26:42 CST 2012" />
                      <Test name="testRangesSpecialCases" result="pass" starttime="Fri Sep 21 16:26:42 CST 2012" endtime="Fri Sep 21 16:26:43 CST 2012" />
                      <Test name="testRangesWithSurrogatesSupplementary" result="pass" starttime="Fri Sep 21 16:26:43 CST 2012" endtime="Fri Sep 21 16:26:43 CST 2012" />
                      <Test name="testRestoreFlagsAfterGroup" result="pass" starttime="Fri Sep 21 16:26:43 CST 2012" endtime="Fri Sep 21 16:26:43 CST 2012" />
                      <Test name="testSOLQuant" result="pass" starttime="Fri Sep 21 16:26:43 CST 2012" endtime="Fri Sep 21 16:26:43 CST 2012" />
                      <Test name="testSequencesWithSurrogatesSupplementary" result="pass" starttime="Fri Sep 21 16:26:43 CST 2012" endtime="Fri Sep 21 16:26:43 CST 2012" />
                      <Test name="testSerialization" result="pass" starttime="Fri Sep 21 16:26:43 CST 2012" endtime="Fri Sep 21 16:26:43 CST 2012" />
                      <Test name="testSplitCharSequence" result="pass" starttime="Fri Sep 21 16:26:43 CST 2012" endtime="Fri Sep 21 16:26:43 CST 2012" />
                      <Test name="testSplitCharSequenceint" result="pass" starttime="Fri Sep 21 16:26:43 CST 2012" endtime="Fri Sep 21 16:26:43 CST 2012" />
                      <Test name="testSplitEmpty" result="pass" starttime="Fri Sep 21 16:26:43 CST 2012" endtime="Fri Sep 21 16:26:43 CST 2012" />
                      <Test name="testSplitEmptyCharSequence" result="pass" starttime="Fri Sep 21 16:26:43 CST 2012" endtime="Fri Sep 21 16:26:44 CST 2012" />
                      <Test name="testSplitEndsWithPattern" result="pass" starttime="Fri Sep 21 16:26:44 CST 2012" endtime="Fri Sep 21 16:26:44 CST 2012" />
                      <Test name="testTimeZoneIssue" result="pass" starttime="Fri Sep 21 16:26:44 CST 2012" endtime="Fri Sep 21 16:26:44 CST 2012" />
                      <Test name="testToString" result="pass" starttime="Fri Sep 21 16:26:44 CST 2012" endtime="Fri Sep 21 16:26:44 CST 2012" />
                      <Test name="testURIPatterns" result="pass" starttime="Fri Sep 21 16:26:44 CST 2012" endtime="Fri Sep 21 16:26:44 CST 2012" />
                      <Test name="testUnicodeCategoryWithSurrogatesSupplementary" result="pass" starttime="Fri Sep 21 16:26:44 CST 2012" endtime="Fri Sep 21 16:26:44 CST 2012" />
                      <Test name="testZeroSymbols" result="pass" starttime="Fri Sep 21 16:26:44 CST 2012" endtime="Fri Sep 21 16:26:44 CST 2012" />
                      <Test name="test_matcherLjava_lang_StringLjava_lang_CharSequence" result="pass" starttime="Fri Sep 21 16:26:44 CST 2012" endtime="Fri Sep 21 16:26:44 CST 2012" />
                      <Test name="test_quoteLjava_lang_String" result="pass" starttime="Fri Sep 21 16:26:44 CST 2012" endtime="Fri Sep 21 16:26:44 CST 2012" />
                    </TestCase>
                    <TestCase name="ReplaceTest" priority="">
                      <Test name="testCaptureReplace" result="pass" starttime="Fri Sep 21 16:26:44 CST 2012" endtime="Fri Sep 21 16:26:44 CST 2012" />
                      <Test name="testEscapeReplace" result="pass" starttime="Fri Sep 21 16:26:44 CST 2012" endtime="Fri Sep 21 16:26:45 CST 2012" />
                      <Test name="testSimpleReplace" result="pass" starttime="Fri Sep 21 16:26:45 CST 2012" endtime="Fri Sep 21 16:26:45 CST 2012" />
                    </TestCase>
                    <TestCase name="SplitTest" priority="">
                      <Test name="testEmptySplits" result="pass" starttime="Fri Sep 21 16:26:45 CST 2012" endtime="Fri Sep 21 16:26:45 CST 2012" />
                      <Test name="testSimple" result="pass" starttime="Fri Sep 21 16:26:45 CST 2012" endtime="Fri Sep 21 16:26:45 CST 2012" />
                      <Test name="testSplit1" result="pass" starttime="Fri Sep 21 16:26:45 CST 2012" endtime="Fri Sep 21 16:26:45 CST 2012" />
                      <Test name="testSplit2" result="pass" starttime="Fri Sep 21 16:26:45 CST 2012" endtime="Fri Sep 21 16:26:45 CST 2012" />
                      <Test name="testSplitSupplementaryWithEmptyString" result="pass" starttime="Fri Sep 21 16:26:45 CST 2012" endtime="Fri Sep 21 16:26:45 CST 2012" />
                    </TestCase>
                  </TestSuite>
                </TestSuite>
              </TestSuite>
            </TestSuite>
          </TestSuite>
          <TestSuite name="security">
            <TestSuite name="tests">
              <TestSuite name="java">
                <TestSuite name="security">
                  <TestCase name="AlgorithmParameterGenerator1Test" priority="">
                    <Test name="testAlgorithmParameterGenerator01" result="pass" starttime="Fri Sep 21 16:26:45 CST 2012" endtime="Fri Sep 21 16:26:45 CST 2012" />
                    <Test name="testAlgorithmParameterGenerator02" result="pass" starttime="Fri Sep 21 16:26:45 CST 2012" endtime="Fri Sep 21 16:26:45 CST 2012" />
                    <Test name="testAlgorithmParameterGenerator03" result="pass" starttime="Fri Sep 21 16:26:45 CST 2012" endtime="Fri Sep 21 16:26:46 CST 2012" />
                    <Test name="testAlgorithmParameterGenerator04" result="pass" starttime="Fri Sep 21 16:26:46 CST 2012" endtime="Fri Sep 21 16:26:46 CST 2012" />
                    <Test name="testAlgorithmParameterGenerator05" result="pass" starttime="Fri Sep 21 16:26:46 CST 2012" endtime="Fri Sep 21 16:26:46 CST 2012" />
                    <Test name="testAlgorithmParameterGenerator06" result="pass" starttime="Fri Sep 21 16:26:46 CST 2012" endtime="Fri Sep 21 16:26:46 CST 2012" />
                    <Test name="testAlgorithmParameterGenerator07" result="pass" starttime="Fri Sep 21 16:26:46 CST 2012" endtime="Fri Sep 21 16:26:46 CST 2012" />
                    <Test name="testAlgorithmParameterGenerator08" result="pass" starttime="Fri Sep 21 16:26:46 CST 2012" endtime="Fri Sep 21 16:26:46 CST 2012" />
                    <Test name="testAlgorithmParameterGenerator09" result="pass" starttime="Fri Sep 21 16:26:46 CST 2012" endtime="Fri Sep 21 16:26:46 CST 2012" />
                    <Test name="testAlgorithmParameterGenerator10" result="pass" starttime="Fri Sep 21 16:26:46 CST 2012" endtime="Fri Sep 21 16:26:47 CST 2012" />
                    <Test name="testAlgorithmParameterGenerator12" result="pass" starttime="Fri Sep 21 16:26:47 CST 2012" endtime="Fri Sep 21 16:26:47 CST 2012" />
                    <Test name="testConstructor" result="pass" starttime="Fri Sep 21 16:26:47 CST 2012" endtime="Fri Sep 21 16:26:47 CST 2012" />
                  </TestCase>
                  <TestCase name="AlgorithmParameterGenerator2Test" priority="">
                    <Test name="testGetInstance01" result="pass" starttime="Fri Sep 21 16:26:47 CST 2012" endtime="Fri Sep 21 16:26:47 CST 2012" />
                    <Test name="testGetInstance02" result="pass" starttime="Fri Sep 21 16:26:47 CST 2012" endtime="Fri Sep 21 16:26:47 CST 2012" />
                    <Test name="testGetInstance03" result="pass" starttime="Fri Sep 21 16:26:47 CST 2012" endtime="Fri Sep 21 16:26:48 CST 2012" />
                  </TestCase>
                  <TestCase name="AlgorithmParametersSpiTest" priority="">
                    <Test name="testAlgorithmParametersSpi" result="pass" starttime="Fri Sep 21 16:26:48 CST 2012" endtime="Fri Sep 21 16:26:48 CST 2012" />
                  </TestCase>
                  <TestCase name="AlgorithmParametersTest" priority="">
                    <Test name="testAlgorithmParametersConst" result="pass" starttime="Fri Sep 21 16:26:48 CST 2012" endtime="Fri Sep 21 16:26:48 CST 2012" />
                    <Test name="testDSAProvider" result="pass" starttime="Fri Sep 21 16:26:48 CST 2012" endtime="Fri Sep 21 16:26:48 CST 2012" />
                    <Test name="testOAEPProvider" result="pass" starttime="Fri Sep 21 16:26:48 CST 2012" endtime="Fri Sep 21 16:26:48 CST 2012" />
                    <Test name="test_getAlgorithm" result="pass" starttime="Fri Sep 21 16:26:48 CST 2012" endtime="Fri Sep 21 16:26:48 CST 2012" />
                    <Test name="test_getEncoded" result="pass" starttime="Fri Sep 21 16:26:48 CST 2012" endtime="Fri Sep 21 16:26:48 CST 2012" />
                    <Test name="test_getEncodedLjava_lang_String" result="pass" starttime="Fri Sep 21 16:26:48 CST 2012" endtime="Fri Sep 21 16:26:48 CST 2012" />
                    <Test name="test_getInstanceLjava_lang_String" result="pass" starttime="Fri Sep 21 16:26:48 CST 2012" endtime="Fri Sep 21 16:26:48 CST 2012" />
                    <Test name="test_getInstanceLjava_lang_StringLjava_lang_String" result="pass" starttime="Fri Sep 21 16:26:48 CST 2012" endtime="Fri Sep 21 16:26:49 CST 2012" />
                    <Test name="test_getInstanceLjava_lang_StringLjava_security_Provider" result="pass" starttime="Fri Sep 21 16:26:49 CST 2012" endtime="Fri Sep 21 16:26:49 CST 2012" />
                    <Test name="test_getParameterSpecLjava_lang_Class" result="pass" starttime="Fri Sep 21 16:26:49 CST 2012" endtime="Fri Sep 21 16:26:49 CST 2012" />
                    <Test name="test_getProvider" result="pass" starttime="Fri Sep 21 16:26:49 CST 2012" endtime="Fri Sep 21 16:26:49 CST 2012" />
                    <Test name="test_init$B" result="pass" starttime="Fri Sep 21 16:26:49 CST 2012" endtime="Fri Sep 21 16:26:49 CST 2012" />
                    <Test name="test_init$BLjava_lang_String" result="pass" starttime="Fri Sep 21 16:26:49 CST 2012" endtime="Fri Sep 21 16:26:49 CST 2012" />
                    <Test name="test_initLjava_security_spec_AlgorithmParameterSpec" result="pass" starttime="Fri Sep 21 16:26:49 CST 2012" endtime="Fri Sep 21 16:26:49 CST 2012" />
                    <Test name="test_toString" result="pass" starttime="Fri Sep 21 16:26:49 CST 2012" endtime="Fri Sep 21 16:26:49 CST 2012" />
                  </TestCase>
                  <TestCase name="CodeSignerTest" priority="">
                    <Test name="testCodeSigner_00" result="pass" starttime="Fri Sep 21 16:26:49 CST 2012" endtime="Fri Sep 21 16:26:49 CST 2012" />
                    <Test name="testCodeSigner_01" result="pass" starttime="Fri Sep 21 16:26:49 CST 2012" endtime="Fri Sep 21 16:26:50 CST 2012" />
                    <Test name="testCodeSigner_02" result="pass" starttime="Fri Sep 21 16:26:50 CST 2012" endtime="Fri Sep 21 16:26:50 CST 2012" />
                    <Test name="testEqualsObject" result="pass" starttime="Fri Sep 21 16:26:50 CST 2012" endtime="Fri Sep 21 16:26:50 CST 2012" />
                    <Test name="testGetSignerCertPath" result="pass" starttime="Fri Sep 21 16:26:50 CST 2012" endtime="Fri Sep 21 16:26:50 CST 2012" />
                    <Test name="testGetTimestamp" result="pass" starttime="Fri Sep 21 16:26:50 CST 2012" endtime="Fri Sep 21 16:26:50 CST 2012" />
                    <Test name="testHashCode" result="pass" starttime="Fri Sep 21 16:26:50 CST 2012" endtime="Fri Sep 21 16:26:50 CST 2012" />
                    <Test name="testToString" result="pass" starttime="Fri Sep 21 16:26:50 CST 2012" endtime="Fri Sep 21 16:26:50 CST 2012" />
                  </TestCase>
                  <TestCase name="DigestExceptionTest" priority="">
                    <Test name="testDigestException01" result="pass" starttime="Fri Sep 21 16:26:50 CST 2012" endtime="Fri Sep 21 16:26:50 CST 2012" />
                    <Test name="testDigestException02" result="pass" starttime="Fri Sep 21 16:26:50 CST 2012" endtime="Fri Sep 21 16:26:50 CST 2012" />
                    <Test name="testDigestException03" result="pass" starttime="Fri Sep 21 16:26:50 CST 2012" endtime="Fri Sep 21 16:26:50 CST 2012" />
                    <Test name="testDigestException04" result="pass" starttime="Fri Sep 21 16:26:50 CST 2012" endtime="Fri Sep 21 16:26:51 CST 2012" />
                    <Test name="testDigestException05" result="pass" starttime="Fri Sep 21 16:26:51 CST 2012" endtime="Fri Sep 21 16:26:51 CST 2012" />
                    <Test name="testDigestException06" result="pass" starttime="Fri Sep 21 16:26:51 CST 2012" endtime="Fri Sep 21 16:26:51 CST 2012" />
                    <Test name="testDigestException07" result="pass" starttime="Fri Sep 21 16:26:51 CST 2012" endtime="Fri Sep 21 16:26:51 CST 2012" />
                    <Test name="testDigestException08" result="pass" starttime="Fri Sep 21 16:26:51 CST 2012" endtime="Fri Sep 21 16:26:51 CST 2012" />
                    <Test name="testDigestException09" result="pass" starttime="Fri Sep 21 16:26:51 CST 2012" endtime="Fri Sep 21 16:26:51 CST 2012" />
                  </TestCase>
                  <TestCase name="DigestInputStream2Test" priority="">
                    <Test name="test_ConstructorLjava_io_InputStreamLjava_security_MessageDigest" result="pass" starttime="Fri Sep 21 16:26:51 CST 2012" endtime="Fri Sep 21 16:26:51 CST 2012" />
                    <Test name="test_getMessageDigest" result="pass" starttime="Fri Sep 21 16:26:51 CST 2012" endtime="Fri Sep 21 16:26:51 CST 2012" />
                    <Test name="test_onZ" result="pass" starttime="Fri Sep 21 16:26:51 CST 2012" endtime="Fri Sep 21 16:26:51 CST 2012" />
                    <Test name="test_read" result="pass" starttime="Fri Sep 21 16:26:51 CST 2012" endtime="Fri Sep 21 16:26:52 CST 2012" />
                    <Test name="test_read$BII" result="pass" starttime="Fri Sep 21 16:26:52 CST 2012" endtime="Fri Sep 21 16:26:52 CST 2012" />
                    <Test name="test_read$BII_Exception" result="pass" starttime="Fri Sep 21 16:26:52 CST 2012" endtime="Fri Sep 21 16:26:52 CST 2012" />
                    <Test name="test_setMessageDigestLjava_security_MessageDigest" result="pass" starttime="Fri Sep 21 16:26:52 CST 2012" endtime="Fri Sep 21 16:26:52 CST 2012" />
                  </TestCase>
                  <TestCase name="DigestInputStreamTest" priority="">
                    <Test name="testDigestInputStream01" result="pass" starttime="Fri Sep 21 16:26:52 CST 2012" endtime="Fri Sep 21 16:26:52 CST 2012" />
                    <Test name="testDigestInputStream02" result="pass" starttime="Fri Sep 21 16:26:52 CST 2012" endtime="Fri Sep 21 16:26:52 CST 2012" />
                    <Test name="testGetMessageDigest" result="pass" starttime="Fri Sep 21 16:26:52 CST 2012" endtime="Fri Sep 21 16:26:52 CST 2012" />
                    <Test name="testOn" result="pass" starttime="Fri Sep 21 16:26:52 CST 2012" endtime="Fri Sep 21 16:26:52 CST 2012" />
                    <Test name="testRead01" result="pass" starttime="Fri Sep 21 16:26:52 CST 2012" endtime="Fri Sep 21 16:26:52 CST 2012" />
                    <Test name="testRead02" result="pass" starttime="Fri Sep 21 16:26:52 CST 2012" endtime="Fri Sep 21 16:26:53 CST 2012" />
                    <Test name="testRead03" result="pass" starttime="Fri Sep 21 16:26:53 CST 2012" endtime="Fri Sep 21 16:26:53 CST 2012" />
                    <Test name="testRead04" result="pass" starttime="Fri Sep 21 16:26:53 CST 2012" endtime="Fri Sep 21 16:26:53 CST 2012" />
                    <Test name="testRead05" result="pass" starttime="Fri Sep 21 16:26:53 CST 2012" endtime="Fri Sep 21 16:26:53 CST 2012" />
                    <Test name="testRead06" result="pass" starttime="Fri Sep 21 16:26:53 CST 2012" endtime="Fri Sep 21 16:26:53 CST 2012" />
                    <Test name="testReadbyteArrayintint01" result="pass" starttime="Fri Sep 21 16:26:53 CST 2012" endtime="Fri Sep 21 16:26:53 CST 2012" />
                    <Test name="testReadbyteArrayintint02" result="pass" starttime="Fri Sep 21 16:26:53 CST 2012" endtime="Fri Sep 21 16:26:53 CST 2012" />
                    <Test name="testReadbyteArrayintint03" result="pass" starttime="Fri Sep 21 16:26:53 CST 2012" endtime="Fri Sep 21 16:26:53 CST 2012" />
                    <Test name="testReadbyteArrayintint04" result="pass" starttime="Fri Sep 21 16:26:53 CST 2012" endtime="Fri Sep 21 16:26:53 CST 2012" />
                    <Test name="testReadbyteArrayintint05" result="pass" starttime="Fri Sep 21 16:26:53 CST 2012" endtime="Fri Sep 21 16:26:53 CST 2012" />
                    <Test name="testSetMessageDigest" result="pass" starttime="Fri Sep 21 16:26:53 CST 2012" endtime="Fri Sep 21 16:26:54 CST 2012" />
                    <Test name="testToString" result="pass" starttime="Fri Sep 21 16:26:54 CST 2012" endtime="Fri Sep 21 16:26:54 CST 2012" />
                  </TestCase>
                  <TestCase name="DigestOutputStreamTest" priority="">
                    <Test name="testOn" result="pass" starttime="Fri Sep 21 16:26:54 CST 2012" endtime="Fri Sep 21 16:26:54 CST 2012" />
                    <Test name="testToString" result="pass" starttime="Fri Sep 21 16:26:54 CST 2012" endtime="Fri Sep 21 16:26:54 CST 2012" />
                    <Test name="testWriteint01" result="pass" starttime="Fri Sep 21 16:26:54 CST 2012" endtime="Fri Sep 21 16:26:54 CST 2012" />
                    <Test name="testWriteint02" result="pass" starttime="Fri Sep 21 16:26:54 CST 2012" endtime="Fri Sep 21 16:26:54 CST 2012" />
                    <Test name="testWriteint03" result="pass" starttime="Fri Sep 21 16:26:54 CST 2012" endtime="Fri Sep 21 16:26:54 CST 2012" />
                    <Test name="testWriteint04" result="pass" starttime="Fri Sep 21 16:26:54 CST 2012" endtime="Fri Sep 21 16:26:54 CST 2012" />
                    <Test name="testWriteint05" result="pass" starttime="Fri Sep 21 16:26:54 CST 2012" endtime="Fri Sep 21 16:26:54 CST 2012" />
                    <Test name="test_CtorLjava_io_OutputStreamLjava_security_MessageDigest" result="pass" starttime="Fri Sep 21 16:26:54 CST 2012" endtime="Fri Sep 21 16:26:55 CST 2012" />
                    <Test name="test_getMessageDigest" result="pass" starttime="Fri Sep 21 16:26:55 CST 2012" endtime="Fri Sep 21 16:26:55 CST 2012" />
                    <Test name="test_onZ" result="pass" starttime="Fri Sep 21 16:26:55 CST 2012" endtime="Fri Sep 21 16:26:55 CST 2012" />
                    <Test name="test_setMessageDigestLjava_security_MessageDigest" result="pass" starttime="Fri Sep 21 16:26:55 CST 2012" endtime="Fri Sep 21 16:26:55 CST 2012" />
                    <Test name="test_write$BII_1" result="pass" starttime="Fri Sep 21 16:26:55 CST 2012" endtime="Fri Sep 21 16:26:55 CST 2012" />
                    <Test name="test_write$BII_2" result="pass" starttime="Fri Sep 21 16:26:55 CST 2012" endtime="Fri Sep 21 16:26:55 CST 2012" />
                    <Test name="test_write$BII_3" result="pass" starttime="Fri Sep 21 16:26:55 CST 2012" endtime="Fri Sep 21 16:26:55 CST 2012" />
                    <Test name="test_write$BII_4" result="pass" starttime="Fri Sep 21 16:26:55 CST 2012" endtime="Fri Sep 21 16:26:55 CST 2012" />
                    <Test name="test_write$BII_5" result="pass" starttime="Fri Sep 21 16:26:55 CST 2012" endtime="Fri Sep 21 16:26:55 CST 2012" />
                    <Test name="test_write$BII_6" result="pass" starttime="Fri Sep 21 16:26:55 CST 2012" endtime="Fri Sep 21 16:26:56 CST 2012" />
                    <Test name="test_write$BII_7" result="pass" starttime="Fri Sep 21 16:26:56 CST 2012" endtime="Fri Sep 21 16:26:56 CST 2012" />
                    <Test name="test_writeI" result="pass" starttime="Fri Sep 21 16:26:56 CST 2012" endtime="Fri Sep 21 16:26:56 CST 2012" />
                  </TestCase>
                  <TestCase name="GeneralSecurityExceptionTest" priority="">
                    <Test name="testGeneralSecurityException01" result="pass" starttime="Fri Sep 21 16:26:56 CST 2012" endtime="Fri Sep 21 16:26:56 CST 2012" />
                    <Test name="testGeneralSecurityException02" result="pass" starttime="Fri Sep 21 16:26:56 CST 2012" endtime="Fri Sep 21 16:26:56 CST 2012" />
                    <Test name="testGeneralSecurityException03" result="pass" starttime="Fri Sep 21 16:26:56 CST 2012" endtime="Fri Sep 21 16:26:56 CST 2012" />
                    <Test name="testGeneralSecurityException04" result="pass" starttime="Fri Sep 21 16:26:56 CST 2012" endtime="Fri Sep 21 16:26:56 CST 2012" />
                    <Test name="testGeneralSecurityException05" result="pass" starttime="Fri Sep 21 16:26:56 CST 2012" endtime="Fri Sep 21 16:26:56 CST 2012" />
                    <Test name="testGeneralSecurityException06" result="pass" starttime="Fri Sep 21 16:26:56 CST 2012" endtime="Fri Sep 21 16:26:56 CST 2012" />
                    <Test name="testGeneralSecurityException07" result="pass" starttime="Fri Sep 21 16:26:56 CST 2012" endtime="Fri Sep 21 16:26:57 CST 2012" />
                    <Test name="testGeneralSecurityException08" result="pass" starttime="Fri Sep 21 16:26:57 CST 2012" endtime="Fri Sep 21 16:26:57 CST 2012" />
                    <Test name="testGeneralSecurityException09" result="pass" starttime="Fri Sep 21 16:26:57 CST 2012" endtime="Fri Sep 21 16:26:57 CST 2012" />
                  </TestCase>
                  <TestCase name="GuardedObjectTest" priority="">
                    <Test name="testGuard" result="pass" starttime="Fri Sep 21 16:26:57 CST 2012" endtime="Fri Sep 21 16:26:57 CST 2012" />
                    <Test name="testNoGuard" result="pass" starttime="Fri Sep 21 16:26:57 CST 2012" endtime="Fri Sep 21 16:26:57 CST 2012" />
                  </TestCase>
                  <TestCase name="Identity2Test" priority="">
                    <Test name="testSetInfo" result="pass" starttime="Fri Sep 21 16:26:57 CST 2012" endtime="Fri Sep 21 16:26:57 CST 2012" />
                    <Test name="testSetPublicKey" result="pass" starttime="Fri Sep 21 16:26:57 CST 2012" endtime="Fri Sep 21 16:26:58 CST 2012" />
                    <Test name="test_Constructor" result="pass" starttime="Fri Sep 21 16:26:58 CST 2012" endtime="Fri Sep 21 16:26:58 CST 2012" />
                    <Test name="test_ConstructorLjava_lang_String" result="pass" starttime="Fri Sep 21 16:26:58 CST 2012" endtime="Fri Sep 21 16:26:58 CST 2012" />
                    <Test name="test_ConstructorLjava_lang_StringLjava_security_IdentityScope" result="pass" starttime="Fri Sep 21 16:26:58 CST 2012" endtime="Fri Sep 21 16:26:58 CST 2012" />
                    <Test name="test_certificates" result="pass" starttime="Fri Sep 21 16:26:58 CST 2012" endtime="Fri Sep 21 16:26:58 CST 2012" />
                    <Test name="test_equalsLjava_lang_Object" result="pass" starttime="Fri Sep 21 16:26:58 CST 2012" endtime="Fri Sep 21 16:26:58 CST 2012" />
                    <Test name="test_getInfo" result="pass" starttime="Fri Sep 21 16:26:58 CST 2012" endtime="Fri Sep 21 16:26:58 CST 2012" />
                    <Test name="test_getName" result="pass" starttime="Fri Sep 21 16:26:58 CST 2012" endtime="Fri Sep 21 16:26:59 CST 2012" />
                    <Test name="test_getPublicKey" result="pass" starttime="Fri Sep 21 16:26:59 CST 2012" endtime="Fri Sep 21 16:26:59 CST 2012" />
                    <Test name="test_getScope" result="pass" starttime="Fri Sep 21 16:26:59 CST 2012" endtime="Fri Sep 21 16:26:59 CST 2012" />
                    <Test name="test_hashCode" result="pass" starttime="Fri Sep 21 16:26:59 CST 2012" endtime="Fri Sep 21 16:26:59 CST 2012" />
                    <Test name="test_identityEqualsLjava_security_Identity" result="pass" starttime="Fri Sep 21 16:26:59 CST 2012" endtime="Fri Sep 21 16:26:59 CST 2012" />
                    <Test name="test_removeCertificateLjava_security_Certificate" result="pass" starttime="Fri Sep 21 16:26:59 CST 2012" endtime="Fri Sep 21 16:26:59 CST 2012" />
                    <Test name="test_toString" result="pass" starttime="Fri Sep 21 16:26:59 CST 2012" endtime="Fri Sep 21 16:26:59 CST 2012" />
                    <Test name="test_toStringZ" result="pass" starttime="Fri Sep 21 16:26:59 CST 2012" endtime="Fri Sep 21 16:26:59 CST 2012" />
                  </TestCase>
                  <TestCase name="IdentityScope2Test" priority="">
                    <Test name="test_Constructor" result="pass" starttime="Fri Sep 21 16:26:59 CST 2012" endtime="Fri Sep 21 16:26:59 CST 2012" />
                    <Test name="test_ConstructorLjava_lang_String" result="pass" starttime="Fri Sep 21 16:26:59 CST 2012" endtime="Fri Sep 21 16:27:00 CST 2012" />
                    <Test name="test_ConstructorLjava_lang_StringLjava_security_IdentityScope" result="pass" starttime="Fri Sep 21 16:27:00 CST 2012" endtime="Fri Sep 21 16:27:00 CST 2012" />
                    <Test name="test_addIdentityLjava_security_Identity" result="pass" starttime="Fri Sep 21 16:27:00 CST 2012" endtime="Fri Sep 21 16:27:04 CST 2012" />
                    <Test name="test_getIdentity" result="pass" starttime="Fri Sep 21 16:27:04 CST 2012" endtime="Fri Sep 21 16:27:04 CST 2012" />
                    <Test name="test_getIdentityLjava_lang_String" result="pass" starttime="Fri Sep 21 16:27:04 CST 2012" endtime="Fri Sep 21 16:27:04 CST 2012" />
                    <Test name="test_getIdentityLjava_security_Principal" result="pass" starttime="Fri Sep 21 16:27:04 CST 2012" endtime="Fri Sep 21 16:27:04 CST 2012" />
                    <Test name="test_getIdentityLjava_security_PublicKey" result="pass" starttime="Fri Sep 21 16:27:04 CST 2012" endtime="Fri Sep 21 16:27:06 CST 2012" />
                    <Test name="test_identities" result="pass" starttime="Fri Sep 21 16:27:06 CST 2012" endtime="Fri Sep 21 16:27:06 CST 2012" />
                    <Test name="test_removeIdentityLjava_security_Identity" result="pass" starttime="Fri Sep 21 16:27:06 CST 2012" endtime="Fri Sep 21 16:27:06 CST 2012" />
                    <Test name="test_size" result="pass" starttime="Fri Sep 21 16:27:06 CST 2012" endtime="Fri Sep 21 16:27:06 CST 2012" />
                    <Test name="test_toString" result="pass" starttime="Fri Sep 21 16:27:06 CST 2012" endtime="Fri Sep 21 16:27:06 CST 2012" />
                  </TestCase>
                  <TestCase name="IdentityScopeTest" priority="">
                    <Test name="testGetSystemScope" result="pass" starttime="Fri Sep 21 16:27:06 CST 2012" endtime="Fri Sep 21 16:27:06 CST 2012" />
                    <Test name="testIdentityScope" result="pass" starttime="Fri Sep 21 16:27:06 CST 2012" endtime="Fri Sep 21 16:27:06 CST 2012" />
                    <Test name="testIdentityScopeString" result="pass" starttime="Fri Sep 21 16:27:06 CST 2012" endtime="Fri Sep 21 16:27:06 CST 2012" />
                    <Test name="testIdentityScopeStringIdentityScope" result="pass" starttime="Fri Sep 21 16:27:06 CST 2012" endtime="Fri Sep 21 16:27:07 CST 2012" />
                    <Test name="testSetSystemScope" result="pass" starttime="Fri Sep 21 16:27:07 CST 2012" endtime="Fri Sep 21 16:27:07 CST 2012" />
                    <Test name="testToString" result="pass" starttime="Fri Sep 21 16:27:07 CST 2012" endtime="Fri Sep 21 16:27:07 CST 2012" />
                  </TestCase>
                  <TestCase name="InvalidAlgorithmParameterExceptionTest" priority="">
                    <Test name="testInvalidAlgorithmParameterException01" result="pass" starttime="Fri Sep 21 16:27:07 CST 2012" endtime="Fri Sep 21 16:27:07 CST 2012" />
                    <Test name="testInvalidAlgorithmParameterException02" result="pass" starttime="Fri Sep 21 16:27:07 CST 2012" endtime="Fri Sep 21 16:27:07 CST 2012" />
                    <Test name="testInvalidAlgorithmParameterException03" result="pass" starttime="Fri Sep 21 16:27:07 CST 2012" endtime="Fri Sep 21 16:27:07 CST 2012" />
                    <Test name="testInvalidAlgorithmParameterException04" result="pass" starttime="Fri Sep 21 16:27:07 CST 2012" endtime="Fri Sep 21 16:27:07 CST 2012" />
                    <Test name="testInvalidAlgorithmParameterException05" result="pass" starttime="Fri Sep 21 16:27:07 CST 2012" endtime="Fri Sep 21 16:27:07 CST 2012" />
                    <Test name="testInvalidAlgorithmParameterException06" result="pass" starttime="Fri Sep 21 16:27:07 CST 2012" endtime="Fri Sep 21 16:27:07 CST 2012" />
                    <Test name="testInvalidAlgorithmParameterException07" result="pass" starttime="Fri Sep 21 16:27:07 CST 2012" endtime="Fri Sep 21 16:27:08 CST 2012" />
                    <Test name="testInvalidAlgorithmParameterException08" result="pass" starttime="Fri Sep 21 16:27:08 CST 2012" endtime="Fri Sep 21 16:27:08 CST 2012" />
                    <Test name="testInvalidAlgorithmParameterException09" result="pass" starttime="Fri Sep 21 16:27:08 CST 2012" endtime="Fri Sep 21 16:27:08 CST 2012" />
                  </TestCase>
                  <TestCase name="InvalidKeyExceptionTest" priority="">
                    <Test name="testInvalidKeyException01" result="pass" starttime="Fri Sep 21 16:27:08 CST 2012" endtime="Fri Sep 21 16:27:08 CST 2012" />
                    <Test name="testInvalidKeyException02" result="pass" starttime="Fri Sep 21 16:27:08 CST 2012" endtime="Fri Sep 21 16:27:08 CST 2012" />
                    <Test name="testInvalidKeyException03" result="pass" starttime="Fri Sep 21 16:27:08 CST 2012" endtime="Fri Sep 21 16:27:08 CST 2012" />
                    <Test name="testInvalidKeyException04" result="pass" starttime="Fri Sep 21 16:27:08 CST 2012" endtime="Fri Sep 21 16:27:08 CST 2012" />
                    <Test name="testInvalidKeyException05" result="pass" starttime="Fri Sep 21 16:27:08 CST 2012" endtime="Fri Sep 21 16:27:08 CST 2012" />
                    <Test name="testInvalidKeyException06" result="pass" starttime="Fri Sep 21 16:27:08 CST 2012" endtime="Fri Sep 21 16:27:08 CST 2012" />
                    <Test name="testInvalidKeyException07" result="pass" starttime="Fri Sep 21 16:27:08 CST 2012" endtime="Fri Sep 21 16:27:09 CST 2012" />
                    <Test name="testInvalidKeyException08" result="pass" starttime="Fri Sep 21 16:27:09 CST 2012" endtime="Fri Sep 21 16:27:09 CST 2012" />
                    <Test name="testInvalidKeyException09" result="pass" starttime="Fri Sep 21 16:27:09 CST 2012" endtime="Fri Sep 21 16:27:09 CST 2012" />
                  </TestCase>
                  <TestCase name="InvalidParameterExceptionTest" priority="">
                    <Test name="testInvalidParameterException01" result="pass" starttime="Fri Sep 21 16:27:09 CST 2012" endtime="Fri Sep 21 16:27:09 CST 2012" />
                    <Test name="testInvalidParameterException02" result="pass" starttime="Fri Sep 21 16:27:09 CST 2012" endtime="Fri Sep 21 16:27:09 CST 2012" />
                    <Test name="testInvalidParameterException03" result="pass" starttime="Fri Sep 21 16:27:09 CST 2012" endtime="Fri Sep 21 16:27:09 CST 2012" />
                  </TestCase>
                  <TestCase name="KSCallbackHandlerProtectionTest" priority="">
                    <Test name="testCallbackHandlerProtection" result="pass" starttime="Fri Sep 21 16:27:09 CST 2012" endtime="Fri Sep 21 16:27:09 CST 2012" />
                    <Test name="testGetCallBackHandler" result="pass" starttime="Fri Sep 21 16:27:09 CST 2012" endtime="Fri Sep 21 16:27:09 CST 2012" />
                  </TestCase>
                  <TestCase name="KSPasswordProtectionTest" priority="">
                    <Test name="testGetPassword" result="pass" starttime="Fri Sep 21 16:27:09 CST 2012" endtime="Fri Sep 21 16:27:09 CST 2012" />
                  </TestCase>
                  <TestCase name="KSPrivateKeyEntryTest" priority="">
                    <Test name="testGetCertificate" result="pass" starttime="Fri Sep 21 16:27:09 CST 2012" endtime="Fri Sep 21 16:27:09 CST 2012" />
                    <Test name="testGetCertificateChain" result="pass" starttime="Fri Sep 21 16:27:09 CST 2012" endtime="Fri Sep 21 16:27:10 CST 2012" />
                    <Test name="testGetPrivateKey" result="pass" starttime="Fri Sep 21 16:27:10 CST 2012" endtime="Fri Sep 21 16:27:10 CST 2012" />
                    <Test name="testPrivateKeyEntry01" result="pass" starttime="Fri Sep 21 16:27:10 CST 2012" endtime="Fri Sep 21 16:27:10 CST 2012" />
                    <Test name="testPrivateKeyEntry02" result="pass" starttime="Fri Sep 21 16:27:10 CST 2012" endtime="Fri Sep 21 16:27:10 CST 2012" />
                    <Test name="testPrivateKeyEntry03" result="pass" starttime="Fri Sep 21 16:27:10 CST 2012" endtime="Fri Sep 21 16:27:10 CST 2012" />
                    <Test name="testPrivateKeyEntry04" result="pass" starttime="Fri Sep 21 16:27:10 CST 2012" endtime="Fri Sep 21 16:27:10 CST 2012" />
                    <Test name="testToString" result="pass" starttime="Fri Sep 21 16:27:10 CST 2012" endtime="Fri Sep 21 16:27:10 CST 2012" />
                  </TestCase>
                  <TestCase name="KSSecretKeyEntryTest" priority="">
                    <Test name="testGetSecretKey" result="pass" starttime="Fri Sep 21 16:27:10 CST 2012" endtime="Fri Sep 21 16:27:10 CST 2012" />
                    <Test name="testSecretKeyEntry" result="pass" starttime="Fri Sep 21 16:27:10 CST 2012" endtime="Fri Sep 21 16:27:10 CST 2012" />
                    <Test name="testToString" result="pass" starttime="Fri Sep 21 16:27:10 CST 2012" endtime="Fri Sep 21 16:27:11 CST 2012" />
                  </TestCase>
                  <TestCase name="KSTrustedCertificateEntryTest" priority="">
                    <Test name="testGetTrustedCertificate" result="pass" starttime="Fri Sep 21 16:27:11 CST 2012" endtime="Fri Sep 21 16:27:11 CST 2012" />
                    <Test name="testToString" result="pass" starttime="Fri Sep 21 16:27:11 CST 2012" endtime="Fri Sep 21 16:27:11 CST 2012" />
                    <Test name="testTrustedCertificateEntry" result="pass" starttime="Fri Sep 21 16:27:11 CST 2012" endtime="Fri Sep 21 16:27:11 CST 2012" />
                  </TestCase>
                  <TestCase name="KeyExceptionTest" priority="">
                    <Test name="testKeyException01" result="pass" starttime="Fri Sep 21 16:27:11 CST 2012" endtime="Fri Sep 21 16:27:11 CST 2012" />
                    <Test name="testKeyException02" result="pass" starttime="Fri Sep 21 16:27:11 CST 2012" endtime="Fri Sep 21 16:27:11 CST 2012" />
                    <Test name="testKeyException03" result="pass" starttime="Fri Sep 21 16:27:11 CST 2012" endtime="Fri Sep 21 16:27:11 CST 2012" />
                    <Test name="testKeyException04" result="pass" starttime="Fri Sep 21 16:27:11 CST 2012" endtime="Fri Sep 21 16:27:11 CST 2012" />
                    <Test name="testKeyException05" result="pass" starttime="Fri Sep 21 16:27:11 CST 2012" endtime="Fri Sep 21 16:27:11 CST 2012" />
                    <Test name="testKeyException06" result="pass" starttime="Fri Sep 21 16:27:11 CST 2012" endtime="Fri Sep 21 16:27:12 CST 2012" />
                    <Test name="testKeyException07" result="pass" starttime="Fri Sep 21 16:27:12 CST 2012" endtime="Fri Sep 21 16:27:12 CST 2012" />
                    <Test name="testKeyException08" result="pass" starttime="Fri Sep 21 16:27:12 CST 2012" endtime="Fri Sep 21 16:27:12 CST 2012" />
                    <Test name="testKeyException09" result="pass" starttime="Fri Sep 21 16:27:12 CST 2012" endtime="Fri Sep 21 16:27:12 CST 2012" />
                  </TestCase>
                  <TestCase name="KeyFactory2Test" priority="">
                    <Test name="test_constructor" result="pass" starttime="Fri Sep 21 16:27:12 CST 2012" endtime="Fri Sep 21 16:27:12 CST 2012" />
                    <Test name="test_generatePublicLjava_security_spec_KeySpec" result="pass" starttime="Fri Sep 21 16:27:12 CST 2012" endtime="Fri Sep 21 16:27:12 CST 2012" />
                    <Test name="test_getAlgorithm" result="pass" starttime="Fri Sep 21 16:27:12 CST 2012" endtime="Fri Sep 21 16:27:12 CST 2012" />
                    <Test name="test_getInstanceLjava_lang_String" result="pass" starttime="Fri Sep 21 16:27:12 CST 2012" endtime="Fri Sep 21 16:27:12 CST 2012" />
                    <Test name="test_getInstanceLjava_lang_StringLjava_lang_String" result="pass" starttime="Fri Sep 21 16:27:12 CST 2012" endtime="Fri Sep 21 16:27:13 CST 2012" />
                    <Test name="test_getInstanceLjava_lang_StringLjava_security_Provider" result="pass" starttime="Fri Sep 21 16:27:13 CST 2012" endtime="Fri Sep 21 16:27:13 CST 2012" />
                    <Test name="test_getProvider" result="pass" starttime="Fri Sep 21 16:27:13 CST 2012" endtime="Fri Sep 21 16:27:13 CST 2012" />
                    <Test name="test_translateKeyLjava_security_Key" result="pass" starttime="Fri Sep 21 16:27:13 CST 2012" endtime="Fri Sep 21 16:27:13 CST 2012" />
                  </TestCase>
                  <TestCase name="KeyFactorySpiTest" priority="">
                    <Test name="testKeyFactorySpi" result="pass" starttime="Fri Sep 21 16:27:13 CST 2012" endtime="Fri Sep 21 16:27:13 CST 2012" />
                  </TestCase>
                  <TestCase name="KeyFactoryTest" priority="">
                    <Test name="testGeneratePrivate" result="pass" starttime="Fri Sep 21 16:27:13 CST 2012" endtime="Fri Sep 21 16:27:13 CST 2012" />
                    <Test name="testGeneratePublic" result="pass" starttime="Fri Sep 21 16:27:13 CST 2012" endtime="Fri Sep 21 16:27:13 CST 2012" />
                    <Test name="testGetInstanceString" result="pass" starttime="Fri Sep 21 16:27:13 CST 2012" endtime="Fri Sep 21 16:27:13 CST 2012" />
                    <Test name="testGetInstanceStringProvider" result="pass" starttime="Fri Sep 21 16:27:13 CST 2012" endtime="Fri Sep 21 16:27:13 CST 2012" />
                    <Test name="testGetInstanceStringString" result="pass" starttime="Fri Sep 21 16:27:13 CST 2012" endtime="Fri Sep 21 16:27:14 CST 2012" />
                    <Test name="testGetKeySpec" result="pass" starttime="Fri Sep 21 16:27:14 CST 2012" endtime="Fri Sep 21 16:27:14 CST 2012" />
                    <Test name="testTranslateKey" result="pass" starttime="Fri Sep 21 16:27:14 CST 2012" endtime="Fri Sep 21 16:27:14 CST 2012" />
                  </TestCase>
                  <TestCase name="KeyManagementExceptionTest" priority="">
                    <Test name="testKeyManagementException01" result="pass" starttime="Fri Sep 21 16:27:14 CST 2012" endtime="Fri Sep 21 16:27:14 CST 2012" />
                    <Test name="testKeyManagementException02" result="pass" starttime="Fri Sep 21 16:27:14 CST 2012" endtime="Fri Sep 21 16:27:14 CST 2012" />
                    <Test name="testKeyManagementException03" result="pass" starttime="Fri Sep 21 16:27:14 CST 2012" endtime="Fri Sep 21 16:27:14 CST 2012" />
                    <Test name="testKeyManagementException04" result="pass" starttime="Fri Sep 21 16:27:14 CST 2012" endtime="Fri Sep 21 16:27:14 CST 2012" />
                    <Test name="testKeyManagementException05" result="pass" starttime="Fri Sep 21 16:27:14 CST 2012" endtime="Fri Sep 21 16:27:14 CST 2012" />
                    <Test name="testKeyManagementException06" result="pass" starttime="Fri Sep 21 16:27:14 CST 2012" endtime="Fri Sep 21 16:27:14 CST 2012" />
                    <Test name="testKeyManagementException07" result="pass" starttime="Fri Sep 21 16:27:14 CST 2012" endtime="Fri Sep 21 16:27:15 CST 2012" />
                    <Test name="testKeyManagementException08" result="pass" starttime="Fri Sep 21 16:27:15 CST 2012" endtime="Fri Sep 21 16:27:15 CST 2012" />
                    <Test name="testKeyManagementException09" result="pass" starttime="Fri Sep 21 16:27:15 CST 2012" endtime="Fri Sep 21 16:27:15 CST 2012" />
                  </TestCase>
                  <TestCase name="KeyPairGenerator1Test" priority="">
                    <Test name="testKeyPairGenerator01" result="pass" starttime="Fri Sep 21 16:27:15 CST 2012" endtime="Fri Sep 21 16:27:15 CST 2012" />
                    <Test name="testKeyPairGenerator02" result="pass" starttime="Fri Sep 21 16:27:15 CST 2012" endtime="Fri Sep 21 16:27:15 CST 2012" />
                    <Test name="testKeyPairGenerator03" result="pass" starttime="Fri Sep 21 16:27:15 CST 2012" endtime="Fri Sep 21 16:27:15 CST 2012" />
                    <Test name="testKeyPairGenerator04" result="pass" starttime="Fri Sep 21 16:27:15 CST 2012" endtime="Fri Sep 21 16:27:15 CST 2012" />
                    <Test name="testKeyPairGenerator05" result="pass" starttime="Fri Sep 21 16:27:15 CST 2012" endtime="Fri Sep 21 16:27:15 CST 2012" />
                    <Test name="testKeyPairGenerator06" result="pass" starttime="Fri Sep 21 16:27:15 CST 2012" endtime="Fri Sep 21 16:27:15 CST 2012" />
                    <Test name="testKeyPairGenerator07" result="pass" starttime="Fri Sep 21 16:27:15 CST 2012" endtime="Fri Sep 21 16:27:16 CST 2012" />
                    <Test name="testKeyPairGenerator08" result="pass" starttime="Fri Sep 21 16:27:16 CST 2012" endtime="Fri Sep 21 16:27:16 CST 2012" />
                    <Test name="testKeyPairGenerator09" result="pass" starttime="Fri Sep 21 16:27:16 CST 2012" endtime="Fri Sep 21 16:27:16 CST 2012" />
                    <Test name="testKeyPairGenerator10" result="pass" starttime="Fri Sep 21 16:27:16 CST 2012" endtime="Fri Sep 21 16:27:19 CST 2012" />
                    <Test name="testKeyPairGenerator11" result="pass" starttime="Fri Sep 21 16:27:19 CST 2012" endtime="Fri Sep 21 16:27:19 CST 2012" />
                    <Test name="testKeyPairGenerator12" result="pass" starttime="Fri Sep 21 16:27:19 CST 2012" endtime="Fri Sep 21 16:27:19 CST 2012" />
                    <Test name="testKeyPairGenerator13" result="pass" starttime="Fri Sep 21 16:27:19 CST 2012" endtime="Fri Sep 21 16:27:19 CST 2012" />
                  </TestCase>
                  <TestCase name="KeyPairGenerator2Test" priority="">
                    <Test name="testGetInstance01" result="pass" starttime="Fri Sep 21 16:27:19 CST 2012" endtime="Fri Sep 21 16:27:19 CST 2012" />
                    <Test name="testGetInstance02" result="pass" starttime="Fri Sep 21 16:27:19 CST 2012" endtime="Fri Sep 21 16:27:19 CST 2012" />
                    <Test name="testGetInstance03" result="pass" starttime="Fri Sep 21 16:27:19 CST 2012" endtime="Fri Sep 21 16:27:19 CST 2012" />
                    <Test name="testGetInstance04" result="pass" starttime="Fri Sep 21 16:27:19 CST 2012" endtime="Fri Sep 21 16:27:19 CST 2012" />
                    <Test name="testGetInstance05" result="pass" starttime="Fri Sep 21 16:27:19 CST 2012" endtime="Fri Sep 21 16:27:20 CST 2012" />
                    <Test name="testGetInstance06" result="pass" starttime="Fri Sep 21 16:27:20 CST 2012" endtime="Fri Sep 21 16:27:20 CST 2012" />
                    <Test name="testGetInstance07" result="pass" starttime="Fri Sep 21 16:27:20 CST 2012" endtime="Fri Sep 21 16:27:20 CST 2012" />
                    <Test name="testGetInstance08" result="pass" starttime="Fri Sep 21 16:27:20 CST 2012" endtime="Fri Sep 21 16:27:20 CST 2012" />
                    <Test name="testGetInstance09" result="pass" starttime="Fri Sep 21 16:27:20 CST 2012" endtime="Fri Sep 21 16:27:20 CST 2012" />
                    <Test name="testGetInstance10" result="pass" starttime="Fri Sep 21 16:27:20 CST 2012" endtime="Fri Sep 21 16:27:20 CST 2012" />
                    <Test name="testGetInstance11" result="pass" starttime="Fri Sep 21 16:27:20 CST 2012" endtime="Fri Sep 21 16:27:20 CST 2012" />
                    <Test name="testGetInstance12" result="pass" starttime="Fri Sep 21 16:27:20 CST 2012" endtime="Fri Sep 21 16:27:20 CST 2012" />
                  </TestCase>
                  <TestCase name="KeyPairGenerator3Test" priority="">
                    <Test name="testGenKeyPair01" result="pass" starttime="Fri Sep 21 16:27:20 CST 2012" endtime="Fri Sep 21 16:27:22 CST 2012" />
                    <Test name="testGenKeyPair02" result="pass" starttime="Fri Sep 21 16:27:22 CST 2012" endtime="Fri Sep 21 16:27:37 CST 2012" />
                    <Test name="testKeyPairGeneratorConst" result="pass" starttime="Fri Sep 21 16:27:37 CST 2012" endtime="Fri Sep 21 16:27:37 CST 2012" />
                  </TestCase>
                  <TestCase name="KeyPairGenerator4Test" priority="">
                    <Test name="test_genKeyPair" result="pass" starttime="Fri Sep 21 16:27:37 CST 2012" endtime="Fri Sep 21 16:27:39 CST 2012" />
                    <Test name="test_getAlgorithm" result="pass" starttime="Fri Sep 21 16:27:39 CST 2012" endtime="Fri Sep 21 16:27:39 CST 2012" />
                    <Test name="test_getInstanceLjava_lang_String" result="pass" starttime="Fri Sep 21 16:27:39 CST 2012" endtime="Fri Sep 21 16:27:39 CST 2012" />
                    <Test name="test_getInstanceLjava_lang_StringLjava_lang_String" result="pass" starttime="Fri Sep 21 16:27:39 CST 2012" endtime="Fri Sep 21 16:27:39 CST 2012" />
                    <Test name="test_getProvider" result="pass" starttime="Fri Sep 21 16:27:39 CST 2012" endtime="Fri Sep 21 16:27:39 CST 2012" />
                    <Test name="test_initializeI" result="pass" starttime="Fri Sep 21 16:27:39 CST 2012" endtime="Fri Sep 21 16:27:39 CST 2012" />
                    <Test name="test_initializeILjava_security_SecureRandom" result="pass" starttime="Fri Sep 21 16:27:39 CST 2012" endtime="Fri Sep 21 16:27:39 CST 2012" />
                    <Test name="test_initializeLjava_security_spec_AlgorithmParameterSpec" result="pass" starttime="Fri Sep 21 16:27:39 CST 2012" endtime="Fri Sep 21 16:27:40 CST 2012" />
                    <Test name="test_initializeLjava_security_spec_AlgorithmParameterSpecLjava_security_SecureRandom" result="pass" starttime="Fri Sep 21 16:27:40 CST 2012" endtime="Fri Sep 21 16:27:43 CST 2012" />
                  </TestCase>
                  <TestCase name="KeyPairGeneratorSpiTest" priority="">
                    <Test name="testKeyPairGeneratorSpi01" result="pass" starttime="Fri Sep 21 16:27:43 CST 2012" endtime="Fri Sep 21 16:27:43 CST 2012" />
                  </TestCase>
                  <TestCase name="KeyPairTest" priority="">
                    <Test name="testGetPrivate01" result="pass" starttime="Fri Sep 21 16:27:43 CST 2012" endtime="Fri Sep 21 16:27:43 CST 2012" />
                    <Test name="testGetPrivate02" result="pass" starttime="Fri Sep 21 16:27:43 CST 2012" endtime="Fri Sep 21 16:27:43 CST 2012" />
                    <Test name="testGetPublic01" result="pass" starttime="Fri Sep 21 16:27:43 CST 2012" endtime="Fri Sep 21 16:27:43 CST 2012" />
                    <Test name="testGetPublic02" result="pass" starttime="Fri Sep 21 16:27:43 CST 2012" endtime="Fri Sep 21 16:27:44 CST 2012" />
                    <Test name="testKeyPair01" result="pass" starttime="Fri Sep 21 16:27:44 CST 2012" endtime="Fri Sep 21 16:27:44 CST 2012" />
                    <Test name="testKeyPair02" result="pass" starttime="Fri Sep 21 16:27:44 CST 2012" endtime="Fri Sep 21 16:27:44 CST 2012" />
                  </TestCase>
                  <TestCase name="KeyRepTest" priority="">
                    <Test name="testKeyRep01" result="pass" starttime="Fri Sep 21 16:27:44 CST 2012" endtime="Fri Sep 21 16:27:44 CST 2012" />
                    <Test name="testKeyRep02" result="pass" starttime="Fri Sep 21 16:27:44 CST 2012" endtime="Fri Sep 21 16:27:44 CST 2012" />
                    <Test name="testReadResolve01" result="pass" starttime="Fri Sep 21 16:27:44 CST 2012" endtime="Fri Sep 21 16:27:44 CST 2012" />
                    <Test name="testReadResolve02" result="pass" starttime="Fri Sep 21 16:27:44 CST 2012" endtime="Fri Sep 21 16:27:44 CST 2012" />
                    <Test name="testReadResolve03" result="pass" starttime="Fri Sep 21 16:27:44 CST 2012" endtime="Fri Sep 21 16:27:44 CST 2012" />
                    <Test name="testReadResolve04" result="pass" starttime="Fri Sep 21 16:27:44 CST 2012" endtime="Fri Sep 21 16:27:44 CST 2012" />
                    <Test name="testReadResolve05" result="pass" starttime="Fri Sep 21 16:27:44 CST 2012" endtime="Fri Sep 21 16:27:45 CST 2012" />
                  </TestCase>
                  <TestCase name="KeyRepTypeTest" priority="">
                    <Test name="testValueOf" result="pass" starttime="Fri Sep 21 16:27:45 CST 2012" endtime="Fri Sep 21 16:27:45 CST 2012" />
                    <Test name="testValues" result="pass" starttime="Fri Sep 21 16:27:45 CST 2012" endtime="Fri Sep 21 16:27:45 CST 2012" />
                  </TestCase>
                  <TestCase name="KeyStore2Test" priority="">
                    <Test name="test_aliases" result="pass" starttime="Fri Sep 21 16:27:45 CST 2012" endtime="Fri Sep 21 16:27:45 CST 2012" />
                    <Test name="test_containsAliasLjava_lang_String" result="pass" starttime="Fri Sep 21 16:27:45 CST 2012" endtime="Fri Sep 21 16:27:45 CST 2012" />
                    <Test name="test_deleteEmptyEntryBogusAlias" result="pass" starttime="Fri Sep 21 16:27:45 CST 2012" endtime="Fri Sep 21 16:27:45 CST 2012" />
                    <Test name="test_deleteEmptyEntryEmptyAlias" result="pass" starttime="Fri Sep 21 16:27:45 CST 2012" endtime="Fri Sep 21 16:27:45 CST 2012" />
                    <Test name="test_deleteEntry" result="pass" starttime="Fri Sep 21 16:27:45 CST 2012" endtime="Fri Sep 21 16:27:49 CST 2012" />
                    <Test name="test_entryInstanceOf" result="pass" starttime="Fri Sep 21 16:27:49 CST 2012" endtime="Fri Sep 21 16:27:50 CST 2012" />
                    <Test name="test_getCertificateAliasLjava_security_cert_Certificate" result="pass" starttime="Fri Sep 21 16:27:50 CST 2012" endtime="Fri Sep 21 16:27:50 CST 2012" />
                    <Test name="test_getCertificateChainLjava_lang_String" result="pass" starttime="Fri Sep 21 16:27:50 CST 2012" endtime="Fri Sep 21 16:27:51 CST 2012" />
                    <Test name="test_getCertificateLjava_lang_String" result="pass" starttime="Fri Sep 21 16:27:51 CST 2012" endtime="Fri Sep 21 16:27:51 CST 2012" />
                    <Test name="test_getCreationDate" result="pass" starttime="Fri Sep 21 16:27:51 CST 2012" endtime="Fri Sep 21 16:27:52 CST 2012" />
                    <Test name="test_getEntry" result="pass" starttime="Fri Sep 21 16:27:52 CST 2012" endtime="Fri Sep 21 16:27:54 CST 2012" />
                    <Test name="test_getInstanceLjava_lang_String" result="pass" starttime="Fri Sep 21 16:27:54 CST 2012" endtime="Fri Sep 21 16:27:54 CST 2012" />
                    <Test name="test_getKeyLjava_lang_String$C" result="pass" starttime="Fri Sep 21 16:27:54 CST 2012" endtime="Fri Sep 21 16:27:55 CST 2012" />
                    <Test name="test_isCertificateEntryLjava_lang_String" result="pass" starttime="Fri Sep 21 16:27:55 CST 2012" endtime="Fri Sep 21 16:27:56 CST 2012" />
                    <Test name="test_isKeyEntryLjava_lang_String" result="pass" starttime="Fri Sep 21 16:27:56 CST 2012" endtime="Fri Sep 21 16:27:57 CST 2012" />
                    <Test name="test_loadLjava_io_InputStream$C" result="pass" starttime="Fri Sep 21 16:27:57 CST 2012" endtime="Fri Sep 21 16:27:57 CST 2012" />
                    <Test name="test_loadLjava_security_KeyStoreLoadStoreParameter" result="pass" starttime="Fri Sep 21 16:27:57 CST 2012" endtime="Fri Sep 21 16:27:57 CST 2012" />
                    <Test name="test_setCertificateEntryLjava_lang_StringLjava_security_cert_Certificate" result="pass" starttime="Fri Sep 21 16:27:57 CST 2012" endtime="Fri Sep 21 16:27:57 CST 2012" />
                    <Test name="test_setEntry" result="pass" starttime="Fri Sep 21 16:27:57 CST 2012" endtime="Fri Sep 21 16:28:00 CST 2012" />
                    <Test name="test_setKeyEntryLjava_lang_StringLjava_security_Key$C$Ljava_security_cert_Certificate" result="pass" starttime="Fri Sep 21 16:28:00 CST 2012" endtime="Fri Sep 21 16:28:00 CST 2012" />
                    <Test name="test_size" result="pass" starttime="Fri Sep 21 16:28:00 CST 2012" endtime="Fri Sep 21 16:28:01 CST 2012" />
                    <Test name="test_store_java_io_OutputStream_char" result="pass" starttime="Fri Sep 21 16:28:01 CST 2012" endtime="Fri Sep 21 16:28:01 CST 2012" />
                    <Test name="test_store_java_securityKeyStore_LoadStoreParameter" result="pass" starttime="Fri Sep 21 16:28:01 CST 2012" endtime="Fri Sep 21 16:28:01 CST 2012" />
                  </TestCase>
                  <TestCase name="KeyStore3Test" priority="">
                    <Test name="test_KeyStore" result="pass" starttime="Fri Sep 21 16:28:01 CST 2012" endtime="Fri Sep 21 16:28:01 CST 2012" />
                    <Test name="test_load" result="pass" starttime="Fri Sep 21 16:28:01 CST 2012" endtime="Fri Sep 21 16:28:01 CST 2012" />
                    <Test name="test_setCertificateEntry_null" result="pass" starttime="Fri Sep 21 16:28:01 CST 2012" endtime="Fri Sep 21 16:28:01 CST 2012" />
                    <Test name="test_setKeyEntry_key_is_null" result="pass" starttime="Fri Sep 21 16:28:01 CST 2012" endtime="Fri Sep 21 16:28:02 CST 2012" />
                    <Test name="test_setKeyEntry_key_is_private" result="pass" starttime="Fri Sep 21 16:28:02 CST 2012" endtime="Fri Sep 21 16:28:02 CST 2012" />
                    <Test name="test_setKeyEntry_key_is_public" result="pass" starttime="Fri Sep 21 16:28:02 CST 2012" endtime="Fri Sep 21 16:28:02 CST 2012" />
                    <Test name="test_setKeyEntry_null" result="pass" starttime="Fri Sep 21 16:28:02 CST 2012" endtime="Fri Sep 21 16:28:02 CST 2012" />
                    <Test name="test_store" result="pass" starttime="Fri Sep 21 16:28:02 CST 2012" endtime="Fri Sep 21 16:28:02 CST 2012" />
                  </TestCase>
                  <TestCase name="KeyStore4Test" priority="">
                    <Test name="testGetCertificateAlias" result="pass" starttime="Fri Sep 21 16:28:02 CST 2012" endtime="Fri Sep 21 16:28:02 CST 2012" />
                    <Test name="testGetEntry" result="pass" starttime="Fri Sep 21 16:28:02 CST 2012" endtime="Fri Sep 21 16:28:02 CST 2012" />
                    <Test name="testGetInstanceString" result="pass" starttime="Fri Sep 21 16:28:02 CST 2012" endtime="Fri Sep 21 16:28:02 CST 2012" />
                    <Test name="testGetInstanceStringProvider" result="pass" starttime="Fri Sep 21 16:28:02 CST 2012" endtime="Fri Sep 21 16:28:02 CST 2012" />
                    <Test name="testGetInstanceStringString" result="pass" starttime="Fri Sep 21 16:28:02 CST 2012" endtime="Fri Sep 21 16:28:03 CST 2012" />
                    <Test name="testGetKey" result="pass" starttime="Fri Sep 21 16:28:03 CST 2012" endtime="Fri Sep 21 16:28:03 CST 2012" />
                    <Test name="testGetProvider" result="pass" starttime="Fri Sep 21 16:28:03 CST 2012" endtime="Fri Sep 21 16:28:03 CST 2012" />
                    <Test name="testGetType" result="pass" starttime="Fri Sep 21 16:28:03 CST 2012" endtime="Fri Sep 21 16:28:03 CST 2012" />
                    <Test name="testLoadInputStreamCharArray" result="pass" starttime="Fri Sep 21 16:28:03 CST 2012" endtime="Fri Sep 21 16:28:03 CST 2012" />
                    <Test name="testLoadLoadStoreParameter" result="pass" starttime="Fri Sep 21 16:28:03 CST 2012" endtime="Fri Sep 21 16:28:03 CST 2012" />
                    <Test name="testStoreLoadStoreParameter" result="pass" starttime="Fri Sep 21 16:28:03 CST 2012" endtime="Fri Sep 21 16:28:03 CST 2012" />
                    <Test name="testStoreOutputStreamCharArray" result="pass" starttime="Fri Sep 21 16:28:03 CST 2012" endtime="Fri Sep 21 16:28:03 CST 2012" />
                  </TestCase>
                  <TestCase name="KeyStoreBuilderTest" priority="">
                    <Test name="testConstructor" result="pass" starttime="Fri Sep 21 16:28:03 CST 2012" endtime="Fri Sep 21 16:28:03 CST 2012" />
                    <Test name="testNewInstanceKeyStoreProtectionParameter" result="pass" starttime="Fri Sep 21 16:28:03 CST 2012" endtime="Fri Sep 21 16:28:03 CST 2012" />
                    <Test name="testNewInstanceStringProviderFileProtectionParameter" result="pass" starttime="Fri Sep 21 16:28:03 CST 2012" endtime="Fri Sep 21 16:28:04 CST 2012" />
                    <Test name="testNewInstanceStringProviderProtectionParameter" result="pass" starttime="Fri Sep 21 16:28:04 CST 2012" endtime="Fri Sep 21 16:28:04 CST 2012" />
                  </TestCase>
                  <TestCase name="KeyStoreExceptionTest" priority="">
                    <Test name="testKeyStoreException01" result="pass" starttime="Fri Sep 21 16:28:04 CST 2012" endtime="Fri Sep 21 16:28:04 CST 2012" />
                    <Test name="testKeyStoreException02" result="pass" starttime="Fri Sep 21 16:28:04 CST 2012" endtime="Fri Sep 21 16:28:04 CST 2012" />
                    <Test name="testKeyStoreException03" result="pass" starttime="Fri Sep 21 16:28:04 CST 2012" endtime="Fri Sep 21 16:28:04 CST 2012" />
                    <Test name="testKeyStoreException04" result="pass" starttime="Fri Sep 21 16:28:04 CST 2012" endtime="Fri Sep 21 16:28:04 CST 2012" />
                    <Test name="testKeyStoreException05" result="pass" starttime="Fri Sep 21 16:28:04 CST 2012" endtime="Fri Sep 21 16:28:04 CST 2012" />
                    <Test name="testKeyStoreException06" result="pass" starttime="Fri Sep 21 16:28:04 CST 2012" endtime="Fri Sep 21 16:28:04 CST 2012" />
                    <Test name="testKeyStoreException07" result="pass" starttime="Fri Sep 21 16:28:04 CST 2012" endtime="Fri Sep 21 16:28:04 CST 2012" />
                    <Test name="testKeyStoreException08" result="pass" starttime="Fri Sep 21 16:28:04 CST 2012" endtime="Fri Sep 21 16:28:04 CST 2012" />
                    <Test name="testKeyStoreException09" result="pass" starttime="Fri Sep 21 16:28:04 CST 2012" endtime="Fri Sep 21 16:28:05 CST 2012" />
                  </TestCase>
                  <TestCase name="KeyStorePrivateKeyEntryTest" priority="">
                    <Test name="testGetCertificateChain" result="pass" starttime="Fri Sep 21 16:28:05 CST 2012" endtime="Fri Sep 21 16:28:09 CST 2012" />
                  </TestCase>
                  <TestCase name="KeyStoreSpiTest" priority="">
                    <Test name="testKeyStoteSpi01" result="pass" starttime="Fri Sep 21 16:28:09 CST 2012" endtime="Fri Sep 21 16:28:10 CST 2012" />
                    <Test name="testKeyStoteSpi02" result="pass" starttime="Fri Sep 21 16:28:10 CST 2012" endtime="Fri Sep 21 16:28:10 CST 2012" />
                    <Test name="test_KeyStoreSpi" result="pass" starttime="Fri Sep 21 16:28:10 CST 2012" endtime="Fri Sep 21 16:28:10 CST 2012" />
                    <Test name="test_engineEntryInstanceOf" result="pass" starttime="Fri Sep 21 16:28:10 CST 2012" endtime="Fri Sep 21 16:28:10 CST 2012" />
                    <Test name="test_engineLoadLjava_security_KeyStore_LoadStoreParameter" result="pass" starttime="Fri Sep 21 16:28:10 CST 2012" endtime="Fri Sep 21 16:28:10 CST 2012" />
                  </TestCase>
                  <TestCase name="KeyStoreTest" priority="">
                    <Test name="testEngineEntryInstanceOf" result="pass" starttime="Fri Sep 21 16:28:10 CST 2012" endtime="Fri Sep 21 16:28:10 CST 2012" />
                    <Test name="testKeyStore01" result="pass" starttime="Fri Sep 21 16:28:10 CST 2012" endtime="Fri Sep 21 16:28:10 CST 2012" />
                    <Test name="testKeyStore02" result="pass" starttime="Fri Sep 21 16:28:10 CST 2012" endtime="Fri Sep 21 16:28:11 CST 2012" />
                    <Test name="testKeyStorePPGetPassword" result="pass" starttime="Fri Sep 21 16:28:11 CST 2012" endtime="Fri Sep 21 16:28:11 CST 2012" />
                    <Test name="testKeyStoreTCToString" result="pass" starttime="Fri Sep 21 16:28:11 CST 2012" endtime="Fri Sep 21 16:28:11 CST 2012" />
                    <Test name="testLoadStore02" result="pass" starttime="Fri Sep 21 16:28:11 CST 2012" endtime="Fri Sep 21 16:28:11 CST 2012" />
                    <Test name="testSetKeyEntry" result="pass" starttime="Fri Sep 21 16:28:11 CST 2012" endtime="Fri Sep 21 16:28:11 CST 2012" />
                  </TestCase>
                  <TestCase name="KeyTest" priority="">
                    <Test name="testField" result="pass" starttime="Fri Sep 21 16:28:11 CST 2012" endtime="Fri Sep 21 16:28:11 CST 2012" />
                  </TestCase>
                  <TestCase name="MessageDigest1Test" priority="">
                    <Test name="testSHAProvider" result="pass" starttime="Fri Sep 21 16:28:11 CST 2012" endtime="Fri Sep 21 16:28:11 CST 2012" />
                    <Test name="test_digest" result="pass" starttime="Fri Sep 21 16:28:11 CST 2012" endtime="Fri Sep 21 16:28:11 CST 2012" />
                    <Test name="test_digestLB$" result="pass" starttime="Fri Sep 21 16:28:11 CST 2012" endtime="Fri Sep 21 16:28:11 CST 2012" />
                    <Test name="test_digestLB$LILI" result="pass" starttime="Fri Sep 21 16:28:11 CST 2012" endtime="Fri Sep 21 16:28:12 CST 2012" />
                    <Test name="test_getAlgorithm" result="pass" starttime="Fri Sep 21 16:28:12 CST 2012" endtime="Fri Sep 21 16:28:12 CST 2012" />
                    <Test name="test_getDigestLength" result="pass" starttime="Fri Sep 21 16:28:12 CST 2012" endtime="Fri Sep 21 16:28:12 CST 2012" />
                    <Test name="test_getProvider" result="pass" starttime="Fri Sep 21 16:28:12 CST 2012" endtime="Fri Sep 21 16:28:12 CST 2012" />
                    <Test name="test_isEqualLB$LB$" result="pass" starttime="Fri Sep 21 16:28:12 CST 2012" endtime="Fri Sep 21 16:28:12 CST 2012" />
                    <Test name="test_reset" result="pass" starttime="Fri Sep 21 16:28:12 CST 2012" endtime="Fri Sep 21 16:28:12 CST 2012" />
                    <Test name="test_updateLB" result="pass" starttime="Fri Sep 21 16:28:12 CST 2012" endtime="Fri Sep 21 16:28:12 CST 2012" />
                    <Test name="test_updateLB$" result="pass" starttime="Fri Sep 21 16:28:12 CST 2012" endtime="Fri Sep 21 16:28:12 CST 2012" />
                    <Test name="test_updateLB$LILI" result="pass" starttime="Fri Sep 21 16:28:12 CST 2012" endtime="Fri Sep 21 16:28:12 CST 2012" />
                    <Test name="test_updateLjava_nio_ByteBuffer" result="pass" starttime="Fri Sep 21 16:28:12 CST 2012" endtime="Fri Sep 21 16:28:12 CST 2012" />
                  </TestCase>
                  <TestCase name="MessageDigest2Test" priority="">
                    <Test name="test_clone" result="pass" starttime="Fri Sep 21 16:28:12 CST 2012" endtime="Fri Sep 21 16:28:13 CST 2012" />
                    <Test name="test_constructor" result="pass" starttime="Fri Sep 21 16:28:13 CST 2012" endtime="Fri Sep 21 16:28:13 CST 2012" />
                    <Test name="test_digest" result="pass" starttime="Fri Sep 21 16:28:13 CST 2012" endtime="Fri Sep 21 16:28:13 CST 2012" />
                    <Test name="test_digest$B" result="pass" starttime="Fri Sep 21 16:28:13 CST 2012" endtime="Fri Sep 21 16:28:13 CST 2012" />
                    <Test name="test_digest$BII" result="pass" starttime="Fri Sep 21 16:28:13 CST 2012" endtime="Fri Sep 21 16:28:13 CST 2012" />
                    <Test name="test_getAlgorithm" result="pass" starttime="Fri Sep 21 16:28:13 CST 2012" endtime="Fri Sep 21 16:28:13 CST 2012" />
                    <Test name="test_getDigestLength" result="pass" starttime="Fri Sep 21 16:28:13 CST 2012" endtime="Fri Sep 21 16:28:13 CST 2012" />
                    <Test name="test_getInstanceLjava_lang_String" result="pass" starttime="Fri Sep 21 16:28:13 CST 2012" endtime="Fri Sep 21 16:28:13 CST 2012" />
                    <Test name="test_getInstanceLjava_lang_StringLjava_lang_String" result="pass" starttime="Fri Sep 21 16:28:13 CST 2012" endtime="Fri Sep 21 16:28:13 CST 2012" />
                    <Test name="test_getInstanceLjava_lang_StringLjava_security_Provider" result="pass" starttime="Fri Sep 21 16:28:13 CST 2012" endtime="Fri Sep 21 16:28:14 CST 2012" />
                    <Test name="test_getProvider" result="pass" starttime="Fri Sep 21 16:28:14 CST 2012" endtime="Fri Sep 21 16:28:14 CST 2012" />
                    <Test name="test_isEqual$B$B" result="pass" starttime="Fri Sep 21 16:28:14 CST 2012" endtime="Fri Sep 21 16:28:14 CST 2012" />
                    <Test name="test_toString" result="pass" starttime="Fri Sep 21 16:28:14 CST 2012" endtime="Fri Sep 21 16:28:14 CST 2012" />
                    <Test name="test_update$BII" result="pass" starttime="Fri Sep 21 16:28:14 CST 2012" endtime="Fri Sep 21 16:28:14 CST 2012" />
                  </TestCase>
                  <TestCase name="MessageDigestSpiTest" priority="">
                    <Test name="test_clone" result="pass" starttime="Fri Sep 21 16:28:14 CST 2012" endtime="Fri Sep 21 16:28:14 CST 2012" />
                    <Test name="test_constructor" result="pass" starttime="Fri Sep 21 16:28:14 CST 2012" endtime="Fri Sep 21 16:28:14 CST 2012" />
                    <Test name="test_engineDigestLB$LILI" result="pass" starttime="Fri Sep 21 16:28:14 CST 2012" endtime="Fri Sep 21 16:28:14 CST 2012" />
                    <Test name="test_engineGetDigestLength" result="pass" starttime="Fri Sep 21 16:28:14 CST 2012" endtime="Fri Sep 21 16:28:14 CST 2012" />
                    <Test name="test_engineUpdateLjava_nio_ByteBuffer" result="pass" starttime="Fri Sep 21 16:28:14 CST 2012" endtime="Fri Sep 21 16:28:15 CST 2012" />
                  </TestCase>
                  <TestCase name="NoSuchAlgorithmExceptionTest" priority="">
                    <Test name="testNoSuchAlgorithmException01" result="pass" starttime="Fri Sep 21 16:28:15 CST 2012" endtime="Fri Sep 21 16:28:15 CST 2012" />
                    <Test name="testNoSuchAlgorithmException02" result="pass" starttime="Fri Sep 21 16:28:15 CST 2012" endtime="Fri Sep 21 16:28:15 CST 2012" />
                    <Test name="testNoSuchAlgorithmException03" result="pass" starttime="Fri Sep 21 16:28:15 CST 2012" endtime="Fri Sep 21 16:28:15 CST 2012" />
                    <Test name="testNoSuchAlgorithmException04" result="pass" starttime="Fri Sep 21 16:28:15 CST 2012" endtime="Fri Sep 21 16:28:15 CST 2012" />
                    <Test name="testNoSuchAlgorithmException05" result="pass" starttime="Fri Sep 21 16:28:15 CST 2012" endtime="Fri Sep 21 16:28:15 CST 2012" />
                    <Test name="testNoSuchAlgorithmException06" result="pass" starttime="Fri Sep 21 16:28:15 CST 2012" endtime="Fri Sep 21 16:28:15 CST 2012" />
                    <Test name="testNoSuchAlgorithmException07" result="pass" starttime="Fri Sep 21 16:28:15 CST 2012" endtime="Fri Sep 21 16:28:15 CST 2012" />
                    <Test name="testNoSuchAlgorithmException08" result="pass" starttime="Fri Sep 21 16:28:15 CST 2012" endtime="Fri Sep 21 16:28:15 CST 2012" />
                    <Test name="testNoSuchAlgorithmException09" result="pass" starttime="Fri Sep 21 16:28:15 CST 2012" endtime="Fri Sep 21 16:28:15 CST 2012" />
                  </TestCase>
                  <TestCase name="NoSuchProviderExceptionTest" priority="">
                    <Test name="testNoSuchProviderException01" result="pass" starttime="Fri Sep 21 16:28:15 CST 2012" endtime="Fri Sep 21 16:28:16 CST 2012" />
                    <Test name="testNoSuchProviderException02" result="pass" starttime="Fri Sep 21 16:28:16 CST 2012" endtime="Fri Sep 21 16:28:16 CST 2012" />
                    <Test name="testNoSuchProviderException03" result="pass" starttime="Fri Sep 21 16:28:16 CST 2012" endtime="Fri Sep 21 16:28:16 CST 2012" />
                  </TestCase>
                  <TestCase name="PrivateKeyTest" priority="">
                    <Test name="testField" result="pass" starttime="Fri Sep 21 16:28:16 CST 2012" endtime="Fri Sep 21 16:28:16 CST 2012" />
                  </TestCase>
                  <TestCase name="PrivilegedActionTest" priority="">
                    <Test name="testRun" result="pass" starttime="Fri Sep 21 16:28:16 CST 2012" endtime="Fri Sep 21 16:28:16 CST 2012" />
                  </TestCase>
                  <TestCase name="Provider2Test" priority="">
                    <Test name="test_entrySet" result="pass" starttime="Fri Sep 21 16:28:16 CST 2012" endtime="Fri Sep 21 16:28:16 CST 2012" />
                    <Test name="test_getAlias" result="pass" starttime="Fri Sep 21 16:28:16 CST 2012" endtime="Fri Sep 21 16:28:16 CST 2012" />
                    <Test name="test_getInfo" result="pass" starttime="Fri Sep 21 16:28:16 CST 2012" endtime="Fri Sep 21 16:28:16 CST 2012" />
                    <Test name="test_getName" result="pass" starttime="Fri Sep 21 16:28:16 CST 2012" endtime="Fri Sep 21 16:28:16 CST 2012" />
                    <Test name="test_getVersion" result="pass" starttime="Fri Sep 21 16:28:16 CST 2012" endtime="Fri Sep 21 16:28:17 CST 2012" />
                    <Test name="test_keySet" result="pass" starttime="Fri Sep 21 16:28:17 CST 2012" endtime="Fri Sep 21 16:28:17 CST 2012" />
                    <Test name="test_toString" result="pass" starttime="Fri Sep 21 16:28:17 CST 2012" endtime="Fri Sep 21 16:28:17 CST 2012" />
                    <Test name="test_values" result="pass" starttime="Fri Sep 21 16:28:17 CST 2012" endtime="Fri Sep 21 16:28:17 CST 2012" />
                  </TestCase>
                  <TestCase name="ProviderExceptionTest" priority="">
                    <Test name="testProviderException01" result="pass" starttime="Fri Sep 21 16:28:17 CST 2012" endtime="Fri Sep 21 16:28:17 CST 2012" />
                    <Test name="testProviderException02" result="pass" starttime="Fri Sep 21 16:28:17 CST 2012" endtime="Fri Sep 21 16:28:17 CST 2012" />
                    <Test name="testProviderException03" result="pass" starttime="Fri Sep 21 16:28:17 CST 2012" endtime="Fri Sep 21 16:28:17 CST 2012" />
                    <Test name="testProviderException04" result="pass" starttime="Fri Sep 21 16:28:17 CST 2012" endtime="Fri Sep 21 16:28:17 CST 2012" />
                    <Test name="testProviderException05" result="pass" starttime="Fri Sep 21 16:28:17 CST 2012" endtime="Fri Sep 21 16:28:17 CST 2012" />
                    <Test name="testProviderException06" result="pass" starttime="Fri Sep 21 16:28:17 CST 2012" endtime="Fri Sep 21 16:28:17 CST 2012" />
                    <Test name="testProviderException07" result="pass" starttime="Fri Sep 21 16:28:17 CST 2012" endtime="Fri Sep 21 16:28:18 CST 2012" />
                    <Test name="testProviderException08" result="pass" starttime="Fri Sep 21 16:28:18 CST 2012" endtime="Fri Sep 21 16:28:18 CST 2012" />
                    <Test name="testProviderException09" result="pass" starttime="Fri Sep 21 16:28:18 CST 2012" endtime="Fri Sep 21 16:28:18 CST 2012" />
                  </TestCase>
                  <TestCase name="ProviderServiceTest" priority="">
                    <Test name="testGetAlgorithm" result="pass" starttime="Fri Sep 21 16:28:18 CST 2012" endtime="Fri Sep 21 16:28:18 CST 2012" />
                    <Test name="testGetAttribute" result="pass" starttime="Fri Sep 21 16:28:18 CST 2012" endtime="Fri Sep 21 16:28:18 CST 2012" />
                    <Test name="testGetClassName" result="pass" starttime="Fri Sep 21 16:28:18 CST 2012" endtime="Fri Sep 21 16:28:18 CST 2012" />
                    <Test name="testGetProvider" result="pass" starttime="Fri Sep 21 16:28:18 CST 2012" endtime="Fri Sep 21 16:28:18 CST 2012" />
                    <Test name="testGetType" result="pass" starttime="Fri Sep 21 16:28:18 CST 2012" endtime="Fri Sep 21 16:28:18 CST 2012" />
                    <Test name="testNewInstance" result="pass" starttime="Fri Sep 21 16:28:18 CST 2012" endtime="Fri Sep 21 16:28:18 CST 2012" />
                    <Test name="testService" result="pass" starttime="Fri Sep 21 16:28:18 CST 2012" endtime="Fri Sep 21 16:28:19 CST 2012" />
                    <Test name="testSupportsParameter" result="pass" starttime="Fri Sep 21 16:28:19 CST 2012" endtime="Fri Sep 21 16:28:19 CST 2012" />
                    <Test name="testToString" result="pass" starttime="Fri Sep 21 16:28:19 CST 2012" endtime="Fri Sep 21 16:28:19 CST 2012" />
                  </TestCase>
                  <TestCase name="ProviderTest" priority="">
                    <Test name="testClear" result="pass" starttime="Fri Sep 21 16:28:19 CST 2012" endtime="Fri Sep 21 16:28:19 CST 2012" />
                    <Test name="testConstructor" result="pass" starttime="Fri Sep 21 16:28:19 CST 2012" endtime="Fri Sep 21 16:28:19 CST 2012" />
                    <Test name="testEntrySet" result="pass" starttime="Fri Sep 21 16:28:19 CST 2012" endtime="Fri Sep 21 16:28:19 CST 2012" />
                    <Test name="testGetInfo" result="pass" starttime="Fri Sep 21 16:28:19 CST 2012" endtime="Fri Sep 21 16:28:19 CST 2012" />
                    <Test name="testGetName" result="pass" starttime="Fri Sep 21 16:28:19 CST 2012" endtime="Fri Sep 21 16:28:19 CST 2012" />
                    <Test name="testGetServiceCaseSensitivity" result="pass" starttime="Fri Sep 21 16:28:19 CST 2012" endtime="Fri Sep 21 16:28:19 CST 2012" />
                    <Test name="testGetServices" result="pass" starttime="Fri Sep 21 16:28:19 CST 2012" endtime="Fri Sep 21 16:28:20 CST 2012" />
                    <Test name="testGetVersion" result="pass" starttime="Fri Sep 21 16:28:20 CST 2012" endtime="Fri Sep 21 16:28:20 CST 2012" />
                    <Test name="testKeySet" result="pass" starttime="Fri Sep 21 16:28:20 CST 2012" endtime="Fri Sep 21 16:28:20 CST 2012" />
                    <Test name="testLoad" result="pass" starttime="Fri Sep 21 16:28:20 CST 2012" endtime="Fri Sep 21 16:28:20 CST 2012" />
                    <Test name="testLoad2" result="pass" starttime="Fri Sep 21 16:28:20 CST 2012" endtime="Fri Sep 21 16:28:20 CST 2012" />
                    <Test name="testProvider" result="pass" starttime="Fri Sep 21 16:28:20 CST 2012" endtime="Fri Sep 21 16:28:20 CST 2012" />
                    <Test name="testProviderStringdoubleString" result="pass" starttime="Fri Sep 21 16:28:20 CST 2012" endtime="Fri Sep 21 16:28:20 CST 2012" />
                    <Test name="testPutAllMap" result="pass" starttime="Fri Sep 21 16:28:20 CST 2012" endtime="Fri Sep 21 16:28:20 CST 2012" />
                    <Test name="testPutObjectObject" result="pass" starttime="Fri Sep 21 16:28:20 CST 2012" endtime="Fri Sep 21 16:28:20 CST 2012" />
                    <Test name="testPutService" result="pass" starttime="Fri Sep 21 16:28:20 CST 2012" endtime="Fri Sep 21 16:28:20 CST 2012" />
                    <Test name="testRemoveObject" result="pass" starttime="Fri Sep 21 16:28:20 CST 2012" endtime="Fri Sep 21 16:28:21 CST 2012" />
                    <Test name="testRemoveService" result="pass" starttime="Fri Sep 21 16:28:21 CST 2012" endtime="Fri Sep 21 16:28:21 CST 2012" />
                    <Test name="testService1" result="pass" starttime="Fri Sep 21 16:28:21 CST 2012" endtime="Fri Sep 21 16:28:21 CST 2012" />
                    <Test name="testService2" result="pass" starttime="Fri Sep 21 16:28:21 CST 2012" endtime="Fri Sep 21 16:28:21 CST 2012" />
                    <Test name="testValues" result="pass" starttime="Fri Sep 21 16:28:21 CST 2012" endtime="Fri Sep 21 16:28:21 CST 2012" />
                  </TestCase>
                  <TestCase name="PublicKeyTest" priority="">
                    <Test name="testField" result="pass" starttime="Fri Sep 21 16:28:21 CST 2012" endtime="Fri Sep 21 16:28:21 CST 2012" />
                  </TestCase>
                  <TestCase name="SecureRandom2Test" priority="">
                    <Test name="testAlwaysSameValueWithSameSeed" result="pass" starttime="Fri Sep 21 16:28:21 CST 2012" endtime="Fri Sep 21 16:28:21 CST 2012" />
                    <Test name="testGetProvider" result="pass" starttime="Fri Sep 21 16:28:21 CST 2012" endtime="Fri Sep 21 16:28:21 CST 2012" />
                    <Test name="testSameSeedGeneratesSameResults" result="pass" starttime="Fri Sep 21 16:28:21 CST 2012" endtime="Fri Sep 21 16:28:21 CST 2012" />
                    <Test name="testSameSeedGeneratesSameResultsWhenConstructorIsUsed" result="pass" starttime="Fri Sep 21 16:28:21 CST 2012" endtime="Fri Sep 21 16:28:22 CST 2012" />
                    <Test name="testSetSeedComplimentsAfterFirstRandomNumber" result="pass" starttime="Fri Sep 21 16:28:22 CST 2012" endtime="Fri Sep 21 16:28:22 CST 2012" />
                    <Test name="test_Constructor" result="pass" starttime="Fri Sep 21 16:28:22 CST 2012" endtime="Fri Sep 21 16:28:22 CST 2012" />
                    <Test name="test_Constructor$B" result="pass" starttime="Fri Sep 21 16:28:22 CST 2012" endtime="Fri Sep 21 16:28:22 CST 2012" />
                    <Test name="test_ConstructorLjava_security_SecureRandomSpi_java_security_Provider" result="pass" starttime="Fri Sep 21 16:28:22 CST 2012" endtime="Fri Sep 21 16:28:22 CST 2012" />
                    <Test name="test_generateSeedI" result="pass" starttime="Fri Sep 21 16:28:22 CST 2012" endtime="Fri Sep 21 16:28:22 CST 2012" />
                    <Test name="test_getAlgorithm" result="pass" starttime="Fri Sep 21 16:28:22 CST 2012" endtime="Fri Sep 21 16:28:22 CST 2012" />
                    <Test name="test_getInstanceLjava_lang_String" result="pass" starttime="Fri Sep 21 16:28:22 CST 2012" endtime="Fri Sep 21 16:28:22 CST 2012" />
                    <Test name="test_getInstanceLjava_lang_StringLjava_lang_String" result="pass" starttime="Fri Sep 21 16:28:22 CST 2012" endtime="Fri Sep 21 16:28:22 CST 2012" />
                    <Test name="test_getSeedI" result="pass" starttime="Fri Sep 21 16:28:22 CST 2012" endtime="Fri Sep 21 16:28:22 CST 2012" />
                    <Test name="test_nextBytes$B" result="pass" starttime="Fri Sep 21 16:28:22 CST 2012" endtime="Fri Sep 21 16:28:23 CST 2012" />
                    <Test name="test_nextJ" result="pass" starttime="Fri Sep 21 16:28:23 CST 2012" endtime="Fri Sep 21 16:28:23 CST 2012" />
                    <Test name="test_setSeed$B" result="pass" starttime="Fri Sep 21 16:28:23 CST 2012" endtime="Fri Sep 21 16:28:23 CST 2012" />
                    <Test name="test_setSeedJ" result="pass" starttime="Fri Sep 21 16:28:23 CST 2012" endtime="Fri Sep 21 16:28:23 CST 2012" />
                  </TestCase>
                  <TestCase name="SecureRandomSpiTest" priority="">
                    <Test name="testSecureRandomSpi" result="pass" starttime="Fri Sep 21 16:28:23 CST 2012" endtime="Fri Sep 21 16:28:23 CST 2012" />
                  </TestCase>
                  <TestCase name="Security2Test" priority="">
                    <Test name="test_getProvidersLjava_lang_String" result="pass" starttime="Fri Sep 21 16:28:23 CST 2012" endtime="Fri Sep 21 16:28:24 CST 2012" />
                    <Test name="test_getProvidersLjava_util_Map" result="pass" starttime="Fri Sep 21 16:28:24 CST 2012" endtime="Fri Sep 21 16:28:24 CST 2012" />
                    <Test name="test_removeProviderLjava_lang_String" result="pass" starttime="Fri Sep 21 16:28:24 CST 2012" endtime="Fri Sep 21 16:28:24 CST 2012" />
                  </TestCase>
                  <TestCase name="SecurityTest" priority="">
                    <Test name="testGetAlgorithmPropertyLjava_lang_String_java_lang_String" result="pass" starttime="Fri Sep 21 16:28:24 CST 2012" endtime="Fri Sep 21 16:28:24 CST 2012" />
                    <Test name="testGetAlgorithmsLjava_lang_String" result="pass" starttime="Fri Sep 21 16:28:24 CST 2012" endtime="Fri Sep 21 16:28:25 CST 2012" />
                    <Test name="testRemoveProvider" result="pass" starttime="Fri Sep 21 16:28:25 CST 2012" endtime="Fri Sep 21 16:28:25 CST 2012" />
                    <Test name="test_addProviderLjava_security_Provider" result="pass" starttime="Fri Sep 21 16:28:25 CST 2012" endtime="Fri Sep 21 16:28:25 CST 2012" />
                    <Test name="test_getPropertyLjava_lang_String" result="pass" starttime="Fri Sep 21 16:28:25 CST 2012" endtime="Fri Sep 21 16:28:25 CST 2012" />
                    <Test name="test_getProviderLjava_lang_String" result="pass" starttime="Fri Sep 21 16:28:25 CST 2012" endtime="Fri Sep 21 16:28:25 CST 2012" />
                    <Test name="test_getProviders" result="pass" starttime="Fri Sep 21 16:28:25 CST 2012" endtime="Fri Sep 21 16:28:25 CST 2012" />
                    <Test name="test_getProvidersLjava_lang_String" result="pass" starttime="Fri Sep 21 16:28:25 CST 2012" endtime="Fri Sep 21 16:28:26 CST 2012" />
                    <Test name="test_getProvidersLjava_util_Map" result="pass" starttime="Fri Sep 21 16:28:26 CST 2012" endtime="Fri Sep 21 16:28:26 CST 2012" />
                    <Test name="test_insertProviderAtLjava_security_ProviderLI" result="pass" starttime="Fri Sep 21 16:28:26 CST 2012" endtime="Fri Sep 21 16:28:26 CST 2012" />
                    <Test name="test_setPropertyLjava_lang_StringLjava_lang_String" result="pass" starttime="Fri Sep 21 16:28:26 CST 2012" endtime="Fri Sep 21 16:28:26 CST 2012" />
                  </TestCase>
                  <TestCase name="Signature2Test" priority="">
                    <Test name="test_clone" result="pass" starttime="Fri Sep 21 16:28:26 CST 2012" endtime="Fri Sep 21 16:28:26 CST 2012" />
                    <Test name="test_getAlgorithm" result="pass" starttime="Fri Sep 21 16:28:26 CST 2012" endtime="Fri Sep 21 16:28:26 CST 2012" />
                    <Test name="test_getInstanceLjava_lang_String" result="pass" starttime="Fri Sep 21 16:28:26 CST 2012" endtime="Fri Sep 21 16:28:26 CST 2012" />
                    <Test name="test_getInstanceLjava_lang_StringLjava_lang_String" result="pass" starttime="Fri Sep 21 16:28:26 CST 2012" endtime="Fri Sep 21 16:28:26 CST 2012" />
                    <Test name="test_getInstanceLjava_lang_StringLjava_lang_String_java_security_Provider" result="pass" starttime="Fri Sep 21 16:28:26 CST 2012" endtime="Fri Sep 21 16:28:27 CST 2012" />
                    <Test name="test_getParameterLjava_lang_String" result="pass" starttime="Fri Sep 21 16:28:27 CST 2012" endtime="Fri Sep 21 16:28:27 CST 2012" />
                    <Test name="test_getParameters" result="pass" starttime="Fri Sep 21 16:28:27 CST 2012" endtime="Fri Sep 21 16:28:27 CST 2012" />
                    <Test name="test_getProvider" result="pass" starttime="Fri Sep 21 16:28:27 CST 2012" endtime="Fri Sep 21 16:28:27 CST 2012" />
                    <Test name="test_initSignLjava_security_PrivateKey" result="pass" starttime="Fri Sep 21 16:28:27 CST 2012" endtime="Fri Sep 21 16:28:29 CST 2012" />
                    <Test name="test_initSignLjava_security_PrivateKeyLjava_security_SecureRandom" result="pass" starttime="Fri Sep 21 16:28:29 CST 2012" endtime="Fri Sep 21 16:28:29 CST 2012" />
                    <Test name="test_initSignLjava_security_PrivateKeyLjava_security_SecureRandom_mismatch" result="pass" starttime="Fri Sep 21 16:28:29 CST 2012" endtime="Fri Sep 21 16:28:30 CST 2012" />
                    <Test name="test_initVerifyLjava_security_Certificate" result="pass" starttime="Fri Sep 21 16:28:30 CST 2012" endtime="Fri Sep 21 16:28:30 CST 2012" />
                    <Test name="test_initVerifyLjava_security_PublicKey" result="pass" starttime="Fri Sep 21 16:28:30 CST 2012" endtime="Fri Sep 21 16:28:30 CST 2012" />
                    <Test name="test_setParameterLjava_lang_StringLjava_lang_Object" result="pass" starttime="Fri Sep 21 16:28:30 CST 2012" endtime="Fri Sep 21 16:28:30 CST 2012" />
                    <Test name="test_setParameterLjava_security_spec_AlgorithmParameterSpec" result="pass" starttime="Fri Sep 21 16:28:30 CST 2012" endtime="Fri Sep 21 16:28:30 CST 2012" />
                    <Test name="test_sign" result="pass" starttime="Fri Sep 21 16:28:30 CST 2012" endtime="Fri Sep 21 16:28:30 CST 2012" />
                    <Test name="test_toString" result="pass" starttime="Fri Sep 21 16:28:30 CST 2012" endtime="Fri Sep 21 16:28:30 CST 2012" />
                    <Test name="test_update$B" result="pass" starttime="Fri Sep 21 16:28:30 CST 2012" endtime="Fri Sep 21 16:28:30 CST 2012" />
                    <Test name="test_update$BII" result="pass" starttime="Fri Sep 21 16:28:30 CST 2012" endtime="Fri Sep 21 16:28:30 CST 2012" />
                    <Test name="test_updateB" result="pass" starttime="Fri Sep 21 16:28:30 CST 2012" endtime="Fri Sep 21 16:28:31 CST 2012" />
                    <Test name="test_updateLjava_nio_ByteBuffer" result="pass" starttime="Fri Sep 21 16:28:31 CST 2012" endtime="Fri Sep 21 16:28:31 CST 2012" />
                    <Test name="test_verify$B" result="pass" starttime="Fri Sep 21 16:28:31 CST 2012" endtime="Fri Sep 21 16:28:31 CST 2012" />
                    <Test name="test_verify$BII" result="pass" starttime="Fri Sep 21 16:28:31 CST 2012" endtime="Fri Sep 21 16:28:31 CST 2012" />
                  </TestCase>
                  <TestCase name="SignatureExceptionTest" priority="">
                    <Test name="testSignatureException01" result="pass" starttime="Fri Sep 21 16:28:31 CST 2012" endtime="Fri Sep 21 16:28:31 CST 2012" />
                    <Test name="testSignatureException02" result="pass" starttime="Fri Sep 21 16:28:31 CST 2012" endtime="Fri Sep 21 16:28:31 CST 2012" />
                    <Test name="testSignatureException03" result="pass" starttime="Fri Sep 21 16:28:31 CST 2012" endtime="Fri Sep 21 16:28:31 CST 2012" />
                    <Test name="testSignatureException04" result="pass" starttime="Fri Sep 21 16:28:31 CST 2012" endtime="Fri Sep 21 16:28:31 CST 2012" />
                    <Test name="testSignatureException05" result="pass" starttime="Fri Sep 21 16:28:31 CST 2012" endtime="Fri Sep 21 16:28:31 CST 2012" />
                    <Test name="testSignatureException06" result="pass" starttime="Fri Sep 21 16:28:31 CST 2012" endtime="Fri Sep 21 16:28:32 CST 2012" />
                    <Test name="testSignatureException07" result="pass" starttime="Fri Sep 21 16:28:32 CST 2012" endtime="Fri Sep 21 16:28:32 CST 2012" />
                    <Test name="testSignatureException08" result="pass" starttime="Fri Sep 21 16:28:32 CST 2012" endtime="Fri Sep 21 16:28:32 CST 2012" />
                    <Test name="testSignatureException09" result="pass" starttime="Fri Sep 21 16:28:32 CST 2012" endtime="Fri Sep 21 16:28:32 CST 2012" />
                  </TestCase>
                  <TestCase name="SignatureSpiTest" priority="">
                    <Test name="testAbstractMethods" result="pass" starttime="Fri Sep 21 16:28:32 CST 2012" endtime="Fri Sep 21 16:28:32 CST 2012" />
                    <Test name="testClone" result="pass" starttime="Fri Sep 21 16:28:32 CST 2012" endtime="Fri Sep 21 16:28:32 CST 2012" />
                    <Test name="testEngineGetParameters" result="pass" starttime="Fri Sep 21 16:28:32 CST 2012" endtime="Fri Sep 21 16:28:32 CST 2012" />
                    <Test name="testEngineInitSign_PrivateKey_SecureRandom" result="pass" starttime="Fri Sep 21 16:28:32 CST 2012" endtime="Fri Sep 21 16:28:32 CST 2012" />
                    <Test name="testEngineSetParameter" result="pass" starttime="Fri Sep 21 16:28:32 CST 2012" endtime="Fri Sep 21 16:28:32 CST 2012" />
                    <Test name="testEngineSign_BII" result="pass" starttime="Fri Sep 21 16:28:32 CST 2012" endtime="Fri Sep 21 16:28:32 CST 2012" />
                    <Test name="testEngineUpdate_ByteBuffer" result="pass" starttime="Fri Sep 21 16:28:32 CST 2012" endtime="Fri Sep 21 16:28:33 CST 2012" />
                    <Test name="testEngineVerify_BII" result="pass" starttime="Fri Sep 21 16:28:33 CST 2012" endtime="Fri Sep 21 16:28:33 CST 2012" />
                    <Test name="testSignatureSpi" result="pass" starttime="Fri Sep 21 16:28:33 CST 2012" endtime="Fri Sep 21 16:28:33 CST 2012" />
                  </TestCase>
                  <TestCase name="SignatureTest" priority="">
                    <Test name="testClone" result="pass" starttime="Fri Sep 21 16:28:33 CST 2012" endtime="Fri Sep 21 16:28:33 CST 2012" />
                    <Test name="testConstructor" result="pass" starttime="Fri Sep 21 16:28:33 CST 2012" endtime="Fri Sep 21 16:28:33 CST 2012" />
                    <Test name="testGetAlgorithm" result="pass" starttime="Fri Sep 21 16:28:33 CST 2012" endtime="Fri Sep 21 16:28:33 CST 2012" />
                    <Test name="testGetParameter" result="pass" starttime="Fri Sep 21 16:28:33 CST 2012" endtime="Fri Sep 21 16:28:33 CST 2012" />
                    <Test name="testGetProvider" result="pass" starttime="Fri Sep 21 16:28:33 CST 2012" endtime="Fri Sep 21 16:28:33 CST 2012" />
                    <Test name="testInitSignPrivateKey" result="pass" starttime="Fri Sep 21 16:28:33 CST 2012" endtime="Fri Sep 21 16:28:33 CST 2012" />
                    <Test name="testInitSignPrivateKeySecureRandom" result="pass" starttime="Fri Sep 21 16:28:33 CST 2012" endtime="Fri Sep 21 16:28:34 CST 2012" />
                    <Test name="testInitVerifyCertificate" result="pass" starttime="Fri Sep 21 16:28:34 CST 2012" endtime="Fri Sep 21 16:28:34 CST 2012" />
                    <Test name="testInitVerifyPublicKey" result="pass" starttime="Fri Sep 21 16:28:34 CST 2012" endtime="Fri Sep 21 16:28:34 CST 2012" />
                    <Test name="testSetParameterAlgorithmParameterSpec" result="pass" starttime="Fri Sep 21 16:28:34 CST 2012" endtime="Fri Sep 21 16:28:34 CST 2012" />
                    <Test name="testSetParameterStringObject" result="pass" starttime="Fri Sep 21 16:28:34 CST 2012" endtime="Fri Sep 21 16:28:34 CST 2012" />
                    <Test name="testSign" result="pass" starttime="Fri Sep 21 16:28:34 CST 2012" endtime="Fri Sep 21 16:28:34 CST 2012" />
                    <Test name="testSignbyteintint" result="pass" starttime="Fri Sep 21 16:28:34 CST 2012" endtime="Fri Sep 21 16:28:34 CST 2012" />
                    <Test name="testUpdatebyte" result="pass" starttime="Fri Sep 21 16:28:34 CST 2012" endtime="Fri Sep 21 16:28:34 CST 2012" />
                    <Test name="testUpdatebyteArray" result="pass" starttime="Fri Sep 21 16:28:34 CST 2012" endtime="Fri Sep 21 16:28:34 CST 2012" />
                    <Test name="testUpdatebyteArrayintint" result="pass" starttime="Fri Sep 21 16:28:34 CST 2012" endtime="Fri Sep 21 16:28:35 CST 2012" />
                    <Test name="testVerifybyteArray" result="pass" starttime="Fri Sep 21 16:28:35 CST 2012" endtime="Fri Sep 21 16:28:35 CST 2012" />
                    <Test name="testVerifybyteArrayintint" result="pass" starttime="Fri Sep 21 16:28:35 CST 2012" endtime="Fri Sep 21 16:28:35 CST 2012" />
                  </TestCase>
                  <TestCase name="SignedObjectTest" priority="">
                    <Test name="testSignedObject" result="pass" starttime="Fri Sep 21 16:28:35 CST 2012" endtime="Fri Sep 21 16:28:35 CST 2012" />
                  </TestCase>
                  <TestCase name="SignerTest" priority="">
                    <Test name="testGetPrivateKey" result="pass" starttime="Fri Sep 21 16:28:35 CST 2012" endtime="Fri Sep 21 16:28:35 CST 2012" />
                    <Test name="testSigner" result="pass" starttime="Fri Sep 21 16:28:35 CST 2012" endtime="Fri Sep 21 16:28:35 CST 2012" />
                    <Test name="testSignerString" result="pass" starttime="Fri Sep 21 16:28:35 CST 2012" endtime="Fri Sep 21 16:28:35 CST 2012" />
                    <Test name="testSignerStringIdentityScope" result="pass" starttime="Fri Sep 21 16:28:35 CST 2012" endtime="Fri Sep 21 16:28:35 CST 2012" />
                    <Test name="test_setKeyPairLjava_security_KeyPair" result="pass" starttime="Fri Sep 21 16:28:35 CST 2012" endtime="Fri Sep 21 16:28:36 CST 2012" />
                    <Test name="test_toString" result="pass" starttime="Fri Sep 21 16:28:36 CST 2012" endtime="Fri Sep 21 16:28:36 CST 2012" />
                  </TestCase>
                  <TestCase name="TimestampTest" priority="">
                    <Test name="testEqualsObject" result="pass" starttime="Fri Sep 21 16:28:36 CST 2012" endtime="Fri Sep 21 16:28:36 CST 2012" />
                    <Test name="testGetSignerCertPath" result="pass" starttime="Fri Sep 21 16:28:36 CST 2012" endtime="Fri Sep 21 16:28:36 CST 2012" />
                    <Test name="testGetTimestamp" result="pass" starttime="Fri Sep 21 16:28:36 CST 2012" endtime="Fri Sep 21 16:28:36 CST 2012" />
                    <Test name="testHashCode" result="pass" starttime="Fri Sep 21 16:28:36 CST 2012" endtime="Fri Sep 21 16:28:36 CST 2012" />
                    <Test name="testTimestamp" result="pass" starttime="Fri Sep 21 16:28:36 CST 2012" endtime="Fri Sep 21 16:28:36 CST 2012" />
                    <Test name="testToString" result="pass" starttime="Fri Sep 21 16:28:36 CST 2012" endtime="Fri Sep 21 16:28:36 CST 2012" />
                  </TestCase>
                  <TestCase name="UnrecoverableEntryExceptionTest" priority="">
                    <Test name="testUnrecoverableEntryException" result="pass" starttime="Fri Sep 21 16:28:36 CST 2012" endtime="Fri Sep 21 16:28:36 CST 2012" />
                    <Test name="testUnrecoverableEntryExceptionString" result="pass" starttime="Fri Sep 21 16:28:36 CST 2012" endtime="Fri Sep 21 16:28:37 CST 2012" />
                  </TestCase>
                  <TestCase name="UnrecoverableKeyExceptionTest" priority="">
                    <Test name="testUnrecoverableKeyException01" result="pass" starttime="Fri Sep 21 16:28:37 CST 2012" endtime="Fri Sep 21 16:28:37 CST 2012" />
                    <Test name="testUnrecoverableKeyException02" result="pass" starttime="Fri Sep 21 16:28:37 CST 2012" endtime="Fri Sep 21 16:28:37 CST 2012" />
                    <Test name="testUnrecoverableKeyException03" result="pass" starttime="Fri Sep 21 16:28:37 CST 2012" endtime="Fri Sep 21 16:28:37 CST 2012" />
                  </TestCase>
                </TestSuite>
              </TestSuite>
            </TestSuite>
          </TestSuite>
          <TestSuite name="xnet">
            <TestSuite name="provider">
              <TestSuite name="jsse">
                <TestCase name="CipherSuiteTest" priority="">
                  <Test name="test_getByCode" result="pass" starttime="Fri Sep 21 16:28:37 CST 2012" endtime="Fri Sep 21 16:28:37 CST 2012" />
                  <Test name="test_getByName" result="pass" starttime="Fri Sep 21 16:28:37 CST 2012" endtime="Fri Sep 21 16:28:37 CST 2012" />
                  <Test name="test_getClientKeyType" result="pass" starttime="Fri Sep 21 16:28:37 CST 2012" endtime="Fri Sep 21 16:28:37 CST 2012" />
                  <Test name="test_getSupported" result="pass" starttime="Fri Sep 21 16:28:37 CST 2012" endtime="Fri Sep 21 16:28:37 CST 2012" />
                  <Test name="test_getSupportedCipherSuiteNames" result="pass" starttime="Fri Sep 21 16:28:37 CST 2012" endtime="Fri Sep 21 16:28:37 CST 2012" />
                </TestCase>
                <TestCase name="ClientSessionContextTest" priority="">
                  <Test name="testGetSessionById" result="pass" starttime="Fri Sep 21 16:28:37 CST 2012" endtime="Fri Sep 21 16:28:37 CST 2012" />
                  <Test name="testTrimToSize" result="pass" starttime="Fri Sep 21 16:28:37 CST 2012" endtime="Fri Sep 21 16:28:38 CST 2012" />
                </TestCase>
                <TestCase name="FileClientSessionCacheTest" priority="">
                  <Test name="testMaxSize" result="pass" starttime="Fri Sep 21 16:28:38 CST 2012" endtime="Fri Sep 21 16:28:39 CST 2012" />
                </TestCase>
                <TestCase name="NativeCryptoTest" priority="">
                  <Test name="test_ENGINE_by_id_Failure" result="pass" starttime="Fri Sep 21 16:28:39 CST 2012" endtime="Fri Sep 21 16:28:39 CST 2012" />
                  <Test name="test_SSL_CTX_free" result="pass" starttime="Fri Sep 21 16:28:39 CST 2012" endtime="Fri Sep 21 16:28:39 CST 2012" />
                  <Test name="test_SSL_CTX_new" result="pass" starttime="Fri Sep 21 16:28:39 CST 2012" endtime="Fri Sep 21 16:28:39 CST 2012" />
                  <Test name="test_SSL_CTX_set_session_id_context" result="pass" starttime="Fri Sep 21 16:28:39 CST 2012" endtime="Fri Sep 21 16:28:39 CST 2012" />
                  <Test name="test_SSL_NpnNegotiateSuccess" result="pass" starttime="Fri Sep 21 16:28:39 CST 2012" endtime="Fri Sep 21 16:28:48 CST 2012" />
                  <Test name="test_SSL_SESSION_cipher" result="pass" starttime="Fri Sep 21 16:28:48 CST 2012" endtime="Fri Sep 21 16:28:48 CST 2012" />
                  <Test name="test_SSL_SESSION_compress_meth_NULL" result="pass" starttime="Fri Sep 21 16:28:48 CST 2012" endtime="Fri Sep 21 16:28:48 CST 2012" />
                  <Test name="test_SSL_SESSION_compress_meth_ZLIB" result="pass" starttime="Fri Sep 21 16:28:48 CST 2012" endtime="Fri Sep 21 16:28:48 CST 2012" />
                  <Test name="test_SSL_SESSION_compress_meth_null" result="pass" starttime="Fri Sep 21 16:28:48 CST 2012" endtime="Fri Sep 21 16:28:48 CST 2012" />
                  <Test name="test_SSL_SESSION_free" result="pass" starttime="Fri Sep 21 16:28:48 CST 2012" endtime="Fri Sep 21 16:28:49 CST 2012" />
                  <Test name="test_SSL_SESSION_get_time" result="pass" starttime="Fri Sep 21 16:28:49 CST 2012" endtime="Fri Sep 21 16:28:49 CST 2012" />
                  <Test name="test_SSL_SESSION_get_version" result="pass" starttime="Fri Sep 21 16:28:49 CST 2012" endtime="Fri Sep 21 16:28:49 CST 2012" />
                  <Test name="test_SSL_SESSION_session_id" result="pass" starttime="Fri Sep 21 16:28:49 CST 2012" endtime="Fri Sep 21 16:28:49 CST 2012" />
                  <Test name="test_SSL_check_private_key_cert_then_key" result="pass" starttime="Fri Sep 21 16:28:49 CST 2012" endtime="Fri Sep 21 16:28:49 CST 2012" />
                  <Test name="test_SSL_check_private_key_key_then_cert" result="pass" starttime="Fri Sep 21 16:28:49 CST 2012" endtime="Fri Sep 21 16:28:49 CST 2012" />
                  <Test name="test_SSL_check_private_key_no_key_no_cert" result="pass" starttime="Fri Sep 21 16:28:49 CST 2012" endtime="Fri Sep 21 16:28:49 CST 2012" />
                  <Test name="test_SSL_check_private_key_null" result="pass" starttime="Fri Sep 21 16:28:49 CST 2012" endtime="Fri Sep 21 16:28:49 CST 2012" />
                  <Test name="test_SSL_clear_options" result="pass" starttime="Fri Sep 21 16:28:49 CST 2012" endtime="Fri Sep 21 16:28:49 CST 2012" />
                  <Test name="test_SSL_do_handshake_NULL_SSL" result="pass" starttime="Fri Sep 21 16:28:49 CST 2012" endtime="Fri Sep 21 16:28:50 CST 2012" />
                  <Test name="test_SSL_do_handshake_clientCertificateRequested_throws_after_renegotiate" result="pass" starttime="Fri Sep 21 16:28:50 CST 2012" endtime="Fri Sep 21 16:28:50 CST 2012" />
                  <Test name="test_SSL_do_handshake_client_timeout" result="pass" starttime="Fri Sep 21 16:28:50 CST 2012" endtime="Fri Sep 21 16:28:50 CST 2012" />
                  <Test name="test_SSL_do_handshake_missing_required_certificate" result="pass" starttime="Fri Sep 21 16:28:50 CST 2012" endtime="Fri Sep 21 16:28:50 CST 2012" />
                  <Test name="test_SSL_do_handshake_normal" result="pass" starttime="Fri Sep 21 16:28:50 CST 2012" endtime="Fri Sep 21 16:28:50 CST 2012" />
                  <Test name="test_SSL_do_handshake_null_args" result="pass" starttime="Fri Sep 21 16:28:50 CST 2012" endtime="Fri Sep 21 16:28:50 CST 2012" />
                  <Test name="test_SSL_do_handshake_optional_client_certificate" result="pass" starttime="Fri Sep 21 16:28:50 CST 2012" endtime="Fri Sep 21 16:28:50 CST 2012" />
                  <Test name="test_SSL_free" result="pass" starttime="Fri Sep 21 16:28:50 CST 2012" endtime="Fri Sep 21 16:28:50 CST 2012" />
                  <Test name="test_SSL_get_certificate" result="pass" starttime="Fri Sep 21 16:28:50 CST 2012" endtime="Fri Sep 21 16:28:51 CST 2012" />
                  <Test name="test_SSL_get_mode" result="pass" starttime="Fri Sep 21 16:28:51 CST 2012" endtime="Fri Sep 21 16:28:51 CST 2012" />
                  <Test name="test_SSL_get_options" result="pass" starttime="Fri Sep 21 16:28:51 CST 2012" endtime="Fri Sep 21 16:28:51 CST 2012" />
                  <Test name="test_SSL_get_peer_cert_chain" result="pass" starttime="Fri Sep 21 16:28:51 CST 2012" endtime="Fri Sep 21 16:28:51 CST 2012" />
                  <Test name="test_SSL_get_servername_null" result="pass" starttime="Fri Sep 21 16:28:51 CST 2012" endtime="Fri Sep 21 16:28:51 CST 2012" />
                  <Test name="test_SSL_interrupt" result="pass" starttime="Fri Sep 21 16:28:51 CST 2012" endtime="Fri Sep 21 16:28:52 CST 2012" />
                  <Test name="test_SSL_new" result="pass" starttime="Fri Sep 21 16:28:52 CST 2012" endtime="Fri Sep 21 16:28:52 CST 2012" />
                  <Test name="test_SSL_read" result="pass" starttime="Fri Sep 21 16:28:52 CST 2012" endtime="Fri Sep 21 16:28:52 CST 2012" />
                  <Test name="test_SSL_renegotiate" result="pass" starttime="Fri Sep 21 16:28:52 CST 2012" endtime="Fri Sep 21 16:28:52 CST 2012" />
                  <Test name="test_SSL_set_cipher_lists" result="pass" starttime="Fri Sep 21 16:28:52 CST 2012" endtime="Fri Sep 21 16:28:52 CST 2012" />
                  <Test name="test_SSL_set_mode_and_clear_mode" result="pass" starttime="Fri Sep 21 16:28:52 CST 2012" endtime="Fri Sep 21 16:28:53 CST 2012" />
                  <Test name="test_SSL_set_options" result="pass" starttime="Fri Sep 21 16:28:53 CST 2012" endtime="Fri Sep 21 16:28:53 CST 2012" />
                  <Test name="test_SSL_set_session" result="pass" starttime="Fri Sep 21 16:28:53 CST 2012" endtime="Fri Sep 21 16:28:53 CST 2012" />
                  <Test name="test_SSL_set_session_creation_enabled" result="pass" starttime="Fri Sep 21 16:28:53 CST 2012" endtime="Fri Sep 21 16:28:53 CST 2012" />
                  <Test name="test_SSL_set_tlsext_host_name" result="pass" starttime="Fri Sep 21 16:28:53 CST 2012" endtime="Fri Sep 21 16:28:53 CST 2012" />
                  <Test name="test_SSL_set_verify" result="pass" starttime="Fri Sep 21 16:28:53 CST 2012" endtime="Fri Sep 21 16:28:53 CST 2012" />
                  <Test name="test_SSL_shutdown" result="pass" starttime="Fri Sep 21 16:28:53 CST 2012" endtime="Fri Sep 21 16:28:53 CST 2012" />
                  <Test name="test_SSL_use_PrivateKey" result="pass" starttime="Fri Sep 21 16:28:53 CST 2012" endtime="Fri Sep 21 16:28:53 CST 2012" />
                  <Test name="test_SSL_use_certificate" result="pass" starttime="Fri Sep 21 16:28:53 CST 2012" endtime="Fri Sep 21 16:28:53 CST 2012" />
                  <Test name="test_SSL_write" result="pass" starttime="Fri Sep 21 16:28:53 CST 2012" endtime="Fri Sep 21 16:28:53 CST 2012" />
                  <Test name="test_X509_NAME_hashes" result="pass" starttime="Fri Sep 21 16:28:53 CST 2012" endtime="Fri Sep 21 16:28:54 CST 2012" />
                  <Test name="test_d2i_SSL_SESSION" result="pass" starttime="Fri Sep 21 16:28:54 CST 2012" endtime="Fri Sep 21 16:28:54 CST 2012" />
                  <Test name="test_i2d_SSL_SESSION" result="pass" starttime="Fri Sep 21 16:28:54 CST 2012" endtime="Fri Sep 21 16:28:54 CST 2012" />
                </TestCase>
                <TestCase name="OpenSSLSignatureTest" priority="">
                  <Test name="test_getInstance" result="pass" starttime="Fri Sep 21 16:28:54 CST 2012" endtime="Fri Sep 21 16:28:54 CST 2012" />
                </TestCase>
                <TestCase name="TrustManagerImplTest" priority="">
                  <Test name="testLearnIntermediate" result="pass" starttime="Fri Sep 21 16:28:54 CST 2012" endtime="Fri Sep 21 16:28:55 CST 2012" />
                </TestCase>
                <TestCase name="TrustedCertificateStoreTest" priority="">
                  <Test name="testChain" result="pass" starttime="Fri Sep 21 16:28:55 CST 2012" endtime="Fri Sep 21 16:28:57 CST 2012" />
                  <Test name="testDeleteEmpty" result="pass" starttime="Fri Sep 21 16:28:57 CST 2012" endtime="Fri Sep 21 16:28:57 CST 2012" />
                  <Test name="testDeleteSystem" result="pass" starttime="Fri Sep 21 16:28:57 CST 2012" endtime="Fri Sep 21 16:28:58 CST 2012" />
                  <Test name="testDeleteUser" result="pass" starttime="Fri Sep 21 16:28:58 CST 2012" endtime="Fri Sep 21 16:28:58 CST 2012" />
                  <Test name="testEmptyDirectories" result="pass" starttime="Fri Sep 21 16:28:58 CST 2012" endtime="Fri Sep 21 16:28:58 CST 2012" />
                  <Test name="testInstallEmpty" result="pass" starttime="Fri Sep 21 16:28:58 CST 2012" endtime="Fri Sep 21 16:28:58 CST 2012" />
                  <Test name="testInstallEmptyDeletedSystemExists" result="pass" starttime="Fri Sep 21 16:28:58 CST 2012" endtime="Fri Sep 21 16:28:58 CST 2012" />
                  <Test name="testInstallEmptySystemExists" result="pass" starttime="Fri Sep 21 16:28:58 CST 2012" endtime="Fri Sep 21 16:28:58 CST 2012" />
                  <Test name="testIsTrustAnchorWithReissuedgetCa" result="pass" starttime="Fri Sep 21 16:28:58 CST 2012" endtime="Fri Sep 21 16:28:59 CST 2012" />
                  <Test name="testMissingSystemDirectory" result="pass" starttime="Fri Sep 21 16:28:59 CST 2012" endtime="Fri Sep 21 16:28:59 CST 2012" />
                  <Test name="testOneSystemOneDeleted" result="pass" starttime="Fri Sep 21 16:28:59 CST 2012" endtime="Fri Sep 21 16:28:59 CST 2012" />
                  <Test name="testOneSystemOneUser" result="pass" starttime="Fri Sep 21 16:28:59 CST 2012" endtime="Fri Sep 21 16:29:00 CST 2012" />
                  <Test name="testOneSystemOneUserOneDeleted" result="pass" starttime="Fri Sep 21 16:29:00 CST 2012" endtime="Fri Sep 21 16:29:00 CST 2012" />
                  <Test name="testOneSystemOneUserOneDeletedSameSubject" result="pass" starttime="Fri Sep 21 16:29:00 CST 2012" endtime="Fri Sep 21 16:29:00 CST 2012" />
                  <Test name="testOneSystemOneUserSameSubject" result="pass" starttime="Fri Sep 21 16:29:00 CST 2012" endtime="Fri Sep 21 16:29:00 CST 2012" />
                  <Test name="testPartialFileIsIgnored" result="pass" starttime="Fri Sep 21 16:29:00 CST 2012" endtime="Fri Sep 21 16:29:00 CST 2012" />
                  <Test name="testTwoSystem" result="pass" starttime="Fri Sep 21 16:29:00 CST 2012" endtime="Fri Sep 21 16:29:00 CST 2012" />
                  <Test name="testTwoSystemSameSubject" result="pass" starttime="Fri Sep 21 16:29:00 CST 2012" endtime="Fri Sep 21 16:29:00 CST 2012" />
                  <Test name="testTwoSystemTwoDeleted" result="pass" starttime="Fri Sep 21 16:29:00 CST 2012" endtime="Fri Sep 21 16:29:00 CST 2012" />
                  <Test name="testTwoUser" result="pass" starttime="Fri Sep 21 16:29:00 CST 2012" endtime="Fri Sep 21 16:29:00 CST 2012" />
                  <Test name="testTwoUserSameSubject" result="pass" starttime="Fri Sep 21 16:29:00 CST 2012" endtime="Fri Sep 21 16:29:01 CST 2012" />
                  <Test name="testUserMaskingSystem" result="pass" starttime="Fri Sep 21 16:29:01 CST 2012" endtime="Fri Sep 21 16:29:01 CST 2012" />
                  <Test name="testWithExistingUserDirectories" result="pass" starttime="Fri Sep 21 16:29:01 CST 2012" endtime="Fri Sep 21 16:29:01 CST 2012" />
                </TestCase>
              </TestSuite>
            </TestSuite>
          </TestSuite>
        </TestSuite>
      </TestSuite>
      <TestSuite name="json">
        <TestCase name="JSONArrayTest" priority="">
          <Test name="testAccessOutOfBounds" result="pass" starttime="Fri Sep 21 16:29:01 CST 2012" endtime="Fri Sep 21 16:29:01 CST 2012" />
          <Test name="testBooleans" result="pass" starttime="Fri Sep 21 16:29:01 CST 2012" endtime="Fri Sep 21 16:29:01 CST 2012" />
          <Test name="testCoerceStringToBoolean" result="pass" starttime="Fri Sep 21 16:29:01 CST 2012" endtime="Fri Sep 21 16:29:01 CST 2012" />
          <Test name="testCreate" result="pass" starttime="Fri Sep 21 16:29:01 CST 2012" endtime="Fri Sep 21 16:29:01 CST 2012" />
          <Test name="testCreateWithUnsupportedNumbers" result="pass" starttime="Fri Sep 21 16:29:01 CST 2012" endtime="Fri Sep 21 16:29:01 CST 2012" />
          <Test name="testEmptyArray" result="pass" starttime="Fri Sep 21 16:29:01 CST 2012" endtime="Fri Sep 21 16:29:01 CST 2012" />
          <Test name="testEqualsAndHashCode" result="pass" starttime="Fri Sep 21 16:29:01 CST 2012" endtime="Fri Sep 21 16:29:02 CST 2012" />
          <Test name="testJoin" result="pass" starttime="Fri Sep 21 16:29:02 CST 2012" endtime="Fri Sep 21 16:29:02 CST 2012" />
          <Test name="testJoinWithNull" result="pass" starttime="Fri Sep 21 16:29:02 CST 2012" endtime="Fri Sep 21 16:29:02 CST 2012" />
          <Test name="testJoinWithSpecialCharacters" result="pass" starttime="Fri Sep 21 16:29:02 CST 2012" endtime="Fri Sep 21 16:29:02 CST 2012" />
          <Test name="testListConstructorCopiesContents" result="pass" starttime="Fri Sep 21 16:29:02 CST 2012" endtime="Fri Sep 21 16:29:02 CST 2012" />
          <Test name="testNulls" result="pass" starttime="Fri Sep 21 16:29:02 CST 2012" endtime="Fri Sep 21 16:29:02 CST 2012" />
          <Test name="testNumbers" result="pass" starttime="Fri Sep 21 16:29:02 CST 2012" endtime="Fri Sep 21 16:29:02 CST 2012" />
          <Test name="testParseNullYieldsJSONObjectNull" result="pass" starttime="Fri Sep 21 16:29:02 CST 2012" endtime="Fri Sep 21 16:29:02 CST 2012" />
          <Test name="testPutUnsupportedNumbers" result="pass" starttime="Fri Sep 21 16:29:02 CST 2012" endtime="Fri Sep 21 16:29:02 CST 2012" />
          <Test name="testPutUnsupportedNumbersAsObject" result="pass" starttime="Fri Sep 21 16:29:02 CST 2012" endtime="Fri Sep 21 16:29:03 CST 2012" />
          <Test name="testStringConstructor" result="pass" starttime="Fri Sep 21 16:29:03 CST 2012" endtime="Fri Sep 21 16:29:03 CST 2012" />
          <Test name="testStringConstructorNull" result="pass" starttime="Fri Sep 21 16:29:03 CST 2012" endtime="Fri Sep 21 16:29:03 CST 2012" />
          <Test name="testStringConstructorParseFail" result="pass" starttime="Fri Sep 21 16:29:03 CST 2012" endtime="Fri Sep 21 16:29:03 CST 2012" />
          <Test name="testStringConstructorWrongType" result="pass" starttime="Fri Sep 21 16:29:03 CST 2012" endtime="Fri Sep 21 16:29:03 CST 2012" />
          <Test name="testStrings" result="pass" starttime="Fri Sep 21 16:29:03 CST 2012" endtime="Fri Sep 21 16:29:03 CST 2012" />
          <Test name="testToJSONObject" result="pass" starttime="Fri Sep 21 16:29:03 CST 2012" endtime="Fri Sep 21 16:29:03 CST 2012" />
          <Test name="testToJSONObjectMoreNamesThanValues" result="pass" starttime="Fri Sep 21 16:29:03 CST 2012" endtime="Fri Sep 21 16:29:03 CST 2012" />
          <Test name="testToJSONObjectMoreValuesThanNames" result="pass" starttime="Fri Sep 21 16:29:03 CST 2012" endtime="Fri Sep 21 16:29:03 CST 2012" />
          <Test name="testToJSONObjectNullKey" result="pass" starttime="Fri Sep 21 16:29:03 CST 2012" endtime="Fri Sep 21 16:29:04 CST 2012" />
          <Test name="testToJSONObjectWithNulls" result="pass" starttime="Fri Sep 21 16:29:04 CST 2012" endtime="Fri Sep 21 16:29:04 CST 2012" />
          <Test name="testToStringWithUnsupportedNumbers" result="pass" starttime="Fri Sep 21 16:29:04 CST 2012" endtime="Fri Sep 21 16:29:04 CST 2012" />
          <Test name="testTokenerConstructor" result="pass" starttime="Fri Sep 21 16:29:04 CST 2012" endtime="Fri Sep 21 16:29:04 CST 2012" />
          <Test name="testTokenerConstructorNull" result="pass" starttime="Fri Sep 21 16:29:04 CST 2012" endtime="Fri Sep 21 16:29:04 CST 2012" />
          <Test name="testTokenerConstructorParseFail" result="pass" starttime="Fri Sep 21 16:29:04 CST 2012" endtime="Fri Sep 21 16:29:04 CST 2012" />
          <Test name="testTokenerConstructorWrongType" result="pass" starttime="Fri Sep 21 16:29:04 CST 2012" endtime="Fri Sep 21 16:29:04 CST 2012" />
        </TestCase>
        <TestCase name="JSONObjectTest" priority="">
          <Test name="testAccumulateExistingArray" result="pass" starttime="Fri Sep 21 16:29:04 CST 2012" endtime="Fri Sep 21 16:29:04 CST 2012" />
          <Test name="testAccumulateMutatesInPlace" result="pass" starttime="Fri Sep 21 16:29:04 CST 2012" endtime="Fri Sep 21 16:29:04 CST 2012" />
          <Test name="testAccumulateNull" result="pass" starttime="Fri Sep 21 16:29:04 CST 2012" endtime="Fri Sep 21 16:29:05 CST 2012" />
          <Test name="testAccumulatePutArray" result="pass" starttime="Fri Sep 21 16:29:05 CST 2012" endtime="Fri Sep 21 16:29:05 CST 2012" />
          <Test name="testAccumulateValueChecking" result="pass" starttime="Fri Sep 21 16:29:05 CST 2012" endtime="Fri Sep 21 16:29:05 CST 2012" />
          <Test name="testArrayCoercion" result="pass" starttime="Fri Sep 21 16:29:05 CST 2012" endtime="Fri Sep 21 16:29:05 CST 2012" />
          <Test name="testBooleans" result="pass" starttime="Fri Sep 21 16:29:05 CST 2012" endtime="Fri Sep 21 16:29:05 CST 2012" />
          <Test name="testCoerceStringToBoolean" result="pass" starttime="Fri Sep 21 16:29:05 CST 2012" endtime="Fri Sep 21 16:29:05 CST 2012" />
          <Test name="testCopyConstructor" result="pass" starttime="Fri Sep 21 16:29:05 CST 2012" endtime="Fri Sep 21 16:29:05 CST 2012" />
          <Test name="testCopyConstructorMissingName" result="pass" starttime="Fri Sep 21 16:29:05 CST 2012" endtime="Fri Sep 21 16:29:05 CST 2012" />
          <Test name="testCreateWithUnsupportedNumbers" result="pass" starttime="Fri Sep 21 16:29:05 CST 2012" endtime="Fri Sep 21 16:29:05 CST 2012" />
          <Test name="testEmptyObject" result="pass" starttime="Fri Sep 21 16:29:05 CST 2012" endtime="Fri Sep 21 16:29:05 CST 2012" />
          <Test name="testEmptyStringKey" result="pass" starttime="Fri Sep 21 16:29:05 CST 2012" endtime="Fri Sep 21 16:29:06 CST 2012" />
          <Test name="testEqualsAndHashCode" result="pass" starttime="Fri Sep 21 16:29:06 CST 2012" endtime="Fri Sep 21 16:29:06 CST 2012" />
          <Test name="testFloats" result="pass" starttime="Fri Sep 21 16:29:06 CST 2012" endtime="Fri Sep 21 16:29:06 CST 2012" />
          <Test name="testForeignObjects" result="pass" starttime="Fri Sep 21 16:29:06 CST 2012" endtime="Fri Sep 21 16:29:06 CST 2012" />
          <Test name="testGet" result="pass" starttime="Fri Sep 21 16:29:06 CST 2012" endtime="Fri Sep 21 16:29:06 CST 2012" />
          <Test name="testHas" result="pass" starttime="Fri Sep 21 16:29:06 CST 2012" endtime="Fri Sep 21 16:29:06 CST 2012" />
          <Test name="testJSONObjects" result="pass" starttime="Fri Sep 21 16:29:06 CST 2012" endtime="Fri Sep 21 16:29:06 CST 2012" />
          <Test name="testKeys" result="pass" starttime="Fri Sep 21 16:29:06 CST 2012" endtime="Fri Sep 21 16:29:06 CST 2012" />
          <Test name="testKeysEmptyObject" result="pass" starttime="Fri Sep 21 16:29:06 CST 2012" endtime="Fri Sep 21 16:29:07 CST 2012" />
          <Test name="testMapConstructorCopiesContents" result="pass" starttime="Fri Sep 21 16:29:07 CST 2012" endtime="Fri Sep 21 16:29:07 CST 2012" />
          <Test name="testMapConstructorWithBogusEntries" result="pass" starttime="Fri Sep 21 16:29:07 CST 2012" endtime="Fri Sep 21 16:29:07 CST 2012" />
          <Test name="testMutatingKeysMutatesObject" result="pass" starttime="Fri Sep 21 16:29:07 CST 2012" endtime="Fri Sep 21 16:29:07 CST 2012" />
          <Test name="testNames" result="pass" starttime="Fri Sep 21 16:29:07 CST 2012" endtime="Fri Sep 21 16:29:07 CST 2012" />
          <Test name="testNullCoercionToString" result="pass" starttime="Fri Sep 21 16:29:07 CST 2012" endtime="Fri Sep 21 16:29:07 CST 2012" />
          <Test name="testNullKeys" result="pass" starttime="Fri Sep 21 16:29:07 CST 2012" endtime="Fri Sep 21 16:29:07 CST 2012" />
          <Test name="testNullValue" result="pass" starttime="Fri Sep 21 16:29:07 CST 2012" endtime="Fri Sep 21 16:29:07 CST 2012" />
          <Test name="testNumberToString" result="pass" starttime="Fri Sep 21 16:29:07 CST 2012" endtime="Fri Sep 21 16:29:07 CST 2012" />
          <Test name="testNumbers" result="pass" starttime="Fri Sep 21 16:29:07 CST 2012" endtime="Fri Sep 21 16:29:07 CST 2012" />
          <Test name="testObjectCoercion" result="pass" starttime="Fri Sep 21 16:29:07 CST 2012" endtime="Fri Sep 21 16:29:08 CST 2012" />
          <Test name="testOptNull" result="pass" starttime="Fri Sep 21 16:29:08 CST 2012" endtime="Fri Sep 21 16:29:08 CST 2012" />
          <Test name="testOtherNumbers" result="pass" starttime="Fri Sep 21 16:29:08 CST 2012" endtime="Fri Sep 21 16:29:08 CST 2012" />
          <Test name="testPut" result="pass" starttime="Fri Sep 21 16:29:08 CST 2012" endtime="Fri Sep 21 16:29:08 CST 2012" />
          <Test name="testPutNullRemoves" result="pass" starttime="Fri Sep 21 16:29:08 CST 2012" endtime="Fri Sep 21 16:29:08 CST 2012" />
          <Test name="testPutOpt" result="pass" starttime="Fri Sep 21 16:29:08 CST 2012" endtime="Fri Sep 21 16:29:08 CST 2012" />
          <Test name="testPutOptUnsupportedNumbers" result="pass" starttime="Fri Sep 21 16:29:08 CST 2012" endtime="Fri Sep 21 16:29:08 CST 2012" />
          <Test name="testPutUnsupportedNumbers" result="pass" starttime="Fri Sep 21 16:29:08 CST 2012" endtime="Fri Sep 21 16:29:08 CST 2012" />
          <Test name="testPutUnsupportedNumbersAsObjects" result="pass" starttime="Fri Sep 21 16:29:08 CST 2012" endtime="Fri Sep 21 16:29:08 CST 2012" />
          <Test name="testQuote" result="pass" starttime="Fri Sep 21 16:29:08 CST 2012" endtime="Fri Sep 21 16:29:09 CST 2012" />
          <Test name="testQuoteNull" result="pass" starttime="Fri Sep 21 16:29:09 CST 2012" endtime="Fri Sep 21 16:29:09 CST 2012" />
          <Test name="testRemove" result="pass" starttime="Fri Sep 21 16:29:09 CST 2012" endtime="Fri Sep 21 16:29:09 CST 2012" />
          <Test name="testStringConstructor" result="pass" starttime="Fri Sep 21 16:29:09 CST 2012" endtime="Fri Sep 21 16:29:09 CST 2012" />
          <Test name="testStringConstructorNull" result="pass" starttime="Fri Sep 21 16:29:09 CST 2012" endtime="Fri Sep 21 16:29:09 CST 2012" />
          <Test name="testStringConstructorWrongType" result="pass" starttime="Fri Sep 21 16:29:09 CST 2012" endtime="Fri Sep 21 16:29:09 CST 2012" />
          <Test name="testStringonstructorParseFail" result="pass" starttime="Fri Sep 21 16:29:09 CST 2012" endtime="Fri Sep 21 16:29:09 CST 2012" />
          <Test name="testStrings" result="pass" starttime="Fri Sep 21 16:29:09 CST 2012" endtime="Fri Sep 21 16:29:09 CST 2012" />
          <Test name="testToJSONArray" result="pass" starttime="Fri Sep 21 16:29:09 CST 2012" endtime="Fri Sep 21 16:29:09 CST 2012" />
          <Test name="testToJSONArrayEndsUpEmpty" result="pass" starttime="Fri Sep 21 16:29:09 CST 2012" endtime="Fri Sep 21 16:29:09 CST 2012" />
          <Test name="testToJSONArrayMissingNames" result="pass" starttime="Fri Sep 21 16:29:09 CST 2012" endtime="Fri Sep 21 16:29:10 CST 2012" />
          <Test name="testToJSONArrayNonString" result="pass" starttime="Fri Sep 21 16:29:10 CST 2012" endtime="Fri Sep 21 16:29:10 CST 2012" />
          <Test name="testToJSONArrayNull" result="pass" starttime="Fri Sep 21 16:29:10 CST 2012" endtime="Fri Sep 21 16:29:10 CST 2012" />
          <Test name="testToStringWithIndentFactor" result="pass" starttime="Fri Sep 21 16:29:10 CST 2012" endtime="Fri Sep 21 16:29:10 CST 2012" />
          <Test name="testToStringWithUnsupportedNumbers" result="pass" starttime="Fri Sep 21 16:29:10 CST 2012" endtime="Fri Sep 21 16:29:10 CST 2012" />
          <Test name="testTokenerConstructor" result="pass" starttime="Fri Sep 21 16:29:10 CST 2012" endtime="Fri Sep 21 16:29:10 CST 2012" />
          <Test name="testTokenerConstructorNull" result="pass" starttime="Fri Sep 21 16:29:10 CST 2012" endtime="Fri Sep 21 16:29:10 CST 2012" />
          <Test name="testTokenerConstructorParseFail" result="pass" starttime="Fri Sep 21 16:29:10 CST 2012" endtime="Fri Sep 21 16:29:10 CST 2012" />
          <Test name="testTokenerConstructorWrongType" result="pass" starttime="Fri Sep 21 16:29:10 CST 2012" endtime="Fri Sep 21 16:29:10 CST 2012" />
        </TestCase>
        <TestCase name="JSONStringerTest" priority="">
          <Test name="testArray" result="pass" starttime="Fri Sep 21 16:29:10 CST 2012" endtime="Fri Sep 21 16:29:11 CST 2012" />
          <Test name="testArrayNestingMaxDepthSupports20" result="pass" starttime="Fri Sep 21 16:29:11 CST 2012" endtime="Fri Sep 21 16:29:11 CST 2012" />
          <Test name="testEmptyArray" result="pass" starttime="Fri Sep 21 16:29:11 CST 2012" endtime="Fri Sep 21 16:29:11 CST 2012" />
          <Test name="testEmptyKey" result="pass" starttime="Fri Sep 21 16:29:11 CST 2012" endtime="Fri Sep 21 16:29:11 CST 2012" />
          <Test name="testEmptyObject" result="pass" starttime="Fri Sep 21 16:29:11 CST 2012" endtime="Fri Sep 21 16:29:11 CST 2012" />
          <Test name="testEmptyStringer" result="pass" starttime="Fri Sep 21 16:29:11 CST 2012" endtime="Fri Sep 21 16:29:11 CST 2012" />
          <Test name="testEscaping" result="pass" starttime="Fri Sep 21 16:29:11 CST 2012" endtime="Fri Sep 21 16:29:11 CST 2012" />
          <Test name="testJSONArrayAsValue" result="pass" starttime="Fri Sep 21 16:29:11 CST 2012" endtime="Fri Sep 21 16:29:11 CST 2012" />
          <Test name="testJSONObjectAsValue" result="pass" starttime="Fri Sep 21 16:29:11 CST 2012" endtime="Fri Sep 21 16:29:11 CST 2012" />
          <Test name="testKeyValue" result="pass" starttime="Fri Sep 21 16:29:11 CST 2012" endtime="Fri Sep 21 16:29:11 CST 2012" />
          <Test name="testMaxDepthWithArrayValue" result="pass" starttime="Fri Sep 21 16:29:12 CST 2012" endtime="Fri Sep 21 16:29:12 CST 2012" />
          <Test name="testMaxDepthWithObjectValue" result="pass" starttime="Fri Sep 21 16:29:12 CST 2012" endtime="Fri Sep 21 16:29:12 CST 2012" />
          <Test name="testMismatchedScopes" result="pass" starttime="Fri Sep 21 16:29:12 CST 2012" endtime="Fri Sep 21 16:29:12 CST 2012" />
          <Test name="testMixedMaxDepthSupports20" result="pass" starttime="Fri Sep 21 16:29:12 CST 2012" endtime="Fri Sep 21 16:29:12 CST 2012" />
          <Test name="testMultipleRoots" result="pass" starttime="Fri Sep 21 16:29:12 CST 2012" endtime="Fri Sep 21 16:29:12 CST 2012" />
          <Test name="testNullKey" result="pass" starttime="Fri Sep 21 16:29:12 CST 2012" endtime="Fri Sep 21 16:29:12 CST 2012" />
          <Test name="testNumericRepresentations" result="pass" starttime="Fri Sep 21 16:29:12 CST 2012" endtime="Fri Sep 21 16:29:12 CST 2012" />
          <Test name="testObjectNestingMaxDepthSupports20" result="pass" starttime="Fri Sep 21 16:29:12 CST 2012" endtime="Fri Sep 21 16:29:12 CST 2012" />
          <Test name="testRepeatedKey" result="pass" starttime="Fri Sep 21 16:29:12 CST 2012" endtime="Fri Sep 21 16:29:12 CST 2012" />
          <Test name="testValueJSONNull" result="pass" starttime="Fri Sep 21 16:29:12 CST 2012" endtime="Fri Sep 21 16:29:13 CST 2012" />
          <Test name="testValueObjectMethods" result="pass" starttime="Fri Sep 21 16:29:13 CST 2012" endtime="Fri Sep 21 16:29:13 CST 2012" />
          <Test name="testWeirdNumbers" result="pass" starttime="Fri Sep 21 16:29:13 CST 2012" endtime="Fri Sep 21 16:29:13 CST 2012" />
        </TestCase>
        <TestCase name="JSONTokenerTest" priority="">
          <Test name="testBackNextAndMore" result="pass" starttime="Fri Sep 21 16:29:13 CST 2012" endtime="Fri Sep 21 16:29:13 CST 2012" />
          <Test name="testBomIgnoredAsFirstCharacterOfDocument" result="pass" starttime="Fri Sep 21 16:29:13 CST 2012" endtime="Fri Sep 21 16:29:13 CST 2012" />
          <Test name="testBomTreatedAsCharacterInRestOfDocument" result="pass" starttime="Fri Sep 21 16:29:13 CST 2012" endtime="Fri Sep 21 16:29:13 CST 2012" />
          <Test name="testCharacterNavigation" result="pass" starttime="Fri Sep 21 16:29:13 CST 2012" endtime="Fri Sep 21 16:29:13 CST 2012" />
          <Test name="testDehexchar" result="pass" starttime="Fri Sep 21 16:29:13 CST 2012" endtime="Fri Sep 21 16:29:17 CST 2012" />
          <Test name="testEmptyString" result="pass" starttime="Fri Sep 21 16:29:17 CST 2012" endtime="Fri Sep 21 16:29:17 CST 2012" />
          <Test name="testNext0" result="pass" starttime="Fri Sep 21 16:29:17 CST 2012" endtime="Fri Sep 21 16:29:17 CST 2012" />
          <Test name="testNextCleanComments" result="pass" starttime="Fri Sep 21 16:29:17 CST 2012" endtime="Fri Sep 21 16:29:17 CST 2012" />
          <Test name="testNextCleanCommentsTrailingSingleSlash" result="pass" starttime="Fri Sep 21 16:29:17 CST 2012" endtime="Fri Sep 21 16:29:17 CST 2012" />
          <Test name="testNextCleanHashComments" result="pass" starttime="Fri Sep 21 16:29:17 CST 2012" endtime="Fri Sep 21 16:29:17 CST 2012" />
          <Test name="testNextCleanNestedCStyleComments" result="pass" starttime="Fri Sep 21 16:29:17 CST 2012" endtime="Fri Sep 21 16:29:17 CST 2012" />
          <Test name="testNextCleanNewlineDelimiters" result="pass" starttime="Fri Sep 21 16:29:17 CST 2012" endtime="Fri Sep 21 16:29:18 CST 2012" />
          <Test name="testNextCleanRetainedWhitespace" result="pass" starttime="Fri Sep 21 16:29:18 CST 2012" endtime="Fri Sep 21 16:29:18 CST 2012" />
          <Test name="testNextCleanSkippedWhitespace" result="pass" starttime="Fri Sep 21 16:29:18 CST 2012" endtime="Fri Sep 21 16:29:18 CST 2012" />
          <Test name="testNextCleanTrailingOpenComment" result="pass" starttime="Fri Sep 21 16:29:18 CST 2012" endtime="Fri Sep 21 16:29:18 CST 2012" />
          <Test name="testNextMatching" result="pass" starttime="Fri Sep 21 16:29:18 CST 2012" endtime="Fri Sep 21 16:29:18 CST 2012" />
          <Test name="testNextN" result="pass" starttime="Fri Sep 21 16:29:18 CST 2012" endtime="Fri Sep 21 16:29:18 CST 2012" />
          <Test name="testNextNWithAllRemaining" result="pass" starttime="Fri Sep 21 16:29:18 CST 2012" endtime="Fri Sep 21 16:29:18 CST 2012" />
          <Test name="testNextString" result="pass" starttime="Fri Sep 21 16:29:18 CST 2012" endtime="Fri Sep 21 16:29:18 CST 2012" />
          <Test name="testNextStringEscapedQuote" result="pass" starttime="Fri Sep 21 16:29:18 CST 2012" endtime="Fri Sep 21 16:29:18 CST 2012" />
          <Test name="testNextStringNoDelimiter" result="pass" starttime="Fri Sep 21 16:29:18 CST 2012" endtime="Fri Sep 21 16:29:18 CST 2012" />
          <Test name="testNextStringNonQuote" result="pass" starttime="Fri Sep 21 16:29:18 CST 2012" endtime="Fri Sep 21 16:29:19 CST 2012" />
          <Test name="testNextStringUnicodeEscaped" result="pass" starttime="Fri Sep 21 16:29:19 CST 2012" endtime="Fri Sep 21 16:29:19 CST 2012" />
          <Test name="testNextTo" result="pass" starttime="Fri Sep 21 16:29:19 CST 2012" endtime="Fri Sep 21 16:29:19 CST 2012" />
          <Test name="testNextToConsumesNull" result="pass" starttime="Fri Sep 21 16:29:19 CST 2012" endtime="Fri Sep 21 16:29:19 CST 2012" />
          <Test name="testNextToDoesntStopOnNull" result="pass" starttime="Fri Sep 21 16:29:19 CST 2012" endtime="Fri Sep 21 16:29:19 CST 2012" />
          <Test name="testNextToTrailing" result="pass" starttime="Fri Sep 21 16:29:19 CST 2012" endtime="Fri Sep 21 16:29:19 CST 2012" />
          <Test name="testNextToTrimming" result="pass" starttime="Fri Sep 21 16:29:19 CST 2012" endtime="Fri Sep 21 16:29:19 CST 2012" />
          <Test name="testNulls" result="pass" starttime="Fri Sep 21 16:29:19 CST 2012" endtime="Fri Sep 21 16:29:19 CST 2012" />
          <Test name="testSkipPast" result="pass" starttime="Fri Sep 21 16:29:19 CST 2012" endtime="Fri Sep 21 16:29:19 CST 2012" />
          <Test name="testSkipTo" result="pass" starttime="Fri Sep 21 16:29:19 CST 2012" endtime="Fri Sep 21 16:29:20 CST 2012" />
          <Test name="testSkipToStopsOnNull" result="pass" starttime="Fri Sep 21 16:29:20 CST 2012" endtime="Fri Sep 21 16:29:20 CST 2012" />
        </TestCase>
        <TestCase name="ParsingTest" priority="">
          <Test name="testParsingArrays" result="pass" starttime="Fri Sep 21 16:29:20 CST 2012" endtime="Fri Sep 21 16:29:20 CST 2012" />
          <Test name="testParsingHexNumbers" result="pass" starttime="Fri Sep 21 16:29:20 CST 2012" endtime="Fri Sep 21 16:29:20 CST 2012" />
          <Test name="testParsingIntegersWithAdditionalPrecisionYieldDoubles" result="pass" starttime="Fri Sep 21 16:29:20 CST 2012" endtime="Fri Sep 21 16:29:20 CST 2012" />
          <Test name="testParsingLargeHexValues" result="pass" starttime="Fri Sep 21 16:29:20 CST 2012" endtime="Fri Sep 21 16:29:20 CST 2012" />
          <Test name="testParsingLiterals" result="pass" starttime="Fri Sep 21 16:29:20 CST 2012" endtime="Fri Sep 21 16:29:20 CST 2012" />
          <Test name="testParsingNegativeZero" result="pass" starttime="Fri Sep 21 16:29:20 CST 2012" endtime="Fri Sep 21 16:29:20 CST 2012" />
          <Test name="testParsingNoObjects" result="pass" starttime="Fri Sep 21 16:29:20 CST 2012" endtime="Fri Sep 21 16:29:21 CST 2012" />
          <Test name="testParsingNumbersThatAreBestRepresentedAsDoubles" result="pass" starttime="Fri Sep 21 16:29:21 CST 2012" endtime="Fri Sep 21 16:29:21 CST 2012" />
          <Test name="testParsingNumbersThatAreBestRepresentedAsIntegers" result="pass" starttime="Fri Sep 21 16:29:21 CST 2012" endtime="Fri Sep 21 16:29:21 CST 2012" />
          <Test name="testParsingNumbersThatAreBestRepresentedAsLongs" result="pass" starttime="Fri Sep 21 16:29:21 CST 2012" endtime="Fri Sep 21 16:29:21 CST 2012" />
          <Test name="testParsingObjects" result="pass" starttime="Fri Sep 21 16:29:21 CST 2012" endtime="Fri Sep 21 16:29:21 CST 2012" />
          <Test name="testParsingOctalNumbers" result="pass" starttime="Fri Sep 21 16:29:21 CST 2012" endtime="Fri Sep 21 16:29:21 CST 2012" />
          <Test name="testParsingQuotedStrings" result="pass" starttime="Fri Sep 21 16:29:21 CST 2012" endtime="Fri Sep 21 16:29:21 CST 2012" />
          <Test name="testParsingSingleQuotedStrings" result="pass" starttime="Fri Sep 21 16:29:21 CST 2012" endtime="Fri Sep 21 16:29:21 CST 2012" />
          <Test name="testParsingUnquotedStrings" result="pass" starttime="Fri Sep 21 16:29:21 CST 2012" endtime="Fri Sep 21 16:29:21 CST 2012" />
          <Test name="testParsingWithCommentsAndWhitespace" result="pass" starttime="Fri Sep 21 16:29:21 CST 2012" endtime="Fri Sep 21 16:29:21 CST 2012" />
          <Test name="testSyntaxProblemEmptyString" result="pass" starttime="Fri Sep 21 16:29:21 CST 2012" endtime="Fri Sep 21 16:29:22 CST 2012" />
          <Test name="testSyntaxProblemMalformedObject" result="pass" starttime="Fri Sep 21 16:29:22 CST 2012" endtime="Fri Sep 21 16:29:22 CST 2012" />
          <Test name="testSyntaxProblemUnterminatedArray" result="pass" starttime="Fri Sep 21 16:29:22 CST 2012" endtime="Fri Sep 21 16:29:22 CST 2012" />
          <Test name="testSyntaxProblemUnterminatedObject" result="pass" starttime="Fri Sep 21 16:29:22 CST 2012" endtime="Fri Sep 21 16:29:22 CST 2012" />
        </TestCase>
        <TestCase name="SelfUseTest" priority="">
          <Test name="testArrayGetType" result="pass" starttime="Fri Sep 21 16:29:22 CST 2012" endtime="Fri Sep 21 16:29:22 CST 2012" />
          <Test name="testArrayOptType" result="pass" starttime="Fri Sep 21 16:29:22 CST 2012" endtime="Fri Sep 21 16:29:22 CST 2012" />
          <Test name="testIsNull" result="pass" starttime="Fri Sep 21 16:29:22 CST 2012" endtime="Fri Sep 21 16:29:22 CST 2012" />
          <Test name="testNextExpecting" result="pass" starttime="Fri Sep 21 16:29:22 CST 2012" endtime="Fri Sep 21 16:29:22 CST 2012" />
          <Test name="testNextValue" result="pass" starttime="Fri Sep 21 16:29:22 CST 2012" endtime="Fri Sep 21 16:29:22 CST 2012" />
          <Test name="testObjectAccumulate" result="pass" starttime="Fri Sep 21 16:29:22 CST 2012" endtime="Fri Sep 21 16:29:23 CST 2012" />
          <Test name="testObjectGetBoolean" result="pass" starttime="Fri Sep 21 16:29:23 CST 2012" endtime="Fri Sep 21 16:29:23 CST 2012" />
          <Test name="testObjectOptType" result="pass" starttime="Fri Sep 21 16:29:23 CST 2012" endtime="Fri Sep 21 16:29:23 CST 2012" />
          <Test name="testObjectPut" result="pass" starttime="Fri Sep 21 16:29:23 CST 2012" endtime="Fri Sep 21 16:29:23 CST 2012" />
          <Test name="testPutAtIndex" result="pass" starttime="Fri Sep 21 16:29:23 CST 2012" endtime="Fri Sep 21 16:29:23 CST 2012" />
          <Test name="testToJSONArray" result="pass" starttime="Fri Sep 21 16:29:23 CST 2012" endtime="Fri Sep 21 16:29:23 CST 2012" />
          <Test name="testToJSONObject" result="pass" starttime="Fri Sep 21 16:29:23 CST 2012" endtime="Fri Sep 21 16:29:23 CST 2012" />
        </TestCase>
      </TestSuite>
      <TestSuite name="kxml2">
        <TestSuite name="io">
          <TestCase name="KXmlSerializerTest" priority="">
            <Test name="testCdataWithTerminatorInside" result="pass" starttime="Fri Sep 21 16:29:23 CST 2012" endtime="Fri Sep 21 16:29:23 CST 2012" />
            <Test name="testInvalidCharactersInAttributeValues" result="pass" starttime="Fri Sep 21 16:29:23 CST 2012" endtime="Fri Sep 21 16:29:28 CST 2012" />
            <Test name="testInvalidCharactersInCdataSections" result="pass" starttime="Fri Sep 21 16:29:28 CST 2012" endtime="Fri Sep 21 16:29:34 CST 2012" />
            <Test name="testInvalidCharactersInText" result="pass" starttime="Fri Sep 21 16:29:34 CST 2012" endtime="Fri Sep 21 16:29:37 CST 2012" />
          </TestCase>
        </TestSuite>
      </TestSuite>
      <TestSuite name="w3c">
        <TestSuite name="domts">
          <TestCase name="JunitTestCases" priority="">
            <Test name="test_level1_core_attrcreatedocumentfragment" result="pass" starttime="Fri Sep 21 16:29:37 CST 2012" endtime="Fri Sep 21 16:29:37 CST 2012" />
            <Test name="test_level1_core_attrcreatetextnode" result="pass" starttime="Fri Sep 21 16:29:37 CST 2012" endtime="Fri Sep 21 16:29:37 CST 2012" />
            <Test name="test_level1_core_attrcreatetextnode2" result="pass" starttime="Fri Sep 21 16:29:37 CST 2012" endtime="Fri Sep 21 16:29:38 CST 2012" />
            <Test name="test_level1_core_attreffectivevalue" result="pass" starttime="Fri Sep 21 16:29:38 CST 2012" endtime="Fri Sep 21 16:29:38 CST 2012" />
            <Test name="test_level1_core_attrname" result="pass" starttime="Fri Sep 21 16:29:38 CST 2012" endtime="Fri Sep 21 16:29:38 CST 2012" />
            <Test name="test_level1_core_attrnextsiblingnull" result="pass" starttime="Fri Sep 21 16:29:38 CST 2012" endtime="Fri Sep 21 16:29:38 CST 2012" />
            <Test name="test_level1_core_attrparentnodenull" result="pass" starttime="Fri Sep 21 16:29:38 CST 2012" endtime="Fri Sep 21 16:29:38 CST 2012" />
            <Test name="test_level1_core_attrprevioussiblingnull" result="pass" starttime="Fri Sep 21 16:29:38 CST 2012" endtime="Fri Sep 21 16:29:38 CST 2012" />
            <Test name="test_level1_core_attrspecifiedvalue" result="pass" starttime="Fri Sep 21 16:29:38 CST 2012" endtime="Fri Sep 21 16:29:38 CST 2012" />
            <Test name="test_level1_core_attrspecifiedvaluechanged" result="pass" starttime="Fri Sep 21 16:29:38 CST 2012" endtime="Fri Sep 21 16:29:38 CST 2012" />
            <Test name="test_level1_core_cdatasectiongetdata" result="pass" starttime="Fri Sep 21 16:29:38 CST 2012" endtime="Fri Sep 21 16:29:38 CST 2012" />
            <Test name="test_level1_core_characterdataappenddata" result="pass" starttime="Fri Sep 21 16:29:38 CST 2012" endtime="Fri Sep 21 16:29:39 CST 2012" />
            <Test name="test_level1_core_characterdataappenddatagetdata" result="pass" starttime="Fri Sep 21 16:29:39 CST 2012" endtime="Fri Sep 21 16:29:39 CST 2012" />
            <Test name="test_level1_core_characterdatadeletedatabegining" result="pass" starttime="Fri Sep 21 16:29:39 CST 2012" endtime="Fri Sep 21 16:29:39 CST 2012" />
            <Test name="test_level1_core_characterdatadeletedataend" result="pass" starttime="Fri Sep 21 16:29:39 CST 2012" endtime="Fri Sep 21 16:29:39 CST 2012" />
            <Test name="test_level1_core_characterdatadeletedataexceedslength" result="pass" starttime="Fri Sep 21 16:29:39 CST 2012" endtime="Fri Sep 21 16:29:39 CST 2012" />
            <Test name="test_level1_core_characterdatadeletedatagetlengthanddata" result="pass" starttime="Fri Sep 21 16:29:39 CST 2012" endtime="Fri Sep 21 16:29:39 CST 2012" />
            <Test name="test_level1_core_characterdatadeletedatamiddle" result="pass" starttime="Fri Sep 21 16:29:39 CST 2012" endtime="Fri Sep 21 16:29:39 CST 2012" />
            <Test name="test_level1_core_characterdatagetdata" result="pass" starttime="Fri Sep 21 16:29:39 CST 2012" endtime="Fri Sep 21 16:29:39 CST 2012" />
            <Test name="test_level1_core_characterdatagetlength" result="pass" starttime="Fri Sep 21 16:29:39 CST 2012" endtime="Fri Sep 21 16:29:39 CST 2012" />
            <Test name="test_level1_core_characterdatainsertdatabeginning" result="pass" starttime="Fri Sep 21 16:29:39 CST 2012" endtime="Fri Sep 21 16:29:40 CST 2012" />
            <Test name="test_level1_core_characterdatainsertdataend" result="pass" starttime="Fri Sep 21 16:29:40 CST 2012" endtime="Fri Sep 21 16:29:40 CST 2012" />
            <Test name="test_level1_core_characterdatainsertdatamiddle" result="pass" starttime="Fri Sep 21 16:29:40 CST 2012" endtime="Fri Sep 21 16:29:40 CST 2012" />
            <Test name="test_level1_core_characterdatareplacedatabegining" result="pass" starttime="Fri Sep 21 16:29:40 CST 2012" endtime="Fri Sep 21 16:29:40 CST 2012" />
            <Test name="test_level1_core_characterdatareplacedataend" result="pass" starttime="Fri Sep 21 16:29:40 CST 2012" endtime="Fri Sep 21 16:29:40 CST 2012" />
            <Test name="test_level1_core_characterdatareplacedataexceedslengthofarg" result="pass" starttime="Fri Sep 21 16:29:40 CST 2012" endtime="Fri Sep 21 16:29:40 CST 2012" />
            <Test name="test_level1_core_characterdatareplacedataexceedslengthofdata" result="pass" starttime="Fri Sep 21 16:29:40 CST 2012" endtime="Fri Sep 21 16:29:40 CST 2012" />
            <Test name="test_level1_core_characterdatareplacedatamiddle" result="pass" starttime="Fri Sep 21 16:29:40 CST 2012" endtime="Fri Sep 21 16:29:40 CST 2012" />
            <Test name="test_level1_core_characterdatasubstringvalue" result="pass" starttime="Fri Sep 21 16:29:40 CST 2012" endtime="Fri Sep 21 16:29:40 CST 2012" />
            <Test name="test_level1_core_commentgetcomment" result="pass" starttime="Fri Sep 21 16:29:40 CST 2012" endtime="Fri Sep 21 16:29:41 CST 2012" />
            <Test name="test_level1_core_documentcreatecdatasection" result="pass" starttime="Fri Sep 21 16:29:41 CST 2012" endtime="Fri Sep 21 16:29:41 CST 2012" />
            <Test name="test_level1_core_documentcreatecomment" result="pass" starttime="Fri Sep 21 16:29:41 CST 2012" endtime="Fri Sep 21 16:29:41 CST 2012" />
            <Test name="test_level1_core_documentcreatedocumentfragment" result="pass" starttime="Fri Sep 21 16:29:41 CST 2012" endtime="Fri Sep 21 16:29:41 CST 2012" />
            <Test name="test_level1_core_documentcreateelement" result="pass" starttime="Fri Sep 21 16:29:41 CST 2012" endtime="Fri Sep 21 16:29:41 CST 2012" />
            <Test name="test_level1_core_documentcreateelementcasesensitive" result="pass" starttime="Fri Sep 21 16:29:41 CST 2012" endtime="Fri Sep 21 16:29:41 CST 2012" />
            <Test name="test_level1_core_documentcreateentityreference" result="pass" starttime="Fri Sep 21 16:29:41 CST 2012" endtime="Fri Sep 21 16:29:41 CST 2012" />
            <Test name="test_level1_core_documentcreateprocessinginstruction" result="pass" starttime="Fri Sep 21 16:29:41 CST 2012" endtime="Fri Sep 21 16:29:41 CST 2012" />
            <Test name="test_level1_core_documentcreatetextnode" result="pass" starttime="Fri Sep 21 16:29:41 CST 2012" endtime="Fri Sep 21 16:29:41 CST 2012" />
            <Test name="test_level1_core_documentgetdoctype" result="pass" starttime="Fri Sep 21 16:29:41 CST 2012" endtime="Fri Sep 21 16:29:42 CST 2012" />
            <Test name="test_level1_core_documentgetdoctypenodtd" result="pass" starttime="Fri Sep 21 16:29:42 CST 2012" endtime="Fri Sep 21 16:29:42 CST 2012" />
            <Test name="test_level1_core_documentgetelementsbytagnamelength" result="pass" starttime="Fri Sep 21 16:29:42 CST 2012" endtime="Fri Sep 21 16:29:42 CST 2012" />
            <Test name="test_level1_core_documentgetelementsbytagnamevalue" result="pass" starttime="Fri Sep 21 16:29:42 CST 2012" endtime="Fri Sep 21 16:29:42 CST 2012" />
            <Test name="test_level1_core_documentgetimplementation" result="pass" starttime="Fri Sep 21 16:29:42 CST 2012" endtime="Fri Sep 21 16:29:42 CST 2012" />
            <Test name="test_level1_core_documentgetrootnode" result="pass" starttime="Fri Sep 21 16:29:42 CST 2012" endtime="Fri Sep 21 16:29:42 CST 2012" />
            <Test name="test_level1_core_documentinvalidcharacterexceptioncreateattribute" result="pass" starttime="Fri Sep 21 16:29:42 CST 2012" endtime="Fri Sep 21 16:29:42 CST 2012" />
            <Test name="test_level1_core_documentinvalidcharacterexceptioncreateelement" result="pass" starttime="Fri Sep 21 16:29:42 CST 2012" endtime="Fri Sep 21 16:29:42 CST 2012" />
            <Test name="test_level1_core_documenttypegetdoctype" result="pass" starttime="Fri Sep 21 16:29:42 CST 2012" endtime="Fri Sep 21 16:29:42 CST 2012" />
            <Test name="test_level1_core_domimplementationfeaturenoversion" result="pass" starttime="Fri Sep 21 16:29:42 CST 2012" endtime="Fri Sep 21 16:29:42 CST 2012" />
            <Test name="test_level1_core_domimplementationfeaturenull" result="pass" starttime="Fri Sep 21 16:29:42 CST 2012" endtime="Fri Sep 21 16:29:43 CST 2012" />
            <Test name="test_level1_core_domimplementationfeaturexml" result="pass" starttime="Fri Sep 21 16:29:43 CST 2012" endtime="Fri Sep 21 16:29:43 CST 2012" />
            <Test name="test_level1_core_elementaddnewattribute" result="pass" starttime="Fri Sep 21 16:29:43 CST 2012" endtime="Fri Sep 21 16:29:43 CST 2012" />
            <Test name="test_level1_core_elementassociatedattribute" result="pass" starttime="Fri Sep 21 16:29:43 CST 2012" endtime="Fri Sep 21 16:29:43 CST 2012" />
            <Test name="test_level1_core_elementchangeattributevalue" result="pass" starttime="Fri Sep 21 16:29:43 CST 2012" endtime="Fri Sep 21 16:29:43 CST 2012" />
            <Test name="test_level1_core_elementgetattributenode" result="pass" starttime="Fri Sep 21 16:29:43 CST 2012" endtime="Fri Sep 21 16:29:43 CST 2012" />
            <Test name="test_level1_core_elementgetattributenodenull" result="pass" starttime="Fri Sep 21 16:29:43 CST 2012" endtime="Fri Sep 21 16:29:43 CST 2012" />
            <Test name="test_level1_core_elementgetelementsbytagname" result="pass" starttime="Fri Sep 21 16:29:43 CST 2012" endtime="Fri Sep 21 16:29:43 CST 2012" />
            <Test name="test_level1_core_elementgetelementsbytagnameaccessnodelist" result="pass" starttime="Fri Sep 21 16:29:43 CST 2012" endtime="Fri Sep 21 16:29:43 CST 2012" />
            <Test name="test_level1_core_elementgetelementsbytagnamenomatch" result="pass" starttime="Fri Sep 21 16:29:43 CST 2012" endtime="Fri Sep 21 16:29:44 CST 2012" />
            <Test name="test_level1_core_elementgettagname" result="pass" starttime="Fri Sep 21 16:29:44 CST 2012" endtime="Fri Sep 21 16:29:44 CST 2012" />
            <Test name="test_level1_core_elementinuseattributeerr" result="pass" starttime="Fri Sep 21 16:29:44 CST 2012" endtime="Fri Sep 21 16:29:44 CST 2012" />
            <Test name="test_level1_core_elementinvalidcharacterexception" result="pass" starttime="Fri Sep 21 16:29:44 CST 2012" endtime="Fri Sep 21 16:29:44 CST 2012" />
            <Test name="test_level1_core_elementnormalize" result="pass" starttime="Fri Sep 21 16:29:44 CST 2012" endtime="Fri Sep 21 16:29:44 CST 2012" />
            <Test name="test_level1_core_elementnotfounderr" result="pass" starttime="Fri Sep 21 16:29:44 CST 2012" endtime="Fri Sep 21 16:29:44 CST 2012" />
            <Test name="test_level1_core_elementremoveattributeaftercreate" result="pass" starttime="Fri Sep 21 16:29:44 CST 2012" endtime="Fri Sep 21 16:29:44 CST 2012" />
            <Test name="test_level1_core_elementremoveattributenode" result="pass" starttime="Fri Sep 21 16:29:44 CST 2012" endtime="Fri Sep 21 16:29:44 CST 2012" />
            <Test name="test_level1_core_elementreplaceexistingattributegevalue" result="pass" starttime="Fri Sep 21 16:29:44 CST 2012" endtime="Fri Sep 21 16:29:44 CST 2012" />
            <Test name="test_level1_core_elementretrieveattrvalue" result="pass" starttime="Fri Sep 21 16:29:44 CST 2012" endtime="Fri Sep 21 16:29:44 CST 2012" />
            <Test name="test_level1_core_elementretrievetagname" result="pass" starttime="Fri Sep 21 16:29:44 CST 2012" endtime="Fri Sep 21 16:29:45 CST 2012" />
            <Test name="test_level1_core_elementsetattributenodenull" result="pass" starttime="Fri Sep 21 16:29:45 CST 2012" endtime="Fri Sep 21 16:29:45 CST 2012" />
            <Test name="test_level1_core_elementwrongdocumenterr" result="pass" starttime="Fri Sep 21 16:29:45 CST 2012" endtime="Fri Sep 21 16:29:45 CST 2012" />
            <Test name="test_level1_core_hc_attrappendchild2" result="pass" starttime="Fri Sep 21 16:29:45 CST 2012" endtime="Fri Sep 21 16:29:45 CST 2012" />
            <Test name="test_level1_core_hc_attrappendchild4" result="pass" starttime="Fri Sep 21 16:29:45 CST 2012" endtime="Fri Sep 21 16:29:45 CST 2012" />
            <Test name="test_level1_core_hc_attrcreatedocumentfragment" result="pass" starttime="Fri Sep 21 16:29:45 CST 2012" endtime="Fri Sep 21 16:29:45 CST 2012" />
            <Test name="test_level1_core_hc_attrcreatetextnode" result="pass" starttime="Fri Sep 21 16:29:45 CST 2012" endtime="Fri Sep 21 16:29:45 CST 2012" />
            <Test name="test_level1_core_hc_attrcreatetextnode2" result="pass" starttime="Fri Sep 21 16:29:45 CST 2012" endtime="Fri Sep 21 16:29:45 CST 2012" />
            <Test name="test_level1_core_hc_attreffectivevalue" result="pass" starttime="Fri Sep 21 16:29:45 CST 2012" endtime="Fri Sep 21 16:29:45 CST 2012" />
            <Test name="test_level1_core_hc_attrinsertbefore5" result="pass" starttime="Fri Sep 21 16:29:45 CST 2012" endtime="Fri Sep 21 16:29:46 CST 2012" />
            <Test name="test_level1_core_hc_attrinsertbefore7" result="pass" starttime="Fri Sep 21 16:29:46 CST 2012" endtime="Fri Sep 21 16:29:46 CST 2012" />
            <Test name="test_level1_core_hc_attrname" result="pass" starttime="Fri Sep 21 16:29:46 CST 2012" endtime="Fri Sep 21 16:29:46 CST 2012" />
            <Test name="test_level1_core_hc_attrnextsiblingnull" result="pass" starttime="Fri Sep 21 16:29:46 CST 2012" endtime="Fri Sep 21 16:29:46 CST 2012" />
            <Test name="test_level1_core_hc_attrparentnodenull" result="pass" starttime="Fri Sep 21 16:29:46 CST 2012" endtime="Fri Sep 21 16:29:46 CST 2012" />
            <Test name="test_level1_core_hc_attrprevioussiblingnull" result="pass" starttime="Fri Sep 21 16:29:46 CST 2012" endtime="Fri Sep 21 16:29:46 CST 2012" />
            <Test name="test_level1_core_hc_attrspecifiedvalue" result="pass" starttime="Fri Sep 21 16:29:46 CST 2012" endtime="Fri Sep 21 16:29:46 CST 2012" />
            <Test name="test_level1_core_hc_attrspecifiedvaluechanged" result="pass" starttime="Fri Sep 21 16:29:46 CST 2012" endtime="Fri Sep 21 16:29:46 CST 2012" />
            <Test name="test_level1_core_hc_characterdataappenddata" result="pass" starttime="Fri Sep 21 16:29:46 CST 2012" endtime="Fri Sep 21 16:29:46 CST 2012" />
            <Test name="test_level1_core_hc_characterdataappenddatagetdata" result="pass" starttime="Fri Sep 21 16:29:46 CST 2012" endtime="Fri Sep 21 16:29:47 CST 2012" />
            <Test name="test_level1_core_hc_characterdatadeletedatabegining" result="pass" starttime="Fri Sep 21 16:29:47 CST 2012" endtime="Fri Sep 21 16:29:47 CST 2012" />
            <Test name="test_level1_core_hc_characterdatadeletedataend" result="pass" starttime="Fri Sep 21 16:29:47 CST 2012" endtime="Fri Sep 21 16:29:47 CST 2012" />
            <Test name="test_level1_core_hc_characterdatadeletedataexceedslength" result="pass" starttime="Fri Sep 21 16:29:47 CST 2012" endtime="Fri Sep 21 16:29:47 CST 2012" />
            <Test name="test_level1_core_hc_characterdatadeletedatagetlengthanddata" result="pass" starttime="Fri Sep 21 16:29:47 CST 2012" endtime="Fri Sep 21 16:29:47 CST 2012" />
            <Test name="test_level1_core_hc_characterdatadeletedatamiddle" result="pass" starttime="Fri Sep 21 16:29:47 CST 2012" endtime="Fri Sep 21 16:29:47 CST 2012" />
            <Test name="test_level1_core_hc_characterdatagetdata" result="pass" starttime="Fri Sep 21 16:29:47 CST 2012" endtime="Fri Sep 21 16:29:47 CST 2012" />
            <Test name="test_level1_core_hc_characterdatagetlength" result="pass" starttime="Fri Sep 21 16:29:47 CST 2012" endtime="Fri Sep 21 16:29:47 CST 2012" />
            <Test name="test_level1_core_hc_characterdatainsertdatabeginning" result="pass" starttime="Fri Sep 21 16:29:47 CST 2012" endtime="Fri Sep 21 16:29:47 CST 2012" />
            <Test name="test_level1_core_hc_characterdatainsertdataend" result="pass" starttime="Fri Sep 21 16:29:47 CST 2012" endtime="Fri Sep 21 16:29:48 CST 2012" />
            <Test name="test_level1_core_hc_characterdatainsertdatamiddle" result="pass" starttime="Fri Sep 21 16:29:48 CST 2012" endtime="Fri Sep 21 16:29:48 CST 2012" />
            <Test name="test_level1_core_hc_characterdatareplacedatabegining" result="pass" starttime="Fri Sep 21 16:29:48 CST 2012" endtime="Fri Sep 21 16:29:48 CST 2012" />
            <Test name="test_level1_core_hc_characterdatareplacedataend" result="pass" starttime="Fri Sep 21 16:29:48 CST 2012" endtime="Fri Sep 21 16:29:48 CST 2012" />
            <Test name="test_level1_core_hc_characterdatareplacedataexceedslengthofarg" result="pass" starttime="Fri Sep 21 16:29:48 CST 2012" endtime="Fri Sep 21 16:29:48 CST 2012" />
            <Test name="test_level1_core_hc_characterdatareplacedataexceedslengthofdata" result="pass" starttime="Fri Sep 21 16:29:48 CST 2012" endtime="Fri Sep 21 16:29:48 CST 2012" />
            <Test name="test_level1_core_hc_characterdatareplacedatamiddle" result="pass" starttime="Fri Sep 21 16:29:48 CST 2012" endtime="Fri Sep 21 16:29:48 CST 2012" />
            <Test name="test_level1_core_hc_characterdatasubstringvalue" result="pass" starttime="Fri Sep 21 16:29:48 CST 2012" endtime="Fri Sep 21 16:29:48 CST 2012" />
            <Test name="test_level1_core_hc_commentgetcomment" result="pass" starttime="Fri Sep 21 16:29:48 CST 2012" endtime="Fri Sep 21 16:29:48 CST 2012" />
            <Test name="test_level1_core_hc_documentcreatecomment" result="pass" starttime="Fri Sep 21 16:29:48 CST 2012" endtime="Fri Sep 21 16:29:49 CST 2012" />
            <Test name="test_level1_core_hc_documentcreatedocumentfragment" result="pass" starttime="Fri Sep 21 16:29:49 CST 2012" endtime="Fri Sep 21 16:29:49 CST 2012" />
            <Test name="test_level1_core_hc_documentcreateelement" result="pass" starttime="Fri Sep 21 16:29:49 CST 2012" endtime="Fri Sep 21 16:29:49 CST 2012" />
            <Test name="test_level1_core_hc_documentcreateelementcasesensitive" result="pass" starttime="Fri Sep 21 16:29:49 CST 2012" endtime="Fri Sep 21 16:29:49 CST 2012" />
            <Test name="test_level1_core_hc_documentcreatetextnode" result="pass" starttime="Fri Sep 21 16:29:49 CST 2012" endtime="Fri Sep 21 16:29:49 CST 2012" />
            <Test name="test_level1_core_hc_documentgetdoctype" result="pass" starttime="Fri Sep 21 16:29:49 CST 2012" endtime="Fri Sep 21 16:29:49 CST 2012" />
            <Test name="test_level1_core_hc_documentgetelementsbytagnamelength" result="pass" starttime="Fri Sep 21 16:29:49 CST 2012" endtime="Fri Sep 21 16:29:49 CST 2012" />
            <Test name="test_level1_core_hc_documentgetelementsbytagnametotallength" result="pass" starttime="Fri Sep 21 16:29:49 CST 2012" endtime="Fri Sep 21 16:29:49 CST 2012" />
            <Test name="test_level1_core_hc_documentgetelementsbytagnamevalue" result="pass" starttime="Fri Sep 21 16:29:49 CST 2012" endtime="Fri Sep 21 16:29:49 CST 2012" />
            <Test name="test_level1_core_hc_documentgetimplementation" result="pass" starttime="Fri Sep 21 16:29:49 CST 2012" endtime="Fri Sep 21 16:29:49 CST 2012" />
            <Test name="test_level1_core_hc_documentgetrootnode" result="pass" starttime="Fri Sep 21 16:29:49 CST 2012" endtime="Fri Sep 21 16:29:50 CST 2012" />
            <Test name="test_level1_core_hc_documentinvalidcharacterexceptioncreateattribute" result="pass" starttime="Fri Sep 21 16:29:50 CST 2012" endtime="Fri Sep 21 16:29:50 CST 2012" />
            <Test name="test_level1_core_hc_documentinvalidcharacterexceptioncreateattribute1" result="pass" starttime="Fri Sep 21 16:29:50 CST 2012" endtime="Fri Sep 21 16:29:50 CST 2012" />
            <Test name="test_level1_core_hc_documentinvalidcharacterexceptioncreateelement" result="pass" starttime="Fri Sep 21 16:29:50 CST 2012" endtime="Fri Sep 21 16:29:50 CST 2012" />
            <Test name="test_level1_core_hc_documentinvalidcharacterexceptioncreateelement1" result="pass" starttime="Fri Sep 21 16:29:50 CST 2012" endtime="Fri Sep 21 16:29:50 CST 2012" />
            <Test name="test_level1_core_hc_domimplementationfeaturenoversion" result="pass" starttime="Fri Sep 21 16:29:50 CST 2012" endtime="Fri Sep 21 16:29:50 CST 2012" />
            <Test name="test_level1_core_hc_domimplementationfeaturenull" result="pass" starttime="Fri Sep 21 16:29:50 CST 2012" endtime="Fri Sep 21 16:29:50 CST 2012" />
            <Test name="test_level1_core_hc_domimplementationfeaturexml" result="pass" starttime="Fri Sep 21 16:29:50 CST 2012" endtime="Fri Sep 21 16:29:50 CST 2012" />
            <Test name="test_level1_core_hc_elementaddnewattribute" result="pass" starttime="Fri Sep 21 16:29:50 CST 2012" endtime="Fri Sep 21 16:29:50 CST 2012" />
            <Test name="test_level1_core_hc_elementassociatedattribute" result="pass" starttime="Fri Sep 21 16:29:50 CST 2012" endtime="Fri Sep 21 16:29:51 CST 2012" />
            <Test name="test_level1_core_hc_elementchangeattributevalue" result="pass" starttime="Fri Sep 21 16:29:51 CST 2012" endtime="Fri Sep 21 16:29:51 CST 2012" />
            <Test name="test_level1_core_hc_elementgetattributenode" result="pass" starttime="Fri Sep 21 16:29:51 CST 2012" endtime="Fri Sep 21 16:29:51 CST 2012" />
            <Test name="test_level1_core_hc_elementgetattributenodenull" result="pass" starttime="Fri Sep 21 16:29:51 CST 2012" endtime="Fri Sep 21 16:29:51 CST 2012" />
            <Test name="test_level1_core_hc_elementgetelementsbytagname" result="pass" starttime="Fri Sep 21 16:29:51 CST 2012" endtime="Fri Sep 21 16:29:51 CST 2012" />
            <Test name="test_level1_core_hc_elementgetelementsbytagnameaccessnodelist" result="pass" starttime="Fri Sep 21 16:29:51 CST 2012" endtime="Fri Sep 21 16:29:51 CST 2012" />
            <Test name="test_level1_core_hc_elementgetelementsbytagnamenomatch" result="pass" starttime="Fri Sep 21 16:29:51 CST 2012" endtime="Fri Sep 21 16:29:51 CST 2012" />
            <Test name="test_level1_core_hc_elementgettagname" result="pass" starttime="Fri Sep 21 16:29:51 CST 2012" endtime="Fri Sep 21 16:29:51 CST 2012" />
            <Test name="test_level1_core_hc_elementinuseattributeerr" result="pass" starttime="Fri Sep 21 16:29:51 CST 2012" endtime="Fri Sep 21 16:29:51 CST 2012" />
            <Test name="test_level1_core_hc_elementinvalidcharacterexception" result="pass" starttime="Fri Sep 21 16:29:51 CST 2012" endtime="Fri Sep 21 16:29:52 CST 2012" />
            <Test name="test_level1_core_hc_elementinvalidcharacterexception1" result="pass" starttime="Fri Sep 21 16:29:52 CST 2012" endtime="Fri Sep 21 16:29:52 CST 2012" />
            <Test name="test_level1_core_hc_elementnormalize" result="pass" starttime="Fri Sep 21 16:29:52 CST 2012" endtime="Fri Sep 21 16:29:52 CST 2012" />
            <Test name="test_level1_core_hc_elementnotfounderr" result="pass" starttime="Fri Sep 21 16:29:52 CST 2012" endtime="Fri Sep 21 16:29:52 CST 2012" />
            <Test name="test_level1_core_hc_elementremoveattribute" result="pass" starttime="Fri Sep 21 16:29:52 CST 2012" endtime="Fri Sep 21 16:29:52 CST 2012" />
            <Test name="test_level1_core_hc_elementremoveattributeaftercreate" result="pass" starttime="Fri Sep 21 16:29:52 CST 2012" endtime="Fri Sep 21 16:29:52 CST 2012" />
            <Test name="test_level1_core_hc_elementremoveattributenode" result="pass" starttime="Fri Sep 21 16:29:52 CST 2012" endtime="Fri Sep 21 16:29:52 CST 2012" />
            <Test name="test_level1_core_hc_elementreplaceexistingattributegevalue" result="pass" starttime="Fri Sep 21 16:29:52 CST 2012" endtime="Fri Sep 21 16:29:52 CST 2012" />
            <Test name="test_level1_core_hc_elementretrieveattrvalue" result="pass" starttime="Fri Sep 21 16:29:52 CST 2012" endtime="Fri Sep 21 16:29:52 CST 2012" />
            <Test name="test_level1_core_hc_elementretrievetagname" result="pass" starttime="Fri Sep 21 16:29:52 CST 2012" endtime="Fri Sep 21 16:29:52 CST 2012" />
            <Test name="test_level1_core_hc_elementsetattributenodenull" result="pass" starttime="Fri Sep 21 16:29:52 CST 2012" endtime="Fri Sep 21 16:29:53 CST 2012" />
            <Test name="test_level1_core_hc_elementwrongdocumenterr" result="pass" starttime="Fri Sep 21 16:29:53 CST 2012" endtime="Fri Sep 21 16:29:53 CST 2012" />
            <Test name="test_level1_core_hc_namednodemapgetnameditem" result="pass" starttime="Fri Sep 21 16:29:53 CST 2012" endtime="Fri Sep 21 16:29:53 CST 2012" />
            <Test name="test_level1_core_hc_namednodemapinuseattributeerr" result="pass" starttime="Fri Sep 21 16:29:53 CST 2012" endtime="Fri Sep 21 16:29:53 CST 2012" />
            <Test name="test_level1_core_hc_namednodemapnotfounderr" result="pass" starttime="Fri Sep 21 16:29:53 CST 2012" endtime="Fri Sep 21 16:29:53 CST 2012" />
            <Test name="test_level1_core_hc_namednodemapremovenameditem" result="pass" starttime="Fri Sep 21 16:29:53 CST 2012" endtime="Fri Sep 21 16:29:53 CST 2012" />
            <Test name="test_level1_core_hc_namednodemapreturnattrnode" result="pass" starttime="Fri Sep 21 16:29:53 CST 2012" endtime="Fri Sep 21 16:29:53 CST 2012" />
            <Test name="test_level1_core_hc_namednodemapreturnnull" result="pass" starttime="Fri Sep 21 16:29:53 CST 2012" endtime="Fri Sep 21 16:29:53 CST 2012" />
            <Test name="test_level1_core_hc_namednodemapsetnameditem" result="pass" starttime="Fri Sep 21 16:29:53 CST 2012" endtime="Fri Sep 21 16:29:53 CST 2012" />
            <Test name="test_level1_core_hc_namednodemapsetnameditemreturnvalue" result="pass" starttime="Fri Sep 21 16:29:53 CST 2012" endtime="Fri Sep 21 16:29:54 CST 2012" />
            <Test name="test_level1_core_hc_namednodemapsetnameditemwithnewvalue" result="pass" starttime="Fri Sep 21 16:29:54 CST 2012" endtime="Fri Sep 21 16:29:54 CST 2012" />
            <Test name="test_level1_core_hc_namednodemapwrongdocumenterr" result="pass" starttime="Fri Sep 21 16:29:54 CST 2012" endtime="Fri Sep 21 16:29:54 CST 2012" />
            <Test name="test_level1_core_hc_nodeappendchild" result="pass" starttime="Fri Sep 21 16:29:54 CST 2012" endtime="Fri Sep 21 16:29:54 CST 2012" />
            <Test name="test_level1_core_hc_nodeappendchildgetnodename" result="pass" starttime="Fri Sep 21 16:29:54 CST 2012" endtime="Fri Sep 21 16:29:54 CST 2012" />
            <Test name="test_level1_core_hc_nodeappendchildnewchilddiffdocument" result="pass" starttime="Fri Sep 21 16:29:54 CST 2012" endtime="Fri Sep 21 16:29:54 CST 2012" />
            <Test name="test_level1_core_hc_nodeappendchildnodeancestor" result="pass" starttime="Fri Sep 21 16:29:54 CST 2012" endtime="Fri Sep 21 16:29:54 CST 2012" />
            <Test name="test_level1_core_hc_nodeattributenodeattribute" result="pass" starttime="Fri Sep 21 16:29:54 CST 2012" endtime="Fri Sep 21 16:29:54 CST 2012" />
            <Test name="test_level1_core_hc_nodeattributenodename" result="pass" starttime="Fri Sep 21 16:29:54 CST 2012" endtime="Fri Sep 21 16:29:54 CST 2012" />
            <Test name="test_level1_core_hc_nodeattributenodetype" result="pass" starttime="Fri Sep 21 16:29:54 CST 2012" endtime="Fri Sep 21 16:29:54 CST 2012" />
            <Test name="test_level1_core_hc_nodeattributenodevalue" result="pass" starttime="Fri Sep 21 16:29:54 CST 2012" endtime="Fri Sep 21 16:29:55 CST 2012" />
            <Test name="test_level1_core_hc_nodechildnodes" result="pass" starttime="Fri Sep 21 16:29:55 CST 2012" endtime="Fri Sep 21 16:29:55 CST 2012" />
            <Test name="test_level1_core_hc_nodechildnodesempty" result="pass" starttime="Fri Sep 21 16:29:55 CST 2012" endtime="Fri Sep 21 16:29:55 CST 2012" />
            <Test name="test_level1_core_hc_nodecommentnodeattributes" result="pass" starttime="Fri Sep 21 16:29:55 CST 2012" endtime="Fri Sep 21 16:29:55 CST 2012" />
            <Test name="test_level1_core_hc_nodecommentnodename" result="pass" starttime="Fri Sep 21 16:29:55 CST 2012" endtime="Fri Sep 21 16:29:55 CST 2012" />
            <Test name="test_level1_core_hc_nodecommentnodetype" result="pass" starttime="Fri Sep 21 16:29:55 CST 2012" endtime="Fri Sep 21 16:29:55 CST 2012" />
            <Test name="test_level1_core_hc_nodecommentnodevalue" result="pass" starttime="Fri Sep 21 16:29:55 CST 2012" endtime="Fri Sep 21 16:29:55 CST 2012" />
            <Test name="test_level1_core_hc_nodedocumentfragmentnodename" result="pass" starttime="Fri Sep 21 16:29:55 CST 2012" endtime="Fri Sep 21 16:29:55 CST 2012" />
            <Test name="test_level1_core_hc_nodedocumentfragmentnodetype" result="pass" starttime="Fri Sep 21 16:29:55 CST 2012" endtime="Fri Sep 21 16:29:55 CST 2012" />
            <Test name="test_level1_core_hc_nodedocumentfragmentnodevalue" result="pass" starttime="Fri Sep 21 16:29:55 CST 2012" endtime="Fri Sep 21 16:29:56 CST 2012" />
            <Test name="test_level1_core_hc_nodedocumentnodeattribute" result="pass" starttime="Fri Sep 21 16:29:56 CST 2012" endtime="Fri Sep 21 16:29:56 CST 2012" />
            <Test name="test_level1_core_hc_nodedocumentnodename" result="pass" starttime="Fri Sep 21 16:29:56 CST 2012" endtime="Fri Sep 21 16:29:56 CST 2012" />
            <Test name="test_level1_core_hc_nodedocumentnodetype" result="pass" starttime="Fri Sep 21 16:29:56 CST 2012" endtime="Fri Sep 21 16:29:56 CST 2012" />
            <Test name="test_level1_core_hc_nodedocumentnodevalue" result="pass" starttime="Fri Sep 21 16:29:56 CST 2012" endtime="Fri Sep 21 16:29:56 CST 2012" />
            <Test name="test_level1_core_hc_nodeelementnodename" result="pass" starttime="Fri Sep 21 16:29:56 CST 2012" endtime="Fri Sep 21 16:29:56 CST 2012" />
            <Test name="test_level1_core_hc_nodeelementnodetype" result="pass" starttime="Fri Sep 21 16:29:56 CST 2012" endtime="Fri Sep 21 16:29:56 CST 2012" />
            <Test name="test_level1_core_hc_nodeelementnodevalue" result="pass" starttime="Fri Sep 21 16:29:56 CST 2012" endtime="Fri Sep 21 16:29:56 CST 2012" />
            <Test name="test_level1_core_hc_nodegetfirstchild" result="pass" starttime="Fri Sep 21 16:29:56 CST 2012" endtime="Fri Sep 21 16:29:56 CST 2012" />
            <Test name="test_level1_core_hc_nodegetfirstchildnull" result="pass" starttime="Fri Sep 21 16:29:56 CST 2012" endtime="Fri Sep 21 16:29:57 CST 2012" />
            <Test name="test_level1_core_hc_nodegetlastchild" result="pass" starttime="Fri Sep 21 16:29:57 CST 2012" endtime="Fri Sep 21 16:29:57 CST 2012" />
            <Test name="test_level1_core_hc_nodegetlastchildnull" result="pass" starttime="Fri Sep 21 16:29:57 CST 2012" endtime="Fri Sep 21 16:29:57 CST 2012" />
            <Test name="test_level1_core_hc_nodegetnextsibling" result="pass" starttime="Fri Sep 21 16:29:57 CST 2012" endtime="Fri Sep 21 16:29:57 CST 2012" />
            <Test name="test_level1_core_hc_nodegetnextsiblingnull" result="pass" starttime="Fri Sep 21 16:29:57 CST 2012" endtime="Fri Sep 21 16:29:57 CST 2012" />
            <Test name="test_level1_core_hc_nodegetownerdocument" result="pass" starttime="Fri Sep 21 16:29:57 CST 2012" endtime="Fri Sep 21 16:29:57 CST 2012" />
            <Test name="test_level1_core_hc_nodegetownerdocumentnull" result="pass" starttime="Fri Sep 21 16:29:57 CST 2012" endtime="Fri Sep 21 16:29:57 CST 2012" />
            <Test name="test_level1_core_hc_nodegetprevioussibling" result="pass" starttime="Fri Sep 21 16:29:57 CST 2012" endtime="Fri Sep 21 16:29:57 CST 2012" />
            <Test name="test_level1_core_hc_nodegetprevioussiblingnull" result="pass" starttime="Fri Sep 21 16:29:57 CST 2012" endtime="Fri Sep 21 16:29:57 CST 2012" />
            <Test name="test_level1_core_hc_nodehaschildnodes" result="pass" starttime="Fri Sep 21 16:29:57 CST 2012" endtime="Fri Sep 21 16:29:57 CST 2012" />
            <Test name="test_level1_core_hc_nodehaschildnodesfalse" result="pass" starttime="Fri Sep 21 16:29:57 CST 2012" endtime="Fri Sep 21 16:29:58 CST 2012" />
            <Test name="test_level1_core_hc_nodeinsertbeforenewchilddiffdocument" result="pass" starttime="Fri Sep 21 16:29:58 CST 2012" endtime="Fri Sep 21 16:29:58 CST 2012" />
            <Test name="test_level1_core_hc_nodeinsertbeforenodeancestor" result="pass" starttime="Fri Sep 21 16:29:58 CST 2012" endtime="Fri Sep 21 16:29:58 CST 2012" />
            <Test name="test_level1_core_hc_nodeinsertbeforenodename" result="pass" starttime="Fri Sep 21 16:29:58 CST 2012" endtime="Fri Sep 21 16:29:58 CST 2012" />
            <Test name="test_level1_core_hc_nodelistindexequalzero" result="pass" starttime="Fri Sep 21 16:29:58 CST 2012" endtime="Fri Sep 21 16:29:58 CST 2012" />
            <Test name="test_level1_core_hc_nodelistindexgetlength" result="pass" starttime="Fri Sep 21 16:29:58 CST 2012" endtime="Fri Sep 21 16:29:58 CST 2012" />
            <Test name="test_level1_core_hc_nodelistindexgetlengthofemptylist" result="pass" starttime="Fri Sep 21 16:29:58 CST 2012" endtime="Fri Sep 21 16:29:58 CST 2012" />
            <Test name="test_level1_core_hc_nodelistindexnotzero" result="pass" starttime="Fri Sep 21 16:29:58 CST 2012" endtime="Fri Sep 21 16:29:58 CST 2012" />
            <Test name="test_level1_core_hc_nodelistreturnfirstitem" result="pass" starttime="Fri Sep 21 16:29:58 CST 2012" endtime="Fri Sep 21 16:29:58 CST 2012" />
            <Test name="test_level1_core_hc_nodelistreturnlastitem" result="pass" starttime="Fri Sep 21 16:29:58 CST 2012" endtime="Fri Sep 21 16:29:59 CST 2012" />
            <Test name="test_level1_core_hc_nodelisttraverselist" result="pass" starttime="Fri Sep 21 16:29:59 CST 2012" endtime="Fri Sep 21 16:29:59 CST 2012" />
            <Test name="test_level1_core_hc_nodeparentnode" result="pass" starttime="Fri Sep 21 16:29:59 CST 2012" endtime="Fri Sep 21 16:29:59 CST 2012" />
            <Test name="test_level1_core_hc_nodeparentnodenull" result="pass" starttime="Fri Sep 21 16:29:59 CST 2012" endtime="Fri Sep 21 16:29:59 CST 2012" />
            <Test name="test_level1_core_hc_noderemovechild" result="pass" starttime="Fri Sep 21 16:29:59 CST 2012" endtime="Fri Sep 21 16:29:59 CST 2012" />
            <Test name="test_level1_core_hc_noderemovechildgetnodename" result="pass" starttime="Fri Sep 21 16:29:59 CST 2012" endtime="Fri Sep 21 16:29:59 CST 2012" />
            <Test name="test_level1_core_hc_nodereplacechildnewchilddiffdocument" result="pass" starttime="Fri Sep 21 16:29:59 CST 2012" endtime="Fri Sep 21 16:29:59 CST 2012" />
            <Test name="test_level1_core_hc_nodereplacechildnodeancestor" result="pass" starttime="Fri Sep 21 16:29:59 CST 2012" endtime="Fri Sep 21 16:29:59 CST 2012" />
            <Test name="test_level1_core_hc_nodereplacechildnodename" result="pass" starttime="Fri Sep 21 16:29:59 CST 2012" endtime="Fri Sep 21 16:29:59 CST 2012" />
            <Test name="test_level1_core_hc_nodetextnodeattribute" result="pass" starttime="Fri Sep 21 16:29:59 CST 2012" endtime="Fri Sep 21 16:30:00 CST 2012" />
            <Test name="test_level1_core_hc_nodetextnodename" result="pass" starttime="Fri Sep 21 16:30:00 CST 2012" endtime="Fri Sep 21 16:30:00 CST 2012" />
            <Test name="test_level1_core_hc_nodetextnodetype" result="pass" starttime="Fri Sep 21 16:30:00 CST 2012" endtime="Fri Sep 21 16:30:00 CST 2012" />
            <Test name="test_level1_core_hc_nodetextnodevalue" result="pass" starttime="Fri Sep 21 16:30:00 CST 2012" endtime="Fri Sep 21 16:30:00 CST 2012" />
            <Test name="test_level1_core_hc_nodevalue01" result="pass" starttime="Fri Sep 21 16:30:00 CST 2012" endtime="Fri Sep 21 16:30:00 CST 2012" />
            <Test name="test_level1_core_hc_nodevalue03" result="pass" starttime="Fri Sep 21 16:30:00 CST 2012" endtime="Fri Sep 21 16:30:00 CST 2012" />
            <Test name="test_level1_core_hc_nodevalue04" result="pass" starttime="Fri Sep 21 16:30:00 CST 2012" endtime="Fri Sep 21 16:30:00 CST 2012" />
            <Test name="test_level1_core_hc_nodevalue05" result="pass" starttime="Fri Sep 21 16:30:00 CST 2012" endtime="Fri Sep 21 16:30:00 CST 2012" />
            <Test name="test_level1_core_hc_nodevalue06" result="pass" starttime="Fri Sep 21 16:30:00 CST 2012" endtime="Fri Sep 21 16:30:00 CST 2012" />
            <Test name="test_level1_core_hc_textsplittextfour" result="pass" starttime="Fri Sep 21 16:30:00 CST 2012" endtime="Fri Sep 21 16:30:00 CST 2012" />
            <Test name="test_level1_core_hc_textsplittextone" result="pass" starttime="Fri Sep 21 16:30:00 CST 2012" endtime="Fri Sep 21 16:30:01 CST 2012" />
            <Test name="test_level1_core_hc_textsplittextthree" result="pass" starttime="Fri Sep 21 16:30:01 CST 2012" endtime="Fri Sep 21 16:30:01 CST 2012" />
            <Test name="test_level1_core_hc_textwithnomarkup" result="pass" starttime="Fri Sep 21 16:30:01 CST 2012" endtime="Fri Sep 21 16:30:01 CST 2012" />
            <Test name="test_level1_core_namednodemapchildnoderange" result="pass" starttime="Fri Sep 21 16:30:01 CST 2012" endtime="Fri Sep 21 16:30:01 CST 2012" />
            <Test name="test_level1_core_namednodemapgetnameditem" result="pass" starttime="Fri Sep 21 16:30:01 CST 2012" endtime="Fri Sep 21 16:30:01 CST 2012" />
            <Test name="test_level1_core_namednodemapinuseattributeerr" result="pass" starttime="Fri Sep 21 16:30:01 CST 2012" endtime="Fri Sep 21 16:30:01 CST 2012" />
            <Test name="test_level1_core_namednodemapnotfounderr" result="pass" starttime="Fri Sep 21 16:30:01 CST 2012" endtime="Fri Sep 21 16:30:01 CST 2012" />
            <Test name="test_level1_core_namednodemapnumberofnodes" result="pass" starttime="Fri Sep 21 16:30:01 CST 2012" endtime="Fri Sep 21 16:30:01 CST 2012" />
            <Test name="test_level1_core_namednodemapremovenameditemreturnnodevalue" result="pass" starttime="Fri Sep 21 16:30:01 CST 2012" endtime="Fri Sep 21 16:30:01 CST 2012" />
            <Test name="test_level1_core_namednodemapreturnattrnode" result="pass" starttime="Fri Sep 21 16:30:01 CST 2012" endtime="Fri Sep 21 16:30:02 CST 2012" />
            <Test name="test_level1_core_namednodemapreturnfirstitem" result="pass" starttime="Fri Sep 21 16:30:02 CST 2012" endtime="Fri Sep 21 16:30:02 CST 2012" />
            <Test name="test_level1_core_namednodemapreturnlastitem" result="pass" starttime="Fri Sep 21 16:30:02 CST 2012" endtime="Fri Sep 21 16:30:02 CST 2012" />
            <Test name="test_level1_core_namednodemapreturnnull" result="pass" starttime="Fri Sep 21 16:30:02 CST 2012" endtime="Fri Sep 21 16:30:02 CST 2012" />
            <Test name="test_level1_core_namednodemapsetnameditem" result="pass" starttime="Fri Sep 21 16:30:02 CST 2012" endtime="Fri Sep 21 16:30:02 CST 2012" />
            <Test name="test_level1_core_namednodemapsetnameditemreturnvalue" result="pass" starttime="Fri Sep 21 16:30:02 CST 2012" endtime="Fri Sep 21 16:30:02 CST 2012" />
            <Test name="test_level1_core_namednodemapsetnameditemwithnewvalue" result="pass" starttime="Fri Sep 21 16:30:02 CST 2012" endtime="Fri Sep 21 16:30:02 CST 2012" />
            <Test name="test_level1_core_namednodemapwrongdocumenterr" result="pass" starttime="Fri Sep 21 16:30:02 CST 2012" endtime="Fri Sep 21 16:30:02 CST 2012" />
            <Test name="test_level1_core_nodeappendchild" result="pass" starttime="Fri Sep 21 16:30:02 CST 2012" endtime="Fri Sep 21 16:30:02 CST 2012" />
            <Test name="test_level1_core_nodeappendchildgetnodename" result="pass" starttime="Fri Sep 21 16:30:02 CST 2012" endtime="Fri Sep 21 16:30:03 CST 2012" />
            <Test name="test_level1_core_nodeappendchildnewchilddiffdocument" result="pass" starttime="Fri Sep 21 16:30:03 CST 2012" endtime="Fri Sep 21 16:30:03 CST 2012" />
            <Test name="test_level1_core_nodeappendchildnodeancestor" result="pass" starttime="Fri Sep 21 16:30:03 CST 2012" endtime="Fri Sep 21 16:30:03 CST 2012" />
            <Test name="test_level1_core_nodeattributenodeattribute" result="pass" starttime="Fri Sep 21 16:30:03 CST 2012" endtime="Fri Sep 21 16:30:03 CST 2012" />
            <Test name="test_level1_core_nodeattributenodename" result="pass" starttime="Fri Sep 21 16:30:03 CST 2012" endtime="Fri Sep 21 16:30:03 CST 2012" />
            <Test name="test_level1_core_nodeattributenodetype" result="pass" starttime="Fri Sep 21 16:30:03 CST 2012" endtime="Fri Sep 21 16:30:03 CST 2012" />
            <Test name="test_level1_core_nodeattributenodevalue" result="pass" starttime="Fri Sep 21 16:30:03 CST 2012" endtime="Fri Sep 21 16:30:03 CST 2012" />
            <Test name="test_level1_core_nodecdatasectionnodeattribute" result="pass" starttime="Fri Sep 21 16:30:03 CST 2012" endtime="Fri Sep 21 16:30:03 CST 2012" />
            <Test name="test_level1_core_nodecdatasectionnodename" result="pass" starttime="Fri Sep 21 16:30:03 CST 2012" endtime="Fri Sep 21 16:30:03 CST 2012" />
            <Test name="test_level1_core_nodecdatasectionnodetype" result="pass" starttime="Fri Sep 21 16:30:03 CST 2012" endtime="Fri Sep 21 16:30:04 CST 2012" />
            <Test name="test_level1_core_nodecdatasectionnodevalue" result="pass" starttime="Fri Sep 21 16:30:04 CST 2012" endtime="Fri Sep 21 16:30:04 CST 2012" />
            <Test name="test_level1_core_nodechildnodes" result="pass" starttime="Fri Sep 21 16:30:04 CST 2012" endtime="Fri Sep 21 16:30:04 CST 2012" />
            <Test name="test_level1_core_nodechildnodesempty" result="pass" starttime="Fri Sep 21 16:30:04 CST 2012" endtime="Fri Sep 21 16:30:04 CST 2012" />
            <Test name="test_level1_core_nodecommentnodeattributes" result="pass" starttime="Fri Sep 21 16:30:04 CST 2012" endtime="Fri Sep 21 16:30:04 CST 2012" />
            <Test name="test_level1_core_nodecommentnodename" result="pass" starttime="Fri Sep 21 16:30:04 CST 2012" endtime="Fri Sep 21 16:30:04 CST 2012" />
            <Test name="test_level1_core_nodecommentnodetype" result="pass" starttime="Fri Sep 21 16:30:04 CST 2012" endtime="Fri Sep 21 16:30:04 CST 2012" />
            <Test name="test_level1_core_nodecommentnodevalue" result="pass" starttime="Fri Sep 21 16:30:04 CST 2012" endtime="Fri Sep 21 16:30:04 CST 2012" />
            <Test name="test_level1_core_nodedocumentfragmentnodename" result="pass" starttime="Fri Sep 21 16:30:04 CST 2012" endtime="Fri Sep 21 16:30:04 CST 2012" />
            <Test name="test_level1_core_nodedocumentfragmentnodetype" result="pass" starttime="Fri Sep 21 16:30:04 CST 2012" endtime="Fri Sep 21 16:30:04 CST 2012" />
            <Test name="test_level1_core_nodedocumentfragmentnodevalue" result="pass" starttime="Fri Sep 21 16:30:04 CST 2012" endtime="Fri Sep 21 16:30:05 CST 2012" />
            <Test name="test_level1_core_nodedocumentnodeattribute" result="pass" starttime="Fri Sep 21 16:30:05 CST 2012" endtime="Fri Sep 21 16:30:05 CST 2012" />
            <Test name="test_level1_core_nodedocumentnodename" result="pass" starttime="Fri Sep 21 16:30:05 CST 2012" endtime="Fri Sep 21 16:30:05 CST 2012" />
            <Test name="test_level1_core_nodedocumentnodetype" result="pass" starttime="Fri Sep 21 16:30:05 CST 2012" endtime="Fri Sep 21 16:30:05 CST 2012" />
            <Test name="test_level1_core_nodedocumentnodevalue" result="pass" starttime="Fri Sep 21 16:30:05 CST 2012" endtime="Fri Sep 21 16:30:05 CST 2012" />
            <Test name="test_level1_core_nodedocumenttypenodename" result="pass" starttime="Fri Sep 21 16:30:05 CST 2012" endtime="Fri Sep 21 16:30:05 CST 2012" />
            <Test name="test_level1_core_nodedocumenttypenodetype" result="pass" starttime="Fri Sep 21 16:30:05 CST 2012" endtime="Fri Sep 21 16:30:05 CST 2012" />
            <Test name="test_level1_core_nodedocumenttypenodevalue" result="pass" starttime="Fri Sep 21 16:30:05 CST 2012" endtime="Fri Sep 21 16:30:05 CST 2012" />
            <Test name="test_level1_core_nodeelementnodeattributes" result="pass" starttime="Fri Sep 21 16:30:05 CST 2012" endtime="Fri Sep 21 16:30:05 CST 2012" />
            <Test name="test_level1_core_nodeelementnodename" result="pass" starttime="Fri Sep 21 16:30:05 CST 2012" endtime="Fri Sep 21 16:30:06 CST 2012" />
            <Test name="test_level1_core_nodeelementnodetype" result="pass" starttime="Fri Sep 21 16:30:06 CST 2012" endtime="Fri Sep 21 16:30:06 CST 2012" />
            <Test name="test_level1_core_nodeelementnodevalue" result="pass" starttime="Fri Sep 21 16:30:06 CST 2012" endtime="Fri Sep 21 16:30:06 CST 2012" />
            <Test name="test_level1_core_nodeentityreferencenodeattributes" result="pass" starttime="Fri Sep 21 16:30:06 CST 2012" endtime="Fri Sep 21 16:30:06 CST 2012" />
            <Test name="test_level1_core_nodeentityreferencenodename" result="pass" starttime="Fri Sep 21 16:30:06 CST 2012" endtime="Fri Sep 21 16:30:06 CST 2012" />
            <Test name="test_level1_core_nodeentityreferencenodetype" result="pass" starttime="Fri Sep 21 16:30:06 CST 2012" endtime="Fri Sep 21 16:30:06 CST 2012" />
            <Test name="test_level1_core_nodeentityreferencenodevalue" result="pass" starttime="Fri Sep 21 16:30:06 CST 2012" endtime="Fri Sep 21 16:30:06 CST 2012" />
            <Test name="test_level1_core_nodegetfirstchild" result="pass" starttime="Fri Sep 21 16:30:06 CST 2012" endtime="Fri Sep 21 16:30:06 CST 2012" />
            <Test name="test_level1_core_nodegetfirstchildnull" result="pass" starttime="Fri Sep 21 16:30:06 CST 2012" endtime="Fri Sep 21 16:30:06 CST 2012" />
            <Test name="test_level1_core_nodegetlastchild" result="pass" starttime="Fri Sep 21 16:30:06 CST 2012" endtime="Fri Sep 21 16:30:06 CST 2012" />
            <Test name="test_level1_core_nodegetlastchildnull" result="pass" starttime="Fri Sep 21 16:30:06 CST 2012" endtime="Fri Sep 21 16:30:07 CST 2012" />
            <Test name="test_level1_core_nodegetnextsibling" result="pass" starttime="Fri Sep 21 16:30:07 CST 2012" endtime="Fri Sep 21 16:30:07 CST 2012" />
            <Test name="test_level1_core_nodegetnextsiblingnull" result="pass" starttime="Fri Sep 21 16:30:07 CST 2012" endtime="Fri Sep 21 16:30:07 CST 2012" />
            <Test name="test_level1_core_nodegetownerdocument" result="pass" starttime="Fri Sep 21 16:30:07 CST 2012" endtime="Fri Sep 21 16:30:07 CST 2012" />
            <Test name="test_level1_core_nodegetownerdocumentnull" result="pass" starttime="Fri Sep 21 16:30:07 CST 2012" endtime="Fri Sep 21 16:30:07 CST 2012" />
            <Test name="test_level1_core_nodegetprevioussibling" result="pass" starttime="Fri Sep 21 16:30:07 CST 2012" endtime="Fri Sep 21 16:30:07 CST 2012" />
            <Test name="test_level1_core_nodegetprevioussiblingnull" result="pass" starttime="Fri Sep 21 16:30:07 CST 2012" endtime="Fri Sep 21 16:30:07 CST 2012" />
            <Test name="test_level1_core_nodehaschildnodes" result="pass" starttime="Fri Sep 21 16:30:07 CST 2012" endtime="Fri Sep 21 16:30:07 CST 2012" />
            <Test name="test_level1_core_nodehaschildnodesfalse" result="pass" starttime="Fri Sep 21 16:30:07 CST 2012" endtime="Fri Sep 21 16:30:07 CST 2012" />
            <Test name="test_level1_core_nodeinsertbeforenewchilddiffdocument" result="pass" starttime="Fri Sep 21 16:30:07 CST 2012" endtime="Fri Sep 21 16:30:08 CST 2012" />
            <Test name="test_level1_core_nodeinsertbeforenewchildexists" result="pass" starttime="Fri Sep 21 16:30:08 CST 2012" endtime="Fri Sep 21 16:30:08 CST 2012" />
            <Test name="test_level1_core_nodeinsertbeforenodeancestor" result="pass" starttime="Fri Sep 21 16:30:08 CST 2012" endtime="Fri Sep 21 16:30:08 CST 2012" />
            <Test name="test_level1_core_nodeinsertbeforenodename" result="pass" starttime="Fri Sep 21 16:30:08 CST 2012" endtime="Fri Sep 21 16:30:08 CST 2012" />
            <Test name="test_level1_core_nodelistindexequalzero" result="pass" starttime="Fri Sep 21 16:30:08 CST 2012" endtime="Fri Sep 21 16:30:08 CST 2012" />
            <Test name="test_level1_core_nodelistindexgetlength" result="pass" starttime="Fri Sep 21 16:30:08 CST 2012" endtime="Fri Sep 21 16:30:08 CST 2012" />
            <Test name="test_level1_core_nodelistindexgetlengthofemptylist" result="pass" starttime="Fri Sep 21 16:30:08 CST 2012" endtime="Fri Sep 21 16:30:08 CST 2012" />
            <Test name="test_level1_core_nodelistindexnotzero" result="pass" starttime="Fri Sep 21 16:30:08 CST 2012" endtime="Fri Sep 21 16:30:08 CST 2012" />
            <Test name="test_level1_core_nodelistreturnfirstitem" result="pass" starttime="Fri Sep 21 16:30:08 CST 2012" endtime="Fri Sep 21 16:30:08 CST 2012" />
            <Test name="test_level1_core_nodelistreturnlastitem" result="pass" starttime="Fri Sep 21 16:30:08 CST 2012" endtime="Fri Sep 21 16:30:09 CST 2012" />
            <Test name="test_level1_core_nodelisttraverselist" result="pass" starttime="Fri Sep 21 16:30:09 CST 2012" endtime="Fri Sep 21 16:30:09 CST 2012" />
            <Test name="test_level1_core_nodeparentnode" result="pass" starttime="Fri Sep 21 16:30:09 CST 2012" endtime="Fri Sep 21 16:30:09 CST 2012" />
            <Test name="test_level1_core_nodeparentnodenull" result="pass" starttime="Fri Sep 21 16:30:09 CST 2012" endtime="Fri Sep 21 16:30:09 CST 2012" />
            <Test name="test_level1_core_nodeprocessinginstructionnodeattributes" result="pass" starttime="Fri Sep 21 16:30:09 CST 2012" endtime="Fri Sep 21 16:30:09 CST 2012" />
            <Test name="test_level1_core_nodeprocessinginstructionnodename" result="pass" starttime="Fri Sep 21 16:30:09 CST 2012" endtime="Fri Sep 21 16:30:09 CST 2012" />
            <Test name="test_level1_core_nodeprocessinginstructionnodetype" result="pass" starttime="Fri Sep 21 16:30:09 CST 2012" endtime="Fri Sep 21 16:30:09 CST 2012" />
            <Test name="test_level1_core_nodeprocessinginstructionnodevalue" result="pass" starttime="Fri Sep 21 16:30:09 CST 2012" endtime="Fri Sep 21 16:30:09 CST 2012" />
            <Test name="test_level1_core_noderemovechild" result="pass" starttime="Fri Sep 21 16:30:09 CST 2012" endtime="Fri Sep 21 16:30:09 CST 2012" />
            <Test name="test_level1_core_noderemovechildgetnodename" result="pass" starttime="Fri Sep 21 16:30:09 CST 2012" endtime="Fri Sep 21 16:30:09 CST 2012" />
            <Test name="test_level1_core_nodereplacechildnewchilddiffdocument" result="pass" starttime="Fri Sep 21 16:30:09 CST 2012" endtime="Fri Sep 21 16:30:10 CST 2012" />
            <Test name="test_level1_core_nodereplacechildnodeancestor" result="pass" starttime="Fri Sep 21 16:30:10 CST 2012" endtime="Fri Sep 21 16:30:10 CST 2012" />
            <Test name="test_level1_core_nodereplacechildnodename" result="pass" starttime="Fri Sep 21 16:30:10 CST 2012" endtime="Fri Sep 21 16:30:10 CST 2012" />
            <Test name="test_level1_core_nodetextnodeattribute" result="pass" starttime="Fri Sep 21 16:30:10 CST 2012" endtime="Fri Sep 21 16:30:10 CST 2012" />
            <Test name="test_level1_core_nodetextnodename" result="pass" starttime="Fri Sep 21 16:30:10 CST 2012" endtime="Fri Sep 21 16:30:10 CST 2012" />
            <Test name="test_level1_core_nodetextnodetype" result="pass" starttime="Fri Sep 21 16:30:10 CST 2012" endtime="Fri Sep 21 16:30:10 CST 2012" />
            <Test name="test_level1_core_nodetextnodevalue" result="pass" starttime="Fri Sep 21 16:30:10 CST 2012" endtime="Fri Sep 21 16:30:10 CST 2012" />
            <Test name="test_level1_core_nodevalue01" result="pass" starttime="Fri Sep 21 16:30:10 CST 2012" endtime="Fri Sep 21 16:30:10 CST 2012" />
            <Test name="test_level1_core_nodevalue03" result="pass" starttime="Fri Sep 21 16:30:10 CST 2012" endtime="Fri Sep 21 16:30:10 CST 2012" />
            <Test name="test_level1_core_nodevalue04" result="pass" starttime="Fri Sep 21 16:30:10 CST 2012" endtime="Fri Sep 21 16:30:11 CST 2012" />
            <Test name="test_level1_core_nodevalue05" result="pass" starttime="Fri Sep 21 16:30:11 CST 2012" endtime="Fri Sep 21 16:30:11 CST 2012" />
            <Test name="test_level1_core_nodevalue06" result="pass" starttime="Fri Sep 21 16:30:11 CST 2012" endtime="Fri Sep 21 16:30:11 CST 2012" />
            <Test name="test_level1_core_processinginstructiongetdata" result="pass" starttime="Fri Sep 21 16:30:11 CST 2012" endtime="Fri Sep 21 16:30:11 CST 2012" />
            <Test name="test_level1_core_processinginstructiongettarget" result="pass" starttime="Fri Sep 21 16:30:11 CST 2012" endtime="Fri Sep 21 16:30:11 CST 2012" />
            <Test name="test_level1_core_textsplittextfour" result="pass" starttime="Fri Sep 21 16:30:11 CST 2012" endtime="Fri Sep 21 16:30:11 CST 2012" />
            <Test name="test_level1_core_textsplittextone" result="pass" starttime="Fri Sep 21 16:30:11 CST 2012" endtime="Fri Sep 21 16:30:11 CST 2012" />
            <Test name="test_level1_core_textsplittextthree" result="pass" starttime="Fri Sep 21 16:30:11 CST 2012" endtime="Fri Sep 21 16:30:11 CST 2012" />
            <Test name="test_level1_core_textwithnomarkup" result="pass" starttime="Fri Sep 21 16:30:11 CST 2012" endtime="Fri Sep 21 16:30:11 CST 2012" />
            <Test name="test_level2_core_attrgetownerelement02" result="pass" starttime="Fri Sep 21 16:30:11 CST 2012" endtime="Fri Sep 21 16:30:12 CST 2012" />
            <Test name="test_level2_core_attrgetownerelement03" result="pass" starttime="Fri Sep 21 16:30:12 CST 2012" endtime="Fri Sep 21 16:30:12 CST 2012" />
            <Test name="test_level2_core_attrgetownerelement04" result="pass" starttime="Fri Sep 21 16:30:12 CST 2012" endtime="Fri Sep 21 16:30:12 CST 2012" />
            <Test name="test_level2_core_attrgetownerelement05" result="pass" starttime="Fri Sep 21 16:30:12 CST 2012" endtime="Fri Sep 21 16:30:12 CST 2012" />
            <Test name="test_level2_core_createAttributeNS01" result="pass" starttime="Fri Sep 21 16:30:12 CST 2012" endtime="Fri Sep 21 16:30:12 CST 2012" />
            <Test name="test_level2_core_createAttributeNS02" result="pass" starttime="Fri Sep 21 16:30:12 CST 2012" endtime="Fri Sep 21 16:30:12 CST 2012" />
            <Test name="test_level2_core_createAttributeNS03" result="pass" starttime="Fri Sep 21 16:30:12 CST 2012" endtime="Fri Sep 21 16:30:12 CST 2012" />
            <Test name="test_level2_core_createAttributeNS04" result="pass" starttime="Fri Sep 21 16:30:12 CST 2012" endtime="Fri Sep 21 16:30:12 CST 2012" />
            <Test name="test_level2_core_createAttributeNS05" result="pass" starttime="Fri Sep 21 16:30:12 CST 2012" endtime="Fri Sep 21 16:30:12 CST 2012" />
            <Test name="test_level2_core_createDocument01" result="pass" starttime="Fri Sep 21 16:30:12 CST 2012" endtime="Fri Sep 21 16:30:13 CST 2012" />
            <Test name="test_level2_core_createDocument02" result="pass" starttime="Fri Sep 21 16:30:13 CST 2012" endtime="Fri Sep 21 16:30:13 CST 2012" />
            <Test name="test_level2_core_createDocument05" result="pass" starttime="Fri Sep 21 16:30:13 CST 2012" endtime="Fri Sep 21 16:30:13 CST 2012" />
            <Test name="test_level2_core_createDocument06" result="pass" starttime="Fri Sep 21 16:30:13 CST 2012" endtime="Fri Sep 21 16:30:13 CST 2012" />
            <Test name="test_level2_core_createDocument07" result="pass" starttime="Fri Sep 21 16:30:13 CST 2012" endtime="Fri Sep 21 16:30:13 CST 2012" />
            <Test name="test_level2_core_createDocumentType01" result="pass" starttime="Fri Sep 21 16:30:13 CST 2012" endtime="Fri Sep 21 16:30:13 CST 2012" />
            <Test name="test_level2_core_createDocumentType02" result="pass" starttime="Fri Sep 21 16:30:13 CST 2012" endtime="Fri Sep 21 16:30:13 CST 2012" />
            <Test name="test_level2_core_createDocumentType03" result="pass" starttime="Fri Sep 21 16:30:13 CST 2012" endtime="Fri Sep 21 16:30:13 CST 2012" />
            <Test name="test_level2_core_createElementNS01" result="pass" starttime="Fri Sep 21 16:30:13 CST 2012" endtime="Fri Sep 21 16:30:13 CST 2012" />
            <Test name="test_level2_core_createElementNS02" result="pass" starttime="Fri Sep 21 16:30:13 CST 2012" endtime="Fri Sep 21 16:30:13 CST 2012" />
            <Test name="test_level2_core_createElementNS03" result="pass" starttime="Fri Sep 21 16:30:13 CST 2012" endtime="Fri Sep 21 16:30:14 CST 2012" />
            <Test name="test_level2_core_createElementNS04" result="pass" starttime="Fri Sep 21 16:30:14 CST 2012" endtime="Fri Sep 21 16:30:14 CST 2012" />
            <Test name="test_level2_core_createElementNS05" result="pass" starttime="Fri Sep 21 16:30:14 CST 2012" endtime="Fri Sep 21 16:30:14 CST 2012" />
            <Test name="test_level2_core_documentcreateattributeNS01" result="pass" starttime="Fri Sep 21 16:30:14 CST 2012" endtime="Fri Sep 21 16:30:14 CST 2012" />
            <Test name="test_level2_core_documentcreateattributeNS02" result="pass" starttime="Fri Sep 21 16:30:14 CST 2012" endtime="Fri Sep 21 16:30:14 CST 2012" />
            <Test name="test_level2_core_documentcreateattributeNS03" result="pass" starttime="Fri Sep 21 16:30:14 CST 2012" endtime="Fri Sep 21 16:30:14 CST 2012" />
            <Test name="test_level2_core_documentcreateattributeNS04" result="pass" starttime="Fri Sep 21 16:30:14 CST 2012" endtime="Fri Sep 21 16:30:14 CST 2012" />
            <Test name="test_level2_core_documentcreateattributeNS05" result="pass" starttime="Fri Sep 21 16:30:14 CST 2012" endtime="Fri Sep 21 16:30:14 CST 2012" />
            <Test name="test_level2_core_documentcreateattributeNS06" result="pass" starttime="Fri Sep 21 16:30:14 CST 2012" endtime="Fri Sep 21 16:30:14 CST 2012" />
            <Test name="test_level2_core_documentcreateattributeNS07" result="pass" starttime="Fri Sep 21 16:30:14 CST 2012" endtime="Fri Sep 21 16:30:15 CST 2012" />
            <Test name="test_level2_core_documentcreateelementNS01" result="pass" starttime="Fri Sep 21 16:30:15 CST 2012" endtime="Fri Sep 21 16:30:15 CST 2012" />
            <Test name="test_level2_core_documentcreateelementNS02" result="pass" starttime="Fri Sep 21 16:30:15 CST 2012" endtime="Fri Sep 21 16:30:15 CST 2012" />
            <Test name="test_level2_core_documentcreateelementNS05" result="pass" starttime="Fri Sep 21 16:30:15 CST 2012" endtime="Fri Sep 21 16:30:15 CST 2012" />
            <Test name="test_level2_core_documentcreateelementNS06" result="pass" starttime="Fri Sep 21 16:30:15 CST 2012" endtime="Fri Sep 21 16:30:15 CST 2012" />
            <Test name="test_level2_core_documentgetelementbyid01" result="pass" starttime="Fri Sep 21 16:30:15 CST 2012" endtime="Fri Sep 21 16:30:15 CST 2012" />
            <Test name="test_level2_core_documentgetelementsbytagnameNS01" result="pass" starttime="Fri Sep 21 16:30:15 CST 2012" endtime="Fri Sep 21 16:30:15 CST 2012" />
            <Test name="test_level2_core_documentgetelementsbytagnameNS02" result="pass" starttime="Fri Sep 21 16:30:15 CST 2012" endtime="Fri Sep 21 16:30:15 CST 2012" />
            <Test name="test_level2_core_documentgetelementsbytagnameNS03" result="pass" starttime="Fri Sep 21 16:30:15 CST 2012" endtime="Fri Sep 21 16:30:15 CST 2012" />
            <Test name="test_level2_core_documentgetelementsbytagnameNS04" result="pass" starttime="Fri Sep 21 16:30:15 CST 2012" endtime="Fri Sep 21 16:30:15 CST 2012" />
            <Test name="test_level2_core_documentgetelementsbytagnameNS05" result="pass" starttime="Fri Sep 21 16:30:15 CST 2012" endtime="Fri Sep 21 16:30:16 CST 2012" />
            <Test name="test_level2_core_documentimportnode02" result="pass" starttime="Fri Sep 21 16:30:16 CST 2012" endtime="Fri Sep 21 16:30:16 CST 2012" />
            <Test name="test_level2_core_documentimportnode05" result="pass" starttime="Fri Sep 21 16:30:16 CST 2012" endtime="Fri Sep 21 16:30:16 CST 2012" />
            <Test name="test_level2_core_documentimportnode06" result="pass" starttime="Fri Sep 21 16:30:16 CST 2012" endtime="Fri Sep 21 16:30:16 CST 2012" />
            <Test name="test_level2_core_documentimportnode07" result="pass" starttime="Fri Sep 21 16:30:16 CST 2012" endtime="Fri Sep 21 16:30:16 CST 2012" />
            <Test name="test_level2_core_documentimportnode08" result="pass" starttime="Fri Sep 21 16:30:16 CST 2012" endtime="Fri Sep 21 16:30:16 CST 2012" />
            <Test name="test_level2_core_documentimportnode09" result="pass" starttime="Fri Sep 21 16:30:16 CST 2012" endtime="Fri Sep 21 16:30:16 CST 2012" />
            <Test name="test_level2_core_documentimportnode10" result="pass" starttime="Fri Sep 21 16:30:16 CST 2012" endtime="Fri Sep 21 16:30:16 CST 2012" />
            <Test name="test_level2_core_documentimportnode11" result="pass" starttime="Fri Sep 21 16:30:16 CST 2012" endtime="Fri Sep 21 16:30:16 CST 2012" />
            <Test name="test_level2_core_documentimportnode12" result="pass" starttime="Fri Sep 21 16:30:16 CST 2012" endtime="Fri Sep 21 16:30:17 CST 2012" />
            <Test name="test_level2_core_documentimportnode13" result="pass" starttime="Fri Sep 21 16:30:17 CST 2012" endtime="Fri Sep 21 16:30:17 CST 2012" />
            <Test name="test_level2_core_documentimportnode15" result="pass" starttime="Fri Sep 21 16:30:17 CST 2012" endtime="Fri Sep 21 16:30:17 CST 2012" />
            <Test name="test_level2_core_documentimportnode17" result="pass" starttime="Fri Sep 21 16:30:17 CST 2012" endtime="Fri Sep 21 16:30:17 CST 2012" />
            <Test name="test_level2_core_documentimportnode18" result="pass" starttime="Fri Sep 21 16:30:17 CST 2012" endtime="Fri Sep 21 16:30:17 CST 2012" />
            <Test name="test_level2_core_documenttypeinternalSubset01" result="pass" starttime="Fri Sep 21 16:30:17 CST 2012" endtime="Fri Sep 21 16:30:17 CST 2012" />
            <Test name="test_level2_core_documenttypepublicid01" result="pass" starttime="Fri Sep 21 16:30:17 CST 2012" endtime="Fri Sep 21 16:30:17 CST 2012" />
            <Test name="test_level2_core_documenttypesystemid01" result="pass" starttime="Fri Sep 21 16:30:17 CST 2012" endtime="Fri Sep 21 16:30:17 CST 2012" />
            <Test name="test_level2_core_domimplementationcreatedocument03" result="pass" starttime="Fri Sep 21 16:30:17 CST 2012" endtime="Fri Sep 21 16:30:17 CST 2012" />
            <Test name="test_level2_core_domimplementationcreatedocument04" result="pass" starttime="Fri Sep 21 16:30:17 CST 2012" endtime="Fri Sep 21 16:30:17 CST 2012" />
            <Test name="test_level2_core_domimplementationcreatedocument05" result="pass" starttime="Fri Sep 21 16:30:17 CST 2012" endtime="Fri Sep 21 16:30:18 CST 2012" />
            <Test name="test_level2_core_domimplementationcreatedocument07" result="pass" starttime="Fri Sep 21 16:30:18 CST 2012" endtime="Fri Sep 21 16:30:18 CST 2012" />
            <Test name="test_level2_core_domimplementationcreatedocumenttype01" result="pass" starttime="Fri Sep 21 16:30:18 CST 2012" endtime="Fri Sep 21 16:30:18 CST 2012" />
            <Test name="test_level2_core_domimplementationcreatedocumenttype02" result="pass" starttime="Fri Sep 21 16:30:18 CST 2012" endtime="Fri Sep 21 16:30:18 CST 2012" />
            <Test name="test_level2_core_domimplementationcreatedocumenttype04" result="pass" starttime="Fri Sep 21 16:30:18 CST 2012" endtime="Fri Sep 21 16:30:18 CST 2012" />
            <Test name="test_level2_core_domimplementationfeaturecore" result="pass" starttime="Fri Sep 21 16:30:18 CST 2012" endtime="Fri Sep 21 16:30:18 CST 2012" />
            <Test name="test_level2_core_domimplementationfeaturexmlversion2" result="pass" starttime="Fri Sep 21 16:30:18 CST 2012" endtime="Fri Sep 21 16:30:18 CST 2012" />
            <Test name="test_level2_core_domimplementationhasfeature01" result="pass" starttime="Fri Sep 21 16:30:18 CST 2012" endtime="Fri Sep 21 16:30:18 CST 2012" />
            <Test name="test_level2_core_domimplementationhasfeature02" result="pass" starttime="Fri Sep 21 16:30:18 CST 2012" endtime="Fri Sep 21 16:30:19 CST 2012" />
            <Test name="test_level2_core_elementgetattributenodens01" result="pass" starttime="Fri Sep 21 16:30:19 CST 2012" endtime="Fri Sep 21 16:30:19 CST 2012" />
            <Test name="test_level2_core_elementgetattributenodens02" result="pass" starttime="Fri Sep 21 16:30:19 CST 2012" endtime="Fri Sep 21 16:30:19 CST 2012" />
            <Test name="test_level2_core_elementgetelementsbytagnamens02" result="pass" starttime="Fri Sep 21 16:30:19 CST 2012" endtime="Fri Sep 21 16:30:19 CST 2012" />
            <Test name="test_level2_core_elementgetelementsbytagnamens04" result="pass" starttime="Fri Sep 21 16:30:19 CST 2012" endtime="Fri Sep 21 16:30:19 CST 2012" />
            <Test name="test_level2_core_elementgetelementsbytagnamens05" result="pass" starttime="Fri Sep 21 16:30:19 CST 2012" endtime="Fri Sep 21 16:30:19 CST 2012" />
            <Test name="test_level2_core_elementhasattribute01" result="pass" starttime="Fri Sep 21 16:30:19 CST 2012" endtime="Fri Sep 21 16:30:19 CST 2012" />
            <Test name="test_level2_core_elementhasattribute03" result="pass" starttime="Fri Sep 21 16:30:19 CST 2012" endtime="Fri Sep 21 16:30:19 CST 2012" />
            <Test name="test_level2_core_elementhasattribute04" result="pass" starttime="Fri Sep 21 16:30:19 CST 2012" endtime="Fri Sep 21 16:30:19 CST 2012" />
            <Test name="test_level2_core_elementhasattributens02" result="pass" starttime="Fri Sep 21 16:30:19 CST 2012" endtime="Fri Sep 21 16:30:19 CST 2012" />
            <Test name="test_level2_core_elementhasattributens03" result="pass" starttime="Fri Sep 21 16:30:19 CST 2012" endtime="Fri Sep 21 16:30:20 CST 2012" />
            <Test name="test_level2_core_elementremoveattributens01" result="pass" starttime="Fri Sep 21 16:30:20 CST 2012" endtime="Fri Sep 21 16:30:20 CST 2012" />
            <Test name="test_level2_core_elementsetattributenodens01" result="pass" starttime="Fri Sep 21 16:30:20 CST 2012" endtime="Fri Sep 21 16:30:20 CST 2012" />
            <Test name="test_level2_core_elementsetattributenodens02" result="pass" starttime="Fri Sep 21 16:30:20 CST 2012" endtime="Fri Sep 21 16:30:20 CST 2012" />
            <Test name="test_level2_core_elementsetattributenodens03" result="pass" starttime="Fri Sep 21 16:30:20 CST 2012" endtime="Fri Sep 21 16:30:20 CST 2012" />
            <Test name="test_level2_core_elementsetattributenodens04" result="pass" starttime="Fri Sep 21 16:30:20 CST 2012" endtime="Fri Sep 21 16:30:20 CST 2012" />
            <Test name="test_level2_core_elementsetattributenodens05" result="pass" starttime="Fri Sep 21 16:30:20 CST 2012" endtime="Fri Sep 21 16:30:20 CST 2012" />
            <Test name="test_level2_core_elementsetattributens01" result="pass" starttime="Fri Sep 21 16:30:20 CST 2012" endtime="Fri Sep 21 16:30:20 CST 2012" />
            <Test name="test_level2_core_elementsetattributens02" result="pass" starttime="Fri Sep 21 16:30:20 CST 2012" endtime="Fri Sep 21 16:30:20 CST 2012" />
            <Test name="test_level2_core_elementsetattributens03" result="pass" starttime="Fri Sep 21 16:30:20 CST 2012" endtime="Fri Sep 21 16:30:21 CST 2012" />
            <Test name="test_level2_core_elementsetattributens04" result="pass" starttime="Fri Sep 21 16:30:21 CST 2012" endtime="Fri Sep 21 16:30:21 CST 2012" />
            <Test name="test_level2_core_elementsetattributens05" result="pass" starttime="Fri Sep 21 16:30:21 CST 2012" endtime="Fri Sep 21 16:30:21 CST 2012" />
            <Test name="test_level2_core_elementsetattributens08" result="pass" starttime="Fri Sep 21 16:30:21 CST 2012" endtime="Fri Sep 21 16:30:21 CST 2012" />
            <Test name="test_level2_core_elementsetattributensurinull" result="pass" starttime="Fri Sep 21 16:30:21 CST 2012" endtime="Fri Sep 21 16:30:21 CST 2012" />
            <Test name="test_level2_core_getAttributeNS02" result="pass" starttime="Fri Sep 21 16:30:21 CST 2012" endtime="Fri Sep 21 16:30:21 CST 2012" />
            <Test name="test_level2_core_getAttributeNS03" result="pass" starttime="Fri Sep 21 16:30:21 CST 2012" endtime="Fri Sep 21 16:30:21 CST 2012" />
            <Test name="test_level2_core_getAttributeNS04" result="pass" starttime="Fri Sep 21 16:30:21 CST 2012" endtime="Fri Sep 21 16:30:21 CST 2012" />
            <Test name="test_level2_core_getAttributeNS05" result="pass" starttime="Fri Sep 21 16:30:21 CST 2012" endtime="Fri Sep 21 16:30:21 CST 2012" />
            <Test name="test_level2_core_getAttributeNodeNS01" result="pass" starttime="Fri Sep 21 16:30:21 CST 2012" endtime="Fri Sep 21 16:30:21 CST 2012" />
            <Test name="test_level2_core_getAttributeNodeNS02" result="pass" starttime="Fri Sep 21 16:30:21 CST 2012" endtime="Fri Sep 21 16:30:22 CST 2012" />
            <Test name="test_level2_core_getElementById02" result="pass" starttime="Fri Sep 21 16:30:22 CST 2012" endtime="Fri Sep 21 16:30:22 CST 2012" />
            <Test name="test_level2_core_getElementsByTagNameNS02" result="pass" starttime="Fri Sep 21 16:30:22 CST 2012" endtime="Fri Sep 21 16:30:22 CST 2012" />
            <Test name="test_level2_core_getElementsByTagNameNS03" result="pass" starttime="Fri Sep 21 16:30:22 CST 2012" endtime="Fri Sep 21 16:30:22 CST 2012" />
            <Test name="test_level2_core_getElementsByTagNameNS04" result="pass" starttime="Fri Sep 21 16:30:22 CST 2012" endtime="Fri Sep 21 16:30:22 CST 2012" />
            <Test name="test_level2_core_getElementsByTagNameNS05" result="pass" starttime="Fri Sep 21 16:30:22 CST 2012" endtime="Fri Sep 21 16:30:22 CST 2012" />
            <Test name="test_level2_core_getElementsByTagNameNS06" result="pass" starttime="Fri Sep 21 16:30:22 CST 2012" endtime="Fri Sep 21 16:30:22 CST 2012" />
            <Test name="test_level2_core_getElementsByTagNameNS07" result="pass" starttime="Fri Sep 21 16:30:22 CST 2012" endtime="Fri Sep 21 16:30:22 CST 2012" />
            <Test name="test_level2_core_getElementsByTagNameNS08" result="pass" starttime="Fri Sep 21 16:30:22 CST 2012" endtime="Fri Sep 21 16:30:22 CST 2012" />
            <Test name="test_level2_core_getElementsByTagNameNS09" result="pass" starttime="Fri Sep 21 16:30:22 CST 2012" endtime="Fri Sep 21 16:30:23 CST 2012" />
            <Test name="test_level2_core_getElementsByTagNameNS10" result="pass" starttime="Fri Sep 21 16:30:23 CST 2012" endtime="Fri Sep 21 16:30:23 CST 2012" />
            <Test name="test_level2_core_getElementsByTagNameNS11" result="pass" starttime="Fri Sep 21 16:30:23 CST 2012" endtime="Fri Sep 21 16:30:23 CST 2012" />
            <Test name="test_level2_core_getElementsByTagNameNS12" result="pass" starttime="Fri Sep 21 16:30:23 CST 2012" endtime="Fri Sep 21 16:30:23 CST 2012" />
            <Test name="test_level2_core_getElementsByTagNameNS13" result="pass" starttime="Fri Sep 21 16:30:23 CST 2012" endtime="Fri Sep 21 16:30:23 CST 2012" />
            <Test name="test_level2_core_getElementsByTagNameNS14" result="pass" starttime="Fri Sep 21 16:30:23 CST 2012" endtime="Fri Sep 21 16:30:23 CST 2012" />
            <Test name="test_level2_core_getNamedItemNS01" result="pass" starttime="Fri Sep 21 16:30:23 CST 2012" endtime="Fri Sep 21 16:30:23 CST 2012" />
            <Test name="test_level2_core_getNamedItemNS02" result="pass" starttime="Fri Sep 21 16:30:23 CST 2012" endtime="Fri Sep 21 16:30:23 CST 2012" />
            <Test name="test_level2_core_hasAttribute01" result="pass" starttime="Fri Sep 21 16:30:23 CST 2012" endtime="Fri Sep 21 16:30:23 CST 2012" />
            <Test name="test_level2_core_hasAttribute03" result="pass" starttime="Fri Sep 21 16:30:23 CST 2012" endtime="Fri Sep 21 16:30:24 CST 2012" />
            <Test name="test_level2_core_hasAttributeNS01" result="pass" starttime="Fri Sep 21 16:30:24 CST 2012" endtime="Fri Sep 21 16:30:24 CST 2012" />
            <Test name="test_level2_core_hasAttributeNS02" result="pass" starttime="Fri Sep 21 16:30:24 CST 2012" endtime="Fri Sep 21 16:30:24 CST 2012" />
            <Test name="test_level2_core_hasAttributeNS03" result="pass" starttime="Fri Sep 21 16:30:24 CST 2012" endtime="Fri Sep 21 16:30:24 CST 2012" />
            <Test name="test_level2_core_hasAttributeNS05" result="pass" starttime="Fri Sep 21 16:30:24 CST 2012" endtime="Fri Sep 21 16:30:24 CST 2012" />
            <Test name="test_level2_core_hasAttributes01" result="pass" starttime="Fri Sep 21 16:30:24 CST 2012" endtime="Fri Sep 21 16:30:24 CST 2012" />
            <Test name="test_level2_core_hasAttributes02" result="pass" starttime="Fri Sep 21 16:30:24 CST 2012" endtime="Fri Sep 21 16:30:24 CST 2012" />
            <Test name="test_level2_core_hc_namednodemapinvalidtype1" result="pass" starttime="Fri Sep 21 16:30:24 CST 2012" endtime="Fri Sep 21 16:30:24 CST 2012" />
            <Test name="test_level2_core_hc_nodedocumentfragmentnormalize1" result="pass" starttime="Fri Sep 21 16:30:24 CST 2012" endtime="Fri Sep 21 16:30:24 CST 2012" />
            <Test name="test_level2_core_hc_nodedocumentfragmentnormalize2" result="pass" starttime="Fri Sep 21 16:30:24 CST 2012" endtime="Fri Sep 21 16:30:24 CST 2012" />
            <Test name="test_level2_core_importNode02" result="pass" starttime="Fri Sep 21 16:30:24 CST 2012" endtime="Fri Sep 21 16:30:25 CST 2012" />
            <Test name="test_level2_core_importNode03" result="pass" starttime="Fri Sep 21 16:30:25 CST 2012" endtime="Fri Sep 21 16:30:25 CST 2012" />
            <Test name="test_level2_core_importNode04" result="pass" starttime="Fri Sep 21 16:30:25 CST 2012" endtime="Fri Sep 21 16:30:25 CST 2012" />
            <Test name="test_level2_core_importNode08" result="pass" starttime="Fri Sep 21 16:30:25 CST 2012" endtime="Fri Sep 21 16:30:25 CST 2012" />
            <Test name="test_level2_core_importNode10" result="pass" starttime="Fri Sep 21 16:30:25 CST 2012" endtime="Fri Sep 21 16:30:25 CST 2012" />
            <Test name="test_level2_core_importNode14" result="pass" starttime="Fri Sep 21 16:30:25 CST 2012" endtime="Fri Sep 21 16:30:25 CST 2012" />
            <Test name="test_level2_core_importNode15" result="pass" starttime="Fri Sep 21 16:30:25 CST 2012" endtime="Fri Sep 21 16:30:25 CST 2012" />
            <Test name="test_level2_core_importNode16" result="pass" starttime="Fri Sep 21 16:30:25 CST 2012" endtime="Fri Sep 21 16:30:25 CST 2012" />
            <Test name="test_level2_core_importNode17" result="pass" starttime="Fri Sep 21 16:30:25 CST 2012" endtime="Fri Sep 21 16:30:25 CST 2012" />
            <Test name="test_level2_core_internalSubset01" result="pass" starttime="Fri Sep 21 16:30:25 CST 2012" endtime="Fri Sep 21 16:30:26 CST 2012" />
            <Test name="test_level2_core_isSupported01" result="pass" starttime="Fri Sep 21 16:30:26 CST 2012" endtime="Fri Sep 21 16:30:26 CST 2012" />
            <Test name="test_level2_core_isSupported02" result="pass" starttime="Fri Sep 21 16:30:26 CST 2012" endtime="Fri Sep 21 16:30:26 CST 2012" />
            <Test name="test_level2_core_isSupported04" result="pass" starttime="Fri Sep 21 16:30:26 CST 2012" endtime="Fri Sep 21 16:30:26 CST 2012" />
            <Test name="test_level2_core_isSupported05" result="pass" starttime="Fri Sep 21 16:30:26 CST 2012" endtime="Fri Sep 21 16:30:26 CST 2012" />
            <Test name="test_level2_core_isSupported06" result="pass" starttime="Fri Sep 21 16:30:26 CST 2012" endtime="Fri Sep 21 16:30:26 CST 2012" />
            <Test name="test_level2_core_isSupported07" result="pass" starttime="Fri Sep 21 16:30:26 CST 2012" endtime="Fri Sep 21 16:30:26 CST 2012" />
            <Test name="test_level2_core_isSupported09" result="pass" starttime="Fri Sep 21 16:30:26 CST 2012" endtime="Fri Sep 21 16:30:26 CST 2012" />
            <Test name="test_level2_core_isSupported10" result="pass" starttime="Fri Sep 21 16:30:26 CST 2012" endtime="Fri Sep 21 16:30:26 CST 2012" />
            <Test name="test_level2_core_isSupported11" result="pass" starttime="Fri Sep 21 16:30:26 CST 2012" endtime="Fri Sep 21 16:30:27 CST 2012" />
            <Test name="test_level2_core_isSupported12" result="pass" starttime="Fri Sep 21 16:30:27 CST 2012" endtime="Fri Sep 21 16:30:27 CST 2012" />
            <Test name="test_level2_core_isSupported13" result="pass" starttime="Fri Sep 21 16:30:27 CST 2012" endtime="Fri Sep 21 16:30:27 CST 2012" />
            <Test name="test_level2_core_isSupported14" result="pass" starttime="Fri Sep 21 16:30:27 CST 2012" endtime="Fri Sep 21 16:30:27 CST 2012" />
            <Test name="test_level2_core_localName01" result="pass" starttime="Fri Sep 21 16:30:27 CST 2012" endtime="Fri Sep 21 16:30:27 CST 2012" />
            <Test name="test_level2_core_localName02" result="pass" starttime="Fri Sep 21 16:30:27 CST 2012" endtime="Fri Sep 21 16:30:27 CST 2012" />
            <Test name="test_level2_core_localName03" result="pass" starttime="Fri Sep 21 16:30:27 CST 2012" endtime="Fri Sep 21 16:30:27 CST 2012" />
            <Test name="test_level2_core_localName04" result="pass" starttime="Fri Sep 21 16:30:27 CST 2012" endtime="Fri Sep 21 16:30:27 CST 2012" />
            <Test name="test_level2_core_namednodemapgetnameditemns02" result="pass" starttime="Fri Sep 21 16:30:27 CST 2012" endtime="Fri Sep 21 16:30:27 CST 2012" />
            <Test name="test_level2_core_namednodemapgetnameditemns03" result="pass" starttime="Fri Sep 21 16:30:27 CST 2012" endtime="Fri Sep 21 16:30:27 CST 2012" />
            <Test name="test_level2_core_namednodemapgetnameditemns04" result="pass" starttime="Fri Sep 21 16:30:27 CST 2012" endtime="Fri Sep 21 16:30:28 CST 2012" />
            <Test name="test_level2_core_namednodemapgetnameditemns05" result="pass" starttime="Fri Sep 21 16:30:28 CST 2012" endtime="Fri Sep 21 16:30:28 CST 2012" />
            <Test name="test_level2_core_namednodemapgetnameditemns06" result="pass" starttime="Fri Sep 21 16:30:28 CST 2012" endtime="Fri Sep 21 16:30:28 CST 2012" />
            <Test name="test_level2_core_namednodemapremovenameditemns01" result="pass" starttime="Fri Sep 21 16:30:28 CST 2012" endtime="Fri Sep 21 16:30:28 CST 2012" />
            <Test name="test_level2_core_namednodemapremovenameditemns03" result="pass" starttime="Fri Sep 21 16:30:28 CST 2012" endtime="Fri Sep 21 16:30:28 CST 2012" />
            <Test name="test_level2_core_namednodemapremovenameditemns06" result="pass" starttime="Fri Sep 21 16:30:28 CST 2012" endtime="Fri Sep 21 16:30:28 CST 2012" />
            <Test name="test_level2_core_namednodemapremovenameditemns07" result="pass" starttime="Fri Sep 21 16:30:28 CST 2012" endtime="Fri Sep 21 16:30:28 CST 2012" />
            <Test name="test_level2_core_namednodemapremovenameditemns08" result="pass" starttime="Fri Sep 21 16:30:28 CST 2012" endtime="Fri Sep 21 16:30:28 CST 2012" />
            <Test name="test_level2_core_namednodemapremovenameditemns09" result="pass" starttime="Fri Sep 21 16:30:28 CST 2012" endtime="Fri Sep 21 16:30:28 CST 2012" />
            <Test name="test_level2_core_namednodemapsetnameditemns01" result="pass" starttime="Fri Sep 21 16:30:28 CST 2012" endtime="Fri Sep 21 16:30:29 CST 2012" />
            <Test name="test_level2_core_namednodemapsetnameditemns02" result="pass" starttime="Fri Sep 21 16:30:29 CST 2012" endtime="Fri Sep 21 16:30:29 CST 2012" />
            <Test name="test_level2_core_namednodemapsetnameditemns03" result="pass" starttime="Fri Sep 21 16:30:29 CST 2012" endtime="Fri Sep 21 16:30:29 CST 2012" />
            <Test name="test_level2_core_namednodemapsetnameditemns04" result="pass" starttime="Fri Sep 21 16:30:29 CST 2012" endtime="Fri Sep 21 16:30:29 CST 2012" />
            <Test name="test_level2_core_namednodemapsetnameditemns06" result="pass" starttime="Fri Sep 21 16:30:29 CST 2012" endtime="Fri Sep 21 16:30:29 CST 2012" />
            <Test name="test_level2_core_namednodemapsetnameditemns07" result="pass" starttime="Fri Sep 21 16:30:29 CST 2012" endtime="Fri Sep 21 16:30:29 CST 2012" />
            <Test name="test_level2_core_namednodemapsetnameditemns08" result="pass" starttime="Fri Sep 21 16:30:29 CST 2012" endtime="Fri Sep 21 16:30:29 CST 2012" />
            <Test name="test_level2_core_namespaceURI02" result="pass" starttime="Fri Sep 21 16:30:29 CST 2012" endtime="Fri Sep 21 16:30:29 CST 2012" />
            <Test name="test_level2_core_namespaceURI03" result="pass" starttime="Fri Sep 21 16:30:29 CST 2012" endtime="Fri Sep 21 16:30:29 CST 2012" />
            <Test name="test_level2_core_namespaceURI04" result="pass" starttime="Fri Sep 21 16:30:29 CST 2012" endtime="Fri Sep 21 16:30:30 CST 2012" />
            <Test name="test_level2_core_nodegetlocalname03" result="pass" starttime="Fri Sep 21 16:30:30 CST 2012" endtime="Fri Sep 21 16:30:30 CST 2012" />
            <Test name="test_level2_core_nodegetnamespaceuri03" result="pass" starttime="Fri Sep 21 16:30:30 CST 2012" endtime="Fri Sep 21 16:30:30 CST 2012" />
            <Test name="test_level2_core_nodegetownerdocument01" result="pass" starttime="Fri Sep 21 16:30:30 CST 2012" endtime="Fri Sep 21 16:30:30 CST 2012" />
            <Test name="test_level2_core_nodegetownerdocument02" result="pass" starttime="Fri Sep 21 16:30:30 CST 2012" endtime="Fri Sep 21 16:30:30 CST 2012" />
            <Test name="test_level2_core_nodegetprefix03" result="pass" starttime="Fri Sep 21 16:30:30 CST 2012" endtime="Fri Sep 21 16:30:30 CST 2012" />
            <Test name="test_level2_core_nodehasattributes01" result="pass" starttime="Fri Sep 21 16:30:30 CST 2012" endtime="Fri Sep 21 16:30:30 CST 2012" />
            <Test name="test_level2_core_nodehasattributes02" result="pass" starttime="Fri Sep 21 16:30:30 CST 2012" endtime="Fri Sep 21 16:30:30 CST 2012" />
            <Test name="test_level2_core_nodehasattributes03" result="pass" starttime="Fri Sep 21 16:30:30 CST 2012" endtime="Fri Sep 21 16:30:30 CST 2012" />
            <Test name="test_level2_core_nodehasattributes04" result="pass" starttime="Fri Sep 21 16:30:30 CST 2012" endtime="Fri Sep 21 16:30:31 CST 2012" />
            <Test name="test_level2_core_nodeissupported01" result="pass" starttime="Fri Sep 21 16:30:31 CST 2012" endtime="Fri Sep 21 16:30:31 CST 2012" />
            <Test name="test_level2_core_nodeissupported02" result="pass" starttime="Fri Sep 21 16:30:31 CST 2012" endtime="Fri Sep 21 16:30:31 CST 2012" />
            <Test name="test_level2_core_nodeissupported03" result="pass" starttime="Fri Sep 21 16:30:31 CST 2012" endtime="Fri Sep 21 16:30:31 CST 2012" />
            <Test name="test_level2_core_nodeissupported04" result="pass" starttime="Fri Sep 21 16:30:31 CST 2012" endtime="Fri Sep 21 16:30:31 CST 2012" />
            <Test name="test_level2_core_nodeissupported05" result="pass" starttime="Fri Sep 21 16:30:31 CST 2012" endtime="Fri Sep 21 16:30:31 CST 2012" />
            <Test name="test_level2_core_nodenormalize01" result="pass" starttime="Fri Sep 21 16:30:31 CST 2012" endtime="Fri Sep 21 16:30:31 CST 2012" />
            <Test name="test_level2_core_nodesetprefix01" result="pass" starttime="Fri Sep 21 16:30:31 CST 2012" endtime="Fri Sep 21 16:30:31 CST 2012" />
            <Test name="test_level2_core_nodesetprefix02" result="pass" starttime="Fri Sep 21 16:30:31 CST 2012" endtime="Fri Sep 21 16:30:31 CST 2012" />
            <Test name="test_level2_core_nodesetprefix03" result="pass" starttime="Fri Sep 21 16:30:31 CST 2012" endtime="Fri Sep 21 16:30:31 CST 2012" />
            <Test name="test_level2_core_nodesetprefix05" result="pass" starttime="Fri Sep 21 16:30:31 CST 2012" endtime="Fri Sep 21 16:30:32 CST 2012" />
            <Test name="test_level2_core_nodesetprefix06" result="pass" starttime="Fri Sep 21 16:30:32 CST 2012" endtime="Fri Sep 21 16:30:32 CST 2012" />
            <Test name="test_level2_core_nodesetprefix07" result="pass" starttime="Fri Sep 21 16:30:32 CST 2012" endtime="Fri Sep 21 16:30:32 CST 2012" />
            <Test name="test_level2_core_nodesetprefix08" result="pass" starttime="Fri Sep 21 16:30:32 CST 2012" endtime="Fri Sep 21 16:30:32 CST 2012" />
            <Test name="test_level2_core_normalize01" result="pass" starttime="Fri Sep 21 16:30:32 CST 2012" endtime="Fri Sep 21 16:30:32 CST 2012" />
            <Test name="test_level2_core_ownerDocument01" result="pass" starttime="Fri Sep 21 16:30:32 CST 2012" endtime="Fri Sep 21 16:30:32 CST 2012" />
            <Test name="test_level2_core_ownerElement01" result="pass" starttime="Fri Sep 21 16:30:32 CST 2012" endtime="Fri Sep 21 16:30:32 CST 2012" />
            <Test name="test_level2_core_ownerElement02" result="pass" starttime="Fri Sep 21 16:30:32 CST 2012" endtime="Fri Sep 21 16:30:32 CST 2012" />
            <Test name="test_level2_core_prefix01" result="pass" starttime="Fri Sep 21 16:30:32 CST 2012" endtime="Fri Sep 21 16:30:32 CST 2012" />
            <Test name="test_level2_core_prefix02" result="pass" starttime="Fri Sep 21 16:30:32 CST 2012" endtime="Fri Sep 21 16:30:33 CST 2012" />
            <Test name="test_level2_core_prefix03" result="pass" starttime="Fri Sep 21 16:30:33 CST 2012" endtime="Fri Sep 21 16:30:33 CST 2012" />
            <Test name="test_level2_core_prefix04" result="pass" starttime="Fri Sep 21 16:30:33 CST 2012" endtime="Fri Sep 21 16:30:33 CST 2012" />
            <Test name="test_level2_core_prefix05" result="pass" starttime="Fri Sep 21 16:30:33 CST 2012" endtime="Fri Sep 21 16:30:33 CST 2012" />
            <Test name="test_level2_core_prefix07" result="pass" starttime="Fri Sep 21 16:30:33 CST 2012" endtime="Fri Sep 21 16:30:33 CST 2012" />
            <Test name="test_level2_core_prefix10" result="pass" starttime="Fri Sep 21 16:30:33 CST 2012" endtime="Fri Sep 21 16:30:33 CST 2012" />
            <Test name="test_level2_core_prefix11" result="pass" starttime="Fri Sep 21 16:30:33 CST 2012" endtime="Fri Sep 21 16:30:33 CST 2012" />
            <Test name="test_level2_core_publicId01" result="pass" starttime="Fri Sep 21 16:30:33 CST 2012" endtime="Fri Sep 21 16:30:33 CST 2012" />
            <Test name="test_level2_core_removeNamedItemNS01" result="pass" starttime="Fri Sep 21 16:30:33 CST 2012" endtime="Fri Sep 21 16:30:33 CST 2012" />
            <Test name="test_level2_core_removeNamedItemNS02" result="pass" starttime="Fri Sep 21 16:30:33 CST 2012" endtime="Fri Sep 21 16:30:34 CST 2012" />
            <Test name="test_level2_core_setAttributeNS01" result="pass" starttime="Fri Sep 21 16:30:34 CST 2012" endtime="Fri Sep 21 16:30:34 CST 2012" />
            <Test name="test_level2_core_setAttributeNS02" result="pass" starttime="Fri Sep 21 16:30:34 CST 2012" endtime="Fri Sep 21 16:30:34 CST 2012" />
            <Test name="test_level2_core_setAttributeNS04" result="pass" starttime="Fri Sep 21 16:30:34 CST 2012" endtime="Fri Sep 21 16:30:34 CST 2012" />
            <Test name="test_level2_core_setAttributeNS05" result="pass" starttime="Fri Sep 21 16:30:34 CST 2012" endtime="Fri Sep 21 16:30:34 CST 2012" />
            <Test name="test_level2_core_setAttributeNS06" result="pass" starttime="Fri Sep 21 16:30:34 CST 2012" endtime="Fri Sep 21 16:30:34 CST 2012" />
            <Test name="test_level2_core_setAttributeNS07" result="pass" starttime="Fri Sep 21 16:30:34 CST 2012" endtime="Fri Sep 21 16:30:34 CST 2012" />
            <Test name="test_level2_core_setAttributeNS09" result="pass" starttime="Fri Sep 21 16:30:34 CST 2012" endtime="Fri Sep 21 16:30:34 CST 2012" />
            <Test name="test_level2_core_setAttributeNodeNS01" result="pass" starttime="Fri Sep 21 16:30:34 CST 2012" endtime="Fri Sep 21 16:30:34 CST 2012" />
            <Test name="test_level2_core_setAttributeNodeNS03" result="pass" starttime="Fri Sep 21 16:30:34 CST 2012" endtime="Fri Sep 21 16:30:35 CST 2012" />
            <Test name="test_level2_core_setAttributeNodeNS04" result="pass" starttime="Fri Sep 21 16:30:35 CST 2012" endtime="Fri Sep 21 16:30:35 CST 2012" />
            <Test name="test_level2_core_setAttributeNodeNS05" result="pass" starttime="Fri Sep 21 16:30:35 CST 2012" endtime="Fri Sep 21 16:30:35 CST 2012" />
            <Test name="test_level2_core_setNamedItemNS01" result="pass" starttime="Fri Sep 21 16:30:35 CST 2012" endtime="Fri Sep 21 16:30:35 CST 2012" />
            <Test name="test_level2_core_setNamedItemNS02" result="pass" starttime="Fri Sep 21 16:30:35 CST 2012" endtime="Fri Sep 21 16:30:35 CST 2012" />
            <Test name="test_level2_core_setNamedItemNS03" result="pass" starttime="Fri Sep 21 16:30:35 CST 2012" endtime="Fri Sep 21 16:30:35 CST 2012" />
            <Test name="test_level2_core_systemId01" result="pass" starttime="Fri Sep 21 16:30:35 CST 2012" endtime="Fri Sep 21 16:30:35 CST 2012" />
          </TestCase>
        </TestSuite>
      </TestSuite>
    </TestSuite>
  </TestPackage>
  <TestPackage name="android.core.tests.libcore.package.sun" appPackageName="android.core.tests.libcore.package.sun" digest="f9dce2a628fd9d59c9c5dedab706b4a5cd287bbb">
    <TestSuite name="sun">
      <TestSuite name="misc">
        <TestCase name="UnsafeTest" priority="">
          <Test name="test_getUnsafeForbidden" result="pass" starttime="Fri Sep 21 16:30:45 CST 2012" endtime="Fri Sep 21 16:30:45 CST 2012" />
          <Test name="test_getUnsafeForbiddenWithSystemCaller" result="pass" starttime="Fri Sep 21 16:30:45 CST 2012" endtime="Fri Sep 21 16:30:45 CST 2012" />
        </TestCase>
      </TestSuite>
    </TestSuite>
  </TestPackage>
  <TestPackage name="android.core.tests.libcore.package.tests" appPackageName="android.core.tests.libcore.package.tests" digest="03bcc79ef6d6c96f2f2a680fd4d3c55fe24e53f8">
    <TestSuite name="tests">
      <TestSuite name="api">
        <TestSuite name="java">
          <TestSuite name="io">
            <TestCase name="ComputeSerialVersionUIDTest" priority="">
              <Test name="testComputeSUIDClass" result="pass" starttime="Fri Sep 21 16:30:57 CST 2012" endtime="Fri Sep 21 16:30:57 CST 2012" />
              <Test name="testComputeSUIDConstructors" result="pass" starttime="Fri Sep 21 16:30:57 CST 2012" endtime="Fri Sep 21 16:30:57 CST 2012" />
              <Test name="testComputeSUIDFields" result="pass" starttime="Fri Sep 21 16:30:57 CST 2012" endtime="Fri Sep 21 16:30:57 CST 2012" />
              <Test name="testComputeSUIDInterfaces" result="pass" starttime="Fri Sep 21 16:30:57 CST 2012" endtime="Fri Sep 21 16:30:57 CST 2012" />
              <Test name="testComputeSUIDMethods" result="pass" starttime="Fri Sep 21 16:30:57 CST 2012" endtime="Fri Sep 21 16:30:57 CST 2012" />
            </TestCase>
            <TestCase name="ObjectInputStreamTest" priority="">
              <Test name="test_ClassDescriptor" result="pass" starttime="Fri Sep 21 16:30:57 CST 2012" endtime="Fri Sep 21 16:30:57 CST 2012" />
              <Test name="test_ConstructorLjava_io_InputStream_IOException" result="pass" starttime="Fri Sep 21 16:30:58 CST 2012" endtime="Fri Sep 21 16:30:58 CST 2012" />
              <Test name="test_available" result="pass" starttime="Fri Sep 21 16:30:58 CST 2012" endtime="Fri Sep 21 16:30:58 CST 2012" />
              <Test name="test_available_IOException" result="pass" starttime="Fri Sep 21 16:30:58 CST 2012" endtime="Fri Sep 21 16:30:58 CST 2012" />
              <Test name="test_close" result="pass" starttime="Fri Sep 21 16:30:58 CST 2012" endtime="Fri Sep 21 16:30:58 CST 2012" />
              <Test name="test_enableResolveObjectB" result="pass" starttime="Fri Sep 21 16:30:58 CST 2012" endtime="Fri Sep 21 16:30:58 CST 2012" />
              <Test name="test_read$BII" result="pass" starttime="Fri Sep 21 16:30:58 CST 2012" endtime="Fri Sep 21 16:30:58 CST 2012" />
              <Test name="test_read$BII_Exception" result="pass" starttime="Fri Sep 21 16:30:58 CST 2012" endtime="Fri Sep 21 16:30:58 CST 2012" />
              <Test name="test_readFully$B" result="pass" starttime="Fri Sep 21 16:30:58 CST 2012" endtime="Fri Sep 21 16:30:58 CST 2012" />
              <Test name="test_readFully$BII" result="pass" starttime="Fri Sep 21 16:30:58 CST 2012" endtime="Fri Sep 21 16:30:58 CST 2012" />
              <Test name="test_readFully$BII_Exception" result="pass" starttime="Fri Sep 21 16:30:58 CST 2012" endtime="Fri Sep 21 16:30:59 CST 2012" />
              <Test name="test_readFully$B_Exception" result="pass" starttime="Fri Sep 21 16:30:59 CST 2012" endtime="Fri Sep 21 16:30:59 CST 2012" />
              <Test name="test_readLine" result="pass" starttime="Fri Sep 21 16:30:59 CST 2012" endtime="Fri Sep 21 16:30:59 CST 2012" />
              <Test name="test_readLine_IOException" result="pass" starttime="Fri Sep 21 16:30:59 CST 2012" endtime="Fri Sep 21 16:30:59 CST 2012" />
              <Test name="test_readObjectCorrupt" result="pass" starttime="Fri Sep 21 16:30:59 CST 2012" endtime="Fri Sep 21 16:30:59 CST 2012" />
              <Test name="test_readObjectMissingClasses" result="pass" starttime="Fri Sep 21 16:30:59 CST 2012" endtime="Fri Sep 21 16:30:59 CST 2012" />
              <Test name="test_readObjectOverride" result="pass" starttime="Fri Sep 21 16:30:59 CST 2012" endtime="Fri Sep 21 16:30:59 CST 2012" />
              <Test name="test_readStreamHeader" result="pass" starttime="Fri Sep 21 16:30:59 CST 2012" endtime="Fri Sep 21 16:30:59 CST 2012" />
              <Test name="test_readUnsignedByte" result="pass" starttime="Fri Sep 21 16:30:59 CST 2012" endtime="Fri Sep 21 16:30:59 CST 2012" />
              <Test name="test_readUnsignedShort" result="pass" starttime="Fri Sep 21 16:30:59 CST 2012" endtime="Fri Sep 21 16:30:59 CST 2012" />
              <Test name="test_read_IOException" result="pass" starttime="Fri Sep 21 16:30:59 CST 2012" endtime="Fri Sep 21 16:31:00 CST 2012" />
              <Test name="test_resolveProxyClass" result="pass" starttime="Fri Sep 21 16:31:00 CST 2012" endtime="Fri Sep 21 16:31:00 CST 2012" />
              <Test name="test_skipBytesI_IOException" result="pass" starttime="Fri Sep 21 16:31:00 CST 2012" endtime="Fri Sep 21 16:31:00 CST 2012" />
            </TestCase>
          </TestSuite>
          <TestSuite name="lang">
            <TestSuite name="ref">
              <TestCase name="PhantomReferenceTest" priority="">
                <Test name="test_ConstructorLjava_lang_ObjectLjava_lang_ref_ReferenceQueue" result="pass" starttime="Fri Sep 21 16:31:19 CST 2012" endtime="Fri Sep 21 16:31:20 CST 2012" />
                <Test name="test_gcInteraction" result="pass" starttime="Fri Sep 21 16:31:20 CST 2012" endtime="Fri Sep 21 16:31:20 CST 2012" />
                <Test name="test_get" result="pass" starttime="Fri Sep 21 16:31:20 CST 2012" endtime="Fri Sep 21 16:31:20 CST 2012" />
              </TestCase>
              <TestCase name="ReferenceQueueTest" priority="">
                <Test name="test_Constructor" result="pass" starttime="Fri Sep 21 16:31:20 CST 2012" endtime="Fri Sep 21 16:31:20 CST 2012" />
                <Test name="test_poll" result="pass" starttime="Fri Sep 21 16:31:20 CST 2012" endtime="Fri Sep 21 16:31:20 CST 2012" />
                <Test name="test_remove" result="pass" starttime="Fri Sep 21 16:31:20 CST 2012" endtime="Fri Sep 21 16:31:21 CST 2012" />
                <Test name="test_removeJ" result="pass" starttime="Fri Sep 21 16:31:21 CST 2012" endtime="Fri Sep 21 16:31:21 CST 2012" />
              </TestCase>
              <TestCase name="ReferenceTest" priority="">
                <Test name="test_clear" result="pass" starttime="Fri Sep 21 16:31:21 CST 2012" endtime="Fri Sep 21 16:31:21 CST 2012" />
                <Test name="test_enqueue" result="pass" starttime="Fri Sep 21 16:31:21 CST 2012" endtime="Fri Sep 21 16:31:21 CST 2012" />
                <Test name="test_finalizeReferenceInteraction" result="pass" starttime="Fri Sep 21 16:31:21 CST 2012" endtime="Fri Sep 21 16:31:22 CST 2012" />
                <Test name="test_get" result="pass" starttime="Fri Sep 21 16:31:22 CST 2012" endtime="Fri Sep 21 16:31:22 CST 2012" />
                <Test name="test_get_WeakReference" result="pass" starttime="Fri Sep 21 16:31:22 CST 2012" endtime="Fri Sep 21 16:31:22 CST 2012" />
                <Test name="test_isEnqueued" result="pass" starttime="Fri Sep 21 16:31:22 CST 2012" endtime="Fri Sep 21 16:31:23 CST 2012" />
                <Test name="test_subclass" result="pass" starttime="Fri Sep 21 16:31:23 CST 2012" endtime="Fri Sep 21 16:31:23 CST 2012" />
              </TestCase>
              <TestCase name="SoftReferenceTest" priority="">
                <Test name="test_ConstructorLjava_lang_Object" result="pass" starttime="Fri Sep 21 16:31:23 CST 2012" endtime="Fri Sep 21 16:31:23 CST 2012" />
                <Test name="test_ConstructorLjava_lang_ObjectLjava_lang_ref_ReferenceQueue" result="pass" starttime="Fri Sep 21 16:31:23 CST 2012" endtime="Fri Sep 21 16:31:23 CST 2012" />
                <Test name="test_get" result="pass" starttime="Fri Sep 21 16:31:23 CST 2012" endtime="Fri Sep 21 16:31:23 CST 2012" />
              </TestCase>
              <TestCase name="WeakReferenceTest" priority="">
                <Test name="test_ConstructorLjava_lang_Object" result="pass" starttime="Fri Sep 21 16:31:23 CST 2012" endtime="Fri Sep 21 16:31:24 CST 2012" />
                <Test name="test_ConstructorLjava_lang_ObjectLjava_lang_ref_ReferenceQueue" result="pass" starttime="Fri Sep 21 16:31:24 CST 2012" endtime="Fri Sep 21 16:31:24 CST 2012" />
              </TestCase>
            </TestSuite>
            <TestSuite name="reflect">
              <TestCase name="AccessibleObjectTest" priority="">
                <Test name="test_Constructor" result="pass" starttime="Fri Sep 21 16:31:24 CST 2012" endtime="Fri Sep 21 16:31:24 CST 2012" />
                <Test name="test_getAnnotation" result="pass" starttime="Fri Sep 21 16:31:24 CST 2012" endtime="Fri Sep 21 16:31:24 CST 2012" />
                <Test name="test_getAnnotations" result="pass" starttime="Fri Sep 21 16:31:24 CST 2012" endtime="Fri Sep 21 16:31:24 CST 2012" />
                <Test name="test_getDeclaredAnnotations" result="pass" starttime="Fri Sep 21 16:31:24 CST 2012" endtime="Fri Sep 21 16:31:25 CST 2012" />
                <Test name="test_isAccessible" result="pass" starttime="Fri Sep 21 16:31:25 CST 2012" endtime="Fri Sep 21 16:31:25 CST 2012" />
                <Test name="test_isAnnotationPresent" result="pass" starttime="Fri Sep 21 16:31:25 CST 2012" endtime="Fri Sep 21 16:31:25 CST 2012" />
                <Test name="test_setAccessible" result="pass" starttime="Fri Sep 21 16:31:25 CST 2012" endtime="Fri Sep 21 16:31:25 CST 2012" />
                <Test name="test_setAccessible$Ljava_lang_reflect_AccessibleObjectZ" result="pass" starttime="Fri Sep 21 16:31:25 CST 2012" endtime="Fri Sep 21 16:31:25 CST 2012" />
              </TestCase>
              <TestCase name="ArrayTest" priority="">
                <Test name="test_getBooleanLjava_lang_ObjectI" result="pass" starttime="Fri Sep 21 16:31:25 CST 2012" endtime="Fri Sep 21 16:31:25 CST 2012" />
                <Test name="test_getByteLjava_lang_ObjectI" result="pass" starttime="Fri Sep 21 16:31:25 CST 2012" endtime="Fri Sep 21 16:31:25 CST 2012" />
                <Test name="test_getCharLjava_lang_ObjectI" result="pass" starttime="Fri Sep 21 16:31:25 CST 2012" endtime="Fri Sep 21 16:31:25 CST 2012" />
                <Test name="test_getDoubleLjava_lang_ObjectI" result="pass" starttime="Fri Sep 21 16:31:25 CST 2012" endtime="Fri Sep 21 16:31:26 CST 2012" />
                <Test name="test_getFloatLjava_lang_ObjectI" result="pass" starttime="Fri Sep 21 16:31:26 CST 2012" endtime="Fri Sep 21 16:31:26 CST 2012" />
                <Test name="test_getIntLjava_lang_ObjectI" result="pass" starttime="Fri Sep 21 16:31:26 CST 2012" endtime="Fri Sep 21 16:31:26 CST 2012" />
                <Test name="test_getLengthLjava_lang_Object" result="pass" starttime="Fri Sep 21 16:31:26 CST 2012" endtime="Fri Sep 21 16:31:26 CST 2012" />
                <Test name="test_getLjava_lang_ObjectI" result="pass" starttime="Fri Sep 21 16:31:26 CST 2012" endtime="Fri Sep 21 16:31:26 CST 2012" />
                <Test name="test_getLongLjava_lang_ObjectI" result="pass" starttime="Fri Sep 21 16:31:26 CST 2012" endtime="Fri Sep 21 16:31:26 CST 2012" />
                <Test name="test_getShortLjava_lang_ObjectI" result="pass" starttime="Fri Sep 21 16:31:26 CST 2012" endtime="Fri Sep 21 16:31:26 CST 2012" />
                <Test name="test_newInstanceLjava_lang_Class$I" result="pass" starttime="Fri Sep 21 16:31:26 CST 2012" endtime="Fri Sep 21 16:31:26 CST 2012" />
                <Test name="test_newInstanceLjava_lang_ClassI" result="pass" starttime="Fri Sep 21 16:31:26 CST 2012" endtime="Fri Sep 21 16:31:27 CST 2012" />
                <Test name="test_setBooleanLjava_lang_ObjectIZ" result="pass" starttime="Fri Sep 21 16:31:27 CST 2012" endtime="Fri Sep 21 16:31:27 CST 2012" />
                <Test name="test_setByteLjava_lang_ObjectIB" result="pass" starttime="Fri Sep 21 16:31:27 CST 2012" endtime="Fri Sep 21 16:31:27 CST 2012" />
                <Test name="test_setCharLjava_lang_ObjectIC" result="pass" starttime="Fri Sep 21 16:31:27 CST 2012" endtime="Fri Sep 21 16:31:27 CST 2012" />
                <Test name="test_setDoubleLjava_lang_ObjectID" result="pass" starttime="Fri Sep 21 16:31:27 CST 2012" endtime="Fri Sep 21 16:31:27 CST 2012" />
                <Test name="test_setFloatLjava_lang_ObjectIF" result="pass" starttime="Fri Sep 21 16:31:27 CST 2012" endtime="Fri Sep 21 16:31:27 CST 2012" />
                <Test name="test_setIntLjava_lang_ObjectII" result="pass" starttime="Fri Sep 21 16:31:27 CST 2012" endtime="Fri Sep 21 16:31:27 CST 2012" />
                <Test name="test_setLjava_lang_ObjectILjava_lang_Object" result="pass" starttime="Fri Sep 21 16:31:27 CST 2012" endtime="Fri Sep 21 16:31:27 CST 2012" />
                <Test name="test_setLongLjava_lang_ObjectIJ" result="pass" starttime="Fri Sep 21 16:31:27 CST 2012" endtime="Fri Sep 21 16:31:28 CST 2012" />
                <Test name="test_setShortLjava_lang_ObjectIS" result="pass" starttime="Fri Sep 21 16:31:28 CST 2012" endtime="Fri Sep 21 16:31:28 CST 2012" />
              </TestCase>
              <TestCase name="BoundedGenericMethodsTests" priority="">
                <Test name="testBoundedGenericMethods" result="pass" starttime="Fri Sep 21 16:31:28 CST 2012" endtime="Fri Sep 21 16:31:28 CST 2012" />
                <Test name="testNoParamNoReturn" result="pass" starttime="Fri Sep 21 16:31:28 CST 2012" endtime="Fri Sep 21 16:31:28 CST 2012" />
                <Test name="testNoParamReturn" result="pass" starttime="Fri Sep 21 16:31:28 CST 2012" endtime="Fri Sep 21 16:31:28 CST 2012" />
                <Test name="testUnboundedParamNoReturn" result="pass" starttime="Fri Sep 21 16:31:28 CST 2012" endtime="Fri Sep 21 16:31:28 CST 2012" />
                <Test name="testUnboundedParamReturn" result="pass" starttime="Fri Sep 21 16:31:28 CST 2012" endtime="Fri Sep 21 16:31:28 CST 2012" />
              </TestCase>
              <TestCase name="ConstructorTest" priority="">
                <Test name="test_equalsLjava_lang_Object" result="pass" starttime="Fri Sep 21 16:31:28 CST 2012" endtime="Fri Sep 21 16:31:28 CST 2012" />
                <Test name="test_getConstructor" result="pass" starttime="Fri Sep 21 16:31:28 CST 2012" endtime="Fri Sep 21 16:31:29 CST 2012" />
                <Test name="test_getDeclaredAnnotations" result="pass" starttime="Fri Sep 21 16:31:29 CST 2012" endtime="Fri Sep 21 16:31:29 CST 2012" />
                <Test name="test_getDeclaringClass" result="pass" starttime="Fri Sep 21 16:31:29 CST 2012" endtime="Fri Sep 21 16:31:29 CST 2012" />
                <Test name="test_getExceptionTypes" result="pass" starttime="Fri Sep 21 16:31:29 CST 2012" endtime="Fri Sep 21 16:31:29 CST 2012" />
                <Test name="test_getGenericExceptionTypes" result="pass" starttime="Fri Sep 21 16:31:29 CST 2012" endtime="Fri Sep 21 16:31:29 CST 2012" />
                <Test name="test_getGenericParameterTypes" result="pass" starttime="Fri Sep 21 16:31:29 CST 2012" endtime="Fri Sep 21 16:31:29 CST 2012" />
                <Test name="test_getModifiers" result="pass" starttime="Fri Sep 21 16:31:29 CST 2012" endtime="Fri Sep 21 16:31:29 CST 2012" />
                <Test name="test_getName" result="pass" starttime="Fri Sep 21 16:31:29 CST 2012" endtime="Fri Sep 21 16:31:29 CST 2012" />
                <Test name="test_getParameterAnnotations" result="pass" starttime="Fri Sep 21 16:31:29 CST 2012" endtime="Fri Sep 21 16:31:29 CST 2012" />
                <Test name="test_getParameterTypes" result="pass" starttime="Fri Sep 21 16:31:30 CST 2012" endtime="Fri Sep 21 16:31:30 CST 2012" />
                <Test name="test_hashCode" result="pass" starttime="Fri Sep 21 16:31:30 CST 2012" endtime="Fri Sep 21 16:31:30 CST 2012" />
                <Test name="test_isVarArgs" result="pass" starttime="Fri Sep 21 16:31:30 CST 2012" endtime="Fri Sep 21 16:31:30 CST 2012" />
                <Test name="test_newInstance$Ljava_lang_Object" result="pass" starttime="Fri Sep 21 16:31:30 CST 2012" endtime="Fri Sep 21 16:31:30 CST 2012" />
                <Test name="test_toGenericString" result="pass" starttime="Fri Sep 21 16:31:30 CST 2012" endtime="Fri Sep 21 16:31:30 CST 2012" />
                <Test name="test_toString" result="pass" starttime="Fri Sep 21 16:31:30 CST 2012" endtime="Fri Sep 21 16:31:30 CST 2012" />
              </TestCase>
              <TestCase name="FieldTest" priority="">
                <Test name="testProtectedFieldAccess" result="pass" starttime="Fri Sep 21 16:31:30 CST 2012" endtime="Fri Sep 21 16:31:30 CST 2012" />
                <Test name="test_equalsLjava_lang_Object" result="pass" starttime="Fri Sep 21 16:31:30 CST 2012" endtime="Fri Sep 21 16:31:30 CST 2012" />
                <Test name="test_getBooleanLjava_lang_Object" result="pass" starttime="Fri Sep 21 16:31:30 CST 2012" endtime="Fri Sep 21 16:31:31 CST 2012" />
                <Test name="test_getByteLjava_lang_Object" result="pass" starttime="Fri Sep 21 16:31:31 CST 2012" endtime="Fri Sep 21 16:31:31 CST 2012" />
                <Test name="test_getCharLjava_lang_Object" result="pass" starttime="Fri Sep 21 16:31:31 CST 2012" endtime="Fri Sep 21 16:31:31 CST 2012" />
                <Test name="test_getDeclaredAnnotations" result="pass" starttime="Fri Sep 21 16:31:31 CST 2012" endtime="Fri Sep 21 16:31:31 CST 2012" />
                <Test name="test_getDeclaringClass" result="pass" starttime="Fri Sep 21 16:31:31 CST 2012" endtime="Fri Sep 21 16:31:31 CST 2012" />
                <Test name="test_getDoubleLjava_lang_Object" result="pass" starttime="Fri Sep 21 16:31:31 CST 2012" endtime="Fri Sep 21 16:31:31 CST 2012" />
                <Test name="test_getFloatLjava_lang_Object" result="pass" starttime="Fri Sep 21 16:31:31 CST 2012" endtime="Fri Sep 21 16:31:31 CST 2012" />
                <Test name="test_getGenericType" result="pass" starttime="Fri Sep 21 16:31:31 CST 2012" endtime="Fri Sep 21 16:31:31 CST 2012" />
                <Test name="test_getIntLjava_lang_Object" result="pass" starttime="Fri Sep 21 16:31:31 CST 2012" endtime="Fri Sep 21 16:31:32 CST 2012" />
                <Test name="test_getLjava_lang_Object" result="pass" starttime="Fri Sep 21 16:31:32 CST 2012" endtime="Fri Sep 21 16:31:32 CST 2012" />
                <Test name="test_getLongLjava_lang_Object" result="pass" starttime="Fri Sep 21 16:31:32 CST 2012" endtime="Fri Sep 21 16:31:32 CST 2012" />
                <Test name="test_getModifiers" result="pass" starttime="Fri Sep 21 16:31:32 CST 2012" endtime="Fri Sep 21 16:31:32 CST 2012" />
                <Test name="test_getName" result="pass" starttime="Fri Sep 21 16:31:32 CST 2012" endtime="Fri Sep 21 16:31:32 CST 2012" />
                <Test name="test_getShortLjava_lang_Object" result="pass" starttime="Fri Sep 21 16:31:32 CST 2012" endtime="Fri Sep 21 16:31:32 CST 2012" />
                <Test name="test_getType" result="pass" starttime="Fri Sep 21 16:31:32 CST 2012" endtime="Fri Sep 21 16:31:32 CST 2012" />
                <Test name="test_hashCode" result="pass" starttime="Fri Sep 21 16:31:32 CST 2012" endtime="Fri Sep 21 16:31:32 CST 2012" />
                <Test name="test_isEnumConstant" result="pass" starttime="Fri Sep 21 16:31:32 CST 2012" endtime="Fri Sep 21 16:31:32 CST 2012" />
                <Test name="test_isSynthetic" result="pass" starttime="Fri Sep 21 16:31:33 CST 2012" endtime="Fri Sep 21 16:31:33 CST 2012" />
                <Test name="test_setBooleanLjava_lang_ObjectZ" result="pass" starttime="Fri Sep 21 16:31:33 CST 2012" endtime="Fri Sep 21 16:31:33 CST 2012" />
                <Test name="test_setByteLjava_lang_ObjectB" result="pass" starttime="Fri Sep 21 16:31:33 CST 2012" endtime="Fri Sep 21 16:31:33 CST 2012" />
                <Test name="test_setCharLjava_lang_ObjectC" result="pass" starttime="Fri Sep 21 16:31:33 CST 2012" endtime="Fri Sep 21 16:31:33 CST 2012" />
                <Test name="test_setDoubleLjava_lang_ObjectD" result="pass" starttime="Fri Sep 21 16:31:33 CST 2012" endtime="Fri Sep 21 16:31:33 CST 2012" />
                <Test name="test_setFloatLjava_lang_ObjectF" result="pass" starttime="Fri Sep 21 16:31:33 CST 2012" endtime="Fri Sep 21 16:31:33 CST 2012" />
                <Test name="test_setIntLjava_lang_ObjectI" result="pass" starttime="Fri Sep 21 16:31:33 CST 2012" endtime="Fri Sep 21 16:31:33 CST 2012" />
                <Test name="test_setLjava_lang_ObjectLjava_lang_Object" result="pass" starttime="Fri Sep 21 16:31:33 CST 2012" endtime="Fri Sep 21 16:31:33 CST 2012" />
                <Test name="test_setLongLjava_lang_ObjectJ" result="pass" starttime="Fri Sep 21 16:31:33 CST 2012" endtime="Fri Sep 21 16:31:34 CST 2012" />
                <Test name="test_setShortLjava_lang_ObjectS" result="pass" starttime="Fri Sep 21 16:31:34 CST 2012" endtime="Fri Sep 21 16:31:34 CST 2012" />
                <Test name="test_toGenericString" result="pass" starttime="Fri Sep 21 16:31:34 CST 2012" endtime="Fri Sep 21 16:31:34 CST 2012" />
                <Test name="test_toString" result="pass" starttime="Fri Sep 21 16:31:34 CST 2012" endtime="Fri Sep 21 16:31:34 CST 2012" />
              </TestCase>
              <TestCase name="GenericArrayTypeTest" priority="">
                <Test name="testGetGenericComponentType" result="pass" starttime="Fri Sep 21 16:31:34 CST 2012" endtime="Fri Sep 21 16:31:34 CST 2012" />
                <Test name="testParameterizedComponentType" result="pass" starttime="Fri Sep 21 16:31:34 CST 2012" endtime="Fri Sep 21 16:31:34 CST 2012" />
              </TestCase>
              <TestCase name="GenericMethodsTests" priority="">
                <Test name="testGenericMethods" result="pass" starttime="Fri Sep 21 16:31:34 CST 2012" endtime="Fri Sep 21 16:31:34 CST 2012" />
                <Test name="testIndependencyOfMethodTypeParameters" result="pass" starttime="Fri Sep 21 16:31:34 CST 2012" endtime="Fri Sep 21 16:31:34 CST 2012" />
                <Test name="testNoParamNoReturn" result="pass" starttime="Fri Sep 21 16:31:34 CST 2012" endtime="Fri Sep 21 16:31:35 CST 2012" />
                <Test name="testNoParamReturn" result="pass" starttime="Fri Sep 21 16:31:35 CST 2012" endtime="Fri Sep 21 16:31:35 CST 2012" />
                <Test name="testParamNoReturn" result="pass" starttime="Fri Sep 21 16:31:35 CST 2012" endtime="Fri Sep 21 16:31:35 CST 2012" />
                <Test name="testParamReturn" result="pass" starttime="Fri Sep 21 16:31:35 CST 2012" endtime="Fri Sep 21 16:31:35 CST 2012" />
              </TestCase>
              <TestCase name="GenericSignatureFormatErrorTest" priority="">
                <Test name="test_Constructor" result="pass" starttime="Fri Sep 21 16:31:35 CST 2012" endtime="Fri Sep 21 16:31:35 CST 2012" />
                <Test name="test_readResource" result="pass" starttime="Fri Sep 21 16:31:35 CST 2012" endtime="Fri Sep 21 16:31:35 CST 2012" />
              </TestCase>
              <TestCase name="InvocationTargetExceptionTest" priority="">
                <Test name="test_Constructor" result="pass" starttime="Fri Sep 21 16:31:35 CST 2012" endtime="Fri Sep 21 16:31:35 CST 2012" />
                <Test name="test_ConstructorLjava_lang_Throwable" result="pass" starttime="Fri Sep 21 16:31:35 CST 2012" endtime="Fri Sep 21 16:31:35 CST 2012" />
                <Test name="test_ConstructorLjava_lang_ThrowableLjava_lang_String" result="pass" starttime="Fri Sep 21 16:31:35 CST 2012" endtime="Fri Sep 21 16:31:35 CST 2012" />
                <Test name="test_getCause" result="pass" starttime="Fri Sep 21 16:31:35 CST 2012" endtime="Fri Sep 21 16:31:36 CST 2012" />
                <Test name="test_getTargetException" result="pass" starttime="Fri Sep 21 16:31:36 CST 2012" endtime="Fri Sep 21 16:31:36 CST 2012" />
                <Test name="test_printStackTrace" result="pass" starttime="Fri Sep 21 16:31:36 CST 2012" endtime="Fri Sep 21 16:31:36 CST 2012" />
                <Test name="test_printStackTraceLjava_io_PrintStream" result="pass" starttime="Fri Sep 21 16:31:36 CST 2012" endtime="Fri Sep 21 16:31:36 CST 2012" />
                <Test name="test_printStackTraceLjava_io_PrintWriter" result="pass" starttime="Fri Sep 21 16:31:36 CST 2012" endtime="Fri Sep 21 16:31:36 CST 2012" />
              </TestCase>
              <TestCase name="MalformedParameterizedTypeExceptionTests" priority="">
                <Test name="test_Constructor" result="pass" starttime="Fri Sep 21 16:31:36 CST 2012" endtime="Fri Sep 21 16:31:36 CST 2012" />
              </TestCase>
              <TestCase name="MethodTest" priority="">
                <Test name="test_equalsLjava_lang_Object" result="pass" starttime="Fri Sep 21 16:31:36 CST 2012" endtime="Fri Sep 21 16:31:36 CST 2012" />
                <Test name="test_getDeclaredAnnotations" result="pass" starttime="Fri Sep 21 16:31:36 CST 2012" endtime="Fri Sep 21 16:31:36 CST 2012" />
                <Test name="test_getDeclaredMethod" result="pass" starttime="Fri Sep 21 16:31:37 CST 2012" endtime="Fri Sep 21 16:31:37 CST 2012" />
                <Test name="test_getDeclaringClass" result="pass" starttime="Fri Sep 21 16:31:37 CST 2012" endtime="Fri Sep 21 16:31:37 CST 2012" />
                <Test name="test_getDefaultValue" result="pass" starttime="Fri Sep 21 16:31:37 CST 2012" endtime="Fri Sep 21 16:31:37 CST 2012" />
                <Test name="test_getExceptionTypes" result="pass" starttime="Fri Sep 21 16:31:37 CST 2012" endtime="Fri Sep 21 16:31:37 CST 2012" />
                <Test name="test_getGenericExceptionTypes" result="pass" starttime="Fri Sep 21 16:31:37 CST 2012" endtime="Fri Sep 21 16:31:37 CST 2012" />
                <Test name="test_getGenericReturnType" result="pass" starttime="Fri Sep 21 16:31:37 CST 2012" endtime="Fri Sep 21 16:31:37 CST 2012" />
                <Test name="test_getMethod" result="pass" starttime="Fri Sep 21 16:31:37 CST 2012" endtime="Fri Sep 21 16:31:37 CST 2012" />
                <Test name="test_getModifiers" result="pass" starttime="Fri Sep 21 16:31:37 CST 2012" endtime="Fri Sep 21 16:31:37 CST 2012" />
                <Test name="test_getName" result="pass" starttime="Fri Sep 21 16:31:38 CST 2012" endtime="Fri Sep 21 16:31:38 CST 2012" />
                <Test name="test_getParameterAnnotations" result="pass" starttime="Fri Sep 21 16:31:38 CST 2012" endtime="Fri Sep 21 16:31:38 CST 2012" />
                <Test name="test_getParameterTypes" result="pass" starttime="Fri Sep 21 16:31:38 CST 2012" endtime="Fri Sep 21 16:31:38 CST 2012" />
                <Test name="test_getReturnType" result="pass" starttime="Fri Sep 21 16:31:38 CST 2012" endtime="Fri Sep 21 16:31:38 CST 2012" />
                <Test name="test_hashCode" result="pass" starttime="Fri Sep 21 16:31:38 CST 2012" endtime="Fri Sep 21 16:31:38 CST 2012" />
                <Test name="test_invokeLjava_lang_Object$Ljava_lang_Object" result="pass" starttime="Fri Sep 21 16:31:38 CST 2012" endtime="Fri Sep 21 16:31:38 CST 2012" />
                <Test name="test_isBridge" result="pass" starttime="Fri Sep 21 16:31:38 CST 2012" endtime="Fri Sep 21 16:31:38 CST 2012" />
                <Test name="test_isSynthetic" result="pass" starttime="Fri Sep 21 16:31:38 CST 2012" endtime="Fri Sep 21 16:31:38 CST 2012" />
                <Test name="test_isVarArgs" result="pass" starttime="Fri Sep 21 16:31:38 CST 2012" endtime="Fri Sep 21 16:31:39 CST 2012" />
                <Test name="test_toGenericString" result="pass" starttime="Fri Sep 21 16:31:39 CST 2012" endtime="Fri Sep 21 16:31:39 CST 2012" />
                <Test name="test_toString" result="pass" starttime="Fri Sep 21 16:31:39 CST 2012" endtime="Fri Sep 21 16:31:39 CST 2012" />
              </TestCase>
              <TestCase name="ParameterizedTypeTest" priority="">
                <Test name="testParameterizedMemeber" result="pass" starttime="Fri Sep 21 16:31:39 CST 2012" endtime="Fri Sep 21 16:31:39 CST 2012" />
                <Test name="testStringParameterizedSuperClass" result="pass" starttime="Fri Sep 21 16:31:39 CST 2012" endtime="Fri Sep 21 16:31:39 CST 2012" />
                <Test name="testTypeParameterizedSuperClass" result="pass" starttime="Fri Sep 21 16:31:39 CST 2012" endtime="Fri Sep 21 16:31:39 CST 2012" />
              </TestCase>
              <TestCase name="ProxyTest" priority="">
                <Test name="test_ProxyLjava_lang_reflect_InvocationHandler" result="pass" starttime="Fri Sep 21 16:31:39 CST 2012" endtime="Fri Sep 21 16:31:39 CST 2012" />
                <Test name="test_getInvocationHandlerLjava_lang_Object" result="pass" starttime="Fri Sep 21 16:31:39 CST 2012" endtime="Fri Sep 21 16:31:39 CST 2012" />
                <Test name="test_getProxyClassLjava_lang_ClassLoader$Ljava_lang_Class" result="pass" starttime="Fri Sep 21 16:31:39 CST 2012" endtime="Fri Sep 21 16:31:40 CST 2012" />
                <Test name="test_isProxyClassLjava_lang_Class" result="pass" starttime="Fri Sep 21 16:31:40 CST 2012" endtime="Fri Sep 21 16:31:40 CST 2012" />
                <Test name="test_newProxyInstanceLjava_lang_ClassLoader$Ljava_lang_ClassLjava_lang_reflect_InvocationHandler" result="pass" starttime="Fri Sep 21 16:31:40 CST 2012" endtime="Fri Sep 21 16:31:40 CST 2012" />
                <Test name="test_newProxyInstance_withCompatibleReturnTypes" result="pass" starttime="Fri Sep 21 16:31:40 CST 2012" endtime="Fri Sep 21 16:31:40 CST 2012" />
                <Test name="test_newProxyInstance_withNonCompatibleReturnTypes" result="pass" starttime="Fri Sep 21 16:31:40 CST 2012" endtime="Fri Sep 21 16:31:40 CST 2012" />
              </TestCase>
              <TestCase name="TypeVariableTest" priority="">
                <Test name="testMultipleBound" result="pass" starttime="Fri Sep 21 16:31:40 CST 2012" endtime="Fri Sep 21 16:31:40 CST 2012" />
                <Test name="testMultipleTypeVariablesOnClass" result="pass" starttime="Fri Sep 21 16:31:40 CST 2012" endtime="Fri Sep 21 16:31:40 CST 2012" />
                <Test name="testMultipleTypeVariablesOnConstructor" result="pass" starttime="Fri Sep 21 16:31:40 CST 2012" endtime="Fri Sep 21 16:31:40 CST 2012" />
                <Test name="testMultipleTypeVariablesOnMethod" result="pass" starttime="Fri Sep 21 16:31:40 CST 2012" endtime="Fri Sep 21 16:31:41 CST 2012" />
                <Test name="testSimpleTypeVariableOnClass" result="pass" starttime="Fri Sep 21 16:31:41 CST 2012" endtime="Fri Sep 21 16:31:41 CST 2012" />
                <Test name="testSimpleTypeVariableOnConstructor" result="pass" starttime="Fri Sep 21 16:31:41 CST 2012" endtime="Fri Sep 21 16:31:41 CST 2012" />
                <Test name="testSimpleTypeVariableOnMethod" result="pass" starttime="Fri Sep 21 16:31:41 CST 2012" endtime="Fri Sep 21 16:31:41 CST 2012" />
                <Test name="testSingleBound" result="pass" starttime="Fri Sep 21 16:31:41 CST 2012" endtime="Fri Sep 21 16:31:41 CST 2012" />
              </TestCase>
              <TestCase name="UndeclaredThrowableExceptionTests" priority="">
                <Test name="test_Constructor_Throwable" result="pass" starttime="Fri Sep 21 16:31:41 CST 2012" endtime="Fri Sep 21 16:31:41 CST 2012" />
                <Test name="test_Constructor_Throwable_String" result="pass" starttime="Fri Sep 21 16:31:41 CST 2012" endtime="Fri Sep 21 16:31:41 CST 2012" />
                <Test name="test_getCause" result="pass" starttime="Fri Sep 21 16:31:41 CST 2012" endtime="Fri Sep 21 16:31:41 CST 2012" />
                <Test name="test_getUndeclaredThrowable" result="pass" starttime="Fri Sep 21 16:31:41 CST 2012" endtime="Fri Sep 21 16:31:42 CST 2012" />
              </TestCase>
              <TestCase name="WildcardTypeTest" priority="">
                <Test name="testBoundedGenericMethods" result="pass" starttime="Fri Sep 21 16:31:42 CST 2012" endtime="Fri Sep 21 16:31:42 CST 2012" />
                <Test name="testLowerBoundedParamNoReturn" result="pass" starttime="Fri Sep 21 16:31:42 CST 2012" endtime="Fri Sep 21 16:31:42 CST 2012" />
                <Test name="testLowerBoundedParamReturn" result="pass" starttime="Fri Sep 21 16:31:42 CST 2012" endtime="Fri Sep 21 16:31:42 CST 2012" />
                <Test name="testUpperBoundedParamNoReturn" result="pass" starttime="Fri Sep 21 16:31:42 CST 2012" endtime="Fri Sep 21 16:31:42 CST 2012" />
                <Test name="testUpperBoundedParamReturn" result="pass" starttime="Fri Sep 21 16:31:42 CST 2012" endtime="Fri Sep 21 16:31:42 CST 2012" />
              </TestCase>
            </TestSuite>
            <TestCase name="Process2Test" priority="">
              <Test name="test_getErrorStream" result="pass" starttime="Fri Sep 21 16:31:00 CST 2012" endtime="Fri Sep 21 16:31:00 CST 2012" />
              <Test name="test_streams" result="pass" starttime="Fri Sep 21 16:31:00 CST 2012" endtime="Fri Sep 21 16:31:00 CST 2012" />
            </TestCase>
            <TestCase name="ProcessManagerTest" priority="">
              <Test name="testCat" result="pass" starttime="Fri Sep 21 16:31:00 CST 2012" endtime="Fri Sep 21 16:31:00 CST 2012" />
              <Test name="testCloseNonStandardFds" result="pass" starttime="Fri Sep 21 16:31:00 CST 2012" endtime="Fri Sep 21 16:31:00 CST 2012" />
              <Test name="testEnvironment" result="pass" starttime="Fri Sep 21 16:31:00 CST 2012" endtime="Fri Sep 21 16:31:00 CST 2012" />
              <Test name="testHeavyLoad" result="pass" starttime="Fri Sep 21 16:31:00 CST 2012" endtime="Fri Sep 21 16:31:05 CST 2012" />
              <Test name="testInvalidCommand" result="pass" starttime="Fri Sep 21 16:31:05 CST 2012" endtime="Fri Sep 21 16:31:05 CST 2012" />
              <Test name="testPwd" result="pass" starttime="Fri Sep 21 16:31:05 CST 2012" endtime="Fri Sep 21 16:31:05 CST 2012" />
            </TestCase>
            <TestCase name="ProcessTest" priority="">
              <Test name="test_Constructor" result="pass" starttime="Fri Sep 21 16:31:05 CST 2012" endtime="Fri Sep 21 16:31:05 CST 2012" />
              <Test name="test_exitValue" result="pass" starttime="Fri Sep 21 16:31:05 CST 2012" endtime="Fri Sep 21 16:31:15 CST 2012" />
              <Test name="test_getInputStream" result="pass" starttime="Fri Sep 21 16:31:15 CST 2012" endtime="Fri Sep 21 16:31:16 CST 2012" />
              <Test name="test_getOutputStream" result="pass" starttime="Fri Sep 21 16:31:16 CST 2012" endtime="Fri Sep 21 16:31:18 CST 2012" />
            </TestCase>
            <TestCase name="StringTest" priority="">
              <Test name="test_CASE_INSENSITIVE_ORDER" result="pass" starttime="Fri Sep 21 16:31:18 CST 2012" endtime="Fri Sep 21 16:31:18 CST 2012" />
              <Test name="test_EndsWith" result="pass" starttime="Fri Sep 21 16:31:18 CST 2012" endtime="Fri Sep 21 16:31:19 CST 2012" />
              <Test name="test_StartsWith" result="pass" starttime="Fri Sep 21 16:31:19 CST 2012" endtime="Fri Sep 21 16:31:19 CST 2012" />
              <Test name="test_charAt" result="pass" starttime="Fri Sep 21 16:31:19 CST 2012" endtime="Fri Sep 21 16:31:19 CST 2012" />
              <Test name="test_contains" result="pass" starttime="Fri Sep 21 16:31:19 CST 2012" endtime="Fri Sep 21 16:31:19 CST 2012" />
            </TestCase>
          </TestSuite>
          <TestSuite name="math">
            <TestCase name="BigIntegerTest" priority="">
              <Test name="testClone" result="pass" starttime="Fri Sep 21 16:31:42 CST 2012" endtime="Fri Sep 21 16:31:42 CST 2012" />
              <Test name="test_Constructor$B" result="pass" starttime="Fri Sep 21 16:31:42 CST 2012" endtime="Fri Sep 21 16:31:42 CST 2012" />
              <Test name="test_ConstructorI$B" result="pass" starttime="Fri Sep 21 16:31:42 CST 2012" endtime="Fri Sep 21 16:31:43 CST 2012" />
              <Test name="test_ConstructorILjava_util_Random" result="pass" starttime="Fri Sep 21 16:31:43 CST 2012" endtime="Fri Sep 21 16:31:43 CST 2012" />
              <Test name="test_ConstructorLjava_lang_String" result="pass" starttime="Fri Sep 21 16:31:43 CST 2012" endtime="Fri Sep 21 16:31:43 CST 2012" />
              <Test name="test_ConstructorLjava_lang_StringI" result="pass" starttime="Fri Sep 21 16:31:43 CST 2012" endtime="Fri Sep 21 16:31:43 CST 2012" />
              <Test name="test_abs" result="pass" starttime="Fri Sep 21 16:31:43 CST 2012" endtime="Fri Sep 21 16:31:43 CST 2012" />
              <Test name="test_addLjava_math_BigInteger" result="pass" starttime="Fri Sep 21 16:31:43 CST 2012" endtime="Fri Sep 21 16:31:43 CST 2012" />
              <Test name="test_andLjava_math_BigInteger" result="pass" starttime="Fri Sep 21 16:31:43 CST 2012" endtime="Fri Sep 21 16:31:43 CST 2012" />
              <Test name="test_andNotLjava_math_BigInteger" result="pass" starttime="Fri Sep 21 16:31:43 CST 2012" endtime="Fri Sep 21 16:31:43 CST 2012" />
              <Test name="test_compareToLjava_math_BigInteger" result="pass" starttime="Fri Sep 21 16:31:43 CST 2012" endtime="Fri Sep 21 16:31:43 CST 2012" />
              <Test name="test_constructor_String_empty" result="pass" starttime="Fri Sep 21 16:31:44 CST 2012" endtime="Fri Sep 21 16:31:44 CST 2012" />
              <Test name="test_divideAndRemainderLjava_math_BigInteger" result="pass" starttime="Fri Sep 21 16:31:44 CST 2012" endtime="Fri Sep 21 16:31:44 CST 2012" />
              <Test name="test_divideLjava_math_BigInteger" result="pass" starttime="Fri Sep 21 16:31:44 CST 2012" endtime="Fri Sep 21 16:31:44 CST 2012" />
              <Test name="test_equalsLjava_lang_Object" result="pass" starttime="Fri Sep 21 16:31:44 CST 2012" endtime="Fri Sep 21 16:31:44 CST 2012" />
              <Test name="test_intValue" result="pass" starttime="Fri Sep 21 16:31:44 CST 2012" endtime="Fri Sep 21 16:31:44 CST 2012" />
              <Test name="test_isProbablePrimeI" result="pass" starttime="Fri Sep 21 16:31:44 CST 2012" endtime="Fri Sep 21 16:31:46 CST 2012" />
              <Test name="test_longValue" result="pass" starttime="Fri Sep 21 16:31:46 CST 2012" endtime="Fri Sep 21 16:31:46 CST 2012" />
              <Test name="test_modInverseLjava_math_BigInteger" result="pass" starttime="Fri Sep 21 16:31:46 CST 2012" endtime="Fri Sep 21 16:31:47 CST 2012" />
              <Test name="test_modLjava_math_BigInteger" result="pass" starttime="Fri Sep 21 16:31:47 CST 2012" endtime="Fri Sep 21 16:31:47 CST 2012" />
              <Test name="test_multiplyLjava_math_BigInteger" result="pass" starttime="Fri Sep 21 16:31:47 CST 2012" endtime="Fri Sep 21 16:31:47 CST 2012" />
              <Test name="test_negate" result="pass" starttime="Fri Sep 21 16:31:47 CST 2012" endtime="Fri Sep 21 16:31:47 CST 2012" />
              <Test name="test_nextProbablePrime" result="pass" starttime="Fri Sep 21 16:31:47 CST 2012" endtime="Fri Sep 21 16:31:54 CST 2012" />
              <Test name="test_not" result="pass" starttime="Fri Sep 21 16:31:54 CST 2012" endtime="Fri Sep 21 16:31:54 CST 2012" />
              <Test name="test_orLjava_math_BigInteger" result="pass" starttime="Fri Sep 21 16:31:54 CST 2012" endtime="Fri Sep 21 16:31:55 CST 2012" />
              <Test name="test_powI" result="pass" starttime="Fri Sep 21 16:31:55 CST 2012" endtime="Fri Sep 21 16:31:55 CST 2012" />
              <Test name="test_probablePrime" result="pass" starttime="Fri Sep 21 16:31:55 CST 2012" endtime="Fri Sep 21 16:32:01 CST 2012" />
              <Test name="test_remainderLjava_math_BigInteger" result="pass" starttime="Fri Sep 21 16:32:01 CST 2012" endtime="Fri Sep 21 16:32:01 CST 2012" />
              <Test name="test_shiftLeftI" result="pass" starttime="Fri Sep 21 16:32:01 CST 2012" endtime="Fri Sep 21 16:32:01 CST 2012" />
              <Test name="test_shiftRightI" result="pass" starttime="Fri Sep 21 16:32:01 CST 2012" endtime="Fri Sep 21 16:32:01 CST 2012" />
              <Test name="test_signum" result="pass" starttime="Fri Sep 21 16:32:01 CST 2012" endtime="Fri Sep 21 16:32:01 CST 2012" />
              <Test name="test_toByteArray" result="pass" starttime="Fri Sep 21 16:32:01 CST 2012" endtime="Fri Sep 21 16:32:02 CST 2012" />
              <Test name="test_toString" result="pass" starttime="Fri Sep 21 16:32:02 CST 2012" endtime="Fri Sep 21 16:32:02 CST 2012" />
              <Test name="test_toStringI" result="pass" starttime="Fri Sep 21 16:32:02 CST 2012" endtime="Fri Sep 21 16:32:02 CST 2012" />
              <Test name="test_valueOfJ" result="pass" starttime="Fri Sep 21 16:32:02 CST 2012" endtime="Fri Sep 21 16:32:02 CST 2012" />
              <Test name="test_xorLjava_math_BigInteger" result="pass" starttime="Fri Sep 21 16:32:02 CST 2012" endtime="Fri Sep 21 16:32:02 CST 2012" />
            </TestCase>
            <TestCase name="MathContextTest" priority="">
              <Test name="test_MathContextConstruction" result="pass" starttime="Fri Sep 21 16:32:02 CST 2012" endtime="Fri Sep 21 16:32:02 CST 2012" />
            </TestCase>
            <TestCase name="RoundingModeTest" priority="">
              <Test name="test_valueOfI" result="pass" starttime="Fri Sep 21 16:32:02 CST 2012" endtime="Fri Sep 21 16:32:02 CST 2012" />
            </TestCase>
          </TestSuite>
          <TestSuite name="util">
            <TestCase name="AbstractListTest" priority="">
              <Test name="test_hashCode" result="pass" starttime="Fri Sep 21 16:32:02 CST 2012" endtime="Fri Sep 21 16:32:02 CST 2012" />
              <Test name="test_indexOfLjava_lang_Object" result="pass" starttime="Fri Sep 21 16:32:02 CST 2012" endtime="Fri Sep 21 16:32:02 CST 2012" />
              <Test name="test_iterator" result="pass" starttime="Fri Sep 21 16:32:02 CST 2012" endtime="Fri Sep 21 16:32:02 CST 2012" />
              <Test name="test_lastIndexOfLjava_lang_Object" result="pass" starttime="Fri Sep 21 16:32:02 CST 2012" endtime="Fri Sep 21 16:32:03 CST 2012" />
              <Test name="test_listIterator" result="pass" starttime="Fri Sep 21 16:32:03 CST 2012" endtime="Fri Sep 21 16:32:03 CST 2012" />
              <Test name="test_listIteratorI" result="pass" starttime="Fri Sep 21 16:32:03 CST 2012" endtime="Fri Sep 21 16:32:03 CST 2012" />
              <Test name="test_subListII" result="pass" starttime="Fri Sep 21 16:32:03 CST 2012" endtime="Fri Sep 21 16:32:03 CST 2012" />
              <Test name="test_subList_addAll" result="pass" starttime="Fri Sep 21 16:32:03 CST 2012" endtime="Fri Sep 21 16:32:03 CST 2012" />
              <Test name="test_subList_empty" result="pass" starttime="Fri Sep 21 16:32:03 CST 2012" endtime="Fri Sep 21 16:32:03 CST 2012" />
            </TestCase>
            <TestCase name="AbstractMapTest" priority="">
              <Test name="testEqualsWithNullValues" result="pass" starttime="Fri Sep 21 16:32:03 CST 2012" endtime="Fri Sep 21 16:32:03 CST 2012" />
              <Test name="testNullsOnViews" result="pass" starttime="Fri Sep 21 16:32:03 CST 2012" endtime="Fri Sep 21 16:32:03 CST 2012" />
              <Test name="test_clone" result="pass" starttime="Fri Sep 21 16:32:03 CST 2012" endtime="Fri Sep 21 16:32:03 CST 2012" />
              <Test name="test_keySet" result="pass" starttime="Fri Sep 21 16:32:03 CST 2012" endtime="Fri Sep 21 16:32:03 CST 2012" />
              <Test name="test_putAllLMap" result="pass" starttime="Fri Sep 21 16:32:03 CST 2012" endtime="Fri Sep 21 16:32:04 CST 2012" />
              <Test name="test_removeLjava_lang_Object" result="pass" starttime="Fri Sep 21 16:32:04 CST 2012" endtime="Fri Sep 21 16:32:04 CST 2012" />
              <Test name="test_values" result="pass" starttime="Fri Sep 21 16:32:04 CST 2012" endtime="Fri Sep 21 16:32:04 CST 2012" />
            </TestCase>
            <TestCase name="AbstractQueueTest" priority="">
              <Test name="test_Constructor" result="pass" starttime="Fri Sep 21 16:32:04 CST 2012" endtime="Fri Sep 21 16:32:04 CST 2012" />
              <Test name="test_addAllLE_empty" result="pass" starttime="Fri Sep 21 16:32:04 CST 2012" endtime="Fri Sep 21 16:32:04 CST 2012" />
              <Test name="test_addAllLE_full" result="pass" starttime="Fri Sep 21 16:32:04 CST 2012" endtime="Fri Sep 21 16:32:04 CST 2012" />
              <Test name="test_addAllLE_null" result="pass" starttime="Fri Sep 21 16:32:04 CST 2012" endtime="Fri Sep 21 16:32:04 CST 2012" />
              <Test name="test_addAllLE_this" result="pass" starttime="Fri Sep 21 16:32:04 CST 2012" endtime="Fri Sep 21 16:32:04 CST 2012" />
              <Test name="test_addAllLE_with_null" result="pass" starttime="Fri Sep 21 16:32:04 CST 2012" endtime="Fri Sep 21 16:32:04 CST 2012" />
              <Test name="test_addAllLjava_lang_Object" result="pass" starttime="Fri Sep 21 16:32:04 CST 2012" endtime="Fri Sep 21 16:32:04 CST 2012" />
              <Test name="test_addLE" result="pass" starttime="Fri Sep 21 16:32:04 CST 2012" endtime="Fri Sep 21 16:32:05 CST 2012" />
              <Test name="test_addLE_Full" result="pass" starttime="Fri Sep 21 16:32:05 CST 2012" endtime="Fri Sep 21 16:32:05 CST 2012" />
              <Test name="test_addLE_null" result="pass" starttime="Fri Sep 21 16:32:05 CST 2012" endtime="Fri Sep 21 16:32:05 CST 2012" />
              <Test name="test_clear" result="pass" starttime="Fri Sep 21 16:32:05 CST 2012" endtime="Fri Sep 21 16:32:05 CST 2012" />
              <Test name="test_clear_empty" result="pass" starttime="Fri Sep 21 16:32:05 CST 2012" endtime="Fri Sep 21 16:32:05 CST 2012" />
              <Test name="test_element" result="pass" starttime="Fri Sep 21 16:32:05 CST 2012" endtime="Fri Sep 21 16:32:05 CST 2012" />
              <Test name="test_element_empty" result="pass" starttime="Fri Sep 21 16:32:05 CST 2012" endtime="Fri Sep 21 16:32:05 CST 2012" />
              <Test name="test_remove" result="pass" starttime="Fri Sep 21 16:32:05 CST 2012" endtime="Fri Sep 21 16:32:05 CST 2012" />
              <Test name="test_remove_null" result="pass" starttime="Fri Sep 21 16:32:05 CST 2012" endtime="Fri Sep 21 16:32:06 CST 2012" />
            </TestCase>
            <TestCase name="AbstractSequentialListTest" priority="">
              <Test name="test_addAllILjava_util_Collection" result="pass" starttime="Fri Sep 21 16:32:06 CST 2012" endtime="Fri Sep 21 16:32:06 CST 2012" />
              <Test name="test_addAll_ILCollection" result="pass" starttime="Fri Sep 21 16:32:06 CST 2012" endtime="Fri Sep 21 16:32:06 CST 2012" />
              <Test name="test_addILjava_lang_Object" result="pass" starttime="Fri Sep 21 16:32:06 CST 2012" endtime="Fri Sep 21 16:32:06 CST 2012" />
              <Test name="test_getI" result="pass" starttime="Fri Sep 21 16:32:06 CST 2012" endtime="Fri Sep 21 16:32:06 CST 2012" />
              <Test name="test_iterrator" result="pass" starttime="Fri Sep 21 16:32:06 CST 2012" endtime="Fri Sep 21 16:32:06 CST 2012" />
              <Test name="test_removeI" result="pass" starttime="Fri Sep 21 16:32:06 CST 2012" endtime="Fri Sep 21 16:32:06 CST 2012" />
              <Test name="test_setILjava_lang_Object" result="pass" starttime="Fri Sep 21 16:32:06 CST 2012" endtime="Fri Sep 21 16:32:06 CST 2012" />
            </TestCase>
            <TestCase name="ArrayListTest" priority="">
              <Test name="test_Constructor" result="pass" starttime="Fri Sep 21 16:32:06 CST 2012" endtime="Fri Sep 21 16:32:07 CST 2012" />
              <Test name="test_ConstructorI" result="pass" starttime="Fri Sep 21 16:32:07 CST 2012" endtime="Fri Sep 21 16:32:07 CST 2012" />
              <Test name="test_ConstructorLjava_util_Collection" result="pass" starttime="Fri Sep 21 16:32:07 CST 2012" endtime="Fri Sep 21 16:32:07 CST 2012" />
              <Test name="test_addAll" result="pass" starttime="Fri Sep 21 16:32:07 CST 2012" endtime="Fri Sep 21 16:32:07 CST 2012" />
              <Test name="test_addAllILjava_util_Collection" result="pass" starttime="Fri Sep 21 16:32:07 CST 2012" endtime="Fri Sep 21 16:32:07 CST 2012" />
              <Test name="test_addAllLjava_util_Collection" result="pass" starttime="Fri Sep 21 16:32:07 CST 2012" endtime="Fri Sep 21 16:32:07 CST 2012" />
              <Test name="test_addILjava_lang_Object" result="pass" starttime="Fri Sep 21 16:32:07 CST 2012" endtime="Fri Sep 21 16:32:07 CST 2012" />
              <Test name="test_addLjava_lang_Object" result="pass" starttime="Fri Sep 21 16:32:07 CST 2012" endtime="Fri Sep 21 16:32:07 CST 2012" />
              <Test name="test_clear" result="pass" starttime="Fri Sep 21 16:32:07 CST 2012" endtime="Fri Sep 21 16:32:07 CST 2012" />
              <Test name="test_clone" result="pass" starttime="Fri Sep 21 16:32:07 CST 2012" endtime="Fri Sep 21 16:32:07 CST 2012" />
              <Test name="test_containsLjava_lang_Object" result="pass" starttime="Fri Sep 21 16:32:07 CST 2012" endtime="Fri Sep 21 16:32:08 CST 2012" />
              <Test name="test_ensureCapacityI" result="pass" starttime="Fri Sep 21 16:32:08 CST 2012" endtime="Fri Sep 21 16:32:08 CST 2012" />
              <Test name="test_getI" result="pass" starttime="Fri Sep 21 16:32:08 CST 2012" endtime="Fri Sep 21 16:32:08 CST 2012" />
              <Test name="test_indexOfLjava_lang_Object" result="pass" starttime="Fri Sep 21 16:32:08 CST 2012" endtime="Fri Sep 21 16:32:08 CST 2012" />
              <Test name="test_isEmpty" result="pass" starttime="Fri Sep 21 16:32:08 CST 2012" endtime="Fri Sep 21 16:32:08 CST 2012" />
              <Test name="test_lastIndexOfLjava_lang_Object" result="pass" starttime="Fri Sep 21 16:32:08 CST 2012" endtime="Fri Sep 21 16:32:08 CST 2012" />
              <Test name="test_removeI" result="pass" starttime="Fri Sep 21 16:32:08 CST 2012" endtime="Fri Sep 21 16:32:08 CST 2012" />
              <Test name="test_removeLjava_lang_Object" result="pass" starttime="Fri Sep 21 16:32:08 CST 2012" endtime="Fri Sep 21 16:32:08 CST 2012" />
              <Test name="test_removeRangeII" result="pass" starttime="Fri Sep 21 16:32:08 CST 2012" endtime="Fri Sep 21 16:32:08 CST 2012" />
              <Test name="test_setILjava_lang_Object" result="pass" starttime="Fri Sep 21 16:32:08 CST 2012" endtime="Fri Sep 21 16:32:09 CST 2012" />
              <Test name="test_size" result="pass" starttime="Fri Sep 21 16:32:09 CST 2012" endtime="Fri Sep 21 16:32:09 CST 2012" />
              <Test name="test_toArray" result="pass" starttime="Fri Sep 21 16:32:09 CST 2012" endtime="Fri Sep 21 16:32:09 CST 2012" />
              <Test name="test_toArray$Ljava_lang_Object" result="pass" starttime="Fri Sep 21 16:32:09 CST 2012" endtime="Fri Sep 21 16:32:09 CST 2012" />
              <Test name="test_trimToSize_01" result="pass" starttime="Fri Sep 21 16:32:09 CST 2012" endtime="Fri Sep 21 16:32:09 CST 2012" />
              <Test name="test_trimToSize_02" result="pass" starttime="Fri Sep 21 16:32:09 CST 2012" endtime="Fri Sep 21 16:32:09 CST 2012" />
            </TestCase>
            <TestCase name="ArraysTest" priority="">
              <Test name="test_asList$Ljava_lang_Object" result="pass" starttime="Fri Sep 21 16:32:09 CST 2012" endtime="Fri Sep 21 16:32:09 CST 2012" />
              <Test name="test_binarySearch$BB" result="pass" starttime="Fri Sep 21 16:32:09 CST 2012" endtime="Fri Sep 21 16:32:09 CST 2012" />
              <Test name="test_binarySearch$CC" result="pass" starttime="Fri Sep 21 16:32:09 CST 2012" endtime="Fri Sep 21 16:32:09 CST 2012" />
              <Test name="test_binarySearch$DD" result="pass" starttime="Fri Sep 21 16:32:09 CST 2012" endtime="Fri Sep 21 16:32:10 CST 2012" />
              <Test name="test_binarySearch$FF" result="pass" starttime="Fri Sep 21 16:32:10 CST 2012" endtime="Fri Sep 21 16:32:10 CST 2012" />
              <Test name="test_binarySearch$II" result="pass" starttime="Fri Sep 21 16:32:10 CST 2012" endtime="Fri Sep 21 16:32:10 CST 2012" />
              <Test name="test_binarySearch$JJ" result="pass" starttime="Fri Sep 21 16:32:10 CST 2012" endtime="Fri Sep 21 16:32:10 CST 2012" />
              <Test name="test_binarySearch$Ljava_lang_ObjectLjava_lang_Object" result="pass" starttime="Fri Sep 21 16:32:10 CST 2012" endtime="Fri Sep 21 16:32:10 CST 2012" />
              <Test name="test_binarySearch$Ljava_lang_ObjectLjava_lang_ObjectLjava_util_Comparator" result="pass" starttime="Fri Sep 21 16:32:10 CST 2012" endtime="Fri Sep 21 16:32:10 CST 2012" />
              <Test name="test_binarySearch$SS" result="pass" starttime="Fri Sep 21 16:32:10 CST 2012" endtime="Fri Sep 21 16:32:10 CST 2012" />
              <Test name="test_deepEquals$Ljava_lang_ObjectLjava_lang_Object" result="pass" starttime="Fri Sep 21 16:32:10 CST 2012" endtime="Fri Sep 21 16:32:10 CST 2012" />
              <Test name="test_deepHashCode$Ljava_lang_Object" result="pass" starttime="Fri Sep 21 16:32:10 CST 2012" endtime="Fri Sep 21 16:32:11 CST 2012" />
              <Test name="test_equals$B$B" result="pass" starttime="Fri Sep 21 16:32:11 CST 2012" endtime="Fri Sep 21 16:32:11 CST 2012" />
              <Test name="test_equals$C$C" result="pass" starttime="Fri Sep 21 16:32:11 CST 2012" endtime="Fri Sep 21 16:32:11 CST 2012" />
              <Test name="test_equals$D$D" result="pass" starttime="Fri Sep 21 16:32:11 CST 2012" endtime="Fri Sep 21 16:32:11 CST 2012" />
              <Test name="test_equals$F$F" result="pass" starttime="Fri Sep 21 16:32:11 CST 2012" endtime="Fri Sep 21 16:32:11 CST 2012" />
              <Test name="test_equals$I$I" result="pass" starttime="Fri Sep 21 16:32:11 CST 2012" endtime="Fri Sep 21 16:32:11 CST 2012" />
              <Test name="test_equals$J$J" result="pass" starttime="Fri Sep 21 16:32:11 CST 2012" endtime="Fri Sep 21 16:32:11 CST 2012" />
              <Test name="test_equals$Ljava_lang_Object$Ljava_lang_Object" result="pass" starttime="Fri Sep 21 16:32:11 CST 2012" endtime="Fri Sep 21 16:32:11 CST 2012" />
              <Test name="test_equals$S$S" result="pass" starttime="Fri Sep 21 16:32:11 CST 2012" endtime="Fri Sep 21 16:32:11 CST 2012" />
              <Test name="test_equals$Z$Z" result="pass" starttime="Fri Sep 21 16:32:11 CST 2012" endtime="Fri Sep 21 16:32:12 CST 2012" />
              <Test name="test_fill$BB" result="pass" starttime="Fri Sep 21 16:32:12 CST 2012" endtime="Fri Sep 21 16:32:12 CST 2012" />
              <Test name="test_fill$BIIB" result="pass" starttime="Fri Sep 21 16:32:12 CST 2012" endtime="Fri Sep 21 16:32:12 CST 2012" />
              <Test name="test_fill$CC" result="pass" starttime="Fri Sep 21 16:32:12 CST 2012" endtime="Fri Sep 21 16:32:12 CST 2012" />
              <Test name="test_fill$CIIC" result="pass" starttime="Fri Sep 21 16:32:12 CST 2012" endtime="Fri Sep 21 16:32:12 CST 2012" />
              <Test name="test_fill$DD" result="pass" starttime="Fri Sep 21 16:32:12 CST 2012" endtime="Fri Sep 21 16:32:12 CST 2012" />
              <Test name="test_fill$DIID" result="pass" starttime="Fri Sep 21 16:32:12 CST 2012" endtime="Fri Sep 21 16:32:12 CST 2012" />
              <Test name="test_fill$FF" result="pass" starttime="Fri Sep 21 16:32:12 CST 2012" endtime="Fri Sep 21 16:32:12 CST 2012" />
              <Test name="test_fill$FIIF" result="pass" starttime="Fri Sep 21 16:32:12 CST 2012" endtime="Fri Sep 21 16:32:12 CST 2012" />
              <Test name="test_fill$II" result="pass" starttime="Fri Sep 21 16:32:12 CST 2012" endtime="Fri Sep 21 16:32:13 CST 2012" />
              <Test name="test_fill$IIII" result="pass" starttime="Fri Sep 21 16:32:13 CST 2012" endtime="Fri Sep 21 16:32:13 CST 2012" />
              <Test name="test_fill$JIIJ" result="pass" starttime="Fri Sep 21 16:32:13 CST 2012" endtime="Fri Sep 21 16:32:13 CST 2012" />
              <Test name="test_fill$JJ" result="pass" starttime="Fri Sep 21 16:32:13 CST 2012" endtime="Fri Sep 21 16:32:13 CST 2012" />
              <Test name="test_fill$Ljava_lang_ObjectIILjava_lang_Object" result="pass" starttime="Fri Sep 21 16:32:13 CST 2012" endtime="Fri Sep 21 16:32:13 CST 2012" />
              <Test name="test_fill$Ljava_lang_ObjectLjava_lang_Object" result="pass" starttime="Fri Sep 21 16:32:13 CST 2012" endtime="Fri Sep 21 16:32:13 CST 2012" />
              <Test name="test_fill$SIIS" result="pass" starttime="Fri Sep 21 16:32:13 CST 2012" endtime="Fri Sep 21 16:32:13 CST 2012" />
              <Test name="test_fill$SS" result="pass" starttime="Fri Sep 21 16:32:13 CST 2012" endtime="Fri Sep 21 16:32:13 CST 2012" />
              <Test name="test_fill$ZIIZ" result="pass" starttime="Fri Sep 21 16:32:13 CST 2012" endtime="Fri Sep 21 16:32:14 CST 2012" />
              <Test name="test_fill$ZZ" result="pass" starttime="Fri Sep 21 16:32:14 CST 2012" endtime="Fri Sep 21 16:32:14 CST 2012" />
              <Test name="test_hashCode$LB" result="pass" starttime="Fri Sep 21 16:32:14 CST 2012" endtime="Fri Sep 21 16:32:14 CST 2012" />
              <Test name="test_hashCode$LC" result="pass" starttime="Fri Sep 21 16:32:14 CST 2012" endtime="Fri Sep 21 16:32:14 CST 2012" />
              <Test name="test_hashCode$LD" result="pass" starttime="Fri Sep 21 16:32:14 CST 2012" endtime="Fri Sep 21 16:32:14 CST 2012" />
              <Test name="test_hashCode$LF" result="pass" starttime="Fri Sep 21 16:32:14 CST 2012" endtime="Fri Sep 21 16:32:14 CST 2012" />
              <Test name="test_hashCode$LI" result="pass" starttime="Fri Sep 21 16:32:14 CST 2012" endtime="Fri Sep 21 16:32:14 CST 2012" />
              <Test name="test_hashCode$LJ" result="pass" starttime="Fri Sep 21 16:32:14 CST 2012" endtime="Fri Sep 21 16:32:14 CST 2012" />
              <Test name="test_hashCode$LS" result="pass" starttime="Fri Sep 21 16:32:14 CST 2012" endtime="Fri Sep 21 16:32:15 CST 2012" />
              <Test name="test_hashCode$LZ" result="pass" starttime="Fri Sep 21 16:32:15 CST 2012" endtime="Fri Sep 21 16:32:15 CST 2012" />
              <Test name="test_hashCode$Ljava_lang_Object" result="pass" starttime="Fri Sep 21 16:32:15 CST 2012" endtime="Fri Sep 21 16:32:15 CST 2012" />
              <Test name="test_java_util_Arrays_sort_byte_array_NPE" result="pass" starttime="Fri Sep 21 16:32:15 CST 2012" endtime="Fri Sep 21 16:32:15 CST 2012" />
              <Test name="test_java_util_Arrays_sort_char_array_NPE" result="pass" starttime="Fri Sep 21 16:32:15 CST 2012" endtime="Fri Sep 21 16:32:15 CST 2012" />
              <Test name="test_java_util_Arrays_sort_double_array_NPE" result="pass" starttime="Fri Sep 21 16:32:15 CST 2012" endtime="Fri Sep 21 16:32:15 CST 2012" />
              <Test name="test_java_util_Arrays_sort_float_array_NPE" result="pass" starttime="Fri Sep 21 16:32:15 CST 2012" endtime="Fri Sep 21 16:32:15 CST 2012" />
              <Test name="test_java_util_Arrays_sort_int_array_NPE" result="pass" starttime="Fri Sep 21 16:32:15 CST 2012" endtime="Fri Sep 21 16:32:15 CST 2012" />
              <Test name="test_java_util_Arrays_sort_long_array_NPE" result="pass" starttime="Fri Sep 21 16:32:15 CST 2012" endtime="Fri Sep 21 16:32:16 CST 2012" />
              <Test name="test_java_util_Arrays_sort_object_array_NPE" result="pass" starttime="Fri Sep 21 16:32:16 CST 2012" endtime="Fri Sep 21 16:32:16 CST 2012" />
              <Test name="test_java_util_Arrays_sort_short_array_NPE" result="pass" starttime="Fri Sep 21 16:32:16 CST 2012" endtime="Fri Sep 21 16:32:16 CST 2012" />
              <Test name="test_sort" result="pass" starttime="Fri Sep 21 16:32:16 CST 2012" endtime="Fri Sep 21 16:32:26 CST 2012" />
              <Test name="test_sort$B" result="pass" starttime="Fri Sep 21 16:32:26 CST 2012" endtime="Fri Sep 21 16:32:26 CST 2012" />
              <Test name="test_sort$BII" result="pass" starttime="Fri Sep 21 16:32:26 CST 2012" endtime="Fri Sep 21 16:32:26 CST 2012" />
              <Test name="test_sort$C" result="pass" starttime="Fri Sep 21 16:32:26 CST 2012" endtime="Fri Sep 21 16:32:27 CST 2012" />
              <Test name="test_sort$CII" result="pass" starttime="Fri Sep 21 16:32:27 CST 2012" endtime="Fri Sep 21 16:32:27 CST 2012" />
              <Test name="test_sort$D" result="pass" starttime="Fri Sep 21 16:32:27 CST 2012" endtime="Fri Sep 21 16:32:27 CST 2012" />
              <Test name="test_sort$DII" result="pass" starttime="Fri Sep 21 16:32:27 CST 2012" endtime="Fri Sep 21 16:32:27 CST 2012" />
              <Test name="test_sort$F" result="pass" starttime="Fri Sep 21 16:32:27 CST 2012" endtime="Fri Sep 21 16:32:27 CST 2012" />
              <Test name="test_sort$FII" result="pass" starttime="Fri Sep 21 16:32:27 CST 2012" endtime="Fri Sep 21 16:32:27 CST 2012" />
              <Test name="test_sort$I" result="pass" starttime="Fri Sep 21 16:32:27 CST 2012" endtime="Fri Sep 21 16:32:27 CST 2012" />
              <Test name="test_sort$III" result="pass" starttime="Fri Sep 21 16:32:27 CST 2012" endtime="Fri Sep 21 16:32:27 CST 2012" />
              <Test name="test_sort$J" result="pass" starttime="Fri Sep 21 16:32:27 CST 2012" endtime="Fri Sep 21 16:32:27 CST 2012" />
              <Test name="test_sort$JII" result="pass" starttime="Fri Sep 21 16:32:27 CST 2012" endtime="Fri Sep 21 16:32:27 CST 2012" />
              <Test name="test_sort$Ljava_lang_Object" result="pass" starttime="Fri Sep 21 16:32:27 CST 2012" endtime="Fri Sep 21 16:32:28 CST 2012" />
              <Test name="test_sort$Ljava_lang_ObjectII" result="pass" starttime="Fri Sep 21 16:32:28 CST 2012" endtime="Fri Sep 21 16:32:28 CST 2012" />
              <Test name="test_sort$Ljava_lang_ObjectIILjava_util_Comparator" result="pass" starttime="Fri Sep 21 16:32:28 CST 2012" endtime="Fri Sep 21 16:32:28 CST 2012" />
              <Test name="test_sort$Ljava_lang_ObjectLjava_util_Comparator" result="pass" starttime="Fri Sep 21 16:32:28 CST 2012" endtime="Fri Sep 21 16:32:28 CST 2012" />
              <Test name="test_sort$S" result="pass" starttime="Fri Sep 21 16:32:28 CST 2012" endtime="Fri Sep 21 16:32:28 CST 2012" />
              <Test name="test_sort$SII" result="pass" starttime="Fri Sep 21 16:32:28 CST 2012" endtime="Fri Sep 21 16:32:28 CST 2012" />
            </TestCase>
            <TestCase name="BitSetTest" priority="">
              <Test name="test_111478" result="pass" starttime="Fri Sep 21 16:32:28 CST 2012" endtime="Fri Sep 21 16:32:28 CST 2012" />
              <Test name="test_31036_clear" result="pass" starttime="Fri Sep 21 16:32:28 CST 2012" endtime="Fri Sep 21 16:32:28 CST 2012" />
              <Test name="test_31036_set" result="pass" starttime="Fri Sep 21 16:32:28 CST 2012" endtime="Fri Sep 21 16:32:28 CST 2012" />
              <Test name="test_Constructor" result="pass" starttime="Fri Sep 21 16:32:28 CST 2012" endtime="Fri Sep 21 16:32:28 CST 2012" />
              <Test name="test_ConstructorI" result="pass" starttime="Fri Sep 21 16:32:28 CST 2012" endtime="Fri Sep 21 16:32:29 CST 2012" />
              <Test name="test_andLjava_util_BitSet" result="pass" starttime="Fri Sep 21 16:32:29 CST 2012" endtime="Fri Sep 21 16:32:29 CST 2012" />
              <Test name="test_andNotLjava_util_BitSet" result="pass" starttime="Fri Sep 21 16:32:29 CST 2012" endtime="Fri Sep 21 16:32:29 CST 2012" />
              <Test name="test_cardinality" result="pass" starttime="Fri Sep 21 16:32:29 CST 2012" endtime="Fri Sep 21 16:32:29 CST 2012" />
              <Test name="test_clear" result="pass" starttime="Fri Sep 21 16:32:29 CST 2012" endtime="Fri Sep 21 16:32:29 CST 2012" />
              <Test name="test_clearI" result="pass" starttime="Fri Sep 21 16:32:29 CST 2012" endtime="Fri Sep 21 16:32:29 CST 2012" />
              <Test name="test_clearII" result="pass" starttime="Fri Sep 21 16:32:29 CST 2012" endtime="Fri Sep 21 16:32:29 CST 2012" />
              <Test name="test_clone" result="pass" starttime="Fri Sep 21 16:32:29 CST 2012" endtime="Fri Sep 21 16:32:29 CST 2012" />
              <Test name="test_equalsLjava_lang_Object" result="pass" starttime="Fri Sep 21 16:32:29 CST 2012" endtime="Fri Sep 21 16:32:29 CST 2012" />
              <Test name="test_flipI" result="pass" starttime="Fri Sep 21 16:32:29 CST 2012" endtime="Fri Sep 21 16:32:30 CST 2012" />
              <Test name="test_flipII" result="pass" starttime="Fri Sep 21 16:32:30 CST 2012" endtime="Fri Sep 21 16:32:30 CST 2012" />
              <Test name="test_getI" result="pass" starttime="Fri Sep 21 16:32:30 CST 2012" endtime="Fri Sep 21 16:32:30 CST 2012" />
              <Test name="test_getII" result="pass" starttime="Fri Sep 21 16:32:30 CST 2012" endtime="Fri Sep 21 16:32:30 CST 2012" />
              <Test name="test_hashCode" result="pass" starttime="Fri Sep 21 16:32:30 CST 2012" endtime="Fri Sep 21 16:32:30 CST 2012" />
              <Test name="test_intersectsLjava_util_BitSet" result="pass" starttime="Fri Sep 21 16:32:30 CST 2012" endtime="Fri Sep 21 16:32:30 CST 2012" />
              <Test name="test_isEmpty" result="pass" starttime="Fri Sep 21 16:32:30 CST 2012" endtime="Fri Sep 21 16:32:30 CST 2012" />
              <Test name="test_length" result="pass" starttime="Fri Sep 21 16:32:30 CST 2012" endtime="Fri Sep 21 16:32:30 CST 2012" />
              <Test name="test_nextClearBitI" result="pass" starttime="Fri Sep 21 16:32:30 CST 2012" endtime="Fri Sep 21 16:32:30 CST 2012" />
              <Test name="test_nextSetBitI" result="pass" starttime="Fri Sep 21 16:32:30 CST 2012" endtime="Fri Sep 21 16:32:30 CST 2012" />
              <Test name="test_orLjava_util_BitSet" result="pass" starttime="Fri Sep 21 16:32:31 CST 2012" endtime="Fri Sep 21 16:32:31 CST 2012" />
              <Test name="test_setI" result="pass" starttime="Fri Sep 21 16:32:31 CST 2012" endtime="Fri Sep 21 16:32:31 CST 2012" />
              <Test name="test_setII" result="pass" starttime="Fri Sep 21 16:32:31 CST 2012" endtime="Fri Sep 21 16:32:31 CST 2012" />
              <Test name="test_setIIZ" result="pass" starttime="Fri Sep 21 16:32:31 CST 2012" endtime="Fri Sep 21 16:32:31 CST 2012" />
              <Test name="test_setIZ" result="pass" starttime="Fri Sep 21 16:32:31 CST 2012" endtime="Fri Sep 21 16:32:31 CST 2012" />
              <Test name="test_size" result="pass" starttime="Fri Sep 21 16:32:31 CST 2012" endtime="Fri Sep 21 16:32:31 CST 2012" />
              <Test name="test_toString" result="pass" starttime="Fri Sep 21 16:32:31 CST 2012" endtime="Fri Sep 21 16:32:31 CST 2012" />
              <Test name="test_xorLjava_util_BitSet" result="pass" starttime="Fri Sep 21 16:32:31 CST 2012" endtime="Fri Sep 21 16:32:31 CST 2012" />
            </TestCase>
            <TestCase name="CalendarTest" priority="">
              <Test name="testSerializationSelf" result="pass" starttime="Fri Sep 21 16:32:31 CST 2012" endtime="Fri Sep 21 16:32:31 CST 2012" />
              <Test name="test_before_after" result="pass" starttime="Fri Sep 21 16:32:31 CST 2012" endtime="Fri Sep 21 16:32:32 CST 2012" />
              <Test name="test_clear" result="pass" starttime="Fri Sep 21 16:32:32 CST 2012" endtime="Fri Sep 21 16:32:32 CST 2012" />
              <Test name="test_clone" result="pass" starttime="Fri Sep 21 16:32:32 CST 2012" endtime="Fri Sep 21 16:32:32 CST 2012" />
              <Test name="test_compareToLjava_util_Calendar" result="pass" starttime="Fri Sep 21 16:32:32 CST 2012" endtime="Fri Sep 21 16:32:32 CST 2012" />
              <Test name="test_compareToLjava_util_Calendar_null" result="pass" starttime="Fri Sep 21 16:32:32 CST 2012" endtime="Fri Sep 21 16:32:32 CST 2012" />
              <Test name="test_getActualMaximum_I" result="pass" starttime="Fri Sep 21 16:32:32 CST 2012" endtime="Fri Sep 21 16:32:32 CST 2012" />
              <Test name="test_getActualMinimum_I" result="pass" starttime="Fri Sep 21 16:32:32 CST 2012" endtime="Fri Sep 21 16:32:32 CST 2012" />
              <Test name="test_getAvailableLocales" result="pass" starttime="Fri Sep 21 16:32:32 CST 2012" endtime="Fri Sep 21 16:32:32 CST 2012" />
              <Test name="test_getDisplayNameIILjava_util_Locale" result="pass" starttime="Fri Sep 21 16:32:32 CST 2012" endtime="Fri Sep 21 16:32:32 CST 2012" />
              <Test name="test_getDisplayNamesIILjava_util_Locale" result="pass" starttime="Fri Sep 21 16:32:32 CST 2012" endtime="Fri Sep 21 16:32:33 CST 2012" />
              <Test name="test_getInstance" result="pass" starttime="Fri Sep 21 16:32:33 CST 2012" endtime="Fri Sep 21 16:32:33 CST 2012" />
              <Test name="test_getTimeInMillis" result="pass" starttime="Fri Sep 21 16:32:33 CST 2012" endtime="Fri Sep 21 16:32:33 CST 2012" />
              <Test name="test_hashcode" result="pass" starttime="Fri Sep 21 16:32:33 CST 2012" endtime="Fri Sep 21 16:32:33 CST 2012" />
              <Test name="test_internalGet" result="pass" starttime="Fri Sep 21 16:32:33 CST 2012" endtime="Fri Sep 21 16:32:33 CST 2012" />
              <Test name="test_isSet" result="pass" starttime="Fri Sep 21 16:32:33 CST 2012" endtime="Fri Sep 21 16:32:33 CST 2012" />
              <Test name="test_roll" result="pass" starttime="Fri Sep 21 16:32:33 CST 2012" endtime="Fri Sep 21 16:32:33 CST 2012" />
              <Test name="test_setII" result="pass" starttime="Fri Sep 21 16:32:33 CST 2012" endtime="Fri Sep 21 16:32:33 CST 2012" />
              <Test name="test_setTimeLjava_util_Date" result="pass" starttime="Fri Sep 21 16:32:33 CST 2012" endtime="Fri Sep 21 16:32:33 CST 2012" />
              <Test name="test_toString" result="pass" starttime="Fri Sep 21 16:32:33 CST 2012" endtime="Fri Sep 21 16:32:33 CST 2012" />
            </TestCase>
            <TestCase name="CollectionsTest" priority="">
              <Test name="testShuffleRandomAccessWithSeededRandom" result="pass" starttime="Fri Sep 21 16:32:33 CST 2012" endtime="Fri Sep 21 16:32:34 CST 2012" />
              <Test name="testShuffleWithSeededRandom" result="pass" starttime="Fri Sep 21 16:32:34 CST 2012" endtime="Fri Sep 21 16:32:34 CST 2012" />
              <Test name="test_binarySearchLjava_util_ListLjava_lang_Object" result="pass" starttime="Fri Sep 21 16:32:34 CST 2012" endtime="Fri Sep 21 16:32:34 CST 2012" />
              <Test name="test_binarySearchLjava_util_ListLjava_lang_ObjectLjava_util_Comparator" result="pass" starttime="Fri Sep 21 16:32:34 CST 2012" endtime="Fri Sep 21 16:32:34 CST 2012" />
              <Test name="test_copyLjava_util_ListLjava_util_List" result="pass" starttime="Fri Sep 21 16:32:34 CST 2012" endtime="Fri Sep 21 16:32:34 CST 2012" />
              <Test name="test_copy_check_index" result="pass" starttime="Fri Sep 21 16:32:34 CST 2012" endtime="Fri Sep 21 16:32:34 CST 2012" />
              <Test name="test_enumerationLjava_util_Collection" result="pass" starttime="Fri Sep 21 16:32:34 CST 2012" endtime="Fri Sep 21 16:32:35 CST 2012" />
              <Test name="test_fillLjava_util_ListLjava_lang_Object" result="pass" starttime="Fri Sep 21 16:32:35 CST 2012" endtime="Fri Sep 21 16:32:35 CST 2012" />
              <Test name="test_indexOfSubList2" result="pass" starttime="Fri Sep 21 16:32:35 CST 2012" endtime="Fri Sep 21 16:32:35 CST 2012" />
              <Test name="test_indexOfSubListLjava_util_ListLjava_util_List" result="pass" starttime="Fri Sep 21 16:32:35 CST 2012" endtime="Fri Sep 21 16:32:35 CST 2012" />
              <Test name="test_lastIndexOfSubList2" result="pass" starttime="Fri Sep 21 16:32:35 CST 2012" endtime="Fri Sep 21 16:32:35 CST 2012" />
              <Test name="test_lastIndexOfSubListLjava_util_ListLjava_util_List" result="pass" starttime="Fri Sep 21 16:32:35 CST 2012" endtime="Fri Sep 21 16:32:35 CST 2012" />
              <Test name="test_listLjava_util_Enumeration" result="pass" starttime="Fri Sep 21 16:32:35 CST 2012" endtime="Fri Sep 21 16:32:35 CST 2012" />
              <Test name="test_maxLjava_util_Collection" result="pass" starttime="Fri Sep 21 16:32:35 CST 2012" endtime="Fri Sep 21 16:32:35 CST 2012" />
              <Test name="test_maxLjava_util_CollectionLjava_util_Comparator" result="pass" starttime="Fri Sep 21 16:32:35 CST 2012" endtime="Fri Sep 21 16:32:35 CST 2012" />
              <Test name="test_minLjava_util_Collection" result="pass" starttime="Fri Sep 21 16:32:35 CST 2012" endtime="Fri Sep 21 16:32:36 CST 2012" />
              <Test name="test_minLjava_util_CollectionLjava_util_Comparator" result="pass" starttime="Fri Sep 21 16:32:36 CST 2012" endtime="Fri Sep 21 16:32:36 CST 2012" />
              <Test name="test_nCopiesILjava_lang_Object" result="pass" starttime="Fri Sep 21 16:32:36 CST 2012" endtime="Fri Sep 21 16:32:36 CST 2012" />
              <Test name="test_replaceAllLjava_util_ListLjava_lang_ObjectLjava_lang_Object" result="pass" starttime="Fri Sep 21 16:32:36 CST 2012" endtime="Fri Sep 21 16:32:36 CST 2012" />
              <Test name="test_reverseLjava_util_List" result="pass" starttime="Fri Sep 21 16:32:36 CST 2012" endtime="Fri Sep 21 16:32:36 CST 2012" />
              <Test name="test_reverseOrder" result="pass" starttime="Fri Sep 21 16:32:36 CST 2012" endtime="Fri Sep 21 16:32:36 CST 2012" />
              <Test name="test_rotate2" result="pass" starttime="Fri Sep 21 16:32:36 CST 2012" endtime="Fri Sep 21 16:32:36 CST 2012" />
              <Test name="test_rotateLjava_util_ListI" result="pass" starttime="Fri Sep 21 16:32:36 CST 2012" endtime="Fri Sep 21 16:32:36 CST 2012" />
              <Test name="test_shuffleLjava_util_List" result="pass" starttime="Fri Sep 21 16:32:36 CST 2012" endtime="Fri Sep 21 16:32:36 CST 2012" />
              <Test name="test_shuffleLjava_util_ListLjava_util_Random" result="pass" starttime="Fri Sep 21 16:32:36 CST 2012" endtime="Fri Sep 21 16:32:36 CST 2012" />
              <Test name="test_singletonListLjava_lang_Object" result="pass" starttime="Fri Sep 21 16:32:36 CST 2012" endtime="Fri Sep 21 16:32:37 CST 2012" />
              <Test name="test_singletonLjava_lang_Object" result="pass" starttime="Fri Sep 21 16:32:37 CST 2012" endtime="Fri Sep 21 16:32:37 CST 2012" />
              <Test name="test_singletonMapLjava_lang_Object" result="pass" starttime="Fri Sep 21 16:32:37 CST 2012" endtime="Fri Sep 21 16:32:37 CST 2012" />
              <Test name="test_sortLjava_util_List" result="pass" starttime="Fri Sep 21 16:32:37 CST 2012" endtime="Fri Sep 21 16:32:37 CST 2012" />
              <Test name="test_sortLjava_util_ListLjava_util_Comparator" result="pass" starttime="Fri Sep 21 16:32:37 CST 2012" endtime="Fri Sep 21 16:32:37 CST 2012" />
              <Test name="test_swapLjava_util_ListII" result="pass" starttime="Fri Sep 21 16:32:37 CST 2012" endtime="Fri Sep 21 16:32:37 CST 2012" />
              <Test name="test_synchronizedCollectionLjava_util_Collection" result="pass" starttime="Fri Sep 21 16:32:37 CST 2012" endtime="Fri Sep 21 16:32:37 CST 2012" />
              <Test name="test_synchronizedListLjava_util_List" result="pass" starttime="Fri Sep 21 16:32:37 CST 2012" endtime="Fri Sep 21 16:32:38 CST 2012" />
              <Test name="test_synchronizedMapLjava_util_Map" result="pass" starttime="Fri Sep 21 16:32:38 CST 2012" endtime="Fri Sep 21 16:32:38 CST 2012" />
              <Test name="test_synchronizedSetLjava_util_Set" result="pass" starttime="Fri Sep 21 16:32:38 CST 2012" endtime="Fri Sep 21 16:32:38 CST 2012" />
              <Test name="test_synchronizedSortedMapLjava_util_SortedMap" result="pass" starttime="Fri Sep 21 16:32:38 CST 2012" endtime="Fri Sep 21 16:32:38 CST 2012" />
              <Test name="test_synchronizedSortedSetLjava_util_SortedSet" result="pass" starttime="Fri Sep 21 16:32:38 CST 2012" endtime="Fri Sep 21 16:32:38 CST 2012" />
              <Test name="test_unmodifiableCollectionLjava_util_Collection" result="pass" starttime="Fri Sep 21 16:32:38 CST 2012" endtime="Fri Sep 21 16:32:38 CST 2012" />
              <Test name="test_unmodifiableListLjava_util_List" result="pass" starttime="Fri Sep 21 16:32:38 CST 2012" endtime="Fri Sep 21 16:32:38 CST 2012" />
              <Test name="test_unmodifiableMapLjava_util_Map" result="pass" starttime="Fri Sep 21 16:32:38 CST 2012" endtime="Fri Sep 21 16:32:39 CST 2012" />
              <Test name="test_unmodifiableSetLjava_util_Set" result="pass" starttime="Fri Sep 21 16:32:39 CST 2012" endtime="Fri Sep 21 16:32:39 CST 2012" />
              <Test name="test_unmodifiableSortedMapLjava_util_SortedMap" result="pass" starttime="Fri Sep 21 16:32:39 CST 2012" endtime="Fri Sep 21 16:32:39 CST 2012" />
              <Test name="test_unmodifiableSortedSetLjava_util_SortedSet" result="pass" starttime="Fri Sep 21 16:32:39 CST 2012" endtime="Fri Sep 21 16:32:39 CST 2012" />
              <Test name="test_unmodifiable_toString_methods" result="pass" starttime="Fri Sep 21 16:32:39 CST 2012" endtime="Fri Sep 21 16:32:39 CST 2012" />
            </TestCase>
            <TestCase name="ConcurrentModTest" priority="">
              <Test name="testAdd" result="pass" starttime="Fri Sep 21 16:32:39 CST 2012" endtime="Fri Sep 21 16:32:39 CST 2012" />
              <Test name="testAddAll" result="pass" starttime="Fri Sep 21 16:32:39 CST 2012" endtime="Fri Sep 21 16:32:39 CST 2012" />
              <Test name="testGet" result="pass" starttime="Fri Sep 21 16:32:39 CST 2012" endtime="Fri Sep 21 16:32:39 CST 2012" />
              <Test name="testRemove" result="pass" starttime="Fri Sep 21 16:32:39 CST 2012" endtime="Fri Sep 21 16:32:39 CST 2012" />
              <Test name="testSet" result="pass" starttime="Fri Sep 21 16:32:39 CST 2012" endtime="Fri Sep 21 16:32:40 CST 2012" />
              <Test name="test_addAllILjava_util_Collection" result="pass" starttime="Fri Sep 21 16:32:40 CST 2012" endtime="Fri Sep 21 16:32:40 CST 2012" />
              <Test name="test_addILjava_lang_Object" result="pass" starttime="Fri Sep 21 16:32:40 CST 2012" endtime="Fri Sep 21 16:32:40 CST 2012" />
              <Test name="test_addLjava_lang_Object" result="pass" starttime="Fri Sep 21 16:32:40 CST 2012" endtime="Fri Sep 21 16:32:40 CST 2012" />
              <Test name="test_clear" result="pass" starttime="Fri Sep 21 16:32:40 CST 2012" endtime="Fri Sep 21 16:32:40 CST 2012" />
              <Test name="test_equalsLjava_lang_Object" result="pass" starttime="Fri Sep 21 16:32:40 CST 2012" endtime="Fri Sep 21 16:32:40 CST 2012" />
              <Test name="test_removeRangeII" result="pass" starttime="Fri Sep 21 16:32:40 CST 2012" endtime="Fri Sep 21 16:32:40 CST 2012" />
              <Test name="test_setILjava_lang_Object" result="pass" starttime="Fri Sep 21 16:32:40 CST 2012" endtime="Fri Sep 21 16:32:40 CST 2012" />
            </TestCase>
            <TestCase name="ConcurrentModificationExceptionTest" priority="">
              <Test name="test_Constructor" result="pass" starttime="Fri Sep 21 16:32:40 CST 2012" endtime="Fri Sep 21 16:32:40 CST 2012" />
              <Test name="test_ConstructorLjava_lang_String" result="pass" starttime="Fri Sep 21 16:32:40 CST 2012" endtime="Fri Sep 21 16:32:41 CST 2012" />
            </TestCase>
            <TestCase name="CurrencyTest" priority="">
              <Test name="test_getCurrencyCode" result="pass" starttime="Fri Sep 21 16:32:41 CST 2012" endtime="Fri Sep 21 16:32:41 CST 2012" />
              <Test name="test_getDefaultFractionDigits" result="pass" starttime="Fri Sep 21 16:32:41 CST 2012" endtime="Fri Sep 21 16:32:41 CST 2012" />
              <Test name="test_getInstanceLjava_lang_String" result="pass" starttime="Fri Sep 21 16:32:41 CST 2012" endtime="Fri Sep 21 16:32:41 CST 2012" />
              <Test name="test_getInstanceLjava_util_Locale" result="pass" starttime="Fri Sep 21 16:32:41 CST 2012" endtime="Fri Sep 21 16:32:41 CST 2012" />
              <Test name="test_getSymbol" result="pass" starttime="Fri Sep 21 16:32:41 CST 2012" endtime="Fri Sep 21 16:32:41 CST 2012" />
              <Test name="test_getSymbolLjava_util_Locale" result="pass" starttime="Fri Sep 21 16:32:41 CST 2012" endtime="Fri Sep 21 16:32:41 CST 2012" />
              <Test name="test_toString" result="pass" starttime="Fri Sep 21 16:32:41 CST 2012" endtime="Fri Sep 21 16:32:41 CST 2012" />
            </TestCase>
            <TestCase name="DateTest" priority="">
              <Test name="test_Constructor" result="pass" starttime="Fri Sep 21 16:32:41 CST 2012" endtime="Fri Sep 21 16:32:41 CST 2012" />
              <Test name="test_ConstructorIII" result="pass" starttime="Fri Sep 21 16:32:41 CST 2012" endtime="Fri Sep 21 16:32:42 CST 2012" />
              <Test name="test_ConstructorIIIII" result="pass" starttime="Fri Sep 21 16:32:42 CST 2012" endtime="Fri Sep 21 16:32:42 CST 2012" />
              <Test name="test_ConstructorIIIIII" result="pass" starttime="Fri Sep 21 16:32:42 CST 2012" endtime="Fri Sep 21 16:32:42 CST 2012" />
              <Test name="test_ConstructorJ" result="pass" starttime="Fri Sep 21 16:32:42 CST 2012" endtime="Fri Sep 21 16:32:42 CST 2012" />
              <Test name="test_ConstructorLjava_lang_String" result="pass" starttime="Fri Sep 21 16:32:42 CST 2012" endtime="Fri Sep 21 16:32:42 CST 2012" />
              <Test name="test_UTCIIIIII" result="pass" starttime="Fri Sep 21 16:32:42 CST 2012" endtime="Fri Sep 21 16:32:42 CST 2012" />
              <Test name="test_afterLjava_util_Date" result="pass" starttime="Fri Sep 21 16:32:42 CST 2012" endtime="Fri Sep 21 16:32:42 CST 2012" />
              <Test name="test_beforeLjava_util_Date" result="pass" starttime="Fri Sep 21 16:32:42 CST 2012" endtime="Fri Sep 21 16:32:43 CST 2012" />
              <Test name="test_clone" result="pass" starttime="Fri Sep 21 16:32:43 CST 2012" endtime="Fri Sep 21 16:32:43 CST 2012" />
              <Test name="test_compareToLjava_util_Date" result="pass" starttime="Fri Sep 21 16:32:43 CST 2012" endtime="Fri Sep 21 16:32:43 CST 2012" />
              <Test name="test_equalsLjava_lang_Object" result="pass" starttime="Fri Sep 21 16:32:43 CST 2012" endtime="Fri Sep 21 16:32:43 CST 2012" />
              <Test name="test_getDate" result="pass" starttime="Fri Sep 21 16:32:43 CST 2012" endtime="Fri Sep 21 16:32:43 CST 2012" />
              <Test name="test_getDay" result="pass" starttime="Fri Sep 21 16:32:43 CST 2012" endtime="Fri Sep 21 16:32:43 CST 2012" />
              <Test name="test_getHours" result="pass" starttime="Fri Sep 21 16:32:43 CST 2012" endtime="Fri Sep 21 16:32:43 CST 2012" />
              <Test name="test_getMinutes" result="pass" starttime="Fri Sep 21 16:32:43 CST 2012" endtime="Fri Sep 21 16:32:43 CST 2012" />
              <Test name="test_getMonth" result="pass" starttime="Fri Sep 21 16:32:43 CST 2012" endtime="Fri Sep 21 16:32:43 CST 2012" />
              <Test name="test_getSeconds" result="pass" starttime="Fri Sep 21 16:32:43 CST 2012" endtime="Fri Sep 21 16:32:44 CST 2012" />
              <Test name="test_getTime" result="pass" starttime="Fri Sep 21 16:32:44 CST 2012" endtime="Fri Sep 21 16:32:44 CST 2012" />
              <Test name="test_getTimezoneOffset" result="pass" starttime="Fri Sep 21 16:32:44 CST 2012" endtime="Fri Sep 21 16:32:44 CST 2012" />
              <Test name="test_getYear" result="pass" starttime="Fri Sep 21 16:32:44 CST 2012" endtime="Fri Sep 21 16:32:44 CST 2012" />
              <Test name="test_hashCode" result="pass" starttime="Fri Sep 21 16:32:44 CST 2012" endtime="Fri Sep 21 16:32:44 CST 2012" />
              <Test name="test_parseLjava_lang_String" result="pass" starttime="Fri Sep 21 16:32:44 CST 2012" endtime="Fri Sep 21 16:32:44 CST 2012" />
              <Test name="test_setDateI" result="pass" starttime="Fri Sep 21 16:32:44 CST 2012" endtime="Fri Sep 21 16:32:44 CST 2012" />
              <Test name="test_setHoursI" result="pass" starttime="Fri Sep 21 16:32:44 CST 2012" endtime="Fri Sep 21 16:32:44 CST 2012" />
              <Test name="test_setMinutesI" result="pass" starttime="Fri Sep 21 16:32:44 CST 2012" endtime="Fri Sep 21 16:32:45 CST 2012" />
              <Test name="test_setMonthI" result="pass" starttime="Fri Sep 21 16:32:45 CST 2012" endtime="Fri Sep 21 16:32:45 CST 2012" />
              <Test name="test_setSecondsI" result="pass" starttime="Fri Sep 21 16:32:45 CST 2012" endtime="Fri Sep 21 16:32:45 CST 2012" />
              <Test name="test_setTimeJ" result="pass" starttime="Fri Sep 21 16:32:45 CST 2012" endtime="Fri Sep 21 16:32:45 CST 2012" />
              <Test name="test_setYearI" result="pass" starttime="Fri Sep 21 16:32:45 CST 2012" endtime="Fri Sep 21 16:32:45 CST 2012" />
              <Test name="test_toGMTString" result="pass" starttime="Fri Sep 21 16:32:45 CST 2012" endtime="Fri Sep 21 16:32:45 CST 2012" />
              <Test name="test_toLocaleString" result="pass" starttime="Fri Sep 21 16:32:45 CST 2012" endtime="Fri Sep 21 16:32:45 CST 2012" />
              <Test name="test_toString" result="pass" starttime="Fri Sep 21 16:32:45 CST 2012" endtime="Fri Sep 21 16:32:45 CST 2012" />
            </TestCase>
            <TestCase name="EmptyStackExceptionTest" priority="">
              <Test name="test_Constructor" result="pass" starttime="Fri Sep 21 16:32:45 CST 2012" endtime="Fri Sep 21 16:32:46 CST 2012" />
            </TestCase>
            <TestCase name="EnumMapTest" priority="">
              <Test name="testSerializationCompatibility" result="pass" starttime="Fri Sep 21 16:32:46 CST 2012" endtime="Fri Sep 21 16:32:46 CST 2012" />
              <Test name="testSerializationSelf" result="pass" starttime="Fri Sep 21 16:32:46 CST 2012" endtime="Fri Sep 21 16:32:46 CST 2012" />
              <Test name="test_ConstructorLjava_lang_Class" result="pass" starttime="Fri Sep 21 16:32:46 CST 2012" endtime="Fri Sep 21 16:32:46 CST 2012" />
              <Test name="test_ConstructorLjava_util_EnumMap" result="pass" starttime="Fri Sep 21 16:32:46 CST 2012" endtime="Fri Sep 21 16:32:46 CST 2012" />
              <Test name="test_ConstructorLjava_util_Map" result="pass" starttime="Fri Sep 21 16:32:46 CST 2012" endtime="Fri Sep 21 16:32:46 CST 2012" />
              <Test name="test_clear" result="pass" starttime="Fri Sep 21 16:32:46 CST 2012" endtime="Fri Sep 21 16:32:46 CST 2012" />
              <Test name="test_clone" result="pass" starttime="Fri Sep 21 16:32:46 CST 2012" endtime="Fri Sep 21 16:32:46 CST 2012" />
              <Test name="test_containsKeyLjava_lang_Object" result="pass" starttime="Fri Sep 21 16:32:46 CST 2012" endtime="Fri Sep 21 16:32:47 CST 2012" />
              <Test name="test_containsValueLjava_lang_Object" result="pass" starttime="Fri Sep 21 16:32:47 CST 2012" endtime="Fri Sep 21 16:32:47 CST 2012" />
              <Test name="test_entrySet" result="pass" starttime="Fri Sep 21 16:32:47 CST 2012" endtime="Fri Sep 21 16:32:47 CST 2012" />
              <Test name="test_equalsLjava_lang_Object" result="pass" starttime="Fri Sep 21 16:32:47 CST 2012" endtime="Fri Sep 21 16:32:47 CST 2012" />
              <Test name="test_getLjava_lang_Object" result="pass" starttime="Fri Sep 21 16:32:47 CST 2012" endtime="Fri Sep 21 16:32:47 CST 2012" />
              <Test name="test_keySet" result="pass" starttime="Fri Sep 21 16:32:47 CST 2012" endtime="Fri Sep 21 16:32:47 CST 2012" />
              <Test name="test_putAllLjava_util_Map" result="pass" starttime="Fri Sep 21 16:32:47 CST 2012" endtime="Fri Sep 21 16:32:47 CST 2012" />
              <Test name="test_putLjava_lang_ObjectLjava_lang_Object" result="pass" starttime="Fri Sep 21 16:32:47 CST 2012" endtime="Fri Sep 21 16:32:47 CST 2012" />
              <Test name="test_removeLjava_lang_Object" result="pass" starttime="Fri Sep 21 16:32:47 CST 2012" endtime="Fri Sep 21 16:32:47 CST 2012" />
              <Test name="test_size" result="pass" starttime="Fri Sep 21 16:32:47 CST 2012" endtime="Fri Sep 21 16:32:48 CST 2012" />
              <Test name="test_values" result="pass" starttime="Fri Sep 21 16:32:48 CST 2012" endtime="Fri Sep 21 16:32:48 CST 2012" />
            </TestCase>
            <TestCase name="EnumSetTest" priority="">
              <Test name="testRemoveIteratorRemoveFromHugeEnumSet" result="pass" starttime="Fri Sep 21 16:32:48 CST 2012" endtime="Fri Sep 21 16:32:48 CST 2012" />
              <Test name="testSerializationCompatibility" result="pass" starttime="Fri Sep 21 16:32:48 CST 2012" endtime="Fri Sep 21 16:32:48 CST 2012" />
              <Test name="test_AllOf_LClass" result="pass" starttime="Fri Sep 21 16:32:48 CST 2012" endtime="Fri Sep 21 16:32:48 CST 2012" />
              <Test name="test_Clone" result="pass" starttime="Fri Sep 21 16:32:48 CST 2012" endtime="Fri Sep 21 16:32:48 CST 2012" />
              <Test name="test_ComplementOf_LEnumSet" result="pass" starttime="Fri Sep 21 16:32:48 CST 2012" endtime="Fri Sep 21 16:32:48 CST 2012" />
              <Test name="test_CopyOf_LCollection" result="pass" starttime="Fri Sep 21 16:32:48 CST 2012" endtime="Fri Sep 21 16:32:48 CST 2012" />
              <Test name="test_CopyOf_LEnumSet" result="pass" starttime="Fri Sep 21 16:32:48 CST 2012" endtime="Fri Sep 21 16:32:49 CST 2012" />
              <Test name="test_NoneOf_LClass" result="pass" starttime="Fri Sep 21 16:32:49 CST 2012" endtime="Fri Sep 21 16:32:49 CST 2012" />
              <Test name="test_Of_E" result="pass" starttime="Fri Sep 21 16:32:49 CST 2012" endtime="Fri Sep 21 16:32:49 CST 2012" />
              <Test name="test_Of_EE" result="pass" starttime="Fri Sep 21 16:32:49 CST 2012" endtime="Fri Sep 21 16:32:49 CST 2012" />
              <Test name="test_Of_EEArray" result="pass" starttime="Fri Sep 21 16:32:49 CST 2012" endtime="Fri Sep 21 16:32:49 CST 2012" />
              <Test name="test_Of_EEE" result="pass" starttime="Fri Sep 21 16:32:49 CST 2012" endtime="Fri Sep 21 16:32:49 CST 2012" />
              <Test name="test_Of_EEEE" result="pass" starttime="Fri Sep 21 16:32:49 CST 2012" endtime="Fri Sep 21 16:32:49 CST 2012" />
              <Test name="test_Of_EEEEE" result="pass" starttime="Fri Sep 21 16:32:49 CST 2012" endtime="Fri Sep 21 16:32:49 CST 2012" />
              <Test name="test_Range_EE" result="pass" starttime="Fri Sep 21 16:32:49 CST 2012" endtime="Fri Sep 21 16:32:50 CST 2012" />
              <Test name="test_addAll_LCollection" result="pass" starttime="Fri Sep 21 16:32:50 CST 2012" endtime="Fri Sep 21 16:32:50 CST 2012" />
              <Test name="test_add_E" result="pass" starttime="Fri Sep 21 16:32:50 CST 2012" endtime="Fri Sep 21 16:32:50 CST 2012" />
              <Test name="test_clear" result="pass" starttime="Fri Sep 21 16:32:50 CST 2012" endtime="Fri Sep 21 16:32:50 CST 2012" />
              <Test name="test_containsAll_LCollection" result="pass" starttime="Fri Sep 21 16:32:50 CST 2012" endtime="Fri Sep 21 16:32:50 CST 2012" />
              <Test name="test_contains_LObject" result="pass" starttime="Fri Sep 21 16:32:50 CST 2012" endtime="Fri Sep 21 16:32:50 CST 2012" />
              <Test name="test_equals_LObject" result="pass" starttime="Fri Sep 21 16:32:50 CST 2012" endtime="Fri Sep 21 16:32:50 CST 2012" />
              <Test name="test_iterator" result="pass" starttime="Fri Sep 21 16:32:50 CST 2012" endtime="Fri Sep 21 16:32:50 CST 2012" />
              <Test name="test_iterator_HugeEnumSet" result="pass" starttime="Fri Sep 21 16:32:50 CST 2012" endtime="Fri Sep 21 16:32:51 CST 2012" />
              <Test name="test_removeAll_LCollection" result="pass" starttime="Fri Sep 21 16:32:51 CST 2012" endtime="Fri Sep 21 16:32:51 CST 2012" />
              <Test name="test_remove_LOject" result="pass" starttime="Fri Sep 21 16:32:51 CST 2012" endtime="Fri Sep 21 16:32:51 CST 2012" />
              <Test name="test_retainAll_LCollection" result="pass" starttime="Fri Sep 21 16:32:51 CST 2012" endtime="Fri Sep 21 16:32:51 CST 2012" />
              <Test name="test_serialization" result="pass" starttime="Fri Sep 21 16:32:51 CST 2012" endtime="Fri Sep 21 16:32:51 CST 2012" />
              <Test name="test_size" result="pass" starttime="Fri Sep 21 16:32:51 CST 2012" endtime="Fri Sep 21 16:32:51 CST 2012" />
            </TestCase>
            <TestCase name="FormattableFlagsTest" priority="">
              <Test name="test_ConstantFieldValues" result="pass" starttime="Fri Sep 21 16:32:51 CST 2012" endtime="Fri Sep 21 16:32:51 CST 2012" />
            </TestCase>
            <TestCase name="HashMapTest" priority="">
              <Test name="test_Constructor" result="pass" starttime="Fri Sep 21 16:32:51 CST 2012" endtime="Fri Sep 21 16:32:51 CST 2012" />
              <Test name="test_ConstructorI" result="pass" starttime="Fri Sep 21 16:32:51 CST 2012" endtime="Fri Sep 21 16:32:51 CST 2012" />
              <Test name="test_ConstructorIF" result="pass" starttime="Fri Sep 21 16:32:51 CST 2012" endtime="Fri Sep 21 16:32:52 CST 2012" />
              <Test name="test_ConstructorLjava_util_Map" result="pass" starttime="Fri Sep 21 16:32:52 CST 2012" endtime="Fri Sep 21 16:32:52 CST 2012" />
              <Test name="test_Map_Entry_hashCode" result="pass" starttime="Fri Sep 21 16:32:52 CST 2012" endtime="Fri Sep 21 16:32:52 CST 2012" />
              <Test name="test_clear" result="pass" starttime="Fri Sep 21 16:32:52 CST 2012" endtime="Fri Sep 21 16:32:52 CST 2012" />
              <Test name="test_clone" result="pass" starttime="Fri Sep 21 16:32:52 CST 2012" endtime="Fri Sep 21 16:32:52 CST 2012" />
              <Test name="test_containsKeyLjava_lang_Object" result="pass" starttime="Fri Sep 21 16:32:52 CST 2012" endtime="Fri Sep 21 16:32:52 CST 2012" />
              <Test name="test_containsValueLjava_lang_Object" result="pass" starttime="Fri Sep 21 16:32:52 CST 2012" endtime="Fri Sep 21 16:32:52 CST 2012" />
              <Test name="test_entrySet" result="pass" starttime="Fri Sep 21 16:32:52 CST 2012" endtime="Fri Sep 21 16:32:52 CST 2012" />
              <Test name="test_entrySetEquals" result="pass" starttime="Fri Sep 21 16:32:52 CST 2012" endtime="Fri Sep 21 16:32:52 CST 2012" />
              <Test name="test_getLjava_lang_Object" result="pass" starttime="Fri Sep 21 16:32:52 CST 2012" endtime="Fri Sep 21 16:32:52 CST 2012" />
              <Test name="test_isEmpty" result="pass" starttime="Fri Sep 21 16:32:52 CST 2012" endtime="Fri Sep 21 16:32:53 CST 2012" />
              <Test name="test_keySet" result="pass" starttime="Fri Sep 21 16:32:53 CST 2012" endtime="Fri Sep 21 16:32:53 CST 2012" />
              <Test name="test_putAllLjava_util_Map" result="pass" starttime="Fri Sep 21 16:32:53 CST 2012" endtime="Fri Sep 21 16:32:53 CST 2012" />
              <Test name="test_putAllLjava_util_Map_Null" result="pass" starttime="Fri Sep 21 16:32:53 CST 2012" endtime="Fri Sep 21 16:32:53 CST 2012" />
              <Test name="test_putAllLjava_util_Map_Resize" result="pass" starttime="Fri Sep 21 16:32:53 CST 2012" endtime="Fri Sep 21 16:32:53 CST 2012" />
              <Test name="test_putLjava_lang_ObjectLjava_lang_Object" result="pass" starttime="Fri Sep 21 16:32:53 CST 2012" endtime="Fri Sep 21 16:32:53 CST 2012" />
              <Test name="test_removeFromViews" result="pass" starttime="Fri Sep 21 16:32:53 CST 2012" endtime="Fri Sep 21 16:32:53 CST 2012" />
              <Test name="test_removeLjava_lang_Object" result="pass" starttime="Fri Sep 21 16:32:53 CST 2012" endtime="Fri Sep 21 16:32:54 CST 2012" />
              <Test name="test_size" result="pass" starttime="Fri Sep 21 16:32:54 CST 2012" endtime="Fri Sep 21 16:32:54 CST 2012" />
              <Test name="test_values" result="pass" starttime="Fri Sep 21 16:32:54 CST 2012" endtime="Fri Sep 21 16:32:54 CST 2012" />
            </TestCase>
            <TestCase name="HashSetTest" priority="">
              <Test name="test_Constructor" result="pass" starttime="Fri Sep 21 16:32:54 CST 2012" endtime="Fri Sep 21 16:32:54 CST 2012" />
              <Test name="test_ConstructorI" result="pass" starttime="Fri Sep 21 16:32:54 CST 2012" endtime="Fri Sep 21 16:32:54 CST 2012" />
              <Test name="test_ConstructorIF" result="pass" starttime="Fri Sep 21 16:32:54 CST 2012" endtime="Fri Sep 21 16:32:54 CST 2012" />
              <Test name="test_ConstructorLjava_util_Collection" result="pass" starttime="Fri Sep 21 16:32:54 CST 2012" endtime="Fri Sep 21 16:32:54 CST 2012" />
              <Test name="test_Serialization" result="pass" starttime="Fri Sep 21 16:32:54 CST 2012" endtime="Fri Sep 21 16:32:54 CST 2012" />
              <Test name="test_addLjava_lang_Object" result="pass" starttime="Fri Sep 21 16:32:54 CST 2012" endtime="Fri Sep 21 16:32:54 CST 2012" />
              <Test name="test_clear" result="pass" starttime="Fri Sep 21 16:32:54 CST 2012" endtime="Fri Sep 21 16:32:55 CST 2012" />
              <Test name="test_clone" result="pass" starttime="Fri Sep 21 16:32:55 CST 2012" endtime="Fri Sep 21 16:32:55 CST 2012" />
              <Test name="test_containsLjava_lang_Object" result="pass" starttime="Fri Sep 21 16:32:55 CST 2012" endtime="Fri Sep 21 16:32:55 CST 2012" />
              <Test name="test_isEmpty" result="pass" starttime="Fri Sep 21 16:32:55 CST 2012" endtime="Fri Sep 21 16:32:55 CST 2012" />
              <Test name="test_iterator" result="pass" starttime="Fri Sep 21 16:32:55 CST 2012" endtime="Fri Sep 21 16:32:55 CST 2012" />
              <Test name="test_removeLjava_lang_Object" result="pass" starttime="Fri Sep 21 16:32:55 CST 2012" endtime="Fri Sep 21 16:32:55 CST 2012" />
              <Test name="test_size" result="pass" starttime="Fri Sep 21 16:32:55 CST 2012" endtime="Fri Sep 21 16:32:55 CST 2012" />
            </TestCase>
            <TestCase name="HashtableTest" priority="">
              <Test name="test_Constructor" result="pass" starttime="Fri Sep 21 16:32:55 CST 2012" endtime="Fri Sep 21 16:32:55 CST 2012" />
              <Test name="test_ConstructorI" result="pass" starttime="Fri Sep 21 16:32:55 CST 2012" endtime="Fri Sep 21 16:32:55 CST 2012" />
              <Test name="test_ConstructorIF" result="pass" starttime="Fri Sep 21 16:32:55 CST 2012" endtime="Fri Sep 21 16:32:55 CST 2012" />
              <Test name="test_ConstructorLjava_util_Map" result="pass" starttime="Fri Sep 21 16:32:55 CST 2012" endtime="Fri Sep 21 16:32:56 CST 2012" />
              <Test name="test_ConversionConstructorNullValue" result="pass" starttime="Fri Sep 21 16:32:56 CST 2012" endtime="Fri Sep 21 16:32:56 CST 2012" />
              <Test name="test_clear" result="pass" starttime="Fri Sep 21 16:32:56 CST 2012" endtime="Fri Sep 21 16:32:56 CST 2012" />
              <Test name="test_clone" result="pass" starttime="Fri Sep 21 16:32:56 CST 2012" endtime="Fri Sep 21 16:32:56 CST 2012" />
              <Test name="test_containsKeyLjava_lang_Object" result="pass" starttime="Fri Sep 21 16:32:56 CST 2012" endtime="Fri Sep 21 16:32:56 CST 2012" />
              <Test name="test_containsLjava_lang_Object" result="pass" starttime="Fri Sep 21 16:32:56 CST 2012" endtime="Fri Sep 21 16:32:56 CST 2012" />
              <Test name="test_containsValueLjava_lang_Object" result="pass" starttime="Fri Sep 21 16:32:56 CST 2012" endtime="Fri Sep 21 16:32:56 CST 2012" />
              <Test name="test_elements" result="pass" starttime="Fri Sep 21 16:32:56 CST 2012" endtime="Fri Sep 21 16:32:56 CST 2012" />
              <Test name="test_entrySet" result="pass" starttime="Fri Sep 21 16:32:56 CST 2012" endtime="Fri Sep 21 16:32:56 CST 2012" />
              <Test name="test_entrySet_remove" result="pass" starttime="Fri Sep 21 16:32:56 CST 2012" endtime="Fri Sep 21 16:32:57 CST 2012" />
              <Test name="test_equalsLjava_lang_Object" result="pass" starttime="Fri Sep 21 16:32:57 CST 2012" endtime="Fri Sep 21 16:32:57 CST 2012" />
              <Test name="test_getLjava_lang_Object" result="pass" starttime="Fri Sep 21 16:32:57 CST 2012" endtime="Fri Sep 21 16:32:57 CST 2012" />
              <Test name="test_hashCode" result="pass" starttime="Fri Sep 21 16:32:57 CST 2012" endtime="Fri Sep 21 16:32:57 CST 2012" />
              <Test name="test_isEmpty" result="pass" starttime="Fri Sep 21 16:32:57 CST 2012" endtime="Fri Sep 21 16:32:57 CST 2012" />
              <Test name="test_keySet" result="pass" starttime="Fri Sep 21 16:32:57 CST 2012" endtime="Fri Sep 21 16:32:57 CST 2012" />
              <Test name="test_keySet_subtest0" result="pass" starttime="Fri Sep 21 16:32:57 CST 2012" endtime="Fri Sep 21 16:32:58 CST 2012" />
              <Test name="test_keys" result="pass" starttime="Fri Sep 21 16:32:58 CST 2012" endtime="Fri Sep 21 16:32:58 CST 2012" />
              <Test name="test_keys_subtest0" result="pass" starttime="Fri Sep 21 16:32:58 CST 2012" endtime="Fri Sep 21 16:32:58 CST 2012" />
              <Test name="test_putAllLjava_util_Map" result="pass" starttime="Fri Sep 21 16:32:58 CST 2012" endtime="Fri Sep 21 16:32:58 CST 2012" />
              <Test name="test_putLjava_lang_ObjectLjava_lang_Object" result="pass" starttime="Fri Sep 21 16:32:58 CST 2012" endtime="Fri Sep 21 16:32:58 CST 2012" />
              <Test name="test_rehash" result="pass" starttime="Fri Sep 21 16:32:58 CST 2012" endtime="Fri Sep 21 16:32:58 CST 2012" />
              <Test name="test_removeLjava_lang_Object" result="pass" starttime="Fri Sep 21 16:32:58 CST 2012" endtime="Fri Sep 21 16:32:58 CST 2012" />
              <Test name="test_size" result="pass" starttime="Fri Sep 21 16:32:58 CST 2012" endtime="Fri Sep 21 16:32:58 CST 2012" />
              <Test name="test_toString" result="pass" starttime="Fri Sep 21 16:32:58 CST 2012" endtime="Fri Sep 21 16:32:58 CST 2012" />
              <Test name="test_values" result="pass" starttime="Fri Sep 21 16:32:58 CST 2012" endtime="Fri Sep 21 16:32:58 CST 2012" />
            </TestCase>
            <TestCase name="IdentityHashMapTest" priority="">
              <Test name="test_Constructor" result="pass" starttime="Fri Sep 21 16:32:58 CST 2012" endtime="Fri Sep 21 16:32:59 CST 2012" />
              <Test name="test_ConstructorI" result="pass" starttime="Fri Sep 21 16:32:59 CST 2012" endtime="Fri Sep 21 16:32:59 CST 2012" />
              <Test name="test_ConstructorLjava_util_Map" result="pass" starttime="Fri Sep 21 16:32:59 CST 2012" endtime="Fri Sep 21 16:32:59 CST 2012" />
              <Test name="test_Serialization" result="pass" starttime="Fri Sep 21 16:32:59 CST 2012" endtime="Fri Sep 21 16:32:59 CST 2012" />
              <Test name="test_clear" result="pass" starttime="Fri Sep 21 16:32:59 CST 2012" endtime="Fri Sep 21 16:32:59 CST 2012" />
              <Test name="test_clone" result="pass" starttime="Fri Sep 21 16:32:59 CST 2012" endtime="Fri Sep 21 16:32:59 CST 2012" />
              <Test name="test_containsKeyLjava_lang_Object" result="pass" starttime="Fri Sep 21 16:32:59 CST 2012" endtime="Fri Sep 21 16:32:59 CST 2012" />
              <Test name="test_containsValueLjava_lang_Object" result="pass" starttime="Fri Sep 21 16:32:59 CST 2012" endtime="Fri Sep 21 16:32:59 CST 2012" />
              <Test name="test_entrySet" result="pass" starttime="Fri Sep 21 16:32:59 CST 2012" endtime="Fri Sep 21 16:32:59 CST 2012" />
              <Test name="test_equalsLjava_lang_Object" result="pass" starttime="Fri Sep 21 16:32:59 CST 2012" endtime="Fri Sep 21 16:32:59 CST 2012" />
              <Test name="test_getLjava_lang_Object" result="pass" starttime="Fri Sep 21 16:32:59 CST 2012" endtime="Fri Sep 21 16:33:00 CST 2012" />
              <Test name="test_isEmpty" result="pass" starttime="Fri Sep 21 16:33:00 CST 2012" endtime="Fri Sep 21 16:33:00 CST 2012" />
              <Test name="test_keySet" result="pass" starttime="Fri Sep 21 16:33:00 CST 2012" endtime="Fri Sep 21 16:33:00 CST 2012" />
              <Test name="test_putAllLjava_util_Map" result="pass" starttime="Fri Sep 21 16:33:00 CST 2012" endtime="Fri Sep 21 16:33:00 CST 2012" />
              <Test name="test_putLjava_lang_ObjectLjava_lang_Object" result="pass" starttime="Fri Sep 21 16:33:00 CST 2012" endtime="Fri Sep 21 16:33:00 CST 2012" />
              <Test name="test_removeLjava_lang_Object" result="pass" starttime="Fri Sep 21 16:33:00 CST 2012" endtime="Fri Sep 21 16:33:00 CST 2012" />
              <Test name="test_size" result="pass" starttime="Fri Sep 21 16:33:00 CST 2012" endtime="Fri Sep 21 16:33:00 CST 2012" />
              <Test name="test_values" result="pass" starttime="Fri Sep 21 16:33:00 CST 2012" endtime="Fri Sep 21 16:33:00 CST 2012" />
            </TestCase>
            <TestCase name="InvalidPropertiesFormatExceptionTest" priority="">
              <Test name="test_Serialization" result="pass" starttime="Fri Sep 21 16:33:00 CST 2012" endtime="Fri Sep 21 16:33:00 CST 2012" />
            </TestCase>
            <TestCase name="LinkedHashMapTest" priority="">
              <Test name="test_Constructor" result="pass" starttime="Fri Sep 21 16:33:00 CST 2012" endtime="Fri Sep 21 16:33:01 CST 2012" />
              <Test name="test_ConstructorI" result="pass" starttime="Fri Sep 21 16:33:01 CST 2012" endtime="Fri Sep 21 16:33:01 CST 2012" />
              <Test name="test_ConstructorIF" result="pass" starttime="Fri Sep 21 16:33:01 CST 2012" endtime="Fri Sep 21 16:33:01 CST 2012" />
              <Test name="test_ConstructorLjava_util_Map" result="pass" starttime="Fri Sep 21 16:33:01 CST 2012" endtime="Fri Sep 21 16:33:01 CST 2012" />
              <Test name="test_clear" result="pass" starttime="Fri Sep 21 16:33:01 CST 2012" endtime="Fri Sep 21 16:33:01 CST 2012" />
              <Test name="test_clone" result="pass" starttime="Fri Sep 21 16:33:01 CST 2012" endtime="Fri Sep 21 16:33:01 CST 2012" />
              <Test name="test_clone_Mock" result="pass" starttime="Fri Sep 21 16:33:01 CST 2012" endtime="Fri Sep 21 16:33:01 CST 2012" />
              <Test name="test_clone_ordered" result="pass" starttime="Fri Sep 21 16:33:01 CST 2012" endtime="Fri Sep 21 16:33:01 CST 2012" />
              <Test name="test_containsKeyLjava_lang_Object" result="pass" starttime="Fri Sep 21 16:33:01 CST 2012" endtime="Fri Sep 21 16:33:01 CST 2012" />
              <Test name="test_containsValueLjava_lang_Object" result="pass" starttime="Fri Sep 21 16:33:01 CST 2012" endtime="Fri Sep 21 16:33:02 CST 2012" />
              <Test name="test_entrySet" result="pass" starttime="Fri Sep 21 16:33:02 CST 2012" endtime="Fri Sep 21 16:33:02 CST 2012" />
              <Test name="test_entrySetRemove" result="pass" starttime="Fri Sep 21 16:33:02 CST 2012" endtime="Fri Sep 21 16:33:02 CST 2012" />
              <Test name="test_getLjava_lang_Object" result="pass" starttime="Fri Sep 21 16:33:02 CST 2012" endtime="Fri Sep 21 16:33:02 CST 2012" />
              <Test name="test_isEmpty" result="pass" starttime="Fri Sep 21 16:33:02 CST 2012" endtime="Fri Sep 21 16:33:02 CST 2012" />
              <Test name="test_keySet" result="pass" starttime="Fri Sep 21 16:33:02 CST 2012" endtime="Fri Sep 21 16:33:02 CST 2012" />
              <Test name="test_ordered_entrySet" result="pass" starttime="Fri Sep 21 16:33:02 CST 2012" endtime="Fri Sep 21 16:33:02 CST 2012" />
              <Test name="test_ordered_keySet" result="pass" starttime="Fri Sep 21 16:33:02 CST 2012" endtime="Fri Sep 21 16:33:02 CST 2012" />
              <Test name="test_ordered_values" result="pass" starttime="Fri Sep 21 16:33:02 CST 2012" endtime="Fri Sep 21 16:33:02 CST 2012" />
              <Test name="test_putAllLjava_util_Map" result="pass" starttime="Fri Sep 21 16:33:02 CST 2012" endtime="Fri Sep 21 16:33:03 CST 2012" />
              <Test name="test_putAll_Ljava_util_Map_Null" result="pass" starttime="Fri Sep 21 16:33:03 CST 2012" endtime="Fri Sep 21 16:33:03 CST 2012" />
              <Test name="test_putLjava_lang_ObjectLjava_lang_Object" result="pass" starttime="Fri Sep 21 16:33:03 CST 2012" endtime="Fri Sep 21 16:33:03 CST 2012" />
              <Test name="test_putPresent" result="pass" starttime="Fri Sep 21 16:33:03 CST 2012" endtime="Fri Sep 21 16:33:03 CST 2012" />
              <Test name="test_removeEldestFromSameBucketAsNewEntry" result="pass" starttime="Fri Sep 21 16:33:03 CST 2012" endtime="Fri Sep 21 16:33:03 CST 2012" />
              <Test name="test_removeLjava_lang_Object" result="pass" starttime="Fri Sep 21 16:33:03 CST 2012" endtime="Fri Sep 21 16:33:03 CST 2012" />
              <Test name="test_remove_eldest" result="pass" starttime="Fri Sep 21 16:33:03 CST 2012" endtime="Fri Sep 21 16:33:03 CST 2012" />
              <Test name="test_size" result="pass" starttime="Fri Sep 21 16:33:03 CST 2012" endtime="Fri Sep 21 16:33:03 CST 2012" />
              <Test name="test_values" result="pass" starttime="Fri Sep 21 16:33:03 CST 2012" endtime="Fri Sep 21 16:33:03 CST 2012" />
            </TestCase>
            <TestCase name="LinkedHashSetTest" priority="">
              <Test name="test_Constructor" result="pass" starttime="Fri Sep 21 16:33:03 CST 2012" endtime="Fri Sep 21 16:33:03 CST 2012" />
              <Test name="test_ConstructorI" result="pass" starttime="Fri Sep 21 16:33:03 CST 2012" endtime="Fri Sep 21 16:33:04 CST 2012" />
              <Test name="test_ConstructorIF" result="pass" starttime="Fri Sep 21 16:33:04 CST 2012" endtime="Fri Sep 21 16:33:04 CST 2012" />
              <Test name="test_ConstructorLjava_util_Collection" result="pass" starttime="Fri Sep 21 16:33:04 CST 2012" endtime="Fri Sep 21 16:33:04 CST 2012" />
              <Test name="test_addLjava_lang_Object" result="pass" starttime="Fri Sep 21 16:33:04 CST 2012" endtime="Fri Sep 21 16:33:04 CST 2012" />
              <Test name="test_clear" result="pass" starttime="Fri Sep 21 16:33:04 CST 2012" endtime="Fri Sep 21 16:33:04 CST 2012" />
              <Test name="test_clone" result="pass" starttime="Fri Sep 21 16:33:04 CST 2012" endtime="Fri Sep 21 16:33:04 CST 2012" />
              <Test name="test_containsLjava_lang_Object" result="pass" starttime="Fri Sep 21 16:33:04 CST 2012" endtime="Fri Sep 21 16:33:04 CST 2012" />
              <Test name="test_isEmpty" result="pass" starttime="Fri Sep 21 16:33:04 CST 2012" endtime="Fri Sep 21 16:33:04 CST 2012" />
              <Test name="test_iterator" result="pass" starttime="Fri Sep 21 16:33:04 CST 2012" endtime="Fri Sep 21 16:33:04 CST 2012" />
              <Test name="test_removeLjava_lang_Object" result="pass" starttime="Fri Sep 21 16:33:04 CST 2012" endtime="Fri Sep 21 16:33:05 CST 2012" />
              <Test name="test_retainAllLjava_util_Collection" result="pass" starttime="Fri Sep 21 16:33:05 CST 2012" endtime="Fri Sep 21 16:33:05 CST 2012" />
              <Test name="test_size" result="pass" starttime="Fri Sep 21 16:33:05 CST 2012" endtime="Fri Sep 21 16:33:05 CST 2012" />
              <Test name="test_toArray" result="pass" starttime="Fri Sep 21 16:33:05 CST 2012" endtime="Fri Sep 21 16:33:05 CST 2012" />
              <Test name="test_toArray$Ljava_lang_Object" result="pass" starttime="Fri Sep 21 16:33:05 CST 2012" endtime="Fri Sep 21 16:33:05 CST 2012" />
            </TestCase>
            <TestCase name="LinkedListTest" priority="">
              <Test name="test_Constructor" result="pass" starttime="Fri Sep 21 16:33:05 CST 2012" endtime="Fri Sep 21 16:33:05 CST 2012" />
              <Test name="test_ConstructorLjava_util_Collection" result="pass" starttime="Fri Sep 21 16:33:05 CST 2012" endtime="Fri Sep 21 16:33:05 CST 2012" />
              <Test name="test_addAllILjava_util_Collection" result="pass" starttime="Fri Sep 21 16:33:05 CST 2012" endtime="Fri Sep 21 16:33:05 CST 2012" />
              <Test name="test_addAllILjava_util_Collection_2" result="pass" starttime="Fri Sep 21 16:33:05 CST 2012" endtime="Fri Sep 21 16:33:06 CST 2012" />
              <Test name="test_addAllLjava_util_Collection" result="pass" starttime="Fri Sep 21 16:33:06 CST 2012" endtime="Fri Sep 21 16:33:06 CST 2012" />
              <Test name="test_addFirstLjava_lang_Object" result="pass" starttime="Fri Sep 21 16:33:06 CST 2012" endtime="Fri Sep 21 16:33:06 CST 2012" />
              <Test name="test_addILjava_lang_Object" result="pass" starttime="Fri Sep 21 16:33:06 CST 2012" endtime="Fri Sep 21 16:33:06 CST 2012" />
              <Test name="test_addLastLjava_lang_Object" result="pass" starttime="Fri Sep 21 16:33:06 CST 2012" endtime="Fri Sep 21 16:33:06 CST 2012" />
              <Test name="test_addLjava_lang_Object" result="pass" starttime="Fri Sep 21 16:33:06 CST 2012" endtime="Fri Sep 21 16:33:06 CST 2012" />
              <Test name="test_clear" result="pass" starttime="Fri Sep 21 16:33:06 CST 2012" endtime="Fri Sep 21 16:33:06 CST 2012" />
              <Test name="test_clone" result="pass" starttime="Fri Sep 21 16:33:06 CST 2012" endtime="Fri Sep 21 16:33:06 CST 2012" />
              <Test name="test_containsLjava_lang_Object" result="pass" starttime="Fri Sep 21 16:33:06 CST 2012" endtime="Fri Sep 21 16:33:06 CST 2012" />
              <Test name="test_element" result="pass" starttime="Fri Sep 21 16:33:06 CST 2012" endtime="Fri Sep 21 16:33:07 CST 2012" />
              <Test name="test_getFirst" result="pass" starttime="Fri Sep 21 16:33:07 CST 2012" endtime="Fri Sep 21 16:33:07 CST 2012" />
              <Test name="test_getI" result="pass" starttime="Fri Sep 21 16:33:07 CST 2012" endtime="Fri Sep 21 16:33:07 CST 2012" />
              <Test name="test_getLast" result="pass" starttime="Fri Sep 21 16:33:07 CST 2012" endtime="Fri Sep 21 16:33:07 CST 2012" />
              <Test name="test_indexOfLjava_lang_Object" result="pass" starttime="Fri Sep 21 16:33:07 CST 2012" endtime="Fri Sep 21 16:33:07 CST 2012" />
              <Test name="test_lastIndexOfLjava_lang_Object" result="pass" starttime="Fri Sep 21 16:33:07 CST 2012" endtime="Fri Sep 21 16:33:07 CST 2012" />
              <Test name="test_listIteratorI" result="pass" starttime="Fri Sep 21 16:33:07 CST 2012" endtime="Fri Sep 21 16:33:07 CST 2012" />
              <Test name="test_offer" result="pass" starttime="Fri Sep 21 16:33:07 CST 2012" endtime="Fri Sep 21 16:33:07 CST 2012" />
              <Test name="test_peek" result="pass" starttime="Fri Sep 21 16:33:07 CST 2012" endtime="Fri Sep 21 16:33:07 CST 2012" />
              <Test name="test_poll" result="pass" starttime="Fri Sep 21 16:33:07 CST 2012" endtime="Fri Sep 21 16:33:07 CST 2012" />
              <Test name="test_remove" result="pass" starttime="Fri Sep 21 16:33:07 CST 2012" endtime="Fri Sep 21 16:33:08 CST 2012" />
              <Test name="test_removeFirst" result="pass" starttime="Fri Sep 21 16:33:08 CST 2012" endtime="Fri Sep 21 16:33:08 CST 2012" />
              <Test name="test_removeI" result="pass" starttime="Fri Sep 21 16:33:08 CST 2012" endtime="Fri Sep 21 16:33:08 CST 2012" />
              <Test name="test_removeLast" result="pass" starttime="Fri Sep 21 16:33:08 CST 2012" endtime="Fri Sep 21 16:33:08 CST 2012" />
              <Test name="test_removeLjava_lang_Object" result="pass" starttime="Fri Sep 21 16:33:08 CST 2012" endtime="Fri Sep 21 16:33:08 CST 2012" />
              <Test name="test_setILjava_lang_Object" result="pass" starttime="Fri Sep 21 16:33:08 CST 2012" endtime="Fri Sep 21 16:33:08 CST 2012" />
              <Test name="test_size" result="pass" starttime="Fri Sep 21 16:33:08 CST 2012" endtime="Fri Sep 21 16:33:08 CST 2012" />
              <Test name="test_toArray" result="pass" starttime="Fri Sep 21 16:33:08 CST 2012" endtime="Fri Sep 21 16:33:08 CST 2012" />
              <Test name="test_toArray$Ljava_lang_Object" result="pass" starttime="Fri Sep 21 16:33:08 CST 2012" endtime="Fri Sep 21 16:33:09 CST 2012" />
            </TestCase>
            <TestCase name="ListResourceBundleTest" priority="">
              <Test name="test_getKeys" result="pass" starttime="Fri Sep 21 16:33:09 CST 2012" endtime="Fri Sep 21 16:33:09 CST 2012" />
              <Test name="test_handleGetObjectLjava_lang_String" result="pass" starttime="Fri Sep 21 16:33:09 CST 2012" endtime="Fri Sep 21 16:33:09 CST 2012" />
            </TestCase>
            <TestCase name="LocaleTest" priority="">
              <Test name="test_ConstructorLjava_lang_String" result="pass" starttime="Fri Sep 21 16:33:09 CST 2012" endtime="Fri Sep 21 16:33:09 CST 2012" />
              <Test name="test_ConstructorLjava_lang_StringLjava_lang_String" result="pass" starttime="Fri Sep 21 16:33:09 CST 2012" endtime="Fri Sep 21 16:33:09 CST 2012" />
              <Test name="test_ConstructorLjava_lang_StringLjava_lang_StringLjava_lang_String" result="pass" starttime="Fri Sep 21 16:33:09 CST 2012" endtime="Fri Sep 21 16:33:09 CST 2012" />
              <Test name="test_clone" result="pass" starttime="Fri Sep 21 16:33:09 CST 2012" endtime="Fri Sep 21 16:33:09 CST 2012" />
              <Test name="test_equalsLjava_lang_Object" result="pass" starttime="Fri Sep 21 16:33:09 CST 2012" endtime="Fri Sep 21 16:33:09 CST 2012" />
              <Test name="test_getAvailableLocales" result="pass" starttime="Fri Sep 21 16:33:09 CST 2012" endtime="Fri Sep 21 16:33:10 CST 2012" />
              <Test name="test_getCountry" result="pass" starttime="Fri Sep 21 16:33:10 CST 2012" endtime="Fri Sep 21 16:33:10 CST 2012" />
              <Test name="test_getDefault" result="pass" starttime="Fri Sep 21 16:33:10 CST 2012" endtime="Fri Sep 21 16:33:10 CST 2012" />
              <Test name="test_getDisplayCountry" result="pass" starttime="Fri Sep 21 16:33:10 CST 2012" endtime="Fri Sep 21 16:33:10 CST 2012" />
              <Test name="test_getDisplayCountryLjava_util_Locale" result="pass" starttime="Fri Sep 21 16:33:10 CST 2012" endtime="Fri Sep 21 16:33:10 CST 2012" />
              <Test name="test_getDisplayLanguage" result="pass" starttime="Fri Sep 21 16:33:10 CST 2012" endtime="Fri Sep 21 16:33:10 CST 2012" />
              <Test name="test_getDisplayLanguageLjava_util_Locale" result="pass" starttime="Fri Sep 21 16:33:10 CST 2012" endtime="Fri Sep 21 16:33:10 CST 2012" />
              <Test name="test_getDisplayName" result="pass" starttime="Fri Sep 21 16:33:10 CST 2012" endtime="Fri Sep 21 16:33:10 CST 2012" />
              <Test name="test_getDisplayNameLjava_util_Locale" result="pass" starttime="Fri Sep 21 16:33:10 CST 2012" endtime="Fri Sep 21 16:33:10 CST 2012" />
              <Test name="test_getDisplayVariant" result="pass" starttime="Fri Sep 21 16:33:10 CST 2012" endtime="Fri Sep 21 16:33:11 CST 2012" />
              <Test name="test_getDisplayVariantLjava_util_Locale" result="pass" starttime="Fri Sep 21 16:33:11 CST 2012" endtime="Fri Sep 21 16:33:11 CST 2012" />
              <Test name="test_getISO3Country" result="pass" starttime="Fri Sep 21 16:33:11 CST 2012" endtime="Fri Sep 21 16:33:11 CST 2012" />
              <Test name="test_getISO3Language" result="pass" starttime="Fri Sep 21 16:33:11 CST 2012" endtime="Fri Sep 21 16:33:11 CST 2012" />
              <Test name="test_getISOCountries" result="pass" starttime="Fri Sep 21 16:33:11 CST 2012" endtime="Fri Sep 21 16:33:11 CST 2012" />
              <Test name="test_getISOLanguages" result="pass" starttime="Fri Sep 21 16:33:11 CST 2012" endtime="Fri Sep 21 16:33:11 CST 2012" />
              <Test name="test_getLanguage" result="pass" starttime="Fri Sep 21 16:33:11 CST 2012" endtime="Fri Sep 21 16:33:11 CST 2012" />
              <Test name="test_getVariant" result="pass" starttime="Fri Sep 21 16:33:11 CST 2012" endtime="Fri Sep 21 16:33:11 CST 2012" />
              <Test name="test_hashCode" result="pass" starttime="Fri Sep 21 16:33:11 CST 2012" endtime="Fri Sep 21 16:33:12 CST 2012" />
              <Test name="test_setDefaultLjava_util_Locale" result="pass" starttime="Fri Sep 21 16:33:12 CST 2012" endtime="Fri Sep 21 16:33:12 CST 2012" />
              <Test name="test_toString" result="pass" starttime="Fri Sep 21 16:33:12 CST 2012" endtime="Fri Sep 21 16:33:12 CST 2012" />
            </TestCase>
            <TestCase name="MissingResourceExceptionTest" priority="">
              <Test name="test_ConstructorLjava_lang_StringLjava_lang_StringLjava_lang_String" result="pass" starttime="Fri Sep 21 16:33:12 CST 2012" endtime="Fri Sep 21 16:33:12 CST 2012" />
              <Test name="test_getClassName" result="pass" starttime="Fri Sep 21 16:33:12 CST 2012" endtime="Fri Sep 21 16:33:12 CST 2012" />
              <Test name="test_getKey" result="pass" starttime="Fri Sep 21 16:33:12 CST 2012" endtime="Fri Sep 21 16:33:12 CST 2012" />
            </TestCase>
            <TestCase name="NoSuchElementExceptionTest" priority="">
              <Test name="test_Constructor" result="pass" starttime="Fri Sep 21 16:33:12 CST 2012" endtime="Fri Sep 21 16:33:12 CST 2012" />
              <Test name="test_ConstructorLjava_lang_String" result="pass" starttime="Fri Sep 21 16:33:12 CST 2012" endtime="Fri Sep 21 16:33:12 CST 2012" />
            </TestCase>
            <TestCase name="ObservableTest" priority="">
              <Test name="test_Constructor" result="pass" starttime="Fri Sep 21 16:33:12 CST 2012" endtime="Fri Sep 21 16:33:13 CST 2012" />
              <Test name="test_addObserverLjava_util_Observer" result="pass" starttime="Fri Sep 21 16:33:13 CST 2012" endtime="Fri Sep 21 16:33:13 CST 2012" />
              <Test name="test_clearChanged" result="pass" starttime="Fri Sep 21 16:33:13 CST 2012" endtime="Fri Sep 21 16:33:13 CST 2012" />
              <Test name="test_countObservers" result="pass" starttime="Fri Sep 21 16:33:13 CST 2012" endtime="Fri Sep 21 16:33:13 CST 2012" />
              <Test name="test_deleteObserverLjava_util_Observer" result="pass" starttime="Fri Sep 21 16:33:13 CST 2012" endtime="Fri Sep 21 16:33:13 CST 2012" />
              <Test name="test_deleteObservers" result="pass" starttime="Fri Sep 21 16:33:13 CST 2012" endtime="Fri Sep 21 16:33:13 CST 2012" />
              <Test name="test_hasChanged" result="pass" starttime="Fri Sep 21 16:33:13 CST 2012" endtime="Fri Sep 21 16:33:13 CST 2012" />
              <Test name="test_notifyObservers" result="pass" starttime="Fri Sep 21 16:33:13 CST 2012" endtime="Fri Sep 21 16:33:13 CST 2012" />
              <Test name="test_notifyObserversLjava_lang_Object" result="pass" starttime="Fri Sep 21 16:33:13 CST 2012" endtime="Fri Sep 21 16:33:14 CST 2012" />
            </TestCase>
            <TestCase name="PropertyResourceBundleTest" priority="">
              <Test name="test_ConstructorLjava_io_InputStream" result="pass" starttime="Fri Sep 21 16:33:14 CST 2012" endtime="Fri Sep 21 16:33:14 CST 2012" />
              <Test name="test_getKeys" result="pass" starttime="Fri Sep 21 16:33:14 CST 2012" endtime="Fri Sep 21 16:33:14 CST 2012" />
              <Test name="test_handleGetObjectLjava_lang_String" result="pass" starttime="Fri Sep 21 16:33:14 CST 2012" endtime="Fri Sep 21 16:33:14 CST 2012" />
            </TestCase>
            <TestCase name="RandomTest" priority="">
              <Test name="test_Constructor" result="pass" starttime="Fri Sep 21 16:33:14 CST 2012" endtime="Fri Sep 21 16:33:14 CST 2012" />
              <Test name="test_ConstructorJ" result="pass" starttime="Fri Sep 21 16:33:14 CST 2012" endtime="Fri Sep 21 16:33:14 CST 2012" />
              <Test name="test_next" result="pass" starttime="Fri Sep 21 16:33:14 CST 2012" endtime="Fri Sep 21 16:33:14 CST 2012" />
              <Test name="test_nextBoolean" result="pass" starttime="Fri Sep 21 16:33:14 CST 2012" endtime="Fri Sep 21 16:33:14 CST 2012" />
              <Test name="test_nextBytes$B" result="pass" starttime="Fri Sep 21 16:33:14 CST 2012" endtime="Fri Sep 21 16:33:14 CST 2012" />
              <Test name="test_nextDouble" result="pass" starttime="Fri Sep 21 16:33:14 CST 2012" endtime="Fri Sep 21 16:33:15 CST 2012" />
              <Test name="test_nextFloat" result="pass" starttime="Fri Sep 21 16:33:15 CST 2012" endtime="Fri Sep 21 16:33:15 CST 2012" />
              <Test name="test_nextGaussian" result="pass" starttime="Fri Sep 21 16:33:15 CST 2012" endtime="Fri Sep 21 16:33:15 CST 2012" />
              <Test name="test_nextInt" result="pass" starttime="Fri Sep 21 16:33:15 CST 2012" endtime="Fri Sep 21 16:33:15 CST 2012" />
              <Test name="test_nextIntI" result="pass" starttime="Fri Sep 21 16:33:15 CST 2012" endtime="Fri Sep 21 16:33:15 CST 2012" />
              <Test name="test_nextLong" result="pass" starttime="Fri Sep 21 16:33:15 CST 2012" endtime="Fri Sep 21 16:33:15 CST 2012" />
              <Test name="test_setSeedJ" result="pass" starttime="Fri Sep 21 16:33:15 CST 2012" endtime="Fri Sep 21 16:33:15 CST 2012" />
            </TestCase>
            <TestCase name="ResourceBundleTest" priority="">
              <Test name="test_constructor" result="pass" starttime="Fri Sep 21 16:33:15 CST 2012" endtime="Fri Sep 21 16:33:15 CST 2012" />
              <Test name="test_getBundleLjava_lang_String" result="pass" starttime="Fri Sep 21 16:33:15 CST 2012" endtime="Fri Sep 21 16:33:15 CST 2012" />
              <Test name="test_getBundleLjava_lang_StringLjava_util_Locale" result="pass" starttime="Fri Sep 21 16:33:15 CST 2012" endtime="Fri Sep 21 16:33:15 CST 2012" />
              <Test name="test_getBundle_getClassName" result="pass" starttime="Fri Sep 21 16:33:16 CST 2012" endtime="Fri Sep 21 16:33:16 CST 2012" />
              <Test name="test_getLocale" result="pass" starttime="Fri Sep 21 16:33:16 CST 2012" endtime="Fri Sep 21 16:33:16 CST 2012" />
              <Test name="test_getObjectLjava_lang_String" result="pass" starttime="Fri Sep 21 16:33:16 CST 2012" endtime="Fri Sep 21 16:33:16 CST 2012" />
              <Test name="test_getStringArrayLjava_lang_String" result="pass" starttime="Fri Sep 21 16:33:16 CST 2012" endtime="Fri Sep 21 16:33:16 CST 2012" />
              <Test name="test_getStringLjava_lang_String" result="pass" starttime="Fri Sep 21 16:33:16 CST 2012" endtime="Fri Sep 21 16:33:16 CST 2012" />
            </TestCase>
            <TestCase name="SimpleTimeZoneTest" priority="">
              <Test name="test_ConstructorILjava_lang_String" result="pass" starttime="Fri Sep 21 16:33:16 CST 2012" endtime="Fri Sep 21 16:33:16 CST 2012" />
              <Test name="test_ConstructorILjava_lang_StringIIIIIIII" result="pass" starttime="Fri Sep 21 16:33:16 CST 2012" endtime="Fri Sep 21 16:33:16 CST 2012" />
              <Test name="test_ConstructorILjava_lang_StringIIIIIIIII" result="pass" starttime="Fri Sep 21 16:33:16 CST 2012" endtime="Fri Sep 21 16:33:16 CST 2012" />
              <Test name="test_ConstructorILjava_lang_StringIIIIIIIIIII" result="pass" starttime="Fri Sep 21 16:33:17 CST 2012" endtime="Fri Sep 21 16:33:17 CST 2012" />
              <Test name="test_clone" result="pass" starttime="Fri Sep 21 16:33:17 CST 2012" endtime="Fri Sep 21 16:33:17 CST 2012" />
              <Test name="test_equalsLjava_lang_Object" result="pass" starttime="Fri Sep 21 16:33:17 CST 2012" endtime="Fri Sep 21 16:33:17 CST 2012" />
              <Test name="test_getDSTSavings" result="pass" starttime="Fri Sep 21 16:33:17 CST 2012" endtime="Fri Sep 21 16:33:17 CST 2012" />
              <Test name="test_getOffsetIIIIII" result="pass" starttime="Fri Sep 21 16:33:17 CST 2012" endtime="Fri Sep 21 16:33:17 CST 2012" />
              <Test name="test_getOffsetJ" result="pass" starttime="Fri Sep 21 16:33:17 CST 2012" endtime="Fri Sep 21 16:33:17 CST 2012" />
              <Test name="test_getRawOffset" result="pass" starttime="Fri Sep 21 16:33:17 CST 2012" endtime="Fri Sep 21 16:33:17 CST 2012" />
              <Test name="test_hasSameRulesLjava_util_TimeZone" result="pass" starttime="Fri Sep 21 16:33:17 CST 2012" endtime="Fri Sep 21 16:33:17 CST 2012" />
              <Test name="test_hashCode" result="pass" starttime="Fri Sep 21 16:33:17 CST 2012" endtime="Fri Sep 21 16:33:18 CST 2012" />
              <Test name="test_inDaylightTimeLjava_util_Date" result="pass" starttime="Fri Sep 21 16:33:18 CST 2012" endtime="Fri Sep 21 16:33:18 CST 2012" />
              <Test name="test_setDSTSavingsI" result="pass" starttime="Fri Sep 21 16:33:18 CST 2012" endtime="Fri Sep 21 16:33:18 CST 2012" />
              <Test name="test_setEndRuleIII" result="pass" starttime="Fri Sep 21 16:33:18 CST 2012" endtime="Fri Sep 21 16:33:18 CST 2012" />
              <Test name="test_setEndRuleIIII" result="pass" starttime="Fri Sep 21 16:33:18 CST 2012" endtime="Fri Sep 21 16:33:18 CST 2012" />
              <Test name="test_setEndRuleIIIIZ" result="pass" starttime="Fri Sep 21 16:33:18 CST 2012" endtime="Fri Sep 21 16:33:18 CST 2012" />
              <Test name="test_setRawOffsetI" result="pass" starttime="Fri Sep 21 16:33:18 CST 2012" endtime="Fri Sep 21 16:33:18 CST 2012" />
              <Test name="test_setStartRuleIII" result="pass" starttime="Fri Sep 21 16:33:18 CST 2012" endtime="Fri Sep 21 16:33:18 CST 2012" />
              <Test name="test_setStartRuleIIII" result="pass" starttime="Fri Sep 21 16:33:18 CST 2012" endtime="Fri Sep 21 16:33:19 CST 2012" />
              <Test name="test_setStartRuleIIIIZ" result="pass" starttime="Fri Sep 21 16:33:19 CST 2012" endtime="Fri Sep 21 16:33:19 CST 2012" />
              <Test name="test_setStartYearI" result="pass" starttime="Fri Sep 21 16:33:19 CST 2012" endtime="Fri Sep 21 16:33:19 CST 2012" />
              <Test name="test_toString" result="pass" starttime="Fri Sep 21 16:33:19 CST 2012" endtime="Fri Sep 21 16:33:19 CST 2012" />
              <Test name="test_useDaylightTime" result="pass" starttime="Fri Sep 21 16:33:19 CST 2012" endtime="Fri Sep 21 16:33:19 CST 2012" />
            </TestCase>
            <TestCase name="StackTest" priority="">
              <Test name="test_Constructor" result="pass" starttime="Fri Sep 21 16:33:19 CST 2012" endtime="Fri Sep 21 16:33:19 CST 2012" />
              <Test name="test_empty" result="pass" starttime="Fri Sep 21 16:33:19 CST 2012" endtime="Fri Sep 21 16:33:19 CST 2012" />
              <Test name="test_peek" result="pass" starttime="Fri Sep 21 16:33:19 CST 2012" endtime="Fri Sep 21 16:33:19 CST 2012" />
              <Test name="test_pop" result="pass" starttime="Fri Sep 21 16:33:19 CST 2012" endtime="Fri Sep 21 16:33:20 CST 2012" />
              <Test name="test_pushLjava_lang_Object" result="pass" starttime="Fri Sep 21 16:33:20 CST 2012" endtime="Fri Sep 21 16:33:20 CST 2012" />
              <Test name="test_searchLjava_lang_Object" result="pass" starttime="Fri Sep 21 16:33:20 CST 2012" endtime="Fri Sep 21 16:33:20 CST 2012" />
            </TestCase>
            <TestCase name="StringTokenizerTest" priority="">
              <Test name="test_ConstructorLjava_lang_String" result="pass" starttime="Fri Sep 21 16:33:20 CST 2012" endtime="Fri Sep 21 16:33:20 CST 2012" />
              <Test name="test_ConstructorLjava_lang_StringLjava_lang_String" result="pass" starttime="Fri Sep 21 16:33:20 CST 2012" endtime="Fri Sep 21 16:33:20 CST 2012" />
              <Test name="test_ConstructorLjava_lang_StringLjava_lang_StringZ" result="pass" starttime="Fri Sep 21 16:33:20 CST 2012" endtime="Fri Sep 21 16:33:20 CST 2012" />
              <Test name="test_countTokens" result="pass" starttime="Fri Sep 21 16:33:20 CST 2012" endtime="Fri Sep 21 16:33:20 CST 2012" />
              <Test name="test_hasMoreElements" result="pass" starttime="Fri Sep 21 16:33:20 CST 2012" endtime="Fri Sep 21 16:33:20 CST 2012" />
              <Test name="test_hasMoreTokens" result="pass" starttime="Fri Sep 21 16:33:20 CST 2012" endtime="Fri Sep 21 16:33:21 CST 2012" />
              <Test name="test_nextElement" result="pass" starttime="Fri Sep 21 16:33:21 CST 2012" endtime="Fri Sep 21 16:33:21 CST 2012" />
              <Test name="test_nextToken" result="pass" starttime="Fri Sep 21 16:33:21 CST 2012" endtime="Fri Sep 21 16:33:21 CST 2012" />
              <Test name="test_nextTokenLjava_lang_String" result="pass" starttime="Fri Sep 21 16:33:21 CST 2012" endtime="Fri Sep 21 16:33:21 CST 2012" />
            </TestCase>
            <TestCase name="TimerTaskTest" priority="">
              <Test name="test_Constructor" result="pass" starttime="Fri Sep 21 16:33:21 CST 2012" endtime="Fri Sep 21 16:33:21 CST 2012" />
              <Test name="test_cancel" result="pass" starttime="Fri Sep 21 16:33:21 CST 2012" endtime="Fri Sep 21 16:33:21 CST 2012" />
              <Test name="test_run" result="pass" starttime="Fri Sep 21 16:33:21 CST 2012" endtime="Fri Sep 21 16:33:22 CST 2012" />
              <Test name="test_scheduledExecutionTime" result="pass" starttime="Fri Sep 21 16:33:22 CST 2012" endtime="Fri Sep 21 16:33:22 CST 2012" />
            </TestCase>
            <TestCase name="TimerTest" priority="">
              <Test name="testThrowingTaskKillsTimerThread" result="pass" starttime="Fri Sep 21 16:33:22 CST 2012" endtime="Fri Sep 21 16:33:23 CST 2012" />
              <Test name="test_Constructor" result="pass" starttime="Fri Sep 21 16:33:23 CST 2012" endtime="Fri Sep 21 16:33:23 CST 2012" />
              <Test name="test_ConstructorS" result="pass" starttime="Fri Sep 21 16:33:23 CST 2012" endtime="Fri Sep 21 16:33:23 CST 2012" />
              <Test name="test_ConstructorSZ" result="pass" starttime="Fri Sep 21 16:33:23 CST 2012" endtime="Fri Sep 21 16:33:23 CST 2012" />
              <Test name="test_ConstructorZ" result="pass" starttime="Fri Sep 21 16:33:23 CST 2012" endtime="Fri Sep 21 16:33:24 CST 2012" />
              <Test name="test_cancel" result="pass" starttime="Fri Sep 21 16:33:24 CST 2012" endtime="Fri Sep 21 16:33:26 CST 2012" />
              <Test name="test_purge" result="pass" starttime="Fri Sep 21 16:33:26 CST 2012" endtime="Fri Sep 21 16:33:26 CST 2012" />
              <Test name="test_scheduleAtFixedRateLjava_util_TimerTaskJJ" result="pass" starttime="Fri Sep 21 16:33:26 CST 2012" endtime="Fri Sep 21 16:33:27 CST 2012" />
              <Test name="test_scheduleAtFixedRateLjava_util_TimerTaskLjava_util_DateJ" result="pass" starttime="Fri Sep 21 16:33:28 CST 2012" endtime="Fri Sep 21 16:33:29 CST 2012" />
              <Test name="test_scheduleLjava_util_TimerTaskJ" result="pass" starttime="Fri Sep 21 16:33:29 CST 2012" endtime="Fri Sep 21 16:33:30 CST 2012" />
              <Test name="test_scheduleLjava_util_TimerTaskJJ" result="pass" starttime="Fri Sep 21 16:33:30 CST 2012" endtime="Fri Sep 21 16:33:31 CST 2012" />
              <Test name="test_scheduleLjava_util_TimerTaskLjava_util_Date" result="pass" starttime="Fri Sep 21 16:33:31 CST 2012" endtime="Fri Sep 21 16:33:32 CST 2012" />
              <Test name="test_scheduleLjava_util_TimerTaskLjava_util_DateJ" result="pass" starttime="Fri Sep 21 16:33:32 CST 2012" endtime="Fri Sep 21 16:33:36 CST 2012" />
            </TestCase>
            <TestCase name="TooManyListenersExceptionTest" priority="">
              <Test name="test_Constructor" result="pass" starttime="Fri Sep 21 16:33:36 CST 2012" endtime="Fri Sep 21 16:33:36 CST 2012" />
              <Test name="test_ConstructorLjava_lang_String" result="pass" starttime="Fri Sep 21 16:33:36 CST 2012" endtime="Fri Sep 21 16:33:36 CST 2012" />
            </TestCase>
            <TestCase name="VectorTest" priority="">
              <Test name="test_Constructor" result="pass" starttime="Fri Sep 21 16:33:36 CST 2012" endtime="Fri Sep 21 16:33:37 CST 2012" />
              <Test name="test_ConstructorI" result="pass" starttime="Fri Sep 21 16:33:37 CST 2012" endtime="Fri Sep 21 16:33:37 CST 2012" />
              <Test name="test_ConstructorII" result="pass" starttime="Fri Sep 21 16:33:37 CST 2012" endtime="Fri Sep 21 16:33:37 CST 2012" />
              <Test name="test_ConstructorLjava_util_Collection" result="pass" starttime="Fri Sep 21 16:33:37 CST 2012" endtime="Fri Sep 21 16:33:37 CST 2012" />
              <Test name="test_addAllILjava_util_Collection" result="pass" starttime="Fri Sep 21 16:33:37 CST 2012" endtime="Fri Sep 21 16:33:37 CST 2012" />
              <Test name="test_addAllLjava_util_Collection" result="pass" starttime="Fri Sep 21 16:33:37 CST 2012" endtime="Fri Sep 21 16:33:37 CST 2012" />
              <Test name="test_addElementLjava_lang_Object" result="pass" starttime="Fri Sep 21 16:33:37 CST 2012" endtime="Fri Sep 21 16:33:37 CST 2012" />
              <Test name="test_addElementLjava_lang_Object_subtest0" result="pass" starttime="Fri Sep 21 16:33:37 CST 2012" endtime="Fri Sep 21 16:33:37 CST 2012" />
              <Test name="test_addILjava_lang_Object" result="pass" starttime="Fri Sep 21 16:33:37 CST 2012" endtime="Fri Sep 21 16:33:37 CST 2012" />
              <Test name="test_addLjava_lang_Object" result="pass" starttime="Fri Sep 21 16:33:37 CST 2012" endtime="Fri Sep 21 16:33:38 CST 2012" />
              <Test name="test_capacity" result="pass" starttime="Fri Sep 21 16:33:38 CST 2012" endtime="Fri Sep 21 16:33:38 CST 2012" />
              <Test name="test_clear" result="pass" starttime="Fri Sep 21 16:33:38 CST 2012" endtime="Fri Sep 21 16:33:38 CST 2012" />
              <Test name="test_clone" result="pass" starttime="Fri Sep 21 16:33:38 CST 2012" endtime="Fri Sep 21 16:33:38 CST 2012" />
              <Test name="test_containsAllLjava_util_Collection" result="pass" starttime="Fri Sep 21 16:33:38 CST 2012" endtime="Fri Sep 21 16:33:38 CST 2012" />
              <Test name="test_containsLjava_lang_Object" result="pass" starttime="Fri Sep 21 16:33:38 CST 2012" endtime="Fri Sep 21 16:33:38 CST 2012" />
              <Test name="test_copyInto$Ljava_lang_Object" result="pass" starttime="Fri Sep 21 16:33:38 CST 2012" endtime="Fri Sep 21 16:33:38 CST 2012" />
              <Test name="test_elementAtI" result="pass" starttime="Fri Sep 21 16:33:38 CST 2012" endtime="Fri Sep 21 16:33:38 CST 2012" />
              <Test name="test_elements" result="pass" starttime="Fri Sep 21 16:33:38 CST 2012" endtime="Fri Sep 21 16:33:38 CST 2012" />
              <Test name="test_elements_subtest0" result="pass" starttime="Fri Sep 21 16:33:38 CST 2012" endtime="Fri Sep 21 16:33:39 CST 2012" />
              <Test name="test_ensureCapacityI" result="pass" starttime="Fri Sep 21 16:33:39 CST 2012" endtime="Fri Sep 21 16:33:39 CST 2012" />
              <Test name="test_equalsLjava_lang_Object" result="pass" starttime="Fri Sep 21 16:33:39 CST 2012" endtime="Fri Sep 21 16:33:39 CST 2012" />
              <Test name="test_firstElement" result="pass" starttime="Fri Sep 21 16:33:39 CST 2012" endtime="Fri Sep 21 16:33:39 CST 2012" />
              <Test name="test_getI" result="pass" starttime="Fri Sep 21 16:33:39 CST 2012" endtime="Fri Sep 21 16:33:39 CST 2012" />
              <Test name="test_hashCode" result="pass" starttime="Fri Sep 21 16:33:39 CST 2012" endtime="Fri Sep 21 16:33:39 CST 2012" />
              <Test name="test_indexOfLjava_lang_Object" result="pass" starttime="Fri Sep 21 16:33:39 CST 2012" endtime="Fri Sep 21 16:33:39 CST 2012" />
              <Test name="test_indexOfLjava_lang_ObjectI" result="pass" starttime="Fri Sep 21 16:33:39 CST 2012" endtime="Fri Sep 21 16:33:39 CST 2012" />
              <Test name="test_insertElementAtLjava_lang_ObjectI" result="pass" starttime="Fri Sep 21 16:33:39 CST 2012" endtime="Fri Sep 21 16:33:39 CST 2012" />
              <Test name="test_isEmpty" result="pass" starttime="Fri Sep 21 16:33:39 CST 2012" endtime="Fri Sep 21 16:33:40 CST 2012" />
              <Test name="test_isEmpty_subtest0" result="pass" starttime="Fri Sep 21 16:33:40 CST 2012" endtime="Fri Sep 21 16:33:40 CST 2012" />
              <Test name="test_lastElement" result="pass" starttime="Fri Sep 21 16:33:40 CST 2012" endtime="Fri Sep 21 16:33:40 CST 2012" />
              <Test name="test_lastIndexOfLjava_lang_Object" result="pass" starttime="Fri Sep 21 16:33:40 CST 2012" endtime="Fri Sep 21 16:33:40 CST 2012" />
              <Test name="test_lastIndexOfLjava_lang_ObjectI" result="pass" starttime="Fri Sep 21 16:33:40 CST 2012" endtime="Fri Sep 21 16:33:40 CST 2012" />
              <Test name="test_removeAllElements" result="pass" starttime="Fri Sep 21 16:33:40 CST 2012" endtime="Fri Sep 21 16:33:40 CST 2012" />
              <Test name="test_removeAllLjava_util_Collection" result="pass" starttime="Fri Sep 21 16:33:40 CST 2012" endtime="Fri Sep 21 16:33:40 CST 2012" />
              <Test name="test_removeElementAtI" result="pass" starttime="Fri Sep 21 16:33:40 CST 2012" endtime="Fri Sep 21 16:33:40 CST 2012" />
              <Test name="test_removeElementLjava_lang_Object" result="pass" starttime="Fri Sep 21 16:33:40 CST 2012" endtime="Fri Sep 21 16:33:40 CST 2012" />
              <Test name="test_removeI" result="pass" starttime="Fri Sep 21 16:33:40 CST 2012" endtime="Fri Sep 21 16:33:41 CST 2012" />
              <Test name="test_removeLjava_lang_Object" result="pass" starttime="Fri Sep 21 16:33:41 CST 2012" endtime="Fri Sep 21 16:33:41 CST 2012" />
              <Test name="test_removeRangeII" result="pass" starttime="Fri Sep 21 16:33:41 CST 2012" endtime="Fri Sep 21 16:33:41 CST 2012" />
              <Test name="test_retainAllLjava_util_Collection" result="pass" starttime="Fri Sep 21 16:33:41 CST 2012" endtime="Fri Sep 21 16:33:41 CST 2012" />
              <Test name="test_setElementAtLjava_lang_ObjectI" result="pass" starttime="Fri Sep 21 16:33:41 CST 2012" endtime="Fri Sep 21 16:33:41 CST 2012" />
              <Test name="test_setILjava_lang_Object" result="pass" starttime="Fri Sep 21 16:33:41 CST 2012" endtime="Fri Sep 21 16:33:41 CST 2012" />
              <Test name="test_setSizeI" result="pass" starttime="Fri Sep 21 16:33:41 CST 2012" endtime="Fri Sep 21 16:33:41 CST 2012" />
              <Test name="test_size" result="pass" starttime="Fri Sep 21 16:33:41 CST 2012" endtime="Fri Sep 21 16:33:41 CST 2012" />
              <Test name="test_subListII" result="pass" starttime="Fri Sep 21 16:33:41 CST 2012" endtime="Fri Sep 21 16:33:41 CST 2012" />
              <Test name="test_toArray" result="pass" starttime="Fri Sep 21 16:33:41 CST 2012" endtime="Fri Sep 21 16:33:41 CST 2012" />
              <Test name="test_toArray$Ljava_lang_Object" result="pass" starttime="Fri Sep 21 16:33:42 CST 2012" endtime="Fri Sep 21 16:33:42 CST 2012" />
              <Test name="test_toString" result="pass" starttime="Fri Sep 21 16:33:42 CST 2012" endtime="Fri Sep 21 16:33:42 CST 2012" />
              <Test name="test_trimToSize" result="pass" starttime="Fri Sep 21 16:33:42 CST 2012" endtime="Fri Sep 21 16:33:42 CST 2012" />
            </TestCase>
            <TestCase name="WeakHashMapTest" priority="">
              <Test name="test_Constructor" result="pass" starttime="Fri Sep 21 16:33:42 CST 2012" endtime="Fri Sep 21 16:33:42 CST 2012" />
              <Test name="test_ConstructorI" result="pass" starttime="Fri Sep 21 16:33:42 CST 2012" endtime="Fri Sep 21 16:33:42 CST 2012" />
              <Test name="test_ConstructorIF" result="pass" starttime="Fri Sep 21 16:33:42 CST 2012" endtime="Fri Sep 21 16:33:42 CST 2012" />
              <Test name="test_ConstructorLjava_util_Map" result="pass" starttime="Fri Sep 21 16:33:42 CST 2012" endtime="Fri Sep 21 16:33:42 CST 2012" />
              <Test name="test_clear" result="pass" starttime="Fri Sep 21 16:33:42 CST 2012" endtime="Fri Sep 21 16:33:43 CST 2012" />
              <Test name="test_containsKeyLjava_lang_Object" result="pass" starttime="Fri Sep 21 16:33:43 CST 2012" endtime="Fri Sep 21 16:33:43 CST 2012" />
              <Test name="test_containsValueLjava_lang_Object" result="pass" starttime="Fri Sep 21 16:33:43 CST 2012" endtime="Fri Sep 21 16:33:43 CST 2012" />
              <Test name="test_entrySet" result="pass" starttime="Fri Sep 21 16:33:43 CST 2012" endtime="Fri Sep 21 16:33:43 CST 2012" />
              <Test name="test_isEmpty" result="pass" starttime="Fri Sep 21 16:33:43 CST 2012" endtime="Fri Sep 21 16:33:43 CST 2012" />
              <Test name="test_keySet" result="pass" starttime="Fri Sep 21 16:33:43 CST 2012" endtime="Fri Sep 21 16:33:43 CST 2012" />
              <Test name="test_putAllLjava_util_Map" result="pass" starttime="Fri Sep 21 16:33:43 CST 2012" endtime="Fri Sep 21 16:33:43 CST 2012" />
              <Test name="test_putLjava_lang_ObjectLjava_lang_Object" result="pass" starttime="Fri Sep 21 16:33:43 CST 2012" endtime="Fri Sep 21 16:33:43 CST 2012" />
              <Test name="test_removeLjava_lang_Object" result="pass" starttime="Fri Sep 21 16:33:43 CST 2012" endtime="Fri Sep 21 16:33:43 CST 2012" />
              <Test name="test_size" result="pass" starttime="Fri Sep 21 16:33:43 CST 2012" endtime="Fri Sep 21 16:33:44 CST 2012" />
              <Test name="test_values" result="pass" starttime="Fri Sep 21 16:33:44 CST 2012" endtime="Fri Sep 21 16:33:44 CST 2012" />
            </TestCase>
          </TestSuite>
        </TestSuite>
        <TestSuite name="javax">
          <TestSuite name="net">
            <TestSuite name="ssl">
              <TestCase name="CertPathTrustManagerParametersTest" priority="">
                <Test name="test_ConstructorLjava_security_cert_CertPathParameters" result="pass" starttime="Fri Sep 21 16:33:45 CST 2012" endtime="Fri Sep 21 16:33:45 CST 2012" />
                <Test name="test_getParameters" result="pass" starttime="Fri Sep 21 16:33:45 CST 2012" endtime="Fri Sep 21 16:33:45 CST 2012" />
              </TestCase>
              <TestCase name="HandshakeCompletedEventTest" priority="">
                <Test name="testClientAuth" result="pass" starttime="Fri Sep 21 16:33:45 CST 2012" endtime="Fri Sep 21 16:33:49 CST 2012" />
                <Test name="test_Constructor" result="pass" starttime="Fri Sep 21 16:33:49 CST 2012" endtime="Fri Sep 21 16:33:49 CST 2012" />
                <Test name="test_getCipherSuite" result="pass" starttime="Fri Sep 21 16:33:49 CST 2012" endtime="Fri Sep 21 16:33:49 CST 2012" />
                <Test name="test_getLocalCertificates" result="pass" starttime="Fri Sep 21 16:33:49 CST 2012" endtime="Fri Sep 21 16:33:49 CST 2012" />
                <Test name="test_getLocalPrincipal" result="pass" starttime="Fri Sep 21 16:33:49 CST 2012" endtime="Fri Sep 21 16:33:49 CST 2012" />
                <Test name="test_getPeerCertificateChain" result="pass" starttime="Fri Sep 21 16:33:49 CST 2012" endtime="Fri Sep 21 16:33:49 CST 2012" />
                <Test name="test_getPeerCertificates" result="pass" starttime="Fri Sep 21 16:33:49 CST 2012" endtime="Fri Sep 21 16:33:49 CST 2012" />
                <Test name="test_getPeerPrincipal" result="pass" starttime="Fri Sep 21 16:33:49 CST 2012" endtime="Fri Sep 21 16:33:49 CST 2012" />
                <Test name="test_getSession" result="pass" starttime="Fri Sep 21 16:33:49 CST 2012" endtime="Fri Sep 21 16:33:50 CST 2012" />
                <Test name="test_getSocket" result="pass" starttime="Fri Sep 21 16:33:50 CST 2012" endtime="Fri Sep 21 16:33:50 CST 2012" />
              </TestCase>
              <TestCase name="HostnameVerifierTest" priority="">
                <Test name="testSubjectAlt" result="pass" starttime="Fri Sep 21 16:33:50 CST 2012" endtime="Fri Sep 21 16:33:50 CST 2012" />
                <Test name="testSubjectAltName" result="pass" starttime="Fri Sep 21 16:33:50 CST 2012" endtime="Fri Sep 21 16:33:50 CST 2012" />
                <Test name="testSubjectAltNameWithWildcard" result="pass" starttime="Fri Sep 21 16:33:50 CST 2012" endtime="Fri Sep 21 16:33:50 CST 2012" />
                <Test name="testVerify" result="pass" starttime="Fri Sep 21 16:33:50 CST 2012" endtime="Fri Sep 21 16:33:50 CST 2012" />
                <Test name="testWildcardsCannotMatchIpAddresses" result="pass" starttime="Fri Sep 21 16:33:50 CST 2012" endtime="Fri Sep 21 16:33:50 CST 2012" />
                <Test name="testWildcardsDoesNotNeedTwoDots" result="pass" starttime="Fri Sep 21 16:33:50 CST 2012" endtime="Fri Sep 21 16:33:50 CST 2012" />
                <Test name="test_verify" result="pass" starttime="Fri Sep 21 16:33:50 CST 2012" endtime="Fri Sep 21 16:33:50 CST 2012" />
              </TestCase>
              <TestCase name="HttpsURLConnectionTest" priority="">
                <Test name="test_Constructor" result="pass" starttime="Fri Sep 21 16:33:50 CST 2012" endtime="Fri Sep 21 16:33:51 CST 2012" />
                <Test name="test_getCipherSuite" result="pass" starttime="Fri Sep 21 16:33:51 CST 2012" endtime="Fri Sep 21 16:33:51 CST 2012" />
                <Test name="test_getDefaultHostnameVerifier" result="pass" starttime="Fri Sep 21 16:33:51 CST 2012" endtime="Fri Sep 21 16:33:51 CST 2012" />
                <Test name="test_getDefaultSSLSocketFactory" result="pass" starttime="Fri Sep 21 16:33:51 CST 2012" endtime="Fri Sep 21 16:33:51 CST 2012" />
                <Test name="test_getHostnameVerifier" result="pass" starttime="Fri Sep 21 16:33:51 CST 2012" endtime="Fri Sep 21 16:33:51 CST 2012" />
                <Test name="test_getLocalCertificates" result="pass" starttime="Fri Sep 21 16:33:51 CST 2012" endtime="Fri Sep 21 16:33:51 CST 2012" />
                <Test name="test_getLocalPrincipal" result="pass" starttime="Fri Sep 21 16:33:51 CST 2012" endtime="Fri Sep 21 16:33:51 CST 2012" />
                <Test name="test_getPeerPrincipal" result="pass" starttime="Fri Sep 21 16:33:51 CST 2012" endtime="Fri Sep 21 16:33:51 CST 2012" />
                <Test name="test_getSSLSocketFactory" result="pass" starttime="Fri Sep 21 16:33:51 CST 2012" endtime="Fri Sep 21 16:33:52 CST 2012" />
                <Test name="test_getServerCertificates" result="pass" starttime="Fri Sep 21 16:33:52 CST 2012" endtime="Fri Sep 21 16:33:52 CST 2012" />
                <Test name="test_setDefaultHostnameVerifier" result="pass" starttime="Fri Sep 21 16:33:52 CST 2012" endtime="Fri Sep 21 16:33:52 CST 2012" />
                <Test name="test_setDefaultSSLSocketFactory" result="pass" starttime="Fri Sep 21 16:33:52 CST 2012" endtime="Fri Sep 21 16:33:52 CST 2012" />
                <Test name="test_setHostnameVerifier" result="pass" starttime="Fri Sep 21 16:33:52 CST 2012" endtime="Fri Sep 21 16:33:52 CST 2012" />
                <Test name="test_setSSLSocketFactory" result="pass" starttime="Fri Sep 21 16:33:52 CST 2012" endtime="Fri Sep 21 16:33:52 CST 2012" />
              </TestCase>
              <TestCase name="KeyManagerFactory1Test" priority="">
                <Test name="test_Constructor" result="pass" starttime="Fri Sep 21 16:33:52 CST 2012" endtime="Fri Sep 21 16:33:52 CST 2012" />
                <Test name="test_getAlgorithm" result="pass" starttime="Fri Sep 21 16:33:52 CST 2012" endtime="Fri Sep 21 16:33:52 CST 2012" />
                <Test name="test_getDefaultAlgorithm" result="pass" starttime="Fri Sep 21 16:33:52 CST 2012" endtime="Fri Sep 21 16:33:52 CST 2012" />
                <Test name="test_getInstanceLjava_lang_String01" result="pass" starttime="Fri Sep 21 16:33:52 CST 2012" endtime="Fri Sep 21 16:33:53 CST 2012" />
                <Test name="test_getInstanceLjava_lang_String02" result="pass" starttime="Fri Sep 21 16:33:53 CST 2012" endtime="Fri Sep 21 16:33:53 CST 2012" />
                <Test name="test_getInstanceLjava_lang_StringLjava_lang_String01" result="pass" starttime="Fri Sep 21 16:33:53 CST 2012" endtime="Fri Sep 21 16:33:53 CST 2012" />
                <Test name="test_getInstanceLjava_lang_StringLjava_lang_String02" result="pass" starttime="Fri Sep 21 16:33:53 CST 2012" endtime="Fri Sep 21 16:33:53 CST 2012" />
                <Test name="test_getInstanceLjava_lang_StringLjava_lang_String03" result="pass" starttime="Fri Sep 21 16:33:53 CST 2012" endtime="Fri Sep 21 16:33:53 CST 2012" />
                <Test name="test_getInstanceLjava_lang_StringLjava_lang_String04" result="pass" starttime="Fri Sep 21 16:33:53 CST 2012" endtime="Fri Sep 21 16:33:53 CST 2012" />
                <Test name="test_getInstanceLjava_lang_StringLjava_security_Provider01" result="pass" starttime="Fri Sep 21 16:33:53 CST 2012" endtime="Fri Sep 21 16:33:53 CST 2012" />
                <Test name="test_getInstanceLjava_lang_StringLjava_security_Provider02" result="pass" starttime="Fri Sep 21 16:33:53 CST 2012" endtime="Fri Sep 21 16:33:53 CST 2012" />
                <Test name="test_getInstanceLjava_lang_StringLjava_security_Provider03" result="pass" starttime="Fri Sep 21 16:33:53 CST 2012" endtime="Fri Sep 21 16:33:54 CST 2012" />
                <Test name="test_getKeyManagers" result="pass" starttime="Fri Sep 21 16:33:54 CST 2012" endtime="Fri Sep 21 16:33:54 CST 2012" />
                <Test name="test_getProvider" result="pass" starttime="Fri Sep 21 16:33:54 CST 2012" endtime="Fri Sep 21 16:33:54 CST 2012" />
                <Test name="test_initLjava_security_KeyStore$C" result="pass" starttime="Fri Sep 21 16:33:54 CST 2012" endtime="Fri Sep 21 16:33:54 CST 2012" />
                <Test name="test_initLjavax_net_ssl_ManagerFactoryParameters" result="pass" starttime="Fri Sep 21 16:33:54 CST 2012" endtime="Fri Sep 21 16:33:54 CST 2012" />
              </TestCase>
              <TestCase name="KeyManagerFactory2Test" priority="">
                <Test name="test_getInstanceLjava_lang_String" result="pass" starttime="Fri Sep 21 16:33:54 CST 2012" endtime="Fri Sep 21 16:33:54 CST 2012" />
                <Test name="test_getInstanceLjava_lang_StringLjava_lang_String" result="pass" starttime="Fri Sep 21 16:33:54 CST 2012" endtime="Fri Sep 21 16:33:54 CST 2012" />
                <Test name="test_getInstanceLjava_lang_StringLjava_security_Provider" result="pass" starttime="Fri Sep 21 16:33:54 CST 2012" endtime="Fri Sep 21 16:33:54 CST 2012" />
              </TestCase>
              <TestCase name="KeyManagerFactorySpiTest" priority="">
                <Test name="test_Constructor" result="pass" starttime="Fri Sep 21 16:33:54 CST 2012" endtime="Fri Sep 21 16:33:55 CST 2012" />
                <Test name="test_engineGetKeyManagers" result="pass" starttime="Fri Sep 21 16:33:55 CST 2012" endtime="Fri Sep 21 16:33:55 CST 2012" />
                <Test name="test_engineInit_01" result="pass" starttime="Fri Sep 21 16:33:55 CST 2012" endtime="Fri Sep 21 16:33:55 CST 2012" />
                <Test name="test_engineInit_02" result="pass" starttime="Fri Sep 21 16:33:55 CST 2012" endtime="Fri Sep 21 16:33:55 CST 2012" />
              </TestCase>
              <TestCase name="KeyStoreBuilderParametersTest" priority="">
                <Test name="test_Constructor01" result="pass" starttime="Fri Sep 21 16:33:55 CST 2012" endtime="Fri Sep 21 16:33:55 CST 2012" />
                <Test name="test_Constructor02" result="pass" starttime="Fri Sep 21 16:33:55 CST 2012" endtime="Fri Sep 21 16:33:55 CST 2012" />
                <Test name="test_getParameters" result="pass" starttime="Fri Sep 21 16:33:55 CST 2012" endtime="Fri Sep 21 16:33:55 CST 2012" />
              </TestCase>
              <TestCase name="SSLContext1Test" priority="">
                <Test name="test_ConstructorLjavax_net_ssl_SSLContextSpiLjava_security_ProviderLjava_lang_String" result="pass" starttime="Fri Sep 21 16:33:55 CST 2012" endtime="Fri Sep 21 16:33:55 CST 2012" />
                <Test name="test_createSSLEngine" result="pass" starttime="Fri Sep 21 16:33:55 CST 2012" endtime="Fri Sep 21 16:33:55 CST 2012" />
                <Test name="test_createSSLEngineLjava_lang_StringI" result="pass" starttime="Fri Sep 21 16:33:55 CST 2012" endtime="Fri Sep 21 16:33:56 CST 2012" />
                <Test name="test_getClientSessionContext" result="pass" starttime="Fri Sep 21 16:33:56 CST 2012" endtime="Fri Sep 21 16:33:56 CST 2012" />
                <Test name="test_getInstanceLjava_lang_String01" result="pass" starttime="Fri Sep 21 16:33:56 CST 2012" endtime="Fri Sep 21 16:33:56 CST 2012" />
                <Test name="test_getInstanceLjava_lang_String02" result="pass" starttime="Fri Sep 21 16:33:56 CST 2012" endtime="Fri Sep 21 16:33:56 CST 2012" />
                <Test name="test_getInstanceLjava_lang_StringLjava_lang_String01" result="pass" starttime="Fri Sep 21 16:33:56 CST 2012" endtime="Fri Sep 21 16:33:56 CST 2012" />
                <Test name="test_getInstanceLjava_lang_StringLjava_lang_String02" result="pass" starttime="Fri Sep 21 16:33:56 CST 2012" endtime="Fri Sep 21 16:33:56 CST 2012" />
                <Test name="test_getInstanceLjava_lang_StringLjava_lang_String03" result="pass" starttime="Fri Sep 21 16:33:56 CST 2012" endtime="Fri Sep 21 16:33:56 CST 2012" />
                <Test name="test_getInstanceLjava_lang_StringLjava_lang_String04" result="pass" starttime="Fri Sep 21 16:33:56 CST 2012" endtime="Fri Sep 21 16:33:56 CST 2012" />
                <Test name="test_getInstanceLjava_lang_StringLjava_security_Provider01" result="pass" starttime="Fri Sep 21 16:33:56 CST 2012" endtime="Fri Sep 21 16:33:57 CST 2012" />
                <Test name="test_getInstanceLjava_lang_StringLjava_security_Provider02" result="pass" starttime="Fri Sep 21 16:33:57 CST 2012" endtime="Fri Sep 21 16:33:57 CST 2012" />
                <Test name="test_getInstanceLjava_lang_StringLjava_security_Provider03" result="pass" starttime="Fri Sep 21 16:33:57 CST 2012" endtime="Fri Sep 21 16:33:57 CST 2012" />
                <Test name="test_getProtocol" result="pass" starttime="Fri Sep 21 16:33:57 CST 2012" endtime="Fri Sep 21 16:33:57 CST 2012" />
                <Test name="test_getProvider" result="pass" starttime="Fri Sep 21 16:33:57 CST 2012" endtime="Fri Sep 21 16:33:57 CST 2012" />
                <Test name="test_getServerSessionContext" result="pass" starttime="Fri Sep 21 16:33:57 CST 2012" endtime="Fri Sep 21 16:33:57 CST 2012" />
                <Test name="test_getServerSocketFactory" result="pass" starttime="Fri Sep 21 16:33:57 CST 2012" endtime="Fri Sep 21 16:33:57 CST 2012" />
                <Test name="test_getSocketFactory" result="pass" starttime="Fri Sep 21 16:33:57 CST 2012" endtime="Fri Sep 21 16:33:57 CST 2012" />
                <Test name="test_init$Ljavax_net_ssl_KeyManager$Ljavax_net_ssl_TrustManagerLjava_security_SecureRandom" result="pass" starttime="Fri Sep 21 16:33:57 CST 2012" endtime="Fri Sep 21 16:33:58 CST 2012" />
              </TestCase>
              <TestCase name="SSLContext2Test" priority="">
                <Test name="test_getInstanceLjava_lang_String" result="pass" starttime="Fri Sep 21 16:33:58 CST 2012" endtime="Fri Sep 21 16:33:58 CST 2012" />
                <Test name="test_getInstanceLjava_lang_StringLjava_lang_String" result="pass" starttime="Fri Sep 21 16:33:58 CST 2012" endtime="Fri Sep 21 16:33:58 CST 2012" />
                <Test name="test_getInstanceLjava_lang_StringLjava_security_Provider" result="pass" starttime="Fri Sep 21 16:33:58 CST 2012" endtime="Fri Sep 21 16:33:58 CST 2012" />
              </TestCase>
              <TestCase name="SSLContextSpiTest" priority="">
                <Test name="test_Constructor" result="pass" starttime="Fri Sep 21 16:33:58 CST 2012" endtime="Fri Sep 21 16:33:58 CST 2012" />
                <Test name="test_commonTest_01" result="pass" starttime="Fri Sep 21 16:33:58 CST 2012" endtime="Fri Sep 21 16:33:58 CST 2012" />
                <Test name="test_commonTest_02" result="pass" starttime="Fri Sep 21 16:33:58 CST 2012" endtime="Fri Sep 21 16:33:58 CST 2012" />
                <Test name="test_engineCreateSSLEngine_01" result="pass" starttime="Fri Sep 21 16:33:58 CST 2012" endtime="Fri Sep 21 16:33:58 CST 2012" />
                <Test name="test_engineCreateSSLEngine_02" result="pass" starttime="Fri Sep 21 16:33:58 CST 2012" endtime="Fri Sep 21 16:33:58 CST 2012" />
                <Test name="test_engineInit" result="pass" starttime="Fri Sep 21 16:33:58 CST 2012" endtime="Fri Sep 21 16:33:58 CST 2012" />
              </TestCase>
              <TestCase name="SSLEngineResultHandshakeStatusTest" priority="">
                <Test name="test_SSLEngineResultHandshakeStatus_values" result="pass" starttime="Fri Sep 21 16:33:58 CST 2012" endtime="Fri Sep 21 16:33:59 CST 2012" />
                <Test name="test_SSLEngineResultStatus_valueOf" result="pass" starttime="Fri Sep 21 16:33:59 CST 2012" endtime="Fri Sep 21 16:33:59 CST 2012" />
              </TestCase>
              <TestCase name="SSLEngineResultStatusTest" priority="">
                <Test name="test_SSLEngineResultStatus_valueOf" result="pass" starttime="Fri Sep 21 16:33:59 CST 2012" endtime="Fri Sep 21 16:33:59 CST 2012" />
                <Test name="test_SSLEngineResultStatus_values" result="pass" starttime="Fri Sep 21 16:33:59 CST 2012" endtime="Fri Sep 21 16:33:59 CST 2012" />
              </TestCase>
              <TestCase name="SSLEngineResultTest" priority="">
                <Test name="test_ConstructorLjavax_net_ssl_SSLEngineResult_StatusLjavax_net_ssl_SSLEngineResult_HandshakeStatusII" result="pass" starttime="Fri Sep 21 16:33:59 CST 2012" endtime="Fri Sep 21 16:33:59 CST 2012" />
                <Test name="test_bytesConsumed" result="pass" starttime="Fri Sep 21 16:33:59 CST 2012" endtime="Fri Sep 21 16:33:59 CST 2012" />
                <Test name="test_bytesProduced" result="pass" starttime="Fri Sep 21 16:33:59 CST 2012" endtime="Fri Sep 21 16:33:59 CST 2012" />
                <Test name="test_getHandshakeStatus" result="pass" starttime="Fri Sep 21 16:33:59 CST 2012" endtime="Fri Sep 21 16:33:59 CST 2012" />
                <Test name="test_getStatus" result="pass" starttime="Fri Sep 21 16:33:59 CST 2012" endtime="Fri Sep 21 16:33:59 CST 2012" />
                <Test name="test_toString" result="pass" starttime="Fri Sep 21 16:33:59 CST 2012" endtime="Fri Sep 21 16:34:00 CST 2012" />
              </TestCase>
              <TestCase name="SSLEngineTest" priority="">
                <Test name="test_Constructor" result="pass" starttime="Fri Sep 21 16:34:00 CST 2012" endtime="Fri Sep 21 16:34:00 CST 2012" />
                <Test name="test_ConstructorLjava_lang_StringI01" result="pass" starttime="Fri Sep 21 16:34:00 CST 2012" endtime="Fri Sep 21 16:34:00 CST 2012" />
                <Test name="test_ConstructorLjava_lang_StringI02" result="pass" starttime="Fri Sep 21 16:34:00 CST 2012" endtime="Fri Sep 21 16:34:01 CST 2012" />
                <Test name="test_EnableSessionCreation" result="pass" starttime="Fri Sep 21 16:34:01 CST 2012" endtime="Fri Sep 21 16:34:01 CST 2012" />
                <Test name="test_EnabledCipherSuites" result="pass" starttime="Fri Sep 21 16:34:01 CST 2012" endtime="Fri Sep 21 16:34:01 CST 2012" />
                <Test name="test_EnabledProtocols" result="pass" starttime="Fri Sep 21 16:34:01 CST 2012" endtime="Fri Sep 21 16:34:01 CST 2012" />
                <Test name="test_NeedClientAuth" result="pass" starttime="Fri Sep 21 16:34:01 CST 2012" endtime="Fri Sep 21 16:34:01 CST 2012" />
                <Test name="test_UseClientMode" result="pass" starttime="Fri Sep 21 16:34:01 CST 2012" endtime="Fri Sep 21 16:34:01 CST 2012" />
                <Test name="test_WantClientAuth" result="pass" starttime="Fri Sep 21 16:34:01 CST 2012" endtime="Fri Sep 21 16:34:01 CST 2012" />
                <Test name="test_beginHandshake" result="pass" starttime="Fri Sep 21 16:34:01 CST 2012" endtime="Fri Sep 21 16:34:01 CST 2012" />
                <Test name="test_closeInbound" result="pass" starttime="Fri Sep 21 16:34:01 CST 2012" endtime="Fri Sep 21 16:34:01 CST 2012" />
                <Test name="test_closeOutbound" result="pass" starttime="Fri Sep 21 16:34:01 CST 2012" endtime="Fri Sep 21 16:34:01 CST 2012" />
                <Test name="test_getHandshakeStatus" result="pass" starttime="Fri Sep 21 16:34:02 CST 2012" endtime="Fri Sep 21 16:34:02 CST 2012" />
                <Test name="test_getPeerHost" result="pass" starttime="Fri Sep 21 16:34:02 CST 2012" endtime="Fri Sep 21 16:34:02 CST 2012" />
                <Test name="test_getPeerPort" result="pass" starttime="Fri Sep 21 16:34:02 CST 2012" endtime="Fri Sep 21 16:34:02 CST 2012" />
                <Test name="test_getSession" result="pass" starttime="Fri Sep 21 16:34:02 CST 2012" endtime="Fri Sep 21 16:34:02 CST 2012" />
                <Test name="test_getSupportedCipherSuites" result="pass" starttime="Fri Sep 21 16:34:02 CST 2012" endtime="Fri Sep 21 16:34:02 CST 2012" />
                <Test name="test_getSupportedProtocols" result="pass" starttime="Fri Sep 21 16:34:02 CST 2012" endtime="Fri Sep 21 16:34:02 CST 2012" />
                <Test name="test_unwrap_01" result="pass" starttime="Fri Sep 21 16:34:02 CST 2012" endtime="Fri Sep 21 16:34:03 CST 2012" />
                <Test name="test_unwrap_05" result="pass" starttime="Fri Sep 21 16:34:03 CST 2012" endtime="Fri Sep 21 16:34:03 CST 2012" />
                <Test name="test_unwrap_06" result="pass" starttime="Fri Sep 21 16:34:03 CST 2012" endtime="Fri Sep 21 16:34:03 CST 2012" />
                <Test name="test_unwrap_ByteBuffer$ByteBuffer_01" result="pass" starttime="Fri Sep 21 16:34:03 CST 2012" endtime="Fri Sep 21 16:34:04 CST 2012" />
                <Test name="test_unwrap_ByteBuffer$ByteBuffer_04" result="pass" starttime="Fri Sep 21 16:34:04 CST 2012" endtime="Fri Sep 21 16:34:04 CST 2012" />
                <Test name="test_unwrap_ByteBuffer$ByteBuffer_05" result="pass" starttime="Fri Sep 21 16:34:04 CST 2012" endtime="Fri Sep 21 16:34:04 CST 2012" />
                <Test name="test_unwrap_ByteBuffer_ByteBuffer_01" result="pass" starttime="Fri Sep 21 16:34:04 CST 2012" endtime="Fri Sep 21 16:34:05 CST 2012" />
                <Test name="test_unwrap_ByteBuffer_ByteBuffer_04" result="pass" starttime="Fri Sep 21 16:34:05 CST 2012" endtime="Fri Sep 21 16:34:05 CST 2012" />
                <Test name="test_unwrap_ByteBuffer_ByteBuffer_05" result="pass" starttime="Fri Sep 21 16:34:05 CST 2012" endtime="Fri Sep 21 16:34:05 CST 2012" />
                <Test name="test_wrap_01" result="pass" starttime="Fri Sep 21 16:34:05 CST 2012" endtime="Fri Sep 21 16:34:06 CST 2012" />
                <Test name="test_wrap_03" result="pass" starttime="Fri Sep 21 16:34:06 CST 2012" endtime="Fri Sep 21 16:34:06 CST 2012" />
                <Test name="test_wrap_05" result="pass" starttime="Fri Sep 21 16:34:06 CST 2012" endtime="Fri Sep 21 16:34:06 CST 2012" />
                <Test name="test_wrap_06" result="pass" starttime="Fri Sep 21 16:34:06 CST 2012" endtime="Fri Sep 21 16:34:06 CST 2012" />
                <Test name="test_wrap_ByteBuffer$ByteBuffer_01" result="pass" starttime="Fri Sep 21 16:34:06 CST 2012" endtime="Fri Sep 21 16:34:07 CST 2012" />
                <Test name="test_wrap_ByteBuffer$ByteBuffer_02" result="pass" starttime="Fri Sep 21 16:34:07 CST 2012" endtime="Fri Sep 21 16:34:07 CST 2012" />
                <Test name="test_wrap_ByteBuffer$ByteBuffer_04" result="pass" starttime="Fri Sep 21 16:34:07 CST 2012" endtime="Fri Sep 21 16:34:07 CST 2012" />
                <Test name="test_wrap_ByteBuffer$ByteBuffer_05" result="pass" starttime="Fri Sep 21 16:34:07 CST 2012" endtime="Fri Sep 21 16:34:07 CST 2012" />
                <Test name="test_wrap_ByteBuffer_ByteBuffer_01" result="pass" starttime="Fri Sep 21 16:34:07 CST 2012" endtime="Fri Sep 21 16:34:08 CST 2012" />
                <Test name="test_wrap_ByteBuffer_ByteBuffer_02" result="pass" starttime="Fri Sep 21 16:34:08 CST 2012" endtime="Fri Sep 21 16:34:08 CST 2012" />
                <Test name="test_wrap_ByteBuffer_ByteBuffer_04" result="pass" starttime="Fri Sep 21 16:34:08 CST 2012" endtime="Fri Sep 21 16:34:08 CST 2012" />
                <Test name="test_wrap_ByteBuffer_ByteBuffer_05" result="pass" starttime="Fri Sep 21 16:34:08 CST 2012" endtime="Fri Sep 21 16:34:08 CST 2012" />
              </TestCase>
              <TestCase name="SSLExceptionTest" priority="">
                <Test name="testSSLException01" result="pass" starttime="Fri Sep 21 16:34:08 CST 2012" endtime="Fri Sep 21 16:34:08 CST 2012" />
                <Test name="testSSLException02" result="pass" starttime="Fri Sep 21 16:34:08 CST 2012" endtime="Fri Sep 21 16:34:09 CST 2012" />
                <Test name="testSSLException03" result="pass" starttime="Fri Sep 21 16:34:09 CST 2012" endtime="Fri Sep 21 16:34:09 CST 2012" />
                <Test name="testSSLException04" result="pass" starttime="Fri Sep 21 16:34:09 CST 2012" endtime="Fri Sep 21 16:34:09 CST 2012" />
                <Test name="testSSLException05" result="pass" starttime="Fri Sep 21 16:34:09 CST 2012" endtime="Fri Sep 21 16:34:09 CST 2012" />
                <Test name="testSSLException06" result="pass" starttime="Fri Sep 21 16:34:09 CST 2012" endtime="Fri Sep 21 16:34:09 CST 2012" />
                <Test name="testSSLException07" result="pass" starttime="Fri Sep 21 16:34:09 CST 2012" endtime="Fri Sep 21 16:34:09 CST 2012" />
                <Test name="testSSLException08" result="pass" starttime="Fri Sep 21 16:34:09 CST 2012" endtime="Fri Sep 21 16:34:09 CST 2012" />
              </TestCase>
              <TestCase name="SSLHandshakeExceptionTest" priority="">
                <Test name="test_Constructor01" result="pass" starttime="Fri Sep 21 16:34:09 CST 2012" endtime="Fri Sep 21 16:34:09 CST 2012" />
                <Test name="test_Constructor02" result="pass" starttime="Fri Sep 21 16:34:09 CST 2012" endtime="Fri Sep 21 16:34:09 CST 2012" />
              </TestCase>
              <TestCase name="SSLKeyExceptionTest" priority="">
                <Test name="test_Constructor01" result="pass" starttime="Fri Sep 21 16:34:09 CST 2012" endtime="Fri Sep 21 16:34:09 CST 2012" />
                <Test name="test_Constructor02" result="pass" starttime="Fri Sep 21 16:34:09 CST 2012" endtime="Fri Sep 21 16:34:10 CST 2012" />
              </TestCase>
              <TestCase name="SSLPeerUnverifiedExceptionTest" priority="">
                <Test name="test_Constructor01" result="pass" starttime="Fri Sep 21 16:34:10 CST 2012" endtime="Fri Sep 21 16:34:10 CST 2012" />
                <Test name="test_Constructor02" result="pass" starttime="Fri Sep 21 16:34:10 CST 2012" endtime="Fri Sep 21 16:34:10 CST 2012" />
              </TestCase>
              <TestCase name="SSLProtocolExceptionTest" priority="">
                <Test name="test_Constructor01" result="pass" starttime="Fri Sep 21 16:34:10 CST 2012" endtime="Fri Sep 21 16:34:10 CST 2012" />
                <Test name="test_Constructor02" result="pass" starttime="Fri Sep 21 16:34:10 CST 2012" endtime="Fri Sep 21 16:34:10 CST 2012" />
              </TestCase>
              <TestCase name="SSLServerSocketFactoryTest" priority="">
                <Test name="test_Constructor" result="pass" starttime="Fri Sep 21 16:34:10 CST 2012" endtime="Fri Sep 21 16:34:10 CST 2012" />
                <Test name="test_getDefault" result="pass" starttime="Fri Sep 21 16:34:10 CST 2012" endtime="Fri Sep 21 16:34:10 CST 2012" />
                <Test name="test_getDefaultCipherSuites" result="pass" starttime="Fri Sep 21 16:34:10 CST 2012" endtime="Fri Sep 21 16:34:10 CST 2012" />
                <Test name="test_getSupportedCipherSuites" result="pass" starttime="Fri Sep 21 16:34:10 CST 2012" endtime="Fri Sep 21 16:34:11 CST 2012" />
              </TestCase>
              <TestCase name="SSLServerSocketTest" priority="">
                <Test name="testConstructor_01" result="pass" starttime="Fri Sep 21 16:34:11 CST 2012" endtime="Fri Sep 21 16:34:11 CST 2012" />
                <Test name="testConstructor_02" result="pass" starttime="Fri Sep 21 16:34:11 CST 2012" endtime="Fri Sep 21 16:34:11 CST 2012" />
                <Test name="testConstructor_03" result="pass" starttime="Fri Sep 21 16:34:11 CST 2012" endtime="Fri Sep 21 16:34:11 CST 2012" />
                <Test name="testConstructor_04" result="pass" starttime="Fri Sep 21 16:34:11 CST 2012" endtime="Fri Sep 21 16:34:11 CST 2012" />
                <Test name="test_EnableSessionCreation" result="pass" starttime="Fri Sep 21 16:34:11 CST 2012" endtime="Fri Sep 21 16:34:11 CST 2012" />
                <Test name="test_EnabledCipherSuites" result="pass" starttime="Fri Sep 21 16:34:11 CST 2012" endtime="Fri Sep 21 16:34:11 CST 2012" />
                <Test name="test_EnabledProtocols" result="pass" starttime="Fri Sep 21 16:34:11 CST 2012" endtime="Fri Sep 21 16:34:11 CST 2012" />
                <Test name="test_NeedClientAuth" result="pass" starttime="Fri Sep 21 16:34:11 CST 2012" endtime="Fri Sep 21 16:34:12 CST 2012" />
                <Test name="test_UseClientMode" result="pass" starttime="Fri Sep 21 16:34:12 CST 2012" endtime="Fri Sep 21 16:34:12 CST 2012" />
                <Test name="test_WantClientAuth" result="pass" starttime="Fri Sep 21 16:34:12 CST 2012" endtime="Fri Sep 21 16:34:12 CST 2012" />
                <Test name="test_creationStressTest" result="pass" starttime="Fri Sep 21 16:34:12 CST 2012" endtime="Fri Sep 21 16:34:12 CST 2012" />
                <Test name="test_getSupportedCipherSuites" result="pass" starttime="Fri Sep 21 16:34:12 CST 2012" endtime="Fri Sep 21 16:34:12 CST 2012" />
                <Test name="test_getSupportedProtocols" result="pass" starttime="Fri Sep 21 16:34:12 CST 2012" endtime="Fri Sep 21 16:34:13 CST 2012" />
              </TestCase>
              <TestCase name="SSLSessionBindingEventTest" priority="">
                <Test name="test_ConstructorLjavax_net_ssl_SSLSessionLjava_lang_String" result="pass" starttime="Fri Sep 21 16:34:13 CST 2012" endtime="Fri Sep 21 16:34:13 CST 2012" />
                <Test name="test_getName" result="pass" starttime="Fri Sep 21 16:34:13 CST 2012" endtime="Fri Sep 21 16:34:13 CST 2012" />
                <Test name="test_getSession" result="pass" starttime="Fri Sep 21 16:34:13 CST 2012" endtime="Fri Sep 21 16:34:13 CST 2012" />
              </TestCase>
              <TestCase name="SSLSessionBindingListenerTest" priority="">
                <Test name="test_valueBound" result="pass" starttime="Fri Sep 21 16:34:13 CST 2012" endtime="Fri Sep 21 16:34:13 CST 2012" />
                <Test name="test_valueUnbound" result="pass" starttime="Fri Sep 21 16:34:13 CST 2012" endtime="Fri Sep 21 16:34:13 CST 2012" />
              </TestCase>
              <TestCase name="SSLSessionContextTest" priority="">
                <Test name="test_getIds" result="pass" starttime="Fri Sep 21 16:34:13 CST 2012" endtime="Fri Sep 21 16:34:13 CST 2012" />
                <Test name="test_getSession" result="pass" starttime="Fri Sep 21 16:34:13 CST 2012" endtime="Fri Sep 21 16:34:13 CST 2012" />
                <Test name="test_sessionCacheSize" result="pass" starttime="Fri Sep 21 16:34:13 CST 2012" endtime="Fri Sep 21 16:34:13 CST 2012" />
                <Test name="test_sessionTimeout" result="pass" starttime="Fri Sep 21 16:34:13 CST 2012" endtime="Fri Sep 21 16:34:13 CST 2012" />
              </TestCase>
              <TestCase name="SSLSessionTest" priority="">
                <Test name="test_getApplicationBufferSize" result="pass" starttime="Fri Sep 21 16:34:13 CST 2012" endtime="Fri Sep 21 16:34:15 CST 2012" />
                <Test name="test_getCipherSuite" result="pass" starttime="Fri Sep 21 16:34:15 CST 2012" endtime="Fri Sep 21 16:34:17 CST 2012" />
                <Test name="test_getCreationTime" result="pass" starttime="Fri Sep 21 16:34:17 CST 2012" endtime="Fri Sep 21 16:34:19 CST 2012" />
                <Test name="test_getId" result="pass" starttime="Fri Sep 21 16:34:19 CST 2012" endtime="Fri Sep 21 16:34:20 CST 2012" />
                <Test name="test_getLastAccessedTime" result="pass" starttime="Fri Sep 21 16:34:20 CST 2012" endtime="Fri Sep 21 16:34:22 CST 2012" />
                <Test name="test_getLocalCertificates" result="pass" starttime="Fri Sep 21 16:34:22 CST 2012" endtime="Fri Sep 21 16:34:24 CST 2012" />
                <Test name="test_getLocalPrincipal" result="pass" starttime="Fri Sep 21 16:34:24 CST 2012" endtime="Fri Sep 21 16:34:25 CST 2012" />
                <Test name="test_getPacketBufferSize" result="pass" starttime="Fri Sep 21 16:34:25 CST 2012" endtime="Fri Sep 21 16:34:27 CST 2012" />
                <Test name="test_getPeerCertificateChain" result="pass" starttime="Fri Sep 21 16:34:27 CST 2012" endtime="Fri Sep 21 16:34:29 CST 2012" />
                <Test name="test_getPeerCertificates" result="pass" starttime="Fri Sep 21 16:34:29 CST 2012" endtime="Fri Sep 21 16:34:31 CST 2012" />
                <Test name="test_getPeerHost" result="pass" starttime="Fri Sep 21 16:34:31 CST 2012" endtime="Fri Sep 21 16:34:32 CST 2012" />
                <Test name="test_getPeerPrincipal" result="pass" starttime="Fri Sep 21 16:34:32 CST 2012" endtime="Fri Sep 21 16:34:34 CST 2012" />
                <Test name="test_getProtocol" result="pass" starttime="Fri Sep 21 16:34:34 CST 2012" endtime="Fri Sep 21 16:34:36 CST 2012" />
                <Test name="test_getSessionContext" result="pass" starttime="Fri Sep 21 16:34:36 CST 2012" endtime="Fri Sep 21 16:34:38 CST 2012" />
                <Test name="test_getValue" result="pass" starttime="Fri Sep 21 16:34:38 CST 2012" endtime="Fri Sep 21 16:34:39 CST 2012" />
                <Test name="test_invalidate" result="pass" starttime="Fri Sep 21 16:34:39 CST 2012" endtime="Fri Sep 21 16:34:41 CST 2012" />
                <Test name="test_putValue" result="pass" starttime="Fri Sep 21 16:34:41 CST 2012" endtime="Fri Sep 21 16:34:43 CST 2012" />
              </TestCase>
              <TestCase name="SSLSocketFactoryTest" priority="">
                <Test name="test_Constructor" result="pass" starttime="Fri Sep 21 16:34:43 CST 2012" endtime="Fri Sep 21 16:34:43 CST 2012" />
                <Test name="test_createSocket" result="pass" starttime="Fri Sep 21 16:34:43 CST 2012" endtime="Fri Sep 21 16:34:43 CST 2012" />
                <Test name="test_getDefault" result="pass" starttime="Fri Sep 21 16:34:43 CST 2012" endtime="Fri Sep 21 16:34:43 CST 2012" />
                <Test name="test_getDefaultCipherSuites" result="pass" starttime="Fri Sep 21 16:34:43 CST 2012" endtime="Fri Sep 21 16:34:43 CST 2012" />
                <Test name="test_getSupportedCipherSuites" result="pass" starttime="Fri Sep 21 16:34:43 CST 2012" endtime="Fri Sep 21 16:34:43 CST 2012" />
              </TestCase>
              <TestCase name="SSLSocketTest" priority="">
                <Test name="testConstructor_01" result="pass" starttime="Fri Sep 21 16:34:43 CST 2012" endtime="Fri Sep 21 16:34:43 CST 2012" />
                <Test name="testConstructor_02" result="pass" starttime="Fri Sep 21 16:34:43 CST 2012" endtime="Fri Sep 21 16:34:44 CST 2012" />
                <Test name="testConstructor_03" result="pass" starttime="Fri Sep 21 16:34:44 CST 2012" endtime="Fri Sep 21 16:34:44 CST 2012" />
                <Test name="testConstructor_04" result="pass" starttime="Fri Sep 21 16:34:44 CST 2012" endtime="Fri Sep 21 16:34:44 CST 2012" />
                <Test name="testConstructor_05" result="pass" starttime="Fri Sep 21 16:34:44 CST 2012" endtime="Fri Sep 21 16:34:44 CST 2012" />
                <Test name="test_EnableSessionCreation" result="pass" starttime="Fri Sep 21 16:34:44 CST 2012" endtime="Fri Sep 21 16:34:44 CST 2012" />
                <Test name="test_EnabledCipherSuites" result="pass" starttime="Fri Sep 21 16:34:44 CST 2012" endtime="Fri Sep 21 16:34:45 CST 2012" />
                <Test name="test_EnabledProtocols" result="pass" starttime="Fri Sep 21 16:34:45 CST 2012" endtime="Fri Sep 21 16:34:45 CST 2012" />
                <Test name="test_NeedClientAuth" result="pass" starttime="Fri Sep 21 16:34:45 CST 2012" endtime="Fri Sep 21 16:34:45 CST 2012" />
                <Test name="test_UseClientMode" result="pass" starttime="Fri Sep 21 16:34:45 CST 2012" endtime="Fri Sep 21 16:34:45 CST 2012" />
                <Test name="test_WantClientAuth" result="pass" starttime="Fri Sep 21 16:34:45 CST 2012" endtime="Fri Sep 21 16:34:45 CST 2012" />
                <Test name="test_addHandshakeCompletedListener" result="pass" starttime="Fri Sep 21 16:34:45 CST 2012" endtime="Fri Sep 21 16:34:45 CST 2012" />
                <Test name="test_creationStressTest" result="pass" starttime="Fri Sep 21 16:34:45 CST 2012" endtime="Fri Sep 21 16:34:46 CST 2012" />
                <Test name="test_getSession" result="pass" starttime="Fri Sep 21 16:34:46 CST 2012" endtime="Fri Sep 21 16:34:46 CST 2012" />
                <Test name="test_getSupportedCipherSuites" result="pass" starttime="Fri Sep 21 16:34:46 CST 2012" endtime="Fri Sep 21 16:34:46 CST 2012" />
                <Test name="test_getSupportedProtocols" result="pass" starttime="Fri Sep 21 16:34:46 CST 2012" endtime="Fri Sep 21 16:34:46 CST 2012" />
                <Test name="test_removeHandshakeCompletedListener" result="pass" starttime="Fri Sep 21 16:34:46 CST 2012" endtime="Fri Sep 21 16:34:46 CST 2012" />
                <Test name="test_startHandshake" result="pass" starttime="Fri Sep 21 16:34:46 CST 2012" endtime="Fri Sep 21 16:34:46 CST 2012" />
              </TestCase>
              <TestCase name="TrustManagerFactory1Test" priority="">
                <Test name="test_ConstructorLjavax_net_ssl_TrustManagerFactorySpiLjava_security_ProviderLjava_lang_String" result="pass" starttime="Fri Sep 21 16:34:46 CST 2012" endtime="Fri Sep 21 16:34:46 CST 2012" />
                <Test name="test_getAlgorithm" result="pass" starttime="Fri Sep 21 16:34:46 CST 2012" endtime="Fri Sep 21 16:34:46 CST 2012" />
                <Test name="test_getDefaultAlgorithm" result="pass" starttime="Fri Sep 21 16:34:46 CST 2012" endtime="Fri Sep 21 16:34:46 CST 2012" />
                <Test name="test_getInstanceLjava_lang_String01" result="pass" starttime="Fri Sep 21 16:34:46 CST 2012" endtime="Fri Sep 21 16:34:47 CST 2012" />
                <Test name="test_getInstanceLjava_lang_String02" result="pass" starttime="Fri Sep 21 16:34:47 CST 2012" endtime="Fri Sep 21 16:34:47 CST 2012" />
                <Test name="test_getInstanceLjava_lang_StringLjava_lang_String01" result="pass" starttime="Fri Sep 21 16:34:47 CST 2012" endtime="Fri Sep 21 16:34:47 CST 2012" />
                <Test name="test_getInstanceLjava_lang_StringLjava_lang_String02" result="pass" starttime="Fri Sep 21 16:34:47 CST 2012" endtime="Fri Sep 21 16:34:47 CST 2012" />
                <Test name="test_getInstanceLjava_lang_StringLjava_lang_String03" result="pass" starttime="Fri Sep 21 16:34:47 CST 2012" endtime="Fri Sep 21 16:34:47 CST 2012" />
                <Test name="test_getInstanceLjava_lang_StringLjava_lang_String04" result="pass" starttime="Fri Sep 21 16:34:47 CST 2012" endtime="Fri Sep 21 16:34:47 CST 2012" />
                <Test name="test_getInstanceLjava_lang_StringLjava_security_Provider01" result="pass" starttime="Fri Sep 21 16:34:47 CST 2012" endtime="Fri Sep 21 16:34:47 CST 2012" />
                <Test name="test_getInstanceLjava_lang_StringLjava_security_Provider02" result="pass" starttime="Fri Sep 21 16:34:47 CST 2012" endtime="Fri Sep 21 16:34:47 CST 2012" />
                <Test name="test_getInstanceLjava_lang_StringLjava_security_Provider03" result="pass" starttime="Fri Sep 21 16:34:47 CST 2012" endtime="Fri Sep 21 16:34:47 CST 2012" />
                <Test name="test_getProvider" result="pass" starttime="Fri Sep 21 16:34:47 CST 2012" endtime="Fri Sep 21 16:34:47 CST 2012" />
                <Test name="test_getTrustManagers" result="pass" starttime="Fri Sep 21 16:34:47 CST 2012" endtime="Fri Sep 21 16:34:48 CST 2012" />
                <Test name="test_initLjava_security_KeyStore_01" result="pass" starttime="Fri Sep 21 16:34:48 CST 2012" endtime="Fri Sep 21 16:34:48 CST 2012" />
                <Test name="test_initLjava_security_KeyStore_02" result="pass" starttime="Fri Sep 21 16:34:48 CST 2012" endtime="Fri Sep 21 16:34:48 CST 2012" />
              </TestCase>
              <TestCase name="TrustManagerFactory2Test" priority="">
                <Test name="testLjava_lang_StringLjava_security_Provider" result="pass" starttime="Fri Sep 21 16:34:48 CST 2012" endtime="Fri Sep 21 16:34:48 CST 2012" />
                <Test name="test_getInstanceLjava_lang_String" result="pass" starttime="Fri Sep 21 16:34:48 CST 2012" endtime="Fri Sep 21 16:34:48 CST 2012" />
                <Test name="test_getInstanceLjava_lang_StringLjava_lang_String" result="pass" starttime="Fri Sep 21 16:34:48 CST 2012" endtime="Fri Sep 21 16:34:48 CST 2012" />
              </TestCase>
              <TestCase name="TrustManagerFactorySpiTest" priority="">
                <Test name="test_Constructor" result="pass" starttime="Fri Sep 21 16:34:48 CST 2012" endtime="Fri Sep 21 16:34:48 CST 2012" />
                <Test name="test_engineGetTrustManagers" result="pass" starttime="Fri Sep 21 16:34:48 CST 2012" endtime="Fri Sep 21 16:34:48 CST 2012" />
                <Test name="test_engineInit_01" result="pass" starttime="Fri Sep 21 16:34:48 CST 2012" endtime="Fri Sep 21 16:34:49 CST 2012" />
                <Test name="test_engineInit_02" result="pass" starttime="Fri Sep 21 16:34:49 CST 2012" endtime="Fri Sep 21 16:34:49 CST 2012" />
              </TestCase>
              <TestCase name="X509ExtendedKeyManagerTest" priority="">
                <Test name="test_Constructor" result="pass" starttime="Fri Sep 21 16:34:49 CST 2012" endtime="Fri Sep 21 16:34:49 CST 2012" />
                <Test name="test_chooseEngineClientAlias" result="pass" starttime="Fri Sep 21 16:34:49 CST 2012" endtime="Fri Sep 21 16:34:49 CST 2012" />
                <Test name="test_chooseEngineServerAlias" result="pass" starttime="Fri Sep 21 16:34:49 CST 2012" endtime="Fri Sep 21 16:34:49 CST 2012" />
              </TestCase>
              <TestCase name="X509KeyManagerTest" priority="">
                <Test name="test_chooseClientAlias" result="pass" starttime="Fri Sep 21 16:34:49 CST 2012" endtime="Fri Sep 21 16:34:49 CST 2012" />
                <Test name="test_chooseServerAlias" result="pass" starttime="Fri Sep 21 16:34:49 CST 2012" endtime="Fri Sep 21 16:34:49 CST 2012" />
                <Test name="test_getCertificateChain" result="pass" starttime="Fri Sep 21 16:34:49 CST 2012" endtime="Fri Sep 21 16:34:50 CST 2012" />
                <Test name="test_getClientAliases" result="pass" starttime="Fri Sep 21 16:34:50 CST 2012" endtime="Fri Sep 21 16:34:50 CST 2012" />
                <Test name="test_getPrivateKey" result="pass" starttime="Fri Sep 21 16:34:50 CST 2012" endtime="Fri Sep 21 16:34:50 CST 2012" />
                <Test name="test_getServerAliases" result="pass" starttime="Fri Sep 21 16:34:50 CST 2012" endtime="Fri Sep 21 16:34:51 CST 2012" />
              </TestCase>
              <TestCase name="X509TrustManagerTest" priority="">
                <Test name="test_checkClientTrusted_01" result="pass" starttime="Fri Sep 21 16:34:51 CST 2012" endtime="Fri Sep 21 16:34:51 CST 2012" />
                <Test name="test_checkClientTrusted_02" result="pass" starttime="Fri Sep 21 16:34:51 CST 2012" endtime="Fri Sep 21 16:34:51 CST 2012" />
                <Test name="test_checkClientTrusted_03" result="pass" starttime="Fri Sep 21 16:34:51 CST 2012" endtime="Fri Sep 21 16:34:51 CST 2012" />
                <Test name="test_checkServerTrusted_01" result="pass" starttime="Fri Sep 21 16:34:51 CST 2012" endtime="Fri Sep 21 16:34:51 CST 2012" />
                <Test name="test_checkServerTrusted_02" result="pass" starttime="Fri Sep 21 16:34:51 CST 2012" endtime="Fri Sep 21 16:34:51 CST 2012" />
                <Test name="test_checkServerTrusted_03" result="pass" starttime="Fri Sep 21 16:34:51 CST 2012" endtime="Fri Sep 21 16:34:51 CST 2012" />
                <Test name="test_getAcceptedIssuers" result="pass" starttime="Fri Sep 21 16:34:51 CST 2012" endtime="Fri Sep 21 16:34:51 CST 2012" />
              </TestCase>
            </TestSuite>
            <TestCase name="ServerSocketFactoryTest" priority="">
              <Test name="test_Constructor" result="pass" starttime="Fri Sep 21 16:33:44 CST 2012" endtime="Fri Sep 21 16:33:44 CST 2012" />
              <Test name="test_createServerSocket_01" result="pass" starttime="Fri Sep 21 16:33:44 CST 2012" endtime="Fri Sep 21 16:33:44 CST 2012" />
              <Test name="test_createServerSocket_02" result="pass" starttime="Fri Sep 21 16:33:44 CST 2012" endtime="Fri Sep 21 16:33:44 CST 2012" />
              <Test name="test_createServerSocket_03" result="pass" starttime="Fri Sep 21 16:33:44 CST 2012" endtime="Fri Sep 21 16:33:44 CST 2012" />
              <Test name="test_createServerSocket_04" result="pass" starttime="Fri Sep 21 16:33:44 CST 2012" endtime="Fri Sep 21 16:33:44 CST 2012" />
              <Test name="test_getDefault" result="pass" starttime="Fri Sep 21 16:33:44 CST 2012" endtime="Fri Sep 21 16:33:44 CST 2012" />
            </TestCase>
            <TestCase name="SocketFactoryTest" priority="">
              <Test name="test_Constructor" result="pass" starttime="Fri Sep 21 16:33:44 CST 2012" endtime="Fri Sep 21 16:33:44 CST 2012" />
              <Test name="test_createSocket_01" result="pass" starttime="Fri Sep 21 16:33:44 CST 2012" endtime="Fri Sep 21 16:33:44 CST 2012" />
              <Test name="test_createSocket_02" result="pass" starttime="Fri Sep 21 16:33:44 CST 2012" endtime="Fri Sep 21 16:33:45 CST 2012" />
              <Test name="test_createSocket_03" result="pass" starttime="Fri Sep 21 16:33:45 CST 2012" endtime="Fri Sep 21 16:33:45 CST 2012" />
              <Test name="test_createSocket_04" result="pass" starttime="Fri Sep 21 16:33:45 CST 2012" endtime="Fri Sep 21 16:33:45 CST 2012" />
              <Test name="test_createSocket_05" result="pass" starttime="Fri Sep 21 16:33:45 CST 2012" endtime="Fri Sep 21 16:33:45 CST 2012" />
              <Test name="test_getDefault" result="pass" starttime="Fri Sep 21 16:33:45 CST 2012" endtime="Fri Sep 21 16:33:45 CST 2012" />
            </TestCase>
          </TestSuite>
          <TestSuite name="security">
            <TestSuite name="auth">
              <TestCase name="CallbackHandlerTest" priority="">
                <Test name="test_CallbackHandler" result="pass" starttime="Fri Sep 21 16:34:51 CST 2012" endtime="Fri Sep 21 16:34:51 CST 2012" />
              </TestCase>
              <TestCase name="DestroyFailedExceptionTest" priority="">
                <Test name="testDestroyFailedException01" result="pass" starttime="Fri Sep 21 16:34:51 CST 2012" endtime="Fri Sep 21 16:34:52 CST 2012" />
                <Test name="testDestroyFailedException02" result="pass" starttime="Fri Sep 21 16:34:52 CST 2012" endtime="Fri Sep 21 16:34:52 CST 2012" />
                <Test name="testDestroyFailedException03" result="pass" starttime="Fri Sep 21 16:34:52 CST 2012" endtime="Fri Sep 21 16:34:52 CST 2012" />
              </TestCase>
              <TestCase name="DestroyableTest" priority="">
                <Test name="test_destroy" result="pass" starttime="Fri Sep 21 16:34:52 CST 2012" endtime="Fri Sep 21 16:34:52 CST 2012" />
              </TestCase>
              <TestCase name="LoginExceptionTest" priority="">
                <Test name="testLoginException01" result="pass" starttime="Fri Sep 21 16:34:52 CST 2012" endtime="Fri Sep 21 16:34:52 CST 2012" />
                <Test name="testLoginException02" result="pass" starttime="Fri Sep 21 16:34:52 CST 2012" endtime="Fri Sep 21 16:34:52 CST 2012" />
                <Test name="testLoginException03" result="pass" starttime="Fri Sep 21 16:34:52 CST 2012" endtime="Fri Sep 21 16:34:52 CST 2012" />
              </TestCase>
              <TestCase name="PasswordCallbackTest" priority="">
                <Test name="test_Password" result="pass" starttime="Fri Sep 21 16:34:52 CST 2012" endtime="Fri Sep 21 16:34:52 CST 2012" />
                <Test name="test_PasswordCallback" result="pass" starttime="Fri Sep 21 16:34:52 CST 2012" endtime="Fri Sep 21 16:34:53 CST 2012" />
              </TestCase>
              <TestCase name="SubjectTest" priority="">
                <Test name="test_Constructor_01" result="pass" starttime="Fri Sep 21 16:34:53 CST 2012" endtime="Fri Sep 21 16:34:53 CST 2012" />
                <Test name="test_doAsPrivileged_01" result="pass" starttime="Fri Sep 21 16:34:53 CST 2012" endtime="Fri Sep 21 16:34:53 CST 2012" />
                <Test name="test_doAsPrivileged_02" result="pass" starttime="Fri Sep 21 16:34:53 CST 2012" endtime="Fri Sep 21 16:34:53 CST 2012" />
                <Test name="test_doAs_01" result="pass" starttime="Fri Sep 21 16:34:53 CST 2012" endtime="Fri Sep 21 16:34:53 CST 2012" />
                <Test name="test_doAs_02" result="pass" starttime="Fri Sep 21 16:34:53 CST 2012" endtime="Fri Sep 21 16:34:53 CST 2012" />
                <Test name="test_getSubject" result="pass" starttime="Fri Sep 21 16:34:53 CST 2012" endtime="Fri Sep 21 16:34:53 CST 2012" />
                <Test name="test_hashCode" result="pass" starttime="Fri Sep 21 16:34:53 CST 2012" endtime="Fri Sep 21 16:34:53 CST 2012" />
                <Test name="test_toString" result="pass" starttime="Fri Sep 21 16:34:53 CST 2012" endtime="Fri Sep 21 16:34:54 CST 2012" />
              </TestCase>
              <TestCase name="UnsupportedCallbackExceptionTest" priority="">
                <Test name="testUnsupportedCallbackException01" result="pass" starttime="Fri Sep 21 16:34:54 CST 2012" endtime="Fri Sep 21 16:34:54 CST 2012" />
                <Test name="testUnsupportedCallbackException02" result="pass" starttime="Fri Sep 21 16:34:54 CST 2012" endtime="Fri Sep 21 16:34:54 CST 2012" />
                <Test name="testUnsupportedCallbackException03" result="pass" starttime="Fri Sep 21 16:34:54 CST 2012" endtime="Fri Sep 21 16:34:54 CST 2012" />
                <Test name="testUnsupportedCallbackException04" result="pass" starttime="Fri Sep 21 16:34:54 CST 2012" endtime="Fri Sep 21 16:34:54 CST 2012" />
                <Test name="testUnsupportedCallbackException05" result="pass" starttime="Fri Sep 21 16:34:54 CST 2012" endtime="Fri Sep 21 16:34:54 CST 2012" />
                <Test name="testUnsupportedCallbackException06" result="pass" starttime="Fri Sep 21 16:34:54 CST 2012" endtime="Fri Sep 21 16:34:54 CST 2012" />
              </TestCase>
              <TestCase name="X500PrincipalTest" priority="">
                <Test name="test_X500Principal_01" result="pass" starttime="Fri Sep 21 16:34:54 CST 2012" endtime="Fri Sep 21 16:34:54 CST 2012" />
                <Test name="test_X500Principal_02" result="pass" starttime="Fri Sep 21 16:34:54 CST 2012" endtime="Fri Sep 21 16:34:55 CST 2012" />
                <Test name="test_X500Principal_03" result="pass" starttime="Fri Sep 21 16:34:55 CST 2012" endtime="Fri Sep 21 16:34:55 CST 2012" />
                <Test name="test_equals" result="pass" starttime="Fri Sep 21 16:34:55 CST 2012" endtime="Fri Sep 21 16:34:55 CST 2012" />
                <Test name="test_getEncoded" result="pass" starttime="Fri Sep 21 16:34:55 CST 2012" endtime="Fri Sep 21 16:34:55 CST 2012" />
                <Test name="test_getName" result="pass" starttime="Fri Sep 21 16:34:55 CST 2012" endtime="Fri Sep 21 16:34:55 CST 2012" />
                <Test name="test_getName_Format" result="pass" starttime="Fri Sep 21 16:34:55 CST 2012" endtime="Fri Sep 21 16:34:55 CST 2012" />
                <Test name="test_hashCode" result="pass" starttime="Fri Sep 21 16:34:55 CST 2012" endtime="Fri Sep 21 16:34:55 CST 2012" />
                <Test name="test_toString" result="pass" starttime="Fri Sep 21 16:34:55 CST 2012" endtime="Fri Sep 21 16:34:55 CST 2012" />
              </TestCase>
            </TestSuite>
            <TestSuite name="cert">
              <TestCase name="CertificateEncodingExceptionTest" priority="">
                <Test name="testCertificateEncodingException01" result="pass" starttime="Fri Sep 21 16:34:55 CST 2012" endtime="Fri Sep 21 16:34:55 CST 2012" />
                <Test name="testCertificateEncodingException02" result="pass" starttime="Fri Sep 21 16:34:55 CST 2012" endtime="Fri Sep 21 16:34:56 CST 2012" />
                <Test name="testCertificateEncodingException03" result="pass" starttime="Fri Sep 21 16:34:56 CST 2012" endtime="Fri Sep 21 16:34:56 CST 2012" />
              </TestCase>
              <TestCase name="CertificateExceptionTest" priority="">
                <Test name="testCertificateException01" result="pass" starttime="Fri Sep 21 16:34:56 CST 2012" endtime="Fri Sep 21 16:34:56 CST 2012" />
                <Test name="testCertificateException02" result="pass" starttime="Fri Sep 21 16:34:56 CST 2012" endtime="Fri Sep 21 16:34:56 CST 2012" />
                <Test name="testCertificateException03" result="pass" starttime="Fri Sep 21 16:34:56 CST 2012" endtime="Fri Sep 21 16:34:56 CST 2012" />
              </TestCase>
              <TestCase name="CertificateExpiredExceptionTest" priority="">
                <Test name="testCertificateExpiredException01" result="pass" starttime="Fri Sep 21 16:34:56 CST 2012" endtime="Fri Sep 21 16:34:56 CST 2012" />
                <Test name="testCertificateExpiredException02" result="pass" starttime="Fri Sep 21 16:34:56 CST 2012" endtime="Fri Sep 21 16:34:56 CST 2012" />
                <Test name="testCertificateExpiredException03" result="pass" starttime="Fri Sep 21 16:34:56 CST 2012" endtime="Fri Sep 21 16:34:57 CST 2012" />
              </TestCase>
              <TestCase name="CertificateNotYetValidExceptionTest" priority="">
                <Test name="testCertificateNotYetValidException01" result="pass" starttime="Fri Sep 21 16:34:57 CST 2012" endtime="Fri Sep 21 16:34:57 CST 2012" />
                <Test name="testCertificateNotYetValidException02" result="pass" starttime="Fri Sep 21 16:34:57 CST 2012" endtime="Fri Sep 21 16:34:57 CST 2012" />
                <Test name="testCertificateNotYetValidException03" result="pass" starttime="Fri Sep 21 16:34:57 CST 2012" endtime="Fri Sep 21 16:34:57 CST 2012" />
              </TestCase>
              <TestCase name="CertificateParsingExceptionTest" priority="">
                <Test name="testCertificateParsingException01" result="pass" starttime="Fri Sep 21 16:34:57 CST 2012" endtime="Fri Sep 21 16:34:57 CST 2012" />
                <Test name="testCertificateParsingException02" result="pass" starttime="Fri Sep 21 16:34:57 CST 2012" endtime="Fri Sep 21 16:34:57 CST 2012" />
                <Test name="testCertificateParsingException03" result="pass" starttime="Fri Sep 21 16:34:57 CST 2012" endtime="Fri Sep 21 16:34:57 CST 2012" />
              </TestCase>
              <TestCase name="CertificateTest" priority="">
                <Test name="testCertificate" result="pass" starttime="Fri Sep 21 16:34:57 CST 2012" endtime="Fri Sep 21 16:34:57 CST 2012" />
                <Test name="testEquals" result="pass" starttime="Fri Sep 21 16:34:57 CST 2012" endtime="Fri Sep 21 16:34:57 CST 2012" />
                <Test name="testHashCode" result="pass" starttime="Fri Sep 21 16:34:58 CST 2012" endtime="Fri Sep 21 16:34:58 CST 2012" />
              </TestCase>
              <TestCase name="X509CertificateTest" priority="">
                <Test name="testCheckValidity1" result="pass" starttime="Fri Sep 21 16:34:58 CST 2012" endtime="Fri Sep 21 16:34:58 CST 2012" />
                <Test name="testCheckValidity2" result="pass" starttime="Fri Sep 21 16:34:58 CST 2012" endtime="Fri Sep 21 16:34:58 CST 2012" />
                <Test name="testConstructor" result="pass" starttime="Fri Sep 21 16:34:58 CST 2012" endtime="Fri Sep 21 16:34:58 CST 2012" />
                <Test name="testGetEncoded" result="pass" starttime="Fri Sep 21 16:34:58 CST 2012" endtime="Fri Sep 21 16:34:58 CST 2012" />
                <Test name="testGetInstance1" result="pass" starttime="Fri Sep 21 16:34:58 CST 2012" endtime="Fri Sep 21 16:34:58 CST 2012" />
                <Test name="testGetInstance2" result="pass" starttime="Fri Sep 21 16:34:58 CST 2012" endtime="Fri Sep 21 16:34:58 CST 2012" />
                <Test name="testGetIssuerDN" result="pass" starttime="Fri Sep 21 16:34:58 CST 2012" endtime="Fri Sep 21 16:34:58 CST 2012" />
                <Test name="testGetNotAfter" result="pass" starttime="Fri Sep 21 16:34:58 CST 2012" endtime="Fri Sep 21 16:34:59 CST 2012" />
                <Test name="testGetNotBefore" result="pass" starttime="Fri Sep 21 16:34:59 CST 2012" endtime="Fri Sep 21 16:34:59 CST 2012" />
                <Test name="testGetPublicKey" result="pass" starttime="Fri Sep 21 16:34:59 CST 2012" endtime="Fri Sep 21 16:34:59 CST 2012" />
                <Test name="testGetSerialNumber" result="pass" starttime="Fri Sep 21 16:34:59 CST 2012" endtime="Fri Sep 21 16:34:59 CST 2012" />
                <Test name="testGetSigAlgName" result="pass" starttime="Fri Sep 21 16:34:59 CST 2012" endtime="Fri Sep 21 16:34:59 CST 2012" />
                <Test name="testGetSigAlgOID" result="pass" starttime="Fri Sep 21 16:34:59 CST 2012" endtime="Fri Sep 21 16:34:59 CST 2012" />
                <Test name="testGetSigAlgParams" result="pass" starttime="Fri Sep 21 16:34:59 CST 2012" endtime="Fri Sep 21 16:34:59 CST 2012" />
                <Test name="testGetSubjectDN" result="pass" starttime="Fri Sep 21 16:34:59 CST 2012" endtime="Fri Sep 21 16:34:59 CST 2012" />
                <Test name="testGetVersion" result="pass" starttime="Fri Sep 21 16:34:59 CST 2012" endtime="Fri Sep 21 16:34:59 CST 2012" />
              </TestCase>
            </TestSuite>
          </TestSuite>
          <TestSuite name="xml">
            <TestSuite name="parsers">
              <TestCase name="DocumentBuilderFactoryTest" priority="">
                <Test name="test_Constructor" result="pass" starttime="Fri Sep 21 16:34:59 CST 2012" endtime="Fri Sep 21 16:35:00 CST 2012" />
                <Test name="test_getSetAttribute" result="pass" starttime="Fri Sep 21 16:35:00 CST 2012" endtime="Fri Sep 21 16:35:00 CST 2012" />
                <Test name="test_getSetFeatureLjava_lang_String" result="pass" starttime="Fri Sep 21 16:35:00 CST 2012" endtime="Fri Sep 21 16:35:00 CST 2012" />
                <Test name="test_isCoalescing" result="pass" starttime="Fri Sep 21 16:35:00 CST 2012" endtime="Fri Sep 21 16:35:00 CST 2012" />
                <Test name="test_isExpandEntityReferences" result="pass" starttime="Fri Sep 21 16:35:00 CST 2012" endtime="Fri Sep 21 16:35:00 CST 2012" />
                <Test name="test_isIgnoringComments" result="pass" starttime="Fri Sep 21 16:35:00 CST 2012" endtime="Fri Sep 21 16:35:00 CST 2012" />
                <Test name="test_isIgnoringElementContentWhitespace" result="pass" starttime="Fri Sep 21 16:35:00 CST 2012" endtime="Fri Sep 21 16:35:00 CST 2012" />
                <Test name="test_isNamespaceAware" result="pass" starttime="Fri Sep 21 16:35:00 CST 2012" endtime="Fri Sep 21 16:35:00 CST 2012" />
                <Test name="test_newDocumentBuilder" result="pass" starttime="Fri Sep 21 16:35:00 CST 2012" endtime="Fri Sep 21 16:35:00 CST 2012" />
                <Test name="test_newInstance" result="pass" starttime="Fri Sep 21 16:35:00 CST 2012" endtime="Fri Sep 21 16:35:01 CST 2012" />
                <Test name="test_setCoalescingZ" result="pass" starttime="Fri Sep 21 16:35:01 CST 2012" endtime="Fri Sep 21 16:35:01 CST 2012" />
                <Test name="test_setExpandEntityReferencesZ" result="pass" starttime="Fri Sep 21 16:35:01 CST 2012" endtime="Fri Sep 21 16:35:01 CST 2012" />
                <Test name="test_setIgnoringCommentsZ" result="pass" starttime="Fri Sep 21 16:35:01 CST 2012" endtime="Fri Sep 21 16:35:01 CST 2012" />
                <Test name="test_setIgnoringElementContentWhitespaceZ" result="pass" starttime="Fri Sep 21 16:35:01 CST 2012" endtime="Fri Sep 21 16:35:01 CST 2012" />
                <Test name="test_setIsValidating" result="pass" starttime="Fri Sep 21 16:35:01 CST 2012" endtime="Fri Sep 21 16:35:01 CST 2012" />
                <Test name="test_setNamespaceAwareZ" result="pass" starttime="Fri Sep 21 16:35:01 CST 2012" endtime="Fri Sep 21 16:35:01 CST 2012" />
              </TestCase>
              <TestCase name="DocumentBuilderTest" priority="">
                <Test name="testDocumentBuilder" result="pass" starttime="Fri Sep 21 16:35:01 CST 2012" endtime="Fri Sep 21 16:35:01 CST 2012" />
                <Test name="testGetBaseURI" result="pass" starttime="Fri Sep 21 16:35:01 CST 2012" endtime="Fri Sep 21 16:35:01 CST 2012" />
                <Test name="testGetImplementation" result="pass" starttime="Fri Sep 21 16:35:01 CST 2012" endtime="Fri Sep 21 16:35:01 CST 2012" />
                <Test name="testIsNamespaceAware" result="pass" starttime="Fri Sep 21 16:35:02 CST 2012" endtime="Fri Sep 21 16:35:02 CST 2012" />
                <Test name="testIsValidating" result="pass" starttime="Fri Sep 21 16:35:02 CST 2012" endtime="Fri Sep 21 16:35:02 CST 2012" />
                <Test name="testNewDocument" result="pass" starttime="Fri Sep 21 16:35:02 CST 2012" endtime="Fri Sep 21 16:35:02 CST 2012" />
                <Test name="testParseInputSource" result="pass" starttime="Fri Sep 21 16:35:02 CST 2012" endtime="Fri Sep 21 16:35:02 CST 2012" />
                <Test name="testReset" result="pass" starttime="Fri Sep 21 16:35:02 CST 2012" endtime="Fri Sep 21 16:35:02 CST 2012" />
                <Test name="testSetErrorHandler" result="pass" starttime="Fri Sep 21 16:35:02 CST 2012" endtime="Fri Sep 21 16:35:02 CST 2012" />
                <Test name="test_parseLjava_io_File" result="pass" starttime="Fri Sep 21 16:35:02 CST 2012" endtime="Fri Sep 21 16:35:02 CST 2012" />
                <Test name="test_parseLjava_io_InputStream" result="pass" starttime="Fri Sep 21 16:35:02 CST 2012" endtime="Fri Sep 21 16:35:03 CST 2012" />
                <Test name="test_parseLjava_io_InputStreamLjava_lang_String" result="pass" starttime="Fri Sep 21 16:35:03 CST 2012" endtime="Fri Sep 21 16:35:03 CST 2012" />
                <Test name="test_parseLjava_lang_String" result="pass" starttime="Fri Sep 21 16:35:03 CST 2012" endtime="Fri Sep 21 16:35:03 CST 2012" />
              </TestCase>
              <TestCase name="FactoryConfigurationErrorTest" priority="">
                <Test name="test_Constructor" result="pass" starttime="Fri Sep 21 16:35:03 CST 2012" endtime="Fri Sep 21 16:35:03 CST 2012" />
                <Test name="test_ConstructorLjava_lang_Exception" result="pass" starttime="Fri Sep 21 16:35:03 CST 2012" endtime="Fri Sep 21 16:35:03 CST 2012" />
                <Test name="test_ConstructorLjava_lang_ExceptionLjava_lang_String" result="pass" starttime="Fri Sep 21 16:35:03 CST 2012" endtime="Fri Sep 21 16:35:03 CST 2012" />
                <Test name="test_ConstructorLjava_lang_String" result="pass" starttime="Fri Sep 21 16:35:03 CST 2012" endtime="Fri Sep 21 16:35:03 CST 2012" />
                <Test name="test_getException" result="pass" starttime="Fri Sep 21 16:35:03 CST 2012" endtime="Fri Sep 21 16:35:03 CST 2012" />
                <Test name="test_getMessage" result="pass" starttime="Fri Sep 21 16:35:03 CST 2012" endtime="Fri Sep 21 16:35:03 CST 2012" />
              </TestCase>
              <TestCase name="ParserConfigurationExceptionTest" priority="">
                <Test name="test_Constructor" result="pass" starttime="Fri Sep 21 16:35:03 CST 2012" endtime="Fri Sep 21 16:35:04 CST 2012" />
                <Test name="test_ConstructorLjava_lang_String" result="pass" starttime="Fri Sep 21 16:35:04 CST 2012" endtime="Fri Sep 21 16:35:04 CST 2012" />
              </TestCase>
              <TestCase name="SAXParserFactoryTest" priority="">
                <Test name="test_Constructor" result="pass" starttime="Fri Sep 21 16:35:04 CST 2012" endtime="Fri Sep 21 16:35:04 CST 2012" />
                <Test name="test_newSAXParser" result="pass" starttime="Fri Sep 21 16:35:04 CST 2012" endtime="Fri Sep 21 16:35:04 CST 2012" />
                <Test name="test_setFeatureLjava_lang_StringZ" result="pass" starttime="Fri Sep 21 16:35:04 CST 2012" endtime="Fri Sep 21 16:35:04 CST 2012" />
                <Test name="test_setIsNamespaceAware" result="pass" starttime="Fri Sep 21 16:35:04 CST 2012" endtime="Fri Sep 21 16:35:04 CST 2012" />
                <Test name="test_setIsValidating" result="pass" starttime="Fri Sep 21 16:35:04 CST 2012" endtime="Fri Sep 21 16:35:04 CST 2012" />
                <Test name="test_setNamespaceAwareZ" result="pass" starttime="Fri Sep 21 16:35:04 CST 2012" endtime="Fri Sep 21 16:35:05 CST 2012" />
              </TestCase>
              <TestCase name="SAXParserTest" priority="">
                <Test name="testGetParser" result="pass" starttime="Fri Sep 21 16:35:05 CST 2012" endtime="Fri Sep 21 16:35:05 CST 2012" />
                <Test name="testGetReader" result="pass" starttime="Fri Sep 21 16:35:05 CST 2012" endtime="Fri Sep 21 16:35:05 CST 2012" />
                <Test name="testIsNamespaceAware" result="pass" starttime="Fri Sep 21 16:35:05 CST 2012" endtime="Fri Sep 21 16:35:05 CST 2012" />
                <Test name="testIsValidating" result="pass" starttime="Fri Sep 21 16:35:05 CST 2012" endtime="Fri Sep 21 16:35:05 CST 2012" />
                <Test name="testParseFileHandlerBase" result="pass" starttime="Fri Sep 21 16:35:05 CST 2012" endtime="Fri Sep 21 16:35:05 CST 2012" />
                <Test name="testParseInputSourceHandlerBase" result="pass" starttime="Fri Sep 21 16:35:05 CST 2012" endtime="Fri Sep 21 16:35:05 CST 2012" />
                <Test name="testParseInputStreamHandlerBase" result="pass" starttime="Fri Sep 21 16:35:05 CST 2012" endtime="Fri Sep 21 16:35:05 CST 2012" />
                <Test name="testParseInputStreamHandlerBaseString" result="pass" starttime="Fri Sep 21 16:35:05 CST 2012" endtime="Fri Sep 21 16:35:06 CST 2012" />
                <Test name="testParseStringHandlerBase" result="pass" starttime="Fri Sep 21 16:35:06 CST 2012" endtime="Fri Sep 21 16:35:06 CST 2012" />
                <Test name="testReset" result="pass" starttime="Fri Sep 21 16:35:06 CST 2012" endtime="Fri Sep 21 16:35:06 CST 2012" />
                <Test name="testSAXParser" result="pass" starttime="Fri Sep 21 16:35:06 CST 2012" endtime="Fri Sep 21 16:35:06 CST 2012" />
                <Test name="testSetGetProperty" result="pass" starttime="Fri Sep 21 16:35:06 CST 2012" endtime="Fri Sep 21 16:35:06 CST 2012" />
                <Test name="test_parseLjava_io_FileLorg_xml_sax_helpers_DefaultHandler" result="pass" starttime="Fri Sep 21 16:35:06 CST 2012" endtime="Fri Sep 21 16:35:06 CST 2012" />
                <Test name="test_parseLjava_io_InputStreamLorg_xml_sax_helpers_DefaultHandler" result="pass" starttime="Fri Sep 21 16:35:06 CST 2012" endtime="Fri Sep 21 16:35:06 CST 2012" />
                <Test name="test_parseLjava_lang_StringLorg_xml_sax_helpers_DefaultHandler" result="pass" starttime="Fri Sep 21 16:35:06 CST 2012" endtime="Fri Sep 21 16:35:06 CST 2012" />
                <Test name="test_parseLorg_xml_sax_InputSourceLorg_xml_sax_helpers_DefaultHandler" result="pass" starttime="Fri Sep 21 16:35:06 CST 2012" endtime="Fri Sep 21 16:35:06 CST 2012" />
              </TestCase>
            </TestSuite>
          </TestSuite>
        </TestSuite>
        <TestSuite name="org">
          <TestSuite name="apache">
            <TestSuite name="harmony">
              <TestSuite name="kernel">
                <TestSuite name="dalvik">
                  <TestCase name="ThreadsTest" priority="">
                    <Test name="test_parkFor_1" result="pass" starttime="Fri Sep 21 16:35:06 CST 2012" endtime="Fri Sep 21 16:35:07 CST 2012" />
                    <Test name="test_parkFor_2" result="pass" starttime="Fri Sep 21 16:35:07 CST 2012" endtime="Fri Sep 21 16:35:07 CST 2012" />
                    <Test name="test_parkFor_3" result="pass" starttime="Fri Sep 21 16:35:07 CST 2012" endtime="Fri Sep 21 16:35:08 CST 2012" />
                    <Test name="test_parkUntil_1" result="pass" starttime="Fri Sep 21 16:35:08 CST 2012" endtime="Fri Sep 21 16:35:08 CST 2012" />
                    <Test name="test_parkUntil_2" result="pass" starttime="Fri Sep 21 16:35:08 CST 2012" endtime="Fri Sep 21 16:35:08 CST 2012" />
                    <Test name="test_parkUntil_3" result="pass" starttime="Fri Sep 21 16:35:08 CST 2012" endtime="Fri Sep 21 16:35:09 CST 2012" />
                  </TestCase>
                </TestSuite>
              </TestSuite>
            </TestSuite>
          </TestSuite>
          <TestSuite name="xml">
            <TestSuite name="sax">
              <TestSuite name="ext">
                <TestCase name="Attributes2ImplTest" priority="">
                  <Test name="testAddAttribute" result="pass" starttime="Fri Sep 21 16:35:13 CST 2012" endtime="Fri Sep 21 16:35:13 CST 2012" />
                  <Test name="testAttributes2Impl" result="pass" starttime="Fri Sep 21 16:35:13 CST 2012" endtime="Fri Sep 21 16:35:13 CST 2012" />
                  <Test name="testAttributes2ImplAttributes" result="pass" starttime="Fri Sep 21 16:35:13 CST 2012" endtime="Fri Sep 21 16:35:13 CST 2012" />
                  <Test name="testIsDeclaredInt" result="pass" starttime="Fri Sep 21 16:35:13 CST 2012" endtime="Fri Sep 21 16:35:13 CST 2012" />
                  <Test name="testIsDeclaredString" result="pass" starttime="Fri Sep 21 16:35:13 CST 2012" endtime="Fri Sep 21 16:35:14 CST 2012" />
                  <Test name="testIsDeclaredStringString" result="pass" starttime="Fri Sep 21 16:35:14 CST 2012" endtime="Fri Sep 21 16:35:14 CST 2012" />
                  <Test name="testIsSpecifiedInt" result="pass" starttime="Fri Sep 21 16:35:14 CST 2012" endtime="Fri Sep 21 16:35:14 CST 2012" />
                  <Test name="testIsSpecifiedString" result="pass" starttime="Fri Sep 21 16:35:14 CST 2012" endtime="Fri Sep 21 16:35:14 CST 2012" />
                  <Test name="testIsSpecifiedStringString" result="pass" starttime="Fri Sep 21 16:35:14 CST 2012" endtime="Fri Sep 21 16:35:14 CST 2012" />
                  <Test name="testRemoveAttribute" result="pass" starttime="Fri Sep 21 16:35:14 CST 2012" endtime="Fri Sep 21 16:35:14 CST 2012" />
                  <Test name="testSetAttributes" result="pass" starttime="Fri Sep 21 16:35:14 CST 2012" endtime="Fri Sep 21 16:35:14 CST 2012" />
                  <Test name="testSetDeclared" result="pass" starttime="Fri Sep 21 16:35:14 CST 2012" endtime="Fri Sep 21 16:35:14 CST 2012" />
                  <Test name="testSetSpecified" result="pass" starttime="Fri Sep 21 16:35:14 CST 2012" endtime="Fri Sep 21 16:35:15 CST 2012" />
                </TestCase>
                <TestCase name="DefaultHandler2Test" priority="">
                  <Test name="testAttributeDecl" result="pass" starttime="Fri Sep 21 16:35:15 CST 2012" endtime="Fri Sep 21 16:35:15 CST 2012" />
                  <Test name="testComment" result="pass" starttime="Fri Sep 21 16:35:15 CST 2012" endtime="Fri Sep 21 16:35:15 CST 2012" />
                  <Test name="testDefaultHandler2" result="pass" starttime="Fri Sep 21 16:35:15 CST 2012" endtime="Fri Sep 21 16:35:15 CST 2012" />
                  <Test name="testElementDecl" result="pass" starttime="Fri Sep 21 16:35:15 CST 2012" endtime="Fri Sep 21 16:35:15 CST 2012" />
                  <Test name="testEndCDATA" result="pass" starttime="Fri Sep 21 16:35:15 CST 2012" endtime="Fri Sep 21 16:35:15 CST 2012" />
                  <Test name="testEndDTD" result="pass" starttime="Fri Sep 21 16:35:15 CST 2012" endtime="Fri Sep 21 16:35:15 CST 2012" />
                  <Test name="testEndEntity" result="pass" starttime="Fri Sep 21 16:35:15 CST 2012" endtime="Fri Sep 21 16:35:15 CST 2012" />
                  <Test name="testExternalEntityDecl" result="pass" starttime="Fri Sep 21 16:35:15 CST 2012" endtime="Fri Sep 21 16:35:16 CST 2012" />
                  <Test name="testGetExternalSubset" result="pass" starttime="Fri Sep 21 16:35:16 CST 2012" endtime="Fri Sep 21 16:35:16 CST 2012" />
                  <Test name="testInternalEntityDecl" result="pass" starttime="Fri Sep 21 16:35:16 CST 2012" endtime="Fri Sep 21 16:35:16 CST 2012" />
                  <Test name="testResolveEntityStringString" result="pass" starttime="Fri Sep 21 16:35:16 CST 2012" endtime="Fri Sep 21 16:35:16 CST 2012" />
                  <Test name="testResolveEntityStringStringStringString" result="pass" starttime="Fri Sep 21 16:35:16 CST 2012" endtime="Fri Sep 21 16:35:16 CST 2012" />
                  <Test name="testStartCDATA" result="pass" starttime="Fri Sep 21 16:35:16 CST 2012" endtime="Fri Sep 21 16:35:16 CST 2012" />
                  <Test name="testStartDTD" result="pass" starttime="Fri Sep 21 16:35:16 CST 2012" endtime="Fri Sep 21 16:35:16 CST 2012" />
                  <Test name="testStartEntity" result="pass" starttime="Fri Sep 21 16:35:16 CST 2012" endtime="Fri Sep 21 16:35:16 CST 2012" />
                </TestCase>
                <TestCase name="Locator2ImplTest" priority="">
                  <Test name="testLocatorImpl" result="pass" starttime="Fri Sep 21 16:35:16 CST 2012" endtime="Fri Sep 21 16:35:17 CST 2012" />
                  <Test name="testLocatorImplLocator" result="pass" starttime="Fri Sep 21 16:35:17 CST 2012" endtime="Fri Sep 21 16:35:17 CST 2012" />
                  <Test name="testSetEncodingGetEncoding" result="pass" starttime="Fri Sep 21 16:35:17 CST 2012" endtime="Fri Sep 21 16:35:17 CST 2012" />
                  <Test name="testSetXMLVersionGetXMLVersion" result="pass" starttime="Fri Sep 21 16:35:17 CST 2012" endtime="Fri Sep 21 16:35:17 CST 2012" />
                </TestCase>
              </TestSuite>
              <TestSuite name="helpers">
                <TestCase name="AttributeListImplTest" priority="">
                  <Test name="testAddAttribute" result="pass" starttime="Fri Sep 21 16:35:17 CST 2012" endtime="Fri Sep 21 16:35:17 CST 2012" />
                  <Test name="testAttributeListImpl" result="pass" starttime="Fri Sep 21 16:35:17 CST 2012" endtime="Fri Sep 21 16:35:17 CST 2012" />
                  <Test name="testAttributeListImplAttributeList" result="pass" starttime="Fri Sep 21 16:35:17 CST 2012" endtime="Fri Sep 21 16:35:17 CST 2012" />
                  <Test name="testClear" result="pass" starttime="Fri Sep 21 16:35:17 CST 2012" endtime="Fri Sep 21 16:35:17 CST 2012" />
                  <Test name="testGetLength" result="pass" starttime="Fri Sep 21 16:35:17 CST 2012" endtime="Fri Sep 21 16:35:18 CST 2012" />
                  <Test name="testGetName" result="pass" starttime="Fri Sep 21 16:35:18 CST 2012" endtime="Fri Sep 21 16:35:18 CST 2012" />
                  <Test name="testGetTypeInt" result="pass" starttime="Fri Sep 21 16:35:18 CST 2012" endtime="Fri Sep 21 16:35:18 CST 2012" />
                  <Test name="testGetTypeString" result="pass" starttime="Fri Sep 21 16:35:18 CST 2012" endtime="Fri Sep 21 16:35:18 CST 2012" />
                  <Test name="testGetValueInt" result="pass" starttime="Fri Sep 21 16:35:18 CST 2012" endtime="Fri Sep 21 16:35:18 CST 2012" />
                  <Test name="testGetValueString" result="pass" starttime="Fri Sep 21 16:35:18 CST 2012" endtime="Fri Sep 21 16:35:18 CST 2012" />
                  <Test name="testRemoveAttribute" result="pass" starttime="Fri Sep 21 16:35:18 CST 2012" endtime="Fri Sep 21 16:35:18 CST 2012" />
                  <Test name="testSetAttributeList" result="pass" starttime="Fri Sep 21 16:35:18 CST 2012" endtime="Fri Sep 21 16:35:18 CST 2012" />
                </TestCase>
                <TestCase name="AttributesImplTest" priority="">
                  <Test name="testAddAttribute" result="pass" starttime="Fri Sep 21 16:35:18 CST 2012" endtime="Fri Sep 21 16:35:18 CST 2012" />
                  <Test name="testAttributesImpl" result="pass" starttime="Fri Sep 21 16:35:18 CST 2012" endtime="Fri Sep 21 16:35:19 CST 2012" />
                  <Test name="testAttributesImplAttributes" result="pass" starttime="Fri Sep 21 16:35:19 CST 2012" endtime="Fri Sep 21 16:35:19 CST 2012" />
                  <Test name="testClear" result="pass" starttime="Fri Sep 21 16:35:19 CST 2012" endtime="Fri Sep 21 16:35:19 CST 2012" />
                  <Test name="testGetIndexString" result="pass" starttime="Fri Sep 21 16:35:19 CST 2012" endtime="Fri Sep 21 16:35:19 CST 2012" />
                  <Test name="testGetIndexStringString" result="pass" starttime="Fri Sep 21 16:35:19 CST 2012" endtime="Fri Sep 21 16:35:19 CST 2012" />
                  <Test name="testGetLength" result="pass" starttime="Fri Sep 21 16:35:19 CST 2012" endtime="Fri Sep 21 16:35:19 CST 2012" />
                  <Test name="testGetLocalName" result="pass" starttime="Fri Sep 21 16:35:19 CST 2012" endtime="Fri Sep 21 16:35:19 CST 2012" />
                  <Test name="testGetQName" result="pass" starttime="Fri Sep 21 16:35:19 CST 2012" endtime="Fri Sep 21 16:35:19 CST 2012" />
                  <Test name="testGetTypeInt" result="pass" starttime="Fri Sep 21 16:35:19 CST 2012" endtime="Fri Sep 21 16:35:20 CST 2012" />
                  <Test name="testGetTypeString" result="pass" starttime="Fri Sep 21 16:35:20 CST 2012" endtime="Fri Sep 21 16:35:20 CST 2012" />
                  <Test name="testGetTypeStringString" result="pass" starttime="Fri Sep 21 16:35:20 CST 2012" endtime="Fri Sep 21 16:35:20 CST 2012" />
                  <Test name="testGetURI" result="pass" starttime="Fri Sep 21 16:35:20 CST 2012" endtime="Fri Sep 21 16:35:20 CST 2012" />
                  <Test name="testGetValueInt" result="pass" starttime="Fri Sep 21 16:35:20 CST 2012" endtime="Fri Sep 21 16:35:20 CST 2012" />
                  <Test name="testGetValueString" result="pass" starttime="Fri Sep 21 16:35:20 CST 2012" endtime="Fri Sep 21 16:35:20 CST 2012" />
                  <Test name="testGetValueStringString" result="pass" starttime="Fri Sep 21 16:35:20 CST 2012" endtime="Fri Sep 21 16:35:20 CST 2012" />
                  <Test name="testRemoveAttribute" result="pass" starttime="Fri Sep 21 16:35:20 CST 2012" endtime="Fri Sep 21 16:35:20 CST 2012" />
                  <Test name="testSetAttribute" result="pass" starttime="Fri Sep 21 16:35:20 CST 2012" endtime="Fri Sep 21 16:35:21 CST 2012" />
                  <Test name="testSetAttributes" result="pass" starttime="Fri Sep 21 16:35:21 CST 2012" endtime="Fri Sep 21 16:35:21 CST 2012" />
                  <Test name="testSetLocalName" result="pass" starttime="Fri Sep 21 16:35:21 CST 2012" endtime="Fri Sep 21 16:35:21 CST 2012" />
                  <Test name="testSetQName" result="pass" starttime="Fri Sep 21 16:35:21 CST 2012" endtime="Fri Sep 21 16:35:21 CST 2012" />
                  <Test name="testSetType" result="pass" starttime="Fri Sep 21 16:35:21 CST 2012" endtime="Fri Sep 21 16:35:21 CST 2012" />
                  <Test name="testSetURI" result="pass" starttime="Fri Sep 21 16:35:21 CST 2012" endtime="Fri Sep 21 16:35:21 CST 2012" />
                  <Test name="testSetValue" result="pass" starttime="Fri Sep 21 16:35:21 CST 2012" endtime="Fri Sep 21 16:35:21 CST 2012" />
                </TestCase>
                <TestCase name="DefaultHandlerTest" priority="">
                  <Test name="testCharacters" result="pass" starttime="Fri Sep 21 16:35:21 CST 2012" endtime="Fri Sep 21 16:35:21 CST 2012" />
                  <Test name="testEndDocument" result="pass" starttime="Fri Sep 21 16:35:21 CST 2012" endtime="Fri Sep 21 16:35:22 CST 2012" />
                  <Test name="testEndElement" result="pass" starttime="Fri Sep 21 16:35:22 CST 2012" endtime="Fri Sep 21 16:35:22 CST 2012" />
                  <Test name="testEndPrefixMapping" result="pass" starttime="Fri Sep 21 16:35:22 CST 2012" endtime="Fri Sep 21 16:35:22 CST 2012" />
                  <Test name="testError" result="pass" starttime="Fri Sep 21 16:35:22 CST 2012" endtime="Fri Sep 21 16:35:22 CST 2012" />
                  <Test name="testFatalError" result="pass" starttime="Fri Sep 21 16:35:22 CST 2012" endtime="Fri Sep 21 16:35:22 CST 2012" />
                  <Test name="testIgnorableWhitespace" result="pass" starttime="Fri Sep 21 16:35:22 CST 2012" endtime="Fri Sep 21 16:35:22 CST 2012" />
                  <Test name="testNotationDecl" result="pass" starttime="Fri Sep 21 16:35:22 CST 2012" endtime="Fri Sep 21 16:35:22 CST 2012" />
                  <Test name="testProcessingInstruction" result="pass" starttime="Fri Sep 21 16:35:22 CST 2012" endtime="Fri Sep 21 16:35:22 CST 2012" />
                  <Test name="testResolveEntity" result="pass" starttime="Fri Sep 21 16:35:22 CST 2012" endtime="Fri Sep 21 16:35:23 CST 2012" />
                  <Test name="testSetDocumentLocator" result="pass" starttime="Fri Sep 21 16:35:23 CST 2012" endtime="Fri Sep 21 16:35:23 CST 2012" />
                  <Test name="testSkippedEntity" result="pass" starttime="Fri Sep 21 16:35:23 CST 2012" endtime="Fri Sep 21 16:35:23 CST 2012" />
                  <Test name="testStartDocument" result="pass" starttime="Fri Sep 21 16:35:23 CST 2012" endtime="Fri Sep 21 16:35:23 CST 2012" />
                  <Test name="testStartElement" result="pass" starttime="Fri Sep 21 16:35:23 CST 2012" endtime="Fri Sep 21 16:35:23 CST 2012" />
                  <Test name="testStartPrefixMapping" result="pass" starttime="Fri Sep 21 16:35:23 CST 2012" endtime="Fri Sep 21 16:35:23 CST 2012" />
                  <Test name="testUnparsedEntityDecl" result="pass" starttime="Fri Sep 21 16:35:23 CST 2012" endtime="Fri Sep 21 16:35:23 CST 2012" />
                  <Test name="testWarning" result="pass" starttime="Fri Sep 21 16:35:23 CST 2012" endtime="Fri Sep 21 16:35:23 CST 2012" />
                </TestCase>
                <TestCase name="LocatorImplTest" priority="">
                  <Test name="testLocatorImpl" result="pass" starttime="Fri Sep 21 16:35:23 CST 2012" endtime="Fri Sep 21 16:35:24 CST 2012" />
                  <Test name="testLocatorImplLocator" result="pass" starttime="Fri Sep 21 16:35:24 CST 2012" endtime="Fri Sep 21 16:35:24 CST 2012" />
                  <Test name="testSetColumnNumberGetColumnNumber" result="pass" starttime="Fri Sep 21 16:35:24 CST 2012" endtime="Fri Sep 21 16:35:24 CST 2012" />
                  <Test name="testSetLineNumberGetLineNumber" result="pass" starttime="Fri Sep 21 16:35:24 CST 2012" endtime="Fri Sep 21 16:35:24 CST 2012" />
                  <Test name="testSetPublicIdGetPublicId" result="pass" starttime="Fri Sep 21 16:35:24 CST 2012" endtime="Fri Sep 21 16:35:24 CST 2012" />
                  <Test name="testSetSystemIdGetSystemId" result="pass" starttime="Fri Sep 21 16:35:24 CST 2012" endtime="Fri Sep 21 16:35:24 CST 2012" />
                </TestCase>
                <TestCase name="NamespaceSupportTest" priority="">
                  <Test name="testConstructor" result="pass" starttime="Fri Sep 21 16:35:24 CST 2012" endtime="Fri Sep 21 16:35:24 CST 2012" />
                  <Test name="testDeclare_GetPrefix" result="pass" starttime="Fri Sep 21 16:35:24 CST 2012" endtime="Fri Sep 21 16:35:24 CST 2012" />
                  <Test name="testGetDeclaredPrefixes" result="pass" starttime="Fri Sep 21 16:35:24 CST 2012" endtime="Fri Sep 21 16:35:24 CST 2012" />
                  <Test name="testGetPrefixes" result="pass" starttime="Fri Sep 21 16:35:24 CST 2012" endtime="Fri Sep 21 16:35:25 CST 2012" />
                  <Test name="testGetPrefixesLjava_lang_String" result="pass" starttime="Fri Sep 21 16:35:25 CST 2012" endtime="Fri Sep 21 16:35:25 CST 2012" />
                  <Test name="testGetUri" result="pass" starttime="Fri Sep 21 16:35:25 CST 2012" endtime="Fri Sep 21 16:35:25 CST 2012" />
                  <Test name="testNamespaceDeclUris" result="pass" starttime="Fri Sep 21 16:35:25 CST 2012" endtime="Fri Sep 21 16:35:25 CST 2012" />
                  <Test name="testProcessName_Attribute" result="pass" starttime="Fri Sep 21 16:35:25 CST 2012" endtime="Fri Sep 21 16:35:25 CST 2012" />
                  <Test name="testProcessName_Element" result="pass" starttime="Fri Sep 21 16:35:25 CST 2012" endtime="Fri Sep 21 16:35:25 CST 2012" />
                  <Test name="testPush_PopContext" result="pass" starttime="Fri Sep 21 16:35:25 CST 2012" endtime="Fri Sep 21 16:35:25 CST 2012" />
                  <Test name="testReset" result="pass" starttime="Fri Sep 21 16:35:25 CST 2012" endtime="Fri Sep 21 16:35:25 CST 2012" />
                </TestCase>
                <TestCase name="ParserAdapterTest" priority="">
                  <Test name="testCharacters" result="pass" starttime="Fri Sep 21 16:35:25 CST 2012" endtime="Fri Sep 21 16:35:26 CST 2012" />
                  <Test name="testEndDocument" result="pass" starttime="Fri Sep 21 16:35:26 CST 2012" endtime="Fri Sep 21 16:35:26 CST 2012" />
                  <Test name="testEndElement" result="pass" starttime="Fri Sep 21 16:35:26 CST 2012" endtime="Fri Sep 21 16:35:26 CST 2012" />
                  <Test name="testGetSetContentHandler" result="pass" starttime="Fri Sep 21 16:35:26 CST 2012" endtime="Fri Sep 21 16:35:26 CST 2012" />
                  <Test name="testGetSetDTDHandler" result="pass" starttime="Fri Sep 21 16:35:26 CST 2012" endtime="Fri Sep 21 16:35:26 CST 2012" />
                  <Test name="testGetSetEntityResolver" result="pass" starttime="Fri Sep 21 16:35:26 CST 2012" endtime="Fri Sep 21 16:35:26 CST 2012" />
                  <Test name="testGetSetErrorHandler" result="pass" starttime="Fri Sep 21 16:35:26 CST 2012" endtime="Fri Sep 21 16:35:26 CST 2012" />
                  <Test name="testGetSetFeature" result="pass" starttime="Fri Sep 21 16:35:26 CST 2012" endtime="Fri Sep 21 16:35:26 CST 2012" />
                  <Test name="testGetSetProperty" result="pass" starttime="Fri Sep 21 16:35:26 CST 2012" endtime="Fri Sep 21 16:35:27 CST 2012" />
                  <Test name="testIgnorableWhitespace" result="pass" starttime="Fri Sep 21 16:35:27 CST 2012" endtime="Fri Sep 21 16:35:27 CST 2012" />
                  <Test name="testParseInputSource" result="pass" starttime="Fri Sep 21 16:35:27 CST 2012" endtime="Fri Sep 21 16:35:27 CST 2012" />
                  <Test name="testParseString" result="pass" starttime="Fri Sep 21 16:35:27 CST 2012" endtime="Fri Sep 21 16:35:27 CST 2012" />
                  <Test name="testParserAdapter" result="pass" starttime="Fri Sep 21 16:35:27 CST 2012" endtime="Fri Sep 21 16:35:27 CST 2012" />
                  <Test name="testParserAdapterParser" result="pass" starttime="Fri Sep 21 16:35:27 CST 2012" endtime="Fri Sep 21 16:35:27 CST 2012" />
                  <Test name="testProcessingInstruction" result="pass" starttime="Fri Sep 21 16:35:27 CST 2012" endtime="Fri Sep 21 16:35:27 CST 2012" />
                  <Test name="testSetDocumentLocator" result="pass" starttime="Fri Sep 21 16:35:27 CST 2012" endtime="Fri Sep 21 16:35:27 CST 2012" />
                  <Test name="testStartDocument" result="pass" starttime="Fri Sep 21 16:35:27 CST 2012" endtime="Fri Sep 21 16:35:28 CST 2012" />
                  <Test name="testStartElement" result="pass" starttime="Fri Sep 21 16:35:28 CST 2012" endtime="Fri Sep 21 16:35:28 CST 2012" />
                </TestCase>
                <TestCase name="ParserFactoryTest" priority="">
                  <Test name="testMakeParser" result="pass" starttime="Fri Sep 21 16:35:28 CST 2012" endtime="Fri Sep 21 16:35:28 CST 2012" />
                  <Test name="testMakeParserString" result="pass" starttime="Fri Sep 21 16:35:28 CST 2012" endtime="Fri Sep 21 16:35:28 CST 2012" />
                </TestCase>
                <TestCase name="XMLFilterImplTest" priority="">
                  <Test name="testCharacters" result="pass" starttime="Fri Sep 21 16:35:28 CST 2012" endtime="Fri Sep 21 16:35:28 CST 2012" />
                  <Test name="testEndDocument" result="pass" starttime="Fri Sep 21 16:35:28 CST 2012" endtime="Fri Sep 21 16:35:28 CST 2012" />
                  <Test name="testEndElement" result="pass" starttime="Fri Sep 21 16:35:28 CST 2012" endtime="Fri Sep 21 16:35:28 CST 2012" />
                  <Test name="testEndPrefixMapping" result="pass" starttime="Fri Sep 21 16:35:28 CST 2012" endtime="Fri Sep 21 16:35:28 CST 2012" />
                  <Test name="testError" result="pass" starttime="Fri Sep 21 16:35:28 CST 2012" endtime="Fri Sep 21 16:35:28 CST 2012" />
                  <Test name="testFatalError" result="pass" starttime="Fri Sep 21 16:35:28 CST 2012" endtime="Fri Sep 21 16:35:29 CST 2012" />
                  <Test name="testGetSetContentHandler" result="pass" starttime="Fri Sep 21 16:35:29 CST 2012" endtime="Fri Sep 21 16:35:29 CST 2012" />
                  <Test name="testGetSetDTDHandler" result="pass" starttime="Fri Sep 21 16:35:29 CST 2012" endtime="Fri Sep 21 16:35:29 CST 2012" />
                  <Test name="testGetSetEntityResolver" result="pass" starttime="Fri Sep 21 16:35:29 CST 2012" endtime="Fri Sep 21 16:35:29 CST 2012" />
                  <Test name="testGetSetErrorHandler" result="pass" starttime="Fri Sep 21 16:35:29 CST 2012" endtime="Fri Sep 21 16:35:29 CST 2012" />
                  <Test name="testGetSetFeature" result="pass" starttime="Fri Sep 21 16:35:29 CST 2012" endtime="Fri Sep 21 16:35:29 CST 2012" />
                  <Test name="testGetSetParent" result="pass" starttime="Fri Sep 21 16:35:29 CST 2012" endtime="Fri Sep 21 16:35:29 CST 2012" />
                  <Test name="testGetSetProperty" result="pass" starttime="Fri Sep 21 16:35:29 CST 2012" endtime="Fri Sep 21 16:35:29 CST 2012" />
                  <Test name="testIgnorableWhitespace" result="pass" starttime="Fri Sep 21 16:35:29 CST 2012" endtime="Fri Sep 21 16:35:29 CST 2012" />
                  <Test name="testNotationDecl" result="pass" starttime="Fri Sep 21 16:35:29 CST 2012" endtime="Fri Sep 21 16:35:29 CST 2012" />
                  <Test name="testParseInputSource" result="pass" starttime="Fri Sep 21 16:35:29 CST 2012" endtime="Fri Sep 21 16:35:30 CST 2012" />
                  <Test name="testParseString" result="pass" starttime="Fri Sep 21 16:35:30 CST 2012" endtime="Fri Sep 21 16:35:30 CST 2012" />
                  <Test name="testProcessingInstruction" result="pass" starttime="Fri Sep 21 16:35:30 CST 2012" endtime="Fri Sep 21 16:35:30 CST 2012" />
                  <Test name="testResolveEntity" result="pass" starttime="Fri Sep 21 16:35:30 CST 2012" endtime="Fri Sep 21 16:35:30 CST 2012" />
                  <Test name="testSetDocumentLocator" result="pass" starttime="Fri Sep 21 16:35:30 CST 2012" endtime="Fri Sep 21 16:35:30 CST 2012" />
                  <Test name="testSkippedEntity" result="pass" starttime="Fri Sep 21 16:35:30 CST 2012" endtime="Fri Sep 21 16:35:30 CST 2012" />
                  <Test name="testStartDocument" result="pass" starttime="Fri Sep 21 16:35:30 CST 2012" endtime="Fri Sep 21 16:35:30 CST 2012" />
                  <Test name="testStartElement" result="pass" starttime="Fri Sep 21 16:35:30 CST 2012" endtime="Fri Sep 21 16:35:30 CST 2012" />
                  <Test name="testStartPrefixMapping" result="pass" starttime="Fri Sep 21 16:35:30 CST 2012" endtime="Fri Sep 21 16:35:30 CST 2012" />
                  <Test name="testUnparsedEntityDecl" result="pass" starttime="Fri Sep 21 16:35:30 CST 2012" endtime="Fri Sep 21 16:35:31 CST 2012" />
                  <Test name="testWarning" result="pass" starttime="Fri Sep 21 16:35:31 CST 2012" endtime="Fri Sep 21 16:35:31 CST 2012" />
                  <Test name="testXMLFilterImpl" result="pass" starttime="Fri Sep 21 16:35:31 CST 2012" endtime="Fri Sep 21 16:35:31 CST 2012" />
                  <Test name="testXMLFilterImplXMLReader" result="pass" starttime="Fri Sep 21 16:35:31 CST 2012" endtime="Fri Sep 21 16:35:31 CST 2012" />
                </TestCase>
                <TestCase name="XMLReaderAdapterTest" priority="">
                  <Test name="testCharacters" result="pass" starttime="Fri Sep 21 16:35:31 CST 2012" endtime="Fri Sep 21 16:35:31 CST 2012" />
                  <Test name="testEndDocument" result="pass" starttime="Fri Sep 21 16:35:31 CST 2012" endtime="Fri Sep 21 16:35:31 CST 2012" />
                  <Test name="testEndElement" result="pass" starttime="Fri Sep 21 16:35:31 CST 2012" endtime="Fri Sep 21 16:35:31 CST 2012" />
                  <Test name="testEndPrefixMapping" result="pass" starttime="Fri Sep 21 16:35:31 CST 2012" endtime="Fri Sep 21 16:35:31 CST 2012" />
                  <Test name="testIgnorableWhitespace" result="pass" starttime="Fri Sep 21 16:35:31 CST 2012" endtime="Fri Sep 21 16:35:32 CST 2012" />
                  <Test name="testParseInputSource" result="pass" starttime="Fri Sep 21 16:35:32 CST 2012" endtime="Fri Sep 21 16:35:32 CST 2012" />
                  <Test name="testParseString" result="pass" starttime="Fri Sep 21 16:35:32 CST 2012" endtime="Fri Sep 21 16:35:32 CST 2012" />
                  <Test name="testProcessingInstruction" result="pass" starttime="Fri Sep 21 16:35:32 CST 2012" endtime="Fri Sep 21 16:35:32 CST 2012" />
                  <Test name="testSetDTDHandler" result="pass" starttime="Fri Sep 21 16:35:32 CST 2012" endtime="Fri Sep 21 16:35:32 CST 2012" />
                  <Test name="testSetDocumentHandler" result="pass" starttime="Fri Sep 21 16:35:32 CST 2012" endtime="Fri Sep 21 16:35:32 CST 2012" />
                  <Test name="testSetDocumentLocator" result="pass" starttime="Fri Sep 21 16:35:32 CST 2012" endtime="Fri Sep 21 16:35:32 CST 2012" />
                  <Test name="testSetEntityResolver" result="pass" starttime="Fri Sep 21 16:35:32 CST 2012" endtime="Fri Sep 21 16:35:32 CST 2012" />
                  <Test name="testSetErrorHandler" result="pass" starttime="Fri Sep 21 16:35:32 CST 2012" endtime="Fri Sep 21 16:35:32 CST 2012" />
                  <Test name="testSetLocale" result="pass" starttime="Fri Sep 21 16:35:32 CST 2012" endtime="Fri Sep 21 16:35:33 CST 2012" />
                  <Test name="testSkippedEntity" result="pass" starttime="Fri Sep 21 16:35:33 CST 2012" endtime="Fri Sep 21 16:35:33 CST 2012" />
                  <Test name="testStartDocument" result="pass" starttime="Fri Sep 21 16:35:33 CST 2012" endtime="Fri Sep 21 16:35:33 CST 2012" />
                  <Test name="testStartElement" result="pass" starttime="Fri Sep 21 16:35:33 CST 2012" endtime="Fri Sep 21 16:35:33 CST 2012" />
                  <Test name="testStartPrefixMapping" result="pass" starttime="Fri Sep 21 16:35:33 CST 2012" endtime="Fri Sep 21 16:35:33 CST 2012" />
                  <Test name="testXMLReaderAdapter" result="pass" starttime="Fri Sep 21 16:35:33 CST 2012" endtime="Fri Sep 21 16:35:33 CST 2012" />
                  <Test name="testXMLReaderAdapterXMLReader" result="pass" starttime="Fri Sep 21 16:35:33 CST 2012" endtime="Fri Sep 21 16:35:33 CST 2012" />
                </TestCase>
                <TestCase name="XMLReaderFactoryTest" priority="">
                  <Test name="testCreateXMLReader" result="pass" starttime="Fri Sep 21 16:35:33 CST 2012" endtime="Fri Sep 21 16:35:33 CST 2012" />
                  <Test name="testMakeParserString" result="pass" starttime="Fri Sep 21 16:35:33 CST 2012" endtime="Fri Sep 21 16:35:34 CST 2012" />
                </TestCase>
              </TestSuite>
              <TestCase name="HandlerBaseTest" priority="">
                <Test name="testCharacters" result="pass" starttime="Fri Sep 21 16:35:09 CST 2012" endtime="Fri Sep 21 16:35:09 CST 2012" />
                <Test name="testEndDocument" result="pass" starttime="Fri Sep 21 16:35:09 CST 2012" endtime="Fri Sep 21 16:35:09 CST 2012" />
                <Test name="testEndElement" result="pass" starttime="Fri Sep 21 16:35:09 CST 2012" endtime="Fri Sep 21 16:35:09 CST 2012" />
                <Test name="testError" result="pass" starttime="Fri Sep 21 16:35:09 CST 2012" endtime="Fri Sep 21 16:35:09 CST 2012" />
                <Test name="testFatalError" result="pass" starttime="Fri Sep 21 16:35:09 CST 2012" endtime="Fri Sep 21 16:35:09 CST 2012" />
                <Test name="testIgnorableWhitespace" result="pass" starttime="Fri Sep 21 16:35:09 CST 2012" endtime="Fri Sep 21 16:35:09 CST 2012" />
                <Test name="testNotationDecl" result="pass" starttime="Fri Sep 21 16:35:09 CST 2012" endtime="Fri Sep 21 16:35:09 CST 2012" />
                <Test name="testProcessingInstruction" result="pass" starttime="Fri Sep 21 16:35:09 CST 2012" endtime="Fri Sep 21 16:35:10 CST 2012" />
                <Test name="testResolveEntity" result="pass" starttime="Fri Sep 21 16:35:10 CST 2012" endtime="Fri Sep 21 16:35:10 CST 2012" />
                <Test name="testSetDocumentLocator" result="pass" starttime="Fri Sep 21 16:35:10 CST 2012" endtime="Fri Sep 21 16:35:10 CST 2012" />
                <Test name="testStartDocument" result="pass" starttime="Fri Sep 21 16:35:10 CST 2012" endtime="Fri Sep 21 16:35:10 CST 2012" />
                <Test name="testStartElement" result="pass" starttime="Fri Sep 21 16:35:10 CST 2012" endtime="Fri Sep 21 16:35:10 CST 2012" />
                <Test name="testUnparsedEntityDecl" result="pass" starttime="Fri Sep 21 16:35:10 CST 2012" endtime="Fri Sep 21 16:35:10 CST 2012" />
                <Test name="testWarning" result="pass" starttime="Fri Sep 21 16:35:10 CST 2012" endtime="Fri Sep 21 16:35:10 CST 2012" />
              </TestCase>
              <TestCase name="InputSourceTest" priority="">
                <Test name="testInputSource" result="pass" starttime="Fri Sep 21 16:35:10 CST 2012" endtime="Fri Sep 21 16:35:10 CST 2012" />
                <Test name="testInputSourceInputStream" result="pass" starttime="Fri Sep 21 16:35:10 CST 2012" endtime="Fri Sep 21 16:35:11 CST 2012" />
                <Test name="testInputSourceReader" result="pass" starttime="Fri Sep 21 16:35:11 CST 2012" endtime="Fri Sep 21 16:35:11 CST 2012" />
                <Test name="testInputSourceString" result="pass" starttime="Fri Sep 21 16:35:11 CST 2012" endtime="Fri Sep 21 16:35:11 CST 2012" />
                <Test name="testSetByteStreamGetByteStream" result="pass" starttime="Fri Sep 21 16:35:11 CST 2012" endtime="Fri Sep 21 16:35:11 CST 2012" />
                <Test name="testSetCharacterStreamGetCharacterStream" result="pass" starttime="Fri Sep 21 16:35:11 CST 2012" endtime="Fri Sep 21 16:35:11 CST 2012" />
                <Test name="testSetEncodingGetEncoding" result="pass" starttime="Fri Sep 21 16:35:11 CST 2012" endtime="Fri Sep 21 16:35:11 CST 2012" />
                <Test name="testSetPublicIdGetPublicId" result="pass" starttime="Fri Sep 21 16:35:11 CST 2012" endtime="Fri Sep 21 16:35:11 CST 2012" />
                <Test name="testSetSystemIdGetSystemId" result="pass" starttime="Fri Sep 21 16:35:11 CST 2012" endtime="Fri Sep 21 16:35:11 CST 2012" />
              </TestCase>
              <TestCase name="SAXExceptionTest" priority="">
                <Test name="testSAXException_Exception" result="pass" starttime="Fri Sep 21 16:35:11 CST 2012" endtime="Fri Sep 21 16:35:12 CST 2012" />
                <Test name="testSAXException_String" result="pass" starttime="Fri Sep 21 16:35:12 CST 2012" endtime="Fri Sep 21 16:35:12 CST 2012" />
                <Test name="testSAXException_String_Exception" result="pass" starttime="Fri Sep 21 16:35:12 CST 2012" endtime="Fri Sep 21 16:35:12 CST 2012" />
                <Test name="testSAXParseException" result="pass" starttime="Fri Sep 21 16:35:12 CST 2012" endtime="Fri Sep 21 16:35:12 CST 2012" />
                <Test name="testToString" result="pass" starttime="Fri Sep 21 16:35:12 CST 2012" endtime="Fri Sep 21 16:35:12 CST 2012" />
              </TestCase>
              <TestCase name="SAXNotRecognizedExceptionTest" priority="">
                <Test name="testSAXNotRecognizedException" result="pass" starttime="Fri Sep 21 16:35:12 CST 2012" endtime="Fri Sep 21 16:35:12 CST 2012" />
                <Test name="testSAXNotRecognizedException_String" result="pass" starttime="Fri Sep 21 16:35:12 CST 2012" endtime="Fri Sep 21 16:35:12 CST 2012" />
              </TestCase>
              <TestCase name="SAXNotSupportedExceptionTest" priority="">
                <Test name="testSAXNotSupportedException" result="pass" starttime="Fri Sep 21 16:35:12 CST 2012" endtime="Fri Sep 21 16:35:12 CST 2012" />
                <Test name="testSAXNotSupportedException_String" result="pass" starttime="Fri Sep 21 16:35:12 CST 2012" endtime="Fri Sep 21 16:35:12 CST 2012" />
              </TestCase>
              <TestCase name="SAXParseExceptionTest" priority="">
                <Test name="testSAXParseException_String_Locator" result="pass" starttime="Fri Sep 21 16:35:12 CST 2012" endtime="Fri Sep 21 16:35:13 CST 2012" />
                <Test name="testSAXParseException_String_Locator_Exception" result="pass" starttime="Fri Sep 21 16:35:13 CST 2012" endtime="Fri Sep 21 16:35:13 CST 2012" />
                <Test name="testSAXParseException_String_String_String_int_int" result="pass" starttime="Fri Sep 21 16:35:13 CST 2012" endtime="Fri Sep 21 16:35:13 CST 2012" />
                <Test name="testSAXParseException_String_String_String_int_int_Exception" result="pass" starttime="Fri Sep 21 16:35:13 CST 2012" endtime="Fri Sep 21 16:35:13 CST 2012" />
              </TestCase>
            </TestSuite>
          </TestSuite>
        </TestSuite>
      </TestSuite>
      <TestSuite name="java">
        <TestSuite name="lang">
          <TestSuite name="String">
            <TestCase name="Tests" priority="">
              <Test name="test_CASE_INSENSITIVE_ORDER" result="pass" starttime="Fri Sep 21 16:35:34 CST 2012" endtime="Fri Sep 21 16:35:34 CST 2012" />
              <Test name="test_EndsWith" result="pass" starttime="Fri Sep 21 16:35:34 CST 2012" endtime="Fri Sep 21 16:35:34 CST 2012" />
              <Test name="test_StartsWith" result="pass" starttime="Fri Sep 21 16:35:34 CST 2012" endtime="Fri Sep 21 16:35:34 CST 2012" />
              <Test name="test_charAt" result="pass" starttime="Fri Sep 21 16:35:34 CST 2012" endtime="Fri Sep 21 16:35:34 CST 2012" />
              <Test name="test_contains" result="pass" starttime="Fri Sep 21 16:35:34 CST 2012" endtime="Fri Sep 21 16:35:34 CST 2012" />
            </TestCase>
          </TestSuite>
        </TestSuite>
        <TestSuite name="security">
          <TestCase name="AlgorithmParameterGeneratorSpiTest" priority="">
            <Test name="testAlgorithmParameterGeneratorSpi01" result="pass" starttime="Fri Sep 21 16:35:34 CST 2012" endtime="Fri Sep 21 16:35:34 CST 2012" />
          </TestCase>
          <TestCase name="IdentityTest" priority="">
            <Test name="testAddCertificate1" result="pass" starttime="Fri Sep 21 16:35:34 CST 2012" endtime="Fri Sep 21 16:35:34 CST 2012" />
            <Test name="testAddCertificate2" result="pass" starttime="Fri Sep 21 16:35:34 CST 2012" endtime="Fri Sep 21 16:35:35 CST 2012" />
            <Test name="testAddCertificate4" result="pass" starttime="Fri Sep 21 16:35:35 CST 2012" endtime="Fri Sep 21 16:35:35 CST 2012" />
            <Test name="testCertificates" result="pass" starttime="Fri Sep 21 16:35:35 CST 2012" endtime="Fri Sep 21 16:35:35 CST 2012" />
            <Test name="testEquals" result="pass" starttime="Fri Sep 21 16:35:35 CST 2012" endtime="Fri Sep 21 16:35:35 CST 2012" />
            <Test name="testGetInfo" result="pass" starttime="Fri Sep 21 16:35:35 CST 2012" endtime="Fri Sep 21 16:35:35 CST 2012" />
            <Test name="testGetName" result="pass" starttime="Fri Sep 21 16:35:35 CST 2012" endtime="Fri Sep 21 16:35:35 CST 2012" />
            <Test name="testGetPublicKey" result="pass" starttime="Fri Sep 21 16:35:35 CST 2012" endtime="Fri Sep 21 16:35:35 CST 2012" />
            <Test name="testGetScope" result="pass" starttime="Fri Sep 21 16:35:35 CST 2012" endtime="Fri Sep 21 16:35:35 CST 2012" />
            <Test name="testHashCode" result="pass" starttime="Fri Sep 21 16:35:35 CST 2012" endtime="Fri Sep 21 16:35:36 CST 2012" />
            <Test name="testIdentity" result="pass" starttime="Fri Sep 21 16:35:36 CST 2012" endtime="Fri Sep 21 16:35:36 CST 2012" />
            <Test name="testIdentityEquals" result="pass" starttime="Fri Sep 21 16:35:36 CST 2012" endtime="Fri Sep 21 16:35:36 CST 2012" />
            <Test name="testIdentityString" result="pass" starttime="Fri Sep 21 16:35:36 CST 2012" endtime="Fri Sep 21 16:35:36 CST 2012" />
            <Test name="testIdentityStringIdentityScope" result="pass" starttime="Fri Sep 21 16:35:36 CST 2012" endtime="Fri Sep 21 16:35:36 CST 2012" />
            <Test name="testSetPublicKey2" result="pass" starttime="Fri Sep 21 16:35:36 CST 2012" endtime="Fri Sep 21 16:35:36 CST 2012" />
            <Test name="testSetPublicKey4" result="pass" starttime="Fri Sep 21 16:35:36 CST 2012" endtime="Fri Sep 21 16:35:36 CST 2012" />
            <Test name="testToString2" result="pass" starttime="Fri Sep 21 16:35:36 CST 2012" endtime="Fri Sep 21 16:35:36 CST 2012" />
            <Test name="testToStringboolean" result="pass" starttime="Fri Sep 21 16:35:36 CST 2012" endtime="Fri Sep 21 16:35:36 CST 2012" />
          </TestCase>
          <TestCase name="SecureClassLoaderTest" priority="">
            <Test name="testGetPermissions" result="pass" starttime="Fri Sep 21 16:35:36 CST 2012" endtime="Fri Sep 21 16:35:37 CST 2012" />
          </TestCase>
          <TestCase name="SecureRandomTest" priority="">
            <Test name="testGenerateSeed" result="pass" starttime="Fri Sep 21 16:35:37 CST 2012" endtime="Fri Sep 21 16:35:37 CST 2012" />
            <Test name="testGetInstanceString" result="pass" starttime="Fri Sep 21 16:35:37 CST 2012" endtime="Fri Sep 21 16:35:37 CST 2012" />
            <Test name="testGetInstanceStringProvider" result="pass" starttime="Fri Sep 21 16:35:37 CST 2012" endtime="Fri Sep 21 16:35:37 CST 2012" />
            <Test name="testGetInstanceStringString" result="pass" starttime="Fri Sep 21 16:35:37 CST 2012" endtime="Fri Sep 21 16:35:37 CST 2012" />
            <Test name="testGetSeed" result="pass" starttime="Fri Sep 21 16:35:37 CST 2012" endtime="Fri Sep 21 16:35:37 CST 2012" />
            <Test name="testNext" result="pass" starttime="Fri Sep 21 16:35:37 CST 2012" endtime="Fri Sep 21 16:35:37 CST 2012" />
            <Test name="testNextBytes" result="pass" starttime="Fri Sep 21 16:35:37 CST 2012" endtime="Fri Sep 21 16:35:38 CST 2012" />
            <Test name="testSecureRandom" result="pass" starttime="Fri Sep 21 16:35:38 CST 2012" endtime="Fri Sep 21 16:35:38 CST 2012" />
            <Test name="testSecureRandombyteArray" result="pass" starttime="Fri Sep 21 16:35:38 CST 2012" endtime="Fri Sep 21 16:35:38 CST 2012" />
            <Test name="testSetSeedbyteArray" result="pass" starttime="Fri Sep 21 16:35:38 CST 2012" endtime="Fri Sep 21 16:35:38 CST 2012" />
            <Test name="testSetSeedlong" result="pass" starttime="Fri Sep 21 16:35:38 CST 2012" endtime="Fri Sep 21 16:35:38 CST 2012" />
          </TestCase>
        </TestSuite>
        <TestSuite name="sql">
          <TestCase name="DatabaseMetaDataNotSupportedTest" priority="">
            <Test name="test_allProceduresAreCallable" result="pass" starttime="Fri Sep 21 16:35:38 CST 2012" endtime="Fri Sep 21 16:35:38 CST 2012" />
            <Test name="test_dataDefinitionCausesTransactionCommit" result="pass" starttime="Fri Sep 21 16:35:38 CST 2012" endtime="Fri Sep 21 16:35:38 CST 2012" />
            <Test name="test_dataDefinitionIgnoredInTransactions" result="pass" starttime="Fri Sep 21 16:35:38 CST 2012" endtime="Fri Sep 21 16:35:39 CST 2012" />
            <Test name="test_deletesAreDetectedI" result="pass" starttime="Fri Sep 21 16:35:39 CST 2012" endtime="Fri Sep 21 16:35:39 CST 2012" />
            <Test name="test_getAttributesLjava_lang_StringLjava_lang_StringLjava_lang_StringLjava_lang_String" result="pass" starttime="Fri Sep 21 16:35:39 CST 2012" endtime="Fri Sep 21 16:35:39 CST 2012" />
            <Test name="test_getCatalogSeparator" result="pass" starttime="Fri Sep 21 16:35:39 CST 2012" endtime="Fri Sep 21 16:35:39 CST 2012" />
            <Test name="test_getCatalogTerm" result="pass" starttime="Fri Sep 21 16:35:39 CST 2012" endtime="Fri Sep 21 16:35:39 CST 2012" />
            <Test name="test_getCatalogs" result="pass" starttime="Fri Sep 21 16:35:39 CST 2012" endtime="Fri Sep 21 16:35:39 CST 2012" />
            <Test name="test_getExtraNameCharacters" result="pass" starttime="Fri Sep 21 16:35:40 CST 2012" endtime="Fri Sep 21 16:35:40 CST 2012" />
            <Test name="test_getMaxBinaryLiteralLength" result="pass" starttime="Fri Sep 21 16:35:40 CST 2012" endtime="Fri Sep 21 16:35:40 CST 2012" />
            <Test name="test_getMaxCatalogNameLength" result="pass" starttime="Fri Sep 21 16:35:40 CST 2012" endtime="Fri Sep 21 16:35:41 CST 2012" />
            <Test name="test_getMaxCharLiteralLength" result="pass" starttime="Fri Sep 21 16:35:41 CST 2012" endtime="Fri Sep 21 16:35:41 CST 2012" />
            <Test name="test_getMaxColumnNameLength" result="pass" starttime="Fri Sep 21 16:35:41 CST 2012" endtime="Fri Sep 21 16:35:41 CST 2012" />
            <Test name="test_getMaxColumnsInGroupBy" result="pass" starttime="Fri Sep 21 16:35:41 CST 2012" endtime="Fri Sep 21 16:35:41 CST 2012" />
            <Test name="test_getMaxColumnsInIndex" result="pass" starttime="Fri Sep 21 16:35:41 CST 2012" endtime="Fri Sep 21 16:35:42 CST 2012" />
            <Test name="test_getMaxColumnsInOrderBy" result="pass" starttime="Fri Sep 21 16:35:42 CST 2012" endtime="Fri Sep 21 16:35:42 CST 2012" />
            <Test name="test_getMaxColumnsInSelect" result="pass" starttime="Fri Sep 21 16:35:42 CST 2012" endtime="Fri Sep 21 16:35:42 CST 2012" />
            <Test name="test_getMaxColumnsInTable" result="pass" starttime="Fri Sep 21 16:35:42 CST 2012" endtime="Fri Sep 21 16:35:42 CST 2012" />
            <Test name="test_getMaxConnections" result="pass" starttime="Fri Sep 21 16:35:42 CST 2012" endtime="Fri Sep 21 16:35:42 CST 2012" />
            <Test name="test_getMaxIndexLength" result="pass" starttime="Fri Sep 21 16:35:42 CST 2012" endtime="Fri Sep 21 16:35:42 CST 2012" />
            <Test name="test_getMaxProcedureNameLength" result="pass" starttime="Fri Sep 21 16:35:42 CST 2012" endtime="Fri Sep 21 16:35:42 CST 2012" />
            <Test name="test_getMaxRowSize" result="pass" starttime="Fri Sep 21 16:35:43 CST 2012" endtime="Fri Sep 21 16:35:43 CST 2012" />
            <Test name="test_getMaxSchemaNameLength" result="pass" starttime="Fri Sep 21 16:35:43 CST 2012" endtime="Fri Sep 21 16:35:43 CST 2012" />
            <Test name="test_getMaxStatementLength" result="pass" starttime="Fri Sep 21 16:35:43 CST 2012" endtime="Fri Sep 21 16:35:43 CST 2012" />
            <Test name="test_getMaxStatements" result="pass" starttime="Fri Sep 21 16:35:43 CST 2012" endtime="Fri Sep 21 16:35:43 CST 2012" />
            <Test name="test_getProcedureColumnsLjava_lang_StringLjava_lang_StringLjava_lang_StringLjava_lang_String" result="pass" starttime="Fri Sep 21 16:35:44 CST 2012" endtime="Fri Sep 21 16:35:44 CST 2012" />
            <Test name="test_getProceduresLjava_lang_StringLjava_lang_StringLjava_lang_String" result="pass" starttime="Fri Sep 21 16:35:44 CST 2012" endtime="Fri Sep 21 16:35:44 CST 2012" />
            <Test name="test_getSuperTablesLjava_lang_StringLjava_lang_StringLjava_lang_String" result="pass" starttime="Fri Sep 21 16:35:44 CST 2012" endtime="Fri Sep 21 16:35:44 CST 2012" />
            <Test name="test_getSuperTypesLjava_lang_StringLjava_lang_StringLjava_lang_String" result="pass" starttime="Fri Sep 21 16:35:44 CST 2012" endtime="Fri Sep 21 16:35:44 CST 2012" />
            <Test name="test_getUDTsLjava_lang_StringLjava_lang_StringLjava_lang_String$I" result="pass" starttime="Fri Sep 21 16:35:45 CST 2012" endtime="Fri Sep 21 16:35:45 CST 2012" />
            <Test name="test_nullPlusNonNullIsNull" result="pass" starttime="Fri Sep 21 16:35:45 CST 2012" endtime="Fri Sep 21 16:35:45 CST 2012" />
            <Test name="test_nullsAreSortedAtEnd" result="pass" starttime="Fri Sep 21 16:35:45 CST 2012" endtime="Fri Sep 21 16:35:45 CST 2012" />
            <Test name="test_nullsAreSortedAtStart" result="pass" starttime="Fri Sep 21 16:35:45 CST 2012" endtime="Fri Sep 21 16:35:46 CST 2012" />
            <Test name="test_nullsAreSortedHigh" result="pass" starttime="Fri Sep 21 16:35:46 CST 2012" endtime="Fri Sep 21 16:35:46 CST 2012" />
            <Test name="test_nullsAreSortedLow" result="pass" starttime="Fri Sep 21 16:35:46 CST 2012" endtime="Fri Sep 21 16:35:46 CST 2012" />
            <Test name="test_ownDeletesAreVisibleI" result="pass" starttime="Fri Sep 21 16:35:46 CST 2012" endtime="Fri Sep 21 16:35:46 CST 2012" />
            <Test name="test_ownInsertsAreVisibleI" result="pass" starttime="Fri Sep 21 16:35:46 CST 2012" endtime="Fri Sep 21 16:35:46 CST 2012" />
            <Test name="test_ownUpdatesAreVisibleI" result="pass" starttime="Fri Sep 21 16:35:46 CST 2012" endtime="Fri Sep 21 16:35:46 CST 2012" />
            <Test name="test_storesLowerCaseIdentifiers" result="pass" starttime="Fri Sep 21 16:35:46 CST 2012" endtime="Fri Sep 21 16:35:46 CST 2012" />
            <Test name="test_storesLowerCaseQuotedIdentifiers" result="pass" starttime="Fri Sep 21 16:35:46 CST 2012" endtime="Fri Sep 21 16:35:46 CST 2012" />
            <Test name="test_storesUpperCaseIdentifiers" result="pass" starttime="Fri Sep 21 16:35:46 CST 2012" endtime="Fri Sep 21 16:35:47 CST 2012" />
            <Test name="test_storesUpperCaseQuotedIdentifiers" result="pass" starttime="Fri Sep 21 16:35:47 CST 2012" endtime="Fri Sep 21 16:35:47 CST 2012" />
            <Test name="test_supportsANSI92FullSQL" result="pass" starttime="Fri Sep 21 16:35:47 CST 2012" endtime="Fri Sep 21 16:35:47 CST 2012" />
            <Test name="test_supportsANSI92IntermediateSQL" result="pass" starttime="Fri Sep 21 16:35:47 CST 2012" endtime="Fri Sep 21 16:35:47 CST 2012" />
            <Test name="test_supportsAlterTableWithAddColumn" result="pass" starttime="Fri Sep 21 16:35:47 CST 2012" endtime="Fri Sep 21 16:35:47 CST 2012" />
            <Test name="test_supportsAlterTableWithDropColumn" result="pass" starttime="Fri Sep 21 16:35:47 CST 2012" endtime="Fri Sep 21 16:35:47 CST 2012" />
            <Test name="test_supportsBatchUpdates" result="pass" starttime="Fri Sep 21 16:35:47 CST 2012" endtime="Fri Sep 21 16:35:48 CST 2012" />
            <Test name="test_supportsCatalogsInDataManipulation" result="pass" starttime="Fri Sep 21 16:35:48 CST 2012" endtime="Fri Sep 21 16:35:48 CST 2012" />
            <Test name="test_supportsCatalogsInIndexDefinitions" result="pass" starttime="Fri Sep 21 16:35:48 CST 2012" endtime="Fri Sep 21 16:35:48 CST 2012" />
            <Test name="test_supportsCatalogsInPrivilegeDefinitions" result="pass" starttime="Fri Sep 21 16:35:48 CST 2012" endtime="Fri Sep 21 16:35:48 CST 2012" />
            <Test name="test_supportsCatalogsInProcedureCalls" result="pass" starttime="Fri Sep 21 16:35:48 CST 2012" endtime="Fri Sep 21 16:35:48 CST 2012" />
            <Test name="test_supportsCatalogsInTableDefinitions" result="pass" starttime="Fri Sep 21 16:35:48 CST 2012" endtime="Fri Sep 21 16:35:48 CST 2012" />
            <Test name="test_supportsConvert" result="pass" starttime="Fri Sep 21 16:35:48 CST 2012" endtime="Fri Sep 21 16:35:48 CST 2012" />
            <Test name="test_supportsConvertII" result="pass" starttime="Fri Sep 21 16:35:48 CST 2012" endtime="Fri Sep 21 16:35:49 CST 2012" />
            <Test name="test_supportsCoreSQLGrammar" result="pass" starttime="Fri Sep 21 16:35:49 CST 2012" endtime="Fri Sep 21 16:35:49 CST 2012" />
            <Test name="test_supportsCorrelatedSubqueries" result="pass" starttime="Fri Sep 21 16:35:49 CST 2012" endtime="Fri Sep 21 16:35:49 CST 2012" />
            <Test name="test_supportsDataManipulationTransactionsOnly" result="pass" starttime="Fri Sep 21 16:35:49 CST 2012" endtime="Fri Sep 21 16:35:49 CST 2012" />
            <Test name="test_supportsDifferentTableCorrelationNames" result="pass" starttime="Fri Sep 21 16:35:49 CST 2012" endtime="Fri Sep 21 16:35:50 CST 2012" />
            <Test name="test_supportsExtendedSQLGrammar" result="pass" starttime="Fri Sep 21 16:35:50 CST 2012" endtime="Fri Sep 21 16:35:50 CST 2012" />
            <Test name="test_supportsFullOuterJoins" result="pass" starttime="Fri Sep 21 16:35:50 CST 2012" endtime="Fri Sep 21 16:35:50 CST 2012" />
            <Test name="test_supportsGetGeneratedKeys" result="pass" starttime="Fri Sep 21 16:35:50 CST 2012" endtime="Fri Sep 21 16:35:50 CST 2012" />
            <Test name="test_supportsGroupByBeyondSelect" result="pass" starttime="Fri Sep 21 16:35:50 CST 2012" endtime="Fri Sep 21 16:35:51 CST 2012" />
            <Test name="test_supportsIntegrityEnhancementFacility" result="pass" starttime="Fri Sep 21 16:35:51 CST 2012" endtime="Fri Sep 21 16:35:51 CST 2012" />
            <Test name="test_supportsLikeEscapeClause" result="pass" starttime="Fri Sep 21 16:35:51 CST 2012" endtime="Fri Sep 21 16:35:51 CST 2012" />
            <Test name="test_supportsLimitedOuterJoins" result="pass" starttime="Fri Sep 21 16:35:51 CST 2012" endtime="Fri Sep 21 16:35:51 CST 2012" />
            <Test name="test_supportsMixedCaseIdentifiers" result="pass" starttime="Fri Sep 21 16:35:51 CST 2012" endtime="Fri Sep 21 16:35:51 CST 2012" />
            <Test name="test_supportsMixedCaseQuotedIdentifiers" result="pass" starttime="Fri Sep 21 16:35:51 CST 2012" endtime="Fri Sep 21 16:35:51 CST 2012" />
            <Test name="test_supportsMultipleOpenResults" result="pass" starttime="Fri Sep 21 16:35:51 CST 2012" endtime="Fri Sep 21 16:35:51 CST 2012" />
            <Test name="test_supportsMultipleResultSets" result="pass" starttime="Fri Sep 21 16:35:51 CST 2012" endtime="Fri Sep 21 16:35:52 CST 2012" />
            <Test name="test_supportsMultipleTransactions" result="pass" starttime="Fri Sep 21 16:35:52 CST 2012" endtime="Fri Sep 21 16:35:52 CST 2012" />
            <Test name="test_supportsNamedParameters" result="pass" starttime="Fri Sep 21 16:35:52 CST 2012" endtime="Fri Sep 21 16:35:52 CST 2012" />
            <Test name="test_supportsOpenCursorsAcrossCommit" result="pass" starttime="Fri Sep 21 16:35:52 CST 2012" endtime="Fri Sep 21 16:35:52 CST 2012" />
            <Test name="test_supportsOpenCursorsAcrossRollback" result="pass" starttime="Fri Sep 21 16:35:52 CST 2012" endtime="Fri Sep 21 16:35:52 CST 2012" />
            <Test name="test_supportsOpenStatementsAcrossCommit" result="pass" starttime="Fri Sep 21 16:35:52 CST 2012" endtime="Fri Sep 21 16:35:52 CST 2012" />
            <Test name="test_supportsOpenStatementsAcrossRollback" result="pass" starttime="Fri Sep 21 16:35:52 CST 2012" endtime="Fri Sep 21 16:35:52 CST 2012" />
            <Test name="test_supportsOuterJoins" result="pass" starttime="Fri Sep 21 16:35:52 CST 2012" endtime="Fri Sep 21 16:35:52 CST 2012" />
            <Test name="test_supportsPositionedDelete" result="pass" starttime="Fri Sep 21 16:35:52 CST 2012" endtime="Fri Sep 21 16:35:53 CST 2012" />
            <Test name="test_supportsPositionedUpdate" result="pass" starttime="Fri Sep 21 16:35:53 CST 2012" endtime="Fri Sep 21 16:35:53 CST 2012" />
            <Test name="test_supportsResultSetConcurrencyII" result="pass" starttime="Fri Sep 21 16:35:53 CST 2012" endtime="Fri Sep 21 16:35:53 CST 2012" />
            <Test name="test_supportsResultSetHoldabilityI" result="pass" starttime="Fri Sep 21 16:35:53 CST 2012" endtime="Fri Sep 21 16:35:53 CST 2012" />
            <Test name="test_supportsSavepoints" result="pass" starttime="Fri Sep 21 16:35:53 CST 2012" endtime="Fri Sep 21 16:35:53 CST 2012" />
            <Test name="test_supportsSchemasInDataManipulation" result="pass" starttime="Fri Sep 21 16:35:53 CST 2012" endtime="Fri Sep 21 16:35:54 CST 2012" />
            <Test name="test_supportsSchemasInIndexDefinitions" result="pass" starttime="Fri Sep 21 16:35:54 CST 2012" endtime="Fri Sep 21 16:35:54 CST 2012" />
            <Test name="test_supportsSchemasInPrivilegeDefinitions" result="pass" starttime="Fri Sep 21 16:35:54 CST 2012" endtime="Fri Sep 21 16:35:54 CST 2012" />
            <Test name="test_supportsSchemasInProcedureCalls" result="pass" starttime="Fri Sep 21 16:35:54 CST 2012" endtime="Fri Sep 21 16:35:54 CST 2012" />
            <Test name="test_supportsSchemasInTableDefinitions" result="pass" starttime="Fri Sep 21 16:35:54 CST 2012" endtime="Fri Sep 21 16:35:54 CST 2012" />
            <Test name="test_supportsStatementPooling" result="pass" starttime="Fri Sep 21 16:35:54 CST 2012" endtime="Fri Sep 21 16:35:54 CST 2012" />
            <Test name="test_supportsStoredProcedures" result="pass" starttime="Fri Sep 21 16:35:55 CST 2012" endtime="Fri Sep 21 16:35:55 CST 2012" />
            <Test name="test_supportsSubqueriesInQuantifieds" result="pass" starttime="Fri Sep 21 16:35:55 CST 2012" endtime="Fri Sep 21 16:35:55 CST 2012" />
            <Test name="test_supportsUnion" result="pass" starttime="Fri Sep 21 16:35:55 CST 2012" endtime="Fri Sep 21 16:35:56 CST 2012" />
            <Test name="test_supportsUnionAll" result="pass" starttime="Fri Sep 21 16:35:56 CST 2012" endtime="Fri Sep 21 16:35:56 CST 2012" />
            <Test name="test_usesLocalFilePerTable" result="pass" starttime="Fri Sep 21 16:35:56 CST 2012" endtime="Fri Sep 21 16:35:56 CST 2012" />
          </TestCase>
          <TestCase name="DatabaseMetaDataTest" priority="">
            <Test name="testGetSchemasReadOnly" result="pass" starttime="Fri Sep 21 16:35:56 CST 2012" endtime="Fri Sep 21 16:35:56 CST 2012" />
            <Test name="test_getBestRowIdentifierLjava_lang_StringLjava_lang_StringLjava_lang_StringIZ" result="pass" starttime="Fri Sep 21 16:35:56 CST 2012" endtime="Fri Sep 21 16:35:56 CST 2012" />
            <Test name="test_getConnection" result="pass" starttime="Fri Sep 21 16:35:57 CST 2012" endtime="Fri Sep 21 16:35:57 CST 2012" />
            <Test name="test_getDriverMajorVersion" result="pass" starttime="Fri Sep 21 16:35:58 CST 2012" endtime="Fri Sep 21 16:35:58 CST 2012" />
            <Test name="test_getDriverMinorVersion" result="pass" starttime="Fri Sep 21 16:35:58 CST 2012" endtime="Fri Sep 21 16:35:58 CST 2012" />
            <Test name="test_getMaxCursorNameLength" result="pass" starttime="Fri Sep 21 16:35:59 CST 2012" endtime="Fri Sep 21 16:35:59 CST 2012" />
            <Test name="test_storesMixedCaseQuotedIdentifiers" result="pass" starttime="Fri Sep 21 16:36:03 CST 2012" endtime="Fri Sep 21 16:36:03 CST 2012" />
            <Test name="test_supportsTransactionIsolationLevelI" result="pass" starttime="Fri Sep 21 16:36:05 CST 2012" endtime="Fri Sep 21 16:36:05 CST 2012" />
            <Test name="test_updatesAreDetectedI" result="pass" starttime="Fri Sep 21 16:36:05 CST 2012" endtime="Fri Sep 21 16:36:05 CST 2012" />
          </TestCase>
          <TestCase name="DeleteFunctionalityTest" priority="">
            <Test name="testDelete1" result="pass" starttime="Fri Sep 21 16:36:05 CST 2012" endtime="Fri Sep 21 16:36:06 CST 2012" />
            <Test name="testDelete3" result="pass" starttime="Fri Sep 21 16:36:06 CST 2012" endtime="Fri Sep 21 16:36:06 CST 2012" />
            <Test name="testDelete4" result="pass" starttime="Fri Sep 21 16:36:06 CST 2012" endtime="Fri Sep 21 16:36:06 CST 2012" />
            <Test name="testDelete5" result="pass" starttime="Fri Sep 21 16:36:06 CST 2012" endtime="Fri Sep 21 16:36:07 CST 2012" />
            <Test name="testDelete7" result="pass" starttime="Fri Sep 21 16:36:07 CST 2012" endtime="Fri Sep 21 16:36:08 CST 2012" />
          </TestCase>
          <TestCase name="InsertFunctionalityTest" priority="">
            <Test name="testInsert1" result="pass" starttime="Fri Sep 21 16:36:08 CST 2012" endtime="Fri Sep 21 16:36:09 CST 2012" />
            <Test name="testInsert2" result="pass" starttime="Fri Sep 21 16:36:09 CST 2012" endtime="Fri Sep 21 16:36:10 CST 2012" />
            <Test name="testInsert3" result="pass" starttime="Fri Sep 21 16:36:10 CST 2012" endtime="Fri Sep 21 16:36:10 CST 2012" />
            <Test name="testInsert4" result="pass" starttime="Fri Sep 21 16:36:10 CST 2012" endtime="Fri Sep 21 16:36:10 CST 2012" />
            <Test name="testInsert5" result="pass" starttime="Fri Sep 21 16:36:10 CST 2012" endtime="Fri Sep 21 16:36:11 CST 2012" />
            <Test name="testInsertPrepared" result="pass" starttime="Fri Sep 21 16:36:11 CST 2012" endtime="Fri Sep 21 16:36:11 CST 2012" />
          </TestCase>
          <TestCase name="MultiThreadAccessTest" priority="">
            <Test name="test_MultipleAccessToOneTable" result="pass" starttime="Fri Sep 21 16:36:11 CST 2012" endtime="Fri Sep 21 16:36:14 CST 2012" />
            <Test name="test_MultipleAccessToSeveralTables" result="pass" starttime="Fri Sep 21 16:36:14 CST 2012" endtime="Fri Sep 21 16:36:15 CST 2012" />
            <Test name="test_MultipleOperationsInSeveralTables" result="pass" starttime="Fri Sep 21 16:36:15 CST 2012" endtime="Fri Sep 21 16:36:18 CST 2012" />
            <Test name="test_MultipleUpdatesInOneTables" result="pass" starttime="Fri Sep 21 16:36:18 CST 2012" endtime="Fri Sep 21 16:36:21 CST 2012" />
          </TestCase>
          <TestCase name="SelectFunctionalityTest" priority="">
            <Test name="test_SelectAgregateFunctions" result="pass" starttime="Fri Sep 21 16:36:21 CST 2012" endtime="Fri Sep 21 16:36:23 CST 2012" />
            <Test name="test_SelectDistinct" result="pass" starttime="Fri Sep 21 16:36:23 CST 2012" endtime="Fri Sep 21 16:36:24 CST 2012" />
            <Test name="test_SelectGroupBy" result="pass" starttime="Fri Sep 21 16:36:24 CST 2012" endtime="Fri Sep 21 16:36:25 CST 2012" />
            <Test name="test_SelectHaving" result="pass" starttime="Fri Sep 21 16:36:25 CST 2012" endtime="Fri Sep 21 16:36:26 CST 2012" />
            <Test name="test_SelectLeftOuterJoin" result="pass" starttime="Fri Sep 21 16:36:26 CST 2012" endtime="Fri Sep 21 16:36:27 CST 2012" />
            <Test name="test_SelectOrderBy" result="pass" starttime="Fri Sep 21 16:36:27 CST 2012" endtime="Fri Sep 21 16:36:28 CST 2012" />
            <Test name="test_SelectPrepared" result="pass" starttime="Fri Sep 21 16:36:28 CST 2012" endtime="Fri Sep 21 16:36:29 CST 2012" />
            <Test name="test_SelectSimple" result="pass" starttime="Fri Sep 21 16:36:31 CST 2012" endtime="Fri Sep 21 16:36:32 CST 2012" />
            <Test name="test_SelectThreeTables" result="pass" starttime="Fri Sep 21 16:36:32 CST 2012" endtime="Fri Sep 21 16:36:33 CST 2012" />
            <Test name="test_SelectUnionItself" result="pass" starttime="Fri Sep 21 16:36:33 CST 2012" endtime="Fri Sep 21 16:36:35 CST 2012" />
            <Test name="test_SubSelect" result="pass" starttime="Fri Sep 21 16:36:35 CST 2012" endtime="Fri Sep 21 16:36:36 CST 2012" />
          </TestCase>
          <TestCase name="StressTest" priority="">
            <Test name="testInsertOfManyRowsUsingManyThreads" result="pass" starttime="Fri Sep 21 16:36:36 CST 2012" endtime="Fri Sep 21 16:37:16 CST 2012" />
            <Test name="testInsertOfManyRowsUsingOneThread" result="pass" starttime="Fri Sep 21 16:37:16 CST 2012" endtime="Fri Sep 21 16:37:48 CST 2012" />
            <Test name="testManyConnectionsUsingManyThreads" result="pass" starttime="Fri Sep 21 16:37:48 CST 2012" endtime="Fri Sep 21 16:37:48 CST 2012" />
            <Test name="testManyConnectionsUsingOneThread" result="pass" starttime="Fri Sep 21 16:37:48 CST 2012" endtime="Fri Sep 21 16:37:48 CST 2012" />
          </TestCase>
          <TestCase name="UpdateFunctionalityTest" priority="">
            <Test name="testUpdate1" result="pass" starttime="Fri Sep 21 16:37:48 CST 2012" endtime="Fri Sep 21 16:37:49 CST 2012" />
            <Test name="testUpdate2" result="pass" starttime="Fri Sep 21 16:37:49 CST 2012" endtime="Fri Sep 21 16:37:50 CST 2012" />
            <Test name="testUpdate3" result="pass" starttime="Fri Sep 21 16:37:50 CST 2012" endtime="Fri Sep 21 16:37:51 CST 2012" />
            <Test name="testUpdate4" result="pass" starttime="Fri Sep 21 16:37:51 CST 2012" endtime="Fri Sep 21 16:37:52 CST 2012" />
            <Test name="testUpdate5" result="pass" starttime="Fri Sep 21 16:37:52 CST 2012" endtime="Fri Sep 21 16:37:54 CST 2012" />
            <Test name="testUpdate6" result="pass" starttime="Fri Sep 21 16:37:54 CST 2012" endtime="Fri Sep 21 16:37:56 CST 2012" />
            <Test name="testUpdate7" result="pass" starttime="Fri Sep 21 16:37:56 CST 2012" endtime="Fri Sep 21 16:37:58 CST 2012" />
            <Test name="testUpdate8" result="pass" starttime="Fri Sep 21 16:37:58 CST 2012" endtime="Fri Sep 21 16:38:00 CST 2012" />
          </TestCase>
          <TestCase name="UpdateFunctionalityTest2" priority="">
            <Test name="testUpdate1" result="pass" starttime="Fri Sep 21 16:38:00 CST 2012" endtime="Fri Sep 21 16:38:01 CST 2012" />
            <Test name="testUpdate3" result="pass" starttime="Fri Sep 21 16:38:01 CST 2012" endtime="Fri Sep 21 16:38:02 CST 2012" />
            <Test name="testUpdate5" result="pass" starttime="Fri Sep 21 16:38:02 CST 2012" endtime="Fri Sep 21 16:38:03 CST 2012" />
            <Test name="testUpdate8" result="pass" starttime="Fri Sep 21 16:38:05 CST 2012" endtime="Fri Sep 21 16:38:06 CST 2012" />
            <Test name="testUpdate9" result="pass" starttime="Fri Sep 21 16:38:06 CST 2012" endtime="Fri Sep 21 16:38:07 CST 2012" />
          </TestCase>
        </TestSuite>
      </TestSuite>
      <TestSuite name="org">
        <TestSuite name="w3c">
          <TestSuite name="dom">
            <TestCase name="AttrGetOwnerElement" priority="">
              <Test name="testGetOwnerElement2" result="pass" starttime="Fri Sep 21 16:38:07 CST 2012" endtime="Fri Sep 21 16:38:07 CST 2012" />
              <Test name="testGetOwnerElement3" result="pass" starttime="Fri Sep 21 16:38:07 CST 2012" endtime="Fri Sep 21 16:38:07 CST 2012" />
              <Test name="testGetOwnerElement4" result="pass" starttime="Fri Sep 21 16:38:07 CST 2012" endtime="Fri Sep 21 16:38:07 CST 2012" />
              <Test name="testGetOwnerElement5" result="pass" starttime="Fri Sep 21 16:38:07 CST 2012" endtime="Fri Sep 21 16:38:07 CST 2012" />
            </TestCase>
            <TestCase name="CreateAttributeNS" priority="">
              <Test name="testCreateAttributeNS1" result="pass" starttime="Fri Sep 21 16:38:07 CST 2012" endtime="Fri Sep 21 16:38:07 CST 2012" />
              <Test name="testCreateAttributeNS2" result="pass" starttime="Fri Sep 21 16:38:07 CST 2012" endtime="Fri Sep 21 16:38:07 CST 2012" />
              <Test name="testCreateAttributeNS3" result="pass" starttime="Fri Sep 21 16:38:07 CST 2012" endtime="Fri Sep 21 16:38:08 CST 2012" />
              <Test name="testCreateAttributeNS4" result="pass" starttime="Fri Sep 21 16:38:08 CST 2012" endtime="Fri Sep 21 16:38:08 CST 2012" />
              <Test name="testCreateAttributeNS5" result="pass" starttime="Fri Sep 21 16:38:08 CST 2012" endtime="Fri Sep 21 16:38:08 CST 2012" />
              <Test name="testCreateAttributeNS6" result="pass" starttime="Fri Sep 21 16:38:08 CST 2012" endtime="Fri Sep 21 16:38:08 CST 2012" />
            </TestCase>
            <TestCase name="CreateDocument" priority="">
              <Test name="testCreateDocument1" result="pass" starttime="Fri Sep 21 16:38:08 CST 2012" endtime="Fri Sep 21 16:38:08 CST 2012" />
              <Test name="testCreateDocument2" result="pass" starttime="Fri Sep 21 16:38:08 CST 2012" endtime="Fri Sep 21 16:38:08 CST 2012" />
              <Test name="testCreateDocument5" result="pass" starttime="Fri Sep 21 16:38:08 CST 2012" endtime="Fri Sep 21 16:38:08 CST 2012" />
              <Test name="testCreateDocument6" result="pass" starttime="Fri Sep 21 16:38:08 CST 2012" endtime="Fri Sep 21 16:38:08 CST 2012" />
              <Test name="testCreateDocument7" result="pass" starttime="Fri Sep 21 16:38:08 CST 2012" endtime="Fri Sep 21 16:38:08 CST 2012" />
              <Test name="testCreateDocument8" result="pass" starttime="Fri Sep 21 16:38:08 CST 2012" endtime="Fri Sep 21 16:38:09 CST 2012" />
            </TestCase>
            <TestCase name="CreateDocumentType" priority="">
              <Test name="testCreateDocumentType1" result="pass" starttime="Fri Sep 21 16:38:09 CST 2012" endtime="Fri Sep 21 16:38:09 CST 2012" />
              <Test name="testCreateDocumentType2" result="pass" starttime="Fri Sep 21 16:38:09 CST 2012" endtime="Fri Sep 21 16:38:09 CST 2012" />
              <Test name="testCreateDocumentType3" result="pass" starttime="Fri Sep 21 16:38:09 CST 2012" endtime="Fri Sep 21 16:38:09 CST 2012" />
              <Test name="testCreateDocumentType4" result="pass" starttime="Fri Sep 21 16:38:09 CST 2012" endtime="Fri Sep 21 16:38:09 CST 2012" />
            </TestCase>
            <TestCase name="CreateElementNS" priority="">
              <Test name="testCreateElementNS1" result="pass" starttime="Fri Sep 21 16:38:09 CST 2012" endtime="Fri Sep 21 16:38:09 CST 2012" />
              <Test name="testCreateElementNS2" result="pass" starttime="Fri Sep 21 16:38:09 CST 2012" endtime="Fri Sep 21 16:38:09 CST 2012" />
              <Test name="testCreateElementNS3" result="pass" starttime="Fri Sep 21 16:38:09 CST 2012" endtime="Fri Sep 21 16:38:09 CST 2012" />
              <Test name="testCreateElementNS4" result="pass" starttime="Fri Sep 21 16:38:09 CST 2012" endtime="Fri Sep 21 16:38:09 CST 2012" />
              <Test name="testCreateElementNS5" result="pass" starttime="Fri Sep 21 16:38:09 CST 2012" endtime="Fri Sep 21 16:38:09 CST 2012" />
              <Test name="testCreateElementNS6" result="pass" starttime="Fri Sep 21 16:38:09 CST 2012" endtime="Fri Sep 21 16:38:10 CST 2012" />
            </TestCase>
            <TestCase name="DOMImplementationCreateDocument" priority="">
              <Test name="testCreateDocument3" result="pass" starttime="Fri Sep 21 16:38:10 CST 2012" endtime="Fri Sep 21 16:38:10 CST 2012" />
              <Test name="testCreateDocument4" result="pass" starttime="Fri Sep 21 16:38:10 CST 2012" endtime="Fri Sep 21 16:38:10 CST 2012" />
              <Test name="testCreateDocument5" result="pass" starttime="Fri Sep 21 16:38:10 CST 2012" endtime="Fri Sep 21 16:38:10 CST 2012" />
              <Test name="testCreateDocument7" result="pass" starttime="Fri Sep 21 16:38:10 CST 2012" endtime="Fri Sep 21 16:38:10 CST 2012" />
            </TestCase>
            <TestCase name="DOMImplementationCreateDocumentType" priority="">
              <Test name="testCreateDocumentType1" result="pass" starttime="Fri Sep 21 16:38:10 CST 2012" endtime="Fri Sep 21 16:38:10 CST 2012" />
              <Test name="testCreateDocumentType2" result="pass" starttime="Fri Sep 21 16:38:10 CST 2012" endtime="Fri Sep 21 16:38:10 CST 2012" />
              <Test name="testCreateDocumentType4" result="pass" starttime="Fri Sep 21 16:38:10 CST 2012" endtime="Fri Sep 21 16:38:10 CST 2012" />
            </TestCase>
            <TestCase name="DOMImplementationHasFeature" priority="">
              <Test name="testHasFeature1" result="pass" starttime="Fri Sep 21 16:38:10 CST 2012" endtime="Fri Sep 21 16:38:11 CST 2012" />
              <Test name="testHasFeature2" result="pass" starttime="Fri Sep 21 16:38:11 CST 2012" endtime="Fri Sep 21 16:38:11 CST 2012" />
              <Test name="testHasFeatureCore" result="pass" starttime="Fri Sep 21 16:38:11 CST 2012" endtime="Fri Sep 21 16:38:11 CST 2012" />
              <Test name="testHasFeatureXml" result="pass" starttime="Fri Sep 21 16:38:11 CST 2012" endtime="Fri Sep 21 16:38:11 CST 2012" />
            </TestCase>
            <TestCase name="DocumentCreateAttributeNS" priority="">
              <Test name="testCreateAttributeNS1" result="pass" starttime="Fri Sep 21 16:38:11 CST 2012" endtime="Fri Sep 21 16:38:11 CST 2012" />
              <Test name="testCreateAttributeNS2" result="pass" starttime="Fri Sep 21 16:38:11 CST 2012" endtime="Fri Sep 21 16:38:11 CST 2012" />
              <Test name="testCreateAttributeNS3" result="pass" starttime="Fri Sep 21 16:38:11 CST 2012" endtime="Fri Sep 21 16:38:11 CST 2012" />
              <Test name="testCreateAttributeNS4" result="pass" starttime="Fri Sep 21 16:38:11 CST 2012" endtime="Fri Sep 21 16:38:11 CST 2012" />
              <Test name="testCreateAttributeNS5" result="pass" starttime="Fri Sep 21 16:38:11 CST 2012" endtime="Fri Sep 21 16:38:12 CST 2012" />
              <Test name="testCreateAttributeNS6" result="pass" starttime="Fri Sep 21 16:38:12 CST 2012" endtime="Fri Sep 21 16:38:12 CST 2012" />
              <Test name="testCreateAttributeNS7" result="pass" starttime="Fri Sep 21 16:38:12 CST 2012" endtime="Fri Sep 21 16:38:12 CST 2012" />
            </TestCase>
            <TestCase name="DocumentCreateElementNS" priority="">
              <Test name="testCreateElementNS1" result="pass" starttime="Fri Sep 21 16:38:12 CST 2012" endtime="Fri Sep 21 16:38:12 CST 2012" />
              <Test name="testCreateElementNS2" result="pass" starttime="Fri Sep 21 16:38:12 CST 2012" endtime="Fri Sep 21 16:38:12 CST 2012" />
              <Test name="testCreateElementNS5" result="pass" starttime="Fri Sep 21 16:38:12 CST 2012" endtime="Fri Sep 21 16:38:12 CST 2012" />
              <Test name="testCreateElementNS6" result="pass" starttime="Fri Sep 21 16:38:12 CST 2012" endtime="Fri Sep 21 16:38:12 CST 2012" />
            </TestCase>
            <TestCase name="DocumentGetElementsByTagnameNS" priority="">
              <Test name="testGetElementsByTagNameNS1" result="pass" starttime="Fri Sep 21 16:38:12 CST 2012" endtime="Fri Sep 21 16:38:12 CST 2012" />
              <Test name="testGetElementsByTagNameNS2" result="pass" starttime="Fri Sep 21 16:38:12 CST 2012" endtime="Fri Sep 21 16:38:12 CST 2012" />
              <Test name="testGetElementsByTagNameNS3" result="pass" starttime="Fri Sep 21 16:38:12 CST 2012" endtime="Fri Sep 21 16:38:12 CST 2012" />
              <Test name="testGetElementsByTagNameNS4" result="pass" starttime="Fri Sep 21 16:38:12 CST 2012" endtime="Fri Sep 21 16:38:13 CST 2012" />
              <Test name="testGetElementsByTagNameNS5" result="pass" starttime="Fri Sep 21 16:38:13 CST 2012" endtime="Fri Sep 21 16:38:13 CST 2012" />
            </TestCase>
            <TestCase name="DocumentGeteEementById" priority="">
              <Test name="testGetElementById" result="pass" starttime="Fri Sep 21 16:38:13 CST 2012" endtime="Fri Sep 21 16:38:13 CST 2012" />
            </TestCase>
            <TestCase name="DocumentImportNode" priority="">
              <Test name="testImportNode10" result="pass" starttime="Fri Sep 21 16:38:13 CST 2012" endtime="Fri Sep 21 16:38:13 CST 2012" />
              <Test name="testImportNode11" result="pass" starttime="Fri Sep 21 16:38:13 CST 2012" endtime="Fri Sep 21 16:38:13 CST 2012" />
              <Test name="testImportNode12" result="pass" starttime="Fri Sep 21 16:38:13 CST 2012" endtime="Fri Sep 21 16:38:13 CST 2012" />
              <Test name="testImportNode13" result="pass" starttime="Fri Sep 21 16:38:13 CST 2012" endtime="Fri Sep 21 16:38:13 CST 2012" />
              <Test name="testImportNode15" result="pass" starttime="Fri Sep 21 16:38:13 CST 2012" endtime="Fri Sep 21 16:38:13 CST 2012" />
              <Test name="testImportNode17" result="pass" starttime="Fri Sep 21 16:38:13 CST 2012" endtime="Fri Sep 21 16:38:13 CST 2012" />
              <Test name="testImportNode18" result="pass" starttime="Fri Sep 21 16:38:13 CST 2012" endtime="Fri Sep 21 16:38:14 CST 2012" />
              <Test name="testImportNode2" result="pass" starttime="Fri Sep 21 16:38:14 CST 2012" endtime="Fri Sep 21 16:38:14 CST 2012" />
              <Test name="testImportNode5" result="pass" starttime="Fri Sep 21 16:38:14 CST 2012" endtime="Fri Sep 21 16:38:14 CST 2012" />
              <Test name="testImportNode6" result="pass" starttime="Fri Sep 21 16:38:14 CST 2012" endtime="Fri Sep 21 16:38:14 CST 2012" />
              <Test name="testImportNode7" result="pass" starttime="Fri Sep 21 16:38:14 CST 2012" endtime="Fri Sep 21 16:38:14 CST 2012" />
              <Test name="testImportNode8" result="pass" starttime="Fri Sep 21 16:38:14 CST 2012" endtime="Fri Sep 21 16:38:14 CST 2012" />
              <Test name="testImportNode9" result="pass" starttime="Fri Sep 21 16:38:14 CST 2012" endtime="Fri Sep 21 16:38:14 CST 2012" />
            </TestCase>
            <TestCase name="DocumentTypeInternalSubset" priority="">
              <Test name="testGetInternalSubset" result="pass" starttime="Fri Sep 21 16:38:14 CST 2012" endtime="Fri Sep 21 16:38:14 CST 2012" />
            </TestCase>
            <TestCase name="DocumentTypePublicId" priority="">
              <Test name="testGetPublicId" result="pass" starttime="Fri Sep 21 16:38:14 CST 2012" endtime="Fri Sep 21 16:38:14 CST 2012" />
            </TestCase>
            <TestCase name="DocumentTypeSystemId" priority="">
              <Test name="testGetSystemId" result="pass" starttime="Fri Sep 21 16:38:15 CST 2012" endtime="Fri Sep 21 16:38:15 CST 2012" />
            </TestCase>
            <TestCase name="ElementGetAttributeNodeNS" priority="">
              <Test name="testGetAttributeNodeNS1" result="pass" starttime="Fri Sep 21 16:38:15 CST 2012" endtime="Fri Sep 21 16:38:15 CST 2012" />
              <Test name="testGetAttributeNodeNS2" result="pass" starttime="Fri Sep 21 16:38:15 CST 2012" endtime="Fri Sep 21 16:38:15 CST 2012" />
            </TestCase>
            <TestCase name="ElementGetElementsByTagNameNS" priority="">
              <Test name="testGetElementsByTagNameNS1" result="pass" starttime="Fri Sep 21 16:38:15 CST 2012" endtime="Fri Sep 21 16:38:15 CST 2012" />
              <Test name="testGetElementsByTagNameNS4" result="pass" starttime="Fri Sep 21 16:38:15 CST 2012" endtime="Fri Sep 21 16:38:15 CST 2012" />
              <Test name="testGetElementsByTagNameNS5" result="pass" starttime="Fri Sep 21 16:38:15 CST 2012" endtime="Fri Sep 21 16:38:15 CST 2012" />
            </TestCase>
            <TestCase name="ElementHasAttribute" priority="">
              <Test name="testHasAttribute1" result="pass" starttime="Fri Sep 21 16:38:15 CST 2012" endtime="Fri Sep 21 16:38:15 CST 2012" />
              <Test name="testHasAttribute3" result="pass" starttime="Fri Sep 21 16:38:15 CST 2012" endtime="Fri Sep 21 16:38:15 CST 2012" />
              <Test name="testHasAttribute4" result="pass" starttime="Fri Sep 21 16:38:15 CST 2012" endtime="Fri Sep 21 16:38:15 CST 2012" />
            </TestCase>
            <TestCase name="ElementHasAttributeNS" priority="">
              <Test name="testHasAttributeNS2" result="pass" starttime="Fri Sep 21 16:38:15 CST 2012" endtime="Fri Sep 21 16:38:16 CST 2012" />
              <Test name="testHasAttributeNS3" result="pass" starttime="Fri Sep 21 16:38:16 CST 2012" endtime="Fri Sep 21 16:38:16 CST 2012" />
            </TestCase>
            <TestCase name="ElementRemoveAttributeNS" priority="">
              <Test name="testRemoveAttributeNS" result="pass" starttime="Fri Sep 21 16:38:16 CST 2012" endtime="Fri Sep 21 16:38:16 CST 2012" />
            </TestCase>
            <TestCase name="ElementSetAttributeNS" priority="">
              <Test name="testSetAttributeNS1" result="pass" starttime="Fri Sep 21 16:38:16 CST 2012" endtime="Fri Sep 21 16:38:16 CST 2012" />
              <Test name="testSetAttributeNS2" result="pass" starttime="Fri Sep 21 16:38:16 CST 2012" endtime="Fri Sep 21 16:38:16 CST 2012" />
              <Test name="testSetAttributeNS3" result="pass" starttime="Fri Sep 21 16:38:16 CST 2012" endtime="Fri Sep 21 16:38:16 CST 2012" />
              <Test name="testSetAttributeNS4" result="pass" starttime="Fri Sep 21 16:38:16 CST 2012" endtime="Fri Sep 21 16:38:16 CST 2012" />
              <Test name="testSetAttributeNS5" result="pass" starttime="Fri Sep 21 16:38:16 CST 2012" endtime="Fri Sep 21 16:38:16 CST 2012" />
              <Test name="testSetAttributeNS8" result="pass" starttime="Fri Sep 21 16:38:16 CST 2012" endtime="Fri Sep 21 16:38:17 CST 2012" />
              <Test name="testSetAttributeNSURINull" result="pass" starttime="Fri Sep 21 16:38:17 CST 2012" endtime="Fri Sep 21 16:38:17 CST 2012" />
            </TestCase>
            <TestCase name="ElementSetAttributeNodeNS" priority="">
              <Test name="testSetAttributeNodeNS1" result="pass" starttime="Fri Sep 21 16:38:17 CST 2012" endtime="Fri Sep 21 16:38:17 CST 2012" />
              <Test name="testSetAttributeNodeNS2" result="pass" starttime="Fri Sep 21 16:38:17 CST 2012" endtime="Fri Sep 21 16:38:17 CST 2012" />
              <Test name="testSetAttributeNodeNS3" result="pass" starttime="Fri Sep 21 16:38:17 CST 2012" endtime="Fri Sep 21 16:38:17 CST 2012" />
              <Test name="testSetAttributeNodeNS4" result="pass" starttime="Fri Sep 21 16:38:17 CST 2012" endtime="Fri Sep 21 16:38:17 CST 2012" />
              <Test name="testSetAttributeNodeNS5" result="pass" starttime="Fri Sep 21 16:38:17 CST 2012" endtime="Fri Sep 21 16:38:17 CST 2012" />
            </TestCase>
            <TestCase name="GetAttributeNS" priority="">
              <Test name="testGetAttributeNS2" result="pass" starttime="Fri Sep 21 16:38:17 CST 2012" endtime="Fri Sep 21 16:38:17 CST 2012" />
              <Test name="testGetAttributeNS3" result="pass" starttime="Fri Sep 21 16:38:17 CST 2012" endtime="Fri Sep 21 16:38:17 CST 2012" />
              <Test name="testGetAttributeNS4" result="pass" starttime="Fri Sep 21 16:38:17 CST 2012" endtime="Fri Sep 21 16:38:18 CST 2012" />
              <Test name="testGetAttributeNS5" result="pass" starttime="Fri Sep 21 16:38:18 CST 2012" endtime="Fri Sep 21 16:38:18 CST 2012" />
            </TestCase>
            <TestCase name="GetAttributeNodeNS" priority="">
              <Test name="testGetAttributeNodeNS1" result="pass" starttime="Fri Sep 21 16:38:18 CST 2012" endtime="Fri Sep 21 16:38:18 CST 2012" />
              <Test name="testGetAttributeNodeNS2" result="pass" starttime="Fri Sep 21 16:38:18 CST 2012" endtime="Fri Sep 21 16:38:18 CST 2012" />
            </TestCase>
            <TestCase name="GetElementById" priority="">
              <Test name="testGetElementById2" result="pass" starttime="Fri Sep 21 16:38:18 CST 2012" endtime="Fri Sep 21 16:38:18 CST 2012" />
            </TestCase>
            <TestCase name="GetElementsByTagNameNS" priority="">
              <Test name="testGetElementsByTagNameNS1" result="pass" starttime="Fri Sep 21 16:38:18 CST 2012" endtime="Fri Sep 21 16:38:18 CST 2012" />
              <Test name="testGetElementsByTagNameNS10" result="pass" starttime="Fri Sep 21 16:38:18 CST 2012" endtime="Fri Sep 21 16:38:18 CST 2012" />
              <Test name="testGetElementsByTagNameNS11" result="pass" starttime="Fri Sep 21 16:38:18 CST 2012" endtime="Fri Sep 21 16:38:18 CST 2012" />
              <Test name="testGetElementsByTagNameNS12" result="pass" starttime="Fri Sep 21 16:38:18 CST 2012" endtime="Fri Sep 21 16:38:18 CST 2012" />
              <Test name="testGetElementsByTagNameNS13" result="pass" starttime="Fri Sep 21 16:38:18 CST 2012" endtime="Fri Sep 21 16:38:18 CST 2012" />
              <Test name="testGetElementsByTagNameNS14" result="pass" starttime="Fri Sep 21 16:38:19 CST 2012" endtime="Fri Sep 21 16:38:19 CST 2012" />
              <Test name="testGetElementsByTagNameNS2" result="pass" starttime="Fri Sep 21 16:38:19 CST 2012" endtime="Fri Sep 21 16:38:19 CST 2012" />
              <Test name="testGetElementsByTagNameNS3" result="pass" starttime="Fri Sep 21 16:38:19 CST 2012" endtime="Fri Sep 21 16:38:19 CST 2012" />
              <Test name="testGetElementsByTagNameNS4" result="pass" starttime="Fri Sep 21 16:38:19 CST 2012" endtime="Fri Sep 21 16:38:19 CST 2012" />
              <Test name="testGetElementsByTagNameNS5" result="pass" starttime="Fri Sep 21 16:38:19 CST 2012" endtime="Fri Sep 21 16:38:19 CST 2012" />
              <Test name="testGetElementsByTagNameNS6" result="pass" starttime="Fri Sep 21 16:38:19 CST 2012" endtime="Fri Sep 21 16:38:19 CST 2012" />
              <Test name="testGetElementsByTagNameNS7" result="pass" starttime="Fri Sep 21 16:38:19 CST 2012" endtime="Fri Sep 21 16:38:19 CST 2012" />
              <Test name="testGetElementsByTagNameNS8" result="pass" starttime="Fri Sep 21 16:38:19 CST 2012" endtime="Fri Sep 21 16:38:19 CST 2012" />
              <Test name="testGetElementsByTagNameNS9" result="pass" starttime="Fri Sep 21 16:38:19 CST 2012" endtime="Fri Sep 21 16:38:19 CST 2012" />
            </TestCase>
            <TestCase name="GetNamedItemNS" priority="">
              <Test name="testGetNamedItemNS1" result="pass" starttime="Fri Sep 21 16:38:19 CST 2012" endtime="Fri Sep 21 16:38:20 CST 2012" />
              <Test name="testGetNamedItemNS2" result="pass" starttime="Fri Sep 21 16:38:20 CST 2012" endtime="Fri Sep 21 16:38:20 CST 2012" />
            </TestCase>
            <TestCase name="HCNamedNodeMapInvalidType" priority="">
              <Test name="testNamedNodeMapInvalidType" result="pass" starttime="Fri Sep 21 16:38:20 CST 2012" endtime="Fri Sep 21 16:38:20 CST 2012" />
            </TestCase>
            <TestCase name="HCNodeDocumentFragmentNormalize" priority="">
              <Test name="testNodeDocumentFragmentNormalize1" result="pass" starttime="Fri Sep 21 16:38:20 CST 2012" endtime="Fri Sep 21 16:38:20 CST 2012" />
              <Test name="testNodeDocumentFragmentNormalize2" result="pass" starttime="Fri Sep 21 16:38:20 CST 2012" endtime="Fri Sep 21 16:38:20 CST 2012" />
            </TestCase>
            <TestCase name="HasAttribute" priority="">
              <Test name="testHasAttribute1" result="pass" starttime="Fri Sep 21 16:38:20 CST 2012" endtime="Fri Sep 21 16:38:20 CST 2012" />
              <Test name="testHasAttribute3" result="pass" starttime="Fri Sep 21 16:38:20 CST 2012" endtime="Fri Sep 21 16:38:21 CST 2012" />
              <Test name="testHasAttribute4" result="pass" starttime="Fri Sep 21 16:38:21 CST 2012" endtime="Fri Sep 21 16:38:21 CST 2012" />
            </TestCase>
            <TestCase name="HasAttributeNS" priority="">
              <Test name="testHasAttributeNS1" result="pass" starttime="Fri Sep 21 16:38:21 CST 2012" endtime="Fri Sep 21 16:38:21 CST 2012" />
              <Test name="testHasAttributeNS2" result="pass" starttime="Fri Sep 21 16:38:21 CST 2012" endtime="Fri Sep 21 16:38:21 CST 2012" />
              <Test name="testHasAttributeNS3" result="pass" starttime="Fri Sep 21 16:38:21 CST 2012" endtime="Fri Sep 21 16:38:21 CST 2012" />
              <Test name="testHasAttributeNS5" result="pass" starttime="Fri Sep 21 16:38:21 CST 2012" endtime="Fri Sep 21 16:38:21 CST 2012" />
            </TestCase>
            <TestCase name="HasAttributes" priority="">
              <Test name="testHasAttributes1" result="pass" starttime="Fri Sep 21 16:38:21 CST 2012" endtime="Fri Sep 21 16:38:21 CST 2012" />
              <Test name="testHasAttributes2" result="pass" starttime="Fri Sep 21 16:38:21 CST 2012" endtime="Fri Sep 21 16:38:21 CST 2012" />
            </TestCase>
            <TestCase name="ImportNode" priority="">
              <Test name="testImportNode10" result="pass" starttime="Fri Sep 21 16:38:21 CST 2012" endtime="Fri Sep 21 16:38:21 CST 2012" />
              <Test name="testImportNode14" result="pass" starttime="Fri Sep 21 16:38:21 CST 2012" endtime="Fri Sep 21 16:38:22 CST 2012" />
              <Test name="testImportNode15" result="pass" starttime="Fri Sep 21 16:38:22 CST 2012" endtime="Fri Sep 21 16:38:22 CST 2012" />
              <Test name="testImportNode16" result="pass" starttime="Fri Sep 21 16:38:22 CST 2012" endtime="Fri Sep 21 16:38:22 CST 2012" />
              <Test name="testImportNode17" result="pass" starttime="Fri Sep 21 16:38:22 CST 2012" endtime="Fri Sep 21 16:38:22 CST 2012" />
              <Test name="testImportNode2" result="pass" starttime="Fri Sep 21 16:38:22 CST 2012" endtime="Fri Sep 21 16:38:22 CST 2012" />
              <Test name="testImportNode3" result="pass" starttime="Fri Sep 21 16:38:22 CST 2012" endtime="Fri Sep 21 16:38:22 CST 2012" />
              <Test name="testImportNode4" result="pass" starttime="Fri Sep 21 16:38:22 CST 2012" endtime="Fri Sep 21 16:38:22 CST 2012" />
              <Test name="testImportNode5" result="pass" starttime="Fri Sep 21 16:38:22 CST 2012" endtime="Fri Sep 21 16:38:22 CST 2012" />
              <Test name="testImportNode6" result="pass" starttime="Fri Sep 21 16:38:22 CST 2012" endtime="Fri Sep 21 16:38:22 CST 2012" />
              <Test name="testImportNode8" result="pass" starttime="Fri Sep 21 16:38:22 CST 2012" endtime="Fri Sep 21 16:38:23 CST 2012" />
            </TestCase>
            <TestCase name="InternalSubset" priority="">
              <Test name="testGetInternalSubset" result="pass" starttime="Fri Sep 21 16:38:23 CST 2012" endtime="Fri Sep 21 16:38:23 CST 2012" />
            </TestCase>
            <TestCase name="IsSupported" priority="">
              <Test name="testIsSupported1" result="pass" starttime="Fri Sep 21 16:38:23 CST 2012" endtime="Fri Sep 21 16:38:23 CST 2012" />
              <Test name="testIsSupported10" result="pass" starttime="Fri Sep 21 16:38:23 CST 2012" endtime="Fri Sep 21 16:38:23 CST 2012" />
              <Test name="testIsSupported11" result="pass" starttime="Fri Sep 21 16:38:23 CST 2012" endtime="Fri Sep 21 16:38:23 CST 2012" />
              <Test name="testIsSupported12" result="pass" starttime="Fri Sep 21 16:38:23 CST 2012" endtime="Fri Sep 21 16:38:23 CST 2012" />
              <Test name="testIsSupported13" result="pass" starttime="Fri Sep 21 16:38:23 CST 2012" endtime="Fri Sep 21 16:38:23 CST 2012" />
              <Test name="testIsSupported14" result="pass" starttime="Fri Sep 21 16:38:23 CST 2012" endtime="Fri Sep 21 16:38:23 CST 2012" />
              <Test name="testIsSupported2" result="pass" starttime="Fri Sep 21 16:38:23 CST 2012" endtime="Fri Sep 21 16:38:23 CST 2012" />
              <Test name="testIsSupported4" result="pass" starttime="Fri Sep 21 16:38:23 CST 2012" endtime="Fri Sep 21 16:38:24 CST 2012" />
              <Test name="testIsSupported5" result="pass" starttime="Fri Sep 21 16:38:24 CST 2012" endtime="Fri Sep 21 16:38:24 CST 2012" />
              <Test name="testIsSupported6" result="pass" starttime="Fri Sep 21 16:38:24 CST 2012" endtime="Fri Sep 21 16:38:24 CST 2012" />
              <Test name="testIsSupported7" result="pass" starttime="Fri Sep 21 16:38:24 CST 2012" endtime="Fri Sep 21 16:38:24 CST 2012" />
              <Test name="testIsSupported9" result="pass" starttime="Fri Sep 21 16:38:24 CST 2012" endtime="Fri Sep 21 16:38:24 CST 2012" />
            </TestCase>
            <TestCase name="LocalName" priority="">
              <Test name="testGetLocalName1" result="pass" starttime="Fri Sep 21 16:38:24 CST 2012" endtime="Fri Sep 21 16:38:24 CST 2012" />
              <Test name="testGetLocalName2" result="pass" starttime="Fri Sep 21 16:38:24 CST 2012" endtime="Fri Sep 21 16:38:24 CST 2012" />
              <Test name="testGetLocalName3" result="pass" starttime="Fri Sep 21 16:38:24 CST 2012" endtime="Fri Sep 21 16:38:24 CST 2012" />
              <Test name="testGetLocalName4" result="pass" starttime="Fri Sep 21 16:38:24 CST 2012" endtime="Fri Sep 21 16:38:24 CST 2012" />
            </TestCase>
            <TestCase name="NamedNodeMapGetNamedItemNS" priority="">
              <Test name="testGetNamedItemNS2" result="pass" starttime="Fri Sep 21 16:38:24 CST 2012" endtime="Fri Sep 21 16:38:25 CST 2012" />
              <Test name="testGetNamedItemNS3" result="pass" starttime="Fri Sep 21 16:38:25 CST 2012" endtime="Fri Sep 21 16:38:25 CST 2012" />
              <Test name="testGetNamedItemNS4" result="pass" starttime="Fri Sep 21 16:38:25 CST 2012" endtime="Fri Sep 21 16:38:25 CST 2012" />
              <Test name="testGetNamedItemNS5" result="pass" starttime="Fri Sep 21 16:38:25 CST 2012" endtime="Fri Sep 21 16:38:25 CST 2012" />
            </TestCase>
            <TestCase name="NamedNodeMapRemoveNamedItemNS" priority="">
              <Test name="testRemoveNamedItemNS1" result="pass" starttime="Fri Sep 21 16:38:25 CST 2012" endtime="Fri Sep 21 16:38:25 CST 2012" />
              <Test name="testRemoveNamedItemNS3" result="pass" starttime="Fri Sep 21 16:38:25 CST 2012" endtime="Fri Sep 21 16:38:25 CST 2012" />
              <Test name="testRemoveNamedItemNS6" result="pass" starttime="Fri Sep 21 16:38:25 CST 2012" endtime="Fri Sep 21 16:38:25 CST 2012" />
              <Test name="testRemoveNamedItemNS7" result="pass" starttime="Fri Sep 21 16:38:25 CST 2012" endtime="Fri Sep 21 16:38:25 CST 2012" />
              <Test name="testRemoveNamedItemNS8" result="pass" starttime="Fri Sep 21 16:38:25 CST 2012" endtime="Fri Sep 21 16:38:25 CST 2012" />
              <Test name="testRemoveNamedItemNS9" result="pass" starttime="Fri Sep 21 16:38:25 CST 2012" endtime="Fri Sep 21 16:38:26 CST 2012" />
            </TestCase>
            <TestCase name="NamedNodeMapSetNamedItemNS" priority="">
              <Test name="testSetNamedItemNS1" result="pass" starttime="Fri Sep 21 16:38:26 CST 2012" endtime="Fri Sep 21 16:38:26 CST 2012" />
              <Test name="testSetNamedItemNS2" result="pass" starttime="Fri Sep 21 16:38:26 CST 2012" endtime="Fri Sep 21 16:38:26 CST 2012" />
              <Test name="testSetNamedItemNS3" result="pass" starttime="Fri Sep 21 16:38:26 CST 2012" endtime="Fri Sep 21 16:38:26 CST 2012" />
              <Test name="testSetNamedItemNS4" result="pass" starttime="Fri Sep 21 16:38:26 CST 2012" endtime="Fri Sep 21 16:38:26 CST 2012" />
              <Test name="testSetNamedItemNS6" result="pass" starttime="Fri Sep 21 16:38:26 CST 2012" endtime="Fri Sep 21 16:38:26 CST 2012" />
              <Test name="testSetNamedItemNS7" result="pass" starttime="Fri Sep 21 16:38:26 CST 2012" endtime="Fri Sep 21 16:38:26 CST 2012" />
              <Test name="testSetNamedItemNS8" result="pass" starttime="Fri Sep 21 16:38:26 CST 2012" endtime="Fri Sep 21 16:38:26 CST 2012" />
            </TestCase>
            <TestCase name="NamespaceURI" priority="">
              <Test name="testGetNamespaceURI2" result="pass" starttime="Fri Sep 21 16:38:26 CST 2012" endtime="Fri Sep 21 16:38:26 CST 2012" />
              <Test name="testGetNamespaceURI3" result="pass" starttime="Fri Sep 21 16:38:26 CST 2012" endtime="Fri Sep 21 16:38:27 CST 2012" />
              <Test name="testGetNamespaceURI4" result="pass" starttime="Fri Sep 21 16:38:27 CST 2012" endtime="Fri Sep 21 16:38:27 CST 2012" />
            </TestCase>
            <TestCase name="NodeGetLocalName" priority="">
              <Test name="testGetLocalName" result="pass" starttime="Fri Sep 21 16:38:27 CST 2012" endtime="Fri Sep 21 16:38:27 CST 2012" />
            </TestCase>
            <TestCase name="NodeGetNamespaceURI" priority="">
              <Test name="testGetNamespaceURI" result="pass" starttime="Fri Sep 21 16:38:27 CST 2012" endtime="Fri Sep 21 16:38:27 CST 2012" />
            </TestCase>
            <TestCase name="NodeGetOwnerDocument" priority="">
              <Test name="testGetOwnerDocument1" result="pass" starttime="Fri Sep 21 16:38:27 CST 2012" endtime="Fri Sep 21 16:38:27 CST 2012" />
              <Test name="testGetOwnerDocument2" result="pass" starttime="Fri Sep 21 16:38:27 CST 2012" endtime="Fri Sep 21 16:38:27 CST 2012" />
            </TestCase>
            <TestCase name="NodeGetPrefix" priority="">
              <Test name="testGetPrefix" result="pass" starttime="Fri Sep 21 16:38:27 CST 2012" endtime="Fri Sep 21 16:38:27 CST 2012" />
            </TestCase>
            <TestCase name="NodeHasAttributes" priority="">
              <Test name="testHasAttributes1" result="pass" starttime="Fri Sep 21 16:38:27 CST 2012" endtime="Fri Sep 21 16:38:28 CST 2012" />
              <Test name="testHasAttributes2" result="pass" starttime="Fri Sep 21 16:38:28 CST 2012" endtime="Fri Sep 21 16:38:28 CST 2012" />
              <Test name="testHasAttributes3" result="pass" starttime="Fri Sep 21 16:38:28 CST 2012" endtime="Fri Sep 21 16:38:28 CST 2012" />
              <Test name="testHasAttributes4" result="pass" starttime="Fri Sep 21 16:38:28 CST 2012" endtime="Fri Sep 21 16:38:28 CST 2012" />
            </TestCase>
            <TestCase name="NodeIsSupported" priority="">
              <Test name="testIsSupported1" result="pass" starttime="Fri Sep 21 16:38:28 CST 2012" endtime="Fri Sep 21 16:38:28 CST 2012" />
              <Test name="testIsSupported2" result="pass" starttime="Fri Sep 21 16:38:28 CST 2012" endtime="Fri Sep 21 16:38:28 CST 2012" />
              <Test name="testIsSupported3" result="pass" starttime="Fri Sep 21 16:38:28 CST 2012" endtime="Fri Sep 21 16:38:28 CST 2012" />
              <Test name="testIsSupported4" result="pass" starttime="Fri Sep 21 16:38:28 CST 2012" endtime="Fri Sep 21 16:38:28 CST 2012" />
              <Test name="testIsSupported5" result="pass" starttime="Fri Sep 21 16:38:28 CST 2012" endtime="Fri Sep 21 16:38:28 CST 2012" />
            </TestCase>
            <TestCase name="NodeNormalize" priority="">
              <Test name="testNormalize" result="pass" starttime="Fri Sep 21 16:38:28 CST 2012" endtime="Fri Sep 21 16:38:28 CST 2012" />
            </TestCase>
            <TestCase name="NodeSetPrefix" priority="">
              <Test name="testSetPrefix1" result="pass" starttime="Fri Sep 21 16:38:28 CST 2012" endtime="Fri Sep 21 16:38:29 CST 2012" />
              <Test name="testSetPrefix3" result="pass" starttime="Fri Sep 21 16:38:29 CST 2012" endtime="Fri Sep 21 16:38:29 CST 2012" />
              <Test name="testSetPrefix5" result="pass" starttime="Fri Sep 21 16:38:29 CST 2012" endtime="Fri Sep 21 16:38:29 CST 2012" />
              <Test name="testSetPrefix6" result="pass" starttime="Fri Sep 21 16:38:29 CST 2012" endtime="Fri Sep 21 16:38:29 CST 2012" />
              <Test name="testSetPrefix7" result="pass" starttime="Fri Sep 21 16:38:29 CST 2012" endtime="Fri Sep 21 16:38:29 CST 2012" />
              <Test name="testSetPrefix8" result="pass" starttime="Fri Sep 21 16:38:29 CST 2012" endtime="Fri Sep 21 16:38:29 CST 2012" />
            </TestCase>
            <TestCase name="Normalize" priority="">
              <Test name="testNormalize" result="pass" starttime="Fri Sep 21 16:38:29 CST 2012" endtime="Fri Sep 21 16:38:29 CST 2012" />
            </TestCase>
            <TestCase name="OwnerDocument" priority="">
              <Test name="testGetOwnerDocument" result="pass" starttime="Fri Sep 21 16:38:29 CST 2012" endtime="Fri Sep 21 16:38:29 CST 2012" />
            </TestCase>
            <TestCase name="OwnerElement" priority="">
              <Test name="testGetOwnerElement1" result="pass" starttime="Fri Sep 21 16:38:29 CST 2012" endtime="Fri Sep 21 16:38:29 CST 2012" />
              <Test name="testGetOwnerElement2" result="pass" starttime="Fri Sep 21 16:38:29 CST 2012" endtime="Fri Sep 21 16:38:30 CST 2012" />
            </TestCase>
            <TestCase name="Prefix" priority="">
              <Test name="testGetPrefix1" result="pass" starttime="Fri Sep 21 16:38:30 CST 2012" endtime="Fri Sep 21 16:38:30 CST 2012" />
              <Test name="testGetPrefix10" result="pass" starttime="Fri Sep 21 16:38:30 CST 2012" endtime="Fri Sep 21 16:38:30 CST 2012" />
              <Test name="testGetPrefix11" result="pass" starttime="Fri Sep 21 16:38:30 CST 2012" endtime="Fri Sep 21 16:38:30 CST 2012" />
              <Test name="testGetPrefix2" result="pass" starttime="Fri Sep 21 16:38:30 CST 2012" endtime="Fri Sep 21 16:38:30 CST 2012" />
              <Test name="testGetPrefix3" result="pass" starttime="Fri Sep 21 16:38:30 CST 2012" endtime="Fri Sep 21 16:38:30 CST 2012" />
              <Test name="testGetPrefix4" result="pass" starttime="Fri Sep 21 16:38:30 CST 2012" endtime="Fri Sep 21 16:38:30 CST 2012" />
              <Test name="testGetPrefix5" result="pass" starttime="Fri Sep 21 16:38:30 CST 2012" endtime="Fri Sep 21 16:38:30 CST 2012" />
              <Test name="testGetPrefix7" result="pass" starttime="Fri Sep 21 16:38:30 CST 2012" endtime="Fri Sep 21 16:38:30 CST 2012" />
            </TestCase>
            <TestCase name="PublicId" priority="">
              <Test name="testGetPublicId" result="pass" starttime="Fri Sep 21 16:38:30 CST 2012" endtime="Fri Sep 21 16:38:31 CST 2012" />
            </TestCase>
            <TestCase name="RemoveNamedItemNS" priority="">
              <Test name="testRemoveNamedItemNS1" result="pass" starttime="Fri Sep 21 16:38:31 CST 2012" endtime="Fri Sep 21 16:38:31 CST 2012" />
              <Test name="testRemoveNamedItemNS2" result="pass" starttime="Fri Sep 21 16:38:31 CST 2012" endtime="Fri Sep 21 16:38:31 CST 2012" />
            </TestCase>
            <TestCase name="SetAttributeNS" priority="">
              <Test name="testSetAttributeNS1" result="pass" starttime="Fri Sep 21 16:38:31 CST 2012" endtime="Fri Sep 21 16:38:31 CST 2012" />
              <Test name="testSetAttributeNS10" result="pass" starttime="Fri Sep 21 16:38:31 CST 2012" endtime="Fri Sep 21 16:38:31 CST 2012" />
              <Test name="testSetAttributeNS2" result="pass" starttime="Fri Sep 21 16:38:31 CST 2012" endtime="Fri Sep 21 16:38:31 CST 2012" />
              <Test name="testSetAttributeNS4" result="pass" starttime="Fri Sep 21 16:38:31 CST 2012" endtime="Fri Sep 21 16:38:31 CST 2012" />
              <Test name="testSetAttributeNS5" result="pass" starttime="Fri Sep 21 16:38:31 CST 2012" endtime="Fri Sep 21 16:38:32 CST 2012" />
              <Test name="testSetAttributeNS6" result="pass" starttime="Fri Sep 21 16:38:32 CST 2012" endtime="Fri Sep 21 16:38:32 CST 2012" />
              <Test name="testSetAttributeNS7" result="pass" starttime="Fri Sep 21 16:38:32 CST 2012" endtime="Fri Sep 21 16:38:32 CST 2012" />
              <Test name="testSetAttributeNS9" result="pass" starttime="Fri Sep 21 16:38:32 CST 2012" endtime="Fri Sep 21 16:38:32 CST 2012" />
            </TestCase>
            <TestCase name="SetAttributeNodeNS" priority="">
              <Test name="testSetAttributeNode1" result="pass" starttime="Fri Sep 21 16:38:32 CST 2012" endtime="Fri Sep 21 16:38:32 CST 2012" />
              <Test name="testSetAttributeNode3" result="pass" starttime="Fri Sep 21 16:38:32 CST 2012" endtime="Fri Sep 21 16:38:32 CST 2012" />
              <Test name="testSetAttributeNode4" result="pass" starttime="Fri Sep 21 16:38:32 CST 2012" endtime="Fri Sep 21 16:38:32 CST 2012" />
              <Test name="testSetAttributeNode5" result="pass" starttime="Fri Sep 21 16:38:32 CST 2012" endtime="Fri Sep 21 16:38:32 CST 2012" />
            </TestCase>
            <TestCase name="SetNamedItemNS" priority="">
              <Test name="testSetNamedItemNS1" result="pass" starttime="Fri Sep 21 16:38:32 CST 2012" endtime="Fri Sep 21 16:38:32 CST 2012" />
              <Test name="testSetNamedItemNS2" result="pass" starttime="Fri Sep 21 16:38:32 CST 2012" endtime="Fri Sep 21 16:38:33 CST 2012" />
              <Test name="testSetNamedItemNS3" result="pass" starttime="Fri Sep 21 16:38:33 CST 2012" endtime="Fri Sep 21 16:38:33 CST 2012" />
              <Test name="testSetNamedItemNS5" result="pass" starttime="Fri Sep 21 16:38:33 CST 2012" endtime="Fri Sep 21 16:38:33 CST 2012" />
            </TestCase>
            <TestCase name="SystemId" priority="">
              <Test name="testGetSystemId" result="pass" starttime="Fri Sep 21 16:38:33 CST 2012" endtime="Fri Sep 21 16:38:33 CST 2012" />
            </TestCase>
          </TestSuite>
        </TestSuite>
      </TestSuite>
      <TestSuite name="security">
        <TestSuite name="acl">
          <TestCase name="AclNotFoundException2Test" priority="">
            <Test name="test_Constructor" result="pass" starttime="Fri Sep 21 16:38:33 CST 2012" endtime="Fri Sep 21 16:38:33 CST 2012" />
          </TestCase>
          <TestCase name="AclNotFoundExceptionTest" priority="">
            <Test name="testAclNotFoundException" result="pass" starttime="Fri Sep 21 16:38:33 CST 2012" endtime="Fri Sep 21 16:38:33 CST 2012" />
          </TestCase>
          <TestCase name="LastOwnerException2Test" priority="">
            <Test name="test_Constructor" result="pass" starttime="Fri Sep 21 16:38:33 CST 2012" endtime="Fri Sep 21 16:38:33 CST 2012" />
          </TestCase>
          <TestCase name="LastOwnerExceptionTest" priority="">
            <Test name="testLastOwnerException" result="pass" starttime="Fri Sep 21 16:38:33 CST 2012" endtime="Fri Sep 21 16:38:33 CST 2012" />
          </TestCase>
          <TestCase name="NotOwnerException2Test" priority="">
            <Test name="test_Constructor" result="pass" starttime="Fri Sep 21 16:38:33 CST 2012" endtime="Fri Sep 21 16:38:33 CST 2012" />
          </TestCase>
          <TestCase name="NotOwnerExceptionTest" priority="">
            <Test name="testNotOwnerException" result="pass" starttime="Fri Sep 21 16:38:33 CST 2012" endtime="Fri Sep 21 16:38:33 CST 2012" />
          </TestCase>
        </TestSuite>
        <TestSuite name="cert">
          <TestCase name="CRLExceptionTest" priority="">
            <Test name="testCRLException01" result="pass" starttime="Fri Sep 21 16:38:33 CST 2012" endtime="Fri Sep 21 16:38:34 CST 2012" />
            <Test name="testCRLException02" result="pass" starttime="Fri Sep 21 16:38:34 CST 2012" endtime="Fri Sep 21 16:38:34 CST 2012" />
            <Test name="testCRLException03" result="pass" starttime="Fri Sep 21 16:38:34 CST 2012" endtime="Fri Sep 21 16:38:34 CST 2012" />
            <Test name="testCRLException04" result="pass" starttime="Fri Sep 21 16:38:34 CST 2012" endtime="Fri Sep 21 16:38:34 CST 2012" />
            <Test name="testCRLException05" result="pass" starttime="Fri Sep 21 16:38:34 CST 2012" endtime="Fri Sep 21 16:38:34 CST 2012" />
            <Test name="testCRLException06" result="pass" starttime="Fri Sep 21 16:38:34 CST 2012" endtime="Fri Sep 21 16:38:34 CST 2012" />
            <Test name="testCRLException07" result="pass" starttime="Fri Sep 21 16:38:34 CST 2012" endtime="Fri Sep 21 16:38:34 CST 2012" />
            <Test name="testCRLException08" result="pass" starttime="Fri Sep 21 16:38:34 CST 2012" endtime="Fri Sep 21 16:38:34 CST 2012" />
            <Test name="testCRLException09" result="pass" starttime="Fri Sep 21 16:38:34 CST 2012" endtime="Fri Sep 21 16:38:34 CST 2012" />
          </TestCase>
          <TestCase name="CRLTest" priority="">
            <Test name="testConstructor" result="pass" starttime="Fri Sep 21 16:38:34 CST 2012" endtime="Fri Sep 21 16:38:34 CST 2012" />
            <Test name="testGetType01" result="pass" starttime="Fri Sep 21 16:38:35 CST 2012" endtime="Fri Sep 21 16:38:35 CST 2012" />
            <Test name="testGetType02" result="pass" starttime="Fri Sep 21 16:38:35 CST 2012" endtime="Fri Sep 21 16:38:35 CST 2012" />
            <Test name="testIsRevoked" result="pass" starttime="Fri Sep 21 16:38:35 CST 2012" endtime="Fri Sep 21 16:38:35 CST 2012" />
            <Test name="testToString" result="pass" starttime="Fri Sep 21 16:38:35 CST 2012" endtime="Fri Sep 21 16:38:35 CST 2012" />
          </TestCase>
          <TestCase name="CertPathBuilder1Test" priority="">
            <Test name="testCertPathBuilder02" result="pass" starttime="Fri Sep 21 16:38:35 CST 2012" endtime="Fri Sep 21 16:38:35 CST 2012" />
            <Test name="testCertPathBuilder03" result="pass" starttime="Fri Sep 21 16:38:35 CST 2012" endtime="Fri Sep 21 16:38:35 CST 2012" />
            <Test name="testCertPathBuilder04" result="pass" starttime="Fri Sep 21 16:38:35 CST 2012" endtime="Fri Sep 21 16:38:35 CST 2012" />
            <Test name="testCertPathBuilder05" result="pass" starttime="Fri Sep 21 16:38:35 CST 2012" endtime="Fri Sep 21 16:38:36 CST 2012" />
            <Test name="testCertPathBuilder06" result="pass" starttime="Fri Sep 21 16:38:36 CST 2012" endtime="Fri Sep 21 16:38:36 CST 2012" />
            <Test name="testCertPathBuilder07" result="pass" starttime="Fri Sep 21 16:38:36 CST 2012" endtime="Fri Sep 21 16:38:36 CST 2012" />
            <Test name="testCertPathBuilder08" result="pass" starttime="Fri Sep 21 16:38:36 CST 2012" endtime="Fri Sep 21 16:38:36 CST 2012" />
            <Test name="testCertPathBuilder09" result="pass" starttime="Fri Sep 21 16:38:36 CST 2012" endtime="Fri Sep 21 16:38:36 CST 2012" />
            <Test name="testCertPathBuilder10" result="pass" starttime="Fri Sep 21 16:38:36 CST 2012" endtime="Fri Sep 21 16:38:36 CST 2012" />
            <Test name="testCertPathBuilder11" result="pass" starttime="Fri Sep 21 16:38:36 CST 2012" endtime="Fri Sep 21 16:38:36 CST 2012" />
            <Test name="testCertPathBuilder12" result="pass" starttime="Fri Sep 21 16:38:36 CST 2012" endtime="Fri Sep 21 16:38:36 CST 2012" />
            <Test name="testCertPathBuilder13" result="pass" starttime="Fri Sep 21 16:38:36 CST 2012" endtime="Fri Sep 21 16:38:37 CST 2012" />
            <Test name="testCertPathBuilder14" result="pass" starttime="Fri Sep 21 16:38:37 CST 2012" endtime="Fri Sep 21 16:38:37 CST 2012" />
            <Test name="test_getDefaultType" result="pass" starttime="Fri Sep 21 16:38:37 CST 2012" endtime="Fri Sep 21 16:38:37 CST 2012" />
          </TestCase>
          <TestCase name="CertPathBuilder2Test" priority="">
            <Test name="testGetInstance01" result="pass" starttime="Fri Sep 21 16:38:37 CST 2012" endtime="Fri Sep 21 16:38:37 CST 2012" />
            <Test name="testGetInstance02" result="pass" starttime="Fri Sep 21 16:38:37 CST 2012" endtime="Fri Sep 21 16:38:37 CST 2012" />
            <Test name="testGetInstance03" result="pass" starttime="Fri Sep 21 16:38:37 CST 2012" endtime="Fri Sep 21 16:38:37 CST 2012" />
          </TestCase>
          <TestCase name="CertPathBuilderExceptionTest" priority="">
            <Test name="testCertPathBuilderException01" result="pass" starttime="Fri Sep 21 16:38:37 CST 2012" endtime="Fri Sep 21 16:38:37 CST 2012" />
            <Test name="testCertPathBuilderException02" result="pass" starttime="Fri Sep 21 16:38:37 CST 2012" endtime="Fri Sep 21 16:38:37 CST 2012" />
            <Test name="testCertPathBuilderException03" result="pass" starttime="Fri Sep 21 16:38:37 CST 2012" endtime="Fri Sep 21 16:38:38 CST 2012" />
            <Test name="testCertPathBuilderException04" result="pass" starttime="Fri Sep 21 16:38:38 CST 2012" endtime="Fri Sep 21 16:38:38 CST 2012" />
            <Test name="testCertPathBuilderException05" result="pass" starttime="Fri Sep 21 16:38:38 CST 2012" endtime="Fri Sep 21 16:38:38 CST 2012" />
            <Test name="testCertPathBuilderException06" result="pass" starttime="Fri Sep 21 16:38:38 CST 2012" endtime="Fri Sep 21 16:38:38 CST 2012" />
            <Test name="testCertPathBuilderException07" result="pass" starttime="Fri Sep 21 16:38:38 CST 2012" endtime="Fri Sep 21 16:38:38 CST 2012" />
            <Test name="testCertPathBuilderException08" result="pass" starttime="Fri Sep 21 16:38:38 CST 2012" endtime="Fri Sep 21 16:38:38 CST 2012" />
            <Test name="testCertPathBuilderException09" result="pass" starttime="Fri Sep 21 16:38:38 CST 2012" endtime="Fri Sep 21 16:38:38 CST 2012" />
          </TestCase>
          <TestCase name="CertPathBuilderSpiTest" priority="">
            <Test name="testCertPathBuilderSpi01" result="pass" starttime="Fri Sep 21 16:38:38 CST 2012" endtime="Fri Sep 21 16:38:38 CST 2012" />
          </TestCase>
          <TestCase name="CertPathCertPathRepTest" priority="">
            <Test name="testCertPathCertPathRep" result="pass" starttime="Fri Sep 21 16:38:38 CST 2012" endtime="Fri Sep 21 16:38:39 CST 2012" />
            <Test name="testReadResolve" result="pass" starttime="Fri Sep 21 16:38:39 CST 2012" endtime="Fri Sep 21 16:38:39 CST 2012" />
          </TestCase>
          <TestCase name="CertPathTest" priority="">
            <Test name="testCertPath" result="pass" starttime="Fri Sep 21 16:38:39 CST 2012" endtime="Fri Sep 21 16:38:39 CST 2012" />
            <Test name="testEqualsObject01" result="pass" starttime="Fri Sep 21 16:38:39 CST 2012" endtime="Fri Sep 21 16:38:39 CST 2012" />
            <Test name="testEqualsObject02" result="pass" starttime="Fri Sep 21 16:38:39 CST 2012" endtime="Fri Sep 21 16:38:39 CST 2012" />
            <Test name="testEqualsObject03" result="pass" starttime="Fri Sep 21 16:38:39 CST 2012" endtime="Fri Sep 21 16:38:39 CST 2012" />
            <Test name="testEqualsObject04" result="pass" starttime="Fri Sep 21 16:38:39 CST 2012" endtime="Fri Sep 21 16:38:39 CST 2012" />
            <Test name="testGetCertificates" result="pass" starttime="Fri Sep 21 16:38:39 CST 2012" endtime="Fri Sep 21 16:38:39 CST 2012" />
            <Test name="testGetEncoded" result="pass" starttime="Fri Sep 21 16:38:39 CST 2012" endtime="Fri Sep 21 16:38:39 CST 2012" />
            <Test name="testGetEncodedString" result="pass" starttime="Fri Sep 21 16:38:39 CST 2012" endtime="Fri Sep 21 16:38:39 CST 2012" />
            <Test name="testGetEncodings" result="pass" starttime="Fri Sep 21 16:38:39 CST 2012" endtime="Fri Sep 21 16:38:40 CST 2012" />
            <Test name="testGetType" result="pass" starttime="Fri Sep 21 16:38:40 CST 2012" endtime="Fri Sep 21 16:38:40 CST 2012" />
            <Test name="testHashCode" result="pass" starttime="Fri Sep 21 16:38:40 CST 2012" endtime="Fri Sep 21 16:38:40 CST 2012" />
            <Test name="testHashCodeEqualsObject" result="pass" starttime="Fri Sep 21 16:38:40 CST 2012" endtime="Fri Sep 21 16:38:40 CST 2012" />
            <Test name="testSerializationCompatibility" result="pass" starttime="Fri Sep 21 16:38:40 CST 2012" endtime="Fri Sep 21 16:38:40 CST 2012" />
            <Test name="testSerializationSelf" result="pass" starttime="Fri Sep 21 16:38:40 CST 2012" endtime="Fri Sep 21 16:38:40 CST 2012" />
            <Test name="testToString" result="pass" starttime="Fri Sep 21 16:38:40 CST 2012" endtime="Fri Sep 21 16:38:40 CST 2012" />
            <Test name="testWriteReplace" result="pass" starttime="Fri Sep 21 16:38:40 CST 2012" endtime="Fri Sep 21 16:38:40 CST 2012" />
            <Test name="testWriteReplace_ObjectStreamException" result="pass" starttime="Fri Sep 21 16:38:40 CST 2012" endtime="Fri Sep 21 16:38:40 CST 2012" />
          </TestCase>
          <TestCase name="CertPathValidator1Test" priority="">
            <Test name="testCertPathValidator01" result="pass" starttime="Fri Sep 21 16:38:40 CST 2012" endtime="Fri Sep 21 16:38:40 CST 2012" />
            <Test name="testCertPathValidator02" result="pass" starttime="Fri Sep 21 16:38:40 CST 2012" endtime="Fri Sep 21 16:38:41 CST 2012" />
            <Test name="testCertPathValidator03" result="pass" starttime="Fri Sep 21 16:38:41 CST 2012" endtime="Fri Sep 21 16:38:41 CST 2012" />
            <Test name="testCertPathValidator04" result="pass" starttime="Fri Sep 21 16:38:41 CST 2012" endtime="Fri Sep 21 16:38:41 CST 2012" />
            <Test name="testCertPathValidator05" result="pass" starttime="Fri Sep 21 16:38:41 CST 2012" endtime="Fri Sep 21 16:38:41 CST 2012" />
            <Test name="testCertPathValidator06" result="pass" starttime="Fri Sep 21 16:38:41 CST 2012" endtime="Fri Sep 21 16:38:41 CST 2012" />
            <Test name="testCertPathValidator07" result="pass" starttime="Fri Sep 21 16:38:41 CST 2012" endtime="Fri Sep 21 16:38:41 CST 2012" />
            <Test name="testCertPathValidator08" result="pass" starttime="Fri Sep 21 16:38:41 CST 2012" endtime="Fri Sep 21 16:38:41 CST 2012" />
            <Test name="testCertPathValidator09" result="pass" starttime="Fri Sep 21 16:38:41 CST 2012" endtime="Fri Sep 21 16:38:41 CST 2012" />
            <Test name="testCertPathValidator10" result="pass" starttime="Fri Sep 21 16:38:41 CST 2012" endtime="Fri Sep 21 16:38:42 CST 2012" />
            <Test name="testCertPathValidator11" result="pass" starttime="Fri Sep 21 16:38:42 CST 2012" endtime="Fri Sep 21 16:38:42 CST 2012" />
            <Test name="testCertPathValidator12" result="pass" starttime="Fri Sep 21 16:38:42 CST 2012" endtime="Fri Sep 21 16:38:42 CST 2012" />
            <Test name="testCertPathValidator13" result="pass" starttime="Fri Sep 21 16:38:42 CST 2012" endtime="Fri Sep 21 16:38:42 CST 2012" />
            <Test name="testCertPathValidator14" result="pass" starttime="Fri Sep 21 16:38:42 CST 2012" endtime="Fri Sep 21 16:38:42 CST 2012" />
          </TestCase>
          <TestCase name="CertPathValidator2Test" priority="">
            <Test name="testGetInstance01" result="pass" starttime="Fri Sep 21 16:38:42 CST 2012" endtime="Fri Sep 21 16:38:42 CST 2012" />
            <Test name="testGetInstance02" result="pass" starttime="Fri Sep 21 16:38:42 CST 2012" endtime="Fri Sep 21 16:38:42 CST 2012" />
            <Test name="testGetInstance03" result="pass" starttime="Fri Sep 21 16:38:42 CST 2012" endtime="Fri Sep 21 16:38:42 CST 2012" />
            <Test name="testValidate" result="pass" starttime="Fri Sep 21 16:38:42 CST 2012" endtime="Fri Sep 21 16:38:42 CST 2012" />
          </TestCase>
          <TestCase name="CertPathValidator3Test" priority="">
            <Test name="testValidate01" result="pass" starttime="Fri Sep 21 16:38:43 CST 2012" endtime="Fri Sep 21 16:38:43 CST 2012" />
          </TestCase>
          <TestCase name="CertPathValidatorExceptionTest" priority="">
            <Test name="testCertPathValidatorException01" result="pass" starttime="Fri Sep 21 16:38:43 CST 2012" endtime="Fri Sep 21 16:38:43 CST 2012" />
            <Test name="testCertPathValidatorException02" result="pass" starttime="Fri Sep 21 16:38:43 CST 2012" endtime="Fri Sep 21 16:38:43 CST 2012" />
            <Test name="testCertPathValidatorException03" result="pass" starttime="Fri Sep 21 16:38:43 CST 2012" endtime="Fri Sep 21 16:38:43 CST 2012" />
            <Test name="testCertPathValidatorException04" result="pass" starttime="Fri Sep 21 16:38:43 CST 2012" endtime="Fri Sep 21 16:38:43 CST 2012" />
            <Test name="testCertPathValidatorException05" result="pass" starttime="Fri Sep 21 16:38:43 CST 2012" endtime="Fri Sep 21 16:38:43 CST 2012" />
            <Test name="testCertPathValidatorException06" result="pass" starttime="Fri Sep 21 16:38:43 CST 2012" endtime="Fri Sep 21 16:38:43 CST 2012" />
            <Test name="testCertPathValidatorException07" result="pass" starttime="Fri Sep 21 16:38:43 CST 2012" endtime="Fri Sep 21 16:38:44 CST 2012" />
            <Test name="testCertPathValidatorException08" result="pass" starttime="Fri Sep 21 16:38:44 CST 2012" endtime="Fri Sep 21 16:38:44 CST 2012" />
            <Test name="testCertPathValidatorException09" result="pass" starttime="Fri Sep 21 16:38:44 CST 2012" endtime="Fri Sep 21 16:38:44 CST 2012" />
            <Test name="testCertPathValidatorException10" result="pass" starttime="Fri Sep 21 16:38:44 CST 2012" endtime="Fri Sep 21 16:38:44 CST 2012" />
            <Test name="testCertPathValidatorException11" result="pass" starttime="Fri Sep 21 16:38:44 CST 2012" endtime="Fri Sep 21 16:38:44 CST 2012" />
            <Test name="testCertPathValidatorException12" result="pass" starttime="Fri Sep 21 16:38:44 CST 2012" endtime="Fri Sep 21 16:38:44 CST 2012" />
            <Test name="testCertPathValidatorException13" result="pass" starttime="Fri Sep 21 16:38:44 CST 2012" endtime="Fri Sep 21 16:38:44 CST 2012" />
            <Test name="testCertPathValidatorException14" result="pass" starttime="Fri Sep 21 16:38:44 CST 2012" endtime="Fri Sep 21 16:38:44 CST 2012" />
            <Test name="testCertPathValidatorException15" result="pass" starttime="Fri Sep 21 16:38:44 CST 2012" endtime="Fri Sep 21 16:38:44 CST 2012" />
            <Test name="testCertPathValidatorException16" result="pass" starttime="Fri Sep 21 16:38:44 CST 2012" endtime="Fri Sep 21 16:38:45 CST 2012" />
          </TestCase>
          <TestCase name="CertPathValidatorSpiTest" priority="">
            <Test name="testCertPathValidatorSpi01" result="pass" starttime="Fri Sep 21 16:38:45 CST 2012" endtime="Fri Sep 21 16:38:45 CST 2012" />
          </TestCase>
          <TestCase name="CertStore1Test" priority="">
            <Test name="testCertStore01" result="pass" starttime="Fri Sep 21 16:38:45 CST 2012" endtime="Fri Sep 21 16:38:45 CST 2012" />
            <Test name="testCertStore02" result="pass" starttime="Fri Sep 21 16:38:45 CST 2012" endtime="Fri Sep 21 16:38:45 CST 2012" />
            <Test name="testCertStore03" result="pass" starttime="Fri Sep 21 16:38:45 CST 2012" endtime="Fri Sep 21 16:38:45 CST 2012" />
            <Test name="testCertStore05" result="pass" starttime="Fri Sep 21 16:38:45 CST 2012" endtime="Fri Sep 21 16:38:45 CST 2012" />
            <Test name="testCertStore06" result="pass" starttime="Fri Sep 21 16:38:45 CST 2012" endtime="Fri Sep 21 16:38:45 CST 2012" />
            <Test name="testCertStore07" result="pass" starttime="Fri Sep 21 16:38:45 CST 2012" endtime="Fri Sep 21 16:38:45 CST 2012" />
            <Test name="testCertStore08" result="pass" starttime="Fri Sep 21 16:38:45 CST 2012" endtime="Fri Sep 21 16:38:46 CST 2012" />
            <Test name="testCertStore10" result="pass" starttime="Fri Sep 21 16:38:46 CST 2012" endtime="Fri Sep 21 16:38:46 CST 2012" />
            <Test name="testCertStore11" result="pass" starttime="Fri Sep 21 16:38:46 CST 2012" endtime="Fri Sep 21 16:38:46 CST 2012" />
            <Test name="testCertStore12" result="pass" starttime="Fri Sep 21 16:38:46 CST 2012" endtime="Fri Sep 21 16:38:46 CST 2012" />
            <Test name="testCertStore14" result="pass" starttime="Fri Sep 21 16:38:46 CST 2012" endtime="Fri Sep 21 16:38:46 CST 2012" />
            <Test name="testCertStore15" result="pass" starttime="Fri Sep 21 16:38:46 CST 2012" endtime="Fri Sep 21 16:38:46 CST 2012" />
            <Test name="testCertStore16" result="pass" starttime="Fri Sep 21 16:38:46 CST 2012" endtime="Fri Sep 21 16:38:46 CST 2012" />
            <Test name="testCertStore17" result="pass" starttime="Fri Sep 21 16:38:46 CST 2012" endtime="Fri Sep 21 16:38:46 CST 2012" />
            <Test name="testCertStore18" result="pass" starttime="Fri Sep 21 16:38:46 CST 2012" endtime="Fri Sep 21 16:38:46 CST 2012" />
          </TestCase>
          <TestCase name="CertStore2Test" priority="">
            <Test name="testGetCRLs" result="pass" starttime="Fri Sep 21 16:38:46 CST 2012" endtime="Fri Sep 21 16:38:47 CST 2012" />
            <Test name="testGetCertificates" result="pass" starttime="Fri Sep 21 16:38:47 CST 2012" endtime="Fri Sep 21 16:38:47 CST 2012" />
            <Test name="testGetInstanceStringCertStoreParameters" result="pass" starttime="Fri Sep 21 16:38:47 CST 2012" endtime="Fri Sep 21 16:38:47 CST 2012" />
            <Test name="testGetInstanceStringCertStoreParametersProvider" result="pass" starttime="Fri Sep 21 16:38:47 CST 2012" endtime="Fri Sep 21 16:38:47 CST 2012" />
            <Test name="testGetInstanceStringCertStoreParametersString" result="pass" starttime="Fri Sep 21 16:38:47 CST 2012" endtime="Fri Sep 21 16:38:47 CST 2012" />
          </TestCase>
          <TestCase name="CertStoreExceptionTest" priority="">
            <Test name="testCertStoreException01" result="pass" starttime="Fri Sep 21 16:38:47 CST 2012" endtime="Fri Sep 21 16:38:47 CST 2012" />
            <Test name="testCertStoreException02" result="pass" starttime="Fri Sep 21 16:38:47 CST 2012" endtime="Fri Sep 21 16:38:47 CST 2012" />
            <Test name="testCertStoreException03" result="pass" starttime="Fri Sep 21 16:38:47 CST 2012" endtime="Fri Sep 21 16:38:47 CST 2012" />
            <Test name="testCertStoreException04" result="pass" starttime="Fri Sep 21 16:38:47 CST 2012" endtime="Fri Sep 21 16:38:47 CST 2012" />
            <Test name="testCertStoreException05" result="pass" starttime="Fri Sep 21 16:38:47 CST 2012" endtime="Fri Sep 21 16:38:47 CST 2012" />
            <Test name="testCertStoreException06" result="pass" starttime="Fri Sep 21 16:38:47 CST 2012" endtime="Fri Sep 21 16:38:48 CST 2012" />
            <Test name="testCertStoreException07" result="pass" starttime="Fri Sep 21 16:38:48 CST 2012" endtime="Fri Sep 21 16:38:48 CST 2012" />
            <Test name="testCertStoreException08" result="pass" starttime="Fri Sep 21 16:38:48 CST 2012" endtime="Fri Sep 21 16:38:48 CST 2012" />
            <Test name="testCertStoreException09" result="pass" starttime="Fri Sep 21 16:38:48 CST 2012" endtime="Fri Sep 21 16:38:48 CST 2012" />
          </TestCase>
          <TestCase name="CertStoreSpiTest" priority="">
            <Test name="testCertStoreSpi01" result="pass" starttime="Fri Sep 21 16:38:48 CST 2012" endtime="Fri Sep 21 16:38:48 CST 2012" />
          </TestCase>
          <TestCase name="CertificateCertificateRepTest" priority="">
            <Test name="testCertificateCertificateRep" result="pass" starttime="Fri Sep 21 16:38:48 CST 2012" endtime="Fri Sep 21 16:38:48 CST 2012" />
            <Test name="testReadResolve" result="pass" starttime="Fri Sep 21 16:38:48 CST 2012" endtime="Fri Sep 21 16:38:48 CST 2012" />
          </TestCase>
          <TestCase name="CertificateEncodingException2Test" priority="">
            <Test name="test_Constructor" result="pass" starttime="Fri Sep 21 16:38:48 CST 2012" endtime="Fri Sep 21 16:38:48 CST 2012" />
          </TestCase>
          <TestCase name="CertificateEncodingExceptionTest" priority="">
            <Test name="testCertificateEncodingException01" result="pass" starttime="Fri Sep 21 16:38:48 CST 2012" endtime="Fri Sep 21 16:38:49 CST 2012" />
            <Test name="testCertificateEncodingException02" result="pass" starttime="Fri Sep 21 16:38:49 CST 2012" endtime="Fri Sep 21 16:38:49 CST 2012" />
            <Test name="testCertificateEncodingException03" result="pass" starttime="Fri Sep 21 16:38:49 CST 2012" endtime="Fri Sep 21 16:38:49 CST 2012" />
            <Test name="testCertificateEncodingException04" result="pass" starttime="Fri Sep 21 16:38:49 CST 2012" endtime="Fri Sep 21 16:38:49 CST 2012" />
            <Test name="testCertificateEncodingException05" result="pass" starttime="Fri Sep 21 16:38:49 CST 2012" endtime="Fri Sep 21 16:38:49 CST 2012" />
            <Test name="testCertificateEncodingException06" result="pass" starttime="Fri Sep 21 16:38:49 CST 2012" endtime="Fri Sep 21 16:38:49 CST 2012" />
            <Test name="testCertificateEncodingException07" result="pass" starttime="Fri Sep 21 16:38:49 CST 2012" endtime="Fri Sep 21 16:38:49 CST 2012" />
            <Test name="testCertificateEncodingException08" result="pass" starttime="Fri Sep 21 16:38:49 CST 2012" endtime="Fri Sep 21 16:38:49 CST 2012" />
            <Test name="testCertificateEncodingException09" result="pass" starttime="Fri Sep 21 16:38:49 CST 2012" endtime="Fri Sep 21 16:38:50 CST 2012" />
          </TestCase>
          <TestCase name="CertificateException2Test" priority="">
            <Test name="test_Constructor" result="pass" starttime="Fri Sep 21 16:38:50 CST 2012" endtime="Fri Sep 21 16:38:50 CST 2012" />
            <Test name="test_ConstructorLjava_lang_String" result="pass" starttime="Fri Sep 21 16:38:50 CST 2012" endtime="Fri Sep 21 16:38:50 CST 2012" />
          </TestCase>
          <TestCase name="CertificateExceptionTest" priority="">
            <Test name="testCertificateException01" result="pass" starttime="Fri Sep 21 16:38:50 CST 2012" endtime="Fri Sep 21 16:38:50 CST 2012" />
            <Test name="testCertificateException02" result="pass" starttime="Fri Sep 21 16:38:50 CST 2012" endtime="Fri Sep 21 16:38:50 CST 2012" />
            <Test name="testCertificateException03" result="pass" starttime="Fri Sep 21 16:38:50 CST 2012" endtime="Fri Sep 21 16:38:50 CST 2012" />
            <Test name="testCertificateException04" result="pass" starttime="Fri Sep 21 16:38:50 CST 2012" endtime="Fri Sep 21 16:38:50 CST 2012" />
            <Test name="testCertificateException05" result="pass" starttime="Fri Sep 21 16:38:50 CST 2012" endtime="Fri Sep 21 16:38:50 CST 2012" />
            <Test name="testCertificateException06" result="pass" starttime="Fri Sep 21 16:38:50 CST 2012" endtime="Fri Sep 21 16:38:51 CST 2012" />
            <Test name="testCertificateException07" result="pass" starttime="Fri Sep 21 16:38:51 CST 2012" endtime="Fri Sep 21 16:38:51 CST 2012" />
            <Test name="testCertificateException08" result="pass" starttime="Fri Sep 21 16:38:51 CST 2012" endtime="Fri Sep 21 16:38:51 CST 2012" />
            <Test name="testCertificateException09" result="pass" starttime="Fri Sep 21 16:38:51 CST 2012" endtime="Fri Sep 21 16:38:51 CST 2012" />
          </TestCase>
          <TestCase name="CertificateExpiredExceptionTest" priority="">
            <Test name="testCertificateExpiredException01" result="pass" starttime="Fri Sep 21 16:38:51 CST 2012" endtime="Fri Sep 21 16:38:51 CST 2012" />
            <Test name="testCertificateExpiredException02" result="pass" starttime="Fri Sep 21 16:38:51 CST 2012" endtime="Fri Sep 21 16:38:51 CST 2012" />
            <Test name="testCertificateExpiredException03" result="pass" starttime="Fri Sep 21 16:38:51 CST 2012" endtime="Fri Sep 21 16:38:51 CST 2012" />
          </TestCase>
          <TestCase name="CertificateFactory1Test" priority="">
            <Test name="testCertificateFactory01" result="pass" starttime="Fri Sep 21 16:38:51 CST 2012" endtime="Fri Sep 21 16:38:51 CST 2012" />
            <Test name="testCertificateFactory02" result="pass" starttime="Fri Sep 21 16:38:51 CST 2012" endtime="Fri Sep 21 16:38:52 CST 2012" />
            <Test name="testCertificateFactory03" result="pass" starttime="Fri Sep 21 16:38:52 CST 2012" endtime="Fri Sep 21 16:38:52 CST 2012" />
            <Test name="testCertificateFactory04" result="pass" starttime="Fri Sep 21 16:38:52 CST 2012" endtime="Fri Sep 21 16:38:52 CST 2012" />
            <Test name="testCertificateFactory05" result="pass" starttime="Fri Sep 21 16:38:52 CST 2012" endtime="Fri Sep 21 16:38:52 CST 2012" />
            <Test name="testCertificateFactory06" result="pass" starttime="Fri Sep 21 16:38:52 CST 2012" endtime="Fri Sep 21 16:38:52 CST 2012" />
            <Test name="testCertificateFactory07" result="pass" starttime="Fri Sep 21 16:38:52 CST 2012" endtime="Fri Sep 21 16:38:52 CST 2012" />
            <Test name="testCertificateFactory08" result="pass" starttime="Fri Sep 21 16:38:52 CST 2012" endtime="Fri Sep 21 16:38:52 CST 2012" />
            <Test name="testCertificateFactory09" result="pass" starttime="Fri Sep 21 16:38:52 CST 2012" endtime="Fri Sep 21 16:38:52 CST 2012" />
            <Test name="testCertificateFactory10" result="pass" starttime="Fri Sep 21 16:38:52 CST 2012" endtime="Fri Sep 21 16:38:53 CST 2012" />
            <Test name="testCertificateFactory11" result="pass" starttime="Fri Sep 21 16:38:53 CST 2012" endtime="Fri Sep 21 16:38:53 CST 2012" />
            <Test name="testCertificateFactory12" result="pass" starttime="Fri Sep 21 16:38:53 CST 2012" endtime="Fri Sep 21 16:38:53 CST 2012" />
            <Test name="testCertificateFactory13" result="pass" starttime="Fri Sep 21 16:38:53 CST 2012" endtime="Fri Sep 21 16:38:53 CST 2012" />
            <Test name="testCertificateFactory14" result="pass" starttime="Fri Sep 21 16:38:53 CST 2012" endtime="Fri Sep 21 16:38:53 CST 2012" />
            <Test name="testCertificateFactory15" result="pass" starttime="Fri Sep 21 16:38:53 CST 2012" endtime="Fri Sep 21 16:38:53 CST 2012" />
            <Test name="testCertificateFactory16" result="pass" starttime="Fri Sep 21 16:38:53 CST 2012" endtime="Fri Sep 21 16:38:53 CST 2012" />
            <Test name="testCertificateFactory17" result="pass" starttime="Fri Sep 21 16:38:53 CST 2012" endtime="Fri Sep 21 16:38:53 CST 2012" />
            <Test name="testCertificateFactory18" result="pass" starttime="Fri Sep 21 16:38:53 CST 2012" endtime="Fri Sep 21 16:38:53 CST 2012" />
            <Test name="testCertificateFactory19" result="pass" starttime="Fri Sep 21 16:38:53 CST 2012" endtime="Fri Sep 21 16:38:54 CST 2012" />
          </TestCase>
          <TestCase name="CertificateFactory2Test" priority="">
            <Test name="testGetInstance01" result="pass" starttime="Fri Sep 21 16:38:54 CST 2012" endtime="Fri Sep 21 16:38:54 CST 2012" />
            <Test name="testGetInstance02" result="pass" starttime="Fri Sep 21 16:38:54 CST 2012" endtime="Fri Sep 21 16:38:54 CST 2012" />
            <Test name="testGetInstance03" result="pass" starttime="Fri Sep 21 16:38:54 CST 2012" endtime="Fri Sep 21 16:38:54 CST 2012" />
            <Test name="testGetInstance04" result="pass" starttime="Fri Sep 21 16:38:54 CST 2012" endtime="Fri Sep 21 16:38:54 CST 2012" />
            <Test name="testGetInstance05" result="pass" starttime="Fri Sep 21 16:38:54 CST 2012" endtime="Fri Sep 21 16:38:54 CST 2012" />
            <Test name="testGetInstance06" result="pass" starttime="Fri Sep 21 16:38:54 CST 2012" endtime="Fri Sep 21 16:38:54 CST 2012" />
          </TestCase>
          <TestCase name="CertificateFactory3Test" priority="">
            <Test name="testGenerateCertPath01" result="pass" starttime="Fri Sep 21 16:38:54 CST 2012" endtime="Fri Sep 21 16:38:54 CST 2012" />
            <Test name="testGenerateCertPath02" result="pass" starttime="Fri Sep 21 16:38:54 CST 2012" endtime="Fri Sep 21 16:38:54 CST 2012" />
            <Test name="testGenerateCertPath03" result="pass" starttime="Fri Sep 21 16:38:54 CST 2012" endtime="Fri Sep 21 16:38:54 CST 2012" />
            <Test name="testGenerateCertificate" result="pass" starttime="Fri Sep 21 16:38:54 CST 2012" endtime="Fri Sep 21 16:38:55 CST 2012" />
            <Test name="testGenerateCertificates" result="pass" starttime="Fri Sep 21 16:38:55 CST 2012" endtime="Fri Sep 21 16:38:55 CST 2012" />
          </TestCase>
          <TestCase name="CertificateFactory4Test" priority="">
            <Test name="testGenerateCRL" result="pass" starttime="Fri Sep 21 16:38:55 CST 2012" endtime="Fri Sep 21 16:38:55 CST 2012" />
            <Test name="testGenerateCRLs2" result="pass" starttime="Fri Sep 21 16:38:55 CST 2012" endtime="Fri Sep 21 16:38:55 CST 2012" />
            <Test name="testGenerateCertPath1" result="pass" starttime="Fri Sep 21 16:38:55 CST 2012" endtime="Fri Sep 21 16:38:55 CST 2012" />
            <Test name="testGenerateCertPath2" result="pass" starttime="Fri Sep 21 16:38:55 CST 2012" endtime="Fri Sep 21 16:38:55 CST 2012" />
            <Test name="testGenerateCertPath3" result="pass" starttime="Fri Sep 21 16:38:55 CST 2012" endtime="Fri Sep 21 16:38:55 CST 2012" />
            <Test name="testGenerateCertificate" result="pass" starttime="Fri Sep 21 16:38:55 CST 2012" endtime="Fri Sep 21 16:38:55 CST 2012" />
            <Test name="testGenerateCertificates2" result="pass" starttime="Fri Sep 21 16:38:55 CST 2012" endtime="Fri Sep 21 16:38:55 CST 2012" />
            <Test name="test_generateCRLLjava_io_InputStream" result="pass" starttime="Fri Sep 21 16:38:55 CST 2012" endtime="Fri Sep 21 16:38:56 CST 2012" />
            <Test name="test_generateCRLsLjava_io_InputStream" result="pass" starttime="Fri Sep 21 16:38:56 CST 2012" endtime="Fri Sep 21 16:38:56 CST 2012" />
            <Test name="test_generateCertificateLjava_io_InputStream" result="pass" starttime="Fri Sep 21 16:38:56 CST 2012" endtime="Fri Sep 21 16:38:56 CST 2012" />
            <Test name="test_generateCertificatesLjava_io_InputStream" result="pass" starttime="Fri Sep 21 16:38:56 CST 2012" endtime="Fri Sep 21 16:38:56 CST 2012" />
            <Test name="test_getInstanceLjava_lang_String" result="pass" starttime="Fri Sep 21 16:38:56 CST 2012" endtime="Fri Sep 21 16:38:56 CST 2012" />
            <Test name="test_getInstanceLjava_lang_StringLjava_lang_String" result="pass" starttime="Fri Sep 21 16:38:56 CST 2012" endtime="Fri Sep 21 16:38:56 CST 2012" />
            <Test name="test_getProvider" result="pass" starttime="Fri Sep 21 16:38:56 CST 2012" endtime="Fri Sep 21 16:38:57 CST 2012" />
          </TestCase>
          <TestCase name="CertificateFactorySpiTest" priority="">
            <Test name="testAbstractMethods" result="pass" starttime="Fri Sep 21 16:38:57 CST 2012" endtime="Fri Sep 21 16:38:57 CST 2012" />
            <Test name="testCertificateFactorySpi01" result="pass" starttime="Fri Sep 21 16:38:57 CST 2012" endtime="Fri Sep 21 16:38:57 CST 2012" />
            <Test name="testCertificateFactorySpi02" result="pass" starttime="Fri Sep 21 16:38:57 CST 2012" endtime="Fri Sep 21 16:38:57 CST 2012" />
            <Test name="testCertificateFactorySpi03" result="pass" starttime="Fri Sep 21 16:38:57 CST 2012" endtime="Fri Sep 21 16:38:57 CST 2012" />
            <Test name="testEngineGenerateCertPathLJava_util_List01" result="pass" starttime="Fri Sep 21 16:38:57 CST 2012" endtime="Fri Sep 21 16:38:57 CST 2012" />
            <Test name="testEngineGenerateCertPathLJava_util_List02" result="pass" starttime="Fri Sep 21 16:38:57 CST 2012" endtime="Fri Sep 21 16:38:57 CST 2012" />
            <Test name="testEngineGenerateCertPathLjava_io_InputStream01" result="pass" starttime="Fri Sep 21 16:38:57 CST 2012" endtime="Fri Sep 21 16:38:57 CST 2012" />
            <Test name="testEngineGenerateCertPathLjava_io_InputStream02" result="pass" starttime="Fri Sep 21 16:38:57 CST 2012" endtime="Fri Sep 21 16:38:57 CST 2012" />
            <Test name="testEngineGenerateCertPathLjava_io_InputStream_Ljava_lang_String01" result="pass" starttime="Fri Sep 21 16:38:57 CST 2012" endtime="Fri Sep 21 16:38:58 CST 2012" />
            <Test name="testEngineGenerateCertPathLjava_io_InputStream_Ljava_lang_String02" result="pass" starttime="Fri Sep 21 16:38:58 CST 2012" endtime="Fri Sep 21 16:38:58 CST 2012" />
          </TestCase>
          <TestCase name="CertificateNotYetValidExceptionTest" priority="">
            <Test name="testCertificateNotYetValidException01" result="pass" starttime="Fri Sep 21 16:38:58 CST 2012" endtime="Fri Sep 21 16:38:58 CST 2012" />
            <Test name="testCertificateNotYetValidException02" result="pass" starttime="Fri Sep 21 16:38:58 CST 2012" endtime="Fri Sep 21 16:38:58 CST 2012" />
            <Test name="testCertificateNotYetValidException03" result="pass" starttime="Fri Sep 21 16:38:58 CST 2012" endtime="Fri Sep 21 16:38:58 CST 2012" />
          </TestCase>
          <TestCase name="CertificateParsingExceptionTest" priority="">
            <Test name="testCertificateParsingException01" result="pass" starttime="Fri Sep 21 16:38:58 CST 2012" endtime="Fri Sep 21 16:38:58 CST 2012" />
            <Test name="testCertificateParsingException02" result="pass" starttime="Fri Sep 21 16:38:58 CST 2012" endtime="Fri Sep 21 16:38:58 CST 2012" />
            <Test name="testCertificateParsingException03" result="pass" starttime="Fri Sep 21 16:38:58 CST 2012" endtime="Fri Sep 21 16:38:58 CST 2012" />
            <Test name="testCertificateParsingException04" result="pass" starttime="Fri Sep 21 16:38:58 CST 2012" endtime="Fri Sep 21 16:38:58 CST 2012" />
            <Test name="testCertificateParsingException05" result="pass" starttime="Fri Sep 21 16:38:58 CST 2012" endtime="Fri Sep 21 16:38:59 CST 2012" />
            <Test name="testCertificateParsingException06" result="pass" starttime="Fri Sep 21 16:38:59 CST 2012" endtime="Fri Sep 21 16:38:59 CST 2012" />
            <Test name="testCertificateParsingException07" result="pass" starttime="Fri Sep 21 16:38:59 CST 2012" endtime="Fri Sep 21 16:38:59 CST 2012" />
            <Test name="testCertificateParsingException08" result="pass" starttime="Fri Sep 21 16:38:59 CST 2012" endtime="Fri Sep 21 16:38:59 CST 2012" />
            <Test name="testCertificateParsingException09" result="pass" starttime="Fri Sep 21 16:38:59 CST 2012" endtime="Fri Sep 21 16:38:59 CST 2012" />
          </TestCase>
          <TestCase name="CertificateTest" priority="">
            <Test name="testCertificate" result="pass" starttime="Fri Sep 21 16:38:59 CST 2012" endtime="Fri Sep 21 16:38:59 CST 2012" />
            <Test name="testEqualsObject01" result="pass" starttime="Fri Sep 21 16:38:59 CST 2012" endtime="Fri Sep 21 16:38:59 CST 2012" />
            <Test name="testEqualsObject02" result="pass" starttime="Fri Sep 21 16:38:59 CST 2012" endtime="Fri Sep 21 16:38:59 CST 2012" />
            <Test name="testEqualsObject03" result="pass" starttime="Fri Sep 21 16:38:59 CST 2012" endtime="Fri Sep 21 16:39:00 CST 2012" />
            <Test name="testEqualsObject04" result="pass" starttime="Fri Sep 21 16:39:00 CST 2012" endtime="Fri Sep 21 16:39:00 CST 2012" />
            <Test name="testGetPublicKey" result="pass" starttime="Fri Sep 21 16:39:00 CST 2012" endtime="Fri Sep 21 16:39:00 CST 2012" />
            <Test name="testGetType" result="pass" starttime="Fri Sep 21 16:39:00 CST 2012" endtime="Fri Sep 21 16:39:00 CST 2012" />
            <Test name="testHashCode" result="pass" starttime="Fri Sep 21 16:39:00 CST 2012" endtime="Fri Sep 21 16:39:00 CST 2012" />
            <Test name="testHashCodeEqualsObject" result="pass" starttime="Fri Sep 21 16:39:00 CST 2012" endtime="Fri Sep 21 16:39:00 CST 2012" />
            <Test name="testSerializationCompatibility" result="pass" starttime="Fri Sep 21 16:39:00 CST 2012" endtime="Fri Sep 21 16:39:00 CST 2012" />
            <Test name="testSerializationSelf" result="pass" starttime="Fri Sep 21 16:39:00 CST 2012" endtime="Fri Sep 21 16:39:00 CST 2012" />
            <Test name="testToString" result="pass" starttime="Fri Sep 21 16:39:01 CST 2012" endtime="Fri Sep 21 16:39:01 CST 2012" />
            <Test name="testVerifyPublicKey" result="pass" starttime="Fri Sep 21 16:39:01 CST 2012" endtime="Fri Sep 21 16:39:01 CST 2012" />
            <Test name="testVerifyPublicKey2" result="pass" starttime="Fri Sep 21 16:39:01 CST 2012" endtime="Fri Sep 21 16:39:01 CST 2012" />
            <Test name="testVerifyPublicKeyString" result="pass" starttime="Fri Sep 21 16:39:01 CST 2012" endtime="Fri Sep 21 16:39:01 CST 2012" />
            <Test name="testVerifyPublicKeyString2" result="pass" starttime="Fri Sep 21 16:39:01 CST 2012" endtime="Fri Sep 21 16:39:01 CST 2012" />
            <Test name="testWriteReplace" result="pass" starttime="Fri Sep 21 16:39:01 CST 2012" endtime="Fri Sep 21 16:39:01 CST 2012" />
            <Test name="testWriteReplace2" result="pass" starttime="Fri Sep 21 16:39:01 CST 2012" endtime="Fri Sep 21 16:39:01 CST 2012" />
          </TestCase>
          <TestCase name="CollectionCertStoreParametersTest" priority="">
            <Test name="testClone01" result="pass" starttime="Fri Sep 21 16:39:01 CST 2012" endtime="Fri Sep 21 16:39:01 CST 2012" />
            <Test name="testClone02" result="pass" starttime="Fri Sep 21 16:39:01 CST 2012" endtime="Fri Sep 21 16:39:02 CST 2012" />
            <Test name="testClone03" result="pass" starttime="Fri Sep 21 16:39:02 CST 2012" endtime="Fri Sep 21 16:39:02 CST 2012" />
            <Test name="testCollectionCertStoreParameters01" result="pass" starttime="Fri Sep 21 16:39:02 CST 2012" endtime="Fri Sep 21 16:39:02 CST 2012" />
            <Test name="testCollectionCertStoreParameters02" result="pass" starttime="Fri Sep 21 16:39:02 CST 2012" endtime="Fri Sep 21 16:39:02 CST 2012" />
            <Test name="testCollectionCertStoreParametersCollection01" result="pass" starttime="Fri Sep 21 16:39:02 CST 2012" endtime="Fri Sep 21 16:39:02 CST 2012" />
            <Test name="testCollectionCertStoreParametersCollection02" result="pass" starttime="Fri Sep 21 16:39:02 CST 2012" endtime="Fri Sep 21 16:39:02 CST 2012" />
            <Test name="testCollectionCertStoreParametersCollection03" result="pass" starttime="Fri Sep 21 16:39:02 CST 2012" endtime="Fri Sep 21 16:39:02 CST 2012" />
            <Test name="testCollectionCertStoreParametersCollection04" result="pass" starttime="Fri Sep 21 16:39:02 CST 2012" endtime="Fri Sep 21 16:39:02 CST 2012" />
            <Test name="testGetCollection01" result="pass" starttime="Fri Sep 21 16:39:02 CST 2012" endtime="Fri Sep 21 16:39:02 CST 2012" />
            <Test name="testGetCollection02" result="pass" starttime="Fri Sep 21 16:39:02 CST 2012" endtime="Fri Sep 21 16:39:03 CST 2012" />
            <Test name="testToString01" result="pass" starttime="Fri Sep 21 16:39:03 CST 2012" endtime="Fri Sep 21 16:39:03 CST 2012" />
            <Test name="testToString02" result="pass" starttime="Fri Sep 21 16:39:03 CST 2012" endtime="Fri Sep 21 16:39:03 CST 2012" />
          </TestCase>
          <TestCase name="LDAPCertStoreParametersTest" priority="">
            <Test name="testClone" result="pass" starttime="Fri Sep 21 16:39:03 CST 2012" endtime="Fri Sep 21 16:39:03 CST 2012" />
            <Test name="testGetPort" result="pass" starttime="Fri Sep 21 16:39:03 CST 2012" endtime="Fri Sep 21 16:39:03 CST 2012" />
            <Test name="testGetServerName" result="pass" starttime="Fri Sep 21 16:39:03 CST 2012" endtime="Fri Sep 21 16:39:03 CST 2012" />
            <Test name="testLDAPCertStoreParameters01" result="pass" starttime="Fri Sep 21 16:39:03 CST 2012" endtime="Fri Sep 21 16:39:03 CST 2012" />
            <Test name="testLDAPCertStoreParameters02" result="pass" starttime="Fri Sep 21 16:39:03 CST 2012" endtime="Fri Sep 21 16:39:03 CST 2012" />
            <Test name="testLDAPCertStoreParametersString01" result="pass" starttime="Fri Sep 21 16:39:03 CST 2012" endtime="Fri Sep 21 16:39:04 CST 2012" />
            <Test name="testLDAPCertStoreParametersString02" result="pass" starttime="Fri Sep 21 16:39:04 CST 2012" endtime="Fri Sep 21 16:39:04 CST 2012" />
            <Test name="testLDAPCertStoreParametersString03" result="pass" starttime="Fri Sep 21 16:39:04 CST 2012" endtime="Fri Sep 21 16:39:04 CST 2012" />
            <Test name="testLDAPCertStoreParametersStringint01" result="pass" starttime="Fri Sep 21 16:39:04 CST 2012" endtime="Fri Sep 21 16:39:04 CST 2012" />
            <Test name="testLDAPCertStoreParametersStringint02" result="pass" starttime="Fri Sep 21 16:39:04 CST 2012" endtime="Fri Sep 21 16:39:04 CST 2012" />
            <Test name="testLDAPCertStoreParametersStringint03" result="pass" starttime="Fri Sep 21 16:39:04 CST 2012" endtime="Fri Sep 21 16:39:04 CST 2012" />
            <Test name="testToString" result="pass" starttime="Fri Sep 21 16:39:04 CST 2012" endtime="Fri Sep 21 16:39:04 CST 2012" />
          </TestCase>
          <TestCase name="PKIXBuilderParametersTest" priority="">
            <Test name="testGetMaxPathLength" result="pass" starttime="Fri Sep 21 16:39:04 CST 2012" endtime="Fri Sep 21 16:39:04 CST 2012" />
            <Test name="testPKIXBuilderParametersKeyStoreCertSelector01" result="pass" starttime="Fri Sep 21 16:39:04 CST 2012" endtime="Fri Sep 21 16:39:05 CST 2012" />
            <Test name="testPKIXBuilderParametersKeyStoreCertSelector02" result="pass" starttime="Fri Sep 21 16:39:05 CST 2012" endtime="Fri Sep 21 16:39:05 CST 2012" />
            <Test name="testPKIXBuilderParametersKeyStoreCertSelector03" result="pass" starttime="Fri Sep 21 16:39:05 CST 2012" endtime="Fri Sep 21 16:39:05 CST 2012" />
            <Test name="testPKIXBuilderParametersKeyStoreCertSelector04" result="pass" starttime="Fri Sep 21 16:39:05 CST 2012" endtime="Fri Sep 21 16:39:05 CST 2012" />
            <Test name="testPKIXBuilderParametersSetCertSelector01" result="pass" starttime="Fri Sep 21 16:39:05 CST 2012" endtime="Fri Sep 21 16:39:05 CST 2012" />
            <Test name="testPKIXBuilderParametersSetCertSelector02" result="pass" starttime="Fri Sep 21 16:39:05 CST 2012" endtime="Fri Sep 21 16:39:05 CST 2012" />
            <Test name="testPKIXBuilderParametersSetCertSelector03" result="pass" starttime="Fri Sep 21 16:39:05 CST 2012" endtime="Fri Sep 21 16:39:05 CST 2012" />
            <Test name="testPKIXBuilderParametersSetCertSelector04" result="pass" starttime="Fri Sep 21 16:39:05 CST 2012" endtime="Fri Sep 21 16:39:05 CST 2012" />
            <Test name="testPKIXBuilderParametersSetCertSelector05" result="pass" starttime="Fri Sep 21 16:39:05 CST 2012" endtime="Fri Sep 21 16:39:06 CST 2012" />
            <Test name="testSetMaxPathLength" result="pass" starttime="Fri Sep 21 16:39:06 CST 2012" endtime="Fri Sep 21 16:39:06 CST 2012" />
            <Test name="testToString" result="pass" starttime="Fri Sep 21 16:39:06 CST 2012" endtime="Fri Sep 21 16:39:06 CST 2012" />
          </TestCase>
          <TestCase name="PKIXCertPathBuilderResultTest" priority="">
            <Test name="testGetCertPath" result="pass" starttime="Fri Sep 21 16:39:06 CST 2012" endtime="Fri Sep 21 16:39:06 CST 2012" />
            <Test name="testPKIXCertPathBuilderResult01" result="pass" starttime="Fri Sep 21 16:39:06 CST 2012" endtime="Fri Sep 21 16:39:06 CST 2012" />
            <Test name="testPKIXCertPathBuilderResult02" result="pass" starttime="Fri Sep 21 16:39:06 CST 2012" endtime="Fri Sep 21 16:39:06 CST 2012" />
            <Test name="testPKIXCertPathBuilderResult03" result="pass" starttime="Fri Sep 21 16:39:06 CST 2012" endtime="Fri Sep 21 16:39:06 CST 2012" />
            <Test name="testPKIXCertPathBuilderResult04" result="pass" starttime="Fri Sep 21 16:39:06 CST 2012" endtime="Fri Sep 21 16:39:06 CST 2012" />
            <Test name="testPKIXCertPathBuilderResult05" result="pass" starttime="Fri Sep 21 16:39:06 CST 2012" endtime="Fri Sep 21 16:39:06 CST 2012" />
            <Test name="testToString" result="pass" starttime="Fri Sep 21 16:39:06 CST 2012" endtime="Fri Sep 21 16:39:06 CST 2012" />
            <Test name="test_clone" result="pass" starttime="Fri Sep 21 16:39:06 CST 2012" endtime="Fri Sep 21 16:39:07 CST 2012" />
          </TestCase>
          <TestCase name="PKIXCertPathCheckerTest" priority="">
            <Test name="testCheck" result="pass" starttime="Fri Sep 21 16:39:07 CST 2012" endtime="Fri Sep 21 16:39:07 CST 2012" />
            <Test name="testClone" result="pass" starttime="Fri Sep 21 16:39:07 CST 2012" endtime="Fri Sep 21 16:39:07 CST 2012" />
            <Test name="testConstructor" result="pass" starttime="Fri Sep 21 16:39:07 CST 2012" endtime="Fri Sep 21 16:39:07 CST 2012" />
            <Test name="testGetSupportedExtensions" result="pass" starttime="Fri Sep 21 16:39:07 CST 2012" endtime="Fri Sep 21 16:39:07 CST 2012" />
            <Test name="testInit" result="pass" starttime="Fri Sep 21 16:39:07 CST 2012" endtime="Fri Sep 21 16:39:07 CST 2012" />
            <Test name="testIsForwardCheckingSupported" result="pass" starttime="Fri Sep 21 16:39:07 CST 2012" endtime="Fri Sep 21 16:39:07 CST 2012" />
          </TestCase>
          <TestCase name="PKIXCertPathValidatorResultTest" priority="">
            <Test name="testClone" result="pass" starttime="Fri Sep 21 16:39:07 CST 2012" endtime="Fri Sep 21 16:39:07 CST 2012" />
            <Test name="testGetPolicyTree01" result="pass" starttime="Fri Sep 21 16:39:07 CST 2012" endtime="Fri Sep 21 16:39:07 CST 2012" />
            <Test name="testGetPolicyTree02" result="pass" starttime="Fri Sep 21 16:39:07 CST 2012" endtime="Fri Sep 21 16:39:07 CST 2012" />
            <Test name="testGetPublicKey" result="pass" starttime="Fri Sep 21 16:39:07 CST 2012" endtime="Fri Sep 21 16:39:08 CST 2012" />
            <Test name="testGetTrustAnchor" result="pass" starttime="Fri Sep 21 16:39:08 CST 2012" endtime="Fri Sep 21 16:39:08 CST 2012" />
            <Test name="testPKIXCertPathValidatorResult01" result="pass" starttime="Fri Sep 21 16:39:08 CST 2012" endtime="Fri Sep 21 16:39:08 CST 2012" />
            <Test name="testPKIXCertPathValidatorResult02" result="pass" starttime="Fri Sep 21 16:39:08 CST 2012" endtime="Fri Sep 21 16:39:08 CST 2012" />
            <Test name="testPKIXCertPathValidatorResult03" result="pass" starttime="Fri Sep 21 16:39:08 CST 2012" endtime="Fri Sep 21 16:39:08 CST 2012" />
            <Test name="testPKIXCertPathValidatorResult04" result="pass" starttime="Fri Sep 21 16:39:08 CST 2012" endtime="Fri Sep 21 16:39:08 CST 2012" />
            <Test name="testToString01" result="pass" starttime="Fri Sep 21 16:39:08 CST 2012" endtime="Fri Sep 21 16:39:08 CST 2012" />
            <Test name="testToString02" result="pass" starttime="Fri Sep 21 16:39:08 CST 2012" endtime="Fri Sep 21 16:39:08 CST 2012" />
          </TestCase>
          <TestCase name="PolicyQualifierInfoTest" priority="">
            <Test name="testGetEncoded01" result="pass" starttime="Fri Sep 21 16:39:08 CST 2012" endtime="Fri Sep 21 16:39:09 CST 2012" />
            <Test name="testGetEncoded02" result="pass" starttime="Fri Sep 21 16:39:09 CST 2012" endtime="Fri Sep 21 16:39:09 CST 2012" />
            <Test name="testGetPolicyQualifier01" result="pass" starttime="Fri Sep 21 16:39:09 CST 2012" endtime="Fri Sep 21 16:39:09 CST 2012" />
            <Test name="testGetPolicyQualifier02" result="pass" starttime="Fri Sep 21 16:39:09 CST 2012" endtime="Fri Sep 21 16:39:09 CST 2012" />
            <Test name="testGetPolicyQualifierId" result="pass" starttime="Fri Sep 21 16:39:09 CST 2012" endtime="Fri Sep 21 16:39:09 CST 2012" />
            <Test name="testPolicyQualifierInfo02" result="pass" starttime="Fri Sep 21 16:39:09 CST 2012" endtime="Fri Sep 21 16:39:09 CST 2012" />
            <Test name="testPolicyQualifierInfo03" result="pass" starttime="Fri Sep 21 16:39:09 CST 2012" endtime="Fri Sep 21 16:39:09 CST 2012" />
            <Test name="testPolicyQualifierInfo04" result="pass" starttime="Fri Sep 21 16:39:09 CST 2012" endtime="Fri Sep 21 16:39:09 CST 2012" />
            <Test name="testToString" result="pass" starttime="Fri Sep 21 16:39:09 CST 2012" endtime="Fri Sep 21 16:39:10 CST 2012" />
            <Test name="test_Ctor" result="pass" starttime="Fri Sep 21 16:39:10 CST 2012" endtime="Fri Sep 21 16:39:10 CST 2012" />
          </TestCase>
          <TestCase name="TrustAnchorTest" priority="">
            <Test name="testGetCA01" result="pass" starttime="Fri Sep 21 16:39:10 CST 2012" endtime="Fri Sep 21 16:39:10 CST 2012" />
            <Test name="testGetCAName01" result="pass" starttime="Fri Sep 21 16:39:10 CST 2012" endtime="Fri Sep 21 16:39:10 CST 2012" />
            <Test name="testGetCAPublicKey01" result="pass" starttime="Fri Sep 21 16:39:10 CST 2012" endtime="Fri Sep 21 16:39:10 CST 2012" />
            <Test name="testGetNameConstraints01" result="pass" starttime="Fri Sep 21 16:39:10 CST 2012" endtime="Fri Sep 21 16:39:10 CST 2012" />
            <Test name="testGetNameConstraints02" result="pass" starttime="Fri Sep 21 16:39:10 CST 2012" endtime="Fri Sep 21 16:39:10 CST 2012" />
            <Test name="testGetTrustedCer02" result="pass" starttime="Fri Sep 21 16:39:10 CST 2012" endtime="Fri Sep 21 16:39:10 CST 2012" />
            <Test name="testToString" result="pass" starttime="Fri Sep 21 16:39:10 CST 2012" endtime="Fri Sep 21 16:39:11 CST 2012" />
            <Test name="testTrustAnchorStringPublicKeybyteArray01" result="pass" starttime="Fri Sep 21 16:39:11 CST 2012" endtime="Fri Sep 21 16:39:11 CST 2012" />
            <Test name="testTrustAnchorStringPublicKeybyteArray02" result="pass" starttime="Fri Sep 21 16:39:11 CST 2012" endtime="Fri Sep 21 16:39:11 CST 2012" />
            <Test name="testTrustAnchorStringPublicKeybyteArray03" result="pass" starttime="Fri Sep 21 16:39:11 CST 2012" endtime="Fri Sep 21 16:39:11 CST 2012" />
            <Test name="testTrustAnchorStringPublicKeybyteArray04" result="pass" starttime="Fri Sep 21 16:39:11 CST 2012" endtime="Fri Sep 21 16:39:11 CST 2012" />
            <Test name="testTrustAnchorX500PrincipalPublicKeybyteArray01" result="pass" starttime="Fri Sep 21 16:39:11 CST 2012" endtime="Fri Sep 21 16:39:11 CST 2012" />
            <Test name="testTrustAnchorX500PrincipalPublicKeybyteArray02" result="pass" starttime="Fri Sep 21 16:39:11 CST 2012" endtime="Fri Sep 21 16:39:11 CST 2012" />
            <Test name="testTrustAnchorX500PrincipalPublicKeybyteArray03" result="pass" starttime="Fri Sep 21 16:39:11 CST 2012" endtime="Fri Sep 21 16:39:11 CST 2012" />
            <Test name="testTrustAnchorX500PrincipalPublicKeybyteArray04" result="pass" starttime="Fri Sep 21 16:39:11 CST 2012" endtime="Fri Sep 21 16:39:11 CST 2012" />
            <Test name="testTrustAnchorX509CertificatebyteArray01" result="pass" starttime="Fri Sep 21 16:39:11 CST 2012" endtime="Fri Sep 21 16:39:12 CST 2012" />
            <Test name="testTrustAnchorX509CertificatebyteArray02" result="pass" starttime="Fri Sep 21 16:39:12 CST 2012" endtime="Fri Sep 21 16:39:12 CST 2012" />
            <Test name="testTrustAnchorX509CertificatebyteArray03" result="pass" starttime="Fri Sep 21 16:39:12 CST 2012" endtime="Fri Sep 21 16:39:12 CST 2012" />
            <Test name="testTrustAnchorX509CertificatebyteArray04" result="pass" starttime="Fri Sep 21 16:39:12 CST 2012" endtime="Fri Sep 21 16:39:12 CST 2012" />
            <Test name="testTrustAnchorX509CertificatebyteArray05" result="pass" starttime="Fri Sep 21 16:39:12 CST 2012" endtime="Fri Sep 21 16:39:12 CST 2012" />
          </TestCase>
          <TestCase name="X509CRL2Test" priority="">
            <Test name="test_X509CRL" result="pass" starttime="Fri Sep 21 16:39:12 CST 2012" endtime="Fri Sep 21 16:39:12 CST 2012" />
            <Test name="test_getExtensionValueLjava_lang_String" result="pass" starttime="Fri Sep 21 16:39:12 CST 2012" endtime="Fri Sep 21 16:39:12 CST 2012" />
          </TestCase>
          <TestCase name="X509CRLEntryTest" priority="">
            <Test name="testAbstractMethods" result="pass" starttime="Fri Sep 21 16:39:12 CST 2012" endtime="Fri Sep 21 16:39:12 CST 2012" />
            <Test name="testEquals" result="pass" starttime="Fri Sep 21 16:39:12 CST 2012" endtime="Fri Sep 21 16:39:12 CST 2012" />
            <Test name="testGetCertificateIssuer" result="pass" starttime="Fri Sep 21 16:39:12 CST 2012" endtime="Fri Sep 21 16:39:12 CST 2012" />
            <Test name="testHashCode" result="pass" starttime="Fri Sep 21 16:39:12 CST 2012" endtime="Fri Sep 21 16:39:13 CST 2012" />
            <Test name="testX509CRLEntry" result="pass" starttime="Fri Sep 21 16:39:13 CST 2012" endtime="Fri Sep 21 16:39:13 CST 2012" />
          </TestCase>
          <TestCase name="X509CRLSelector2Test" priority="">
            <Test name="testAddIssuerLjavax_security_auth_x500_X500Principal02" result="pass" starttime="Fri Sep 21 16:39:13 CST 2012" endtime="Fri Sep 21 16:39:13 CST 2012" />
            <Test name="testAddIssuerName$B" result="pass" starttime="Fri Sep 21 16:39:13 CST 2012" endtime="Fri Sep 21 16:39:13 CST 2012" />
            <Test name="testAddIssuerNameLjava_lang_String03" result="pass" starttime="Fri Sep 21 16:39:13 CST 2012" endtime="Fri Sep 21 16:39:13 CST 2012" />
            <Test name="testClone" result="pass" starttime="Fri Sep 21 16:39:13 CST 2012" endtime="Fri Sep 21 16:39:13 CST 2012" />
            <Test name="testGetCertificateCheckingLjava_X509Certificate" result="pass" starttime="Fri Sep 21 16:39:13 CST 2012" endtime="Fri Sep 21 16:39:13 CST 2012" />
            <Test name="testGetDateAndTime" result="pass" starttime="Fri Sep 21 16:39:13 CST 2012" endtime="Fri Sep 21 16:39:13 CST 2012" />
            <Test name="testGetIssuerNames" result="pass" starttime="Fri Sep 21 16:39:13 CST 2012" endtime="Fri Sep 21 16:39:14 CST 2012" />
            <Test name="testGetIssuers" result="pass" starttime="Fri Sep 21 16:39:14 CST 2012" endtime="Fri Sep 21 16:39:14 CST 2012" />
            <Test name="testGetMaxCRL" result="pass" starttime="Fri Sep 21 16:39:14 CST 2012" endtime="Fri Sep 21 16:39:14 CST 2012" />
            <Test name="testGetMinCRL" result="pass" starttime="Fri Sep 21 16:39:14 CST 2012" endtime="Fri Sep 21 16:39:14 CST 2012" />
            <Test name="testMatchLjava_security_cert_X509CRL" result="pass" starttime="Fri Sep 21 16:39:14 CST 2012" endtime="Fri Sep 21 16:39:14 CST 2012" />
            <Test name="testSetCertificateCheckingLjava_X509Certificate" result="pass" starttime="Fri Sep 21 16:39:14 CST 2012" endtime="Fri Sep 21 16:39:14 CST 2012" />
            <Test name="testSetDateAndTimeLjava_util_Date" result="pass" starttime="Fri Sep 21 16:39:14 CST 2012" endtime="Fri Sep 21 16:39:14 CST 2012" />
            <Test name="testSetIssuerNamesLjava_util_Collection02" result="pass" starttime="Fri Sep 21 16:39:14 CST 2012" endtime="Fri Sep 21 16:39:14 CST 2012" />
            <Test name="testSetIssuersLjava_util_Collection" result="pass" starttime="Fri Sep 21 16:39:14 CST 2012" endtime="Fri Sep 21 16:39:15 CST 2012" />
            <Test name="testSetMaxCRLNumberLjava_math_BigInteger" result="pass" starttime="Fri Sep 21 16:39:15 CST 2012" endtime="Fri Sep 21 16:39:15 CST 2012" />
            <Test name="testSetMinCRLNumberLjava_math_BigInteger" result="pass" starttime="Fri Sep 21 16:39:15 CST 2012" endtime="Fri Sep 21 16:39:15 CST 2012" />
            <Test name="testToString" result="pass" starttime="Fri Sep 21 16:39:15 CST 2012" endtime="Fri Sep 21 16:39:15 CST 2012" />
            <Test name="testX509CRLSelector" result="pass" starttime="Fri Sep 21 16:39:15 CST 2012" endtime="Fri Sep 21 16:39:15 CST 2012" />
          </TestCase>
          <TestCase name="X509CRLSelectorTest" priority="">
            <Test name="test_addIssuerLjavax_security_auth_x500_X500Principal01" result="pass" starttime="Fri Sep 21 16:39:15 CST 2012" endtime="Fri Sep 21 16:39:15 CST 2012" />
            <Test name="test_addIssuerName$B_3" result="pass" starttime="Fri Sep 21 16:39:15 CST 2012" endtime="Fri Sep 21 16:39:15 CST 2012" />
            <Test name="test_addIssuerName$B_4" result="pass" starttime="Fri Sep 21 16:39:15 CST 2012" endtime="Fri Sep 21 16:39:15 CST 2012" />
            <Test name="test_addIssuerNameLjava_lang_String01" result="pass" starttime="Fri Sep 21 16:39:15 CST 2012" endtime="Fri Sep 21 16:39:15 CST 2012" />
            <Test name="test_addIssuerNameLjava_lang_String02" result="pass" starttime="Fri Sep 21 16:39:15 CST 2012" endtime="Fri Sep 21 16:39:16 CST 2012" />
            <Test name="test_setIssuerNamesLjava_util_Collection01" result="pass" starttime="Fri Sep 21 16:39:16 CST 2012" endtime="Fri Sep 21 16:39:16 CST 2012" />
          </TestCase>
          <TestCase name="X509CRLTest" priority="">
            <Test name="testAbstractMethods" result="pass" starttime="Fri Sep 21 16:39:16 CST 2012" endtime="Fri Sep 21 16:39:16 CST 2012" />
            <Test name="testEquals" result="pass" starttime="Fri Sep 21 16:39:16 CST 2012" endtime="Fri Sep 21 16:39:16 CST 2012" />
            <Test name="testGetIssuerX500Principal" result="pass" starttime="Fri Sep 21 16:39:16 CST 2012" endtime="Fri Sep 21 16:39:16 CST 2012" />
            <Test name="testGetRevokedCertificate" result="pass" starttime="Fri Sep 21 16:39:16 CST 2012" endtime="Fri Sep 21 16:39:16 CST 2012" />
            <Test name="testGetType" result="pass" starttime="Fri Sep 21 16:39:16 CST 2012" endtime="Fri Sep 21 16:39:16 CST 2012" />
            <Test name="testHashCode" result="pass" starttime="Fri Sep 21 16:39:16 CST 2012" endtime="Fri Sep 21 16:39:16 CST 2012" />
            <Test name="testX509CRL" result="pass" starttime="Fri Sep 21 16:39:16 CST 2012" endtime="Fri Sep 21 16:39:17 CST 2012" />
          </TestCase>
          <TestCase name="X509CertSelectorTest" priority="">
            <Test name="test_X509CertSelector" result="pass" starttime="Fri Sep 21 16:39:17 CST 2012" endtime="Fri Sep 21 16:39:17 CST 2012" />
            <Test name="test_addPathToNameLintLbyte_array" result="pass" starttime="Fri Sep 21 16:39:17 CST 2012" endtime="Fri Sep 21 16:39:17 CST 2012" />
            <Test name="test_addPathToNameLintLbyte_array2" result="pass" starttime="Fri Sep 21 16:39:17 CST 2012" endtime="Fri Sep 21 16:39:17 CST 2012" />
            <Test name="test_addPathToNameLintLjava_lang_String" result="pass" starttime="Fri Sep 21 16:39:17 CST 2012" endtime="Fri Sep 21 16:39:17 CST 2012" />
            <Test name="test_addPathToNameLintLjava_lang_String2" result="pass" starttime="Fri Sep 21 16:39:17 CST 2012" endtime="Fri Sep 21 16:39:17 CST 2012" />
            <Test name="test_addSubjectAlternativeNameLintLbyte_array" result="pass" starttime="Fri Sep 21 16:39:17 CST 2012" endtime="Fri Sep 21 16:39:17 CST 2012" />
            <Test name="test_addSubjectAlternativeNameLintLbyte_array2" result="pass" starttime="Fri Sep 21 16:39:17 CST 2012" endtime="Fri Sep 21 16:39:17 CST 2012" />
            <Test name="test_addSubjectAlternativeNameLintLjava_lang_String" result="pass" starttime="Fri Sep 21 16:39:17 CST 2012" endtime="Fri Sep 21 16:39:18 CST 2012" />
            <Test name="test_addSubjectAlternativeNameLintLjava_lang_String2" result="pass" starttime="Fri Sep 21 16:39:18 CST 2012" endtime="Fri Sep 21 16:39:18 CST 2012" />
            <Test name="test_clone" result="pass" starttime="Fri Sep 21 16:39:18 CST 2012" endtime="Fri Sep 21 16:39:18 CST 2012" />
            <Test name="test_getAuthorityKeyIdentifier" result="pass" starttime="Fri Sep 21 16:39:18 CST 2012" endtime="Fri Sep 21 16:39:18 CST 2012" />
            <Test name="test_getBasicConstraints" result="pass" starttime="Fri Sep 21 16:39:18 CST 2012" endtime="Fri Sep 21 16:39:18 CST 2012" />
            <Test name="test_getCertificate" result="pass" starttime="Fri Sep 21 16:39:18 CST 2012" endtime="Fri Sep 21 16:39:18 CST 2012" />
            <Test name="test_getCertificateValid" result="pass" starttime="Fri Sep 21 16:39:18 CST 2012" endtime="Fri Sep 21 16:39:18 CST 2012" />
            <Test name="test_getExtendedKeyUsage" result="pass" starttime="Fri Sep 21 16:39:18 CST 2012" endtime="Fri Sep 21 16:39:18 CST 2012" />
            <Test name="test_getIssuer" result="pass" starttime="Fri Sep 21 16:39:18 CST 2012" endtime="Fri Sep 21 16:39:18 CST 2012" />
            <Test name="test_getIssuerAsBytes" result="pass" starttime="Fri Sep 21 16:39:19 CST 2012" endtime="Fri Sep 21 16:39:19 CST 2012" />
            <Test name="test_getIssuerAsString" result="pass" starttime="Fri Sep 21 16:39:19 CST 2012" endtime="Fri Sep 21 16:39:19 CST 2012" />
            <Test name="test_getKeyUsage" result="pass" starttime="Fri Sep 21 16:39:19 CST 2012" endtime="Fri Sep 21 16:39:19 CST 2012" />
            <Test name="test_getMatchAllSubjectAltNames" result="pass" starttime="Fri Sep 21 16:39:19 CST 2012" endtime="Fri Sep 21 16:39:19 CST 2012" />
            <Test name="test_getNameConstraints" result="pass" starttime="Fri Sep 21 16:39:19 CST 2012" endtime="Fri Sep 21 16:39:19 CST 2012" />
            <Test name="test_getPathToNames" result="pass" starttime="Fri Sep 21 16:39:19 CST 2012" endtime="Fri Sep 21 16:39:19 CST 2012" />
            <Test name="test_getPolicy" result="pass" starttime="Fri Sep 21 16:39:19 CST 2012" endtime="Fri Sep 21 16:39:19 CST 2012" />
            <Test name="test_getPrivateKeyValid" result="pass" starttime="Fri Sep 21 16:39:19 CST 2012" endtime="Fri Sep 21 16:39:19 CST 2012" />
            <Test name="test_getSerialNumber" result="pass" starttime="Fri Sep 21 16:39:19 CST 2012" endtime="Fri Sep 21 16:39:20 CST 2012" />
            <Test name="test_getSubject" result="pass" starttime="Fri Sep 21 16:39:20 CST 2012" endtime="Fri Sep 21 16:39:20 CST 2012" />
            <Test name="test_getSubjectAlternativeNames" result="pass" starttime="Fri Sep 21 16:39:20 CST 2012" endtime="Fri Sep 21 16:39:20 CST 2012" />
            <Test name="test_getSubjectAsBytes" result="pass" starttime="Fri Sep 21 16:39:20 CST 2012" endtime="Fri Sep 21 16:39:20 CST 2012" />
            <Test name="test_getSubjectAsString" result="pass" starttime="Fri Sep 21 16:39:20 CST 2012" endtime="Fri Sep 21 16:39:20 CST 2012" />
            <Test name="test_getSubjectKeyIdentifier" result="pass" starttime="Fri Sep 21 16:39:20 CST 2012" endtime="Fri Sep 21 16:39:20 CST 2012" />
            <Test name="test_getSubjectPublicKey" result="pass" starttime="Fri Sep 21 16:39:20 CST 2012" endtime="Fri Sep 21 16:39:20 CST 2012" />
            <Test name="test_getSubjectPublicKeyAlgID" result="pass" starttime="Fri Sep 21 16:39:20 CST 2012" endtime="Fri Sep 21 16:39:20 CST 2012" />
            <Test name="test_matchLjava_security_cert_Certificate" result="pass" starttime="Fri Sep 21 16:39:20 CST 2012" endtime="Fri Sep 21 16:39:21 CST 2012" />
            <Test name="test_setAuthorityKeyIdentifierLB$" result="pass" starttime="Fri Sep 21 16:39:21 CST 2012" endtime="Fri Sep 21 16:39:21 CST 2012" />
            <Test name="test_setBasicConstraintsLint" result="pass" starttime="Fri Sep 21 16:39:21 CST 2012" endtime="Fri Sep 21 16:39:21 CST 2012" />
            <Test name="test_setCertificateLjava_security_cert_X509Certificate" result="pass" starttime="Fri Sep 21 16:39:21 CST 2012" endtime="Fri Sep 21 16:39:21 CST 2012" />
            <Test name="test_setCertificateValidLjava_util_Date" result="pass" starttime="Fri Sep 21 16:39:21 CST 2012" endtime="Fri Sep 21 16:39:21 CST 2012" />
            <Test name="test_setExtendedKeyUsageLjava_util_Set" result="pass" starttime="Fri Sep 21 16:39:21 CST 2012" endtime="Fri Sep 21 16:39:21 CST 2012" />
            <Test name="test_setIssuerLB$" result="pass" starttime="Fri Sep 21 16:39:21 CST 2012" endtime="Fri Sep 21 16:39:21 CST 2012" />
            <Test name="test_setIssuerLjava_lang_String" result="pass" starttime="Fri Sep 21 16:39:21 CST 2012" endtime="Fri Sep 21 16:39:21 CST 2012" />
            <Test name="test_setIssuerLjavax_security_auth_x500_X500Principal" result="pass" starttime="Fri Sep 21 16:39:21 CST 2012" endtime="Fri Sep 21 16:39:21 CST 2012" />
            <Test name="test_setKeyUsageZ" result="pass" starttime="Fri Sep 21 16:39:21 CST 2012" endtime="Fri Sep 21 16:39:22 CST 2012" />
            <Test name="test_setMatchAllSubjectAltNamesZ" result="pass" starttime="Fri Sep 21 16:39:22 CST 2012" endtime="Fri Sep 21 16:39:22 CST 2012" />
            <Test name="test_setNameConstraintsLB$" result="pass" starttime="Fri Sep 21 16:39:22 CST 2012" endtime="Fri Sep 21 16:39:22 CST 2012" />
            <Test name="test_setPathToNamesLjava_util_Collection" result="pass" starttime="Fri Sep 21 16:39:22 CST 2012" endtime="Fri Sep 21 16:39:22 CST 2012" />
            <Test name="test_setPolicyLjava_util_Set" result="pass" starttime="Fri Sep 21 16:39:22 CST 2012" endtime="Fri Sep 21 16:39:22 CST 2012" />
            <Test name="test_setPrivateKeyValidLjava_util_Date" result="pass" starttime="Fri Sep 21 16:39:22 CST 2012" endtime="Fri Sep 21 16:39:22 CST 2012" />
            <Test name="test_setSerialNumberLjava_math_BigInteger" result="pass" starttime="Fri Sep 21 16:39:22 CST 2012" endtime="Fri Sep 21 16:39:22 CST 2012" />
            <Test name="test_setSubjectAlternativeNamesLjava_util_Collection" result="pass" starttime="Fri Sep 21 16:39:22 CST 2012" endtime="Fri Sep 21 16:39:22 CST 2012" />
            <Test name="test_setSubjectKeyIdentifierLB$" result="pass" starttime="Fri Sep 21 16:39:22 CST 2012" endtime="Fri Sep 21 16:39:23 CST 2012" />
            <Test name="test_setSubjectLB$" result="pass" starttime="Fri Sep 21 16:39:23 CST 2012" endtime="Fri Sep 21 16:39:23 CST 2012" />
            <Test name="test_setSubjectLjava_lang_String" result="pass" starttime="Fri Sep 21 16:39:23 CST 2012" endtime="Fri Sep 21 16:39:23 CST 2012" />
            <Test name="test_setSubjectLjavax_security_auth_x500_X500Principal" result="pass" starttime="Fri Sep 21 16:39:23 CST 2012" endtime="Fri Sep 21 16:39:23 CST 2012" />
            <Test name="test_setSubjectPublicKeyAlgIDLjava_lang_String" result="pass" starttime="Fri Sep 21 16:39:23 CST 2012" endtime="Fri Sep 21 16:39:23 CST 2012" />
            <Test name="test_setSubjectPublicKeyLB$" result="pass" starttime="Fri Sep 21 16:39:23 CST 2012" endtime="Fri Sep 21 16:39:23 CST 2012" />
            <Test name="test_setSubjectPublicKeyLjava_security_PublicKey" result="pass" starttime="Fri Sep 21 16:39:23 CST 2012" endtime="Fri Sep 21 16:39:23 CST 2012" />
            <Test name="test_toString" result="pass" starttime="Fri Sep 21 16:39:23 CST 2012" endtime="Fri Sep 21 16:39:23 CST 2012" />
          </TestCase>
          <TestCase name="X509Certificate2Test" priority="">
            <Test name="testAbstractMethods" result="pass" starttime="Fri Sep 21 16:39:23 CST 2012" endtime="Fri Sep 21 16:39:23 CST 2012" />
            <Test name="testCerficateException" result="pass" starttime="Fri Sep 21 16:39:23 CST 2012" endtime="Fri Sep 21 16:39:24 CST 2012" />
            <Test name="testGetExtendedKeyUsage" result="pass" starttime="Fri Sep 21 16:39:24 CST 2012" endtime="Fri Sep 21 16:39:24 CST 2012" />
            <Test name="testGetIssuerAlternativeNames" result="pass" starttime="Fri Sep 21 16:39:24 CST 2012" endtime="Fri Sep 21 16:39:24 CST 2012" />
            <Test name="testGetIssuerX500Principal" result="pass" starttime="Fri Sep 21 16:39:24 CST 2012" endtime="Fri Sep 21 16:39:24 CST 2012" />
            <Test name="testGetSubjectAlternativeNames" result="pass" starttime="Fri Sep 21 16:39:24 CST 2012" endtime="Fri Sep 21 16:39:24 CST 2012" />
            <Test name="testGetSubjectX500Principal" result="pass" starttime="Fri Sep 21 16:39:24 CST 2012" endtime="Fri Sep 21 16:39:24 CST 2012" />
            <Test name="testGetType" result="pass" starttime="Fri Sep 21 16:39:24 CST 2012" endtime="Fri Sep 21 16:39:24 CST 2012" />
            <Test name="test_X509Certificate" result="pass" starttime="Fri Sep 21 16:39:24 CST 2012" endtime="Fri Sep 21 16:39:24 CST 2012" />
            <Test name="test_toString" result="pass" starttime="Fri Sep 21 16:39:24 CST 2012" endtime="Fri Sep 21 16:39:24 CST 2012" />
          </TestCase>
        </TestSuite>
        <TestSuite name="interfaces">
          <TestCase name="DSAKeyPairGeneratorTest" priority="">
            <Test name="test_DSAKeyPairGenerator01" result="pass" starttime="Fri Sep 21 16:39:24 CST 2012" endtime="Fri Sep 21 16:39:24 CST 2012" />
            <Test name="test_DSAKeyPairGenerator02" result="pass" starttime="Fri Sep 21 16:39:24 CST 2012" endtime="Fri Sep 21 16:39:25 CST 2012" />
          </TestCase>
          <TestCase name="DSAKeyTest" priority="">
            <Test name="test_getParams" result="pass" starttime="Fri Sep 21 16:39:25 CST 2012" endtime="Fri Sep 21 16:39:25 CST 2012" />
          </TestCase>
          <TestCase name="DSAParamsTest" priority="">
            <Test name="test_getG" result="pass" starttime="Fri Sep 21 16:39:25 CST 2012" endtime="Fri Sep 21 16:39:25 CST 2012" />
            <Test name="test_getP" result="pass" starttime="Fri Sep 21 16:39:25 CST 2012" endtime="Fri Sep 21 16:39:25 CST 2012" />
            <Test name="test_getQ" result="pass" starttime="Fri Sep 21 16:39:25 CST 2012" endtime="Fri Sep 21 16:39:25 CST 2012" />
          </TestCase>
          <TestCase name="DSAPrivateKeyTest" priority="">
            <Test name="test_getX" result="pass" starttime="Fri Sep 21 16:39:25 CST 2012" endtime="Fri Sep 21 16:39:25 CST 2012" />
          </TestCase>
          <TestCase name="DSAPublicKeyTest" priority="">
            <Test name="test_getY" result="pass" starttime="Fri Sep 21 16:39:25 CST 2012" endtime="Fri Sep 21 16:39:27 CST 2012" />
          </TestCase>
          <TestCase name="RSAKeyTest" priority="">
            <Test name="test_getModulus" result="pass" starttime="Fri Sep 21 16:39:27 CST 2012" endtime="Fri Sep 21 16:39:27 CST 2012" />
          </TestCase>
          <TestCase name="RSAMultiPrimePrivateCrtKeyTest" priority="">
            <Test name="test_RSAMultiPrimePrivateCrtKey" result="pass" starttime="Fri Sep 21 16:39:27 CST 2012" endtime="Fri Sep 21 16:39:27 CST 2012" />
            <Test name="test_getOtherPrimeInfo" result="pass" starttime="Fri Sep 21 16:39:27 CST 2012" endtime="Fri Sep 21 16:39:27 CST 2012" />
          </TestCase>
          <TestCase name="RSAPrivateCrtKeyTest" priority="">
            <Test name="test_getCrtCoefficient" result="pass" starttime="Fri Sep 21 16:39:27 CST 2012" endtime="Fri Sep 21 16:39:27 CST 2012" />
            <Test name="test_getPrimeExponentP" result="pass" starttime="Fri Sep 21 16:39:27 CST 2012" endtime="Fri Sep 21 16:39:27 CST 2012" />
            <Test name="test_getPrimeExponentQ" result="pass" starttime="Fri Sep 21 16:39:27 CST 2012" endtime="Fri Sep 21 16:39:27 CST 2012" />
            <Test name="test_getPrimeP" result="pass" starttime="Fri Sep 21 16:39:27 CST 2012" endtime="Fri Sep 21 16:39:28 CST 2012" />
            <Test name="test_getPrimeQ" result="pass" starttime="Fri Sep 21 16:39:28 CST 2012" endtime="Fri Sep 21 16:39:28 CST 2012" />
            <Test name="test_getPublicExponent" result="pass" starttime="Fri Sep 21 16:39:28 CST 2012" endtime="Fri Sep 21 16:39:28 CST 2012" />
          </TestCase>
          <TestCase name="RSAPrivateKeyTest" priority="">
            <Test name="test_getPrivateExponent" result="pass" starttime="Fri Sep 21 16:39:28 CST 2012" endtime="Fri Sep 21 16:39:28 CST 2012" />
          </TestCase>
          <TestCase name="RSAPublicKeyTest" priority="">
            <Test name="test_getPublicExponent" result="pass" starttime="Fri Sep 21 16:39:28 CST 2012" endtime="Fri Sep 21 16:39:28 CST 2012" />
          </TestCase>
        </TestSuite>
        <TestSuite name="spec">
          <TestCase name="DSAParameterSpecTest" priority="">
            <Test name="testDSAParameterSpec" result="pass" starttime="Fri Sep 21 16:39:28 CST 2012" endtime="Fri Sep 21 16:39:28 CST 2012" />
            <Test name="testGetG" result="pass" starttime="Fri Sep 21 16:39:28 CST 2012" endtime="Fri Sep 21 16:39:28 CST 2012" />
            <Test name="testGetP" result="pass" starttime="Fri Sep 21 16:39:28 CST 2012" endtime="Fri Sep 21 16:39:29 CST 2012" />
            <Test name="testGetQ" result="pass" starttime="Fri Sep 21 16:39:29 CST 2012" endtime="Fri Sep 21 16:39:29 CST 2012" />
          </TestCase>
          <TestCase name="DSAPrivateKeySpecTest" priority="">
            <Test name="testDSAPrivateKeySpec" result="pass" starttime="Fri Sep 21 16:39:29 CST 2012" endtime="Fri Sep 21 16:39:29 CST 2012" />
            <Test name="testGetG" result="pass" starttime="Fri Sep 21 16:39:29 CST 2012" endtime="Fri Sep 21 16:39:29 CST 2012" />
            <Test name="testGetP" result="pass" starttime="Fri Sep 21 16:39:29 CST 2012" endtime="Fri Sep 21 16:39:29 CST 2012" />
            <Test name="testGetQ" result="pass" starttime="Fri Sep 21 16:39:29 CST 2012" endtime="Fri Sep 21 16:39:29 CST 2012" />
            <Test name="testGetX" result="pass" starttime="Fri Sep 21 16:39:29 CST 2012" endtime="Fri Sep 21 16:39:29 CST 2012" />
          </TestCase>
          <TestCase name="DSAPublicKeySpecTest" priority="">
            <Test name="testDSAPublicKeySpec" result="pass" starttime="Fri Sep 21 16:39:29 CST 2012" endtime="Fri Sep 21 16:39:29 CST 2012" />
            <Test name="testGetG" result="pass" starttime="Fri Sep 21 16:39:29 CST 2012" endtime="Fri Sep 21 16:39:30 CST 2012" />
            <Test name="testGetP" result="pass" starttime="Fri Sep 21 16:39:30 CST 2012" endtime="Fri Sep 21 16:39:30 CST 2012" />
            <Test name="testGetQ" result="pass" starttime="Fri Sep 21 16:39:30 CST 2012" endtime="Fri Sep 21 16:39:30 CST 2012" />
            <Test name="testGetY" result="pass" starttime="Fri Sep 21 16:39:30 CST 2012" endtime="Fri Sep 21 16:39:30 CST 2012" />
          </TestCase>
          <TestCase name="ECFieldF2mTest" priority="">
            <Test name="testECFieldF2mint" result="pass" starttime="Fri Sep 21 16:39:30 CST 2012" endtime="Fri Sep 21 16:39:30 CST 2012" />
            <Test name="testECFieldF2mintBigInteger" result="pass" starttime="Fri Sep 21 16:39:30 CST 2012" endtime="Fri Sep 21 16:39:30 CST 2012" />
            <Test name="testECFieldF2mintintArray" result="pass" starttime="Fri Sep 21 16:39:30 CST 2012" endtime="Fri Sep 21 16:39:30 CST 2012" />
            <Test name="testEqualsObject01" result="pass" starttime="Fri Sep 21 16:39:30 CST 2012" endtime="Fri Sep 21 16:39:30 CST 2012" />
            <Test name="testEqualsObject02" result="pass" starttime="Fri Sep 21 16:39:30 CST 2012" endtime="Fri Sep 21 16:39:31 CST 2012" />
            <Test name="testEqualsObject03" result="pass" starttime="Fri Sep 21 16:39:31 CST 2012" endtime="Fri Sep 21 16:39:31 CST 2012" />
            <Test name="testEqualsObject04" result="pass" starttime="Fri Sep 21 16:39:31 CST 2012" endtime="Fri Sep 21 16:39:31 CST 2012" />
            <Test name="testEqualsObject05" result="pass" starttime="Fri Sep 21 16:39:31 CST 2012" endtime="Fri Sep 21 16:39:31 CST 2012" />
            <Test name="testEqualsObject06" result="pass" starttime="Fri Sep 21 16:39:31 CST 2012" endtime="Fri Sep 21 16:39:31 CST 2012" />
            <Test name="testEqualsObject07" result="pass" starttime="Fri Sep 21 16:39:31 CST 2012" endtime="Fri Sep 21 16:39:31 CST 2012" />
            <Test name="testGetFieldSize" result="pass" starttime="Fri Sep 21 16:39:31 CST 2012" endtime="Fri Sep 21 16:39:31 CST 2012" />
            <Test name="testGetM" result="pass" starttime="Fri Sep 21 16:39:31 CST 2012" endtime="Fri Sep 21 16:39:31 CST 2012" />
            <Test name="testGetMidTermsOfReductionPolynomial01" result="pass" starttime="Fri Sep 21 16:39:31 CST 2012" endtime="Fri Sep 21 16:39:31 CST 2012" />
            <Test name="testGetMidTermsOfReductionPolynomial02" result="pass" starttime="Fri Sep 21 16:39:31 CST 2012" endtime="Fri Sep 21 16:39:32 CST 2012" />
            <Test name="testGetMidTermsOfReductionPolynomial03" result="pass" starttime="Fri Sep 21 16:39:32 CST 2012" endtime="Fri Sep 21 16:39:32 CST 2012" />
            <Test name="testGetReductionPolynomial01" result="pass" starttime="Fri Sep 21 16:39:32 CST 2012" endtime="Fri Sep 21 16:39:32 CST 2012" />
            <Test name="testGetReductionPolynomial02" result="pass" starttime="Fri Sep 21 16:39:32 CST 2012" endtime="Fri Sep 21 16:39:32 CST 2012" />
            <Test name="testHashCode01" result="pass" starttime="Fri Sep 21 16:39:32 CST 2012" endtime="Fri Sep 21 16:39:32 CST 2012" />
            <Test name="testHashCode02" result="pass" starttime="Fri Sep 21 16:39:32 CST 2012" endtime="Fri Sep 21 16:39:32 CST 2012" />
            <Test name="testHashCode03" result="pass" starttime="Fri Sep 21 16:39:32 CST 2012" endtime="Fri Sep 21 16:39:32 CST 2012" />
            <Test name="testHashCode04" result="pass" starttime="Fri Sep 21 16:39:32 CST 2012" endtime="Fri Sep 21 16:39:32 CST 2012" />
            <Test name="testHashCode05" result="pass" starttime="Fri Sep 21 16:39:32 CST 2012" endtime="Fri Sep 21 16:39:33 CST 2012" />
            <Test name="testIsStatePreserved01" result="pass" starttime="Fri Sep 21 16:39:33 CST 2012" endtime="Fri Sep 21 16:39:33 CST 2012" />
            <Test name="testIsStatePreserved02" result="pass" starttime="Fri Sep 21 16:39:33 CST 2012" endtime="Fri Sep 21 16:39:33 CST 2012" />
          </TestCase>
          <TestCase name="ECFieldFpTest" priority="">
            <Test name="testECFieldFp01" result="pass" starttime="Fri Sep 21 16:39:33 CST 2012" endtime="Fri Sep 21 16:39:33 CST 2012" />
            <Test name="testECFieldFp02" result="pass" starttime="Fri Sep 21 16:39:33 CST 2012" endtime="Fri Sep 21 16:39:33 CST 2012" />
            <Test name="testECFieldFp03" result="pass" starttime="Fri Sep 21 16:39:33 CST 2012" endtime="Fri Sep 21 16:39:33 CST 2012" />
            <Test name="testECFieldFp04" result="pass" starttime="Fri Sep 21 16:39:33 CST 2012" endtime="Fri Sep 21 16:39:33 CST 2012" />
            <Test name="testECFieldFp05" result="pass" starttime="Fri Sep 21 16:39:33 CST 2012" endtime="Fri Sep 21 16:39:33 CST 2012" />
            <Test name="testEqualsObject01" result="pass" starttime="Fri Sep 21 16:39:33 CST 2012" endtime="Fri Sep 21 16:39:34 CST 2012" />
            <Test name="testEqualsObject02" result="pass" starttime="Fri Sep 21 16:39:34 CST 2012" endtime="Fri Sep 21 16:39:34 CST 2012" />
            <Test name="testEqualsObject03" result="pass" starttime="Fri Sep 21 16:39:34 CST 2012" endtime="Fri Sep 21 16:39:34 CST 2012" />
            <Test name="testEqualsObject04" result="pass" starttime="Fri Sep 21 16:39:34 CST 2012" endtime="Fri Sep 21 16:39:34 CST 2012" />
            <Test name="testGetFieldSize" result="pass" starttime="Fri Sep 21 16:39:34 CST 2012" endtime="Fri Sep 21 16:39:34 CST 2012" />
            <Test name="testGetP" result="pass" starttime="Fri Sep 21 16:39:34 CST 2012" endtime="Fri Sep 21 16:39:34 CST 2012" />
            <Test name="testHashCode01" result="pass" starttime="Fri Sep 21 16:39:34 CST 2012" endtime="Fri Sep 21 16:39:34 CST 2012" />
            <Test name="testHashCode02" result="pass" starttime="Fri Sep 21 16:39:34 CST 2012" endtime="Fri Sep 21 16:39:34 CST 2012" />
          </TestCase>
          <TestCase name="ECGenParameterSpecTest" priority="">
            <Test name="testECGenParameterSpec01" result="pass" starttime="Fri Sep 21 16:39:34 CST 2012" endtime="Fri Sep 21 16:39:35 CST 2012" />
            <Test name="testECGenParameterSpec02" result="pass" starttime="Fri Sep 21 16:39:35 CST 2012" endtime="Fri Sep 21 16:39:35 CST 2012" />
            <Test name="testGetName" result="pass" starttime="Fri Sep 21 16:39:35 CST 2012" endtime="Fri Sep 21 16:39:35 CST 2012" />
          </TestCase>
          <TestCase name="ECParameterSpecTest" priority="">
            <Test name="test_GetCofactor" result="pass" starttime="Fri Sep 21 16:39:35 CST 2012" endtime="Fri Sep 21 16:39:35 CST 2012" />
            <Test name="test_GetCurve" result="pass" starttime="Fri Sep 21 16:39:35 CST 2012" endtime="Fri Sep 21 16:39:35 CST 2012" />
            <Test name="test_GetGenerator" result="pass" starttime="Fri Sep 21 16:39:35 CST 2012" endtime="Fri Sep 21 16:39:35 CST 2012" />
            <Test name="test_GetOrder" result="pass" starttime="Fri Sep 21 16:39:35 CST 2012" endtime="Fri Sep 21 16:39:35 CST 2012" />
            <Test name="test_constructorLjava_security_spec_EllipticCurveLjava_security_spec_ECPointLjava_math_BigIntegerI" result="pass" starttime="Fri Sep 21 16:39:35 CST 2012" endtime="Fri Sep 21 16:39:35 CST 2012" />
          </TestCase>
          <TestCase name="ECPointTest" priority="">
            <Test name="testECPoint01" result="pass" starttime="Fri Sep 21 16:39:35 CST 2012" endtime="Fri Sep 21 16:39:36 CST 2012" />
            <Test name="testECPoint02" result="pass" starttime="Fri Sep 21 16:39:36 CST 2012" endtime="Fri Sep 21 16:39:36 CST 2012" />
            <Test name="testEqualsObject01" result="pass" starttime="Fri Sep 21 16:39:36 CST 2012" endtime="Fri Sep 21 16:39:36 CST 2012" />
            <Test name="testEqualsObject02" result="pass" starttime="Fri Sep 21 16:39:36 CST 2012" endtime="Fri Sep 21 16:39:36 CST 2012" />
            <Test name="testGetAffineX01" result="pass" starttime="Fri Sep 21 16:39:36 CST 2012" endtime="Fri Sep 21 16:39:36 CST 2012" />
            <Test name="testGetAffineX02" result="pass" starttime="Fri Sep 21 16:39:36 CST 2012" endtime="Fri Sep 21 16:39:36 CST 2012" />
            <Test name="testGetAffineY01" result="pass" starttime="Fri Sep 21 16:39:36 CST 2012" endtime="Fri Sep 21 16:39:36 CST 2012" />
            <Test name="testGetAffineY02" result="pass" starttime="Fri Sep 21 16:39:36 CST 2012" endtime="Fri Sep 21 16:39:36 CST 2012" />
            <Test name="testHashCode01" result="pass" starttime="Fri Sep 21 16:39:36 CST 2012" endtime="Fri Sep 21 16:39:36 CST 2012" />
            <Test name="testHashCode02" result="pass" starttime="Fri Sep 21 16:39:36 CST 2012" endtime="Fri Sep 21 16:39:37 CST 2012" />
          </TestCase>
          <TestCase name="ECPrivateKeySpecTest" priority="">
            <Test name="test_GetParams" result="pass" starttime="Fri Sep 21 16:39:37 CST 2012" endtime="Fri Sep 21 16:39:37 CST 2012" />
            <Test name="test_GetS" result="pass" starttime="Fri Sep 21 16:39:37 CST 2012" endtime="Fri Sep 21 16:39:37 CST 2012" />
            <Test name="test_constructorLjava_math_BigIntegerLjava_security_spec_ECParameterSpec" result="pass" starttime="Fri Sep 21 16:39:37 CST 2012" endtime="Fri Sep 21 16:39:37 CST 2012" />
          </TestCase>
          <TestCase name="ECPublicKeySpecTest" priority="">
            <Test name="testGetParams" result="pass" starttime="Fri Sep 21 16:39:37 CST 2012" endtime="Fri Sep 21 16:39:37 CST 2012" />
            <Test name="testGetW" result="pass" starttime="Fri Sep 21 16:39:37 CST 2012" endtime="Fri Sep 21 16:39:37 CST 2012" />
            <Test name="test_constructorLjava_security_spec_ECPointLjava_security_spec_ECParameterSpec" result="pass" starttime="Fri Sep 21 16:39:37 CST 2012" endtime="Fri Sep 21 16:39:37 CST 2012" />
          </TestCase>
          <TestCase name="EllipticCurveTest" priority="">
            <Test name="testEllipticCurveECFieldBigIntegerBigInteger01" result="pass" starttime="Fri Sep 21 16:39:37 CST 2012" endtime="Fri Sep 21 16:39:37 CST 2012" />
            <Test name="testEllipticCurveECFieldBigIntegerBigInteger02" result="pass" starttime="Fri Sep 21 16:39:37 CST 2012" endtime="Fri Sep 21 16:39:38 CST 2012" />
            <Test name="testEllipticCurveECFieldBigIntegerBigInteger03" result="pass" starttime="Fri Sep 21 16:39:38 CST 2012" endtime="Fri Sep 21 16:39:38 CST 2012" />
            <Test name="testEllipticCurveECFieldBigIntegerBigInteger04" result="pass" starttime="Fri Sep 21 16:39:38 CST 2012" endtime="Fri Sep 21 16:39:38 CST 2012" />
            <Test name="testEllipticCurveECFieldBigIntegerBigInteger05" result="pass" starttime="Fri Sep 21 16:39:38 CST 2012" endtime="Fri Sep 21 16:39:38 CST 2012" />
            <Test name="testEllipticCurveECFieldBigIntegerBigIntegerbyteArray01" result="pass" starttime="Fri Sep 21 16:39:38 CST 2012" endtime="Fri Sep 21 16:39:38 CST 2012" />
            <Test name="testEllipticCurveECFieldBigIntegerBigIntegerbyteArray02" result="pass" starttime="Fri Sep 21 16:39:38 CST 2012" endtime="Fri Sep 21 16:39:38 CST 2012" />
            <Test name="testEllipticCurveECFieldBigIntegerBigIntegerbyteArray03" result="pass" starttime="Fri Sep 21 16:39:38 CST 2012" endtime="Fri Sep 21 16:39:38 CST 2012" />
            <Test name="testEllipticCurveECFieldBigIntegerBigIntegerbyteArray04" result="pass" starttime="Fri Sep 21 16:39:38 CST 2012" endtime="Fri Sep 21 16:39:38 CST 2012" />
            <Test name="testEllipticCurveECFieldBigIntegerBigIntegerbyteArray05" result="pass" starttime="Fri Sep 21 16:39:38 CST 2012" endtime="Fri Sep 21 16:39:39 CST 2012" />
            <Test name="testEqualsObject01" result="pass" starttime="Fri Sep 21 16:39:39 CST 2012" endtime="Fri Sep 21 16:39:39 CST 2012" />
            <Test name="testGetA" result="pass" starttime="Fri Sep 21 16:39:39 CST 2012" endtime="Fri Sep 21 16:39:39 CST 2012" />
            <Test name="testGetB" result="pass" starttime="Fri Sep 21 16:39:39 CST 2012" endtime="Fri Sep 21 16:39:39 CST 2012" />
            <Test name="testGetField" result="pass" starttime="Fri Sep 21 16:39:39 CST 2012" endtime="Fri Sep 21 16:39:39 CST 2012" />
            <Test name="testGetSeed01" result="pass" starttime="Fri Sep 21 16:39:39 CST 2012" endtime="Fri Sep 21 16:39:39 CST 2012" />
            <Test name="testGetSeed02" result="pass" starttime="Fri Sep 21 16:39:39 CST 2012" endtime="Fri Sep 21 16:39:39 CST 2012" />
            <Test name="testGetSeed03" result="pass" starttime="Fri Sep 21 16:39:39 CST 2012" endtime="Fri Sep 21 16:39:39 CST 2012" />
            <Test name="testGetSeed04" result="pass" starttime="Fri Sep 21 16:39:39 CST 2012" endtime="Fri Sep 21 16:39:40 CST 2012" />
            <Test name="testHashCode01" result="pass" starttime="Fri Sep 21 16:39:40 CST 2012" endtime="Fri Sep 21 16:39:40 CST 2012" />
            <Test name="testHashCode02" result="pass" starttime="Fri Sep 21 16:39:40 CST 2012" endtime="Fri Sep 21 16:39:40 CST 2012" />
          </TestCase>
          <TestCase name="EncodedKeySpec2Test" priority="">
            <Test name="test_getEncoded" result="pass" starttime="Fri Sep 21 16:39:40 CST 2012" endtime="Fri Sep 21 16:39:41 CST 2012" />
          </TestCase>
          <TestCase name="EncodedKeySpecTest" priority="">
            <Test name="testEncodedKeySpec" result="pass" starttime="Fri Sep 21 16:39:41 CST 2012" endtime="Fri Sep 21 16:39:41 CST 2012" />
            <Test name="testGetEncoded" result="pass" starttime="Fri Sep 21 16:39:41 CST 2012" endtime="Fri Sep 21 16:39:41 CST 2012" />
            <Test name="testIsStatePreserved1" result="pass" starttime="Fri Sep 21 16:39:41 CST 2012" endtime="Fri Sep 21 16:39:41 CST 2012" />
            <Test name="testIsStatePreserved2" result="pass" starttime="Fri Sep 21 16:39:41 CST 2012" endtime="Fri Sep 21 16:39:41 CST 2012" />
          </TestCase>
          <TestCase name="InvalidKeySpecExceptionTest" priority="">
            <Test name="testInvalidKeySpecException01" result="pass" starttime="Fri Sep 21 16:39:41 CST 2012" endtime="Fri Sep 21 16:39:41 CST 2012" />
            <Test name="testInvalidKeySpecException02" result="pass" starttime="Fri Sep 21 16:39:41 CST 2012" endtime="Fri Sep 21 16:39:42 CST 2012" />
            <Test name="testInvalidKeySpecException03" result="pass" starttime="Fri Sep 21 16:39:42 CST 2012" endtime="Fri Sep 21 16:39:42 CST 2012" />
            <Test name="testInvalidKeySpecException04" result="pass" starttime="Fri Sep 21 16:39:42 CST 2012" endtime="Fri Sep 21 16:39:42 CST 2012" />
            <Test name="testInvalidKeySpecException05" result="pass" starttime="Fri Sep 21 16:39:42 CST 2012" endtime="Fri Sep 21 16:39:42 CST 2012" />
            <Test name="testInvalidKeySpecException06" result="pass" starttime="Fri Sep 21 16:39:42 CST 2012" endtime="Fri Sep 21 16:39:42 CST 2012" />
            <Test name="testInvalidKeySpecException07" result="pass" starttime="Fri Sep 21 16:39:42 CST 2012" endtime="Fri Sep 21 16:39:42 CST 2012" />
            <Test name="testInvalidKeySpecException08" result="pass" starttime="Fri Sep 21 16:39:42 CST 2012" endtime="Fri Sep 21 16:39:42 CST 2012" />
            <Test name="testInvalidKeySpecException09" result="pass" starttime="Fri Sep 21 16:39:42 CST 2012" endtime="Fri Sep 21 16:39:42 CST 2012" />
          </TestCase>
          <TestCase name="InvalidParameterSpecExceptionTest" priority="">
            <Test name="testInvalidParameterSpecException01" result="pass" starttime="Fri Sep 21 16:39:42 CST 2012" endtime="Fri Sep 21 16:39:42 CST 2012" />
            <Test name="testInvalidParameterSpecException02" result="pass" starttime="Fri Sep 21 16:39:42 CST 2012" endtime="Fri Sep 21 16:39:42 CST 2012" />
            <Test name="testInvalidParameterSpecException03" result="pass" starttime="Fri Sep 21 16:39:42 CST 2012" endtime="Fri Sep 21 16:39:43 CST 2012" />
          </TestCase>
          <TestCase name="MGF1ParameterSpecTest" priority="">
            <Test name="testFieldsGetDigestAlgorithm" result="pass" starttime="Fri Sep 21 16:39:43 CST 2012" endtime="Fri Sep 21 16:39:43 CST 2012" />
            <Test name="testGetDigestAlgorithm" result="pass" starttime="Fri Sep 21 16:39:43 CST 2012" endtime="Fri Sep 21 16:39:43 CST 2012" />
            <Test name="testMGF1ParameterSpec01" result="pass" starttime="Fri Sep 21 16:39:43 CST 2012" endtime="Fri Sep 21 16:39:43 CST 2012" />
            <Test name="testMGF1ParameterSpec02" result="pass" starttime="Fri Sep 21 16:39:43 CST 2012" endtime="Fri Sep 21 16:39:43 CST 2012" />
          </TestCase>
          <TestCase name="PKCS8EncodedKeySpecTest" priority="">
            <Test name="testGetEncoded" result="pass" starttime="Fri Sep 21 16:39:43 CST 2012" endtime="Fri Sep 21 16:39:43 CST 2012" />
            <Test name="testGetFormat" result="pass" starttime="Fri Sep 21 16:39:43 CST 2012" endtime="Fri Sep 21 16:39:43 CST 2012" />
            <Test name="testIsStatePreserved1" result="pass" starttime="Fri Sep 21 16:39:43 CST 2012" endtime="Fri Sep 21 16:39:43 CST 2012" />
            <Test name="testIsStatePreserved2" result="pass" starttime="Fri Sep 21 16:39:43 CST 2012" endtime="Fri Sep 21 16:39:43 CST 2012" />
            <Test name="testPKCS8EncodedKeySpec" result="pass" starttime="Fri Sep 21 16:39:43 CST 2012" endtime="Fri Sep 21 16:39:43 CST 2012" />
          </TestCase>
          <TestCase name="PSSParameterSpecTest" priority="">
            <Test name="testDEFAULTmdName" result="pass" starttime="Fri Sep 21 16:39:43 CST 2012" endtime="Fri Sep 21 16:39:44 CST 2012" />
            <Test name="testDEFAULTmgfName" result="pass" starttime="Fri Sep 21 16:39:44 CST 2012" endtime="Fri Sep 21 16:39:44 CST 2012" />
            <Test name="testDEFAULTmgfSpec" result="pass" starttime="Fri Sep 21 16:39:44 CST 2012" endtime="Fri Sep 21 16:39:44 CST 2012" />
            <Test name="testDEFAULTsaltLen" result="pass" starttime="Fri Sep 21 16:39:44 CST 2012" endtime="Fri Sep 21 16:39:44 CST 2012" />
            <Test name="testDEFAULTtrailerField" result="pass" starttime="Fri Sep 21 16:39:44 CST 2012" endtime="Fri Sep 21 16:39:44 CST 2012" />
            <Test name="testGetDigestAlgorithm" result="pass" starttime="Fri Sep 21 16:39:44 CST 2012" endtime="Fri Sep 21 16:39:44 CST 2012" />
            <Test name="testGetMGFAlgorithm" result="pass" starttime="Fri Sep 21 16:39:44 CST 2012" endtime="Fri Sep 21 16:39:44 CST 2012" />
            <Test name="testGetMGFParameters01" result="pass" starttime="Fri Sep 21 16:39:44 CST 2012" endtime="Fri Sep 21 16:39:44 CST 2012" />
            <Test name="testGetMGFParameters02" result="pass" starttime="Fri Sep 21 16:39:44 CST 2012" endtime="Fri Sep 21 16:39:44 CST 2012" />
            <Test name="testGetSaltLength" result="pass" starttime="Fri Sep 21 16:39:44 CST 2012" endtime="Fri Sep 21 16:39:45 CST 2012" />
            <Test name="testGetTrailerField" result="pass" starttime="Fri Sep 21 16:39:45 CST 2012" endtime="Fri Sep 21 16:39:45 CST 2012" />
            <Test name="testPSSParameterSpec0101" result="pass" starttime="Fri Sep 21 16:39:45 CST 2012" endtime="Fri Sep 21 16:39:45 CST 2012" />
            <Test name="testPSSParameterSpec0102" result="pass" starttime="Fri Sep 21 16:39:45 CST 2012" endtime="Fri Sep 21 16:39:45 CST 2012" />
            <Test name="testPSSParameterSpec0201" result="pass" starttime="Fri Sep 21 16:39:45 CST 2012" endtime="Fri Sep 21 16:39:45 CST 2012" />
            <Test name="testPSSParameterSpec0202" result="pass" starttime="Fri Sep 21 16:39:45 CST 2012" endtime="Fri Sep 21 16:39:45 CST 2012" />
            <Test name="testPSSParameterSpec0203" result="pass" starttime="Fri Sep 21 16:39:45 CST 2012" endtime="Fri Sep 21 16:39:45 CST 2012" />
            <Test name="testPSSParameterSpec0204" result="pass" starttime="Fri Sep 21 16:39:45 CST 2012" endtime="Fri Sep 21 16:39:45 CST 2012" />
            <Test name="testPSSParameterSpec0205" result="pass" starttime="Fri Sep 21 16:39:45 CST 2012" endtime="Fri Sep 21 16:39:46 CST 2012" />
            <Test name="testPSSParameterSpec0206" result="pass" starttime="Fri Sep 21 16:39:46 CST 2012" endtime="Fri Sep 21 16:39:46 CST 2012" />
          </TestCase>
          <TestCase name="RSAKeyGenParameterSpecTest" priority="">
            <Test name="testF0Value" result="pass" starttime="Fri Sep 21 16:39:46 CST 2012" endtime="Fri Sep 21 16:39:46 CST 2012" />
            <Test name="testF4Value" result="pass" starttime="Fri Sep 21 16:39:46 CST 2012" endtime="Fri Sep 21 16:39:46 CST 2012" />
            <Test name="testGetKeysize" result="pass" starttime="Fri Sep 21 16:39:46 CST 2012" endtime="Fri Sep 21 16:39:46 CST 2012" />
            <Test name="testGetPublicExponent" result="pass" starttime="Fri Sep 21 16:39:46 CST 2012" endtime="Fri Sep 21 16:39:46 CST 2012" />
            <Test name="testRSAKeyGenParameterSpec" result="pass" starttime="Fri Sep 21 16:39:46 CST 2012" endtime="Fri Sep 21 16:39:46 CST 2012" />
          </TestCase>
          <TestCase name="RSAMultiPrimePrivateCrtKeySpecTest" priority="">
            <Test name="testGetCrtCoefficient" result="pass" starttime="Fri Sep 21 16:39:46 CST 2012" endtime="Fri Sep 21 16:39:46 CST 2012" />
            <Test name="testGetModulus" result="pass" starttime="Fri Sep 21 16:39:46 CST 2012" endtime="Fri Sep 21 16:39:47 CST 2012" />
            <Test name="testGetOtherPrimeInfo01" result="pass" starttime="Fri Sep 21 16:39:47 CST 2012" endtime="Fri Sep 21 16:39:47 CST 2012" />
            <Test name="testGetOtherPrimeInfo02" result="pass" starttime="Fri Sep 21 16:39:47 CST 2012" endtime="Fri Sep 21 16:39:47 CST 2012" />
            <Test name="testGetPrimeExponentP" result="pass" starttime="Fri Sep 21 16:39:47 CST 2012" endtime="Fri Sep 21 16:39:47 CST 2012" />
            <Test name="testGetPrimeExponentQ" result="pass" starttime="Fri Sep 21 16:39:47 CST 2012" endtime="Fri Sep 21 16:39:47 CST 2012" />
            <Test name="testGetPrimeP" result="pass" starttime="Fri Sep 21 16:39:47 CST 2012" endtime="Fri Sep 21 16:39:47 CST 2012" />
            <Test name="testGetPrimeQ" result="pass" starttime="Fri Sep 21 16:39:47 CST 2012" endtime="Fri Sep 21 16:39:47 CST 2012" />
            <Test name="testGetPrivateExponent" result="pass" starttime="Fri Sep 21 16:39:47 CST 2012" endtime="Fri Sep 21 16:39:47 CST 2012" />
            <Test name="testGetPublicExponent" result="pass" starttime="Fri Sep 21 16:39:47 CST 2012" endtime="Fri Sep 21 16:39:47 CST 2012" />
            <Test name="testIsStatePreserved1" result="pass" starttime="Fri Sep 21 16:39:47 CST 2012" endtime="Fri Sep 21 16:39:48 CST 2012" />
            <Test name="testIsStatePreserved2" result="pass" starttime="Fri Sep 21 16:39:48 CST 2012" endtime="Fri Sep 21 16:39:48 CST 2012" />
            <Test name="testRSAMultiPrimePrivateCrtKeySpec01" result="pass" starttime="Fri Sep 21 16:39:48 CST 2012" endtime="Fri Sep 21 16:39:48 CST 2012" />
            <Test name="testRSAMultiPrimePrivateCrtKeySpec02" result="pass" starttime="Fri Sep 21 16:39:48 CST 2012" endtime="Fri Sep 21 16:39:48 CST 2012" />
            <Test name="testRSAMultiPrimePrivateCrtKeySpec03" result="pass" starttime="Fri Sep 21 16:39:48 CST 2012" endtime="Fri Sep 21 16:39:48 CST 2012" />
            <Test name="testRSAMultiPrimePrivateCrtKeySpec04" result="pass" starttime="Fri Sep 21 16:39:48 CST 2012" endtime="Fri Sep 21 16:39:48 CST 2012" />
            <Test name="testRSAMultiPrimePrivateCrtKeySpec05" result="pass" starttime="Fri Sep 21 16:39:48 CST 2012" endtime="Fri Sep 21 16:39:48 CST 2012" />
            <Test name="testRSAMultiPrimePrivateCrtKeySpec06" result="pass" starttime="Fri Sep 21 16:39:48 CST 2012" endtime="Fri Sep 21 16:39:48 CST 2012" />
            <Test name="testRSAMultiPrimePrivateCrtKeySpec07" result="pass" starttime="Fri Sep 21 16:39:48 CST 2012" endtime="Fri Sep 21 16:39:48 CST 2012" />
            <Test name="testRSAMultiPrimePrivateCrtKeySpec08" result="pass" starttime="Fri Sep 21 16:39:48 CST 2012" endtime="Fri Sep 21 16:39:49 CST 2012" />
            <Test name="testRSAMultiPrimePrivateCrtKeySpec09" result="pass" starttime="Fri Sep 21 16:39:49 CST 2012" endtime="Fri Sep 21 16:39:49 CST 2012" />
            <Test name="testRSAMultiPrimePrivateCrtKeySpec10" result="pass" starttime="Fri Sep 21 16:39:49 CST 2012" endtime="Fri Sep 21 16:39:49 CST 2012" />
            <Test name="testRSAMultiPrimePrivateCrtKeySpec11" result="pass" starttime="Fri Sep 21 16:39:49 CST 2012" endtime="Fri Sep 21 16:39:49 CST 2012" />
            <Test name="testRSAMultiPrimePrivateCrtKeySpec12" result="pass" starttime="Fri Sep 21 16:39:49 CST 2012" endtime="Fri Sep 21 16:39:49 CST 2012" />
          </TestCase>
          <TestCase name="RSAOtherPrimeInfoTest" priority="">
            <Test name="testGetCrtCoefficient" result="pass" starttime="Fri Sep 21 16:39:49 CST 2012" endtime="Fri Sep 21 16:39:49 CST 2012" />
            <Test name="testGetExponent" result="pass" starttime="Fri Sep 21 16:39:49 CST 2012" endtime="Fri Sep 21 16:39:49 CST 2012" />
            <Test name="testGetPrime" result="pass" starttime="Fri Sep 21 16:39:49 CST 2012" endtime="Fri Sep 21 16:39:49 CST 2012" />
            <Test name="testRSAOtherPrimeInfo01" result="pass" starttime="Fri Sep 21 16:39:50 CST 2012" endtime="Fri Sep 21 16:39:50 CST 2012" />
            <Test name="testRSAOtherPrimeInfo02" result="pass" starttime="Fri Sep 21 16:39:50 CST 2012" endtime="Fri Sep 21 16:39:50 CST 2012" />
            <Test name="testRSAOtherPrimeInfo03" result="pass" starttime="Fri Sep 21 16:39:50 CST 2012" endtime="Fri Sep 21 16:39:50 CST 2012" />
            <Test name="testRSAOtherPrimeInfo04" result="pass" starttime="Fri Sep 21 16:39:50 CST 2012" endtime="Fri Sep 21 16:39:50 CST 2012" />
            <Test name="testRSAOtherPrimeInfo05" result="pass" starttime="Fri Sep 21 16:39:50 CST 2012" endtime="Fri Sep 21 16:39:50 CST 2012" />
          </TestCase>
          <TestCase name="RSAPrivateCrtKeySpecTest" priority="">
            <Test name="testGetCrtCoefficient" result="pass" starttime="Fri Sep 21 16:39:50 CST 2012" endtime="Fri Sep 21 16:39:50 CST 2012" />
            <Test name="testGetModulus" result="pass" starttime="Fri Sep 21 16:39:50 CST 2012" endtime="Fri Sep 21 16:39:50 CST 2012" />
            <Test name="testGetPrimeExponentP" result="pass" starttime="Fri Sep 21 16:39:50 CST 2012" endtime="Fri Sep 21 16:39:50 CST 2012" />
            <Test name="testGetPrimeExponentQ" result="pass" starttime="Fri Sep 21 16:39:50 CST 2012" endtime="Fri Sep 21 16:39:51 CST 2012" />
            <Test name="testGetPrimeP" result="pass" starttime="Fri Sep 21 16:39:51 CST 2012" endtime="Fri Sep 21 16:39:51 CST 2012" />
            <Test name="testGetPrimeQ" result="pass" starttime="Fri Sep 21 16:39:51 CST 2012" endtime="Fri Sep 21 16:39:51 CST 2012" />
            <Test name="testGetPrivateExponent" result="pass" starttime="Fri Sep 21 16:39:51 CST 2012" endtime="Fri Sep 21 16:39:51 CST 2012" />
            <Test name="testGetPublicExponent" result="pass" starttime="Fri Sep 21 16:39:51 CST 2012" endtime="Fri Sep 21 16:39:51 CST 2012" />
            <Test name="testRSAPrivateCrtKeySpec01" result="pass" starttime="Fri Sep 21 16:39:51 CST 2012" endtime="Fri Sep 21 16:39:51 CST 2012" />
            <Test name="testRSAPrivateCrtKeySpec02" result="pass" starttime="Fri Sep 21 16:39:51 CST 2012" endtime="Fri Sep 21 16:39:51 CST 2012" />
            <Test name="testRSAPrivateCrtKeySpec03" result="pass" starttime="Fri Sep 21 16:39:51 CST 2012" endtime="Fri Sep 21 16:39:51 CST 2012" />
          </TestCase>
          <TestCase name="RSAPrivateKeySpecTest" priority="">
            <Test name="testGetModulus" result="pass" starttime="Fri Sep 21 16:39:51 CST 2012" endtime="Fri Sep 21 16:39:52 CST 2012" />
            <Test name="testGetPrivateExponent" result="pass" starttime="Fri Sep 21 16:39:52 CST 2012" endtime="Fri Sep 21 16:39:52 CST 2012" />
            <Test name="testRSAPrivateKeySpec" result="pass" starttime="Fri Sep 21 16:39:52 CST 2012" endtime="Fri Sep 21 16:39:52 CST 2012" />
          </TestCase>
          <TestCase name="RSAPublicKeySpecTest" priority="">
            <Test name="testGetModulus" result="pass" starttime="Fri Sep 21 16:39:52 CST 2012" endtime="Fri Sep 21 16:39:52 CST 2012" />
            <Test name="testGetPublicExponent" result="pass" starttime="Fri Sep 21 16:39:52 CST 2012" endtime="Fri Sep 21 16:39:52 CST 2012" />
            <Test name="testRSAPublicKeySpec01" result="pass" starttime="Fri Sep 21 16:39:52 CST 2012" endtime="Fri Sep 21 16:39:52 CST 2012" />
            <Test name="testRSAPublicKeySpec02" result="pass" starttime="Fri Sep 21 16:39:52 CST 2012" endtime="Fri Sep 21 16:39:52 CST 2012" />
          </TestCase>
          <TestCase name="X509EncodedKeySpecTest" priority="">
            <Test name="testGetEncoded" result="pass" starttime="Fri Sep 21 16:39:52 CST 2012" endtime="Fri Sep 21 16:39:52 CST 2012" />
            <Test name="testGetFormat" result="pass" starttime="Fri Sep 21 16:39:52 CST 2012" endtime="Fri Sep 21 16:39:53 CST 2012" />
            <Test name="testIsStatePreserved1" result="pass" starttime="Fri Sep 21 16:39:53 CST 2012" endtime="Fri Sep 21 16:39:53 CST 2012" />
            <Test name="testIsStatePreserved2" result="pass" starttime="Fri Sep 21 16:39:53 CST 2012" endtime="Fri Sep 21 16:39:53 CST 2012" />
            <Test name="testX509EncodedKeySpec" result="pass" starttime="Fri Sep 21 16:39:53 CST 2012" endtime="Fri Sep 21 16:39:53 CST 2012" />
          </TestCase>
        </TestSuite>
      </TestSuite>
      <TestSuite name="targets">
        <TestSuite name="security">
          <TestSuite name="cert">
            <TestCase name="CertPathBuilderTestPKIX" priority="">
              <Test name="testCertPathBuilder" result="pass" starttime="Fri Sep 21 16:40:00 CST 2012" endtime="Fri Sep 21 16:40:00 CST 2012" />
            </TestCase>
            <TestCase name="CertPathValidatorTestPKIX" priority="">
              <Test name="testCertPathValidator" result="pass" starttime="Fri Sep 21 16:40:00 CST 2012" endtime="Fri Sep 21 16:40:00 CST 2012" />
            </TestCase>
            <TestCase name="CertificateFactoryTestX509" priority="">
              <Test name="testCertificateFactory" result="pass" starttime="Fri Sep 21 16:40:00 CST 2012" endtime="Fri Sep 21 16:40:00 CST 2012" />
            </TestCase>
            <TestCase name="CertificateTest" priority="">
              <Test name="testVerifyMD2" result="pass" starttime="Fri Sep 21 16:40:00 CST 2012" endtime="Fri Sep 21 16:40:00 CST 2012" />
              <Test name="testVerifyMD2_chain" result="pass" starttime="Fri Sep 21 16:40:00 CST 2012" endtime="Fri Sep 21 16:40:00 CST 2012" />
              <Test name="testVerifyMD5" result="pass" starttime="Fri Sep 21 16:40:00 CST 2012" endtime="Fri Sep 21 16:40:00 CST 2012" />
              <Test name="testVerifyMD5_chain" result="pass" starttime="Fri Sep 21 16:40:00 CST 2012" endtime="Fri Sep 21 16:40:00 CST 2012" />
            </TestCase>
          </TestSuite>
          <TestCase name="KeyStoreTestPKCS12" priority="">
            <Test name="testKeyStoreCreate" result="pass" starttime="Fri Sep 21 16:39:53 CST 2012" endtime="Fri Sep 21 16:39:55 CST 2012" />
            <Test name="testKeyStoreLoad" result="pass" starttime="Fri Sep 21 16:39:55 CST 2012" endtime="Fri Sep 21 16:39:55 CST 2012" />
          </TestCase>
          <TestCase name="MessageDigestTestMD2" priority="">
            <Test name="testMessageDigest1" result="pass" starttime="Fri Sep 21 16:39:55 CST 2012" endtime="Fri Sep 21 16:39:55 CST 2012" />
            <Test name="testMessageDigest2" result="pass" starttime="Fri Sep 21 16:39:55 CST 2012" endtime="Fri Sep 21 16:39:56 CST 2012" />
          </TestCase>
          <TestCase name="MessageDigestTestMD5" priority="">
            <Test name="testMessageDigest1" result="pass" starttime="Fri Sep 21 16:39:56 CST 2012" endtime="Fri Sep 21 16:39:56 CST 2012" />
            <Test name="testMessageDigest2" result="pass" starttime="Fri Sep 21 16:39:56 CST 2012" endtime="Fri Sep 21 16:39:56 CST 2012" />
            <Test name="testfips180_2_longMessage" result="pass" starttime="Fri Sep 21 16:39:56 CST 2012" endtime="Fri Sep 21 16:39:56 CST 2012" />
            <Test name="testfips180_2_multiblock" result="pass" starttime="Fri Sep 21 16:39:56 CST 2012" endtime="Fri Sep 21 16:39:56 CST 2012" />
            <Test name="testfips180_2_singleblock" result="pass" starttime="Fri Sep 21 16:39:56 CST 2012" endtime="Fri Sep 21 16:39:56 CST 2012" />
          </TestCase>
          <TestCase name="MessageDigestTestSHA1" priority="">
            <Test name="testMessageDigest1" result="pass" starttime="Fri Sep 21 16:39:56 CST 2012" endtime="Fri Sep 21 16:39:56 CST 2012" />
            <Test name="testMessageDigest2" result="pass" starttime="Fri Sep 21 16:39:56 CST 2012" endtime="Fri Sep 21 16:39:57 CST 2012" />
            <Test name="testfips180_2_longMessage" result="pass" starttime="Fri Sep 21 16:39:57 CST 2012" endtime="Fri Sep 21 16:39:57 CST 2012" />
            <Test name="testfips180_2_multiblock" result="pass" starttime="Fri Sep 21 16:39:57 CST 2012" endtime="Fri Sep 21 16:39:57 CST 2012" />
            <Test name="testfips180_2_singleblock" result="pass" starttime="Fri Sep 21 16:39:57 CST 2012" endtime="Fri Sep 21 16:39:57 CST 2012" />
          </TestCase>
          <TestCase name="MessageDigestTestSHA256" priority="">
            <Test name="testMessageDigest1" result="pass" starttime="Fri Sep 21 16:39:57 CST 2012" endtime="Fri Sep 21 16:39:57 CST 2012" />
            <Test name="testMessageDigest2" result="pass" starttime="Fri Sep 21 16:39:57 CST 2012" endtime="Fri Sep 21 16:39:57 CST 2012" />
            <Test name="testfips180_2_longMessage" result="pass" starttime="Fri Sep 21 16:39:57 CST 2012" endtime="Fri Sep 21 16:39:57 CST 2012" />
            <Test name="testfips180_2_multiblock" result="pass" starttime="Fri Sep 21 16:39:57 CST 2012" endtime="Fri Sep 21 16:39:57 CST 2012" />
            <Test name="testfips180_2_singleblock" result="pass" starttime="Fri Sep 21 16:39:57 CST 2012" endtime="Fri Sep 21 16:39:58 CST 2012" />
          </TestCase>
          <TestCase name="MessageDigestTestSHA384" priority="">
            <Test name="testMessageDigest1" result="pass" starttime="Fri Sep 21 16:39:58 CST 2012" endtime="Fri Sep 21 16:39:58 CST 2012" />
            <Test name="testMessageDigest2" result="pass" starttime="Fri Sep 21 16:39:58 CST 2012" endtime="Fri Sep 21 16:39:58 CST 2012" />
            <Test name="testfips180_2_longMessage" result="pass" starttime="Fri Sep 21 16:39:58 CST 2012" endtime="Fri Sep 21 16:39:58 CST 2012" />
            <Test name="testfips180_2_multiblock" result="pass" starttime="Fri Sep 21 16:39:58 CST 2012" endtime="Fri Sep 21 16:39:58 CST 2012" />
            <Test name="testfips180_2_singleblock" result="pass" starttime="Fri Sep 21 16:39:58 CST 2012" endtime="Fri Sep 21 16:39:58 CST 2012" />
          </TestCase>
          <TestCase name="MessageDigestTestSHA512" priority="">
            <Test name="testMessageDigest1" result="pass" starttime="Fri Sep 21 16:39:58 CST 2012" endtime="Fri Sep 21 16:39:58 CST 2012" />
            <Test name="testMessageDigest2" result="pass" starttime="Fri Sep 21 16:39:58 CST 2012" endtime="Fri Sep 21 16:39:58 CST 2012" />
            <Test name="testfips180_2_longMessage" result="pass" starttime="Fri Sep 21 16:39:58 CST 2012" endtime="Fri Sep 21 16:39:59 CST 2012" />
            <Test name="testfips180_2_multiblock" result="pass" starttime="Fri Sep 21 16:39:59 CST 2012" endtime="Fri Sep 21 16:39:59 CST 2012" />
            <Test name="testfips180_2_singleblock" result="pass" starttime="Fri Sep 21 16:39:59 CST 2012" endtime="Fri Sep 21 16:39:59 CST 2012" />
          </TestCase>
          <TestCase name="SecureRandomTestSHA1PRNG" priority="">
            <Test name="testSecureRandom" result="pass" starttime="Fri Sep 21 16:39:59 CST 2012" endtime="Fri Sep 21 16:39:59 CST 2012" />
            <Test name="testSecureRandomThreadSafety" result="pass" starttime="Fri Sep 21 16:39:59 CST 2012" endtime="Fri Sep 21 16:39:59 CST 2012" />
          </TestCase>
          <TestCase name="SignatureTestMD2withRSA" priority="">
            <Test name="testSignature" result="pass" starttime="Fri Sep 21 16:39:59 CST 2012" endtime="Fri Sep 21 16:40:00 CST 2012" />
            <Test name="testSignature2" result="pass" starttime="Fri Sep 21 16:40:00 CST 2012" endtime="Fri Sep 21 16:40:00 CST 2012" />
          </TestCase>
        </TestSuite>
      </TestSuite>
    </TestSuite>
  </TestPackage>
  <TestPackage name="android.core.vm-tests-tf" appPackageName="android.core.vm-tests-tf" digest="901336d334ce3b2b4ad535d9e8bec8d00f66f8d5">
    <TestSuite name="dot">
      <TestSuite name="junit">
        <TestSuite name="format">
          <TestSuite name="f1">
            <TestCase name="JUnit_Test_f1" priority="">
              <Test name="testVFE1" result="pass" starttime="Fri Sep 21 16:46:10 CST 2012" endtime="Fri Sep 21 16:46:11 CST 2012" />
              <Test name="testVFE11" result="pass" starttime="Fri Sep 21 16:46:11 CST 2012" endtime="Fri Sep 21 16:46:11 CST 2012" />
              <Test name="testVFE12" result="pass" starttime="Fri Sep 21 16:46:11 CST 2012" endtime="Fri Sep 21 16:46:12 CST 2012" />
              <Test name="testVFE2" result="pass" starttime="Fri Sep 21 16:46:12 CST 2012" endtime="Fri Sep 21 16:46:12 CST 2012" />
              <Test name="testVFE3" result="pass" starttime="Fri Sep 21 16:46:12 CST 2012" endtime="Fri Sep 21 16:46:12 CST 2012" />
              <Test name="testVFE4" result="pass" starttime="Fri Sep 21 16:46:12 CST 2012" endtime="Fri Sep 21 16:46:13 CST 2012" />
              <Test name="testVFE5" result="pass" starttime="Fri Sep 21 16:46:13 CST 2012" endtime="Fri Sep 21 16:46:14 CST 2012" />
              <Test name="testVFE6" result="pass" starttime="Fri Sep 21 16:46:14 CST 2012" endtime="Fri Sep 21 16:46:14 CST 2012" />
              <Test name="testVFE7" result="pass" starttime="Fri Sep 21 16:46:14 CST 2012" endtime="Fri Sep 21 16:46:15 CST 2012" />
              <Test name="testVFE8" result="pass" starttime="Fri Sep 21 16:46:15 CST 2012" endtime="Fri Sep 21 16:46:15 CST 2012" />
              <Test name="testVFE9" result="pass" starttime="Fri Sep 21 16:46:15 CST 2012" endtime="Fri Sep 21 16:46:16 CST 2012" />
            </TestCase>
          </TestSuite>
        </TestSuite>
        <TestSuite name="opcodes">
          <TestSuite name="add_double">
            <TestCase name="JUnit_Test_add_double" priority="">
              <Test name="testB1" result="pass" starttime="Fri Sep 21 16:46:16 CST 2012" endtime="Fri Sep 21 16:46:16 CST 2012" />
              <Test name="testB2" result="pass" starttime="Fri Sep 21 16:46:16 CST 2012" endtime="Fri Sep 21 16:46:16 CST 2012" />
              <Test name="testB3" result="pass" starttime="Fri Sep 21 16:46:16 CST 2012" endtime="Fri Sep 21 16:46:17 CST 2012" />
              <Test name="testB4" result="pass" starttime="Fri Sep 21 16:46:17 CST 2012" endtime="Fri Sep 21 16:46:17 CST 2012" />
              <Test name="testB5" result="pass" starttime="Fri Sep 21 16:46:17 CST 2012" endtime="Fri Sep 21 16:46:18 CST 2012" />
              <Test name="testB6" result="pass" starttime="Fri Sep 21 16:46:18 CST 2012" endtime="Fri Sep 21 16:46:18 CST 2012" />
              <Test name="testB7" result="pass" starttime="Fri Sep 21 16:46:18 CST 2012" endtime="Fri Sep 21 16:46:18 CST 2012" />
              <Test name="testB8" result="pass" starttime="Fri Sep 21 16:46:18 CST 2012" endtime="Fri Sep 21 16:46:19 CST 2012" />
              <Test name="testB9" result="pass" starttime="Fri Sep 21 16:46:19 CST 2012" endtime="Fri Sep 21 16:46:19 CST 2012" />
              <Test name="testN1" result="pass" starttime="Fri Sep 21 16:46:19 CST 2012" endtime="Fri Sep 21 16:46:20 CST 2012" />
              <Test name="testN2" result="pass" starttime="Fri Sep 21 16:46:20 CST 2012" endtime="Fri Sep 21 16:46:20 CST 2012" />
              <Test name="testN3" result="pass" starttime="Fri Sep 21 16:46:20 CST 2012" endtime="Fri Sep 21 16:46:20 CST 2012" />
              <Test name="testVFE1" result="pass" starttime="Fri Sep 21 16:46:20 CST 2012" endtime="Fri Sep 21 16:46:21 CST 2012" />
              <Test name="testVFE2" result="pass" starttime="Fri Sep 21 16:46:21 CST 2012" endtime="Fri Sep 21 16:46:21 CST 2012" />
              <Test name="testVFE3" result="pass" starttime="Fri Sep 21 16:46:21 CST 2012" endtime="Fri Sep 21 16:46:22 CST 2012" />
              <Test name="testVFE4" result="pass" starttime="Fri Sep 21 16:46:22 CST 2012" endtime="Fri Sep 21 16:46:22 CST 2012" />
              <Test name="testVFE5" result="pass" starttime="Fri Sep 21 16:46:22 CST 2012" endtime="Fri Sep 21 16:46:22 CST 2012" />
            </TestCase>
          </TestSuite>
          <TestSuite name="add_double_2addr">
            <TestCase name="JUnit_Test_add_double_2addr" priority="">
              <Test name="testB1" result="pass" starttime="Fri Sep 21 16:46:22 CST 2012" endtime="Fri Sep 21 16:46:23 CST 2012" />
              <Test name="testB2" result="pass" starttime="Fri Sep 21 16:46:23 CST 2012" endtime="Fri Sep 21 16:46:23 CST 2012" />
              <Test name="testB3" result="pass" starttime="Fri Sep 21 16:46:23 CST 2012" endtime="Fri Sep 21 16:46:24 CST 2012" />
              <Test name="testB4" result="pass" starttime="Fri Sep 21 16:46:24 CST 2012" endtime="Fri Sep 21 16:46:24 CST 2012" />
              <Test name="testB5" result="pass" starttime="Fri Sep 21 16:46:24 CST 2012" endtime="Fri Sep 21 16:46:24 CST 2012" />
              <Test name="testB6" result="pass" starttime="Fri Sep 21 16:46:24 CST 2012" endtime="Fri Sep 21 16:46:25 CST 2012" />
              <Test name="testB7" result="pass" starttime="Fri Sep 21 16:46:25 CST 2012" endtime="Fri Sep 21 16:46:25 CST 2012" />
              <Test name="testB8" result="pass" starttime="Fri Sep 21 16:46:25 CST 2012" endtime="Fri Sep 21 16:46:25 CST 2012" />
              <Test name="testB9" result="pass" starttime="Fri Sep 21 16:46:25 CST 2012" endtime="Fri Sep 21 16:46:26 CST 2012" />
              <Test name="testN1" result="pass" starttime="Fri Sep 21 16:46:26 CST 2012" endtime="Fri Sep 21 16:46:26 CST 2012" />
              <Test name="testN2" result="pass" starttime="Fri Sep 21 16:46:26 CST 2012" endtime="Fri Sep 21 16:46:27 CST 2012" />
              <Test name="testN3" result="pass" starttime="Fri Sep 21 16:46:27 CST 2012" endtime="Fri Sep 21 16:46:27 CST 2012" />
              <Test name="testVFE1" result="pass" starttime="Fri Sep 21 16:46:27 CST 2012" endtime="Fri Sep 21 16:46:27 CST 2012" />
              <Test name="testVFE2" result="pass" starttime="Fri Sep 21 16:46:27 CST 2012" endtime="Fri Sep 21 16:46:28 CST 2012" />
              <Test name="testVFE3" result="pass" starttime="Fri Sep 21 16:46:28 CST 2012" endtime="Fri Sep 21 16:46:28 CST 2012" />
              <Test name="testVFE4" result="pass" starttime="Fri Sep 21 16:46:28 CST 2012" endtime="Fri Sep 21 16:46:29 CST 2012" />
              <Test name="testVFE5" result="pass" starttime="Fri Sep 21 16:46:29 CST 2012" endtime="Fri Sep 21 16:46:29 CST 2012" />
            </TestCase>
          </TestSuite>
          <TestSuite name="add_float">
            <TestCase name="JUnit_Test_add_float" priority="">
              <Test name="testB1" result="pass" starttime="Fri Sep 21 16:46:29 CST 2012" endtime="Fri Sep 21 16:46:30 CST 2012" />
              <Test name="testB2" result="pass" starttime="Fri Sep 21 16:46:30 CST 2012" endtime="Fri Sep 21 16:46:30 CST 2012" />
              <Test name="testB3" result="pass" starttime="Fri Sep 21 16:46:30 CST 2012" endtime="Fri Sep 21 16:46:30 CST 2012" />
              <Test name="testB4" result="pass" starttime="Fri Sep 21 16:46:30 CST 2012" endtime="Fri Sep 21 16:46:31 CST 2012" />
              <Test name="testB5" result="pass" starttime="Fri Sep 21 16:46:31 CST 2012" endtime="Fri Sep 21 16:46:31 CST 2012" />
              <Test name="testB6" result="pass" starttime="Fri Sep 21 16:46:31 CST 2012" endtime="Fri Sep 21 16:46:32 CST 2012" />
              <Test name="testB7" result="pass" starttime="Fri Sep 21 16:46:32 CST 2012" endtime="Fri Sep 21 16:46:32 CST 2012" />
              <Test name="testB8" result="pass" starttime="Fri Sep 21 16:46:32 CST 2012" endtime="Fri Sep 21 16:46:32 CST 2012" />
              <Test name="testB9" result="pass" starttime="Fri Sep 21 16:46:32 CST 2012" endtime="Fri Sep 21 16:46:33 CST 2012" />
              <Test name="testN1" result="pass" starttime="Fri Sep 21 16:46:33 CST 2012" endtime="Fri Sep 21 16:46:33 CST 2012" />
              <Test name="testN2" result="pass" starttime="Fri Sep 21 16:46:33 CST 2012" endtime="Fri Sep 21 16:46:34 CST 2012" />
              <Test name="testN3" result="pass" starttime="Fri Sep 21 16:46:34 CST 2012" endtime="Fri Sep 21 16:46:34 CST 2012" />
              <Test name="testVFE1" result="pass" starttime="Fri Sep 21 16:46:34 CST 2012" endtime="Fri Sep 21 16:46:34 CST 2012" />
              <Test name="testVFE2" result="pass" starttime="Fri Sep 21 16:46:34 CST 2012" endtime="Fri Sep 21 16:46:35 CST 2012" />
              <Test name="testVFE3" result="pass" starttime="Fri Sep 21 16:46:35 CST 2012" endtime="Fri Sep 21 16:46:35 CST 2012" />
              <Test name="testVFE4" result="pass" starttime="Fri Sep 21 16:46:35 CST 2012" endtime="Fri Sep 21 16:46:36 CST 2012" />
              <Test name="testVFE5" result="pass" starttime="Fri Sep 21 16:46:36 CST 2012" endtime="Fri Sep 21 16:46:36 CST 2012" />
            </TestCase>
          </TestSuite>
          <TestSuite name="add_float_2addr">
            <TestCase name="JUnit_Test_add_float_2addr" priority="">
              <Test name="testB1" result="pass" starttime="Fri Sep 21 16:46:36 CST 2012" endtime="Fri Sep 21 16:46:36 CST 2012" />
              <Test name="testB2" result="pass" starttime="Fri Sep 21 16:46:36 CST 2012" endtime="Fri Sep 21 16:46:37 CST 2012" />
              <Test name="testB3" result="pass" starttime="Fri Sep 21 16:46:37 CST 2012" endtime="Fri Sep 21 16:46:37 CST 2012" />
              <Test name="testB4" result="pass" starttime="Fri Sep 21 16:46:37 CST 2012" endtime="Fri Sep 21 16:46:38 CST 2012" />
              <Test name="testB5" result="pass" starttime="Fri Sep 21 16:46:38 CST 2012" endtime="Fri Sep 21 16:46:38 CST 2012" />
              <Test name="testB6" result="pass" starttime="Fri Sep 21 16:46:38 CST 2012" endtime="Fri Sep 21 16:46:38 CST 2012" />
              <Test name="testB7" result="pass" starttime="Fri Sep 21 16:46:38 CST 2012" endtime="Fri Sep 21 16:46:39 CST 2012" />
              <Test name="testB8" result="pass" starttime="Fri Sep 21 16:46:39 CST 2012" endtime="Fri Sep 21 16:46:39 CST 2012" />
              <Test name="testB9" result="pass" starttime="Fri Sep 21 16:46:39 CST 2012" endtime="Fri Sep 21 16:46:40 CST 2012" />
              <Test name="testN1" result="pass" starttime="Fri Sep 21 16:46:40 CST 2012" endtime="Fri Sep 21 16:46:40 CST 2012" />
              <Test name="testN2" result="pass" starttime="Fri Sep 21 16:46:40 CST 2012" endtime="Fri Sep 21 16:46:40 CST 2012" />
              <Test name="testN3" result="pass" starttime="Fri Sep 21 16:46:40 CST 2012" endtime="Fri Sep 21 16:46:41 CST 2012" />
              <Test name="testVFE1" result="pass" starttime="Fri Sep 21 16:46:41 CST 2012" endtime="Fri Sep 21 16:46:41 CST 2012" />
              <Test name="testVFE2" result="pass" starttime="Fri Sep 21 16:46:41 CST 2012" endtime="Fri Sep 21 16:46:42 CST 2012" />
              <Test name="testVFE3" result="pass" starttime="Fri Sep 21 16:46:42 CST 2012" endtime="Fri Sep 21 16:46:42 CST 2012" />
              <Test name="testVFE4" result="pass" starttime="Fri Sep 21 16:46:42 CST 2012" endtime="Fri Sep 21 16:46:42 CST 2012" />
              <Test name="testVFE5" result="pass" starttime="Fri Sep 21 16:46:42 CST 2012" endtime="Fri Sep 21 16:46:43 CST 2012" />
            </TestCase>
          </TestSuite>
          <TestSuite name="add_int">
            <TestCase name="JUnit_Test_add_int" priority="">
              <Test name="testB1" result="pass" starttime="Fri Sep 21 16:46:43 CST 2012" endtime="Fri Sep 21 16:46:43 CST 2012" />
              <Test name="testB2" result="pass" starttime="Fri Sep 21 16:46:43 CST 2012" endtime="Fri Sep 21 16:46:44 CST 2012" />
              <Test name="testB3" result="pass" starttime="Fri Sep 21 16:46:44 CST 2012" endtime="Fri Sep 21 16:46:44 CST 2012" />
              <Test name="testB4" result="pass" starttime="Fri Sep 21 16:46:44 CST 2012" endtime="Fri Sep 21 16:46:44 CST 2012" />
              <Test name="testB5" result="pass" starttime="Fri Sep 21 16:46:44 CST 2012" endtime="Fri Sep 21 16:46:45 CST 2012" />
              <Test name="testB6" result="pass" starttime="Fri Sep 21 16:46:45 CST 2012" endtime="Fri Sep 21 16:46:45 CST 2012" />
              <Test name="testN1" result="pass" starttime="Fri Sep 21 16:46:45 CST 2012" endtime="Fri Sep 21 16:46:45 CST 2012" />
              <Test name="testN2" result="pass" starttime="Fri Sep 21 16:46:45 CST 2012" endtime="Fri Sep 21 16:46:46 CST 2012" />
              <Test name="testN3" result="pass" starttime="Fri Sep 21 16:46:46 CST 2012" endtime="Fri Sep 21 16:46:46 CST 2012" />
              <Test name="testN4" result="pass" starttime="Fri Sep 21 16:46:46 CST 2012" endtime="Fri Sep 21 16:46:47 CST 2012" />
              <Test name="testN5" result="pass" starttime="Fri Sep 21 16:46:47 CST 2012" endtime="Fri Sep 21 16:46:47 CST 2012" />
              <Test name="testN6" result="pass" starttime="Fri Sep 21 16:46:47 CST 2012" endtime="Fri Sep 21 16:46:47 CST 2012" />
              <Test name="testVFE1" result="pass" starttime="Fri Sep 21 16:46:47 CST 2012" endtime="Fri Sep 21 16:46:48 CST 2012" />
              <Test name="testVFE2" result="pass" starttime="Fri Sep 21 16:46:48 CST 2012" endtime="Fri Sep 21 16:46:48 CST 2012" />
              <Test name="testVFE3" result="pass" starttime="Fri Sep 21 16:46:48 CST 2012" endtime="Fri Sep 21 16:46:49 CST 2012" />
              <Test name="testVFE4" result="pass" starttime="Fri Sep 21 16:46:49 CST 2012" endtime="Fri Sep 21 16:46:49 CST 2012" />
              <Test name="testVFE5" result="pass" starttime="Fri Sep 21 16:46:49 CST 2012" endtime="Fri Sep 21 16:46:49 CST 2012" />
            </TestCase>
          </TestSuite>
          <TestSuite name="add_int_2addr">
            <TestCase name="JUnit_Test_add_int_2addr" priority="">
              <Test name="testB1" result="pass" starttime="Fri Sep 21 16:46:49 CST 2012" endtime="Fri Sep 21 16:46:50 CST 2012" />
              <Test name="testB2" result="pass" starttime="Fri Sep 21 16:46:50 CST 2012" endtime="Fri Sep 21 16:46:50 CST 2012" />
              <Test name="testB3" result="pass" starttime="Fri Sep 21 16:46:50 CST 2012" endtime="Fri Sep 21 16:46:51 CST 2012" />
              <Test name="testB4" result="pass" starttime="Fri Sep 21 16:46:51 CST 2012" endtime="Fri Sep 21 16:46:51 CST 2012" />
              <Test name="testB5" result="pass" starttime="Fri Sep 21 16:46:51 CST 2012" endtime="Fri Sep 21 16:46:51 CST 2012" />
              <Test name="testB6" result="pass" starttime="Fri Sep 21 16:46:51 CST 2012" endtime="Fri Sep 21 16:46:52 CST 2012" />
              <Test name="testN1" result="pass" starttime="Fri Sep 21 16:46:52 CST 2012" endtime="Fri Sep 21 16:46:52 CST 2012" />
              <Test name="testN2" result="pass" starttime="Fri Sep 21 16:46:52 CST 2012" endtime="Fri Sep 21 16:46:53 CST 2012" />
              <Test name="testN3" result="pass" starttime="Fri Sep 21 16:46:53 CST 2012" endtime="Fri Sep 21 16:46:53 CST 2012" />
              <Test name="testN4" result="pass" starttime="Fri Sep 21 16:46:53 CST 2012" endtime="Fri Sep 21 16:46:53 CST 2012" />
              <Test name="testN5" result="pass" starttime="Fri Sep 21 16:46:53 CST 2012" endtime="Fri Sep 21 16:46:54 CST 2012" />
              <Test name="testN6" result="pass" starttime="Fri Sep 21 16:46:54 CST 2012" endtime="Fri Sep 21 16:46:54 CST 2012" />
              <Test name="testVFE1" result="pass" starttime="Fri Sep 21 16:46:54 CST 2012" endtime="Fri Sep 21 16:46:55 CST 2012" />
              <Test name="testVFE2" result="pass" starttime="Fri Sep 21 16:46:55 CST 2012" endtime="Fri Sep 21 16:46:55 CST 2012" />
              <Test name="testVFE3" result="pass" starttime="Fri Sep 21 16:46:55 CST 2012" endtime="Fri Sep 21 16:46:55 CST 2012" />
              <Test name="testVFE4" result="pass" starttime="Fri Sep 21 16:46:55 CST 2012" endtime="Fri Sep 21 16:46:56 CST 2012" />
              <Test name="testVFE5" result="pass" starttime="Fri Sep 21 16:46:56 CST 2012" endtime="Fri Sep 21 16:46:56 CST 2012" />
            </TestCase>
          </TestSuite>
          <TestSuite name="add_int_lit16">
            <TestCase name="JUnit_Test_add_int_lit16" priority="">
              <Test name="testB1" result="pass" starttime="Fri Sep 21 16:46:56 CST 2012" endtime="Fri Sep 21 16:46:57 CST 2012" />
              <Test name="testB2" result="pass" starttime="Fri Sep 21 16:46:57 CST 2012" endtime="Fri Sep 21 16:46:57 CST 2012" />
              <Test name="testB3" result="pass" starttime="Fri Sep 21 16:46:57 CST 2012" endtime="Fri Sep 21 16:46:57 CST 2012" />
              <Test name="testB4" result="pass" starttime="Fri Sep 21 16:46:57 CST 2012" endtime="Fri Sep 21 16:46:58 CST 2012" />
              <Test name="testB5" result="pass" starttime="Fri Sep 21 16:46:58 CST 2012" endtime="Fri Sep 21 16:46:58 CST 2012" />
              <Test name="testB6" result="pass" starttime="Fri Sep 21 16:46:58 CST 2012" endtime="Fri Sep 21 16:46:59 CST 2012" />
              <Test name="testN1" result="pass" starttime="Fri Sep 21 16:46:59 CST 2012" endtime="Fri Sep 21 16:46:59 CST 2012" />
              <Test name="testN2" result="pass" starttime="Fri Sep 21 16:46:59 CST 2012" endtime="Fri Sep 21 16:47:00 CST 2012" />
              <Test name="testN3" result="pass" starttime="Fri Sep 21 16:47:00 CST 2012" endtime="Fri Sep 21 16:47:00 CST 2012" />
              <Test name="testN4" result="pass" starttime="Fri Sep 21 16:47:00 CST 2012" endtime="Fri Sep 21 16:47:00 CST 2012" />
              <Test name="testN5" result="pass" starttime="Fri Sep 21 16:47:00 CST 2012" endtime="Fri Sep 21 16:47:01 CST 2012" />
              <Test name="testN6" result="pass" starttime="Fri Sep 21 16:47:01 CST 2012" endtime="Fri Sep 21 16:47:01 CST 2012" />
              <Test name="testVFE1" result="pass" starttime="Fri Sep 21 16:47:01 CST 2012" endtime="Fri Sep 21 16:47:02 CST 2012" />
              <Test name="testVFE2" result="pass" starttime="Fri Sep 21 16:47:02 CST 2012" endtime="Fri Sep 21 16:47:02 CST 2012" />
              <Test name="testVFE3" result="pass" starttime="Fri Sep 21 16:47:02 CST 2012" endtime="Fri Sep 21 16:47:03 CST 2012" />
              <Test name="testVFE4" result="pass" starttime="Fri Sep 21 16:47:03 CST 2012" endtime="Fri Sep 21 16:47:03 CST 2012" />
              <Test name="testVFE5" result="pass" starttime="Fri Sep 21 16:47:03 CST 2012" endtime="Fri Sep 21 16:47:03 CST 2012" />
            </TestCase>
          </TestSuite>
          <TestSuite name="add_int_lit8">
            <TestCase name="JUnit_Test_add_int_lit8" priority="">
              <Test name="testB1" result="pass" starttime="Fri Sep 21 16:47:03 CST 2012" endtime="Fri Sep 21 16:47:04 CST 2012" />
              <Test name="testB2" result="pass" starttime="Fri Sep 21 16:47:04 CST 2012" endtime="Fri Sep 21 16:47:04 CST 2012" />
              <Test name="testB3" result="pass" starttime="Fri Sep 21 16:47:04 CST 2012" endtime="Fri Sep 21 16:47:05 CST 2012" />
              <Test name="testB4" result="pass" starttime="Fri Sep 21 16:47:05 CST 2012" endtime="Fri Sep 21 16:47:05 CST 2012" />
              <Test name="testB5" result="pass" starttime="Fri Sep 21 16:47:05 CST 2012" endtime="Fri Sep 21 16:47:05 CST 2012" />
              <Test name="testB6" result="pass" starttime="Fri Sep 21 16:47:05 CST 2012" endtime="Fri Sep 21 16:47:06 CST 2012" />
              <Test name="testN1" result="pass" starttime="Fri Sep 21 16:47:06 CST 2012" endtime="Fri Sep 21 16:47:06 CST 2012" />
              <Test name="testN2" result="pass" starttime="Fri Sep 21 16:47:06 CST 2012" endtime="Fri Sep 21 16:47:07 CST 2012" />
              <Test name="testN3" result="pass" starttime="Fri Sep 21 16:47:07 CST 2012" endtime="Fri Sep 21 16:47:07 CST 2012" />
              <Test name="testN4" result="pass" starttime="Fri Sep 21 16:47:07 CST 2012" endtime="Fri Sep 21 16:47:08 CST 2012" />
              <Test name="testN5" result="pass" starttime="Fri Sep 21 16:47:08 CST 2012" endtime="Fri Sep 21 16:47:08 CST 2012" />
              <Test name="testN6" result="pass" starttime="Fri Sep 21 16:47:08 CST 2012" endtime="Fri Sep 21 16:47:08 CST 2012" />
              <Test name="testVFE1" result="pass" starttime="Fri Sep 21 16:47:08 CST 2012" endtime="Fri Sep 21 16:47:09 CST 2012" />
              <Test name="testVFE2" result="pass" starttime="Fri Sep 21 16:47:09 CST 2012" endtime="Fri Sep 21 16:47:09 CST 2012" />
              <Test name="testVFE3" result="pass" starttime="Fri Sep 21 16:47:09 CST 2012" endtime="Fri Sep 21 16:47:10 CST 2012" />
              <Test name="testVFE4" result="pass" starttime="Fri Sep 21 16:47:10 CST 2012" endtime="Fri Sep 21 16:47:10 CST 2012" />
              <Test name="testVFE5" result="pass" starttime="Fri Sep 21 16:47:10 CST 2012" endtime="Fri Sep 21 16:47:11 CST 2012" />
            </TestCase>
          </TestSuite>
          <TestSuite name="add_long">
            <TestCase name="JUnit_Test_add_long" priority="">
              <Test name="testB1" result="pass" starttime="Fri Sep 21 16:47:11 CST 2012" endtime="Fri Sep 21 16:47:11 CST 2012" />
              <Test name="testB2" result="pass" starttime="Fri Sep 21 16:47:11 CST 2012" endtime="Fri Sep 21 16:47:11 CST 2012" />
              <Test name="testB3" result="pass" starttime="Fri Sep 21 16:47:11 CST 2012" endtime="Fri Sep 21 16:47:12 CST 2012" />
              <Test name="testB4" result="pass" starttime="Fri Sep 21 16:47:12 CST 2012" endtime="Fri Sep 21 16:47:12 CST 2012" />
              <Test name="testB5" result="pass" starttime="Fri Sep 21 16:47:12 CST 2012" endtime="Fri Sep 21 16:47:13 CST 2012" />
              <Test name="testB6" result="pass" starttime="Fri Sep 21 16:47:13 CST 2012" endtime="Fri Sep 21 16:47:13 CST 2012" />
              <Test name="testB7" result="pass" starttime="Fri Sep 21 16:47:13 CST 2012" endtime="Fri Sep 21 16:47:13 CST 2012" />
              <Test name="testB8" result="pass" starttime="Fri Sep 21 16:47:13 CST 2012" endtime="Fri Sep 21 16:47:14 CST 2012" />
              <Test name="testN1" result="pass" starttime="Fri Sep 21 16:47:14 CST 2012" endtime="Fri Sep 21 16:47:14 CST 2012" />
              <Test name="testN2" result="pass" starttime="Fri Sep 21 16:47:14 CST 2012" endtime="Fri Sep 21 16:47:15 CST 2012" />
              <Test name="testN3" result="pass" starttime="Fri Sep 21 16:47:15 CST 2012" endtime="Fri Sep 21 16:47:15 CST 2012" />
              <Test name="testVFE1" result="pass" starttime="Fri Sep 21 16:47:15 CST 2012" endtime="Fri Sep 21 16:47:15 CST 2012" />
              <Test name="testVFE2" result="pass" starttime="Fri Sep 21 16:47:15 CST 2012" endtime="Fri Sep 21 16:47:16 CST 2012" />
              <Test name="testVFE3" result="pass" starttime="Fri Sep 21 16:47:16 CST 2012" endtime="Fri Sep 21 16:47:16 CST 2012" />
              <Test name="testVFE4" result="pass" starttime="Fri Sep 21 16:47:16 CST 2012" endtime="Fri Sep 21 16:47:17 CST 2012" />
              <Test name="testVFE5" result="pass" starttime="Fri Sep 21 16:47:17 CST 2012" endtime="Fri Sep 21 16:47:17 CST 2012" />
            </TestCase>
          </TestSuite>
          <TestSuite name="add_long_2addr">
            <TestCase name="JUnit_Test_add_long_2addr" priority="">
              <Test name="testB1" result="pass" starttime="Fri Sep 21 16:47:17 CST 2012" endtime="Fri Sep 21 16:47:17 CST 2012" />
              <Test name="testB2" result="pass" starttime="Fri Sep 21 16:47:17 CST 2012" endtime="Fri Sep 21 16:47:18 CST 2012" />
              <Test name="testB3" result="pass" starttime="Fri Sep 21 16:47:18 CST 2012" endtime="Fri Sep 21 16:47:18 CST 2012" />
              <Test name="testB4" result="pass" starttime="Fri Sep 21 16:47:18 CST 2012" endtime="Fri Sep 21 16:47:19 CST 2012" />
              <Test name="testB5" result="pass" starttime="Fri Sep 21 16:47:19 CST 2012" endtime="Fri Sep 21 16:47:19 CST 2012" />
              <Test name="testB6" result="pass" starttime="Fri Sep 21 16:47:19 CST 2012" endtime="Fri Sep 21 16:47:20 CST 2012" />
              <Test name="testB7" result="pass" starttime="Fri Sep 21 16:47:20 CST 2012" endtime="Fri Sep 21 16:47:20 CST 2012" />
              <Test name="testB8" result="pass" starttime="Fri Sep 21 16:47:20 CST 2012" endtime="Fri Sep 21 16:47:20 CST 2012" />
              <Test name="testN1" result="pass" starttime="Fri Sep 21 16:47:20 CST 2012" endtime="Fri Sep 21 16:47:21 CST 2012" />
              <Test name="testN2" result="pass" starttime="Fri Sep 21 16:47:21 CST 2012" endtime="Fri Sep 21 16:47:21 CST 2012" />
              <Test name="testN3" result="pass" starttime="Fri Sep 21 16:47:21 CST 2012" endtime="Fri Sep 21 16:47:22 CST 2012" />
              <Test name="testVFE2" result="pass" starttime="Fri Sep 21 16:47:22 CST 2012" endtime="Fri Sep 21 16:47:22 CST 2012" />
              <Test name="testVFE3" result="pass" starttime="Fri Sep 21 16:47:22 CST 2012" endtime="Fri Sep 21 16:47:22 CST 2012" />
              <Test name="testVFE4" result="pass" starttime="Fri Sep 21 16:47:22 CST 2012" endtime="Fri Sep 21 16:47:23 CST 2012" />
              <Test name="testVFE5" result="pass" starttime="Fri Sep 21 16:47:23 CST 2012" endtime="Fri Sep 21 16:47:23 CST 2012" />
              <Test name="testVFE6" result="pass" starttime="Fri Sep 21 16:47:23 CST 2012" endtime="Fri Sep 21 16:47:24 CST 2012" />
            </TestCase>
          </TestSuite>
          <TestSuite name="aget">
            <TestCase name="JUnit_Test_aget" priority="">
              <Test name="testE1" result="pass" starttime="Fri Sep 21 16:47:24 CST 2012" endtime="Fri Sep 21 16:47:24 CST 2012" />
              <Test name="testE2" result="pass" starttime="Fri Sep 21 16:47:24 CST 2012" endtime="Fri Sep 21 16:47:24 CST 2012" />
              <Test name="testE3" result="pass" starttime="Fri Sep 21 16:47:24 CST 2012" endtime="Fri Sep 21 16:47:25 CST 2012" />
              <Test name="testN1" result="pass" starttime="Fri Sep 21 16:47:25 CST 2012" endtime="Fri Sep 21 16:47:25 CST 2012" />
              <Test name="testN2" result="pass" starttime="Fri Sep 21 16:47:25 CST 2012" endtime="Fri Sep 21 16:47:26 CST 2012" />
              <Test name="testVFE1" result="pass" starttime="Fri Sep 21 16:47:26 CST 2012" endtime="Fri Sep 21 16:47:26 CST 2012" />
              <Test name="testVFE2" result="pass" starttime="Fri Sep 21 16:47:26 CST 2012" endtime="Fri Sep 21 16:47:26 CST 2012" />
              <Test name="testVFE3" result="pass" starttime="Fri Sep 21 16:47:26 CST 2012" endtime="Fri Sep 21 16:47:27 CST 2012" />
              <Test name="testVFE4" result="pass" starttime="Fri Sep 21 16:47:27 CST 2012" endtime="Fri Sep 21 16:47:27 CST 2012" />
              <Test name="testVFE5" result="pass" starttime="Fri Sep 21 16:47:27 CST 2012" endtime="Fri Sep 21 16:47:28 CST 2012" />
              <Test name="testVFE6" result="pass" starttime="Fri Sep 21 16:47:28 CST 2012" endtime="Fri Sep 21 16:47:28 CST 2012" />
              <Test name="testVFE7" result="pass" starttime="Fri Sep 21 16:47:28 CST 2012" endtime="Fri Sep 21 16:47:28 CST 2012" />
              <Test name="testVFE8" result="pass" starttime="Fri Sep 21 16:47:28 CST 2012" endtime="Fri Sep 21 16:47:29 CST 2012" />
            </TestCase>
          </TestSuite>
          <TestSuite name="aget_boolean">
            <TestCase name="JUnit_Test_aget_boolean" priority="">
              <Test name="testE1" result="pass" starttime="Fri Sep 21 16:47:29 CST 2012" endtime="Fri Sep 21 16:47:29 CST 2012" />
              <Test name="testE2" result="pass" starttime="Fri Sep 21 16:47:29 CST 2012" endtime="Fri Sep 21 16:47:30 CST 2012" />
              <Test name="testE3" result="pass" starttime="Fri Sep 21 16:47:30 CST 2012" endtime="Fri Sep 21 16:47:30 CST 2012" />
              <Test name="testN1" result="pass" starttime="Fri Sep 21 16:47:30 CST 2012" endtime="Fri Sep 21 16:47:30 CST 2012" />
              <Test name="testN2" result="pass" starttime="Fri Sep 21 16:47:30 CST 2012" endtime="Fri Sep 21 16:47:31 CST 2012" />
              <Test name="testVFE1" result="pass" starttime="Fri Sep 21 16:47:31 CST 2012" endtime="Fri Sep 21 16:47:31 CST 2012" />
              <Test name="testVFE2" result="pass" starttime="Fri Sep 21 16:47:31 CST 2012" endtime="Fri Sep 21 16:47:32 CST 2012" />
              <Test name="testVFE3" result="pass" starttime="Fri Sep 21 16:47:32 CST 2012" endtime="Fri Sep 21 16:47:32 CST 2012" />
              <Test name="testVFE4" result="pass" starttime="Fri Sep 21 16:47:32 CST 2012" endtime="Fri Sep 21 16:47:32 CST 2012" />
              <Test name="testVFE5" result="pass" starttime="Fri Sep 21 16:47:32 CST 2012" endtime="Fri Sep 21 16:47:33 CST 2012" />
              <Test name="testVFE6" result="pass" starttime="Fri Sep 21 16:47:33 CST 2012" endtime="Fri Sep 21 16:47:33 CST 2012" />
              <Test name="testVFE7" result="pass" starttime="Fri Sep 21 16:47:33 CST 2012" endtime="Fri Sep 21 16:47:34 CST 2012" />
              <Test name="testVFE8" result="pass" starttime="Fri Sep 21 16:47:34 CST 2012" endtime="Fri Sep 21 16:47:34 CST 2012" />
            </TestCase>
          </TestSuite>
          <TestSuite name="aget_byte">
            <TestCase name="JUnit_Test_aget_byte" priority="">
              <Test name="testE1" result="pass" starttime="Fri Sep 21 16:47:34 CST 2012" endtime="Fri Sep 21 16:47:35 CST 2012" />
              <Test name="testE2" result="pass" starttime="Fri Sep 21 16:47:35 CST 2012" endtime="Fri Sep 21 16:47:35 CST 2012" />
              <Test name="testE3" result="pass" starttime="Fri Sep 21 16:47:35 CST 2012" endtime="Fri Sep 21 16:47:35 CST 2012" />
              <Test name="testN1" result="pass" starttime="Fri Sep 21 16:47:35 CST 2012" endtime="Fri Sep 21 16:47:36 CST 2012" />
              <Test name="testN2" result="pass" starttime="Fri Sep 21 16:47:36 CST 2012" endtime="Fri Sep 21 16:47:36 CST 2012" />
              <Test name="testVFE1" result="pass" starttime="Fri Sep 21 16:47:36 CST 2012" endtime="Fri Sep 21 16:47:37 CST 2012" />
              <Test name="testVFE2" result="pass" starttime="Fri Sep 21 16:47:37 CST 2012" endtime="Fri Sep 21 16:47:37 CST 2012" />
              <Test name="testVFE3" result="pass" starttime="Fri Sep 21 16:47:37 CST 2012" endtime="Fri Sep 21 16:47:37 CST 2012" />
              <Test name="testVFE4" result="pass" starttime="Fri Sep 21 16:47:37 CST 2012" endtime="Fri Sep 21 16:47:38 CST 2012" />
              <Test name="testVFE5" result="pass" starttime="Fri Sep 21 16:47:38 CST 2012" endtime="Fri Sep 21 16:47:38 CST 2012" />
              <Test name="testVFE6" result="pass" starttime="Fri Sep 21 16:47:38 CST 2012" endtime="Fri Sep 21 16:47:39 CST 2012" />
              <Test name="testVFE7" result="pass" starttime="Fri Sep 21 16:47:39 CST 2012" endtime="Fri Sep 21 16:47:39 CST 2012" />
              <Test name="testVFE8" result="pass" starttime="Fri Sep 21 16:47:39 CST 2012" endtime="Fri Sep 21 16:47:39 CST 2012" />
            </TestCase>
          </TestSuite>
          <TestSuite name="aget_char">
            <TestCase name="JUnit_Test_aget_char" priority="">
              <Test name="testE1" result="pass" starttime="Fri Sep 21 16:47:39 CST 2012" endtime="Fri Sep 21 16:47:40 CST 2012" />
              <Test name="testE2" result="pass" starttime="Fri Sep 21 16:47:40 CST 2012" endtime="Fri Sep 21 16:47:40 CST 2012" />
              <Test name="testE3" result="pass" starttime="Fri Sep 21 16:47:40 CST 2012" endtime="Fri Sep 21 16:47:41 CST 2012" />
              <Test name="testN1" result="pass" starttime="Fri Sep 21 16:47:41 CST 2012" endtime="Fri Sep 21 16:47:41 CST 2012" />
              <Test name="testN2" result="pass" starttime="Fri Sep 21 16:47:41 CST 2012" endtime="Fri Sep 21 16:47:41 CST 2012" />
              <Test name="testVFE1" result="pass" starttime="Fri Sep 21 16:47:41 CST 2012" endtime="Fri Sep 21 16:47:42 CST 2012" />
              <Test name="testVFE2" result="pass" starttime="Fri Sep 21 16:47:42 CST 2012" endtime="Fri Sep 21 16:47:42 CST 2012" />
              <Test name="testVFE3" result="pass" starttime="Fri Sep 21 16:47:42 CST 2012" endtime="Fri Sep 21 16:47:43 CST 2012" />
              <Test name="testVFE4" result="pass" starttime="Fri Sep 21 16:47:43 CST 2012" endtime="Fri Sep 21 16:47:43 CST 2012" />
              <Test name="testVFE5" result="pass" starttime="Fri Sep 21 16:47:43 CST 2012" endtime="Fri Sep 21 16:47:43 CST 2012" />
              <Test name="testVFE6" result="pass" starttime="Fri Sep 21 16:47:43 CST 2012" endtime="Fri Sep 21 16:47:44 CST 2012" />
              <Test name="testVFE7" result="pass" starttime="Fri Sep 21 16:47:44 CST 2012" endtime="Fri Sep 21 16:47:44 CST 2012" />
              <Test name="testVFE8" result="pass" starttime="Fri Sep 21 16:47:44 CST 2012" endtime="Fri Sep 21 16:47:45 CST 2012" />
            </TestCase>
          </TestSuite>
          <TestSuite name="aget_object">
            <TestCase name="JUnit_Test_aget_object" priority="">
              <Test name="testE1" result="pass" starttime="Fri Sep 21 16:47:45 CST 2012" endtime="Fri Sep 21 16:47:45 CST 2012" />
              <Test name="testE2" result="pass" starttime="Fri Sep 21 16:47:45 CST 2012" endtime="Fri Sep 21 16:47:46 CST 2012" />
              <Test name="testE3" result="pass" starttime="Fri Sep 21 16:47:46 CST 2012" endtime="Fri Sep 21 16:47:46 CST 2012" />
              <Test name="testN1" result="pass" starttime="Fri Sep 21 16:47:46 CST 2012" endtime="Fri Sep 21 16:47:46 CST 2012" />
              <Test name="testN2" result="pass" starttime="Fri Sep 21 16:47:46 CST 2012" endtime="Fri Sep 21 16:47:47 CST 2012" />
              <Test name="testVFE1" result="pass" starttime="Fri Sep 21 16:47:47 CST 2012" endtime="Fri Sep 21 16:47:47 CST 2012" />
              <Test name="testVFE2" result="pass" starttime="Fri Sep 21 16:47:47 CST 2012" endtime="Fri Sep 21 16:47:48 CST 2012" />
              <Test name="testVFE3" result="pass" starttime="Fri Sep 21 16:47:48 CST 2012" endtime="Fri Sep 21 16:47:48 CST 2012" />
              <Test name="testVFE4" result="pass" starttime="Fri Sep 21 16:47:48 CST 2012" endtime="Fri Sep 21 16:47:48 CST 2012" />
              <Test name="testVFE5" result="pass" starttime="Fri Sep 21 16:47:48 CST 2012" endtime="Fri Sep 21 16:47:49 CST 2012" />
              <Test name="testVFE6" result="pass" starttime="Fri Sep 21 16:47:49 CST 2012" endtime="Fri Sep 21 16:47:49 CST 2012" />
              <Test name="testVFE7" result="pass" starttime="Fri Sep 21 16:47:49 CST 2012" endtime="Fri Sep 21 16:47:50 CST 2012" />
              <Test name="testVFE8" result="pass" starttime="Fri Sep 21 16:47:50 CST 2012" endtime="Fri Sep 21 16:47:50 CST 2012" />
            </TestCase>
          </TestSuite>
          <TestSuite name="aget_short">
            <TestCase name="JUnit_Test_aget_short" priority="">
              <Test name="testE1" result="pass" starttime="Fri Sep 21 16:47:50 CST 2012" endtime="Fri Sep 21 16:47:51 CST 2012" />
              <Test name="testE2" result="pass" starttime="Fri Sep 21 16:47:51 CST 2012" endtime="Fri Sep 21 16:47:51 CST 2012" />
              <Test name="testE3" result="pass" starttime="Fri Sep 21 16:47:51 CST 2012" endtime="Fri Sep 21 16:47:51 CST 2012" />
              <Test name="testN1" result="pass" starttime="Fri Sep 21 16:47:51 CST 2012" endtime="Fri Sep 21 16:47:52 CST 2012" />
              <Test name="testN2" result="pass" starttime="Fri Sep 21 16:47:52 CST 2012" endtime="Fri Sep 21 16:47:52 CST 2012" />
              <Test name="testVFE1" result="pass" starttime="Fri Sep 21 16:47:52 CST 2012" endtime="Fri Sep 21 16:47:53 CST 2012" />
              <Test name="testVFE2" result="pass" starttime="Fri Sep 21 16:47:53 CST 2012" endtime="Fri Sep 21 16:47:53 CST 2012" />
              <Test name="testVFE3" result="pass" starttime="Fri Sep 21 16:47:53 CST 2012" endtime="Fri Sep 21 16:47:53 CST 2012" />
              <Test name="testVFE4" result="pass" starttime="Fri Sep 21 16:47:53 CST 2012" endtime="Fri Sep 21 16:47:54 CST 2012" />
              <Test name="testVFE5" result="pass" starttime="Fri Sep 21 16:47:54 CST 2012" endtime="Fri Sep 21 16:47:54 CST 2012" />
              <Test name="testVFE6" result="pass" starttime="Fri Sep 21 16:47:54 CST 2012" endtime="Fri Sep 21 16:47:55 CST 2012" />
              <Test name="testVFE7" result="pass" starttime="Fri Sep 21 16:47:55 CST 2012" endtime="Fri Sep 21 16:47:55 CST 2012" />
              <Test name="testVFE8" result="pass" starttime="Fri Sep 21 16:47:55 CST 2012" endtime="Fri Sep 21 16:47:56 CST 2012" />
            </TestCase>
          </TestSuite>
          <TestSuite name="aget_wide">
            <TestCase name="JUnit_Test_aget_wide" priority="">
              <Test name="testE1" result="pass" starttime="Fri Sep 21 16:47:56 CST 2012" endtime="Fri Sep 21 16:47:56 CST 2012" />
              <Test name="testE2" result="pass" starttime="Fri Sep 21 16:47:56 CST 2012" endtime="Fri Sep 21 16:47:56 CST 2012" />
              <Test name="testE3" result="pass" starttime="Fri Sep 21 16:47:56 CST 2012" endtime="Fri Sep 21 16:47:57 CST 2012" />
              <Test name="testN1" result="pass" starttime="Fri Sep 21 16:47:57 CST 2012" endtime="Fri Sep 21 16:47:57 CST 2012" />
              <Test name="testN2" result="pass" starttime="Fri Sep 21 16:47:57 CST 2012" endtime="Fri Sep 21 16:47:57 CST 2012" />
              <Test name="testN3" result="pass" starttime="Fri Sep 21 16:47:57 CST 2012" endtime="Fri Sep 21 16:47:58 CST 2012" />
              <Test name="testVFE1" result="pass" starttime="Fri Sep 21 16:47:58 CST 2012" endtime="Fri Sep 21 16:47:58 CST 2012" />
              <Test name="testVFE2" result="pass" starttime="Fri Sep 21 16:47:58 CST 2012" endtime="Fri Sep 21 16:47:59 CST 2012" />
              <Test name="testVFE3" result="pass" starttime="Fri Sep 21 16:47:59 CST 2012" endtime="Fri Sep 21 16:47:59 CST 2012" />
              <Test name="testVFE4" result="pass" starttime="Fri Sep 21 16:47:59 CST 2012" endtime="Fri Sep 21 16:48:00 CST 2012" />
              <Test name="testVFE5" result="pass" starttime="Fri Sep 21 16:48:00 CST 2012" endtime="Fri Sep 21 16:48:00 CST 2012" />
              <Test name="testVFE6" result="pass" starttime="Fri Sep 21 16:48:00 CST 2012" endtime="Fri Sep 21 16:48:00 CST 2012" />
              <Test name="testVFE7" result="pass" starttime="Fri Sep 21 16:48:00 CST 2012" endtime="Fri Sep 21 16:48:01 CST 2012" />
              <Test name="testVFE8" result="pass" starttime="Fri Sep 21 16:48:01 CST 2012" endtime="Fri Sep 21 16:48:01 CST 2012" />
            </TestCase>
          </TestSuite>
          <TestSuite name="and_int">
            <TestCase name="JUnit_Test_and_int" priority="">
              <Test name="testB1" result="pass" starttime="Fri Sep 21 16:48:01 CST 2012" endtime="Fri Sep 21 16:48:02 CST 2012" />
              <Test name="testB2" result="pass" starttime="Fri Sep 21 16:48:02 CST 2012" endtime="Fri Sep 21 16:48:02 CST 2012" />
              <Test name="testN1" result="pass" starttime="Fri Sep 21 16:48:02 CST 2012" endtime="Fri Sep 21 16:48:02 CST 2012" />
              <Test name="testN2" result="pass" starttime="Fri Sep 21 16:48:02 CST 2012" endtime="Fri Sep 21 16:48:03 CST 2012" />
              <Test name="testN3" result="pass" starttime="Fri Sep 21 16:48:03 CST 2012" endtime="Fri Sep 21 16:48:03 CST 2012" />
              <Test name="testVFE1" result="pass" starttime="Fri Sep 21 16:48:03 CST 2012" endtime="Fri Sep 21 16:48:04 CST 2012" />
              <Test name="testVFE2" result="pass" starttime="Fri Sep 21 16:48:04 CST 2012" endtime="Fri Sep 21 16:48:04 CST 2012" />
              <Test name="testVFE3" result="pass" starttime="Fri Sep 21 16:48:04 CST 2012" endtime="Fri Sep 21 16:48:05 CST 2012" />
              <Test name="testVFE4" result="pass" starttime="Fri Sep 21 16:48:05 CST 2012" endtime="Fri Sep 21 16:48:05 CST 2012" />
              <Test name="testVFE5" result="pass" starttime="Fri Sep 21 16:48:05 CST 2012" endtime="Fri Sep 21 16:48:05 CST 2012" />
            </TestCase>
          </TestSuite>
          <TestSuite name="and_int_2addr">
            <TestCase name="JUnit_Test_and_int_2addr" priority="">
              <Test name="testB1" result="pass" starttime="Fri Sep 21 16:48:05 CST 2012" endtime="Fri Sep 21 16:48:06 CST 2012" />
              <Test name="testB2" result="pass" starttime="Fri Sep 21 16:48:06 CST 2012" endtime="Fri Sep 21 16:48:06 CST 2012" />
              <Test name="testN1" result="pass" starttime="Fri Sep 21 16:48:06 CST 2012" endtime="Fri Sep 21 16:48:07 CST 2012" />
              <Test name="testN2" result="pass" starttime="Fri Sep 21 16:48:07 CST 2012" endtime="Fri Sep 21 16:48:07 CST 2012" />
              <Test name="testN3" result="pass" starttime="Fri Sep 21 16:48:07 CST 2012" endtime="Fri Sep 21 16:48:07 CST 2012" />
              <Test name="testVFE1" result="pass" starttime="Fri Sep 21 16:48:07 CST 2012" endtime="Fri Sep 21 16:48:08 CST 2012" />
              <Test name="testVFE2" result="pass" starttime="Fri Sep 21 16:48:08 CST 2012" endtime="Fri Sep 21 16:48:08 CST 2012" />
              <Test name="testVFE3" result="pass" starttime="Fri Sep 21 16:48:08 CST 2012" endtime="Fri Sep 21 16:48:09 CST 2012" />
              <Test name="testVFE4" result="pass" starttime="Fri Sep 21 16:48:09 CST 2012" endtime="Fri Sep 21 16:48:09 CST 2012" />
              <Test name="testVFE5" result="pass" starttime="Fri Sep 21 16:48:09 CST 2012" endtime="Fri Sep 21 16:48:10 CST 2012" />
            </TestCase>
          </TestSuite>
          <TestSuite name="and_int_lit16">
            <TestCase name="JUnit_Test_and_int_lit16" priority="">
              <Test name="testB1" result="pass" starttime="Fri Sep 21 16:48:10 CST 2012" endtime="Fri Sep 21 16:48:10 CST 2012" />
              <Test name="testB2" result="pass" starttime="Fri Sep 21 16:48:10 CST 2012" endtime="Fri Sep 21 16:48:11 CST 2012" />
              <Test name="testN1" result="pass" starttime="Fri Sep 21 16:48:11 CST 2012" endtime="Fri Sep 21 16:48:11 CST 2012" />
              <Test name="testN2" result="pass" starttime="Fri Sep 21 16:48:11 CST 2012" endtime="Fri Sep 21 16:48:11 CST 2012" />
              <Test name="testN3" result="pass" starttime="Fri Sep 21 16:48:11 CST 2012" endtime="Fri Sep 21 16:48:12 CST 2012" />
              <Test name="testVFE1" result="pass" starttime="Fri Sep 21 16:48:12 CST 2012" endtime="Fri Sep 21 16:48:12 CST 2012" />
              <Test name="testVFE2" result="pass" starttime="Fri Sep 21 16:48:12 CST 2012" endtime="Fri Sep 21 16:48:13 CST 2012" />
              <Test name="testVFE3" result="pass" starttime="Fri Sep 21 16:48:13 CST 2012" endtime="Fri Sep 21 16:48:13 CST 2012" />
              <Test name="testVFE5" result="pass" starttime="Fri Sep 21 16:48:13 CST 2012" endtime="Fri Sep 21 16:48:14 CST 2012" />
              <Test name="testVFE6" result="pass" starttime="Fri Sep 21 16:48:14 CST 2012" endtime="Fri Sep 21 16:48:14 CST 2012" />
            </TestCase>
          </TestSuite>
          <TestSuite name="and_int_lit8">
            <TestCase name="JUnit_Test_and_int_lit8" priority="">
              <Test name="testB1" result="pass" starttime="Fri Sep 21 16:48:14 CST 2012" endtime="Fri Sep 21 16:48:14 CST 2012" />
              <Test name="testB2" result="pass" starttime="Fri Sep 21 16:48:14 CST 2012" endtime="Fri Sep 21 16:48:15 CST 2012" />
              <Test name="testN1" result="pass" starttime="Fri Sep 21 16:48:15 CST 2012" endtime="Fri Sep 21 16:48:15 CST 2012" />
              <Test name="testN2" result="pass" starttime="Fri Sep 21 16:48:15 CST 2012" endtime="Fri Sep 21 16:48:16 CST 2012" />
              <Test name="testN3" result="pass" starttime="Fri Sep 21 16:48:16 CST 2012" endtime="Fri Sep 21 16:48:16 CST 2012" />
              <Test name="testVFE1" result="pass" starttime="Fri Sep 21 16:48:16 CST 2012" endtime="Fri Sep 21 16:48:16 CST 2012" />
              <Test name="testVFE2" result="pass" starttime="Fri Sep 21 16:48:16 CST 2012" endtime="Fri Sep 21 16:48:17 CST 2012" />
              <Test name="testVFE3" result="pass" starttime="Fri Sep 21 16:48:17 CST 2012" endtime="Fri Sep 21 16:48:17 CST 2012" />
              <Test name="testVFE5" result="pass" starttime="Fri Sep 21 16:48:17 CST 2012" endtime="Fri Sep 21 16:48:18 CST 2012" />
              <Test name="testVFE6" result="pass" starttime="Fri Sep 21 16:48:18 CST 2012" endtime="Fri Sep 21 16:48:18 CST 2012" />
            </TestCase>
          </TestSuite>
          <TestSuite name="and_long">
            <TestCase name="JUnit_Test_and_long" priority="">
              <Test name="testB1" result="pass" starttime="Fri Sep 21 16:48:18 CST 2012" endtime="Fri Sep 21 16:48:19 CST 2012" />
              <Test name="testB2" result="pass" starttime="Fri Sep 21 16:48:19 CST 2012" endtime="Fri Sep 21 16:48:19 CST 2012" />
              <Test name="testN1" result="pass" starttime="Fri Sep 21 16:48:19 CST 2012" endtime="Fri Sep 21 16:48:19 CST 2012" />
              <Test name="testN2" result="pass" starttime="Fri Sep 21 16:48:19 CST 2012" endtime="Fri Sep 21 16:48:20 CST 2012" />
              <Test name="testN3" result="pass" starttime="Fri Sep 21 16:48:20 CST 2012" endtime="Fri Sep 21 16:48:20 CST 2012" />
              <Test name="testVFE1" result="pass" starttime="Fri Sep 21 16:48:20 CST 2012" endtime="Fri Sep 21 16:48:21 CST 2012" />
              <Test name="testVFE2" result="pass" starttime="Fri Sep 21 16:48:21 CST 2012" endtime="Fri Sep 21 16:48:21 CST 2012" />
              <Test name="testVFE3" result="pass" starttime="Fri Sep 21 16:48:21 CST 2012" endtime="Fri Sep 21 16:48:21 CST 2012" />
              <Test name="testVFE4" result="pass" starttime="Fri Sep 21 16:48:21 CST 2012" endtime="Fri Sep 21 16:48:22 CST 2012" />
              <Test name="testVFE5" result="pass" starttime="Fri Sep 21 16:48:22 CST 2012" endtime="Fri Sep 21 16:48:22 CST 2012" />
            </TestCase>
          </TestSuite>
          <TestSuite name="and_long_2addr">
            <TestCase name="JUnit_Test_and_long_2addr" priority="">
              <Test name="testB1" result="pass" starttime="Fri Sep 21 16:48:22 CST 2012" endtime="Fri Sep 21 16:48:23 CST 2012" />
              <Test name="testB2" result="pass" starttime="Fri Sep 21 16:48:23 CST 2012" endtime="Fri Sep 21 16:48:23 CST 2012" />
              <Test name="testN1" result="pass" starttime="Fri Sep 21 16:48:23 CST 2012" endtime="Fri Sep 21 16:48:23 CST 2012" />
              <Test name="testN2" result="pass" starttime="Fri Sep 21 16:48:23 CST 2012" endtime="Fri Sep 21 16:48:24 CST 2012" />
              <Test name="testN3" result="pass" starttime="Fri Sep 21 16:48:24 CST 2012" endtime="Fri Sep 21 16:48:24 CST 2012" />
              <Test name="testVFE1" result="pass" starttime="Fri Sep 21 16:48:24 CST 2012" endtime="Fri Sep 21 16:48:24 CST 2012" />
              <Test name="testVFE2" result="pass" starttime="Fri Sep 21 16:48:24 CST 2012" endtime="Fri Sep 21 16:48:25 CST 2012" />
              <Test name="testVFE3" result="pass" starttime="Fri Sep 21 16:48:25 CST 2012" endtime="Fri Sep 21 16:48:25 CST 2012" />
              <Test name="testVFE4" result="pass" starttime="Fri Sep 21 16:48:25 CST 2012" endtime="Fri Sep 21 16:48:26 CST 2012" />
              <Test name="testVFE5" result="pass" starttime="Fri Sep 21 16:48:26 CST 2012" endtime="Fri Sep 21 16:48:26 CST 2012" />
            </TestCase>
          </TestSuite>
          <TestSuite name="aput">
            <TestCase name="JUnit_Test_aput" priority="">
              <Test name="testE1" result="pass" starttime="Fri Sep 21 16:48:26 CST 2012" endtime="Fri Sep 21 16:48:27 CST 2012" />
              <Test name="testE2" result="pass" starttime="Fri Sep 21 16:48:27 CST 2012" endtime="Fri Sep 21 16:48:27 CST 2012" />
              <Test name="testE3" result="pass" starttime="Fri Sep 21 16:48:27 CST 2012" endtime="Fri Sep 21 16:48:27 CST 2012" />
              <Test name="testN1" result="pass" starttime="Fri Sep 21 16:48:27 CST 2012" endtime="Fri Sep 21 16:48:28 CST 2012" />
              <Test name="testN2" result="pass" starttime="Fri Sep 21 16:48:28 CST 2012" endtime="Fri Sep 21 16:48:28 CST 2012" />
              <Test name="testVFE1" result="pass" starttime="Fri Sep 21 16:48:28 CST 2012" endtime="Fri Sep 21 16:48:29 CST 2012" />
              <Test name="testVFE2" result="pass" starttime="Fri Sep 21 16:48:29 CST 2012" endtime="Fri Sep 21 16:48:29 CST 2012" />
              <Test name="testVFE3" result="pass" starttime="Fri Sep 21 16:48:29 CST 2012" endtime="Fri Sep 21 16:48:29 CST 2012" />
              <Test name="testVFE4" result="pass" starttime="Fri Sep 21 16:48:29 CST 2012" endtime="Fri Sep 21 16:48:30 CST 2012" />
              <Test name="testVFE5" result="pass" starttime="Fri Sep 21 16:48:30 CST 2012" endtime="Fri Sep 21 16:48:30 CST 2012" />
              <Test name="testVFE6" result="pass" starttime="Fri Sep 21 16:48:30 CST 2012" endtime="Fri Sep 21 16:48:31 CST 2012" />
              <Test name="testVFE7" result="pass" starttime="Fri Sep 21 16:48:31 CST 2012" endtime="Fri Sep 21 16:48:31 CST 2012" />
              <Test name="testVFE8" result="pass" starttime="Fri Sep 21 16:48:31 CST 2012" endtime="Fri Sep 21 16:48:32 CST 2012" />
            </TestCase>
          </TestSuite>
          <TestSuite name="aput_boolean">
            <TestCase name="JUnit_Test_aput_boolean" priority="">
              <Test name="testE1" result="pass" starttime="Fri Sep 21 16:48:32 CST 2012" endtime="Fri Sep 21 16:48:32 CST 2012" />
              <Test name="testE2" result="pass" starttime="Fri Sep 21 16:48:32 CST 2012" endtime="Fri Sep 21 16:48:32 CST 2012" />
              <Test name="testE3" result="pass" starttime="Fri Sep 21 16:48:32 CST 2012" endtime="Fri Sep 21 16:48:33 CST 2012" />
              <Test name="testN1" result="pass" starttime="Fri Sep 21 16:48:33 CST 2012" endtime="Fri Sep 21 16:48:33 CST 2012" />
              <Test name="testN2" result="pass" starttime="Fri Sep 21 16:48:33 CST 2012" endtime="Fri Sep 21 16:48:33 CST 2012" />
              <Test name="testVFE1" result="pass" starttime="Fri Sep 21 16:48:33 CST 2012" endtime="Fri Sep 21 16:48:34 CST 2012" />
              <Test name="testVFE10" result="pass" starttime="Fri Sep 21 16:48:34 CST 2012" endtime="Fri Sep 21 16:48:34 CST 2012" />
              <Test name="testVFE2" result="pass" starttime="Fri Sep 21 16:48:34 CST 2012" endtime="Fri Sep 21 16:48:35 CST 2012" />
              <Test name="testVFE3" result="pass" starttime="Fri Sep 21 16:48:35 CST 2012" endtime="Fri Sep 21 16:48:35 CST 2012" />
              <Test name="testVFE4" result="pass" starttime="Fri Sep 21 16:48:35 CST 2012" endtime="Fri Sep 21 16:48:36 CST 2012" />
              <Test name="testVFE5" result="pass" starttime="Fri Sep 21 16:48:36 CST 2012" endtime="Fri Sep 21 16:48:36 CST 2012" />
              <Test name="testVFE6" result="pass" starttime="Fri Sep 21 16:48:36 CST 2012" endtime="Fri Sep 21 16:48:36 CST 2012" />
              <Test name="testVFE7" result="pass" starttime="Fri Sep 21 16:48:36 CST 2012" endtime="Fri Sep 21 16:48:37 CST 2012" />
              <Test name="testVFE9" result="pass" starttime="Fri Sep 21 16:48:37 CST 2012" endtime="Fri Sep 21 16:48:37 CST 2012" />
            </TestCase>
          </TestSuite>
          <TestSuite name="aput_byte">
            <TestCase name="JUnit_Test_aput_byte" priority="">
              <Test name="testE1" result="pass" starttime="Fri Sep 21 16:48:37 CST 2012" endtime="Fri Sep 21 16:48:38 CST 2012" />
              <Test name="testE2" result="pass" starttime="Fri Sep 21 16:48:38 CST 2012" endtime="Fri Sep 21 16:48:38 CST 2012" />
              <Test name="testE3" result="pass" starttime="Fri Sep 21 16:48:38 CST 2012" endtime="Fri Sep 21 16:48:38 CST 2012" />
              <Test name="testN1" result="pass" starttime="Fri Sep 21 16:48:38 CST 2012" endtime="Fri Sep 21 16:48:39 CST 2012" />
              <Test name="testN2" result="pass" starttime="Fri Sep 21 16:48:39 CST 2012" endtime="Fri Sep 21 16:48:39 CST 2012" />
              <Test name="testVFE1" result="pass" starttime="Fri Sep 21 16:48:39 CST 2012" endtime="Fri Sep 21 16:48:40 CST 2012" />
              <Test name="testVFE2" result="pass" starttime="Fri Sep 21 16:48:40 CST 2012" endtime="Fri Sep 21 16:48:40 CST 2012" />
              <Test name="testVFE3" result="pass" starttime="Fri Sep 21 16:48:40 CST 2012" endtime="Fri Sep 21 16:48:41 CST 2012" />
              <Test name="testVFE4" result="pass" starttime="Fri Sep 21 16:48:41 CST 2012" endtime="Fri Sep 21 16:48:41 CST 2012" />
              <Test name="testVFE5" result="pass" starttime="Fri Sep 21 16:48:41 CST 2012" endtime="Fri Sep 21 16:48:41 CST 2012" />
              <Test name="testVFE6" result="pass" starttime="Fri Sep 21 16:48:41 CST 2012" endtime="Fri Sep 21 16:48:42 CST 2012" />
              <Test name="testVFE7" result="pass" starttime="Fri Sep 21 16:48:42 CST 2012" endtime="Fri Sep 21 16:48:42 CST 2012" />
              <Test name="testVFE8" result="pass" starttime="Fri Sep 21 16:48:42 CST 2012" endtime="Fri Sep 21 16:48:43 CST 2012" />
              <Test name="testVFE9" result="pass" starttime="Fri Sep 21 16:48:43 CST 2012" endtime="Fri Sep 21 16:48:43 CST 2012" />
            </TestCase>
          </TestSuite>
          <TestSuite name="aput_char">
            <TestCase name="JUnit_Test_aput_char" priority="">
              <Test name="testE1" result="pass" starttime="Fri Sep 21 16:48:43 CST 2012" endtime="Fri Sep 21 16:48:44 CST 2012" />
              <Test name="testE2" result="pass" starttime="Fri Sep 21 16:48:44 CST 2012" endtime="Fri Sep 21 16:48:44 CST 2012" />
              <Test name="testE3" result="pass" starttime="Fri Sep 21 16:48:44 CST 2012" endtime="Fri Sep 21 16:48:44 CST 2012" />
              <Test name="testN1" result="pass" starttime="Fri Sep 21 16:48:44 CST 2012" endtime="Fri Sep 21 16:48:45 CST 2012" />
              <Test name="testN2" result="pass" starttime="Fri Sep 21 16:48:45 CST 2012" endtime="Fri Sep 21 16:48:45 CST 2012" />
              <Test name="testVFE1" result="pass" starttime="Fri Sep 21 16:48:45 CST 2012" endtime="Fri Sep 21 16:48:45 CST 2012" />
              <Test name="testVFE2" result="pass" starttime="Fri Sep 21 16:48:45 CST 2012" endtime="Fri Sep 21 16:48:46 CST 2012" />
              <Test name="testVFE3" result="pass" starttime="Fri Sep 21 16:48:46 CST 2012" endtime="Fri Sep 21 16:48:46 CST 2012" />
              <Test name="testVFE4" result="pass" starttime="Fri Sep 21 16:48:46 CST 2012" endtime="Fri Sep 21 16:48:47 CST 2012" />
              <Test name="testVFE5" result="pass" starttime="Fri Sep 21 16:48:47 CST 2012" endtime="Fri Sep 21 16:48:47 CST 2012" />
              <Test name="testVFE6" result="pass" starttime="Fri Sep 21 16:48:47 CST 2012" endtime="Fri Sep 21 16:48:48 CST 2012" />
              <Test name="testVFE7" result="pass" starttime="Fri Sep 21 16:48:48 CST 2012" endtime="Fri Sep 21 16:48:48 CST 2012" />
              <Test name="testVFE8" result="pass" starttime="Fri Sep 21 16:48:48 CST 2012" endtime="Fri Sep 21 16:48:48 CST 2012" />
              <Test name="testVFE9" result="pass" starttime="Fri Sep 21 16:48:48 CST 2012" endtime="Fri Sep 21 16:48:49 CST 2012" />
            </TestCase>
          </TestSuite>
          <TestSuite name="aput_object">
            <TestCase name="JUnit_Test_aput_object" priority="">
              <Test name="testE1" result="pass" starttime="Fri Sep 21 16:48:49 CST 2012" endtime="Fri Sep 21 16:48:49 CST 2012" />
              <Test name="testE2" result="pass" starttime="Fri Sep 21 16:48:49 CST 2012" endtime="Fri Sep 21 16:48:50 CST 2012" />
              <Test name="testE3" result="pass" starttime="Fri Sep 21 16:48:50 CST 2012" endtime="Fri Sep 21 16:48:50 CST 2012" />
              <Test name="testE4" result="pass" starttime="Fri Sep 21 16:48:50 CST 2012" endtime="Fri Sep 21 16:48:50 CST 2012" />
              <Test name="testN1" result="pass" starttime="Fri Sep 21 16:48:50 CST 2012" endtime="Fri Sep 21 16:48:51 CST 2012" />
              <Test name="testN2" result="pass" starttime="Fri Sep 21 16:48:51 CST 2012" endtime="Fri Sep 21 16:48:51 CST 2012" />
              <Test name="testN3" result="pass" starttime="Fri Sep 21 16:48:51 CST 2012" endtime="Fri Sep 21 16:48:52 CST 2012" />
              <Test name="testN4" result="pass" starttime="Fri Sep 21 16:48:52 CST 2012" endtime="Fri Sep 21 16:48:52 CST 2012" />
              <Test name="testVFE1" result="pass" starttime="Fri Sep 21 16:48:52 CST 2012" endtime="Fri Sep 21 16:48:52 CST 2012" />
              <Test name="testVFE2" result="pass" starttime="Fri Sep 21 16:48:52 CST 2012" endtime="Fri Sep 21 16:48:53 CST 2012" />
              <Test name="testVFE3" result="pass" starttime="Fri Sep 21 16:48:53 CST 2012" endtime="Fri Sep 21 16:48:53 CST 2012" />
              <Test name="testVFE4" result="pass" starttime="Fri Sep 21 16:48:53 CST 2012" endtime="Fri Sep 21 16:48:54 CST 2012" />
              <Test name="testVFE5" result="pass" starttime="Fri Sep 21 16:48:54 CST 2012" endtime="Fri Sep 21 16:48:54 CST 2012" />
              <Test name="testVFE6" result="pass" starttime="Fri Sep 21 16:48:54 CST 2012" endtime="Fri Sep 21 16:48:55 CST 2012" />
              <Test name="testVFE7" result="pass" starttime="Fri Sep 21 16:48:55 CST 2012" endtime="Fri Sep 21 16:48:55 CST 2012" />
              <Test name="testVFE8" result="pass" starttime="Fri Sep 21 16:48:55 CST 2012" endtime="Fri Sep 21 16:48:56 CST 2012" />
              <Test name="testVFE9" result="pass" starttime="Fri Sep 21 16:48:56 CST 2012" endtime="Fri Sep 21 16:48:56 CST 2012" />
            </TestCase>
          </TestSuite>
          <TestSuite name="aput_short">
            <TestCase name="JUnit_Test_aput_short" priority="">
              <Test name="testE1" result="pass" starttime="Fri Sep 21 16:48:56 CST 2012" endtime="Fri Sep 21 16:48:56 CST 2012" />
              <Test name="testE2" result="pass" starttime="Fri Sep 21 16:48:56 CST 2012" endtime="Fri Sep 21 16:48:57 CST 2012" />
              <Test name="testE3" result="pass" starttime="Fri Sep 21 16:48:57 CST 2012" endtime="Fri Sep 21 16:48:57 CST 2012" />
              <Test name="testN1" result="pass" starttime="Fri Sep 21 16:48:57 CST 2012" endtime="Fri Sep 21 16:48:57 CST 2012" />
              <Test name="testN2" result="pass" starttime="Fri Sep 21 16:48:57 CST 2012" endtime="Fri Sep 21 16:48:58 CST 2012" />
              <Test name="testVFE1" result="pass" starttime="Fri Sep 21 16:48:58 CST 2012" endtime="Fri Sep 21 16:48:58 CST 2012" />
              <Test name="testVFE2" result="pass" starttime="Fri Sep 21 16:48:58 CST 2012" endtime="Fri Sep 21 16:48:59 CST 2012" />
              <Test name="testVFE3" result="pass" starttime="Fri Sep 21 16:48:59 CST 2012" endtime="Fri Sep 21 16:48:59 CST 2012" />
              <Test name="testVFE4" result="pass" starttime="Fri Sep 21 16:48:59 CST 2012" endtime="Fri Sep 21 16:49:00 CST 2012" />
              <Test name="testVFE5" result="pass" starttime="Fri Sep 21 16:49:00 CST 2012" endtime="Fri Sep 21 16:49:00 CST 2012" />
              <Test name="testVFE6" result="pass" starttime="Fri Sep 21 16:49:00 CST 2012" endtime="Fri Sep 21 16:49:01 CST 2012" />
              <Test name="testVFE7" result="pass" starttime="Fri Sep 21 16:49:01 CST 2012" endtime="Fri Sep 21 16:49:01 CST 2012" />
              <Test name="testVFE8" result="pass" starttime="Fri Sep 21 16:49:01 CST 2012" endtime="Fri Sep 21 16:49:01 CST 2012" />
              <Test name="testVFE9" result="pass" starttime="Fri Sep 21 16:49:01 CST 2012" endtime="Fri Sep 21 16:49:02 CST 2012" />
            </TestCase>
          </TestSuite>
          <TestSuite name="aput_wide">
            <TestCase name="JUnit_Test_aput_wide" priority="">
              <Test name="testE1" result="pass" starttime="Fri Sep 21 16:49:02 CST 2012" endtime="Fri Sep 21 16:49:02 CST 2012" />
              <Test name="testE2" result="pass" starttime="Fri Sep 21 16:49:02 CST 2012" endtime="Fri Sep 21 16:49:03 CST 2012" />
              <Test name="testE3" result="pass" starttime="Fri Sep 21 16:49:03 CST 2012" endtime="Fri Sep 21 16:49:03 CST 2012" />
              <Test name="testN1" result="pass" starttime="Fri Sep 21 16:49:03 CST 2012" endtime="Fri Sep 21 16:49:03 CST 2012" />
              <Test name="testN2" result="pass" starttime="Fri Sep 21 16:49:03 CST 2012" endtime="Fri Sep 21 16:49:04 CST 2012" />
              <Test name="testN3" result="pass" starttime="Fri Sep 21 16:49:04 CST 2012" endtime="Fri Sep 21 16:49:04 CST 2012" />
              <Test name="testVFE1" result="pass" starttime="Fri Sep 21 16:49:04 CST 2012" endtime="Fri Sep 21 16:49:05 CST 2012" />
              <Test name="testVFE2" result="pass" starttime="Fri Sep 21 16:49:05 CST 2012" endtime="Fri Sep 21 16:49:05 CST 2012" />
              <Test name="testVFE3" result="pass" starttime="Fri Sep 21 16:49:05 CST 2012" endtime="Fri Sep 21 16:49:06 CST 2012" />
              <Test name="testVFE4" result="pass" starttime="Fri Sep 21 16:49:06 CST 2012" endtime="Fri Sep 21 16:49:06 CST 2012" />
              <Test name="testVFE5" result="pass" starttime="Fri Sep 21 16:49:06 CST 2012" endtime="Fri Sep 21 16:49:06 CST 2012" />
              <Test name="testVFE6" result="pass" starttime="Fri Sep 21 16:49:06 CST 2012" endtime="Fri Sep 21 16:49:07 CST 2012" />
              <Test name="testVFE7" result="pass" starttime="Fri Sep 21 16:49:07 CST 2012" endtime="Fri Sep 21 16:49:07 CST 2012" />
              <Test name="testVFE8" result="pass" starttime="Fri Sep 21 16:49:07 CST 2012" endtime="Fri Sep 21 16:49:08 CST 2012" />
            </TestCase>
          </TestSuite>
          <TestSuite name="array_length">
            <TestCase name="JUnit_Test_array_length" priority="">
              <Test name="testN1" result="pass" starttime="Fri Sep 21 16:49:08 CST 2012" endtime="Fri Sep 21 16:49:08 CST 2012" />
              <Test name="testN2" result="pass" starttime="Fri Sep 21 16:49:08 CST 2012" endtime="Fri Sep 21 16:49:08 CST 2012" />
              <Test name="testNPE1" result="pass" starttime="Fri Sep 21 16:49:08 CST 2012" endtime="Fri Sep 21 16:49:09 CST 2012" />
              <Test name="testVFE1" result="pass" starttime="Fri Sep 21 16:49:09 CST 2012" endtime="Fri Sep 21 16:49:09 CST 2012" />
              <Test name="testVFE2" result="pass" starttime="Fri Sep 21 16:49:09 CST 2012" endtime="Fri Sep 21 16:49:10 CST 2012" />
              <Test name="testVFE3" result="pass" starttime="Fri Sep 21 16:49:10 CST 2012" endtime="Fri Sep 21 16:49:10 CST 2012" />
            </TestCase>
          </TestSuite>
          <TestSuite name="check_cast">
            <TestCase name="JUnit_Test_check_cast" priority="">
              <Test name="testE1" result="pass" starttime="Fri Sep 21 16:49:10 CST 2012" endtime="Fri Sep 21 16:49:10 CST 2012" />
              <Test name="testN1" result="pass" starttime="Fri Sep 21 16:49:10 CST 2012" endtime="Fri Sep 21 16:49:11 CST 2012" />
              <Test name="testN2" result="pass" starttime="Fri Sep 21 16:49:11 CST 2012" endtime="Fri Sep 21 16:49:11 CST 2012" />
              <Test name="testN4" result="pass" starttime="Fri Sep 21 16:49:11 CST 2012" endtime="Fri Sep 21 16:49:12 CST 2012" />
              <Test name="testVFE1" result="pass" starttime="Fri Sep 21 16:49:12 CST 2012" endtime="Fri Sep 21 16:49:12 CST 2012" />
              <Test name="testVFE2" result="pass" starttime="Fri Sep 21 16:49:12 CST 2012" endtime="Fri Sep 21 16:49:12 CST 2012" />
              <Test name="testVFE3" result="pass" starttime="Fri Sep 21 16:49:12 CST 2012" endtime="Fri Sep 21 16:49:13 CST 2012" />
              <Test name="testVFE4" result="pass" starttime="Fri Sep 21 16:49:13 CST 2012" endtime="Fri Sep 21 16:49:13 CST 2012" />
              <Test name="testVFE5" result="pass" starttime="Fri Sep 21 16:49:13 CST 2012" endtime="Fri Sep 21 16:49:14 CST 2012" />
              <Test name="testVFE6" result="pass" starttime="Fri Sep 21 16:49:14 CST 2012" endtime="Fri Sep 21 16:49:14 CST 2012" />
              <Test name="testVFE7" result="pass" starttime="Fri Sep 21 16:49:14 CST 2012" endtime="Fri Sep 21 16:49:15 CST 2012" />
            </TestCase>
          </TestSuite>
          <TestSuite name="cmp_long">
            <TestCase name="JUnit_Test_cmp_long" priority="">
              <Test name="testB1" result="pass" starttime="Fri Sep 21 16:49:15 CST 2012" endtime="Fri Sep 21 16:49:15 CST 2012" />
              <Test name="testB2" result="pass" starttime="Fri Sep 21 16:49:15 CST 2012" endtime="Fri Sep 21 16:49:15 CST 2012" />
              <Test name="testB3" result="pass" starttime="Fri Sep 21 16:49:15 CST 2012" endtime="Fri Sep 21 16:49:16 CST 2012" />
              <Test name="testB4" result="pass" starttime="Fri Sep 21 16:49:16 CST 2012" endtime="Fri Sep 21 16:49:16 CST 2012" />
              <Test name="testB5" result="pass" starttime="Fri Sep 21 16:49:16 CST 2012" endtime="Fri Sep 21 16:49:17 CST 2012" />
              <Test name="testB6" result="pass" starttime="Fri Sep 21 16:49:17 CST 2012" endtime="Fri Sep 21 16:49:17 CST 2012" />
              <Test name="testN1" result="pass" starttime="Fri Sep 21 16:49:17 CST 2012" endtime="Fri Sep 21 16:49:17 CST 2012" />
              <Test name="testN2" result="pass" starttime="Fri Sep 21 16:49:17 CST 2012" endtime="Fri Sep 21 16:49:18 CST 2012" />
              <Test name="testN3" result="pass" starttime="Fri Sep 21 16:49:18 CST 2012" endtime="Fri Sep 21 16:49:18 CST 2012" />
              <Test name="testVFE1" result="pass" starttime="Fri Sep 21 16:49:18 CST 2012" endtime="Fri Sep 21 16:49:18 CST 2012" />
              <Test name="testVFE2" result="pass" starttime="Fri Sep 21 16:49:18 CST 2012" endtime="Fri Sep 21 16:49:19 CST 2012" />
              <Test name="testVFE3" result="pass" starttime="Fri Sep 21 16:49:19 CST 2012" endtime="Fri Sep 21 16:49:19 CST 2012" />
              <Test name="testVFE4" result="pass" starttime="Fri Sep 21 16:49:19 CST 2012" endtime="Fri Sep 21 16:49:20 CST 2012" />
              <Test name="testVFE5" result="pass" starttime="Fri Sep 21 16:49:20 CST 2012" endtime="Fri Sep 21 16:49:20 CST 2012" />
            </TestCase>
          </TestSuite>
          <TestSuite name="cmpg_double">
            <TestCase name="JUnit_Test_cmpg_double" priority="">
              <Test name="testB1" result="pass" starttime="Fri Sep 21 16:49:20 CST 2012" endtime="Fri Sep 21 16:49:21 CST 2012" />
              <Test name="testB2" result="pass" starttime="Fri Sep 21 16:49:21 CST 2012" endtime="Fri Sep 21 16:49:21 CST 2012" />
              <Test name="testB3" result="pass" starttime="Fri Sep 21 16:49:21 CST 2012" endtime="Fri Sep 21 16:49:21 CST 2012" />
              <Test name="testB4" result="pass" starttime="Fri Sep 21 16:49:21 CST 2012" endtime="Fri Sep 21 16:49:22 CST 2012" />
              <Test name="testB5" result="pass" starttime="Fri Sep 21 16:49:22 CST 2012" endtime="Fri Sep 21 16:49:22 CST 2012" />
              <Test name="testN1" result="pass" starttime="Fri Sep 21 16:49:22 CST 2012" endtime="Fri Sep 21 16:49:22 CST 2012" />
              <Test name="testN2" result="pass" starttime="Fri Sep 21 16:49:22 CST 2012" endtime="Fri Sep 21 16:49:23 CST 2012" />
              <Test name="testN3" result="pass" starttime="Fri Sep 21 16:49:23 CST 2012" endtime="Fri Sep 21 16:49:23 CST 2012" />
              <Test name="testVFE1" result="pass" starttime="Fri Sep 21 16:49:23 CST 2012" endtime="Fri Sep 21 16:49:24 CST 2012" />
              <Test name="testVFE2" result="pass" starttime="Fri Sep 21 16:49:24 CST 2012" endtime="Fri Sep 21 16:49:24 CST 2012" />
              <Test name="testVFE3" result="pass" starttime="Fri Sep 21 16:49:24 CST 2012" endtime="Fri Sep 21 16:49:25 CST 2012" />
              <Test name="testVFE4" result="pass" starttime="Fri Sep 21 16:49:25 CST 2012" endtime="Fri Sep 21 16:49:25 CST 2012" />
              <Test name="testVFE5" result="pass" starttime="Fri Sep 21 16:49:25 CST 2012" endtime="Fri Sep 21 16:49:25 CST 2012" />
            </TestCase>
          </TestSuite>
          <TestSuite name="cmpg_float">
            <TestCase name="JUnit_Test_cmpg_float" priority="">
              <Test name="testB1" result="pass" starttime="Fri Sep 21 16:49:25 CST 2012" endtime="Fri Sep 21 16:49:26 CST 2012" />
              <Test name="testB2" result="pass" starttime="Fri Sep 21 16:49:26 CST 2012" endtime="Fri Sep 21 16:49:26 CST 2012" />
              <Test name="testB3" result="pass" starttime="Fri Sep 21 16:49:26 CST 2012" endtime="Fri Sep 21 16:49:27 CST 2012" />
              <Test name="testB4" result="pass" starttime="Fri Sep 21 16:49:27 CST 2012" endtime="Fri Sep 21 16:49:27 CST 2012" />
              <Test name="testB5" result="pass" starttime="Fri Sep 21 16:49:27 CST 2012" endtime="Fri Sep 21 16:49:27 CST 2012" />
              <Test name="testN1" result="pass" starttime="Fri Sep 21 16:49:27 CST 2012" endtime="Fri Sep 21 16:49:28 CST 2012" />
              <Test name="testN2" result="pass" starttime="Fri Sep 21 16:49:28 CST 2012" endtime="Fri Sep 21 16:49:28 CST 2012" />
              <Test name="testN3" result="pass" starttime="Fri Sep 21 16:49:28 CST 2012" endtime="Fri Sep 21 16:49:28 CST 2012" />
              <Test name="testVFE1" result="pass" starttime="Fri Sep 21 16:49:28 CST 2012" endtime="Fri Sep 21 16:49:29 CST 2012" />
              <Test name="testVFE2" result="pass" starttime="Fri Sep 21 16:49:29 CST 2012" endtime="Fri Sep 21 16:49:29 CST 2012" />
              <Test name="testVFE3" result="pass" starttime="Fri Sep 21 16:49:29 CST 2012" endtime="Fri Sep 21 16:49:30 CST 2012" />
              <Test name="testVFE4" result="pass" starttime="Fri Sep 21 16:49:30 CST 2012" endtime="Fri Sep 21 16:49:30 CST 2012" />
              <Test name="testVFE5" result="pass" starttime="Fri Sep 21 16:49:30 CST 2012" endtime="Fri Sep 21 16:49:30 CST 2012" />
            </TestCase>
          </TestSuite>
          <TestSuite name="cmpl_double">
            <TestCase name="JUnit_Test_cmpl_double" priority="">
              <Test name="testB1" result="pass" starttime="Fri Sep 21 16:49:30 CST 2012" endtime="Fri Sep 21 16:49:31 CST 2012" />
              <Test name="testB2" result="pass" starttime="Fri Sep 21 16:49:31 CST 2012" endtime="Fri Sep 21 16:49:31 CST 2012" />
              <Test name="testB3" result="pass" starttime="Fri Sep 21 16:49:31 CST 2012" endtime="Fri Sep 21 16:49:32 CST 2012" />
              <Test name="testB4" result="pass" starttime="Fri Sep 21 16:49:32 CST 2012" endtime="Fri Sep 21 16:49:32 CST 2012" />
              <Test name="testB5" result="pass" starttime="Fri Sep 21 16:49:32 CST 2012" endtime="Fri Sep 21 16:49:32 CST 2012" />
              <Test name="testN1" result="pass" starttime="Fri Sep 21 16:49:32 CST 2012" endtime="Fri Sep 21 16:49:33 CST 2012" />
              <Test name="testN2" result="pass" starttime="Fri Sep 21 16:49:33 CST 2012" endtime="Fri Sep 21 16:49:33 CST 2012" />
              <Test name="testN3" result="pass" starttime="Fri Sep 21 16:49:33 CST 2012" endtime="Fri Sep 21 16:49:34 CST 2012" />
              <Test name="testVFE1" result="pass" starttime="Fri Sep 21 16:49:34 CST 2012" endtime="Fri Sep 21 16:49:34 CST 2012" />
              <Test name="testVFE2" result="pass" starttime="Fri Sep 21 16:49:34 CST 2012" endtime="Fri Sep 21 16:49:34 CST 2012" />
              <Test name="testVFE3" result="pass" starttime="Fri Sep 21 16:49:34 CST 2012" endtime="Fri Sep 21 16:49:35 CST 2012" />
              <Test name="testVFE4" result="pass" starttime="Fri Sep 21 16:49:35 CST 2012" endtime="Fri Sep 21 16:49:35 CST 2012" />
              <Test name="testVFE5" result="pass" starttime="Fri Sep 21 16:49:35 CST 2012" endtime="Fri Sep 21 16:49:36 CST 2012" />
            </TestCase>
          </TestSuite>
          <TestSuite name="cmpl_float">
            <TestCase name="JUnit_Test_cmpl_float" priority="">
              <Test name="testB1" result="pass" starttime="Fri Sep 21 16:49:36 CST 2012" endtime="Fri Sep 21 16:49:36 CST 2012" />
              <Test name="testB2" result="pass" starttime="Fri Sep 21 16:49:36 CST 2012" endtime="Fri Sep 21 16:49:36 CST 2012" />
              <Test name="testB3" result="pass" starttime="Fri Sep 21 16:49:36 CST 2012" endtime="Fri Sep 21 16:49:37 CST 2012" />
              <Test name="testB4" result="pass" starttime="Fri Sep 21 16:49:37 CST 2012" endtime="Fri Sep 21 16:49:37 CST 2012" />
              <Test name="testB5" result="pass" starttime="Fri Sep 21 16:49:37 CST 2012" endtime="Fri Sep 21 16:49:38 CST 2012" />
              <Test name="testN1" result="pass" starttime="Fri Sep 21 16:49:38 CST 2012" endtime="Fri Sep 21 16:49:38 CST 2012" />
              <Test name="testN2" result="pass" starttime="Fri Sep 21 16:49:38 CST 2012" endtime="Fri Sep 21 16:49:38 CST 2012" />
              <Test name="testN3" result="pass" starttime="Fri Sep 21 16:49:38 CST 2012" endtime="Fri Sep 21 16:49:39 CST 2012" />
              <Test name="testVFE1" result="pass" starttime="Fri Sep 21 16:49:39 CST 2012" endtime="Fri Sep 21 16:49:39 CST 2012" />
              <Test name="testVFE2" result="pass" starttime="Fri Sep 21 16:49:39 CST 2012" endtime="Fri Sep 21 16:49:40 CST 2012" />
              <Test name="testVFE3" result="pass" starttime="Fri Sep 21 16:49:40 CST 2012" endtime="Fri Sep 21 16:49:40 CST 2012" />
              <Test name="testVFE4" result="pass" starttime="Fri Sep 21 16:49:40 CST 2012" endtime="Fri Sep 21 16:49:40 CST 2012" />
              <Test name="testVFE5" result="pass" starttime="Fri Sep 21 16:49:40 CST 2012" endtime="Fri Sep 21 16:49:41 CST 2012" />
            </TestCase>
          </TestSuite>
          <TestSuite name="const_16">
            <TestCase name="JUnit_Test_const_16" priority="">
              <Test name="testN2" result="pass" starttime="Fri Sep 21 16:49:41 CST 2012" endtime="Fri Sep 21 16:49:41 CST 2012" />
              <Test name="testVFE1" result="pass" starttime="Fri Sep 21 16:49:41 CST 2012" endtime="Fri Sep 21 16:49:42 CST 2012" />
              <Test name="testVFE2" result="pass" starttime="Fri Sep 21 16:49:42 CST 2012" endtime="Fri Sep 21 16:49:42 CST 2012" />
            </TestCase>
          </TestSuite>
          <TestSuite name="const_4">
            <TestCase name="JUnit_Test_const_4" priority="">
              <Test name="testN2" result="pass" starttime="Fri Sep 21 16:49:42 CST 2012" endtime="Fri Sep 21 16:49:43 CST 2012" />
              <Test name="testVFE1" result="pass" starttime="Fri Sep 21 16:49:43 CST 2012" endtime="Fri Sep 21 16:49:43 CST 2012" />
              <Test name="testVFE2" result="pass" starttime="Fri Sep 21 16:49:43 CST 2012" endtime="Fri Sep 21 16:49:43 CST 2012" />
            </TestCase>
          </TestSuite>
          <TestSuite name="const_class">
            <TestCase name="JUnit_Test_const_class" priority="">
              <Test name="testE1" result="pass" starttime="Fri Sep 21 16:49:43 CST 2012" endtime="Fri Sep 21 16:49:44 CST 2012" />
              <Test name="testE2" result="pass" starttime="Fri Sep 21 16:49:44 CST 2012" endtime="Fri Sep 21 16:49:44 CST 2012" />
              <Test name="testN1" result="pass" starttime="Fri Sep 21 16:49:44 CST 2012" endtime="Fri Sep 21 16:49:45 CST 2012" />
              <Test name="testN2" result="pass" starttime="Fri Sep 21 16:49:45 CST 2012" endtime="Fri Sep 21 16:49:45 CST 2012" />
              <Test name="testVFE1" result="pass" starttime="Fri Sep 21 16:49:45 CST 2012" endtime="Fri Sep 21 16:49:46 CST 2012" />
              <Test name="testVFE2" result="pass" starttime="Fri Sep 21 16:49:46 CST 2012" endtime="Fri Sep 21 16:49:46 CST 2012" />
              <Test name="testVFE3" result="pass" starttime="Fri Sep 21 16:49:46 CST 2012" endtime="Fri Sep 21 16:49:46 CST 2012" />
            </TestCase>
          </TestSuite>
          <TestSuite name="const_high16">
            <TestCase name="JUnit_Test_const_high16" priority="">
              <Test name="testN1" result="pass" starttime="Fri Sep 21 16:49:46 CST 2012" endtime="Fri Sep 21 16:49:47 CST 2012" />
              <Test name="testVFE1" result="pass" starttime="Fri Sep 21 16:49:47 CST 2012" endtime="Fri Sep 21 16:49:47 CST 2012" />
              <Test name="testVFE2" result="pass" starttime="Fri Sep 21 16:49:47 CST 2012" endtime="Fri Sep 21 16:49:48 CST 2012" />
            </TestCase>
          </TestSuite>
          <TestSuite name="const_string">
            <TestCase name="JUnit_Test_const_string" priority="">
              <Test name="testN1" result="pass" starttime="Fri Sep 21 16:49:48 CST 2012" endtime="Fri Sep 21 16:49:48 CST 2012" />
              <Test name="testVFE1" result="pass" starttime="Fri Sep 21 16:49:48 CST 2012" endtime="Fri Sep 21 16:49:49 CST 2012" />
              <Test name="testVFE2" result="pass" starttime="Fri Sep 21 16:49:49 CST 2012" endtime="Fri Sep 21 16:49:49 CST 2012" />
              <Test name="testVFE3" result="pass" starttime="Fri Sep 21 16:49:49 CST 2012" endtime="Fri Sep 21 16:49:49 CST 2012" />
            </TestCase>
          </TestSuite>
          <TestSuite name="const_string_jumbo">
            <TestCase name="JUnit_Test_const_string_jumbo" priority="">
              <Test name="testN1" result="pass" starttime="Fri Sep 21 16:49:49 CST 2012" endtime="Fri Sep 21 16:49:50 CST 2012" />
              <Test name="testVFE1" result="pass" starttime="Fri Sep 21 16:49:50 CST 2012" endtime="Fri Sep 21 16:49:50 CST 2012" />
              <Test name="testVFE2" result="pass" starttime="Fri Sep 21 16:49:50 CST 2012" endtime="Fri Sep 21 16:49:51 CST 2012" />
              <Test name="testVFE3" result="pass" starttime="Fri Sep 21 16:49:51 CST 2012" endtime="Fri Sep 21 16:49:51 CST 2012" />
            </TestCase>
          </TestSuite>
          <TestSuite name="const_wide">
            <TestCase name="JUnit_Test_const_wide" priority="">
              <Test name="testN1" result="pass" starttime="Fri Sep 21 16:49:51 CST 2012" endtime="Fri Sep 21 16:49:52 CST 2012" />
              <Test name="testN2" result="pass" starttime="Fri Sep 21 16:49:52 CST 2012" endtime="Fri Sep 21 16:49:52 CST 2012" />
              <Test name="testVFE1" result="pass" starttime="Fri Sep 21 16:49:52 CST 2012" endtime="Fri Sep 21 16:49:52 CST 2012" />
              <Test name="testVFE2" result="pass" starttime="Fri Sep 21 16:49:52 CST 2012" endtime="Fri Sep 21 16:49:53 CST 2012" />
            </TestCase>
          </TestSuite>
          <TestSuite name="const_wide_16">
            <TestCase name="JUnit_Test_const_wide_16" priority="">
              <Test name="testN1" result="pass" starttime="Fri Sep 21 16:49:53 CST 2012" endtime="Fri Sep 21 16:49:53 CST 2012" />
              <Test name="testVFE1" result="pass" starttime="Fri Sep 21 16:49:53 CST 2012" endtime="Fri Sep 21 16:49:54 CST 2012" />
              <Test name="testVFE2" result="pass" starttime="Fri Sep 21 16:49:54 CST 2012" endtime="Fri Sep 21 16:49:54 CST 2012" />
            </TestCase>
          </TestSuite>
          <TestSuite name="const_wide_32">
            <TestCase name="JUnit_Test_const_wide_32" priority="">
              <Test name="testN1" result="pass" starttime="Fri Sep 21 16:49:54 CST 2012" endtime="Fri Sep 21 16:49:54 CST 2012" />
              <Test name="testVFE1" result="pass" starttime="Fri Sep 21 16:49:54 CST 2012" endtime="Fri Sep 21 16:49:55 CST 2012" />
              <Test name="testVFE2" result="pass" starttime="Fri Sep 21 16:49:55 CST 2012" endtime="Fri Sep 21 16:49:55 CST 2012" />
            </TestCase>
          </TestSuite>
          <TestSuite name="const_wide_high16">
            <TestCase name="JUnit_Test_const_wide_high16" priority="">
              <Test name="testN2" result="pass" starttime="Fri Sep 21 16:49:55 CST 2012" endtime="Fri Sep 21 16:49:56 CST 2012" />
              <Test name="testVFE1" result="pass" starttime="Fri Sep 21 16:49:56 CST 2012" endtime="Fri Sep 21 16:49:56 CST 2012" />
              <Test name="testVFE2" result="pass" starttime="Fri Sep 21 16:49:56 CST 2012" endtime="Fri Sep 21 16:49:57 CST 2012" />
            </TestCase>
          </TestSuite>
          <TestSuite name="div_double">
            <TestCase name="JUnit_Test_div_double" priority="">
              <Test name="testB2" result="pass" starttime="Fri Sep 21 16:49:57 CST 2012" endtime="Fri Sep 21 16:49:57 CST 2012" />
              <Test name="testB3" result="pass" starttime="Fri Sep 21 16:49:57 CST 2012" endtime="Fri Sep 21 16:49:57 CST 2012" />
              <Test name="testB4" result="pass" starttime="Fri Sep 21 16:49:57 CST 2012" endtime="Fri Sep 21 16:49:58 CST 2012" />
              <Test name="testB5" result="pass" starttime="Fri Sep 21 16:49:58 CST 2012" endtime="Fri Sep 21 16:49:58 CST 2012" />
              <Test name="testB6" result="pass" starttime="Fri Sep 21 16:49:58 CST 2012" endtime="Fri Sep 21 16:49:58 CST 2012" />
              <Test name="testB7" result="pass" starttime="Fri Sep 21 16:49:58 CST 2012" endtime="Fri Sep 21 16:49:59 CST 2012" />
              <Test name="testB8" result="pass" starttime="Fri Sep 21 16:49:59 CST 2012" endtime="Fri Sep 21 16:49:59 CST 2012" />
              <Test name="testB9" result="pass" starttime="Fri Sep 21 16:49:59 CST 2012" endtime="Fri Sep 21 16:50:00 CST 2012" />
              <Test name="testN1" result="pass" starttime="Fri Sep 21 16:50:00 CST 2012" endtime="Fri Sep 21 16:50:00 CST 2012" />
              <Test name="testN2" result="pass" starttime="Fri Sep 21 16:50:00 CST 2012" endtime="Fri Sep 21 16:50:00 CST 2012" />
              <Test name="testN3" result="pass" starttime="Fri Sep 21 16:50:00 CST 2012" endtime="Fri Sep 21 16:50:01 CST 2012" />
              <Test name="testN4" result="pass" starttime="Fri Sep 21 16:50:01 CST 2012" endtime="Fri Sep 21 16:50:01 CST 2012" />
              <Test name="testVFE1" result="pass" starttime="Fri Sep 21 16:50:01 CST 2012" endtime="Fri Sep 21 16:50:02 CST 2012" />
              <Test name="testVFE2" result="pass" starttime="Fri Sep 21 16:50:02 CST 2012" endtime="Fri Sep 21 16:50:02 CST 2012" />
              <Test name="testVFE3" result="pass" starttime="Fri Sep 21 16:50:02 CST 2012" endtime="Fri Sep 21 16:50:02 CST 2012" />
              <Test name="testVFE4" result="pass" starttime="Fri Sep 21 16:50:02 CST 2012" endtime="Fri Sep 21 16:50:03 CST 2012" />
              <Test name="testVFE5" result="pass" starttime="Fri Sep 21 16:50:03 CST 2012" endtime="Fri Sep 21 16:50:03 CST 2012" />
            </TestCase>
          </TestSuite>
          <TestSuite name="div_double_2addr">
            <TestCase name="JUnit_Test_div_double_2addr" priority="">
              <Test name="testB2" result="pass" starttime="Fri Sep 21 16:50:03 CST 2012" endtime="Fri Sep 21 16:50:04 CST 2012" />
              <Test name="testB3" result="pass" starttime="Fri Sep 21 16:50:04 CST 2012" endtime="Fri Sep 21 16:50:04 CST 2012" />
              <Test name="testB4" result="pass" starttime="Fri Sep 21 16:50:04 CST 2012" endtime="Fri Sep 21 16:50:05 CST 2012" />
              <Test name="testB5" result="pass" starttime="Fri Sep 21 16:50:05 CST 2012" endtime="Fri Sep 21 16:50:05 CST 2012" />
              <Test name="testB6" result="pass" starttime="Fri Sep 21 16:50:05 CST 2012" endtime="Fri Sep 21 16:50:05 CST 2012" />
              <Test name="testB7" result="pass" starttime="Fri Sep 21 16:50:05 CST 2012" endtime="Fri Sep 21 16:50:06 CST 2012" />
              <Test name="testB8" result="pass" starttime="Fri Sep 21 16:50:06 CST 2012" endtime="Fri Sep 21 16:50:06 CST 2012" />
              <Test name="testB9" result="pass" starttime="Fri Sep 21 16:50:06 CST 2012" endtime="Fri Sep 21 16:50:07 CST 2012" />
              <Test name="testN1" result="pass" starttime="Fri Sep 21 16:50:07 CST 2012" endtime="Fri Sep 21 16:50:07 CST 2012" />
              <Test name="testN2" result="pass" starttime="Fri Sep 21 16:50:07 CST 2012" endtime="Fri Sep 21 16:50:07 CST 2012" />
              <Test name="testN3" result="pass" starttime="Fri Sep 21 16:50:07 CST 2012" endtime="Fri Sep 21 16:50:08 CST 2012" />
              <Test name="testN4" result="pass" starttime="Fri Sep 21 16:50:08 CST 2012" endtime="Fri Sep 21 16:50:08 CST 2012" />
              <Test name="testVFE1" result="pass" starttime="Fri Sep 21 16:50:08 CST 2012" endtime="Fri Sep 21 16:50:08 CST 2012" />
              <Test name="testVFE2" result="pass" starttime="Fri Sep 21 16:50:08 CST 2012" endtime="Fri Sep 21 16:50:09 CST 2012" />
              <Test name="testVFE3" result="pass" starttime="Fri Sep 21 16:50:09 CST 2012" endtime="Fri Sep 21 16:50:09 CST 2012" />
              <Test name="testVFE4" result="pass" starttime="Fri Sep 21 16:50:09 CST 2012" endtime="Fri Sep 21 16:50:10 CST 2012" />
              <Test name="testVFE5" result="pass" starttime="Fri Sep 21 16:50:10 CST 2012" endtime="Fri Sep 21 16:50:10 CST 2012" />
            </TestCase>
          </TestSuite>
          <TestSuite name="div_float">
            <TestCase name="JUnit_Test_div_float" priority="">
              <Test name="testB1" result="pass" starttime="Fri Sep 21 16:50:10 CST 2012" endtime="Fri Sep 21 16:50:11 CST 2012" />
              <Test name="testB2" result="pass" starttime="Fri Sep 21 16:50:11 CST 2012" endtime="Fri Sep 21 16:50:11 CST 2012" />
              <Test name="testB3" result="pass" starttime="Fri Sep 21 16:50:11 CST 2012" endtime="Fri Sep 21 16:50:11 CST 2012" />
              <Test name="testB4" result="pass" starttime="Fri Sep 21 16:50:11 CST 2012" endtime="Fri Sep 21 16:50:12 CST 2012" />
              <Test name="testB5" result="pass" starttime="Fri Sep 21 16:50:12 CST 2012" endtime="Fri Sep 21 16:50:12 CST 2012" />
              <Test name="testB6" result="pass" starttime="Fri Sep 21 16:50:12 CST 2012" endtime="Fri Sep 21 16:50:13 CST 2012" />
              <Test name="testB7" result="pass" starttime="Fri Sep 21 16:50:13 CST 2012" endtime="Fri Sep 21 16:50:13 CST 2012" />
              <Test name="testB8" result="pass" starttime="Fri Sep 21 16:50:13 CST 2012" endtime="Fri Sep 21 16:50:14 CST 2012" />
              <Test name="testB9" result="pass" starttime="Fri Sep 21 16:50:14 CST 2012" endtime="Fri Sep 21 16:50:14 CST 2012" />
              <Test name="testN1" result="pass" starttime="Fri Sep 21 16:50:14 CST 2012" endtime="Fri Sep 21 16:50:14 CST 2012" />
              <Test name="testN2" result="pass" starttime="Fri Sep 21 16:50:14 CST 2012" endtime="Fri Sep 21 16:50:15 CST 2012" />
              <Test name="testN3" result="pass" starttime="Fri Sep 21 16:50:15 CST 2012" endtime="Fri Sep 21 16:50:15 CST 2012" />
              <Test name="testVFE1" result="pass" starttime="Fri Sep 21 16:50:15 CST 2012" endtime="Fri Sep 21 16:50:15 CST 2012" />
              <Test name="testVFE2" result="pass" starttime="Fri Sep 21 16:50:15 CST 2012" endtime="Fri Sep 21 16:50:16 CST 2012" />
              <Test name="testVFE3" result="pass" starttime="Fri Sep 21 16:50:16 CST 2012" endtime="Fri Sep 21 16:50:16 CST 2012" />
              <Test name="testVFE4" result="pass" starttime="Fri Sep 21 16:50:16 CST 2012" endtime="Fri Sep 21 16:50:17 CST 2012" />
              <Test name="testVFE5" result="pass" starttime="Fri Sep 21 16:50:17 CST 2012" endtime="Fri Sep 21 16:50:17 CST 2012" />
            </TestCase>
          </TestSuite>
          <TestSuite name="div_float_2addr">
            <TestCase name="JUnit_Test_div_float_2addr" priority="">
              <Test name="testB1" result="pass" starttime="Fri Sep 21 16:50:17 CST 2012" endtime="Fri Sep 21 16:50:18 CST 2012" />
              <Test name="testB2" result="pass" starttime="Fri Sep 21 16:50:18 CST 2012" endtime="Fri Sep 21 16:50:18 CST 2012" />
              <Test name="testB3" result="pass" starttime="Fri Sep 21 16:50:18 CST 2012" endtime="Fri Sep 21 16:50:18 CST 2012" />
              <Test name="testB4" result="pass" starttime="Fri Sep 21 16:50:18 CST 2012" endtime="Fri Sep 21 16:50:19 CST 2012" />
              <Test name="testB5" result="pass" starttime="Fri Sep 21 16:50:19 CST 2012" endtime="Fri Sep 21 16:50:19 CST 2012" />
              <Test name="testB6" result="pass" starttime="Fri Sep 21 16:50:19 CST 2012" endtime="Fri Sep 21 16:50:20 CST 2012" />
              <Test name="testB7" result="pass" starttime="Fri Sep 21 16:50:20 CST 2012" endtime="Fri Sep 21 16:50:20 CST 2012" />
              <Test name="testB8" result="pass" starttime="Fri Sep 21 16:50:20 CST 2012" endtime="Fri Sep 21 16:50:20 CST 2012" />
              <Test name="testB9" result="pass" starttime="Fri Sep 21 16:50:20 CST 2012" endtime="Fri Sep 21 16:50:21 CST 2012" />
              <Test name="testN1" result="pass" starttime="Fri Sep 21 16:50:21 CST 2012" endtime="Fri Sep 21 16:50:21 CST 2012" />
              <Test name="testN2" result="pass" starttime="Fri Sep 21 16:50:21 CST 2012" endtime="Fri Sep 21 16:50:21 CST 2012" />
              <Test name="testN3" result="pass" starttime="Fri Sep 21 16:50:21 CST 2012" endtime="Fri Sep 21 16:50:22 CST 2012" />
              <Test name="testVFE1" result="pass" starttime="Fri Sep 21 16:50:22 CST 2012" endtime="Fri Sep 21 16:50:22 CST 2012" />
              <Test name="testVFE2" result="pass" starttime="Fri Sep 21 16:50:22 CST 2012" endtime="Fri Sep 21 16:50:23 CST 2012" />
              <Test name="testVFE3" result="pass" starttime="Fri Sep 21 16:50:23 CST 2012" endtime="Fri Sep 21 16:50:23 CST 2012" />
              <Test name="testVFE4" result="pass" starttime="Fri Sep 21 16:50:23 CST 2012" endtime="Fri Sep 21 16:50:24 CST 2012" />
              <Test name="testVFE5" result="pass" starttime="Fri Sep 21 16:50:24 CST 2012" endtime="Fri Sep 21 16:50:24 CST 2012" />
            </TestCase>
          </TestSuite>
          <TestSuite name="div_int">
            <TestCase name="JUnit_Test_div_int" priority="">
              <Test name="testB1" result="pass" starttime="Fri Sep 21 16:50:24 CST 2012" endtime="Fri Sep 21 16:50:24 CST 2012" />
              <Test name="testB2" result="pass" starttime="Fri Sep 21 16:50:24 CST 2012" endtime="Fri Sep 21 16:50:25 CST 2012" />
              <Test name="testB3" result="pass" starttime="Fri Sep 21 16:50:25 CST 2012" endtime="Fri Sep 21 16:50:25 CST 2012" />
              <Test name="testB4" result="pass" starttime="Fri Sep 21 16:50:25 CST 2012" endtime="Fri Sep 21 16:50:25 CST 2012" />
              <Test name="testB5" result="pass" starttime="Fri Sep 21 16:50:25 CST 2012" endtime="Fri Sep 21 16:50:26 CST 2012" />
              <Test name="testB6" result="pass" starttime="Fri Sep 21 16:50:26 CST 2012" endtime="Fri Sep 21 16:50:26 CST 2012" />
              <Test name="testE1" result="pass" starttime="Fri Sep 21 16:50:26 CST 2012" endtime="Fri Sep 21 16:50:27 CST 2012" />
              <Test name="testN1" result="pass" starttime="Fri Sep 21 16:50:27 CST 2012" endtime="Fri Sep 21 16:50:27 CST 2012" />
              <Test name="testN2" result="pass" starttime="Fri Sep 21 16:50:27 CST 2012" endtime="Fri Sep 21 16:50:27 CST 2012" />
              <Test name="testN3" result="pass" starttime="Fri Sep 21 16:50:27 CST 2012" endtime="Fri Sep 21 16:50:28 CST 2012" />
              <Test name="testN4" result="pass" starttime="Fri Sep 21 16:50:28 CST 2012" endtime="Fri Sep 21 16:50:28 CST 2012" />
              <Test name="testN5" result="pass" starttime="Fri Sep 21 16:50:28 CST 2012" endtime="Fri Sep 21 16:50:29 CST 2012" />
              <Test name="testN6" result="pass" starttime="Fri Sep 21 16:50:29 CST 2012" endtime="Fri Sep 21 16:50:29 CST 2012" />
              <Test name="testVFE1" result="pass" starttime="Fri Sep 21 16:50:29 CST 2012" endtime="Fri Sep 21 16:50:29 CST 2012" />
              <Test name="testVFE2" result="pass" starttime="Fri Sep 21 16:50:29 CST 2012" endtime="Fri Sep 21 16:50:30 CST 2012" />
              <Test name="testVFE3" result="pass" starttime="Fri Sep 21 16:50:30 CST 2012" endtime="Fri Sep 21 16:50:30 CST 2012" />
              <Test name="testVFE4" result="pass" starttime="Fri Sep 21 16:50:30 CST 2012" endtime="Fri Sep 21 16:50:31 CST 2012" />
              <Test name="testVFE5" result="pass" starttime="Fri Sep 21 16:50:31 CST 2012" endtime="Fri Sep 21 16:50:31 CST 2012" />
            </TestCase>
          </TestSuite>
          <TestSuite name="div_int_2addr">
            <TestCase name="JUnit_Test_div_int_2addr" priority="">
              <Test name="testB1" result="pass" starttime="Fri Sep 21 16:50:31 CST 2012" endtime="Fri Sep 21 16:50:31 CST 2012" />
              <Test name="testB2" result="pass" starttime="Fri Sep 21 16:50:31 CST 2012" endtime="Fri Sep 21 16:50:32 CST 2012" />
              <Test name="testB3" result="pass" starttime="Fri Sep 21 16:50:32 CST 2012" endtime="Fri Sep 21 16:50:32 CST 2012" />
              <Test name="testB4" result="pass" starttime="Fri Sep 21 16:50:32 CST 2012" endtime="Fri Sep 21 16:50:33 CST 2012" />
              <Test name="testB5" result="pass" starttime="Fri Sep 21 16:50:33 CST 2012" endtime="Fri Sep 21 16:50:33 CST 2012" />
              <Test name="testB6" result="pass" starttime="Fri Sep 21 16:50:33 CST 2012" endtime="Fri Sep 21 16:50:33 CST 2012" />
              <Test name="testE1" result="pass" starttime="Fri Sep 21 16:50:33 CST 2012" endtime="Fri Sep 21 16:50:34 CST 2012" />
              <Test name="testN1" result="pass" starttime="Fri Sep 21 16:50:34 CST 2012" endtime="Fri Sep 21 16:50:34 CST 2012" />
              <Test name="testN2" result="pass" starttime="Fri Sep 21 16:50:34 CST 2012" endtime="Fri Sep 21 16:50:34 CST 2012" />
              <Test name="testN3" result="pass" starttime="Fri Sep 21 16:50:34 CST 2012" endtime="Fri Sep 21 16:50:35 CST 2012" />
              <Test name="testN4" result="pass" starttime="Fri Sep 21 16:50:35 CST 2012" endtime="Fri Sep 21 16:50:35 CST 2012" />
              <Test name="testN5" result="pass" starttime="Fri Sep 21 16:50:35 CST 2012" endtime="Fri Sep 21 16:50:36 CST 2012" />
              <Test name="testN6" result="pass" starttime="Fri Sep 21 16:50:36 CST 2012" endtime="Fri Sep 21 16:50:36 CST 2012" />
              <Test name="testVFE1" result="pass" starttime="Fri Sep 21 16:50:36 CST 2012" endtime="Fri Sep 21 16:50:36 CST 2012" />
              <Test name="testVFE2" result="pass" starttime="Fri Sep 21 16:50:36 CST 2012" endtime="Fri Sep 21 16:50:37 CST 2012" />
              <Test name="testVFE3" result="pass" starttime="Fri Sep 21 16:50:37 CST 2012" endtime="Fri Sep 21 16:50:37 CST 2012" />
              <Test name="testVFE4" result="pass" starttime="Fri Sep 21 16:50:37 CST 2012" endtime="Fri Sep 21 16:50:38 CST 2012" />
              <Test name="testVFE5" result="pass" starttime="Fri Sep 21 16:50:38 CST 2012" endtime="Fri Sep 21 16:50:38 CST 2012" />
            </TestCase>
          </TestSuite>
          <TestSuite name="div_int_lit16">
            <TestCase name="JUnit_Test_div_int_lit16" priority="">
              <Test name="testB1" result="pass" starttime="Fri Sep 21 16:50:38 CST 2012" endtime="Fri Sep 21 16:50:39 CST 2012" />
              <Test name="testB2" result="pass" starttime="Fri Sep 21 16:50:39 CST 2012" endtime="Fri Sep 21 16:50:39 CST 2012" />
              <Test name="testB3" result="pass" starttime="Fri Sep 21 16:50:39 CST 2012" endtime="Fri Sep 21 16:50:39 CST 2012" />
              <Test name="testB4" result="pass" starttime="Fri Sep 21 16:50:39 CST 2012" endtime="Fri Sep 21 16:50:40 CST 2012" />
              <Test name="testB5" result="pass" starttime="Fri Sep 21 16:50:40 CST 2012" endtime="Fri Sep 21 16:50:40 CST 2012" />
              <Test name="testB6" result="pass" starttime="Fri Sep 21 16:50:40 CST 2012" endtime="Fri Sep 21 16:50:41 CST 2012" />
              <Test name="testE1" result="pass" starttime="Fri Sep 21 16:50:41 CST 2012" endtime="Fri Sep 21 16:50:41 CST 2012" />
              <Test name="testN1" result="pass" starttime="Fri Sep 21 16:50:41 CST 2012" endtime="Fri Sep 21 16:50:41 CST 2012" />
              <Test name="testN2" result="pass" starttime="Fri Sep 21 16:50:41 CST 2012" endtime="Fri Sep 21 16:50:42 CST 2012" />
              <Test name="testN3" result="pass" starttime="Fri Sep 21 16:50:42 CST 2012" endtime="Fri Sep 21 16:50:42 CST 2012" />
              <Test name="testN4" result="pass" starttime="Fri Sep 21 16:50:42 CST 2012" endtime="Fri Sep 21 16:50:43 CST 2012" />
              <Test name="testN5" result="pass" starttime="Fri Sep 21 16:50:43 CST 2012" endtime="Fri Sep 21 16:50:43 CST 2012" />
              <Test name="testN6" result="pass" starttime="Fri Sep 21 16:50:43 CST 2012" endtime="Fri Sep 21 16:50:44 CST 2012" />
              <Test name="testVFE1" result="pass" starttime="Fri Sep 21 16:50:44 CST 2012" endtime="Fri Sep 21 16:50:44 CST 2012" />
              <Test name="testVFE2" result="pass" starttime="Fri Sep 21 16:50:44 CST 2012" endtime="Fri Sep 21 16:50:44 CST 2012" />
              <Test name="testVFE3" result="pass" starttime="Fri Sep 21 16:50:44 CST 2012" endtime="Fri Sep 21 16:50:45 CST 2012" />
              <Test name="testVFE4" result="pass" starttime="Fri Sep 21 16:50:45 CST 2012" endtime="Fri Sep 21 16:50:45 CST 2012" />
              <Test name="testVFE5" result="pass" starttime="Fri Sep 21 16:50:45 CST 2012" endtime="Fri Sep 21 16:50:46 CST 2012" />
            </TestCase>
          </TestSuite>
          <TestSuite name="div_int_lit8">
            <TestCase name="JUnit_Test_div_int_lit8" priority="">
              <Test name="testB1" result="pass" starttime="Fri Sep 21 16:50:46 CST 2012" endtime="Fri Sep 21 16:50:46 CST 2012" />
              <Test name="testB2" result="pass" starttime="Fri Sep 21 16:50:46 CST 2012" endtime="Fri Sep 21 16:50:46 CST 2012" />
              <Test name="testB3" result="pass" starttime="Fri Sep 21 16:50:46 CST 2012" endtime="Fri Sep 21 16:50:47 CST 2012" />
              <Test name="testB4" result="pass" starttime="Fri Sep 21 16:50:47 CST 2012" endtime="Fri Sep 21 16:50:47 CST 2012" />
              <Test name="testB5" result="pass" starttime="Fri Sep 21 16:50:47 CST 2012" endtime="Fri Sep 21 16:50:48 CST 2012" />
              <Test name="testB6" result="pass" starttime="Fri Sep 21 16:50:48 CST 2012" endtime="Fri Sep 21 16:50:48 CST 2012" />
              <Test name="testE1" result="pass" starttime="Fri Sep 21 16:50:48 CST 2012" endtime="Fri Sep 21 16:50:49 CST 2012" />
              <Test name="testN1" result="pass" starttime="Fri Sep 21 16:50:49 CST 2012" endtime="Fri Sep 21 16:50:49 CST 2012" />
              <Test name="testN2" result="pass" starttime="Fri Sep 21 16:50:49 CST 2012" endtime="Fri Sep 21 16:50:50 CST 2012" />
              <Test name="testN3" result="pass" starttime="Fri Sep 21 16:50:50 CST 2012" endtime="Fri Sep 21 16:50:50 CST 2012" />
              <Test name="testN4" result="pass" starttime="Fri Sep 21 16:50:50 CST 2012" endtime="Fri Sep 21 16:50:50 CST 2012" />
              <Test name="testN5" result="pass" starttime="Fri Sep 21 16:50:50 CST 2012" endtime="Fri Sep 21 16:50:51 CST 2012" />
              <Test name="testN6" result="pass" starttime="Fri Sep 21 16:50:51 CST 2012" endtime="Fri Sep 21 16:50:51 CST 2012" />
              <Test name="testVFE1" result="pass" starttime="Fri Sep 21 16:50:51 CST 2012" endtime="Fri Sep 21 16:50:52 CST 2012" />
              <Test name="testVFE2" result="pass" starttime="Fri Sep 21 16:50:52 CST 2012" endtime="Fri Sep 21 16:50:52 CST 2012" />
              <Test name="testVFE3" result="pass" starttime="Fri Sep 21 16:50:52 CST 2012" endtime="Fri Sep 21 16:50:52 CST 2012" />
              <Test name="testVFE4" result="pass" starttime="Fri Sep 21 16:50:52 CST 2012" endtime="Fri Sep 21 16:50:53 CST 2012" />
              <Test name="testVFE5" result="pass" starttime="Fri Sep 21 16:50:53 CST 2012" endtime="Fri Sep 21 16:50:53 CST 2012" />
            </TestCase>
          </TestSuite>
          <TestSuite name="div_long">
            <TestCase name="JUnit_Test_div_long" priority="">
              <Test name="testB1" result="pass" starttime="Fri Sep 21 16:50:53 CST 2012" endtime="Fri Sep 21 16:50:54 CST 2012" />
              <Test name="testB2" result="pass" starttime="Fri Sep 21 16:50:54 CST 2012" endtime="Fri Sep 21 16:50:54 CST 2012" />
              <Test name="testB3" result="pass" starttime="Fri Sep 21 16:50:54 CST 2012" endtime="Fri Sep 21 16:50:55 CST 2012" />
              <Test name="testB4" result="pass" starttime="Fri Sep 21 16:50:55 CST 2012" endtime="Fri Sep 21 16:50:55 CST 2012" />
              <Test name="testB5" result="pass" starttime="Fri Sep 21 16:50:55 CST 2012" endtime="Fri Sep 21 16:50:55 CST 2012" />
              <Test name="testB6" result="pass" starttime="Fri Sep 21 16:50:55 CST 2012" endtime="Fri Sep 21 16:50:56 CST 2012" />
              <Test name="testE1" result="pass" starttime="Fri Sep 21 16:50:56 CST 2012" endtime="Fri Sep 21 16:50:56 CST 2012" />
              <Test name="testN1" result="pass" starttime="Fri Sep 21 16:50:56 CST 2012" endtime="Fri Sep 21 16:50:56 CST 2012" />
              <Test name="testN2" result="pass" starttime="Fri Sep 21 16:50:56 CST 2012" endtime="Fri Sep 21 16:50:57 CST 2012" />
              <Test name="testN3" result="pass" starttime="Fri Sep 21 16:50:57 CST 2012" endtime="Fri Sep 21 16:50:57 CST 2012" />
              <Test name="testN4" result="pass" starttime="Fri Sep 21 16:50:57 CST 2012" endtime="Fri Sep 21 16:50:58 CST 2012" />
              <Test name="testN5" result="pass" starttime="Fri Sep 21 16:50:58 CST 2012" endtime="Fri Sep 21 16:50:58 CST 2012" />
              <Test name="testN6" result="pass" starttime="Fri Sep 21 16:50:58 CST 2012" endtime="Fri Sep 21 16:50:58 CST 2012" />
              <Test name="testVFE1" result="pass" starttime="Fri Sep 21 16:50:58 CST 2012" endtime="Fri Sep 21 16:50:59 CST 2012" />
              <Test name="testVFE2" result="pass" starttime="Fri Sep 21 16:50:59 CST 2012" endtime="Fri Sep 21 16:50:59 CST 2012" />
              <Test name="testVFE3" result="pass" starttime="Fri Sep 21 16:50:59 CST 2012" endtime="Fri Sep 21 16:51:00 CST 2012" />
              <Test name="testVFE4" result="pass" starttime="Fri Sep 21 16:51:00 CST 2012" endtime="Fri Sep 21 16:51:00 CST 2012" />
              <Test name="testVFE5" result="pass" starttime="Fri Sep 21 16:51:00 CST 2012" endtime="Fri Sep 21 16:51:01 CST 2012" />
            </TestCase>
          </TestSuite>
          <TestSuite name="div_long_2addr">
            <TestCase name="JUnit_Test_div_long_2addr" priority="">
              <Test name="testB1" result="pass" starttime="Fri Sep 21 16:51:01 CST 2012" endtime="Fri Sep 21 16:51:01 CST 2012" />
              <Test name="testB2" result="pass" starttime="Fri Sep 21 16:51:01 CST 2012" endtime="Fri Sep 21 16:51:01 CST 2012" />
              <Test name="testB3" result="pass" starttime="Fri Sep 21 16:51:01 CST 2012" endtime="Fri Sep 21 16:51:02 CST 2012" />
              <Test name="testB4" result="pass" starttime="Fri Sep 21 16:51:02 CST 2012" endtime="Fri Sep 21 16:51:02 CST 2012" />
              <Test name="testB5" result="pass" starttime="Fri Sep 21 16:51:02 CST 2012" endtime="Fri Sep 21 16:51:02 CST 2012" />
              <Test name="testB6" result="pass" starttime="Fri Sep 21 16:51:02 CST 2012" endtime="Fri Sep 21 16:51:03 CST 2012" />
              <Test name="testE1" result="pass" starttime="Fri Sep 21 16:51:03 CST 2012" endtime="Fri Sep 21 16:51:03 CST 2012" />
              <Test name="testN1" result="pass" starttime="Fri Sep 21 16:51:03 CST 2012" endtime="Fri Sep 21 16:51:04 CST 2012" />
              <Test name="testN2" result="pass" starttime="Fri Sep 21 16:51:04 CST 2012" endtime="Fri Sep 21 16:51:04 CST 2012" />
              <Test name="testN3" result="pass" starttime="Fri Sep 21 16:51:04 CST 2012" endtime="Fri Sep 21 16:51:04 CST 2012" />
              <Test name="testN4" result="pass" starttime="Fri Sep 21 16:51:04 CST 2012" endtime="Fri Sep 21 16:51:05 CST 2012" />
              <Test name="testN5" result="pass" starttime="Fri Sep 21 16:51:05 CST 2012" endtime="Fri Sep 21 16:51:05 CST 2012" />
              <Test name="testN6" result="pass" starttime="Fri Sep 21 16:51:05 CST 2012" endtime="Fri Sep 21 16:51:05 CST 2012" />
              <Test name="testVFE1" result="pass" starttime="Fri Sep 21 16:51:05 CST 2012" endtime="Fri Sep 21 16:51:06 CST 2012" />
              <Test name="testVFE2" result="pass" starttime="Fri Sep 21 16:51:06 CST 2012" endtime="Fri Sep 21 16:51:06 CST 2012" />
              <Test name="testVFE3" result="pass" starttime="Fri Sep 21 16:51:06 CST 2012" endtime="Fri Sep 21 16:51:07 CST 2012" />
              <Test name="testVFE4" result="pass" starttime="Fri Sep 21 16:51:07 CST 2012" endtime="Fri Sep 21 16:51:07 CST 2012" />
              <Test name="testVFE5" result="pass" starttime="Fri Sep 21 16:51:07 CST 2012" endtime="Fri Sep 21 16:51:08 CST 2012" />
            </TestCase>
          </TestSuite>
          <TestSuite name="double_to_float">
            <TestCase name="JUnit_Test_double_to_float" priority="">
              <Test name="testB1" result="pass" starttime="Fri Sep 21 16:51:08 CST 2012" endtime="Fri Sep 21 16:51:08 CST 2012" />
              <Test name="testB2" result="pass" starttime="Fri Sep 21 16:51:08 CST 2012" endtime="Fri Sep 21 16:51:08 CST 2012" />
              <Test name="testB3" result="pass" starttime="Fri Sep 21 16:51:08 CST 2012" endtime="Fri Sep 21 16:51:09 CST 2012" />
              <Test name="testB4" result="pass" starttime="Fri Sep 21 16:51:09 CST 2012" endtime="Fri Sep 21 16:51:09 CST 2012" />
              <Test name="testB5" result="pass" starttime="Fri Sep 21 16:51:09 CST 2012" endtime="Fri Sep 21 16:51:10 CST 2012" />
              <Test name="testB6" result="pass" starttime="Fri Sep 21 16:51:10 CST 2012" endtime="Fri Sep 21 16:51:10 CST 2012" />
              <Test name="testB7" result="pass" starttime="Fri Sep 21 16:51:10 CST 2012" endtime="Fri Sep 21 16:51:10 CST 2012" />
              <Test name="testN1" result="pass" starttime="Fri Sep 21 16:51:10 CST 2012" endtime="Fri Sep 21 16:51:11 CST 2012" />
              <Test name="testN2" result="pass" starttime="Fri Sep 21 16:51:11 CST 2012" endtime="Fri Sep 21 16:51:11 CST 2012" />
              <Test name="testN3" result="pass" starttime="Fri Sep 21 16:51:11 CST 2012" endtime="Fri Sep 21 16:51:11 CST 2012" />
              <Test name="testVFE1" result="pass" starttime="Fri Sep 21 16:51:11 CST 2012" endtime="Fri Sep 21 16:51:12 CST 2012" />
              <Test name="testVFE2" result="pass" starttime="Fri Sep 21 16:51:12 CST 2012" endtime="Fri Sep 21 16:51:12 CST 2012" />
              <Test name="testVFE3" result="pass" starttime="Fri Sep 21 16:51:12 CST 2012" endtime="Fri Sep 21 16:51:13 CST 2012" />
              <Test name="testVFE4" result="pass" starttime="Fri Sep 21 16:51:13 CST 2012" endtime="Fri Sep 21 16:51:13 CST 2012" />
              <Test name="testVFE5" result="pass" starttime="Fri Sep 21 16:51:13 CST 2012" endtime="Fri Sep 21 16:51:14 CST 2012" />
            </TestCase>
          </TestSuite>
          <TestSuite name="double_to_int">
            <TestCase name="JUnit_Test_double_to_int" priority="">
              <Test name="testB1" result="pass" starttime="Fri Sep 21 16:51:14 CST 2012" endtime="Fri Sep 21 16:51:14 CST 2012" />
              <Test name="testB2" result="pass" starttime="Fri Sep 21 16:51:14 CST 2012" endtime="Fri Sep 21 16:51:14 CST 2012" />
              <Test name="testB3" result="pass" starttime="Fri Sep 21 16:51:14 CST 2012" endtime="Fri Sep 21 16:51:15 CST 2012" />
              <Test name="testB4" result="pass" starttime="Fri Sep 21 16:51:15 CST 2012" endtime="Fri Sep 21 16:51:15 CST 2012" />
              <Test name="testB5" result="pass" starttime="Fri Sep 21 16:51:15 CST 2012" endtime="Fri Sep 21 16:51:16 CST 2012" />
              <Test name="testB6" result="pass" starttime="Fri Sep 21 16:51:16 CST 2012" endtime="Fri Sep 21 16:51:16 CST 2012" />
              <Test name="testN1" result="pass" starttime="Fri Sep 21 16:51:16 CST 2012" endtime="Fri Sep 21 16:51:16 CST 2012" />
              <Test name="testN2" result="pass" starttime="Fri Sep 21 16:51:16 CST 2012" endtime="Fri Sep 21 16:51:17 CST 2012" />
              <Test name="testN3" result="pass" starttime="Fri Sep 21 16:51:17 CST 2012" endtime="Fri Sep 21 16:51:17 CST 2012" />
              <Test name="testVFE1" result="pass" starttime="Fri Sep 21 16:51:17 CST 2012" endtime="Fri Sep 21 16:51:18 CST 2012" />
              <Test name="testVFE2" result="pass" starttime="Fri Sep 21 16:51:18 CST 2012" endtime="Fri Sep 21 16:51:18 CST 2012" />
              <Test name="testVFE3" result="pass" starttime="Fri Sep 21 16:51:18 CST 2012" endtime="Fri Sep 21 16:51:18 CST 2012" />
              <Test name="testVFE4" result="pass" starttime="Fri Sep 21 16:51:18 CST 2012" endtime="Fri Sep 21 16:51:19 CST 2012" />
              <Test name="testVFE5" result="pass" starttime="Fri Sep 21 16:51:19 CST 2012" endtime="Fri Sep 21 16:51:19 CST 2012" />
            </TestCase>
          </TestSuite>
          <TestSuite name="double_to_long">
            <TestCase name="JUnit_Test_double_to_long" priority="">
              <Test name="testB1" result="pass" starttime="Fri Sep 21 16:51:19 CST 2012" endtime="Fri Sep 21 16:51:20 CST 2012" />
              <Test name="testB2" result="pass" starttime="Fri Sep 21 16:51:20 CST 2012" endtime="Fri Sep 21 16:51:20 CST 2012" />
              <Test name="testB3" result="pass" starttime="Fri Sep 21 16:51:20 CST 2012" endtime="Fri Sep 21 16:51:20 CST 2012" />
              <Test name="testB4" result="pass" starttime="Fri Sep 21 16:51:20 CST 2012" endtime="Fri Sep 21 16:51:21 CST 2012" />
              <Test name="testB5" result="pass" starttime="Fri Sep 21 16:51:21 CST 2012" endtime="Fri Sep 21 16:51:21 CST 2012" />
              <Test name="testB6" result="pass" starttime="Fri Sep 21 16:51:21 CST 2012" endtime="Fri Sep 21 16:51:22 CST 2012" />
              <Test name="testN1" result="pass" starttime="Fri Sep 21 16:51:22 CST 2012" endtime="Fri Sep 21 16:51:22 CST 2012" />
              <Test name="testN2" result="pass" starttime="Fri Sep 21 16:51:22 CST 2012" endtime="Fri Sep 21 16:51:22 CST 2012" />
              <Test name="testN3" result="pass" starttime="Fri Sep 21 16:51:22 CST 2012" endtime="Fri Sep 21 16:51:23 CST 2012" />
              <Test name="testVFE1" result="pass" starttime="Fri Sep 21 16:51:23 CST 2012" endtime="Fri Sep 21 16:51:23 CST 2012" />
              <Test name="testVFE2" result="pass" starttime="Fri Sep 21 16:51:23 CST 2012" endtime="Fri Sep 21 16:51:24 CST 2012" />
              <Test name="testVFE3" result="pass" starttime="Fri Sep 21 16:51:24 CST 2012" endtime="Fri Sep 21 16:51:24 CST 2012" />
              <Test name="testVFE4" result="pass" starttime="Fri Sep 21 16:51:24 CST 2012" endtime="Fri Sep 21 16:51:24 CST 2012" />
              <Test name="testVFE5" result="pass" starttime="Fri Sep 21 16:51:24 CST 2012" endtime="Fri Sep 21 16:51:25 CST 2012" />
            </TestCase>
          </TestSuite>
          <TestSuite name="fill_array_data">
            <TestCase name="JUnit_Test_fill_array_data" priority="">
              <Test name="testE1" result="pass" starttime="Fri Sep 21 16:51:25 CST 2012" endtime="Fri Sep 21 16:51:25 CST 2012" />
              <Test name="testE2" result="pass" starttime="Fri Sep 21 16:51:25 CST 2012" endtime="Fri Sep 21 16:51:26 CST 2012" />
              <Test name="testN1" result="pass" starttime="Fri Sep 21 16:51:26 CST 2012" endtime="Fri Sep 21 16:51:26 CST 2012" />
              <Test name="testN2" result="pass" starttime="Fri Sep 21 16:51:26 CST 2012" endtime="Fri Sep 21 16:51:27 CST 2012" />
              <Test name="testN3" result="pass" starttime="Fri Sep 21 16:51:27 CST 2012" endtime="Fri Sep 21 16:51:27 CST 2012" />
              <Test name="testVFE1" result="pass" starttime="Fri Sep 21 16:51:27 CST 2012" endtime="Fri Sep 21 16:51:27 CST 2012" />
              <Test name="testVFE10" result="pass" starttime="Fri Sep 21 16:51:27 CST 2012" endtime="Fri Sep 21 16:51:28 CST 2012" />
              <Test name="testVFE11" result="pass" starttime="Fri Sep 21 16:51:28 CST 2012" endtime="Fri Sep 21 16:51:28 CST 2012" />
              <Test name="testVFE2" result="pass" starttime="Fri Sep 21 16:51:28 CST 2012" endtime="Fri Sep 21 16:51:29 CST 2012" />
              <Test name="testVFE3" result="pass" starttime="Fri Sep 21 16:51:29 CST 2012" endtime="Fri Sep 21 16:51:29 CST 2012" />
              <Test name="testVFE4" result="pass" starttime="Fri Sep 21 16:51:29 CST 2012" endtime="Fri Sep 21 16:51:30 CST 2012" />
              <Test name="testVFE5" result="pass" starttime="Fri Sep 21 16:51:30 CST 2012" endtime="Fri Sep 21 16:51:30 CST 2012" />
              <Test name="testVFE6" result="pass" starttime="Fri Sep 21 16:51:30 CST 2012" endtime="Fri Sep 21 16:51:30 CST 2012" />
              <Test name="testVFE7" result="pass" starttime="Fri Sep 21 16:51:30 CST 2012" endtime="Fri Sep 21 16:51:31 CST 2012" />
              <Test name="testVFE9" result="pass" starttime="Fri Sep 21 16:51:31 CST 2012" endtime="Fri Sep 21 16:51:31 CST 2012" />
            </TestCase>
          </TestSuite>
          <TestSuite name="filled_new_array">
            <TestCase name="JUnit_Test_filled_new_array" priority="">
              <Test name="testN1" result="pass" starttime="Fri Sep 21 16:51:31 CST 2012" endtime="Fri Sep 21 16:51:32 CST 2012" />
              <Test name="testN2" result="pass" starttime="Fri Sep 21 16:51:32 CST 2012" endtime="Fri Sep 21 16:51:32 CST 2012" />
              <Test name="testVFE1" result="pass" starttime="Fri Sep 21 16:51:32 CST 2012" endtime="Fri Sep 21 16:51:32 CST 2012" />
              <Test name="testVFE2" result="pass" starttime="Fri Sep 21 16:51:32 CST 2012" endtime="Fri Sep 21 16:51:33 CST 2012" />
              <Test name="testVFE3" result="pass" starttime="Fri Sep 21 16:51:33 CST 2012" endtime="Fri Sep 21 16:51:33 CST 2012" />
              <Test name="testVFE4" result="pass" starttime="Fri Sep 21 16:51:33 CST 2012" endtime="Fri Sep 21 16:51:34 CST 2012" />
              <Test name="testVFE5" result="pass" starttime="Fri Sep 21 16:51:34 CST 2012" endtime="Fri Sep 21 16:51:34 CST 2012" />
              <Test name="testVFE6" result="pass" starttime="Fri Sep 21 16:51:34 CST 2012" endtime="Fri Sep 21 16:51:35 CST 2012" />
              <Test name="testVFE7" result="pass" starttime="Fri Sep 21 16:51:35 CST 2012" endtime="Fri Sep 21 16:51:35 CST 2012" />
              <Test name="testVFE8" result="pass" starttime="Fri Sep 21 16:51:35 CST 2012" endtime="Fri Sep 21 16:51:35 CST 2012" />
              <Test name="testVFE9" result="pass" starttime="Fri Sep 21 16:51:35 CST 2012" endtime="Fri Sep 21 16:51:36 CST 2012" />
            </TestCase>
          </TestSuite>
          <TestSuite name="filled_new_array_range">
            <TestCase name="JUnit_Test_filled_new_array_range" priority="">
              <Test name="testN1" result="pass" starttime="Fri Sep 21 16:51:36 CST 2012" endtime="Fri Sep 21 16:51:36 CST 2012" />
              <Test name="testN2" result="pass" starttime="Fri Sep 21 16:51:36 CST 2012" endtime="Fri Sep 21 16:51:37 CST 2012" />
              <Test name="testVFE1" result="pass" starttime="Fri Sep 21 16:51:37 CST 2012" endtime="Fri Sep 21 16:51:37 CST 2012" />
              <Test name="testVFE2" result="pass" starttime="Fri Sep 21 16:51:37 CST 2012" endtime="Fri Sep 21 16:51:38 CST 2012" />
              <Test name="testVFE3" result="pass" starttime="Fri Sep 21 16:51:38 CST 2012" endtime="Fri Sep 21 16:51:38 CST 2012" />
              <Test name="testVFE4" result="pass" starttime="Fri Sep 21 16:51:38 CST 2012" endtime="Fri Sep 21 16:51:38 CST 2012" />
              <Test name="testVFE5" result="pass" starttime="Fri Sep 21 16:51:38 CST 2012" endtime="Fri Sep 21 16:51:39 CST 2012" />
              <Test name="testVFE6" result="pass" starttime="Fri Sep 21 16:51:39 CST 2012" endtime="Fri Sep 21 16:51:39 CST 2012" />
              <Test name="testVFE7" result="pass" starttime="Fri Sep 21 16:51:39 CST 2012" endtime="Fri Sep 21 16:51:40 CST 2012" />
              <Test name="testVFE8" result="pass" starttime="Fri Sep 21 16:51:40 CST 2012" endtime="Fri Sep 21 16:51:40 CST 2012" />
              <Test name="testVFE9" result="pass" starttime="Fri Sep 21 16:51:40 CST 2012" endtime="Fri Sep 21 16:51:41 CST 2012" />
            </TestCase>
          </TestSuite>
          <TestSuite name="float_to_double">
            <TestCase name="JUnit_Test_float_to_double" priority="">
              <Test name="testB1" result="pass" starttime="Fri Sep 21 16:51:41 CST 2012" endtime="Fri Sep 21 16:51:41 CST 2012" />
              <Test name="testB2" result="pass" starttime="Fri Sep 21 16:51:41 CST 2012" endtime="Fri Sep 21 16:51:41 CST 2012" />
              <Test name="testB3" result="pass" starttime="Fri Sep 21 16:51:41 CST 2012" endtime="Fri Sep 21 16:51:42 CST 2012" />
              <Test name="testB4" result="pass" starttime="Fri Sep 21 16:51:42 CST 2012" endtime="Fri Sep 21 16:51:42 CST 2012" />
              <Test name="testB5" result="pass" starttime="Fri Sep 21 16:51:42 CST 2012" endtime="Fri Sep 21 16:51:42 CST 2012" />
              <Test name="testB6" result="pass" starttime="Fri Sep 21 16:51:42 CST 2012" endtime="Fri Sep 21 16:51:43 CST 2012" />
              <Test name="testN1" result="pass" starttime="Fri Sep 21 16:51:43 CST 2012" endtime="Fri Sep 21 16:51:43 CST 2012" />
              <Test name="testN2" result="pass" starttime="Fri Sep 21 16:51:43 CST 2012" endtime="Fri Sep 21 16:51:44 CST 2012" />
              <Test name="testN3" result="pass" starttime="Fri Sep 21 16:51:44 CST 2012" endtime="Fri Sep 21 16:51:44 CST 2012" />
              <Test name="testVFE1" result="pass" starttime="Fri Sep 21 16:51:44 CST 2012" endtime="Fri Sep 21 16:51:44 CST 2012" />
              <Test name="testVFE2" result="pass" starttime="Fri Sep 21 16:51:44 CST 2012" endtime="Fri Sep 21 16:51:45 CST 2012" />
              <Test name="testVFE3" result="pass" starttime="Fri Sep 21 16:51:45 CST 2012" endtime="Fri Sep 21 16:51:45 CST 2012" />
              <Test name="testVFE4" result="pass" starttime="Fri Sep 21 16:51:45 CST 2012" endtime="Fri Sep 21 16:51:46 CST 2012" />
              <Test name="testVFE5" result="pass" starttime="Fri Sep 21 16:51:46 CST 2012" endtime="Fri Sep 21 16:51:46 CST 2012" />
              <Test name="testVFE6" result="pass" starttime="Fri Sep 21 16:51:46 CST 2012" endtime="Fri Sep 21 16:51:47 CST 2012" />
            </TestCase>
          </TestSuite>
          <TestSuite name="float_to_int">
            <TestCase name="JUnit_Test_float_to_int" priority="">
              <Test name="testB1" result="pass" starttime="Fri Sep 21 16:51:47 CST 2012" endtime="Fri Sep 21 16:51:47 CST 2012" />
              <Test name="testB2" result="pass" starttime="Fri Sep 21 16:51:47 CST 2012" endtime="Fri Sep 21 16:51:47 CST 2012" />
              <Test name="testB3" result="pass" starttime="Fri Sep 21 16:51:47 CST 2012" endtime="Fri Sep 21 16:51:48 CST 2012" />
              <Test name="testB4" result="pass" starttime="Fri Sep 21 16:51:48 CST 2012" endtime="Fri Sep 21 16:51:48 CST 2012" />
              <Test name="testB5" result="pass" starttime="Fri Sep 21 16:51:48 CST 2012" endtime="Fri Sep 21 16:51:49 CST 2012" />
              <Test name="testB6" result="pass" starttime="Fri Sep 21 16:51:49 CST 2012" endtime="Fri Sep 21 16:51:49 CST 2012" />
              <Test name="testN1" result="pass" starttime="Fri Sep 21 16:51:49 CST 2012" endtime="Fri Sep 21 16:51:49 CST 2012" />
              <Test name="testN2" result="pass" starttime="Fri Sep 21 16:51:49 CST 2012" endtime="Fri Sep 21 16:51:50 CST 2012" />
              <Test name="testN3" result="pass" starttime="Fri Sep 21 16:51:50 CST 2012" endtime="Fri Sep 21 16:51:50 CST 2012" />
              <Test name="testVFE2" result="pass" starttime="Fri Sep 21 16:51:50 CST 2012" endtime="Fri Sep 21 16:51:50 CST 2012" />
              <Test name="testVFE3" result="pass" starttime="Fri Sep 21 16:51:50 CST 2012" endtime="Fri Sep 21 16:51:51 CST 2012" />
              <Test name="testVFE4" result="pass" starttime="Fri Sep 21 16:51:51 CST 2012" endtime="Fri Sep 21 16:51:51 CST 2012" />
              <Test name="testVFE5" result="pass" starttime="Fri Sep 21 16:51:51 CST 2012" endtime="Fri Sep 21 16:51:52 CST 2012" />
              <Test name="testVFE6" result="pass" starttime="Fri Sep 21 16:51:52 CST 2012" endtime="Fri Sep 21 16:51:52 CST 2012" />
            </TestCase>
          </TestSuite>
          <TestSuite name="float_to_long">
            <TestCase name="JUnit_Test_float_to_long" priority="">
              <Test name="testB1" result="pass" starttime="Fri Sep 21 16:51:52 CST 2012" endtime="Fri Sep 21 16:51:53 CST 2012" />
              <Test name="testB2" result="pass" starttime="Fri Sep 21 16:51:53 CST 2012" endtime="Fri Sep 21 16:51:53 CST 2012" />
              <Test name="testB3" result="pass" starttime="Fri Sep 21 16:51:53 CST 2012" endtime="Fri Sep 21 16:51:53 CST 2012" />
              <Test name="testB4" result="pass" starttime="Fri Sep 21 16:51:53 CST 2012" endtime="Fri Sep 21 16:51:54 CST 2012" />
              <Test name="testB5" result="pass" starttime="Fri Sep 21 16:51:54 CST 2012" endtime="Fri Sep 21 16:51:54 CST 2012" />
              <Test name="testB6" result="pass" starttime="Fri Sep 21 16:51:54 CST 2012" endtime="Fri Sep 21 16:51:54 CST 2012" />
              <Test name="testN1" result="pass" starttime="Fri Sep 21 16:51:54 CST 2012" endtime="Fri Sep 21 16:51:55 CST 2012" />
              <Test name="testN2" result="pass" starttime="Fri Sep 21 16:51:55 CST 2012" endtime="Fri Sep 21 16:51:55 CST 2012" />
              <Test name="testN3" result="pass" starttime="Fri Sep 21 16:51:55 CST 2012" endtime="Fri Sep 21 16:51:56 CST 2012" />
              <Test name="testVFE1" result="pass" starttime="Fri Sep 21 16:51:56 CST 2012" endtime="Fri Sep 21 16:51:56 CST 2012" />
              <Test name="testVFE2" result="pass" starttime="Fri Sep 21 16:51:56 CST 2012" endtime="Fri Sep 21 16:51:56 CST 2012" />
              <Test name="testVFE3" result="pass" starttime="Fri Sep 21 16:51:56 CST 2012" endtime="Fri Sep 21 16:51:57 CST 2012" />
              <Test name="testVFE4" result="pass" starttime="Fri Sep 21 16:51:57 CST 2012" endtime="Fri Sep 21 16:51:57 CST 2012" />
              <Test name="testVFE5" result="pass" starttime="Fri Sep 21 16:51:57 CST 2012" endtime="Fri Sep 21 16:51:58 CST 2012" />
              <Test name="testVFE6" result="pass" starttime="Fri Sep 21 16:51:58 CST 2012" endtime="Fri Sep 21 16:51:58 CST 2012" />
              <Test name="testVFE7" result="pass" starttime="Fri Sep 21 16:51:58 CST 2012" endtime="Fri Sep 21 16:51:59 CST 2012" />
            </TestCase>
          </TestSuite>
          <TestSuite name="goto_16">
            <TestCase name="JUnit_Test_goto_16" priority="">
              <Test name="testN1" result="pass" starttime="Fri Sep 21 16:51:59 CST 2012" endtime="Fri Sep 21 16:51:59 CST 2012" />
              <Test name="testVFE1" result="pass" starttime="Fri Sep 21 16:51:59 CST 2012" endtime="Fri Sep 21 16:51:59 CST 2012" />
              <Test name="testVFE2" result="pass" starttime="Fri Sep 21 16:51:59 CST 2012" endtime="Fri Sep 21 16:52:00 CST 2012" />
              <Test name="testVFE3" result="pass" starttime="Fri Sep 21 16:52:00 CST 2012" endtime="Fri Sep 21 16:52:00 CST 2012" />
            </TestCase>
          </TestSuite>
          <TestSuite name="goto_32">
            <TestCase name="JUnit_Test_goto_32" priority="">
              <Test name="testN1" result="pass" starttime="Fri Sep 21 16:52:00 CST 2012" endtime="Fri Sep 21 16:52:01 CST 2012" />
              <Test name="testVFE1" result="pass" starttime="Fri Sep 21 16:52:01 CST 2012" endtime="Fri Sep 21 16:52:01 CST 2012" />
              <Test name="testVFE2" result="pass" starttime="Fri Sep 21 16:52:01 CST 2012" endtime="Fri Sep 21 16:52:01 CST 2012" />
              <Test name="testVFE3" result="pass" starttime="Fri Sep 21 16:52:01 CST 2012" endtime="Fri Sep 21 16:52:02 CST 2012" />
            </TestCase>
          </TestSuite>
          <TestSuite name="if_eq">
            <TestCase name="JUnit_Test_if_eq" priority="">
              <Test name="testB1" result="pass" starttime="Fri Sep 21 16:52:02 CST 2012" endtime="Fri Sep 21 16:52:02 CST 2012" />
              <Test name="testB2" result="pass" starttime="Fri Sep 21 16:52:02 CST 2012" endtime="Fri Sep 21 16:52:03 CST 2012" />
              <Test name="testB3" result="pass" starttime="Fri Sep 21 16:52:03 CST 2012" endtime="Fri Sep 21 16:52:03 CST 2012" />
              <Test name="testB4" result="pass" starttime="Fri Sep 21 16:52:03 CST 2012" endtime="Fri Sep 21 16:52:03 CST 2012" />
              <Test name="testB5" result="pass" starttime="Fri Sep 21 16:52:03 CST 2012" endtime="Fri Sep 21 16:52:04 CST 2012" />
              <Test name="testN1" result="pass" starttime="Fri Sep 21 16:52:04 CST 2012" endtime="Fri Sep 21 16:52:04 CST 2012" />
              <Test name="testN2" result="pass" starttime="Fri Sep 21 16:52:04 CST 2012" endtime="Fri Sep 21 16:52:05 CST 2012" />
              <Test name="testN3" result="pass" starttime="Fri Sep 21 16:52:05 CST 2012" endtime="Fri Sep 21 16:52:05 CST 2012" />
              <Test name="testN4" result="pass" starttime="Fri Sep 21 16:52:05 CST 2012" endtime="Fri Sep 21 16:52:05 CST 2012" />
              <Test name="testN5" result="pass" starttime="Fri Sep 21 16:52:05 CST 2012" endtime="Fri Sep 21 16:52:06 CST 2012" />
              <Test name="testN6" result="pass" starttime="Fri Sep 21 16:52:06 CST 2012" endtime="Fri Sep 21 16:52:06 CST 2012" />
              <Test name="testVFE1" result="pass" starttime="Fri Sep 21 16:52:06 CST 2012" endtime="Fri Sep 21 16:52:07 CST 2012" />
              <Test name="testVFE2" result="pass" starttime="Fri Sep 21 16:52:07 CST 2012" endtime="Fri Sep 21 16:52:07 CST 2012" />
              <Test name="testVFE3" result="pass" starttime="Fri Sep 21 16:52:07 CST 2012" endtime="Fri Sep 21 16:52:07 CST 2012" />
              <Test name="testVFE4" result="pass" starttime="Fri Sep 21 16:52:07 CST 2012" endtime="Fri Sep 21 16:52:08 CST 2012" />
              <Test name="testVFE5" result="pass" starttime="Fri Sep 21 16:52:08 CST 2012" endtime="Fri Sep 21 16:52:08 CST 2012" />
              <Test name="testVFE6" result="pass" starttime="Fri Sep 21 16:52:08 CST 2012" endtime="Fri Sep 21 16:52:09 CST 2012" />
              <Test name="testVFE7" result="pass" starttime="Fri Sep 21 16:52:09 CST 2012" endtime="Fri Sep 21 16:52:09 CST 2012" />
              <Test name="testVFE8" result="pass" starttime="Fri Sep 21 16:52:09 CST 2012" endtime="Fri Sep 21 16:52:10 CST 2012" />
            </TestCase>
          </TestSuite>
          <TestSuite name="if_eqz">
            <TestCase name="JUnit_Test_if_eqz" priority="">
              <Test name="testB1" result="pass" starttime="Fri Sep 21 16:52:10 CST 2012" endtime="Fri Sep 21 16:52:10 CST 2012" />
              <Test name="testB2" result="pass" starttime="Fri Sep 21 16:52:10 CST 2012" endtime="Fri Sep 21 16:52:10 CST 2012" />
              <Test name="testB5" result="pass" starttime="Fri Sep 21 16:52:10 CST 2012" endtime="Fri Sep 21 16:52:11 CST 2012" />
              <Test name="testB6" result="pass" starttime="Fri Sep 21 16:52:11 CST 2012" endtime="Fri Sep 21 16:52:11 CST 2012" />
              <Test name="testN1" result="pass" starttime="Fri Sep 21 16:52:11 CST 2012" endtime="Fri Sep 21 16:52:12 CST 2012" />
              <Test name="testN2" result="pass" starttime="Fri Sep 21 16:52:12 CST 2012" endtime="Fri Sep 21 16:52:12 CST 2012" />
              <Test name="testVFE1" result="pass" starttime="Fri Sep 21 16:52:12 CST 2012" endtime="Fri Sep 21 16:52:12 CST 2012" />
              <Test name="testVFE2" result="pass" starttime="Fri Sep 21 16:52:12 CST 2012" endtime="Fri Sep 21 16:52:13 CST 2012" />
              <Test name="testVFE3" result="pass" starttime="Fri Sep 21 16:52:13 CST 2012" endtime="Fri Sep 21 16:52:13 CST 2012" />
              <Test name="testVFE4" result="pass" starttime="Fri Sep 21 16:52:13 CST 2012" endtime="Fri Sep 21 16:52:14 CST 2012" />
              <Test name="testVFE5" result="pass" starttime="Fri Sep 21 16:52:14 CST 2012" endtime="Fri Sep 21 16:52:14 CST 2012" />
              <Test name="testVFE6" result="pass" starttime="Fri Sep 21 16:52:14 CST 2012" endtime="Fri Sep 21 16:52:15 CST 2012" />
              <Test name="testVFE7" result="pass" starttime="Fri Sep 21 16:52:15 CST 2012" endtime="Fri Sep 21 16:52:15 CST 2012" />
            </TestCase>
          </TestSuite>
          <TestSuite name="if_ge">
            <TestCase name="JUnit_Test_if_ge" priority="">
              <Test name="testB1" result="pass" starttime="Fri Sep 21 16:52:15 CST 2012" endtime="Fri Sep 21 16:52:15 CST 2012" />
              <Test name="testB2" result="pass" starttime="Fri Sep 21 16:52:15 CST 2012" endtime="Fri Sep 21 16:52:16 CST 2012" />
              <Test name="testB3" result="pass" starttime="Fri Sep 21 16:52:16 CST 2012" endtime="Fri Sep 21 16:52:16 CST 2012" />
              <Test name="testB4" result="pass" starttime="Fri Sep 21 16:52:16 CST 2012" endtime="Fri Sep 21 16:52:17 CST 2012" />
              <Test name="testB5" result="pass" starttime="Fri Sep 21 16:52:17 CST 2012" endtime="Fri Sep 21 16:52:17 CST 2012" />
              <Test name="testN1" result="pass" starttime="Fri Sep 21 16:52:17 CST 2012" endtime="Fri Sep 21 16:52:17 CST 2012" />
              <Test name="testN2" result="pass" starttime="Fri Sep 21 16:52:17 CST 2012" endtime="Fri Sep 21 16:52:18 CST 2012" />
              <Test name="testN3" result="pass" starttime="Fri Sep 21 16:52:18 CST 2012" endtime="Fri Sep 21 16:52:18 CST 2012" />
              <Test name="testVFE1" result="pass" starttime="Fri Sep 21 16:52:18 CST 2012" endtime="Fri Sep 21 16:52:19 CST 2012" />
              <Test name="testVFE2" result="pass" starttime="Fri Sep 21 16:52:19 CST 2012" endtime="Fri Sep 21 16:52:19 CST 2012" />
              <Test name="testVFE3" result="pass" starttime="Fri Sep 21 16:52:19 CST 2012" endtime="Fri Sep 21 16:52:19 CST 2012" />
              <Test name="testVFE4" result="pass" starttime="Fri Sep 21 16:52:19 CST 2012" endtime="Fri Sep 21 16:52:20 CST 2012" />
              <Test name="testVFE5" result="pass" starttime="Fri Sep 21 16:52:20 CST 2012" endtime="Fri Sep 21 16:52:20 CST 2012" />
              <Test name="testVFE6" result="pass" starttime="Fri Sep 21 16:52:20 CST 2012" endtime="Fri Sep 21 16:52:21 CST 2012" />
              <Test name="testVFE7" result="pass" starttime="Fri Sep 21 16:52:21 CST 2012" endtime="Fri Sep 21 16:52:21 CST 2012" />
              <Test name="testVFE8" result="pass" starttime="Fri Sep 21 16:52:21 CST 2012" endtime="Fri Sep 21 16:52:21 CST 2012" />
            </TestCase>
          </TestSuite>
          <TestSuite name="if_gez">
            <TestCase name="JUnit_Test_if_gez" priority="">
              <Test name="testB1" result="pass" starttime="Fri Sep 21 16:52:21 CST 2012" endtime="Fri Sep 21 16:52:22 CST 2012" />
              <Test name="testB2" result="pass" starttime="Fri Sep 21 16:52:22 CST 2012" endtime="Fri Sep 21 16:52:22 CST 2012" />
              <Test name="testB3" result="pass" starttime="Fri Sep 21 16:52:22 CST 2012" endtime="Fri Sep 21 16:52:23 CST 2012" />
              <Test name="testN1" result="pass" starttime="Fri Sep 21 16:52:23 CST 2012" endtime="Fri Sep 21 16:52:23 CST 2012" />
              <Test name="testN2" result="pass" starttime="Fri Sep 21 16:52:23 CST 2012" endtime="Fri Sep 21 16:52:23 CST 2012" />
              <Test name="testVFE1" result="pass" starttime="Fri Sep 21 16:52:23 CST 2012" endtime="Fri Sep 21 16:52:24 CST 2012" />
              <Test name="testVFE2" result="pass" starttime="Fri Sep 21 16:52:24 CST 2012" endtime="Fri Sep 21 16:52:24 CST 2012" />
              <Test name="testVFE3" result="pass" starttime="Fri Sep 21 16:52:24 CST 2012" endtime="Fri Sep 21 16:52:25 CST 2012" />
              <Test name="testVFE4" result="pass" starttime="Fri Sep 21 16:52:25 CST 2012" endtime="Fri Sep 21 16:52:25 CST 2012" />
              <Test name="testVFE5" result="pass" starttime="Fri Sep 21 16:52:25 CST 2012" endtime="Fri Sep 21 16:52:26 CST 2012" />
              <Test name="testVFE6" result="pass" starttime="Fri Sep 21 16:52:26 CST 2012" endtime="Fri Sep 21 16:52:26 CST 2012" />
              <Test name="testVFE7" result="pass" starttime="Fri Sep 21 16:52:26 CST 2012" endtime="Fri Sep 21 16:52:26 CST 2012" />
              <Test name="testVFE8" result="pass" starttime="Fri Sep 21 16:52:26 CST 2012" endtime="Fri Sep 21 16:52:27 CST 2012" />
            </TestCase>
          </TestSuite>
          <TestSuite name="if_gt">
            <TestCase name="JUnit_Test_if_gt" priority="">
              <Test name="testB1" result="pass" starttime="Fri Sep 21 16:52:27 CST 2012" endtime="Fri Sep 21 16:52:28 CST 2012" />
              <Test name="testB2" result="pass" starttime="Fri Sep 21 16:52:28 CST 2012" endtime="Fri Sep 21 16:52:28 CST 2012" />
              <Test name="testB3" result="pass" starttime="Fri Sep 21 16:52:28 CST 2012" endtime="Fri Sep 21 16:52:28 CST 2012" />
              <Test name="testB4" result="pass" starttime="Fri Sep 21 16:52:28 CST 2012" endtime="Fri Sep 21 16:52:29 CST 2012" />
              <Test name="testB5" result="pass" starttime="Fri Sep 21 16:52:29 CST 2012" endtime="Fri Sep 21 16:52:29 CST 2012" />
              <Test name="testN1" result="pass" starttime="Fri Sep 21 16:52:29 CST 2012" endtime="Fri Sep 21 16:52:30 CST 2012" />
              <Test name="testN2" result="pass" starttime="Fri Sep 21 16:52:30 CST 2012" endtime="Fri Sep 21 16:52:30 CST 2012" />
              <Test name="testN3" result="pass" starttime="Fri Sep 21 16:52:30 CST 2012" endtime="Fri Sep 21 16:52:30 CST 2012" />
              <Test name="testVFE1" result="pass" starttime="Fri Sep 21 16:52:30 CST 2012" endtime="Fri Sep 21 16:52:31 CST 2012" />
              <Test name="testVFE2" result="pass" starttime="Fri Sep 21 16:52:31 CST 2012" endtime="Fri Sep 21 16:52:31 CST 2012" />
              <Test name="testVFE3" result="pass" starttime="Fri Sep 21 16:52:31 CST 2012" endtime="Fri Sep 21 16:52:32 CST 2012" />
              <Test name="testVFE4" result="pass" starttime="Fri Sep 21 16:52:32 CST 2012" endtime="Fri Sep 21 16:52:32 CST 2012" />
              <Test name="testVFE5" result="pass" starttime="Fri Sep 21 16:52:32 CST 2012" endtime="Fri Sep 21 16:52:32 CST 2012" />
              <Test name="testVFE6" result="pass" starttime="Fri Sep 21 16:52:32 CST 2012" endtime="Fri Sep 21 16:52:33 CST 2012" />
              <Test name="testVFE7" result="pass" starttime="Fri Sep 21 16:52:33 CST 2012" endtime="Fri Sep 21 16:52:33 CST 2012" />
              <Test name="testVFE8" result="pass" starttime="Fri Sep 21 16:52:33 CST 2012" endtime="Fri Sep 21 16:52:34 CST 2012" />
            </TestCase>
          </TestSuite>
          <TestSuite name="if_gtz">
            <TestCase name="JUnit_Test_if_gtz" priority="">
              <Test name="testB1" result="pass" starttime="Fri Sep 21 16:52:34 CST 2012" endtime="Fri Sep 21 16:52:34 CST 2012" />
              <Test name="testB2" result="pass" starttime="Fri Sep 21 16:52:34 CST 2012" endtime="Fri Sep 21 16:52:34 CST 2012" />
              <Test name="testB3" result="pass" starttime="Fri Sep 21 16:52:34 CST 2012" endtime="Fri Sep 21 16:52:35 CST 2012" />
              <Test name="testN1" result="pass" starttime="Fri Sep 21 16:52:35 CST 2012" endtime="Fri Sep 21 16:52:35 CST 2012" />
              <Test name="testN2" result="pass" starttime="Fri Sep 21 16:52:35 CST 2012" endtime="Fri Sep 21 16:52:36 CST 2012" />
              <Test name="testVFE1" result="pass" starttime="Fri Sep 21 16:52:36 CST 2012" endtime="Fri Sep 21 16:52:36 CST 2012" />
              <Test name="testVFE2" result="pass" starttime="Fri Sep 21 16:52:36 CST 2012" endtime="Fri Sep 21 16:52:36 CST 2012" />
              <Test name="testVFE3" result="pass" starttime="Fri Sep 21 16:52:36 CST 2012" endtime="Fri Sep 21 16:52:37 CST 2012" />
              <Test name="testVFE4" result="pass" starttime="Fri Sep 21 16:52:37 CST 2012" endtime="Fri Sep 21 16:52:37 CST 2012" />
              <Test name="testVFE5" result="pass" starttime="Fri Sep 21 16:52:37 CST 2012" endtime="Fri Sep 21 16:52:38 CST 2012" />
              <Test name="testVFE6" result="pass" starttime="Fri Sep 21 16:52:38 CST 2012" endtime="Fri Sep 21 16:52:38 CST 2012" />
              <Test name="testVFE7" result="pass" starttime="Fri Sep 21 16:52:38 CST 2012" endtime="Fri Sep 21 16:52:39 CST 2012" />
              <Test name="testVFE8" result="pass" starttime="Fri Sep 21 16:52:39 CST 2012" endtime="Fri Sep 21 16:52:39 CST 2012" />
            </TestCase>
          </TestSuite>
          <TestSuite name="if_le">
            <TestCase name="JUnit_Test_if_le" priority="">
              <Test name="testB1" result="pass" starttime="Fri Sep 21 16:52:39 CST 2012" endtime="Fri Sep 21 16:52:39 CST 2012" />
              <Test name="testB2" result="pass" starttime="Fri Sep 21 16:52:39 CST 2012" endtime="Fri Sep 21 16:52:40 CST 2012" />
              <Test name="testB3" result="pass" starttime="Fri Sep 21 16:52:40 CST 2012" endtime="Fri Sep 21 16:52:40 CST 2012" />
              <Test name="testB4" result="pass" starttime="Fri Sep 21 16:52:40 CST 2012" endtime="Fri Sep 21 16:52:41 CST 2012" />
              <Test name="testB5" result="pass" starttime="Fri Sep 21 16:52:41 CST 2012" endtime="Fri Sep 21 16:52:41 CST 2012" />
              <Test name="testN1" result="pass" starttime="Fri Sep 21 16:52:41 CST 2012" endtime="Fri Sep 21 16:52:41 CST 2012" />
              <Test name="testN2" result="pass" starttime="Fri Sep 21 16:52:41 CST 2012" endtime="Fri Sep 21 16:52:42 CST 2012" />
              <Test name="testN3" result="pass" starttime="Fri Sep 21 16:52:42 CST 2012" endtime="Fri Sep 21 16:52:42 CST 2012" />
              <Test name="testVFE1" result="pass" starttime="Fri Sep 21 16:52:42 CST 2012" endtime="Fri Sep 21 16:52:43 CST 2012" />
              <Test name="testVFE2" result="pass" starttime="Fri Sep 21 16:52:43 CST 2012" endtime="Fri Sep 21 16:52:43 CST 2012" />
              <Test name="testVFE3" result="pass" starttime="Fri Sep 21 16:52:43 CST 2012" endtime="Fri Sep 21 16:52:43 CST 2012" />
              <Test name="testVFE4" result="pass" starttime="Fri Sep 21 16:52:43 CST 2012" endtime="Fri Sep 21 16:52:44 CST 2012" />
              <Test name="testVFE5" result="pass" starttime="Fri Sep 21 16:52:44 CST 2012" endtime="Fri Sep 21 16:52:44 CST 2012" />
              <Test name="testVFE6" result="pass" starttime="Fri Sep 21 16:52:44 CST 2012" endtime="Fri Sep 21 16:52:45 CST 2012" />
              <Test name="testVFE7" result="pass" starttime="Fri Sep 21 16:52:45 CST 2012" endtime="Fri Sep 21 16:52:45 CST 2012" />
              <Test name="testVFE8" result="pass" starttime="Fri Sep 21 16:52:45 CST 2012" endtime="Fri Sep 21 16:52:45 CST 2012" />
            </TestCase>
          </TestSuite>
          <TestSuite name="if_lez">
            <TestCase name="JUnit_Test_if_lez" priority="">
              <Test name="testB1" result="pass" starttime="Fri Sep 21 16:52:45 CST 2012" endtime="Fri Sep 21 16:52:46 CST 2012" />
              <Test name="testB2" result="pass" starttime="Fri Sep 21 16:52:46 CST 2012" endtime="Fri Sep 21 16:52:46 CST 2012" />
              <Test name="testB3" result="pass" starttime="Fri Sep 21 16:52:46 CST 2012" endtime="Fri Sep 21 16:52:47 CST 2012" />
              <Test name="testN1" result="pass" starttime="Fri Sep 21 16:52:47 CST 2012" endtime="Fri Sep 21 16:52:47 CST 2012" />
              <Test name="testN2" result="pass" starttime="Fri Sep 21 16:52:47 CST 2012" endtime="Fri Sep 21 16:52:47 CST 2012" />
              <Test name="testVFE1" result="pass" starttime="Fri Sep 21 16:52:47 CST 2012" endtime="Fri Sep 21 16:52:48 CST 2012" />
              <Test name="testVFE2" result="pass" starttime="Fri Sep 21 16:52:48 CST 2012" endtime="Fri Sep 21 16:52:48 CST 2012" />
              <Test name="testVFE3" result="pass" starttime="Fri Sep 21 16:52:48 CST 2012" endtime="Fri Sep 21 16:52:49 CST 2012" />
              <Test name="testVFE4" result="pass" starttime="Fri Sep 21 16:52:49 CST 2012" endtime="Fri Sep 21 16:52:49 CST 2012" />
              <Test name="testVFE5" result="pass" starttime="Fri Sep 21 16:52:49 CST 2012" endtime="Fri Sep 21 16:52:50 CST 2012" />
              <Test name="testVFE6" result="pass" starttime="Fri Sep 21 16:52:50 CST 2012" endtime="Fri Sep 21 16:52:50 CST 2012" />
              <Test name="testVFE7" result="pass" starttime="Fri Sep 21 16:52:50 CST 2012" endtime="Fri Sep 21 16:52:50 CST 2012" />
              <Test name="testVFE8" result="pass" starttime="Fri Sep 21 16:52:50 CST 2012" endtime="Fri Sep 21 16:52:51 CST 2012" />
            </TestCase>
          </TestSuite>
          <TestSuite name="if_lt">
            <TestCase name="JUnit_Test_if_lt" priority="">
              <Test name="testB1" result="pass" starttime="Fri Sep 21 16:52:51 CST 2012" endtime="Fri Sep 21 16:52:51 CST 2012" />
              <Test name="testB2" result="pass" starttime="Fri Sep 21 16:52:51 CST 2012" endtime="Fri Sep 21 16:52:52 CST 2012" />
              <Test name="testB3" result="pass" starttime="Fri Sep 21 16:52:52 CST 2012" endtime="Fri Sep 21 16:52:52 CST 2012" />
              <Test name="testB4" result="pass" starttime="Fri Sep 21 16:52:52 CST 2012" endtime="Fri Sep 21 16:52:52 CST 2012" />
              <Test name="testB5" result="pass" starttime="Fri Sep 21 16:52:52 CST 2012" endtime="Fri Sep 21 16:52:53 CST 2012" />
              <Test name="testN1" result="pass" starttime="Fri Sep 21 16:52:53 CST 2012" endtime="Fri Sep 21 16:52:53 CST 2012" />
              <Test name="testN2" result="pass" starttime="Fri Sep 21 16:52:53 CST 2012" endtime="Fri Sep 21 16:52:54 CST 2012" />
              <Test name="testN3" result="pass" starttime="Fri Sep 21 16:52:54 CST 2012" endtime="Fri Sep 21 16:52:54 CST 2012" />
              <Test name="testVFE1" result="pass" starttime="Fri Sep 21 16:52:54 CST 2012" endtime="Fri Sep 21 16:52:54 CST 2012" />
              <Test name="testVFE2" result="pass" starttime="Fri Sep 21 16:52:54 CST 2012" endtime="Fri Sep 21 16:52:55 CST 2012" />
              <Test name="testVFE3" result="pass" starttime="Fri Sep 21 16:52:55 CST 2012" endtime="Fri Sep 21 16:52:55 CST 2012" />
              <Test name="testVFE4" result="pass" starttime="Fri Sep 21 16:52:55 CST 2012" endtime="Fri Sep 21 16:52:56 CST 2012" />
              <Test name="testVFE5" result="pass" starttime="Fri Sep 21 16:52:56 CST 2012" endtime="Fri Sep 21 16:52:56 CST 2012" />
              <Test name="testVFE6" result="pass" starttime="Fri Sep 21 16:52:56 CST 2012" endtime="Fri Sep 21 16:52:56 CST 2012" />
              <Test name="testVFE7" result="pass" starttime="Fri Sep 21 16:52:56 CST 2012" endtime="Fri Sep 21 16:52:57 CST 2012" />
              <Test name="testVFE8" result="pass" starttime="Fri Sep 21 16:52:57 CST 2012" endtime="Fri Sep 21 16:52:57 CST 2012" />
            </TestCase>
          </TestSuite>
          <TestSuite name="if_ltz">
            <TestCase name="JUnit_Test_if_ltz" priority="">
              <Test name="testB1" result="pass" starttime="Fri Sep 21 16:52:57 CST 2012" endtime="Fri Sep 21 16:52:58 CST 2012" />
              <Test name="testB2" result="pass" starttime="Fri Sep 21 16:52:58 CST 2012" endtime="Fri Sep 21 16:52:58 CST 2012" />
              <Test name="testB3" result="pass" starttime="Fri Sep 21 16:52:58 CST 2012" endtime="Fri Sep 21 16:52:58 CST 2012" />
              <Test name="testN1" result="pass" starttime="Fri Sep 21 16:52:58 CST 2012" endtime="Fri Sep 21 16:52:59 CST 2012" />
              <Test name="testN2" result="pass" starttime="Fri Sep 21 16:52:59 CST 2012" endtime="Fri Sep 21 16:52:59 CST 2012" />
              <Test name="testVFE1" result="pass" starttime="Fri Sep 21 16:52:59 CST 2012" endtime="Fri Sep 21 16:53:00 CST 2012" />
              <Test name="testVFE2" result="pass" starttime="Fri Sep 21 16:53:00 CST 2012" endtime="Fri Sep 21 16:53:00 CST 2012" />
              <Test name="testVFE3" result="pass" starttime="Fri Sep 21 16:53:00 CST 2012" endtime="Fri Sep 21 16:53:01 CST 2012" />
              <Test name="testVFE4" result="pass" starttime="Fri Sep 21 16:53:01 CST 2012" endtime="Fri Sep 21 16:53:01 CST 2012" />
              <Test name="testVFE5" result="pass" starttime="Fri Sep 21 16:53:01 CST 2012" endtime="Fri Sep 21 16:53:01 CST 2012" />
              <Test name="testVFE6" result="pass" starttime="Fri Sep 21 16:53:01 CST 2012" endtime="Fri Sep 21 16:53:02 CST 2012" />
              <Test name="testVFE7" result="pass" starttime="Fri Sep 21 16:53:02 CST 2012" endtime="Fri Sep 21 16:53:02 CST 2012" />
              <Test name="testVFE8" result="pass" starttime="Fri Sep 21 16:53:02 CST 2012" endtime="Fri Sep 21 16:53:03 CST 2012" />
            </TestCase>
          </TestSuite>
          <TestSuite name="if_ne">
            <TestCase name="JUnit_Test_if_ne" priority="">
              <Test name="testB1" result="pass" starttime="Fri Sep 21 16:53:03 CST 2012" endtime="Fri Sep 21 16:53:03 CST 2012" />
              <Test name="testB2" result="pass" starttime="Fri Sep 21 16:53:03 CST 2012" endtime="Fri Sep 21 16:53:03 CST 2012" />
              <Test name="testB3" result="pass" starttime="Fri Sep 21 16:53:03 CST 2012" endtime="Fri Sep 21 16:53:04 CST 2012" />
              <Test name="testB4" result="pass" starttime="Fri Sep 21 16:53:04 CST 2012" endtime="Fri Sep 21 16:53:04 CST 2012" />
              <Test name="testB5" result="pass" starttime="Fri Sep 21 16:53:04 CST 2012" endtime="Fri Sep 21 16:53:05 CST 2012" />
              <Test name="testN1" result="pass" starttime="Fri Sep 21 16:53:05 CST 2012" endtime="Fri Sep 21 16:53:05 CST 2012" />
              <Test name="testN2" result="pass" starttime="Fri Sep 21 16:53:05 CST 2012" endtime="Fri Sep 21 16:53:05 CST 2012" />
              <Test name="testN3" result="pass" starttime="Fri Sep 21 16:53:05 CST 2012" endtime="Fri Sep 21 16:53:06 CST 2012" />
              <Test name="testN4" result="pass" starttime="Fri Sep 21 16:53:06 CST 2012" endtime="Fri Sep 21 16:53:06 CST 2012" />
              <Test name="testN5" result="pass" starttime="Fri Sep 21 16:53:06 CST 2012" endtime="Fri Sep 21 16:53:07 CST 2012" />
              <Test name="testN6" result="pass" starttime="Fri Sep 21 16:53:07 CST 2012" endtime="Fri Sep 21 16:53:07 CST 2012" />
              <Test name="testVFE1" result="pass" starttime="Fri Sep 21 16:53:07 CST 2012" endtime="Fri Sep 21 16:53:07 CST 2012" />
              <Test name="testVFE2" result="pass" starttime="Fri Sep 21 16:53:07 CST 2012" endtime="Fri Sep 21 16:53:08 CST 2012" />
              <Test name="testVFE3" result="pass" starttime="Fri Sep 21 16:53:08 CST 2012" endtime="Fri Sep 21 16:53:08 CST 2012" />
              <Test name="testVFE4" result="pass" starttime="Fri Sep 21 16:53:08 CST 2012" endtime="Fri Sep 21 16:53:09 CST 2012" />
              <Test name="testVFE5" result="pass" starttime="Fri Sep 21 16:53:09 CST 2012" endtime="Fri Sep 21 16:53:09 CST 2012" />
              <Test name="testVFE6" result="pass" starttime="Fri Sep 21 16:53:09 CST 2012" endtime="Fri Sep 21 16:53:09 CST 2012" />
              <Test name="testVFE7" result="pass" starttime="Fri Sep 21 16:53:09 CST 2012" endtime="Fri Sep 21 16:53:10 CST 2012" />
              <Test name="testVFE8" result="pass" starttime="Fri Sep 21 16:53:10 CST 2012" endtime="Fri Sep 21 16:53:10 CST 2012" />
            </TestCase>
          </TestSuite>
          <TestSuite name="if_nez">
            <TestCase name="JUnit_Test_if_nez" priority="">
              <Test name="testB1" result="pass" starttime="Fri Sep 21 16:53:10 CST 2012" endtime="Fri Sep 21 16:53:11 CST 2012" />
              <Test name="testB2" result="pass" starttime="Fri Sep 21 16:53:11 CST 2012" endtime="Fri Sep 21 16:53:11 CST 2012" />
              <Test name="testB3" result="pass" starttime="Fri Sep 21 16:53:11 CST 2012" endtime="Fri Sep 21 16:53:12 CST 2012" />
              <Test name="testB4" result="pass" starttime="Fri Sep 21 16:53:12 CST 2012" endtime="Fri Sep 21 16:53:12 CST 2012" />
              <Test name="testN1" result="pass" starttime="Fri Sep 21 16:53:12 CST 2012" endtime="Fri Sep 21 16:53:12 CST 2012" />
              <Test name="testN2" result="pass" starttime="Fri Sep 21 16:53:12 CST 2012" endtime="Fri Sep 21 16:53:13 CST 2012" />
              <Test name="testN3" result="pass" starttime="Fri Sep 21 16:53:13 CST 2012" endtime="Fri Sep 21 16:53:13 CST 2012" />
              <Test name="testVFE1" result="pass" starttime="Fri Sep 21 16:53:13 CST 2012" endtime="Fri Sep 21 16:53:14 CST 2012" />
              <Test name="testVFE2" result="pass" starttime="Fri Sep 21 16:53:14 CST 2012" endtime="Fri Sep 21 16:53:14 CST 2012" />
              <Test name="testVFE3" result="pass" starttime="Fri Sep 21 16:53:14 CST 2012" endtime="Fri Sep 21 16:53:14 CST 2012" />
              <Test name="testVFE4" result="pass" starttime="Fri Sep 21 16:53:14 CST 2012" endtime="Fri Sep 21 16:53:15 CST 2012" />
              <Test name="testVFE5" result="pass" starttime="Fri Sep 21 16:53:15 CST 2012" endtime="Fri Sep 21 16:53:15 CST 2012" />
              <Test name="testVFE6" result="pass" starttime="Fri Sep 21 16:53:15 CST 2012" endtime="Fri Sep 21 16:53:16 CST 2012" />
              <Test name="testVFE7" result="pass" starttime="Fri Sep 21 16:53:16 CST 2012" endtime="Fri Sep 21 16:53:16 CST 2012" />
            </TestCase>
          </TestSuite>
          <TestSuite name="iget">
            <TestCase name="JUnit_Test_iget" priority="">
              <Test name="testE2" result="pass" starttime="Fri Sep 21 16:53:16 CST 2012" endtime="Fri Sep 21 16:53:17 CST 2012" />
              <Test name="testN1" result="pass" starttime="Fri Sep 21 16:53:17 CST 2012" endtime="Fri Sep 21 16:53:17 CST 2012" />
              <Test name="testN2" result="pass" starttime="Fri Sep 21 16:53:17 CST 2012" endtime="Fri Sep 21 16:53:17 CST 2012" />
              <Test name="testN3" result="pass" starttime="Fri Sep 21 16:53:17 CST 2012" endtime="Fri Sep 21 16:53:18 CST 2012" />
              <Test name="testVFE1" result="pass" starttime="Fri Sep 21 16:53:18 CST 2012" endtime="Fri Sep 21 16:53:18 CST 2012" />
              <Test name="testVFE10" result="pass" starttime="Fri Sep 21 16:53:18 CST 2012" endtime="Fri Sep 21 16:53:19 CST 2012" />
              <Test name="testVFE11" result="pass" starttime="Fri Sep 21 16:53:19 CST 2012" endtime="Fri Sep 21 16:53:19 CST 2012" />
              <Test name="testVFE12" result="pass" starttime="Fri Sep 21 16:53:19 CST 2012" endtime="Fri Sep 21 16:53:19 CST 2012" />
              <Test name="testVFE13" result="pass" starttime="Fri Sep 21 16:53:19 CST 2012" endtime="Fri Sep 21 16:53:20 CST 2012" />
              <Test name="testVFE14" result="pass" starttime="Fri Sep 21 16:53:20 CST 2012" endtime="Fri Sep 21 16:53:20 CST 2012" />
              <Test name="testVFE15" result="pass" starttime="Fri Sep 21 16:53:20 CST 2012" endtime="Fri Sep 21 16:53:21 CST 2012" />
              <Test name="testVFE16" result="pass" starttime="Fri Sep 21 16:53:21 CST 2012" endtime="Fri Sep 21 16:53:21 CST 2012" />
              <Test name="testVFE2" result="pass" starttime="Fri Sep 21 16:53:21 CST 2012" endtime="Fri Sep 21 16:53:22 CST 2012" />
              <Test name="testVFE3" result="pass" starttime="Fri Sep 21 16:53:22 CST 2012" endtime="Fri Sep 21 16:53:22 CST 2012" />
              <Test name="testVFE30" result="pass" starttime="Fri Sep 21 16:53:22 CST 2012" endtime="Fri Sep 21 16:53:22 CST 2012" />
              <Test name="testVFE4" result="pass" starttime="Fri Sep 21 16:53:22 CST 2012" endtime="Fri Sep 21 16:53:23 CST 2012" />
              <Test name="testVFE5" result="pass" starttime="Fri Sep 21 16:53:23 CST 2012" endtime="Fri Sep 21 16:53:23 CST 2012" />
              <Test name="testVFE6" result="pass" starttime="Fri Sep 21 16:53:23 CST 2012" endtime="Fri Sep 21 16:53:24 CST 2012" />
              <Test name="testVFE7" result="pass" starttime="Fri Sep 21 16:53:24 CST 2012" endtime="Fri Sep 21 16:53:24 CST 2012" />
              <Test name="testVFE8" result="pass" starttime="Fri Sep 21 16:53:24 CST 2012" endtime="Fri Sep 21 16:53:25 CST 2012" />
              <Test name="testVFE9" result="pass" starttime="Fri Sep 21 16:53:25 CST 2012" endtime="Fri Sep 21 16:53:25 CST 2012" />
            </TestCase>
          </TestSuite>
          <TestSuite name="iget_boolean">
            <TestCase name="JUnit_Test_iget_boolean" priority="">
              <Test name="testE2" result="pass" starttime="Fri Sep 21 16:53:25 CST 2012" endtime="Fri Sep 21 16:53:26 CST 2012" />
              <Test name="testN1" result="pass" starttime="Fri Sep 21 16:53:26 CST 2012" endtime="Fri Sep 21 16:53:26 CST 2012" />
              <Test name="testN3" result="pass" starttime="Fri Sep 21 16:53:26 CST 2012" endtime="Fri Sep 21 16:53:26 CST 2012" />
              <Test name="testVFE1" result="pass" starttime="Fri Sep 21 16:53:26 CST 2012" endtime="Fri Sep 21 16:53:27 CST 2012" />
              <Test name="testVFE10" result="pass" starttime="Fri Sep 21 16:53:27 CST 2012" endtime="Fri Sep 21 16:53:27 CST 2012" />
              <Test name="testVFE11" result="pass" starttime="Fri Sep 21 16:53:27 CST 2012" endtime="Fri Sep 21 16:53:28 CST 2012" />
              <Test name="testVFE12" result="pass" starttime="Fri Sep 21 16:53:28 CST 2012" endtime="Fri Sep 21 16:53:28 CST 2012" />
              <Test name="testVFE13" result="pass" starttime="Fri Sep 21 16:53:28 CST 2012" endtime="Fri Sep 21 16:53:29 CST 2012" />
              <Test name="testVFE14" result="pass" starttime="Fri Sep 21 16:53:29 CST 2012" endtime="Fri Sep 21 16:53:29 CST 2012" />
              <Test name="testVFE15" result="pass" starttime="Fri Sep 21 16:53:29 CST 2012" endtime="Fri Sep 21 16:53:29 CST 2012" />
              <Test name="testVFE16" result="pass" starttime="Fri Sep 21 16:53:29 CST 2012" endtime="Fri Sep 21 16:53:30 CST 2012" />
              <Test name="testVFE2" result="pass" starttime="Fri Sep 21 16:53:30 CST 2012" endtime="Fri Sep 21 16:53:30 CST 2012" />
              <Test name="testVFE3" result="pass" starttime="Fri Sep 21 16:53:30 CST 2012" endtime="Fri Sep 21 16:53:31 CST 2012" />
              <Test name="testVFE30" result="pass" starttime="Fri Sep 21 16:53:31 CST 2012" endtime="Fri Sep 21 16:53:31 CST 2012" />
              <Test name="testVFE4" result="pass" starttime="Fri Sep 21 16:53:31 CST 2012" endtime="Fri Sep 21 16:53:32 CST 2012" />
              <Test name="testVFE5" result="pass" starttime="Fri Sep 21 16:53:32 CST 2012" endtime="Fri Sep 21 16:53:32 CST 2012" />
              <Test name="testVFE6" result="pass" starttime="Fri Sep 21 16:53:32 CST 2012" endtime="Fri Sep 21 16:53:32 CST 2012" />
              <Test name="testVFE7" result="pass" starttime="Fri Sep 21 16:53:32 CST 2012" endtime="Fri Sep 21 16:53:33 CST 2012" />
              <Test name="testVFE8" result="pass" starttime="Fri Sep 21 16:53:33 CST 2012" endtime="Fri Sep 21 16:53:33 CST 2012" />
              <Test name="testVFE9" result="pass" starttime="Fri Sep 21 16:53:33 CST 2012" endtime="Fri Sep 21 16:53:34 CST 2012" />
            </TestCase>
          </TestSuite>
          <TestSuite name="iget_byte">
            <TestCase name="JUnit_Test_iget_byte" priority="">
              <Test name="testE2" result="pass" starttime="Fri Sep 21 16:53:34 CST 2012" endtime="Fri Sep 21 16:53:34 CST 2012" />
              <Test name="testN1" result="pass" starttime="Fri Sep 21 16:53:34 CST 2012" endtime="Fri Sep 21 16:53:35 CST 2012" />
              <Test name="testN3" result="pass" starttime="Fri Sep 21 16:53:35 CST 2012" endtime="Fri Sep 21 16:53:35 CST 2012" />
              <Test name="testVFE1" result="pass" starttime="Fri Sep 21 16:53:35 CST 2012" endtime="Fri Sep 21 16:53:35 CST 2012" />
              <Test name="testVFE10" result="pass" starttime="Fri Sep 21 16:53:35 CST 2012" endtime="Fri Sep 21 16:53:36 CST 2012" />
              <Test name="testVFE11" result="pass" starttime="Fri Sep 21 16:53:36 CST 2012" endtime="Fri Sep 21 16:53:36 CST 2012" />
              <Test name="testVFE12" result="pass" starttime="Fri Sep 21 16:53:36 CST 2012" endtime="Fri Sep 21 16:53:37 CST 2012" />
              <Test name="testVFE13" result="pass" starttime="Fri Sep 21 16:53:37 CST 2012" endtime="Fri Sep 21 16:53:37 CST 2012" />
              <Test name="testVFE14" result="pass" starttime="Fri Sep 21 16:53:37 CST 2012" endtime="Fri Sep 21 16:53:37 CST 2012" />
              <Test name="testVFE15" result="pass" starttime="Fri Sep 21 16:53:37 CST 2012" endtime="Fri Sep 21 16:53:38 CST 2012" />
              <Test name="testVFE16" result="pass" starttime="Fri Sep 21 16:53:38 CST 2012" endtime="Fri Sep 21 16:53:38 CST 2012" />
              <Test name="testVFE2" result="pass" starttime="Fri Sep 21 16:53:38 CST 2012" endtime="Fri Sep 21 16:53:39 CST 2012" />
              <Test name="testVFE3" result="pass" starttime="Fri Sep 21 16:53:39 CST 2012" endtime="Fri Sep 21 16:53:39 CST 2012" />
              <Test name="testVFE30" result="pass" starttime="Fri Sep 21 16:53:39 CST 2012" endtime="Fri Sep 21 16:53:40 CST 2012" />
              <Test name="testVFE4" result="pass" starttime="Fri Sep 21 16:53:40 CST 2012" endtime="Fri Sep 21 16:53:40 CST 2012" />
              <Test name="testVFE5" result="pass" starttime="Fri Sep 21 16:53:40 CST 2012" endtime="Fri Sep 21 16:53:40 CST 2012" />
              <Test name="testVFE6" result="pass" starttime="Fri Sep 21 16:53:40 CST 2012" endtime="Fri Sep 21 16:53:41 CST 2012" />
              <Test name="testVFE7" result="pass" starttime="Fri Sep 21 16:53:41 CST 2012" endtime="Fri Sep 21 16:53:41 CST 2012" />
              <Test name="testVFE8" result="pass" starttime="Fri Sep 21 16:53:41 CST 2012" endtime="Fri Sep 21 16:53:42 CST 2012" />
              <Test name="testVFE9" result="pass" starttime="Fri Sep 21 16:53:42 CST 2012" endtime="Fri Sep 21 16:53:42 CST 2012" />
            </TestCase>
          </TestSuite>
          <TestSuite name="iget_char">
            <TestCase name="JUnit_Test_iget_char" priority="">
              <Test name="testE2" result="pass" starttime="Fri Sep 21 16:53:42 CST 2012" endtime="Fri Sep 21 16:53:43 CST 2012" />
              <Test name="testN1" result="pass" starttime="Fri Sep 21 16:53:43 CST 2012" endtime="Fri Sep 21 16:53:43 CST 2012" />
              <Test name="testN3" result="pass" starttime="Fri Sep 21 16:53:43 CST 2012" endtime="Fri Sep 21 16:53:43 CST 2012" />
              <Test name="testVFE1" result="pass" starttime="Fri Sep 21 16:53:43 CST 2012" endtime="Fri Sep 21 16:53:44 CST 2012" />
              <Test name="testVFE10" result="pass" starttime="Fri Sep 21 16:53:44 CST 2012" endtime="Fri Sep 21 16:53:44 CST 2012" />
              <Test name="testVFE11" result="pass" starttime="Fri Sep 21 16:53:44 CST 2012" endtime="Fri Sep 21 16:53:45 CST 2012" />
              <Test name="testVFE12" result="pass" starttime="Fri Sep 21 16:53:45 CST 2012" endtime="Fri Sep 21 16:53:45 CST 2012" />
              <Test name="testVFE13" result="pass" starttime="Fri Sep 21 16:53:45 CST 2012" endtime="Fri Sep 21 16:53:45 CST 2012" />
              <Test name="testVFE14" result="pass" starttime="Fri Sep 21 16:53:45 CST 2012" endtime="Fri Sep 21 16:53:46 CST 2012" />
              <Test name="testVFE15" result="pass" starttime="Fri Sep 21 16:53:46 CST 2012" endtime="Fri Sep 21 16:53:46 CST 2012" />
              <Test name="testVFE16" result="pass" starttime="Fri Sep 21 16:53:46 CST 2012" endtime="Fri Sep 21 16:53:47 CST 2012" />
              <Test name="testVFE2" result="pass" starttime="Fri Sep 21 16:53:47 CST 2012" endtime="Fri Sep 21 16:53:47 CST 2012" />
              <Test name="testVFE3" result="pass" starttime="Fri Sep 21 16:53:47 CST 2012" endtime="Fri Sep 21 16:53:48 CST 2012" />
              <Test name="testVFE30" result="pass" starttime="Fri Sep 21 16:53:48 CST 2012" endtime="Fri Sep 21 16:53:48 CST 2012" />
              <Test name="testVFE4" result="pass" starttime="Fri Sep 21 16:53:48 CST 2012" endtime="Fri Sep 21 16:53:48 CST 2012" />
              <Test name="testVFE5" result="pass" starttime="Fri Sep 21 16:53:48 CST 2012" endtime="Fri Sep 21 16:53:49 CST 2012" />
              <Test name="testVFE6" result="pass" starttime="Fri Sep 21 16:53:49 CST 2012" endtime="Fri Sep 21 16:53:49 CST 2012" />
              <Test name="testVFE7" result="pass" starttime="Fri Sep 21 16:53:49 CST 2012" endtime="Fri Sep 21 16:53:50 CST 2012" />
              <Test name="testVFE8" result="pass" starttime="Fri Sep 21 16:53:50 CST 2012" endtime="Fri Sep 21 16:53:50 CST 2012" />
              <Test name="testVFE9" result="pass" starttime="Fri Sep 21 16:53:50 CST 2012" endtime="Fri Sep 21 16:53:51 CST 2012" />
            </TestCase>
          </TestSuite>
          <TestSuite name="iget_object">
            <TestCase name="JUnit_Test_iget_object" priority="">
              <Test name="testE2" result="pass" starttime="Fri Sep 21 16:53:51 CST 2012" endtime="Fri Sep 21 16:53:51 CST 2012" />
              <Test name="testN1" result="pass" starttime="Fri Sep 21 16:53:51 CST 2012" endtime="Fri Sep 21 16:53:51 CST 2012" />
              <Test name="testN3" result="pass" starttime="Fri Sep 21 16:53:51 CST 2012" endtime="Fri Sep 21 16:53:52 CST 2012" />
              <Test name="testVFE1" result="pass" starttime="Fri Sep 21 16:53:52 CST 2012" endtime="Fri Sep 21 16:53:52 CST 2012" />
              <Test name="testVFE10" result="pass" starttime="Fri Sep 21 16:53:52 CST 2012" endtime="Fri Sep 21 16:53:53 CST 2012" />
              <Test name="testVFE11" result="pass" starttime="Fri Sep 21 16:53:53 CST 2012" endtime="Fri Sep 21 16:53:53 CST 2012" />
              <Test name="testVFE12" result="pass" starttime="Fri Sep 21 16:53:53 CST 2012" endtime="Fri Sep 21 16:53:53 CST 2012" />
              <Test name="testVFE13" result="pass" starttime="Fri Sep 21 16:53:53 CST 2012" endtime="Fri Sep 21 16:53:54 CST 2012" />
              <Test name="testVFE14" result="pass" starttime="Fri Sep 21 16:53:54 CST 2012" endtime="Fri Sep 21 16:53:54 CST 2012" />
              <Test name="testVFE15" result="pass" starttime="Fri Sep 21 16:53:54 CST 2012" endtime="Fri Sep 21 16:53:55 CST 2012" />
              <Test name="testVFE16" result="pass" starttime="Fri Sep 21 16:53:55 CST 2012" endtime="Fri Sep 21 16:53:55 CST 2012" />
              <Test name="testVFE17" result="pass" starttime="Fri Sep 21 16:53:55 CST 2012" endtime="Fri Sep 21 16:53:56 CST 2012" />
              <Test name="testVFE2" result="pass" starttime="Fri Sep 21 16:53:56 CST 2012" endtime="Fri Sep 21 16:53:56 CST 2012" />
              <Test name="testVFE3" result="pass" starttime="Fri Sep 21 16:53:56 CST 2012" endtime="Fri Sep 21 16:53:56 CST 2012" />
              <Test name="testVFE30" result="pass" starttime="Fri Sep 21 16:53:56 CST 2012" endtime="Fri Sep 21 16:53:57 CST 2012" />
              <Test name="testVFE4" result="pass" starttime="Fri Sep 21 16:53:57 CST 2012" endtime="Fri Sep 21 16:53:57 CST 2012" />
              <Test name="testVFE5" result="pass" starttime="Fri Sep 21 16:53:57 CST 2012" endtime="Fri Sep 21 16:53:58 CST 2012" />
              <Test name="testVFE6" result="pass" starttime="Fri Sep 21 16:53:58 CST 2012" endtime="Fri Sep 21 16:53:58 CST 2012" />
              <Test name="testVFE7" result="pass" starttime="Fri Sep 21 16:53:58 CST 2012" endtime="Fri Sep 21 16:53:59 CST 2012" />
              <Test name="testVFE8" result="pass" starttime="Fri Sep 21 16:53:59 CST 2012" endtime="Fri Sep 21 16:53:59 CST 2012" />
              <Test name="testVFE9" result="pass" starttime="Fri Sep 21 16:53:59 CST 2012" endtime="Fri Sep 21 16:53:59 CST 2012" />
            </TestCase>
          </TestSuite>
          <TestSuite name="iget_short">
            <TestCase name="JUnit_Test_iget_short" priority="">
              <Test name="testE2" result="pass" starttime="Fri Sep 21 16:53:59 CST 2012" endtime="Fri Sep 21 16:54:00 CST 2012" />
              <Test name="testN1" result="pass" starttime="Fri Sep 21 16:54:00 CST 2012" endtime="Fri Sep 21 16:54:00 CST 2012" />
              <Test name="testN3" result="pass" starttime="Fri Sep 21 16:54:00 CST 2012" endtime="Fri Sep 21 16:54:01 CST 2012" />
              <Test name="testVFE1" result="pass" starttime="Fri Sep 21 16:54:01 CST 2012" endtime="Fri Sep 21 16:54:01 CST 2012" />
              <Test name="testVFE10" result="pass" starttime="Fri Sep 21 16:54:01 CST 2012" endtime="Fri Sep 21 16:54:01 CST 2012" />
              <Test name="testVFE11" result="pass" starttime="Fri Sep 21 16:54:01 CST 2012" endtime="Fri Sep 21 16:54:02 CST 2012" />
              <Test name="testVFE12" result="pass" starttime="Fri Sep 21 16:54:02 CST 2012" endtime="Fri Sep 21 16:54:02 CST 2012" />
              <Test name="testVFE13" result="pass" starttime="Fri Sep 21 16:54:02 CST 2012" endtime="Fri Sep 21 16:54:03 CST 2012" />
              <Test name="testVFE14" result="pass" starttime="Fri Sep 21 16:54:03 CST 2012" endtime="Fri Sep 21 16:54:03 CST 2012" />
              <Test name="testVFE15" result="pass" starttime="Fri Sep 21 16:54:03 CST 2012" endtime="Fri Sep 21 16:54:04 CST 2012" />
              <Test name="testVFE16" result="pass" starttime="Fri Sep 21 16:54:04 CST 2012" endtime="Fri Sep 21 16:54:04 CST 2012" />
              <Test name="testVFE2" result="pass" starttime="Fri Sep 21 16:54:04 CST 2012" endtime="Fri Sep 21 16:54:05 CST 2012" />
              <Test name="testVFE3" result="pass" starttime="Fri Sep 21 16:54:05 CST 2012" endtime="Fri Sep 21 16:54:05 CST 2012" />
              <Test name="testVFE30" result="pass" starttime="Fri Sep 21 16:54:05 CST 2012" endtime="Fri Sep 21 16:54:05 CST 2012" />
              <Test name="testVFE4" result="pass" starttime="Fri Sep 21 16:54:05 CST 2012" endtime="Fri Sep 21 16:54:06 CST 2012" />
              <Test name="testVFE5" result="pass" starttime="Fri Sep 21 16:54:06 CST 2012" endtime="Fri Sep 21 16:54:06 CST 2012" />
              <Test name="testVFE6" result="pass" starttime="Fri Sep 21 16:54:06 CST 2012" endtime="Fri Sep 21 16:54:07 CST 2012" />
              <Test name="testVFE7" result="pass" starttime="Fri Sep 21 16:54:07 CST 2012" endtime="Fri Sep 21 16:54:07 CST 2012" />
              <Test name="testVFE8" result="pass" starttime="Fri Sep 21 16:54:07 CST 2012" endtime="Fri Sep 21 16:54:08 CST 2012" />
              <Test name="testVFE9" result="pass" starttime="Fri Sep 21 16:54:08 CST 2012" endtime="Fri Sep 21 16:54:08 CST 2012" />
            </TestCase>
          </TestSuite>
          <TestSuite name="iget_wide">
            <TestCase name="JUnit_Test_iget_wide" priority="">
              <Test name="testE2" result="pass" starttime="Fri Sep 21 16:54:08 CST 2012" endtime="Fri Sep 21 16:54:08 CST 2012" />
              <Test name="testN1" result="pass" starttime="Fri Sep 21 16:54:08 CST 2012" endtime="Fri Sep 21 16:54:09 CST 2012" />
              <Test name="testN2" result="pass" starttime="Fri Sep 21 16:54:09 CST 2012" endtime="Fri Sep 21 16:54:09 CST 2012" />
              <Test name="testN3" result="pass" starttime="Fri Sep 21 16:54:09 CST 2012" endtime="Fri Sep 21 16:54:10 CST 2012" />
              <Test name="testVFE1" result="pass" starttime="Fri Sep 21 16:54:10 CST 2012" endtime="Fri Sep 21 16:54:10 CST 2012" />
              <Test name="testVFE10" result="pass" starttime="Fri Sep 21 16:54:10 CST 2012" endtime="Fri Sep 21 16:54:11 CST 2012" />
              <Test name="testVFE11" result="pass" starttime="Fri Sep 21 16:54:11 CST 2012" endtime="Fri Sep 21 16:54:11 CST 2012" />
              <Test name="testVFE12" result="pass" starttime="Fri Sep 21 16:54:11 CST 2012" endtime="Fri Sep 21 16:54:11 CST 2012" />
              <Test name="testVFE13" result="pass" starttime="Fri Sep 21 16:54:11 CST 2012" endtime="Fri Sep 21 16:54:12 CST 2012" />
              <Test name="testVFE14" result="pass" starttime="Fri Sep 21 16:54:12 CST 2012" endtime="Fri Sep 21 16:54:12 CST 2012" />
              <Test name="testVFE15" result="pass" starttime="Fri Sep 21 16:54:12 CST 2012" endtime="Fri Sep 21 16:54:13 CST 2012" />
              <Test name="testVFE16" result="pass" starttime="Fri Sep 21 16:54:13 CST 2012" endtime="Fri Sep 21 16:54:13 CST 2012" />
              <Test name="testVFE2" result="pass" starttime="Fri Sep 21 16:54:13 CST 2012" endtime="Fri Sep 21 16:54:14 CST 2012" />
              <Test name="testVFE3" result="pass" starttime="Fri Sep 21 16:54:14 CST 2012" endtime="Fri Sep 21 16:54:14 CST 2012" />
              <Test name="testVFE30" result="pass" starttime="Fri Sep 21 16:54:14 CST 2012" endtime="Fri Sep 21 16:54:14 CST 2012" />
              <Test name="testVFE4" result="pass" starttime="Fri Sep 21 16:54:14 CST 2012" endtime="Fri Sep 21 16:54:15 CST 2012" />
              <Test name="testVFE5" result="pass" starttime="Fri Sep 21 16:54:15 CST 2012" endtime="Fri Sep 21 16:54:15 CST 2012" />
              <Test name="testVFE6" result="pass" starttime="Fri Sep 21 16:54:15 CST 2012" endtime="Fri Sep 21 16:54:16 CST 2012" />
              <Test name="testVFE7" result="pass" starttime="Fri Sep 21 16:54:16 CST 2012" endtime="Fri Sep 21 16:54:16 CST 2012" />
              <Test name="testVFE8" result="pass" starttime="Fri Sep 21 16:54:16 CST 2012" endtime="Fri Sep 21 16:54:17 CST 2012" />
              <Test name="testVFE9" result="pass" starttime="Fri Sep 21 16:54:17 CST 2012" endtime="Fri Sep 21 16:54:17 CST 2012" />
            </TestCase>
          </TestSuite>
          <TestSuite name="instance_of">
            <TestCase name="JUnit_Test_instance_of" priority="">
              <Test name="testE1" result="pass" starttime="Fri Sep 21 16:54:17 CST 2012" endtime="Fri Sep 21 16:54:18 CST 2012" />
              <Test name="testE2" result="pass" starttime="Fri Sep 21 16:54:18 CST 2012" endtime="Fri Sep 21 16:54:18 CST 2012" />
              <Test name="testE3" result="pass" starttime="Fri Sep 21 16:54:18 CST 2012" endtime="Fri Sep 21 16:54:19 CST 2012" />
              <Test name="testN1" result="pass" starttime="Fri Sep 21 16:54:19 CST 2012" endtime="Fri Sep 21 16:54:19 CST 2012" />
              <Test name="testN2" result="pass" starttime="Fri Sep 21 16:54:19 CST 2012" endtime="Fri Sep 21 16:54:19 CST 2012" />
              <Test name="testN4" result="pass" starttime="Fri Sep 21 16:54:19 CST 2012" endtime="Fri Sep 21 16:54:20 CST 2012" />
              <Test name="testVFE1" result="pass" starttime="Fri Sep 21 16:54:20 CST 2012" endtime="Fri Sep 21 16:54:20 CST 2012" />
              <Test name="testVFE2" result="pass" starttime="Fri Sep 21 16:54:20 CST 2012" endtime="Fri Sep 21 16:54:21 CST 2012" />
              <Test name="testVFE3" result="pass" starttime="Fri Sep 21 16:54:21 CST 2012" endtime="Fri Sep 21 16:54:21 CST 2012" />
              <Test name="testVFE4" result="pass" starttime="Fri Sep 21 16:54:21 CST 2012" endtime="Fri Sep 21 16:54:22 CST 2012" />
            </TestCase>
          </TestSuite>
          <TestSuite name="int_to_byte">
            <TestCase name="JUnit_Test_int_to_byte" priority="">
              <Test name="testB1" result="pass" starttime="Fri Sep 21 16:54:22 CST 2012" endtime="Fri Sep 21 16:54:22 CST 2012" />
              <Test name="testB2" result="pass" starttime="Fri Sep 21 16:54:22 CST 2012" endtime="Fri Sep 21 16:54:22 CST 2012" />
              <Test name="testB3" result="pass" starttime="Fri Sep 21 16:54:22 CST 2012" endtime="Fri Sep 21 16:54:23 CST 2012" />
              <Test name="testB4" result="pass" starttime="Fri Sep 21 16:54:23 CST 2012" endtime="Fri Sep 21 16:54:23 CST 2012" />
              <Test name="testB5" result="pass" starttime="Fri Sep 21 16:54:23 CST 2012" endtime="Fri Sep 21 16:54:24 CST 2012" />
              <Test name="testB6" result="pass" starttime="Fri Sep 21 16:54:24 CST 2012" endtime="Fri Sep 21 16:54:24 CST 2012" />
              <Test name="testB7" result="pass" starttime="Fri Sep 21 16:54:24 CST 2012" endtime="Fri Sep 21 16:54:24 CST 2012" />
              <Test name="testN1" result="pass" starttime="Fri Sep 21 16:54:24 CST 2012" endtime="Fri Sep 21 16:54:25 CST 2012" />
              <Test name="testN2" result="pass" starttime="Fri Sep 21 16:54:25 CST 2012" endtime="Fri Sep 21 16:54:25 CST 2012" />
              <Test name="testN3" result="pass" starttime="Fri Sep 21 16:54:25 CST 2012" endtime="Fri Sep 21 16:54:25 CST 2012" />
              <Test name="testN4" result="pass" starttime="Fri Sep 21 16:54:25 CST 2012" endtime="Fri Sep 21 16:54:26 CST 2012" />
              <Test name="testN5" result="pass" starttime="Fri Sep 21 16:54:26 CST 2012" endtime="Fri Sep 21 16:54:26 CST 2012" />
              <Test name="testN6" result="pass" starttime="Fri Sep 21 16:54:26 CST 2012" endtime="Fri Sep 21 16:54:27 CST 2012" />
              <Test name="testVFE1" result="pass" starttime="Fri Sep 21 16:54:27 CST 2012" endtime="Fri Sep 21 16:54:27 CST 2012" />
              <Test name="testVFE2" result="pass" starttime="Fri Sep 21 16:54:27 CST 2012" endtime="Fri Sep 21 16:54:27 CST 2012" />
              <Test name="testVFE3" result="pass" starttime="Fri Sep 21 16:54:27 CST 2012" endtime="Fri Sep 21 16:54:28 CST 2012" />
              <Test name="testVFE4" result="pass" starttime="Fri Sep 21 16:54:28 CST 2012" endtime="Fri Sep 21 16:54:28 CST 2012" />
              <Test name="testVFE5" result="pass" starttime="Fri Sep 21 16:54:28 CST 2012" endtime="Fri Sep 21 16:54:29 CST 2012" />
            </TestCase>
          </TestSuite>
          <TestSuite name="int_to_char">
            <TestCase name="JUnit_Test_int_to_char" priority="">
              <Test name="testB1" result="pass" starttime="Fri Sep 21 16:54:29 CST 2012" endtime="Fri Sep 21 16:54:29 CST 2012" />
              <Test name="testB2" result="pass" starttime="Fri Sep 21 16:54:29 CST 2012" endtime="Fri Sep 21 16:54:29 CST 2012" />
              <Test name="testB3" result="pass" starttime="Fri Sep 21 16:54:29 CST 2012" endtime="Fri Sep 21 16:54:30 CST 2012" />
              <Test name="testB4" result="pass" starttime="Fri Sep 21 16:54:30 CST 2012" endtime="Fri Sep 21 16:54:30 CST 2012" />
              <Test name="testN1" result="pass" starttime="Fri Sep 21 16:54:30 CST 2012" endtime="Fri Sep 21 16:54:31 CST 2012" />
              <Test name="testN2" result="pass" starttime="Fri Sep 21 16:54:31 CST 2012" endtime="Fri Sep 21 16:54:31 CST 2012" />
              <Test name="testN3" result="pass" starttime="Fri Sep 21 16:54:31 CST 2012" endtime="Fri Sep 21 16:54:31 CST 2012" />
              <Test name="testN4" result="pass" starttime="Fri Sep 21 16:54:31 CST 2012" endtime="Fri Sep 21 16:54:32 CST 2012" />
              <Test name="testVFE2" result="pass" starttime="Fri Sep 21 16:54:32 CST 2012" endtime="Fri Sep 21 16:54:32 CST 2012" />
              <Test name="testVFE3" result="pass" starttime="Fri Sep 21 16:54:32 CST 2012" endtime="Fri Sep 21 16:54:33 CST 2012" />
              <Test name="testVFE4" result="pass" starttime="Fri Sep 21 16:54:33 CST 2012" endtime="Fri Sep 21 16:54:33 CST 2012" />
              <Test name="testVFE5" result="pass" starttime="Fri Sep 21 16:54:33 CST 2012" endtime="Fri Sep 21 16:54:34 CST 2012" />
              <Test name="testVFE6" result="pass" starttime="Fri Sep 21 16:54:34 CST 2012" endtime="Fri Sep 21 16:54:34 CST 2012" />
            </TestCase>
          </TestSuite>
          <TestSuite name="int_to_double">
            <TestCase name="JUnit_Test_int_to_double" priority="">
              <Test name="testB1" result="pass" starttime="Fri Sep 21 16:54:34 CST 2012" endtime="Fri Sep 21 16:54:34 CST 2012" />
              <Test name="testB2" result="pass" starttime="Fri Sep 21 16:54:34 CST 2012" endtime="Fri Sep 21 16:54:35 CST 2012" />
              <Test name="testB3" result="pass" starttime="Fri Sep 21 16:54:35 CST 2012" endtime="Fri Sep 21 16:54:35 CST 2012" />
              <Test name="testN1" result="pass" starttime="Fri Sep 21 16:54:35 CST 2012" endtime="Fri Sep 21 16:54:36 CST 2012" />
              <Test name="testN2" result="pass" starttime="Fri Sep 21 16:54:36 CST 2012" endtime="Fri Sep 21 16:54:36 CST 2012" />
              <Test name="testN3" result="pass" starttime="Fri Sep 21 16:54:36 CST 2012" endtime="Fri Sep 21 16:54:36 CST 2012" />
              <Test name="testVFE1" result="pass" starttime="Fri Sep 21 16:54:36 CST 2012" endtime="Fri Sep 21 16:54:37 CST 2012" />
              <Test name="testVFE2" result="pass" starttime="Fri Sep 21 16:54:37 CST 2012" endtime="Fri Sep 21 16:54:37 CST 2012" />
              <Test name="testVFE3" result="pass" starttime="Fri Sep 21 16:54:37 CST 2012" endtime="Fri Sep 21 16:54:38 CST 2012" />
              <Test name="testVFE4" result="pass" starttime="Fri Sep 21 16:54:38 CST 2012" endtime="Fri Sep 21 16:54:38 CST 2012" />
              <Test name="testVFE5" result="pass" starttime="Fri Sep 21 16:54:38 CST 2012" endtime="Fri Sep 21 16:54:39 CST 2012" />
            </TestCase>
          </TestSuite>
          <TestSuite name="int_to_float">
            <TestCase name="JUnit_Test_int_to_float" priority="">
              <Test name="testB1" result="pass" starttime="Fri Sep 21 16:54:39 CST 2012" endtime="Fri Sep 21 16:54:39 CST 2012" />
              <Test name="testB2" result="pass" starttime="Fri Sep 21 16:54:39 CST 2012" endtime="Fri Sep 21 16:54:39 CST 2012" />
              <Test name="testB3" result="pass" starttime="Fri Sep 21 16:54:39 CST 2012" endtime="Fri Sep 21 16:54:40 CST 2012" />
              <Test name="testN1" result="pass" starttime="Fri Sep 21 16:54:40 CST 2012" endtime="Fri Sep 21 16:54:40 CST 2012" />
              <Test name="testN2" result="pass" starttime="Fri Sep 21 16:54:40 CST 2012" endtime="Fri Sep 21 16:54:41 CST 2012" />
              <Test name="testN3" result="pass" starttime="Fri Sep 21 16:54:41 CST 2012" endtime="Fri Sep 21 16:54:41 CST 2012" />
              <Test name="testN4" result="pass" starttime="Fri Sep 21 16:54:41 CST 2012" endtime="Fri Sep 21 16:54:41 CST 2012" />
              <Test name="testVFE1" result="pass" starttime="Fri Sep 21 16:54:41 CST 2012" endtime="Fri Sep 21 16:54:42 CST 2012" />
              <Test name="testVFE2" result="pass" starttime="Fri Sep 21 16:54:42 CST 2012" endtime="Fri Sep 21 16:54:42 CST 2012" />
              <Test name="testVFE3" result="pass" starttime="Fri Sep 21 16:54:42 CST 2012" endtime="Fri Sep 21 16:54:43 CST 2012" />
              <Test name="testVFE4" result="pass" starttime="Fri Sep 21 16:54:43 CST 2012" endtime="Fri Sep 21 16:54:43 CST 2012" />
              <Test name="testVFE5" result="pass" starttime="Fri Sep 21 16:54:43 CST 2012" endtime="Fri Sep 21 16:54:43 CST 2012" />
            </TestCase>
          </TestSuite>
          <TestSuite name="int_to_long">
            <TestCase name="JUnit_Test_int_to_long" priority="">
              <Test name="testB1" result="pass" starttime="Fri Sep 21 16:54:43 CST 2012" endtime="Fri Sep 21 16:54:44 CST 2012" />
              <Test name="testB2" result="pass" starttime="Fri Sep 21 16:54:44 CST 2012" endtime="Fri Sep 21 16:54:44 CST 2012" />
              <Test name="testB3" result="pass" starttime="Fri Sep 21 16:54:44 CST 2012" endtime="Fri Sep 21 16:54:45 CST 2012" />
              <Test name="testN1" result="pass" starttime="Fri Sep 21 16:54:45 CST 2012" endtime="Fri Sep 21 16:54:45 CST 2012" />
              <Test name="testN2" result="pass" starttime="Fri Sep 21 16:54:45 CST 2012" endtime="Fri Sep 21 16:54:45 CST 2012" />
              <Test name="testN3" result="pass" starttime="Fri Sep 21 16:54:45 CST 2012" endtime="Fri Sep 21 16:54:46 CST 2012" />
              <Test name="testVFE1" result="pass" starttime="Fri Sep 21 16:54:46 CST 2012" endtime="Fri Sep 21 16:54:46 CST 2012" />
              <Test name="testVFE2" result="pass" starttime="Fri Sep 21 16:54:46 CST 2012" endtime="Fri Sep 21 16:54:46 CST 2012" />
              <Test name="testVFE3" result="pass" starttime="Fri Sep 21 16:54:46 CST 2012" endtime="Fri Sep 21 16:54:47 CST 2012" />
              <Test name="testVFE4" result="pass" starttime="Fri Sep 21 16:54:47 CST 2012" endtime="Fri Sep 21 16:54:47 CST 2012" />
              <Test name="testVFE5" result="pass" starttime="Fri Sep 21 16:54:47 CST 2012" endtime="Fri Sep 21 16:54:48 CST 2012" />
              <Test name="testVFE6" result="pass" starttime="Fri Sep 21 16:54:48 CST 2012" endtime="Fri Sep 21 16:54:48 CST 2012" />
            </TestCase>
          </TestSuite>
          <TestSuite name="int_to_short">
            <TestCase name="JUnit_Test_int_to_short" priority="">
              <Test name="testB1" result="pass" starttime="Fri Sep 21 16:54:48 CST 2012" endtime="Fri Sep 21 16:54:49 CST 2012" />
              <Test name="testB2" result="pass" starttime="Fri Sep 21 16:54:49 CST 2012" endtime="Fri Sep 21 16:54:49 CST 2012" />
              <Test name="testB3" result="pass" starttime="Fri Sep 21 16:54:49 CST 2012" endtime="Fri Sep 21 16:54:49 CST 2012" />
              <Test name="testN1" result="pass" starttime="Fri Sep 21 16:54:49 CST 2012" endtime="Fri Sep 21 16:54:50 CST 2012" />
              <Test name="testN2" result="pass" starttime="Fri Sep 21 16:54:50 CST 2012" endtime="Fri Sep 21 16:54:50 CST 2012" />
              <Test name="testN3" result="pass" starttime="Fri Sep 21 16:54:50 CST 2012" endtime="Fri Sep 21 16:54:50 CST 2012" />
              <Test name="testN4" result="pass" starttime="Fri Sep 21 16:54:50 CST 2012" endtime="Fri Sep 21 16:54:51 CST 2012" />
              <Test name="testN5" result="pass" starttime="Fri Sep 21 16:54:51 CST 2012" endtime="Fri Sep 21 16:54:51 CST 2012" />
              <Test name="testN6" result="pass" starttime="Fri Sep 21 16:54:51 CST 2012" endtime="Fri Sep 21 16:54:52 CST 2012" />
              <Test name="testN7" result="pass" starttime="Fri Sep 21 16:54:52 CST 2012" endtime="Fri Sep 21 16:54:52 CST 2012" />
              <Test name="testVFE1" result="pass" starttime="Fri Sep 21 16:54:52 CST 2012" endtime="Fri Sep 21 16:54:52 CST 2012" />
              <Test name="testVFE2" result="pass" starttime="Fri Sep 21 16:54:52 CST 2012" endtime="Fri Sep 21 16:54:53 CST 2012" />
              <Test name="testVFE3" result="pass" starttime="Fri Sep 21 16:54:53 CST 2012" endtime="Fri Sep 21 16:54:53 CST 2012" />
              <Test name="testVFE4" result="pass" starttime="Fri Sep 21 16:54:53 CST 2012" endtime="Fri Sep 21 16:54:54 CST 2012" />
              <Test name="testVFE5" result="pass" starttime="Fri Sep 21 16:54:54 CST 2012" endtime="Fri Sep 21 16:54:54 CST 2012" />
            </TestCase>
          </TestSuite>
          <TestSuite name="invoke_direct">
            <TestCase name="JUnit_Test_invoke_direct" priority="">
              <Test name="testE3" result="pass" starttime="Fri Sep 21 16:54:54 CST 2012" endtime="Fri Sep 21 16:54:55 CST 2012" />
              <Test name="testE5" result="pass" starttime="Fri Sep 21 16:54:55 CST 2012" endtime="Fri Sep 21 16:54:55 CST 2012" />
              <Test name="testN2" result="pass" starttime="Fri Sep 21 16:54:55 CST 2012" endtime="Fri Sep 21 16:54:55 CST 2012" />
              <Test name="testN7" result="pass" starttime="Fri Sep 21 16:54:55 CST 2012" endtime="Fri Sep 21 16:54:56 CST 2012" />
              <Test name="testVFE1" result="pass" starttime="Fri Sep 21 16:54:56 CST 2012" endtime="Fri Sep 21 16:54:56 CST 2012" />
              <Test name="testVFE10" result="pass" starttime="Fri Sep 21 16:54:56 CST 2012" endtime="Fri Sep 21 16:54:57 CST 2012" />
              <Test name="testVFE11" result="pass" starttime="Fri Sep 21 16:54:57 CST 2012" endtime="Fri Sep 21 16:54:57 CST 2012" />
              <Test name="testVFE12" result="pass" starttime="Fri Sep 21 16:54:57 CST 2012" endtime="Fri Sep 21 16:54:58 CST 2012" />
              <Test name="testVFE13" result="pass" starttime="Fri Sep 21 16:54:58 CST 2012" endtime="Fri Sep 21 16:54:58 CST 2012" />
              <Test name="testVFE14" result="pass" starttime="Fri Sep 21 16:54:58 CST 2012" endtime="Fri Sep 21 16:54:58 CST 2012" />
              <Test name="testVFE15" result="pass" starttime="Fri Sep 21 16:54:58 CST 2012" endtime="Fri Sep 21 16:54:59 CST 2012" />
              <Test name="testVFE16" result="pass" starttime="Fri Sep 21 16:54:59 CST 2012" endtime="Fri Sep 21 16:54:59 CST 2012" />
              <Test name="testVFE17" result="pass" starttime="Fri Sep 21 16:54:59 CST 2012" endtime="Fri Sep 21 16:55:00 CST 2012" />
              <Test name="testVFE18" result="pass" starttime="Fri Sep 21 16:55:00 CST 2012" endtime="Fri Sep 21 16:55:00 CST 2012" />
              <Test name="testVFE19" result="pass" starttime="Fri Sep 21 16:55:00 CST 2012" endtime="Fri Sep 21 16:55:01 CST 2012" />
              <Test name="testVFE20" result="pass" starttime="Fri Sep 21 16:55:01 CST 2012" endtime="Fri Sep 21 16:55:01 CST 2012" />
              <Test name="testVFE21" result="pass" starttime="Fri Sep 21 16:55:01 CST 2012" endtime="Fri Sep 21 16:55:01 CST 2012" />
              <Test name="testVFE3" result="pass" starttime="Fri Sep 21 16:55:01 CST 2012" endtime="Fri Sep 21 16:55:02 CST 2012" />
              <Test name="testVFE4" result="pass" starttime="Fri Sep 21 16:55:02 CST 2012" endtime="Fri Sep 21 16:55:02 CST 2012" />
              <Test name="testVFE5" result="pass" starttime="Fri Sep 21 16:55:02 CST 2012" endtime="Fri Sep 21 16:55:03 CST 2012" />
              <Test name="testVFE6" result="pass" starttime="Fri Sep 21 16:55:03 CST 2012" endtime="Fri Sep 21 16:55:03 CST 2012" />
              <Test name="testVFE8" result="pass" starttime="Fri Sep 21 16:55:03 CST 2012" endtime="Fri Sep 21 16:55:03 CST 2012" />
              <Test name="testVFE9" result="pass" starttime="Fri Sep 21 16:55:03 CST 2012" endtime="Fri Sep 21 16:55:04 CST 2012" />
            </TestCase>
          </TestSuite>
          <TestSuite name="invoke_direct_range">
            <TestCase name="JUnit_Test_invoke_direct_range" priority="">
              <Test name="testE3" result="pass" starttime="Fri Sep 21 16:55:04 CST 2012" endtime="Fri Sep 21 16:55:04 CST 2012" />
              <Test name="testE5" result="pass" starttime="Fri Sep 21 16:55:04 CST 2012" endtime="Fri Sep 21 16:55:05 CST 2012" />
              <Test name="testN2" result="pass" starttime="Fri Sep 21 16:55:05 CST 2012" endtime="Fri Sep 21 16:55:05 CST 2012" />
              <Test name="testN7" result="pass" starttime="Fri Sep 21 16:55:05 CST 2012" endtime="Fri Sep 21 16:55:06 CST 2012" />
              <Test name="testVFE1" result="pass" starttime="Fri Sep 21 16:55:06 CST 2012" endtime="Fri Sep 21 16:55:06 CST 2012" />
              <Test name="testVFE10" result="pass" starttime="Fri Sep 21 16:55:06 CST 2012" endtime="Fri Sep 21 16:55:06 CST 2012" />
              <Test name="testVFE11" result="pass" starttime="Fri Sep 21 16:55:06 CST 2012" endtime="Fri Sep 21 16:55:07 CST 2012" />
              <Test name="testVFE12" result="pass" starttime="Fri Sep 21 16:55:07 CST 2012" endtime="Fri Sep 21 16:55:07 CST 2012" />
              <Test name="testVFE13" result="pass" starttime="Fri Sep 21 16:55:07 CST 2012" endtime="Fri Sep 21 16:55:08 CST 2012" />
              <Test name="testVFE14" result="pass" starttime="Fri Sep 21 16:55:08 CST 2012" endtime="Fri Sep 21 16:55:08 CST 2012" />
              <Test name="testVFE15" result="pass" starttime="Fri Sep 21 16:55:08 CST 2012" endtime="Fri Sep 21 16:55:09 CST 2012" />
              <Test name="testVFE16" result="pass" starttime="Fri Sep 21 16:55:09 CST 2012" endtime="Fri Sep 21 16:55:09 CST 2012" />
              <Test name="testVFE17" result="pass" starttime="Fri Sep 21 16:55:09 CST 2012" endtime="Fri Sep 21 16:55:09 CST 2012" />
              <Test name="testVFE18" result="pass" starttime="Fri Sep 21 16:55:09 CST 2012" endtime="Fri Sep 21 16:55:10 CST 2012" />
              <Test name="testVFE19" result="pass" starttime="Fri Sep 21 16:55:10 CST 2012" endtime="Fri Sep 21 16:55:10 CST 2012" />
              <Test name="testVFE20" result="pass" starttime="Fri Sep 21 16:55:10 CST 2012" endtime="Fri Sep 21 16:55:11 CST 2012" />
              <Test name="testVFE21" result="pass" starttime="Fri Sep 21 16:55:11 CST 2012" endtime="Fri Sep 21 16:55:11 CST 2012" />
              <Test name="testVFE3" result="pass" starttime="Fri Sep 21 16:55:11 CST 2012" endtime="Fri Sep 21 16:55:12 CST 2012" />
              <Test name="testVFE4" result="pass" starttime="Fri Sep 21 16:55:12 CST 2012" endtime="Fri Sep 21 16:55:12 CST 2012" />
              <Test name="testVFE5" result="pass" starttime="Fri Sep 21 16:55:12 CST 2012" endtime="Fri Sep 21 16:55:12 CST 2012" />
              <Test name="testVFE6" result="pass" starttime="Fri Sep 21 16:55:12 CST 2012" endtime="Fri Sep 21 16:55:13 CST 2012" />
              <Test name="testVFE8" result="pass" starttime="Fri Sep 21 16:55:13 CST 2012" endtime="Fri Sep 21 16:55:13 CST 2012" />
              <Test name="testVFE9" result="pass" starttime="Fri Sep 21 16:55:13 CST 2012" endtime="Fri Sep 21 16:55:14 CST 2012" />
            </TestCase>
          </TestSuite>
          <TestSuite name="invoke_interface">
            <TestCase name="JUnit_Test_invoke_interface" priority="">
              <Test name="testE3" result="pass" starttime="Fri Sep 21 16:55:14 CST 2012" endtime="Fri Sep 21 16:55:14 CST 2012" />
              <Test name="testE4" result="pass" starttime="Fri Sep 21 16:55:14 CST 2012" endtime="Fri Sep 21 16:55:15 CST 2012" />
              <Test name="testE5" result="pass" starttime="Fri Sep 21 16:55:15 CST 2012" endtime="Fri Sep 21 16:55:15 CST 2012" />
              <Test name="testE6" result="pass" starttime="Fri Sep 21 16:55:15 CST 2012" endtime="Fri Sep 21 16:55:15 CST 2012" />
              <Test name="testN1" result="pass" starttime="Fri Sep 21 16:55:15 CST 2012" endtime="Fri Sep 21 16:55:16 CST 2012" />
              <Test name="testN2" result="pass" starttime="Fri Sep 21 16:55:16 CST 2012" endtime="Fri Sep 21 16:55:16 CST 2012" />
              <Test name="testVFE1" result="pass" starttime="Fri Sep 21 16:55:16 CST 2012" endtime="Fri Sep 21 16:55:17 CST 2012" />
              <Test name="testVFE10" result="pass" starttime="Fri Sep 21 16:55:17 CST 2012" endtime="Fri Sep 21 16:55:17 CST 2012" />
              <Test name="testVFE11" result="pass" starttime="Fri Sep 21 16:55:17 CST 2012" endtime="Fri Sep 21 16:55:18 CST 2012" />
              <Test name="testVFE12" result="pass" starttime="Fri Sep 21 16:55:18 CST 2012" endtime="Fri Sep 21 16:55:18 CST 2012" />
              <Test name="testVFE13" result="pass" starttime="Fri Sep 21 16:55:18 CST 2012" endtime="Fri Sep 21 16:55:18 CST 2012" />
              <Test name="testVFE14" result="pass" starttime="Fri Sep 21 16:55:18 CST 2012" endtime="Fri Sep 21 16:55:19 CST 2012" />
              <Test name="testVFE15" result="pass" starttime="Fri Sep 21 16:55:19 CST 2012" endtime="Fri Sep 21 16:55:19 CST 2012" />
              <Test name="testVFE2" result="pass" starttime="Fri Sep 21 16:55:19 CST 2012" endtime="Fri Sep 21 16:55:20 CST 2012" />
              <Test name="testVFE21" result="pass" starttime="Fri Sep 21 16:55:20 CST 2012" endtime="Fri Sep 21 16:55:20 CST 2012" />
              <Test name="testVFE5" result="pass" starttime="Fri Sep 21 16:55:20 CST 2012" endtime="Fri Sep 21 16:55:21 CST 2012" />
              <Test name="testVFE6" result="pass" starttime="Fri Sep 21 16:55:21 CST 2012" endtime="Fri Sep 21 16:55:21 CST 2012" />
              <Test name="testVFE9" result="pass" starttime="Fri Sep 21 16:55:21 CST 2012" endtime="Fri Sep 21 16:55:21 CST 2012" />
            </TestCase>
          </TestSuite>
          <TestSuite name="invoke_interface_range">
            <TestCase name="JUnit_Test_invoke_interface_range" priority="">
              <Test name="testE3" result="pass" starttime="Fri Sep 21 16:55:21 CST 2012" endtime="Fri Sep 21 16:55:22 CST 2012" />
              <Test name="testE4" result="pass" starttime="Fri Sep 21 16:55:22 CST 2012" endtime="Fri Sep 21 16:55:22 CST 2012" />
              <Test name="testE5" result="pass" starttime="Fri Sep 21 16:55:22 CST 2012" endtime="Fri Sep 21 16:55:23 CST 2012" />
              <Test name="testE6" result="pass" starttime="Fri Sep 21 16:55:23 CST 2012" endtime="Fri Sep 21 16:55:23 CST 2012" />
              <Test name="testN1" result="pass" starttime="Fri Sep 21 16:55:23 CST 2012" endtime="Fri Sep 21 16:55:24 CST 2012" />
              <Test name="testN2" result="pass" starttime="Fri Sep 21 16:55:24 CST 2012" endtime="Fri Sep 21 16:55:24 CST 2012" />
              <Test name="testVFE1" result="pass" starttime="Fri Sep 21 16:55:24 CST 2012" endtime="Fri Sep 21 16:55:24 CST 2012" />
              <Test name="testVFE10" result="pass" starttime="Fri Sep 21 16:55:24 CST 2012" endtime="Fri Sep 21 16:55:25 CST 2012" />
              <Test name="testVFE11" result="pass" starttime="Fri Sep 21 16:55:25 CST 2012" endtime="Fri Sep 21 16:55:25 CST 2012" />
              <Test name="testVFE12" result="pass" starttime="Fri Sep 21 16:55:25 CST 2012" endtime="Fri Sep 21 16:55:26 CST 2012" />
              <Test name="testVFE13" result="pass" starttime="Fri Sep 21 16:55:26 CST 2012" endtime="Fri Sep 21 16:55:26 CST 2012" />
              <Test name="testVFE14" result="pass" starttime="Fri Sep 21 16:55:26 CST 2012" endtime="Fri Sep 21 16:55:27 CST 2012" />
              <Test name="testVFE15" result="pass" starttime="Fri Sep 21 16:55:27 CST 2012" endtime="Fri Sep 21 16:55:27 CST 2012" />
              <Test name="testVFE2" result="pass" starttime="Fri Sep 21 16:55:27 CST 2012" endtime="Fri Sep 21 16:55:28 CST 2012" />
              <Test name="testVFE21" result="pass" starttime="Fri Sep 21 16:55:28 CST 2012" endtime="Fri Sep 21 16:55:28 CST 2012" />
              <Test name="testVFE5" result="pass" starttime="Fri Sep 21 16:55:28 CST 2012" endtime="Fri Sep 21 16:55:29 CST 2012" />
              <Test name="testVFE6" result="pass" starttime="Fri Sep 21 16:55:29 CST 2012" endtime="Fri Sep 21 16:55:29 CST 2012" />
              <Test name="testVFE9" result="pass" starttime="Fri Sep 21 16:55:29 CST 2012" endtime="Fri Sep 21 16:55:29 CST 2012" />
            </TestCase>
          </TestSuite>
          <TestSuite name="invoke_static">
            <TestCase name="JUnit_Test_invoke_static" priority="">
              <Test name="testE2" result="pass" starttime="Fri Sep 21 16:55:29 CST 2012" endtime="Fri Sep 21 16:55:30 CST 2012" />
              <Test name="testE7" result="pass" starttime="Fri Sep 21 16:55:30 CST 2012" endtime="Fri Sep 21 16:55:30 CST 2012" />
              <Test name="testN1" result="pass" starttime="Fri Sep 21 16:55:30 CST 2012" endtime="Fri Sep 21 16:55:31 CST 2012" />
              <Test name="testN2" result="pass" starttime="Fri Sep 21 16:55:31 CST 2012" endtime="Fri Sep 21 16:55:31 CST 2012" />
              <Test name="testN3" result="pass" starttime="Fri Sep 21 16:55:31 CST 2012" endtime="Fri Sep 21 16:55:31 CST 2012" />
              <Test name="testN5" result="pass" starttime="Fri Sep 21 16:55:31 CST 2012" endtime="Fri Sep 21 16:55:32 CST 2012" />
              <Test name="testN6" result="pass" starttime="Fri Sep 21 16:55:32 CST 2012" endtime="Fri Sep 21 16:55:32 CST 2012" />
              <Test name="testVFE1" result="pass" starttime="Fri Sep 21 16:55:32 CST 2012" endtime="Fri Sep 21 16:55:33 CST 2012" />
              <Test name="testVFE10" result="pass" starttime="Fri Sep 21 16:55:33 CST 2012" endtime="Fri Sep 21 16:55:33 CST 2012" />
              <Test name="testVFE12" result="pass" starttime="Fri Sep 21 16:55:33 CST 2012" endtime="Fri Sep 21 16:55:34 CST 2012" />
              <Test name="testVFE13" result="pass" starttime="Fri Sep 21 16:55:34 CST 2012" endtime="Fri Sep 21 16:55:34 CST 2012" />
              <Test name="testVFE18" result="pass" starttime="Fri Sep 21 16:55:34 CST 2012" endtime="Fri Sep 21 16:55:34 CST 2012" />
              <Test name="testVFE3" result="pass" starttime="Fri Sep 21 16:55:34 CST 2012" endtime="Fri Sep 21 16:55:35 CST 2012" />
              <Test name="testVFE4" result="pass" starttime="Fri Sep 21 16:55:35 CST 2012" endtime="Fri Sep 21 16:55:35 CST 2012" />
              <Test name="testVFE5" result="pass" starttime="Fri Sep 21 16:55:35 CST 2012" endtime="Fri Sep 21 16:55:36 CST 2012" />
              <Test name="testVFE6" result="pass" starttime="Fri Sep 21 16:55:36 CST 2012" endtime="Fri Sep 21 16:55:36 CST 2012" />
              <Test name="testVFE7" result="pass" starttime="Fri Sep 21 16:55:36 CST 2012" endtime="Fri Sep 21 16:55:36 CST 2012" />
              <Test name="testVFE8" result="pass" starttime="Fri Sep 21 16:55:36 CST 2012" endtime="Fri Sep 21 16:55:37 CST 2012" />
              <Test name="testVFE9" result="pass" starttime="Fri Sep 21 16:55:37 CST 2012" endtime="Fri Sep 21 16:55:37 CST 2012" />
            </TestCase>
          </TestSuite>
          <TestSuite name="invoke_static_range">
            <TestCase name="JUnit_Test_invoke_static_range" priority="">
              <Test name="testE2" result="pass" starttime="Fri Sep 21 16:55:37 CST 2012" endtime="Fri Sep 21 16:55:38 CST 2012" />
              <Test name="testE7" result="pass" starttime="Fri Sep 21 16:55:38 CST 2012" endtime="Fri Sep 21 16:55:38 CST 2012" />
              <Test name="testN1" result="pass" starttime="Fri Sep 21 16:55:38 CST 2012" endtime="Fri Sep 21 16:55:39 CST 2012" />
              <Test name="testN2" result="pass" starttime="Fri Sep 21 16:55:39 CST 2012" endtime="Fri Sep 21 16:55:39 CST 2012" />
              <Test name="testN3" result="pass" starttime="Fri Sep 21 16:55:39 CST 2012" endtime="Fri Sep 21 16:55:39 CST 2012" />
              <Test name="testN5" result="pass" starttime="Fri Sep 21 16:55:39 CST 2012" endtime="Fri Sep 21 16:55:40 CST 2012" />
              <Test name="testN6" result="pass" starttime="Fri Sep 21 16:55:40 CST 2012" endtime="Fri Sep 21 16:55:40 CST 2012" />
              <Test name="testVFE1" result="pass" starttime="Fri Sep 21 16:55:40 CST 2012" endtime="Fri Sep 21 16:55:41 CST 2012" />
              <Test name="testVFE10" result="pass" starttime="Fri Sep 21 16:55:41 CST 2012" endtime="Fri Sep 21 16:55:41 CST 2012" />
              <Test name="testVFE12" result="pass" starttime="Fri Sep 21 16:55:41 CST 2012" endtime="Fri Sep 21 16:55:41 CST 2012" />
              <Test name="testVFE13" result="pass" starttime="Fri Sep 21 16:55:41 CST 2012" endtime="Fri Sep 21 16:55:42 CST 2012" />
              <Test name="testVFE18" result="pass" starttime="Fri Sep 21 16:55:42 CST 2012" endtime="Fri Sep 21 16:55:42 CST 2012" />
              <Test name="testVFE3" result="pass" starttime="Fri Sep 21 16:55:42 CST 2012" endtime="Fri Sep 21 16:55:43 CST 2012" />
              <Test name="testVFE4" result="pass" starttime="Fri Sep 21 16:55:43 CST 2012" endtime="Fri Sep 21 16:55:43 CST 2012" />
              <Test name="testVFE5" result="pass" starttime="Fri Sep 21 16:55:43 CST 2012" endtime="Fri Sep 21 16:55:44 CST 2012" />
              <Test name="testVFE6" result="pass" starttime="Fri Sep 21 16:55:44 CST 2012" endtime="Fri Sep 21 16:55:44 CST 2012" />
              <Test name="testVFE7" result="pass" starttime="Fri Sep 21 16:55:44 CST 2012" endtime="Fri Sep 21 16:55:44 CST 2012" />
              <Test name="testVFE8" result="pass" starttime="Fri Sep 21 16:55:44 CST 2012" endtime="Fri Sep 21 16:55:45 CST 2012" />
              <Test name="testVFE9" result="pass" starttime="Fri Sep 21 16:55:45 CST 2012" endtime="Fri Sep 21 16:55:45 CST 2012" />
            </TestCase>
          </TestSuite>
          <TestSuite name="invoke_super">
            <TestCase name="JUnit_Test_invoke_super" priority="">
              <Test name="testE1" result="pass" starttime="Fri Sep 21 16:55:45 CST 2012" endtime="Fri Sep 21 16:55:46 CST 2012" />
              <Test name="testE2" result="pass" starttime="Fri Sep 21 16:55:46 CST 2012" endtime="Fri Sep 21 16:55:46 CST 2012" />
              <Test name="testE4" result="pass" starttime="Fri Sep 21 16:55:46 CST 2012" endtime="Fri Sep 21 16:55:47 CST 2012" />
              <Test name="testN1" result="pass" starttime="Fri Sep 21 16:55:47 CST 2012" endtime="Fri Sep 21 16:55:47 CST 2012" />
              <Test name="testN3" result="pass" starttime="Fri Sep 21 16:55:47 CST 2012" endtime="Fri Sep 21 16:55:48 CST 2012" />
              <Test name="testN5" result="pass" starttime="Fri Sep 21 16:55:48 CST 2012" endtime="Fri Sep 21 16:55:48 CST 2012" />
              <Test name="testN6" result="pass" starttime="Fri Sep 21 16:55:48 CST 2012" endtime="Fri Sep 21 16:55:48 CST 2012" />
              <Test name="testVFE1" result="pass" starttime="Fri Sep 21 16:55:48 CST 2012" endtime="Fri Sep 21 16:55:49 CST 2012" />
              <Test name="testVFE10" result="pass" starttime="Fri Sep 21 16:55:49 CST 2012" endtime="Fri Sep 21 16:55:49 CST 2012" />
              <Test name="testVFE12" result="pass" starttime="Fri Sep 21 16:55:49 CST 2012" endtime="Fri Sep 21 16:55:50 CST 2012" />
              <Test name="testVFE13" result="pass" starttime="Fri Sep 21 16:55:50 CST 2012" endtime="Fri Sep 21 16:55:50 CST 2012" />
              <Test name="testVFE14" result="pass" starttime="Fri Sep 21 16:55:50 CST 2012" endtime="Fri Sep 21 16:55:51 CST 2012" />
              <Test name="testVFE15" result="pass" starttime="Fri Sep 21 16:55:51 CST 2012" endtime="Fri Sep 21 16:55:51 CST 2012" />
              <Test name="testVFE16" result="pass" starttime="Fri Sep 21 16:55:51 CST 2012" endtime="Fri Sep 21 16:55:52 CST 2012" />
              <Test name="testVFE17" result="pass" starttime="Fri Sep 21 16:55:52 CST 2012" endtime="Fri Sep 21 16:55:52 CST 2012" />
              <Test name="testVFE18" result="pass" starttime="Fri Sep 21 16:55:52 CST 2012" endtime="Fri Sep 21 16:55:52 CST 2012" />
              <Test name="testVFE19" result="pass" starttime="Fri Sep 21 16:55:52 CST 2012" endtime="Fri Sep 21 16:55:53 CST 2012" />
              <Test name="testVFE3" result="pass" starttime="Fri Sep 21 16:55:53 CST 2012" endtime="Fri Sep 21 16:55:53 CST 2012" />
              <Test name="testVFE4" result="pass" starttime="Fri Sep 21 16:55:53 CST 2012" endtime="Fri Sep 21 16:55:54 CST 2012" />
              <Test name="testVFE5" result="pass" starttime="Fri Sep 21 16:55:54 CST 2012" endtime="Fri Sep 21 16:55:54 CST 2012" />
              <Test name="testVFE6" result="pass" starttime="Fri Sep 21 16:55:54 CST 2012" endtime="Fri Sep 21 16:55:54 CST 2012" />
              <Test name="testVFE8" result="pass" starttime="Fri Sep 21 16:55:54 CST 2012" endtime="Fri Sep 21 16:55:55 CST 2012" />
              <Test name="testVFE9" result="pass" starttime="Fri Sep 21 16:55:55 CST 2012" endtime="Fri Sep 21 16:55:55 CST 2012" />
            </TestCase>
          </TestSuite>
          <TestSuite name="invoke_super_range">
            <TestCase name="JUnit_Test_invoke_super_range" priority="">
              <Test name="testE1" result="pass" starttime="Fri Sep 21 16:55:55 CST 2012" endtime="Fri Sep 21 16:55:56 CST 2012" />
              <Test name="testE2" result="pass" starttime="Fri Sep 21 16:55:56 CST 2012" endtime="Fri Sep 21 16:55:56 CST 2012" />
              <Test name="testE4" result="pass" starttime="Fri Sep 21 16:55:56 CST 2012" endtime="Fri Sep 21 16:55:57 CST 2012" />
              <Test name="testN1" result="pass" starttime="Fri Sep 21 16:55:57 CST 2012" endtime="Fri Sep 21 16:55:57 CST 2012" />
              <Test name="testN3" result="pass" starttime="Fri Sep 21 16:55:57 CST 2012" endtime="Fri Sep 21 16:55:57 CST 2012" />
              <Test name="testN5" result="pass" starttime="Fri Sep 21 16:55:57 CST 2012" endtime="Fri Sep 21 16:55:58 CST 2012" />
              <Test name="testN6" result="pass" starttime="Fri Sep 21 16:55:58 CST 2012" endtime="Fri Sep 21 16:55:58 CST 2012" />
              <Test name="testVFE1" result="pass" starttime="Fri Sep 21 16:55:58 CST 2012" endtime="Fri Sep 21 16:55:59 CST 2012" />
              <Test name="testVFE10" result="pass" starttime="Fri Sep 21 16:55:59 CST 2012" endtime="Fri Sep 21 16:55:59 CST 2012" />
              <Test name="testVFE12" result="pass" starttime="Fri Sep 21 16:55:59 CST 2012" endtime="Fri Sep 21 16:56:00 CST 2012" />
              <Test name="testVFE13" result="pass" starttime="Fri Sep 21 16:56:00 CST 2012" endtime="Fri Sep 21 16:56:00 CST 2012" />
              <Test name="testVFE14" result="pass" starttime="Fri Sep 21 16:56:00 CST 2012" endtime="Fri Sep 21 16:56:00 CST 2012" />
              <Test name="testVFE15" result="pass" starttime="Fri Sep 21 16:56:00 CST 2012" endtime="Fri Sep 21 16:56:01 CST 2012" />
              <Test name="testVFE16" result="pass" starttime="Fri Sep 21 16:56:01 CST 2012" endtime="Fri Sep 21 16:56:01 CST 2012" />
              <Test name="testVFE17" result="pass" starttime="Fri Sep 21 16:56:01 CST 2012" endtime="Fri Sep 21 16:56:02 CST 2012" />
              <Test name="testVFE18" result="pass" starttime="Fri Sep 21 16:56:02 CST 2012" endtime="Fri Sep 21 16:56:02 CST 2012" />
              <Test name="testVFE19" result="pass" starttime="Fri Sep 21 16:56:02 CST 2012" endtime="Fri Sep 21 16:56:02 CST 2012" />
              <Test name="testVFE3" result="pass" starttime="Fri Sep 21 16:56:02 CST 2012" endtime="Fri Sep 21 16:56:03 CST 2012" />
              <Test name="testVFE4" result="pass" starttime="Fri Sep 21 16:56:03 CST 2012" endtime="Fri Sep 21 16:56:03 CST 2012" />
              <Test name="testVFE5" result="pass" starttime="Fri Sep 21 16:56:03 CST 2012" endtime="Fri Sep 21 16:56:04 CST 2012" />
              <Test name="testVFE6" result="pass" starttime="Fri Sep 21 16:56:04 CST 2012" endtime="Fri Sep 21 16:56:04 CST 2012" />
              <Test name="testVFE8" result="pass" starttime="Fri Sep 21 16:56:04 CST 2012" endtime="Fri Sep 21 16:56:04 CST 2012" />
              <Test name="testVFE9" result="pass" starttime="Fri Sep 21 16:56:04 CST 2012" endtime="Fri Sep 21 16:56:05 CST 2012" />
            </TestCase>
          </TestSuite>
          <TestSuite name="invoke_virtual">
            <TestCase name="JUnit_Test_invoke_virtual" priority="">
              <Test name="testE1" result="pass" starttime="Fri Sep 21 16:56:05 CST 2012" endtime="Fri Sep 21 16:56:05 CST 2012" />
              <Test name="testE2" result="pass" starttime="Fri Sep 21 16:56:05 CST 2012" endtime="Fri Sep 21 16:56:06 CST 2012" />
              <Test name="testE4" result="pass" starttime="Fri Sep 21 16:56:06 CST 2012" endtime="Fri Sep 21 16:56:06 CST 2012" />
              <Test name="testN1" result="pass" starttime="Fri Sep 21 16:56:06 CST 2012" endtime="Fri Sep 21 16:56:06 CST 2012" />
              <Test name="testN3" result="pass" starttime="Fri Sep 21 16:56:06 CST 2012" endtime="Fri Sep 21 16:56:07 CST 2012" />
              <Test name="testN5" result="pass" starttime="Fri Sep 21 16:56:07 CST 2012" endtime="Fri Sep 21 16:56:07 CST 2012" />
              <Test name="testN6" result="pass" starttime="Fri Sep 21 16:56:07 CST 2012" endtime="Fri Sep 21 16:56:08 CST 2012" />
              <Test name="testVFE1" result="pass" starttime="Fri Sep 21 16:56:08 CST 2012" endtime="Fri Sep 21 16:56:08 CST 2012" />
              <Test name="testVFE10" result="pass" starttime="Fri Sep 21 16:56:08 CST 2012" endtime="Fri Sep 21 16:56:09 CST 2012" />
              <Test name="testVFE12" result="pass" starttime="Fri Sep 21 16:56:09 CST 2012" endtime="Fri Sep 21 16:56:09 CST 2012" />
              <Test name="testVFE13" result="pass" starttime="Fri Sep 21 16:56:09 CST 2012" endtime="Fri Sep 21 16:56:10 CST 2012" />
              <Test name="testVFE14" result="pass" starttime="Fri Sep 21 16:56:10 CST 2012" endtime="Fri Sep 21 16:56:10 CST 2012" />
              <Test name="testVFE15" result="pass" starttime="Fri Sep 21 16:56:10 CST 2012" endtime="Fri Sep 21 16:56:10 CST 2012" />
              <Test name="testVFE16" result="pass" starttime="Fri Sep 21 16:56:10 CST 2012" endtime="Fri Sep 21 16:56:11 CST 2012" />
              <Test name="testVFE17" result="pass" starttime="Fri Sep 21 16:56:11 CST 2012" endtime="Fri Sep 21 16:56:11 CST 2012" />
              <Test name="testVFE18" result="pass" starttime="Fri Sep 21 16:56:11 CST 2012" endtime="Fri Sep 21 16:56:12 CST 2012" />
              <Test name="testVFE19" result="pass" starttime="Fri Sep 21 16:56:12 CST 2012" endtime="Fri Sep 21 16:56:12 CST 2012" />
              <Test name="testVFE3" result="pass" starttime="Fri Sep 21 16:56:12 CST 2012" endtime="Fri Sep 21 16:56:12 CST 2012" />
              <Test name="testVFE4" result="pass" starttime="Fri Sep 21 16:56:12 CST 2012" endtime="Fri Sep 21 16:56:13 CST 2012" />
              <Test name="testVFE5" result="pass" starttime="Fri Sep 21 16:56:13 CST 2012" endtime="Fri Sep 21 16:56:13 CST 2012" />
              <Test name="testVFE6" result="pass" starttime="Fri Sep 21 16:56:13 CST 2012" endtime="Fri Sep 21 16:56:14 CST 2012" />
              <Test name="testVFE8" result="pass" starttime="Fri Sep 21 16:56:14 CST 2012" endtime="Fri Sep 21 16:56:14 CST 2012" />
              <Test name="testVFE9" result="pass" starttime="Fri Sep 21 16:56:14 CST 2012" endtime="Fri Sep 21 16:56:15 CST 2012" />
            </TestCase>
          </TestSuite>
          <TestSuite name="invoke_virtual_range">
            <TestCase name="JUnit_Test_invoke_virtual_range" priority="">
              <Test name="testE1" result="pass" starttime="Fri Sep 21 16:56:15 CST 2012" endtime="Fri Sep 21 16:56:15 CST 2012" />
              <Test name="testE2" result="pass" starttime="Fri Sep 21 16:56:15 CST 2012" endtime="Fri Sep 21 16:56:16 CST 2012" />
              <Test name="testE4" result="pass" starttime="Fri Sep 21 16:56:16 CST 2012" endtime="Fri Sep 21 16:56:16 CST 2012" />
              <Test name="testN1" result="pass" starttime="Fri Sep 21 16:56:16 CST 2012" endtime="Fri Sep 21 16:56:16 CST 2012" />
              <Test name="testN3" result="pass" starttime="Fri Sep 21 16:56:16 CST 2012" endtime="Fri Sep 21 16:56:17 CST 2012" />
              <Test name="testN5" result="pass" starttime="Fri Sep 21 16:56:17 CST 2012" endtime="Fri Sep 21 16:56:17 CST 2012" />
              <Test name="testN6" result="pass" starttime="Fri Sep 21 16:56:17 CST 2012" endtime="Fri Sep 21 16:56:18 CST 2012" />
              <Test name="testN7" result="pass" starttime="Fri Sep 21 16:56:18 CST 2012" endtime="Fri Sep 21 16:56:18 CST 2012" />
              <Test name="testVFE1" result="pass" starttime="Fri Sep 21 16:56:18 CST 2012" endtime="Fri Sep 21 16:56:19 CST 2012" />
              <Test name="testVFE10" result="pass" starttime="Fri Sep 21 16:56:19 CST 2012" endtime="Fri Sep 21 16:56:19 CST 2012" />
              <Test name="testVFE12" result="pass" starttime="Fri Sep 21 16:56:19 CST 2012" endtime="Fri Sep 21 16:56:19 CST 2012" />
              <Test name="testVFE13" result="pass" starttime="Fri Sep 21 16:56:19 CST 2012" endtime="Fri Sep 21 16:56:20 CST 2012" />
              <Test name="testVFE14" result="pass" starttime="Fri Sep 21 16:56:20 CST 2012" endtime="Fri Sep 21 16:56:20 CST 2012" />
              <Test name="testVFE15" result="pass" starttime="Fri Sep 21 16:56:20 CST 2012" endtime="Fri Sep 21 16:56:21 CST 2012" />
              <Test name="testVFE16" result="pass" starttime="Fri Sep 21 16:56:21 CST 2012" endtime="Fri Sep 21 16:56:21 CST 2012" />
              <Test name="testVFE17" result="pass" starttime="Fri Sep 21 16:56:21 CST 2012" endtime="Fri Sep 21 16:56:22 CST 2012" />
              <Test name="testVFE18" result="pass" starttime="Fri Sep 21 16:56:22 CST 2012" endtime="Fri Sep 21 16:56:22 CST 2012" />
              <Test name="testVFE19" result="pass" starttime="Fri Sep 21 16:56:22 CST 2012" endtime="Fri Sep 21 16:56:22 CST 2012" />
              <Test name="testVFE3" result="pass" starttime="Fri Sep 21 16:56:22 CST 2012" endtime="Fri Sep 21 16:56:23 CST 2012" />
              <Test name="testVFE4" result="pass" starttime="Fri Sep 21 16:56:23 CST 2012" endtime="Fri Sep 21 16:56:23 CST 2012" />
              <Test name="testVFE5" result="pass" starttime="Fri Sep 21 16:56:23 CST 2012" endtime="Fri Sep 21 16:56:24 CST 2012" />
              <Test name="testVFE6" result="pass" starttime="Fri Sep 21 16:56:24 CST 2012" endtime="Fri Sep 21 16:56:24 CST 2012" />
              <Test name="testVFE8" result="pass" starttime="Fri Sep 21 16:56:24 CST 2012" endtime="Fri Sep 21 16:56:25 CST 2012" />
              <Test name="testVFE9" result="pass" starttime="Fri Sep 21 16:56:25 CST 2012" endtime="Fri Sep 21 16:56:25 CST 2012" />
            </TestCase>
          </TestSuite>
          <TestSuite name="iput">
            <TestCase name="JUnit_Test_iput" priority="">
              <Test name="testE2" result="pass" starttime="Fri Sep 21 16:56:25 CST 2012" endtime="Fri Sep 21 16:56:25 CST 2012" />
              <Test name="testE5" result="pass" starttime="Fri Sep 21 16:56:25 CST 2012" endtime="Fri Sep 21 16:56:26 CST 2012" />
              <Test name="testN1" result="pass" starttime="Fri Sep 21 16:56:26 CST 2012" endtime="Fri Sep 21 16:56:26 CST 2012" />
              <Test name="testN2" result="pass" starttime="Fri Sep 21 16:56:26 CST 2012" endtime="Fri Sep 21 16:56:27 CST 2012" />
              <Test name="testN3" result="pass" starttime="Fri Sep 21 16:56:27 CST 2012" endtime="Fri Sep 21 16:56:27 CST 2012" />
              <Test name="testN4" result="pass" starttime="Fri Sep 21 16:56:27 CST 2012" endtime="Fri Sep 21 16:56:28 CST 2012" />
              <Test name="testVFE1" result="pass" starttime="Fri Sep 21 16:56:28 CST 2012" endtime="Fri Sep 21 16:56:28 CST 2012" />
              <Test name="testVFE10" result="pass" starttime="Fri Sep 21 16:56:28 CST 2012" endtime="Fri Sep 21 16:56:28 CST 2012" />
              <Test name="testVFE11" result="pass" starttime="Fri Sep 21 16:56:28 CST 2012" endtime="Fri Sep 21 16:56:29 CST 2012" />
              <Test name="testVFE12" result="pass" starttime="Fri Sep 21 16:56:29 CST 2012" endtime="Fri Sep 21 16:56:29 CST 2012" />
              <Test name="testVFE13" result="pass" starttime="Fri Sep 21 16:56:29 CST 2012" endtime="Fri Sep 21 16:56:30 CST 2012" />
              <Test name="testVFE14" result="pass" starttime="Fri Sep 21 16:56:30 CST 2012" endtime="Fri Sep 21 16:56:30 CST 2012" />
              <Test name="testVFE15" result="pass" starttime="Fri Sep 21 16:56:30 CST 2012" endtime="Fri Sep 21 16:56:31 CST 2012" />
              <Test name="testVFE16" result="pass" starttime="Fri Sep 21 16:56:31 CST 2012" endtime="Fri Sep 21 16:56:31 CST 2012" />
              <Test name="testVFE17" result="pass" starttime="Fri Sep 21 16:56:31 CST 2012" endtime="Fri Sep 21 16:56:31 CST 2012" />
              <Test name="testVFE18" result="pass" starttime="Fri Sep 21 16:56:31 CST 2012" endtime="Fri Sep 21 16:56:32 CST 2012" />
              <Test name="testVFE2" result="pass" starttime="Fri Sep 21 16:56:32 CST 2012" endtime="Fri Sep 21 16:56:32 CST 2012" />
              <Test name="testVFE30" result="pass" starttime="Fri Sep 21 16:56:32 CST 2012" endtime="Fri Sep 21 16:56:33 CST 2012" />
              <Test name="testVFE5" result="pass" starttime="Fri Sep 21 16:56:33 CST 2012" endtime="Fri Sep 21 16:56:33 CST 2012" />
              <Test name="testVFE6" result="pass" starttime="Fri Sep 21 16:56:33 CST 2012" endtime="Fri Sep 21 16:56:34 CST 2012" />
              <Test name="testVFE7" result="pass" starttime="Fri Sep 21 16:56:34 CST 2012" endtime="Fri Sep 21 16:56:34 CST 2012" />
              <Test name="testVFE8" result="pass" starttime="Fri Sep 21 16:56:34 CST 2012" endtime="Fri Sep 21 16:56:34 CST 2012" />
              <Test name="testVFE9" result="pass" starttime="Fri Sep 21 16:56:34 CST 2012" endtime="Fri Sep 21 16:56:35 CST 2012" />
            </TestCase>
          </TestSuite>
          <TestSuite name="iput_boolean">
            <TestCase name="JUnit_Test_iput_boolean" priority="">
              <Test name="testE2" result="pass" starttime="Fri Sep 21 16:56:35 CST 2012" endtime="Fri Sep 21 16:56:35 CST 2012" />
              <Test name="testN1" result="pass" starttime="Fri Sep 21 16:56:35 CST 2012" endtime="Fri Sep 21 16:56:36 CST 2012" />
              <Test name="testN2" result="pass" starttime="Fri Sep 21 16:56:36 CST 2012" endtime="Fri Sep 21 16:56:36 CST 2012" />
              <Test name="testN4" result="pass" starttime="Fri Sep 21 16:56:36 CST 2012" endtime="Fri Sep 21 16:56:37 CST 2012" />
              <Test name="testVFE1" result="pass" starttime="Fri Sep 21 16:56:37 CST 2012" endtime="Fri Sep 21 16:56:37 CST 2012" />
              <Test name="testVFE10" result="pass" starttime="Fri Sep 21 16:56:37 CST 2012" endtime="Fri Sep 21 16:56:38 CST 2012" />
              <Test name="testVFE11" result="pass" starttime="Fri Sep 21 16:56:38 CST 2012" endtime="Fri Sep 21 16:56:38 CST 2012" />
              <Test name="testVFE12" result="pass" starttime="Fri Sep 21 16:56:38 CST 2012" endtime="Fri Sep 21 16:56:39 CST 2012" />
              <Test name="testVFE13" result="pass" starttime="Fri Sep 21 16:56:39 CST 2012" endtime="Fri Sep 21 16:56:39 CST 2012" />
              <Test name="testVFE14" result="pass" starttime="Fri Sep 21 16:56:39 CST 2012" endtime="Fri Sep 21 16:56:39 CST 2012" />
              <Test name="testVFE15" result="pass" starttime="Fri Sep 21 16:56:39 CST 2012" endtime="Fri Sep 21 16:56:40 CST 2012" />
              <Test name="testVFE16" result="pass" starttime="Fri Sep 21 16:56:40 CST 2012" endtime="Fri Sep 21 16:56:40 CST 2012" />
              <Test name="testVFE17" result="pass" starttime="Fri Sep 21 16:56:40 CST 2012" endtime="Fri Sep 21 16:56:41 CST 2012" />
              <Test name="testVFE18" result="pass" starttime="Fri Sep 21 16:56:41 CST 2012" endtime="Fri Sep 21 16:56:41 CST 2012" />
              <Test name="testVFE19" result="pass" starttime="Fri Sep 21 16:56:41 CST 2012" endtime="Fri Sep 21 16:56:42 CST 2012" />
              <Test name="testVFE2" result="pass" starttime="Fri Sep 21 16:56:42 CST 2012" endtime="Fri Sep 21 16:56:42 CST 2012" />
              <Test name="testVFE30" result="pass" starttime="Fri Sep 21 16:56:42 CST 2012" endtime="Fri Sep 21 16:56:42 CST 2012" />
              <Test name="testVFE5" result="pass" starttime="Fri Sep 21 16:56:42 CST 2012" endtime="Fri Sep 21 16:56:43 CST 2012" />
              <Test name="testVFE6" result="pass" starttime="Fri Sep 21 16:56:43 CST 2012" endtime="Fri Sep 21 16:56:43 CST 2012" />
              <Test name="testVFE7" result="pass" starttime="Fri Sep 21 16:56:43 CST 2012" endtime="Fri Sep 21 16:56:44 CST 2012" />
              <Test name="testVFE8" result="pass" starttime="Fri Sep 21 16:56:44 CST 2012" endtime="Fri Sep 21 16:56:44 CST 2012" />
              <Test name="testVFE9" result="pass" starttime="Fri Sep 21 16:56:44 CST 2012" endtime="Fri Sep 21 16:56:45 CST 2012" />
            </TestCase>
          </TestSuite>
          <TestSuite name="iput_byte">
            <TestCase name="JUnit_Test_iput_byte" priority="">
              <Test name="testE2" result="pass" starttime="Fri Sep 21 16:56:45 CST 2012" endtime="Fri Sep 21 16:56:45 CST 2012" />
              <Test name="testN1" result="pass" starttime="Fri Sep 21 16:56:45 CST 2012" endtime="Fri Sep 21 16:56:45 CST 2012" />
              <Test name="testN2" result="pass" starttime="Fri Sep 21 16:56:45 CST 2012" endtime="Fri Sep 21 16:56:46 CST 2012" />
              <Test name="testN4" result="pass" starttime="Fri Sep 21 16:56:46 CST 2012" endtime="Fri Sep 21 16:56:46 CST 2012" />
              <Test name="testVFE1" result="pass" starttime="Fri Sep 21 16:56:46 CST 2012" endtime="Fri Sep 21 16:56:47 CST 2012" />
              <Test name="testVFE10" result="pass" starttime="Fri Sep 21 16:56:47 CST 2012" endtime="Fri Sep 21 16:56:47 CST 2012" />
              <Test name="testVFE11" result="pass" starttime="Fri Sep 21 16:56:47 CST 2012" endtime="Fri Sep 21 16:56:47 CST 2012" />
              <Test name="testVFE12" result="pass" starttime="Fri Sep 21 16:56:47 CST 2012" endtime="Fri Sep 21 16:56:48 CST 2012" />
              <Test name="testVFE13" result="pass" starttime="Fri Sep 21 16:56:48 CST 2012" endtime="Fri Sep 21 16:56:48 CST 2012" />
              <Test name="testVFE14" result="pass" starttime="Fri Sep 21 16:56:48 CST 2012" endtime="Fri Sep 21 16:56:49 CST 2012" />
              <Test name="testVFE15" result="pass" starttime="Fri Sep 21 16:56:49 CST 2012" endtime="Fri Sep 21 16:56:49 CST 2012" />
              <Test name="testVFE16" result="pass" starttime="Fri Sep 21 16:56:49 CST 2012" endtime="Fri Sep 21 16:56:50 CST 2012" />
              <Test name="testVFE17" result="pass" starttime="Fri Sep 21 16:56:50 CST 2012" endtime="Fri Sep 21 16:56:50 CST 2012" />
              <Test name="testVFE18" result="pass" starttime="Fri Sep 21 16:56:50 CST 2012" endtime="Fri Sep 21 16:56:50 CST 2012" />
              <Test name="testVFE19" result="pass" starttime="Fri Sep 21 16:56:50 CST 2012" endtime="Fri Sep 21 16:56:51 CST 2012" />
              <Test name="testVFE2" result="pass" starttime="Fri Sep 21 16:56:51 CST 2012" endtime="Fri Sep 21 16:56:51 CST 2012" />
              <Test name="testVFE30" result="pass" starttime="Fri Sep 21 16:56:51 CST 2012" endtime="Fri Sep 21 16:56:52 CST 2012" />
              <Test name="testVFE5" result="pass" starttime="Fri Sep 21 16:56:52 CST 2012" endtime="Fri Sep 21 16:56:52 CST 2012" />
              <Test name="testVFE6" result="pass" starttime="Fri Sep 21 16:56:52 CST 2012" endtime="Fri Sep 21 16:56:53 CST 2012" />
              <Test name="testVFE7" result="pass" starttime="Fri Sep 21 16:56:53 CST 2012" endtime="Fri Sep 21 16:56:53 CST 2012" />
              <Test name="testVFE8" result="pass" starttime="Fri Sep 21 16:56:53 CST 2012" endtime="Fri Sep 21 16:56:53 CST 2012" />
              <Test name="testVFE9" result="pass" starttime="Fri Sep 21 16:56:53 CST 2012" endtime="Fri Sep 21 16:56:54 CST 2012" />
            </TestCase>
          </TestSuite>
          <TestSuite name="iput_char">
            <TestCase name="JUnit_Test_iput_char" priority="">
              <Test name="testE2" result="pass" starttime="Fri Sep 21 16:56:54 CST 2012" endtime="Fri Sep 21 16:56:54 CST 2012" />
              <Test name="testN1" result="pass" starttime="Fri Sep 21 16:56:54 CST 2012" endtime="Fri Sep 21 16:56:55 CST 2012" />
              <Test name="testN2" result="pass" starttime="Fri Sep 21 16:56:55 CST 2012" endtime="Fri Sep 21 16:56:55 CST 2012" />
              <Test name="testN4" result="pass" starttime="Fri Sep 21 16:56:55 CST 2012" endtime="Fri Sep 21 16:56:56 CST 2012" />
              <Test name="testVFE1" result="pass" starttime="Fri Sep 21 16:56:56 CST 2012" endtime="Fri Sep 21 16:56:56 CST 2012" />
              <Test name="testVFE10" result="pass" starttime="Fri Sep 21 16:56:56 CST 2012" endtime="Fri Sep 21 16:56:56 CST 2012" />
              <Test name="testVFE11" result="pass" starttime="Fri Sep 21 16:56:56 CST 2012" endtime="Fri Sep 21 16:56:57 CST 2012" />
              <Test name="testVFE12" result="pass" starttime="Fri Sep 21 16:56:57 CST 2012" endtime="Fri Sep 21 16:56:57 CST 2012" />
              <Test name="testVFE13" result="pass" starttime="Fri Sep 21 16:56:57 CST 2012" endtime="Fri Sep 21 16:56:58 CST 2012" />
              <Test name="testVFE14" result="pass" starttime="Fri Sep 21 16:56:58 CST 2012" endtime="Fri Sep 21 16:56:58 CST 2012" />
              <Test name="testVFE15" result="pass" starttime="Fri Sep 21 16:56:58 CST 2012" endtime="Fri Sep 21 16:56:58 CST 2012" />
              <Test name="testVFE16" result="pass" starttime="Fri Sep 21 16:56:58 CST 2012" endtime="Fri Sep 21 16:56:59 CST 2012" />
              <Test name="testVFE17" result="pass" starttime="Fri Sep 21 16:56:59 CST 2012" endtime="Fri Sep 21 16:56:59 CST 2012" />
              <Test name="testVFE18" result="pass" starttime="Fri Sep 21 16:56:59 CST 2012" endtime="Fri Sep 21 16:57:00 CST 2012" />
              <Test name="testVFE19" result="pass" starttime="Fri Sep 21 16:57:00 CST 2012" endtime="Fri Sep 21 16:57:00 CST 2012" />
              <Test name="testVFE2" result="pass" starttime="Fri Sep 21 16:57:00 CST 2012" endtime="Fri Sep 21 16:57:01 CST 2012" />
              <Test name="testVFE30" result="pass" starttime="Fri Sep 21 16:57:01 CST 2012" endtime="Fri Sep 21 16:57:01 CST 2012" />
              <Test name="testVFE5" result="pass" starttime="Fri Sep 21 16:57:01 CST 2012" endtime="Fri Sep 21 16:57:01 CST 2012" />
              <Test name="testVFE6" result="pass" starttime="Fri Sep 21 16:57:01 CST 2012" endtime="Fri Sep 21 16:57:02 CST 2012" />
              <Test name="testVFE7" result="pass" starttime="Fri Sep 21 16:57:02 CST 2012" endtime="Fri Sep 21 16:57:02 CST 2012" />
              <Test name="testVFE8" result="pass" starttime="Fri Sep 21 16:57:02 CST 2012" endtime="Fri Sep 21 16:57:03 CST 2012" />
              <Test name="testVFE9" result="pass" starttime="Fri Sep 21 16:57:03 CST 2012" endtime="Fri Sep 21 16:57:03 CST 2012" />
            </TestCase>
          </TestSuite>
          <TestSuite name="iput_object">
            <TestCase name="JUnit_Test_iput_object" priority="">
              <Test name="testE2" result="pass" starttime="Fri Sep 21 16:57:03 CST 2012" endtime="Fri Sep 21 16:57:04 CST 2012" />
              <Test name="testN1" result="pass" starttime="Fri Sep 21 16:57:04 CST 2012" endtime="Fri Sep 21 16:57:04 CST 2012" />
              <Test name="testN2" result="pass" starttime="Fri Sep 21 16:57:04 CST 2012" endtime="Fri Sep 21 16:57:04 CST 2012" />
              <Test name="testN4" result="pass" starttime="Fri Sep 21 16:57:04 CST 2012" endtime="Fri Sep 21 16:57:05 CST 2012" />
              <Test name="testVFE1" result="pass" starttime="Fri Sep 21 16:57:05 CST 2012" endtime="Fri Sep 21 16:57:05 CST 2012" />
              <Test name="testVFE10" result="pass" starttime="Fri Sep 21 16:57:05 CST 2012" endtime="Fri Sep 21 16:57:06 CST 2012" />
              <Test name="testVFE11" result="pass" starttime="Fri Sep 21 16:57:06 CST 2012" endtime="Fri Sep 21 16:57:06 CST 2012" />
              <Test name="testVFE12" result="pass" starttime="Fri Sep 21 16:57:06 CST 2012" endtime="Fri Sep 21 16:57:06 CST 2012" />
              <Test name="testVFE13" result="pass" starttime="Fri Sep 21 16:57:06 CST 2012" endtime="Fri Sep 21 16:57:07 CST 2012" />
              <Test name="testVFE14" result="pass" starttime="Fri Sep 21 16:57:07 CST 2012" endtime="Fri Sep 21 16:57:07 CST 2012" />
              <Test name="testVFE15" result="pass" starttime="Fri Sep 21 16:57:07 CST 2012" endtime="Fri Sep 21 16:57:08 CST 2012" />
              <Test name="testVFE16" result="pass" starttime="Fri Sep 21 16:57:08 CST 2012" endtime="Fri Sep 21 16:57:08 CST 2012" />
              <Test name="testVFE17" result="pass" starttime="Fri Sep 21 16:57:08 CST 2012" endtime="Fri Sep 21 16:57:09 CST 2012" />
              <Test name="testVFE18" result="pass" starttime="Fri Sep 21 16:57:09 CST 2012" endtime="Fri Sep 21 16:57:09 CST 2012" />
              <Test name="testVFE19" result="pass" starttime="Fri Sep 21 16:57:09 CST 2012" endtime="Fri Sep 21 16:57:09 CST 2012" />
              <Test name="testVFE2" result="pass" starttime="Fri Sep 21 16:57:09 CST 2012" endtime="Fri Sep 21 16:57:10 CST 2012" />
              <Test name="testVFE30" result="pass" starttime="Fri Sep 21 16:57:10 CST 2012" endtime="Fri Sep 21 16:57:10 CST 2012" />
              <Test name="testVFE5" result="pass" starttime="Fri Sep 21 16:57:10 CST 2012" endtime="Fri Sep 21 16:57:11 CST 2012" />
              <Test name="testVFE6" result="pass" starttime="Fri Sep 21 16:57:11 CST 2012" endtime="Fri Sep 21 16:57:11 CST 2012" />
              <Test name="testVFE7" result="pass" starttime="Fri Sep 21 16:57:11 CST 2012" endtime="Fri Sep 21 16:57:12 CST 2012" />
              <Test name="testVFE8" result="pass" starttime="Fri Sep 21 16:57:12 CST 2012" endtime="Fri Sep 21 16:57:12 CST 2012" />
              <Test name="testVFE9" result="pass" starttime="Fri Sep 21 16:57:12 CST 2012" endtime="Fri Sep 21 16:57:12 CST 2012" />
            </TestCase>
          </TestSuite>
          <TestSuite name="iput_short">
            <TestCase name="JUnit_Test_iput_short" priority="">
              <Test name="testE2" result="pass" starttime="Fri Sep 21 16:57:12 CST 2012" endtime="Fri Sep 21 16:57:13 CST 2012" />
              <Test name="testN1" result="pass" starttime="Fri Sep 21 16:57:13 CST 2012" endtime="Fri Sep 21 16:57:13 CST 2012" />
              <Test name="testN2" result="pass" starttime="Fri Sep 21 16:57:13 CST 2012" endtime="Fri Sep 21 16:57:14 CST 2012" />
              <Test name="testN4" result="pass" starttime="Fri Sep 21 16:57:14 CST 2012" endtime="Fri Sep 21 16:57:14 CST 2012" />
              <Test name="testVFE1" result="pass" starttime="Fri Sep 21 16:57:14 CST 2012" endtime="Fri Sep 21 16:57:14 CST 2012" />
              <Test name="testVFE10" result="pass" starttime="Fri Sep 21 16:57:14 CST 2012" endtime="Fri Sep 21 16:57:15 CST 2012" />
              <Test name="testVFE11" result="pass" starttime="Fri Sep 21 16:57:15 CST 2012" endtime="Fri Sep 21 16:57:15 CST 2012" />
              <Test name="testVFE12" result="pass" starttime="Fri Sep 21 16:57:15 CST 2012" endtime="Fri Sep 21 16:57:16 CST 2012" />
              <Test name="testVFE13" result="pass" starttime="Fri Sep 21 16:57:16 CST 2012" endtime="Fri Sep 21 16:57:16 CST 2012" />
              <Test name="testVFE14" result="pass" starttime="Fri Sep 21 16:57:16 CST 2012" endtime="Fri Sep 21 16:57:17 CST 2012" />
              <Test name="testVFE15" result="pass" starttime="Fri Sep 21 16:57:17 CST 2012" endtime="Fri Sep 21 16:57:17 CST 2012" />
              <Test name="testVFE16" result="pass" starttime="Fri Sep 21 16:57:17 CST 2012" endtime="Fri Sep 21 16:57:17 CST 2012" />
              <Test name="testVFE17" result="pass" starttime="Fri Sep 21 16:57:17 CST 2012" endtime="Fri Sep 21 16:57:18 CST 2012" />
              <Test name="testVFE18" result="pass" starttime="Fri Sep 21 16:57:18 CST 2012" endtime="Fri Sep 21 16:57:18 CST 2012" />
              <Test name="testVFE19" result="pass" starttime="Fri Sep 21 16:57:18 CST 2012" endtime="Fri Sep 21 16:57:19 CST 2012" />
              <Test name="testVFE2" result="pass" starttime="Fri Sep 21 16:57:19 CST 2012" endtime="Fri Sep 21 16:57:19 CST 2012" />
              <Test name="testVFE30" result="pass" starttime="Fri Sep 21 16:57:19 CST 2012" endtime="Fri Sep 21 16:57:20 CST 2012" />
              <Test name="testVFE5" result="pass" starttime="Fri Sep 21 16:57:20 CST 2012" endtime="Fri Sep 21 16:57:20 CST 2012" />
              <Test name="testVFE6" result="pass" starttime="Fri Sep 21 16:57:20 CST 2012" endtime="Fri Sep 21 16:57:20 CST 2012" />
              <Test name="testVFE7" result="pass" starttime="Fri Sep 21 16:57:20 CST 2012" endtime="Fri Sep 21 16:57:21 CST 2012" />
              <Test name="testVFE8" result="pass" starttime="Fri Sep 21 16:57:21 CST 2012" endtime="Fri Sep 21 16:57:21 CST 2012" />
              <Test name="testVFE9" result="pass" starttime="Fri Sep 21 16:57:21 CST 2012" endtime="Fri Sep 21 16:57:22 CST 2012" />
            </TestCase>
          </TestSuite>
          <TestSuite name="iput_wide">
            <TestCase name="JUnit_Test_iput_wide" priority="">
              <Test name="testE2" result="pass" starttime="Fri Sep 21 16:57:22 CST 2012" endtime="Fri Sep 21 16:57:22 CST 2012" />
              <Test name="testE5" result="pass" starttime="Fri Sep 21 16:57:22 CST 2012" endtime="Fri Sep 21 16:57:22 CST 2012" />
              <Test name="testN1" result="pass" starttime="Fri Sep 21 16:57:22 CST 2012" endtime="Fri Sep 21 16:57:23 CST 2012" />
              <Test name="testN2" result="pass" starttime="Fri Sep 21 16:57:23 CST 2012" endtime="Fri Sep 21 16:57:23 CST 2012" />
              <Test name="testN3" result="pass" starttime="Fri Sep 21 16:57:23 CST 2012" endtime="Fri Sep 21 16:57:24 CST 2012" />
              <Test name="testN4" result="pass" starttime="Fri Sep 21 16:57:24 CST 2012" endtime="Fri Sep 21 16:57:24 CST 2012" />
              <Test name="testVFE1" result="pass" starttime="Fri Sep 21 16:57:24 CST 2012" endtime="Fri Sep 21 16:57:25 CST 2012" />
              <Test name="testVFE10" result="pass" starttime="Fri Sep 21 16:57:25 CST 2012" endtime="Fri Sep 21 16:57:25 CST 2012" />
              <Test name="testVFE11" result="pass" starttime="Fri Sep 21 16:57:25 CST 2012" endtime="Fri Sep 21 16:57:25 CST 2012" />
              <Test name="testVFE12" result="pass" starttime="Fri Sep 21 16:57:25 CST 2012" endtime="Fri Sep 21 16:57:26 CST 2012" />
              <Test name="testVFE13" result="pass" starttime="Fri Sep 21 16:57:26 CST 2012" endtime="Fri Sep 21 16:57:27 CST 2012" />
              <Test name="testVFE14" result="pass" starttime="Fri Sep 21 16:57:27 CST 2012" endtime="Fri Sep 21 16:57:27 CST 2012" />
              <Test name="testVFE15" result="pass" starttime="Fri Sep 21 16:57:27 CST 2012" endtime="Fri Sep 21 16:57:27 CST 2012" />
              <Test name="testVFE16" result="pass" starttime="Fri Sep 21 16:57:27 CST 2012" endtime="Fri Sep 21 16:57:28 CST 2012" />
              <Test name="testVFE17" result="pass" starttime="Fri Sep 21 16:57:28 CST 2012" endtime="Fri Sep 21 16:57:28 CST 2012" />
              <Test name="testVFE18" result="pass" starttime="Fri Sep 21 16:57:28 CST 2012" endtime="Fri Sep 21 16:57:29 CST 2012" />
              <Test name="testVFE2" result="pass" starttime="Fri Sep 21 16:57:29 CST 2012" endtime="Fri Sep 21 16:57:29 CST 2012" />
              <Test name="testVFE30" result="pass" starttime="Fri Sep 21 16:57:29 CST 2012" endtime="Fri Sep 21 16:57:30 CST 2012" />
              <Test name="testVFE5" result="pass" starttime="Fri Sep 21 16:57:30 CST 2012" endtime="Fri Sep 21 16:57:30 CST 2012" />
              <Test name="testVFE6" result="pass" starttime="Fri Sep 21 16:57:30 CST 2012" endtime="Fri Sep 21 16:57:30 CST 2012" />
              <Test name="testVFE7" result="pass" starttime="Fri Sep 21 16:57:30 CST 2012" endtime="Fri Sep 21 16:57:31 CST 2012" />
              <Test name="testVFE8" result="pass" starttime="Fri Sep 21 16:57:31 CST 2012" endtime="Fri Sep 21 16:57:31 CST 2012" />
              <Test name="testVFE9" result="pass" starttime="Fri Sep 21 16:57:31 CST 2012" endtime="Fri Sep 21 16:57:32 CST 2012" />
            </TestCase>
          </TestSuite>
          <TestSuite name="long_to_double">
            <TestCase name="JUnit_Test_long_to_double" priority="">
              <Test name="testB1" result="pass" starttime="Fri Sep 21 16:57:32 CST 2012" endtime="Fri Sep 21 16:57:32 CST 2012" />
              <Test name="testB2" result="pass" starttime="Fri Sep 21 16:57:32 CST 2012" endtime="Fri Sep 21 16:57:32 CST 2012" />
              <Test name="testB3" result="pass" starttime="Fri Sep 21 16:57:32 CST 2012" endtime="Fri Sep 21 16:57:33 CST 2012" />
              <Test name="testN1" result="pass" starttime="Fri Sep 21 16:57:33 CST 2012" endtime="Fri Sep 21 16:57:33 CST 2012" />
              <Test name="testN2" result="pass" starttime="Fri Sep 21 16:57:33 CST 2012" endtime="Fri Sep 21 16:57:34 CST 2012" />
              <Test name="testN3" result="pass" starttime="Fri Sep 21 16:57:34 CST 2012" endtime="Fri Sep 21 16:57:34 CST 2012" />
              <Test name="testVFE1" result="pass" starttime="Fri Sep 21 16:57:34 CST 2012" endtime="Fri Sep 21 16:57:34 CST 2012" />
              <Test name="testVFE2" result="pass" starttime="Fri Sep 21 16:57:34 CST 2012" endtime="Fri Sep 21 16:57:35 CST 2012" />
              <Test name="testVFE3" result="pass" starttime="Fri Sep 21 16:57:35 CST 2012" endtime="Fri Sep 21 16:57:35 CST 2012" />
              <Test name="testVFE4" result="pass" starttime="Fri Sep 21 16:57:35 CST 2012" endtime="Fri Sep 21 16:57:36 CST 2012" />
              <Test name="testVFE5" result="pass" starttime="Fri Sep 21 16:57:36 CST 2012" endtime="Fri Sep 21 16:57:36 CST 2012" />
            </TestCase>
          </TestSuite>
          <TestSuite name="long_to_float">
            <TestCase name="JUnit_Test_long_to_float" priority="">
              <Test name="testB1" result="pass" starttime="Fri Sep 21 16:57:36 CST 2012" endtime="Fri Sep 21 16:57:37 CST 2012" />
              <Test name="testB2" result="pass" starttime="Fri Sep 21 16:57:37 CST 2012" endtime="Fri Sep 21 16:57:37 CST 2012" />
              <Test name="testB3" result="pass" starttime="Fri Sep 21 16:57:37 CST 2012" endtime="Fri Sep 21 16:57:37 CST 2012" />
              <Test name="testN1" result="pass" starttime="Fri Sep 21 16:57:37 CST 2012" endtime="Fri Sep 21 16:57:38 CST 2012" />
              <Test name="testN2" result="pass" starttime="Fri Sep 21 16:57:38 CST 2012" endtime="Fri Sep 21 16:57:38 CST 2012" />
              <Test name="testN3" result="pass" starttime="Fri Sep 21 16:57:38 CST 2012" endtime="Fri Sep 21 16:57:39 CST 2012" />
              <Test name="testVFE1" result="pass" starttime="Fri Sep 21 16:57:39 CST 2012" endtime="Fri Sep 21 16:57:39 CST 2012" />
              <Test name="testVFE2" result="pass" starttime="Fri Sep 21 16:57:39 CST 2012" endtime="Fri Sep 21 16:57:39 CST 2012" />
              <Test name="testVFE3" result="pass" starttime="Fri Sep 21 16:57:39 CST 2012" endtime="Fri Sep 21 16:57:40 CST 2012" />
              <Test name="testVFE4" result="pass" starttime="Fri Sep 21 16:57:40 CST 2012" endtime="Fri Sep 21 16:57:40 CST 2012" />
            </TestCase>
          </TestSuite>
          <TestSuite name="long_to_int">
            <TestCase name="JUnit_Test_long_to_int" priority="">
              <Test name="testB1" result="pass" starttime="Fri Sep 21 16:57:40 CST 2012" endtime="Fri Sep 21 16:57:41 CST 2012" />
              <Test name="testB2" result="pass" starttime="Fri Sep 21 16:57:41 CST 2012" endtime="Fri Sep 21 16:57:41 CST 2012" />
              <Test name="testB3" result="pass" starttime="Fri Sep 21 16:57:41 CST 2012" endtime="Fri Sep 21 16:57:41 CST 2012" />
              <Test name="testN1" result="pass" starttime="Fri Sep 21 16:57:41 CST 2012" endtime="Fri Sep 21 16:57:42 CST 2012" />
              <Test name="testN2" result="pass" starttime="Fri Sep 21 16:57:42 CST 2012" endtime="Fri Sep 21 16:57:42 CST 2012" />
              <Test name="testN3" result="pass" starttime="Fri Sep 21 16:57:42 CST 2012" endtime="Fri Sep 21 16:57:43 CST 2012" />
              <Test name="testN4" result="pass" starttime="Fri Sep 21 16:57:43 CST 2012" endtime="Fri Sep 21 16:57:43 CST 2012" />
              <Test name="testVFE1" result="pass" starttime="Fri Sep 21 16:57:43 CST 2012" endtime="Fri Sep 21 16:57:43 CST 2012" />
              <Test name="testVFE2" result="pass" starttime="Fri Sep 21 16:57:43 CST 2012" endtime="Fri Sep 21 16:57:44 CST 2012" />
              <Test name="testVFE3" result="pass" starttime="Fri Sep 21 16:57:44 CST 2012" endtime="Fri Sep 21 16:57:44 CST 2012" />
              <Test name="testVFE4" result="pass" starttime="Fri Sep 21 16:57:44 CST 2012" endtime="Fri Sep 21 16:57:45 CST 2012" />
              <Test name="testVFE5" result="pass" starttime="Fri Sep 21 16:57:45 CST 2012" endtime="Fri Sep 21 16:57:45 CST 2012" />
            </TestCase>
          </TestSuite>
          <TestSuite name="monitor_enter">
            <TestCase name="JUnit_Test_monitor_enter" priority="">
              <Test name="testE1" result="pass" starttime="Fri Sep 21 16:57:45 CST 2012" endtime="Fri Sep 21 16:57:46 CST 2012" />
              <Test name="testN1" result="pass" starttime="Fri Sep 21 16:57:46 CST 2012" endtime="Fri Sep 21 16:57:47 CST 2012" />
              <Test name="testN2" result="pass" starttime="Fri Sep 21 16:57:47 CST 2012" endtime="Fri Sep 21 16:57:49 CST 2012" />
              <Test name="testVFE1" result="pass" starttime="Fri Sep 21 16:57:49 CST 2012" endtime="Fri Sep 21 16:57:49 CST 2012" />
              <Test name="testVFE2" result="pass" starttime="Fri Sep 21 16:57:49 CST 2012" endtime="Fri Sep 21 16:57:49 CST 2012" />
              <Test name="testVFE3" result="pass" starttime="Fri Sep 21 16:57:49 CST 2012" endtime="Fri Sep 21 16:57:50 CST 2012" />
              <Test name="testVFE4" result="pass" starttime="Fri Sep 21 16:57:50 CST 2012" endtime="Fri Sep 21 16:57:50 CST 2012" />
              <Test name="testVFE5" result="pass" starttime="Fri Sep 21 16:57:50 CST 2012" endtime="Fri Sep 21 16:57:51 CST 2012" />
            </TestCase>
          </TestSuite>
          <TestSuite name="monitor_exit">
            <TestCase name="JUnit_Test_monitor_exit" priority="">
              <Test name="testE1" result="pass" starttime="Fri Sep 21 16:57:51 CST 2012" endtime="Fri Sep 21 16:57:51 CST 2012" />
              <Test name="testE3" result="pass" starttime="Fri Sep 21 16:57:51 CST 2012" endtime="Fri Sep 21 16:57:51 CST 2012" />
              <Test name="testVFE1" result="pass" starttime="Fri Sep 21 16:57:51 CST 2012" endtime="Fri Sep 21 16:57:52 CST 2012" />
              <Test name="testVFE2" result="pass" starttime="Fri Sep 21 16:57:52 CST 2012" endtime="Fri Sep 21 16:57:52 CST 2012" />
              <Test name="testVFE3" result="pass" starttime="Fri Sep 21 16:57:52 CST 2012" endtime="Fri Sep 21 16:57:53 CST 2012" />
              <Test name="testVFE4" result="pass" starttime="Fri Sep 21 16:57:53 CST 2012" endtime="Fri Sep 21 16:57:53 CST 2012" />
              <Test name="testVFE5" result="pass" starttime="Fri Sep 21 16:57:53 CST 2012" endtime="Fri Sep 21 16:57:54 CST 2012" />
            </TestCase>
          </TestSuite>
          <TestSuite name="move">
            <TestCase name="JUnit_Test_move" priority="">
              <Test name="testN1" result="pass" starttime="Fri Sep 21 16:57:54 CST 2012" endtime="Fri Sep 21 16:57:54 CST 2012" />
              <Test name="testVFE1" result="pass" starttime="Fri Sep 21 16:57:54 CST 2012" endtime="Fri Sep 21 16:57:54 CST 2012" />
              <Test name="testVFE2" result="pass" starttime="Fri Sep 21 16:57:54 CST 2012" endtime="Fri Sep 21 16:57:55 CST 2012" />
              <Test name="testVFE3" result="pass" starttime="Fri Sep 21 16:57:55 CST 2012" endtime="Fri Sep 21 16:57:55 CST 2012" />
              <Test name="testVFE4" result="pass" starttime="Fri Sep 21 16:57:55 CST 2012" endtime="Fri Sep 21 16:57:56 CST 2012" />
              <Test name="testVFE5" result="pass" starttime="Fri Sep 21 16:57:56 CST 2012" endtime="Fri Sep 21 16:57:56 CST 2012" />
              <Test name="testVFE6" result="pass" starttime="Fri Sep 21 16:57:56 CST 2012" endtime="Fri Sep 21 16:57:57 CST 2012" />
            </TestCase>
          </TestSuite>
          <TestSuite name="move_16">
            <TestCase name="JUnit_Test_move_16" priority="">
              <Test name="testN1" result="pass" starttime="Fri Sep 21 16:57:57 CST 2012" endtime="Fri Sep 21 16:57:57 CST 2012" />
              <Test name="testN2" result="pass" starttime="Fri Sep 21 16:57:57 CST 2012" endtime="Fri Sep 21 16:57:57 CST 2012" />
              <Test name="testVFE1" result="pass" starttime="Fri Sep 21 16:57:57 CST 2012" endtime="Fri Sep 21 16:57:58 CST 2012" />
              <Test name="testVFE2" result="pass" starttime="Fri Sep 21 16:57:58 CST 2012" endtime="Fri Sep 21 16:57:58 CST 2012" />
              <Test name="testVFE3" result="pass" starttime="Fri Sep 21 16:57:58 CST 2012" endtime="Fri Sep 21 16:57:59 CST 2012" />
              <Test name="testVFE4" result="pass" starttime="Fri Sep 21 16:57:59 CST 2012" endtime="Fri Sep 21 16:57:59 CST 2012" />
              <Test name="testVFE5" result="pass" starttime="Fri Sep 21 16:57:59 CST 2012" endtime="Fri Sep 21 16:58:00 CST 2012" />
              <Test name="testVFE6" result="pass" starttime="Fri Sep 21 16:58:00 CST 2012" endtime="Fri Sep 21 16:58:00 CST 2012" />
            </TestCase>
          </TestSuite>
          <TestSuite name="move_exception">
            <TestCase name="JUnit_Test_move_exception" priority="">
              <Test name="testN1" result="pass" starttime="Fri Sep 21 16:58:00 CST 2012" endtime="Fri Sep 21 16:58:00 CST 2012" />
              <Test name="testN2" result="pass" starttime="Fri Sep 21 16:58:00 CST 2012" endtime="Fri Sep 21 16:58:01 CST 2012" />
              <Test name="testVFE1" result="pass" starttime="Fri Sep 21 16:58:01 CST 2012" endtime="Fri Sep 21 16:58:01 CST 2012" />
              <Test name="testVFE3" result="pass" starttime="Fri Sep 21 16:58:01 CST 2012" endtime="Fri Sep 21 16:58:02 CST 2012" />
            </TestCase>
          </TestSuite>
          <TestSuite name="move_from16">
            <TestCase name="JUnit_Test_move_from16" priority="">
              <Test name="testN1" result="pass" starttime="Fri Sep 21 16:58:02 CST 2012" endtime="Fri Sep 21 16:58:02 CST 2012" />
              <Test name="testVFE1" result="pass" starttime="Fri Sep 21 16:58:02 CST 2012" endtime="Fri Sep 21 16:58:02 CST 2012" />
              <Test name="testVFE2" result="pass" starttime="Fri Sep 21 16:58:02 CST 2012" endtime="Fri Sep 21 16:58:03 CST 2012" />
              <Test name="testVFE3" result="pass" starttime="Fri Sep 21 16:58:03 CST 2012" endtime="Fri Sep 21 16:58:03 CST 2012" />
              <Test name="testVFE4" result="pass" starttime="Fri Sep 21 16:58:03 CST 2012" endtime="Fri Sep 21 16:58:04 CST 2012" />
              <Test name="testVFE5" result="pass" starttime="Fri Sep 21 16:58:04 CST 2012" endtime="Fri Sep 21 16:58:04 CST 2012" />
              <Test name="testVFE6" result="pass" starttime="Fri Sep 21 16:58:04 CST 2012" endtime="Fri Sep 21 16:58:05 CST 2012" />
            </TestCase>
          </TestSuite>
          <TestSuite name="move_object">
            <TestCase name="JUnit_Test_move_object" priority="">
              <Test name="testN1" result="pass" starttime="Fri Sep 21 16:58:05 CST 2012" endtime="Fri Sep 21 16:58:05 CST 2012" />
              <Test name="testVFE1" result="pass" starttime="Fri Sep 21 16:58:05 CST 2012" endtime="Fri Sep 21 16:58:05 CST 2012" />
              <Test name="testVFE2" result="pass" starttime="Fri Sep 21 16:58:05 CST 2012" endtime="Fri Sep 21 16:58:06 CST 2012" />
              <Test name="testVFE3" result="pass" starttime="Fri Sep 21 16:58:06 CST 2012" endtime="Fri Sep 21 16:58:06 CST 2012" />
              <Test name="testVFE4" result="pass" starttime="Fri Sep 21 16:58:06 CST 2012" endtime="Fri Sep 21 16:58:07 CST 2012" />
              <Test name="testVFE5" result="pass" starttime="Fri Sep 21 16:58:07 CST 2012" endtime="Fri Sep 21 16:58:07 CST 2012" />
              <Test name="testVFE6" result="pass" starttime="Fri Sep 21 16:58:07 CST 2012" endtime="Fri Sep 21 16:58:07 CST 2012" />
            </TestCase>
          </TestSuite>
          <TestSuite name="move_object_16">
            <TestCase name="JUnit_Test_move_object_16" priority="">
              <Test name="testN1" result="pass" starttime="Fri Sep 21 16:58:07 CST 2012" endtime="Fri Sep 21 16:58:08 CST 2012" />
              <Test name="testVFE1" result="pass" starttime="Fri Sep 21 16:58:08 CST 2012" endtime="Fri Sep 21 16:58:08 CST 2012" />
              <Test name="testVFE2" result="pass" starttime="Fri Sep 21 16:58:08 CST 2012" endtime="Fri Sep 21 16:58:09 CST 2012" />
              <Test name="testVFE3" result="pass" starttime="Fri Sep 21 16:58:09 CST 2012" endtime="Fri Sep 21 16:58:09 CST 2012" />
              <Test name="testVFE4" result="pass" starttime="Fri Sep 21 16:58:09 CST 2012" endtime="Fri Sep 21 16:58:10 CST 2012" />
              <Test name="testVFE5" result="pass" starttime="Fri Sep 21 16:58:10 CST 2012" endtime="Fri Sep 21 16:58:10 CST 2012" />
              <Test name="testVFE6" result="pass" starttime="Fri Sep 21 16:58:10 CST 2012" endtime="Fri Sep 21 16:58:10 CST 2012" />
            </TestCase>
          </TestSuite>
          <TestSuite name="move_object_from16">
            <TestCase name="JUnit_Test_move_object_from16" priority="">
              <Test name="testN1" result="pass" starttime="Fri Sep 21 16:58:10 CST 2012" endtime="Fri Sep 21 16:58:11 CST 2012" />
              <Test name="testVFE1" result="pass" starttime="Fri Sep 21 16:58:11 CST 2012" endtime="Fri Sep 21 16:58:11 CST 2012" />
              <Test name="testVFE2" result="pass" starttime="Fri Sep 21 16:58:11 CST 2012" endtime="Fri Sep 21 16:58:12 CST 2012" />
              <Test name="testVFE3" result="pass" starttime="Fri Sep 21 16:58:12 CST 2012" endtime="Fri Sep 21 16:58:12 CST 2012" />
              <Test name="testVFE4" result="pass" starttime="Fri Sep 21 16:58:12 CST 2012" endtime="Fri Sep 21 16:58:12 CST 2012" />
              <Test name="testVFE5" result="pass" starttime="Fri Sep 21 16:58:12 CST 2012" endtime="Fri Sep 21 16:58:13 CST 2012" />
              <Test name="testVFE6" result="pass" starttime="Fri Sep 21 16:58:13 CST 2012" endtime="Fri Sep 21 16:58:14 CST 2012" />
            </TestCase>
          </TestSuite>
          <TestSuite name="move_result">
            <TestCase name="JUnit_Test_move_result" priority="">
              <Test name="testN1" result="pass" starttime="Fri Sep 21 16:58:14 CST 2012" endtime="Fri Sep 21 16:58:14 CST 2012" />
              <Test name="testVFE1" result="pass" starttime="Fri Sep 21 16:58:14 CST 2012" endtime="Fri Sep 21 16:58:14 CST 2012" />
              <Test name="testVFE2" result="pass" starttime="Fri Sep 21 16:58:14 CST 2012" endtime="Fri Sep 21 16:58:15 CST 2012" />
              <Test name="testVFE3" result="pass" starttime="Fri Sep 21 16:58:15 CST 2012" endtime="Fri Sep 21 16:58:15 CST 2012" />
              <Test name="testVFE4" result="pass" starttime="Fri Sep 21 16:58:15 CST 2012" endtime="Fri Sep 21 16:58:16 CST 2012" />
              <Test name="testVFE5" result="pass" starttime="Fri Sep 21 16:58:16 CST 2012" endtime="Fri Sep 21 16:58:16 CST 2012" />
              <Test name="testVFE6" result="pass" starttime="Fri Sep 21 16:58:16 CST 2012" endtime="Fri Sep 21 16:58:17 CST 2012" />
              <Test name="testVFE7" result="pass" starttime="Fri Sep 21 16:58:17 CST 2012" endtime="Fri Sep 21 16:58:17 CST 2012" />
            </TestCase>
          </TestSuite>
          <TestSuite name="move_result_object">
            <TestCase name="JUnit_Test_move_result_object" priority="">
              <Test name="testN1" result="pass" starttime="Fri Sep 21 16:58:17 CST 2012" endtime="Fri Sep 21 16:58:17 CST 2012" />
              <Test name="testN2" result="pass" starttime="Fri Sep 21 16:58:17 CST 2012" endtime="Fri Sep 21 16:58:18 CST 2012" />
              <Test name="testVFE1" result="pass" starttime="Fri Sep 21 16:58:18 CST 2012" endtime="Fri Sep 21 16:58:18 CST 2012" />
              <Test name="testVFE2" result="pass" starttime="Fri Sep 21 16:58:18 CST 2012" endtime="Fri Sep 21 16:58:19 CST 2012" />
              <Test name="testVFE3" result="pass" starttime="Fri Sep 21 16:58:19 CST 2012" endtime="Fri Sep 21 16:58:19 CST 2012" />
              <Test name="testVFE4" result="pass" starttime="Fri Sep 21 16:58:19 CST 2012" endtime="Fri Sep 21 16:58:19 CST 2012" />
              <Test name="testVFE5" result="pass" starttime="Fri Sep 21 16:58:19 CST 2012" endtime="Fri Sep 21 16:58:20 CST 2012" />
              <Test name="testVFE6" result="pass" starttime="Fri Sep 21 16:58:20 CST 2012" endtime="Fri Sep 21 16:58:20 CST 2012" />
              <Test name="testVFE7" result="pass" starttime="Fri Sep 21 16:58:20 CST 2012" endtime="Fri Sep 21 16:58:21 CST 2012" />
            </TestCase>
          </TestSuite>
          <TestSuite name="move_result_wide">
            <TestCase name="JUnit_Test_move_result_wide" priority="">
              <Test name="testN1" result="pass" starttime="Fri Sep 21 16:58:21 CST 2012" endtime="Fri Sep 21 16:58:21 CST 2012" />
              <Test name="testVFE1" result="pass" starttime="Fri Sep 21 16:58:21 CST 2012" endtime="Fri Sep 21 16:58:21 CST 2012" />
              <Test name="testVFE2" result="pass" starttime="Fri Sep 21 16:58:21 CST 2012" endtime="Fri Sep 21 16:58:22 CST 2012" />
              <Test name="testVFE3" result="pass" starttime="Fri Sep 21 16:58:22 CST 2012" endtime="Fri Sep 21 16:58:22 CST 2012" />
              <Test name="testVFE4" result="pass" starttime="Fri Sep 21 16:58:22 CST 2012" endtime="Fri Sep 21 16:58:23 CST 2012" />
              <Test name="testVFE5" result="pass" starttime="Fri Sep 21 16:58:23 CST 2012" endtime="Fri Sep 21 16:58:23 CST 2012" />
              <Test name="testVFE6" result="pass" starttime="Fri Sep 21 16:58:23 CST 2012" endtime="Fri Sep 21 16:58:24 CST 2012" />
              <Test name="testVFE7" result="pass" starttime="Fri Sep 21 16:58:24 CST 2012" endtime="Fri Sep 21 16:58:24 CST 2012" />
            </TestCase>
          </TestSuite>
          <TestSuite name="move_wide">
            <TestCase name="JUnit_Test_move_wide" priority="">
              <Test name="testN1" result="pass" starttime="Fri Sep 21 16:58:24 CST 2012" endtime="Fri Sep 21 16:58:24 CST 2012" />
              <Test name="testN2" result="pass" starttime="Fri Sep 21 16:58:24 CST 2012" endtime="Fri Sep 21 16:58:25 CST 2012" />
              <Test name="testVFE1" result="pass" starttime="Fri Sep 21 16:58:25 CST 2012" endtime="Fri Sep 21 16:58:25 CST 2012" />
              <Test name="testVFE2" result="pass" starttime="Fri Sep 21 16:58:25 CST 2012" endtime="Fri Sep 21 16:58:26 CST 2012" />
              <Test name="testVFE3" result="pass" starttime="Fri Sep 21 16:58:26 CST 2012" endtime="Fri Sep 21 16:58:26 CST 2012" />
              <Test name="testVFE4" result="pass" starttime="Fri Sep 21 16:58:26 CST 2012" endtime="Fri Sep 21 16:58:27 CST 2012" />
              <Test name="testVFE6" result="pass" starttime="Fri Sep 21 16:58:27 CST 2012" endtime="Fri Sep 21 16:58:27 CST 2012" />
            </TestCase>
          </TestSuite>
          <TestSuite name="move_wide_16">
            <TestCase name="JUnit_Test_move_wide_16" priority="">
              <Test name="testN1" result="pass" starttime="Fri Sep 21 16:58:27 CST 2012" endtime="Fri Sep 21 16:58:27 CST 2012" />
              <Test name="testN2" result="pass" starttime="Fri Sep 21 16:58:27 CST 2012" endtime="Fri Sep 21 16:58:28 CST 2012" />
              <Test name="testN3" result="pass" starttime="Fri Sep 21 16:58:28 CST 2012" endtime="Fri Sep 21 16:58:28 CST 2012" />
              <Test name="testVFE1" result="pass" starttime="Fri Sep 21 16:58:28 CST 2012" endtime="Fri Sep 21 16:58:29 CST 2012" />
              <Test name="testVFE2" result="pass" starttime="Fri Sep 21 16:58:29 CST 2012" endtime="Fri Sep 21 16:58:29 CST 2012" />
              <Test name="testVFE3" result="pass" starttime="Fri Sep 21 16:58:29 CST 2012" endtime="Fri Sep 21 16:58:29 CST 2012" />
              <Test name="testVFE4" result="pass" starttime="Fri Sep 21 16:58:29 CST 2012" endtime="Fri Sep 21 16:58:30 CST 2012" />
              <Test name="testVFE5" result="pass" starttime="Fri Sep 21 16:58:30 CST 2012" endtime="Fri Sep 21 16:58:30 CST 2012" />
              <Test name="testVFE6" result="pass" starttime="Fri Sep 21 16:58:30 CST 2012" endtime="Fri Sep 21 16:58:31 CST 2012" />
            </TestCase>
          </TestSuite>
          <TestSuite name="move_wide_from16">
            <TestCase name="JUnit_Test_move_wide_from16" priority="">
              <Test name="testN1" result="pass" starttime="Fri Sep 21 16:58:31 CST 2012" endtime="Fri Sep 21 16:58:31 CST 2012" />
              <Test name="testN2" result="pass" starttime="Fri Sep 21 16:58:31 CST 2012" endtime="Fri Sep 21 16:58:32 CST 2012" />
              <Test name="testVFE1" result="pass" starttime="Fri Sep 21 16:58:32 CST 2012" endtime="Fri Sep 21 16:58:32 CST 2012" />
              <Test name="testVFE2" result="pass" starttime="Fri Sep 21 16:58:32 CST 2012" endtime="Fri Sep 21 16:58:33 CST 2012" />
              <Test name="testVFE3" result="pass" starttime="Fri Sep 21 16:58:33 CST 2012" endtime="Fri Sep 21 16:58:33 CST 2012" />
              <Test name="testVFE4" result="pass" starttime="Fri Sep 21 16:58:33 CST 2012" endtime="Fri Sep 21 16:58:33 CST 2012" />
              <Test name="testVFE5" result="pass" starttime="Fri Sep 21 16:58:33 CST 2012" endtime="Fri Sep 21 16:58:34 CST 2012" />
              <Test name="testVFE6" result="pass" starttime="Fri Sep 21 16:58:34 CST 2012" endtime="Fri Sep 21 16:58:34 CST 2012" />
            </TestCase>
          </TestSuite>
          <TestSuite name="mul_double">
            <TestCase name="JUnit_Test_mul_double" priority="">
              <Test name="testB1" result="pass" starttime="Fri Sep 21 16:58:34 CST 2012" endtime="Fri Sep 21 16:58:35 CST 2012" />
              <Test name="testB2" result="pass" starttime="Fri Sep 21 16:58:35 CST 2012" endtime="Fri Sep 21 16:58:35 CST 2012" />
              <Test name="testB3" result="pass" starttime="Fri Sep 21 16:58:35 CST 2012" endtime="Fri Sep 21 16:58:35 CST 2012" />
              <Test name="testB4" result="pass" starttime="Fri Sep 21 16:58:35 CST 2012" endtime="Fri Sep 21 16:58:36 CST 2012" />
              <Test name="testB5" result="pass" starttime="Fri Sep 21 16:58:36 CST 2012" endtime="Fri Sep 21 16:58:36 CST 2012" />
              <Test name="testB6" result="pass" starttime="Fri Sep 21 16:58:36 CST 2012" endtime="Fri Sep 21 16:58:37 CST 2012" />
              <Test name="testB7" result="pass" starttime="Fri Sep 21 16:58:37 CST 2012" endtime="Fri Sep 21 16:58:37 CST 2012" />
              <Test name="testB8" result="pass" starttime="Fri Sep 21 16:58:37 CST 2012" endtime="Fri Sep 21 16:58:37 CST 2012" />
              <Test name="testN1" result="pass" starttime="Fri Sep 21 16:58:37 CST 2012" endtime="Fri Sep 21 16:58:38 CST 2012" />
              <Test name="testN2" result="pass" starttime="Fri Sep 21 16:58:38 CST 2012" endtime="Fri Sep 21 16:58:38 CST 2012" />
              <Test name="testN3" result="pass" starttime="Fri Sep 21 16:58:38 CST 2012" endtime="Fri Sep 21 16:58:38 CST 2012" />
              <Test name="testVFE1" result="pass" starttime="Fri Sep 21 16:58:38 CST 2012" endtime="Fri Sep 21 16:58:39 CST 2012" />
              <Test name="testVFE2" result="pass" starttime="Fri Sep 21 16:58:39 CST 2012" endtime="Fri Sep 21 16:58:39 CST 2012" />
              <Test name="testVFE3" result="pass" starttime="Fri Sep 21 16:58:39 CST 2012" endtime="Fri Sep 21 16:58:40 CST 2012" />
              <Test name="testVFE4" result="pass" starttime="Fri Sep 21 16:58:40 CST 2012" endtime="Fri Sep 21 16:58:40 CST 2012" />
            </TestCase>
          </TestSuite>
          <TestSuite name="mul_double_2addr">
            <TestCase name="JUnit_Test_mul_double_2addr" priority="">
              <Test name="testB1" result="pass" starttime="Fri Sep 21 16:58:40 CST 2012" endtime="Fri Sep 21 16:58:41 CST 2012" />
              <Test name="testB2" result="pass" starttime="Fri Sep 21 16:58:41 CST 2012" endtime="Fri Sep 21 16:58:41 CST 2012" />
              <Test name="testB3" result="pass" starttime="Fri Sep 21 16:58:41 CST 2012" endtime="Fri Sep 21 16:58:41 CST 2012" />
              <Test name="testB4" result="pass" starttime="Fri Sep 21 16:58:41 CST 2012" endtime="Fri Sep 21 16:58:42 CST 2012" />
              <Test name="testB5" result="pass" starttime="Fri Sep 21 16:58:42 CST 2012" endtime="Fri Sep 21 16:58:42 CST 2012" />
              <Test name="testB6" result="pass" starttime="Fri Sep 21 16:58:42 CST 2012" endtime="Fri Sep 21 16:58:43 CST 2012" />
              <Test name="testB7" result="pass" starttime="Fri Sep 21 16:58:43 CST 2012" endtime="Fri Sep 21 16:58:43 CST 2012" />
              <Test name="testB8" result="pass" starttime="Fri Sep 21 16:58:43 CST 2012" endtime="Fri Sep 21 16:58:43 CST 2012" />
              <Test name="testN1" result="pass" starttime="Fri Sep 21 16:58:43 CST 2012" endtime="Fri Sep 21 16:58:44 CST 2012" />
              <Test name="testN2" result="pass" starttime="Fri Sep 21 16:58:44 CST 2012" endtime="Fri Sep 21 16:58:44 CST 2012" />
              <Test name="testN3" result="pass" starttime="Fri Sep 21 16:58:44 CST 2012" endtime="Fri Sep 21 16:58:45 CST 2012" />
              <Test name="testVFE1" result="pass" starttime="Fri Sep 21 16:58:45 CST 2012" endtime="Fri Sep 21 16:58:45 CST 2012" />
              <Test name="testVFE2" result="pass" starttime="Fri Sep 21 16:58:45 CST 2012" endtime="Fri Sep 21 16:58:45 CST 2012" />
              <Test name="testVFE3" result="pass" starttime="Fri Sep 21 16:58:45 CST 2012" endtime="Fri Sep 21 16:58:46 CST 2012" />
              <Test name="testVFE4" result="pass" starttime="Fri Sep 21 16:58:46 CST 2012" endtime="Fri Sep 21 16:58:46 CST 2012" />
            </TestCase>
          </TestSuite>
          <TestSuite name="mul_float">
            <TestCase name="JUnit_Test_mul_float" priority="">
              <Test name="testB1" result="pass" starttime="Fri Sep 21 16:58:46 CST 2012" endtime="Fri Sep 21 16:58:46 CST 2012" />
              <Test name="testB2" result="pass" starttime="Fri Sep 21 16:58:46 CST 2012" endtime="Fri Sep 21 16:58:47 CST 2012" />
              <Test name="testB3" result="pass" starttime="Fri Sep 21 16:58:47 CST 2012" endtime="Fri Sep 21 16:58:47 CST 2012" />
              <Test name="testB4" result="pass" starttime="Fri Sep 21 16:58:47 CST 2012" endtime="Fri Sep 21 16:58:48 CST 2012" />
              <Test name="testB5" result="pass" starttime="Fri Sep 21 16:58:48 CST 2012" endtime="Fri Sep 21 16:58:48 CST 2012" />
              <Test name="testB6" result="pass" starttime="Fri Sep 21 16:58:48 CST 2012" endtime="Fri Sep 21 16:58:48 CST 2012" />
              <Test name="testB7" result="pass" starttime="Fri Sep 21 16:58:48 CST 2012" endtime="Fri Sep 21 16:58:49 CST 2012" />
              <Test name="testB8" result="pass" starttime="Fri Sep 21 16:58:49 CST 2012" endtime="Fri Sep 21 16:58:49 CST 2012" />
              <Test name="testN1" result="pass" starttime="Fri Sep 21 16:58:49 CST 2012" endtime="Fri Sep 21 16:58:50 CST 2012" />
              <Test name="testN2" result="pass" starttime="Fri Sep 21 16:58:50 CST 2012" endtime="Fri Sep 21 16:58:50 CST 2012" />
              <Test name="testN3" result="pass" starttime="Fri Sep 21 16:58:50 CST 2012" endtime="Fri Sep 21 16:58:50 CST 2012" />
              <Test name="testVFE1" result="pass" starttime="Fri Sep 21 16:58:50 CST 2012" endtime="Fri Sep 21 16:58:51 CST 2012" />
              <Test name="testVFE2" result="pass" starttime="Fri Sep 21 16:58:51 CST 2012" endtime="Fri Sep 21 16:58:51 CST 2012" />
              <Test name="testVFE3" result="pass" starttime="Fri Sep 21 16:58:51 CST 2012" endtime="Fri Sep 21 16:58:52 CST 2012" />
              <Test name="testVFE4" result="pass" starttime="Fri Sep 21 16:58:52 CST 2012" endtime="Fri Sep 21 16:58:52 CST 2012" />
              <Test name="testVFE5" result="pass" starttime="Fri Sep 21 16:58:52 CST 2012" endtime="Fri Sep 21 16:58:52 CST 2012" />
            </TestCase>
          </TestSuite>
          <TestSuite name="mul_float_2addr">
            <TestCase name="JUnit_Test_mul_float_2addr" priority="">
              <Test name="testB1" result="pass" starttime="Fri Sep 21 16:58:52 CST 2012" endtime="Fri Sep 21 16:58:53 CST 2012" />
              <Test name="testB2" result="pass" starttime="Fri Sep 21 16:58:53 CST 2012" endtime="Fri Sep 21 16:58:53 CST 2012" />
              <Test name="testB3" result="pass" starttime="Fri Sep 21 16:58:53 CST 2012" endtime="Fri Sep 21 16:58:54 CST 2012" />
              <Test name="testB4" result="pass" starttime="Fri Sep 21 16:58:54 CST 2012" endtime="Fri Sep 21 16:58:54 CST 2012" />
              <Test name="testB5" result="pass" starttime="Fri Sep 21 16:58:54 CST 2012" endtime="Fri Sep 21 16:58:54 CST 2012" />
              <Test name="testB6" result="pass" starttime="Fri Sep 21 16:58:54 CST 2012" endtime="Fri Sep 21 16:58:55 CST 2012" />
              <Test name="testB7" result="pass" starttime="Fri Sep 21 16:58:55 CST 2012" endtime="Fri Sep 21 16:58:55 CST 2012" />
              <Test name="testB8" result="pass" starttime="Fri Sep 21 16:58:55 CST 2012" endtime="Fri Sep 21 16:58:56 CST 2012" />
              <Test name="testN1" result="pass" starttime="Fri Sep 21 16:58:56 CST 2012" endtime="Fri Sep 21 16:58:56 CST 2012" />
              <Test name="testN2" result="pass" starttime="Fri Sep 21 16:58:56 CST 2012" endtime="Fri Sep 21 16:58:56 CST 2012" />
              <Test name="testN3" result="pass" starttime="Fri Sep 21 16:58:56 CST 2012" endtime="Fri Sep 21 16:58:57 CST 2012" />
              <Test name="testVFE1" result="pass" starttime="Fri Sep 21 16:58:57 CST 2012" endtime="Fri Sep 21 16:58:57 CST 2012" />
              <Test name="testVFE2" result="pass" starttime="Fri Sep 21 16:58:57 CST 2012" endtime="Fri Sep 21 16:58:58 CST 2012" />
              <Test name="testVFE3" result="pass" starttime="Fri Sep 21 16:58:58 CST 2012" endtime="Fri Sep 21 16:58:58 CST 2012" />
              <Test name="testVFE4" result="pass" starttime="Fri Sep 21 16:58:58 CST 2012" endtime="Fri Sep 21 16:58:59 CST 2012" />
              <Test name="testVFE5" result="pass" starttime="Fri Sep 21 16:58:59 CST 2012" endtime="Fri Sep 21 16:58:59 CST 2012" />
            </TestCase>
          </TestSuite>
          <TestSuite name="mul_int">
            <TestCase name="JUnit_Test_mul_int" priority="">
              <Test name="testB1" result="pass" starttime="Fri Sep 21 16:58:59 CST 2012" endtime="Fri Sep 21 16:58:59 CST 2012" />
              <Test name="testB2" result="pass" starttime="Fri Sep 21 16:58:59 CST 2012" endtime="Fri Sep 21 16:59:00 CST 2012" />
              <Test name="testB3" result="pass" starttime="Fri Sep 21 16:59:00 CST 2012" endtime="Fri Sep 21 16:59:00 CST 2012" />
              <Test name="testB4" result="pass" starttime="Fri Sep 21 16:59:00 CST 2012" endtime="Fri Sep 21 16:59:01 CST 2012" />
              <Test name="testB5" result="pass" starttime="Fri Sep 21 16:59:01 CST 2012" endtime="Fri Sep 21 16:59:01 CST 2012" />
              <Test name="testN1" result="pass" starttime="Fri Sep 21 16:59:01 CST 2012" endtime="Fri Sep 21 16:59:01 CST 2012" />
              <Test name="testN2" result="pass" starttime="Fri Sep 21 16:59:01 CST 2012" endtime="Fri Sep 21 16:59:02 CST 2012" />
              <Test name="testN3" result="pass" starttime="Fri Sep 21 16:59:02 CST 2012" endtime="Fri Sep 21 16:59:02 CST 2012" />
              <Test name="testN4" result="pass" starttime="Fri Sep 21 16:59:02 CST 2012" endtime="Fri Sep 21 16:59:02 CST 2012" />
              <Test name="testVFE1" result="pass" starttime="Fri Sep 21 16:59:02 CST 2012" endtime="Fri Sep 21 16:59:03 CST 2012" />
              <Test name="testVFE2" result="pass" starttime="Fri Sep 21 16:59:03 CST 2012" endtime="Fri Sep 21 16:59:03 CST 2012" />
              <Test name="testVFE3" result="pass" starttime="Fri Sep 21 16:59:03 CST 2012" endtime="Fri Sep 21 16:59:04 CST 2012" />
              <Test name="testVFE4" result="pass" starttime="Fri Sep 21 16:59:04 CST 2012" endtime="Fri Sep 21 16:59:04 CST 2012" />
              <Test name="testVFE5" result="pass" starttime="Fri Sep 21 16:59:04 CST 2012" endtime="Fri Sep 21 16:59:05 CST 2012" />
            </TestCase>
          </TestSuite>
          <TestSuite name="mul_int_2addr">
            <TestCase name="JUnit_Test_mul_int_2addr" priority="">
              <Test name="testB1" result="pass" starttime="Fri Sep 21 16:59:05 CST 2012" endtime="Fri Sep 21 16:59:05 CST 2012" />
              <Test name="testB2" result="pass" starttime="Fri Sep 21 16:59:05 CST 2012" endtime="Fri Sep 21 16:59:05 CST 2012" />
              <Test name="testB3" result="pass" starttime="Fri Sep 21 16:59:05 CST 2012" endtime="Fri Sep 21 16:59:06 CST 2012" />
              <Test name="testB4" result="pass" starttime="Fri Sep 21 16:59:06 CST 2012" endtime="Fri Sep 21 16:59:06 CST 2012" />
              <Test name="testB5" result="pass" starttime="Fri Sep 21 16:59:06 CST 2012" endtime="Fri Sep 21 16:59:07 CST 2012" />
              <Test name="testN1" result="pass" starttime="Fri Sep 21 16:59:07 CST 2012" endtime="Fri Sep 21 16:59:07 CST 2012" />
              <Test name="testN2" result="pass" starttime="Fri Sep 21 16:59:07 CST 2012" endtime="Fri Sep 21 16:59:07 CST 2012" />
              <Test name="testN3" result="pass" starttime="Fri Sep 21 16:59:07 CST 2012" endtime="Fri Sep 21 16:59:08 CST 2012" />
              <Test name="testN4" result="pass" starttime="Fri Sep 21 16:59:08 CST 2012" endtime="Fri Sep 21 16:59:08 CST 2012" />
              <Test name="testVFE1" result="pass" starttime="Fri Sep 21 16:59:08 CST 2012" endtime="Fri Sep 21 16:59:09 CST 2012" />
              <Test name="testVFE2" result="pass" starttime="Fri Sep 21 16:59:09 CST 2012" endtime="Fri Sep 21 16:59:09 CST 2012" />
              <Test name="testVFE3" result="pass" starttime="Fri Sep 21 16:59:09 CST 2012" endtime="Fri Sep 21 16:59:09 CST 2012" />
              <Test name="testVFE4" result="pass" starttime="Fri Sep 21 16:59:09 CST 2012" endtime="Fri Sep 21 16:59:10 CST 2012" />
              <Test name="testVFE5" result="pass" starttime="Fri Sep 21 16:59:10 CST 2012" endtime="Fri Sep 21 16:59:10 CST 2012" />
            </TestCase>
          </TestSuite>
          <TestSuite name="mul_int_lit16">
            <TestCase name="JUnit_Test_mul_int_lit16" priority="">
              <Test name="testB1" result="pass" starttime="Fri Sep 21 16:59:10 CST 2012" endtime="Fri Sep 21 16:59:11 CST 2012" />
              <Test name="testB2" result="pass" starttime="Fri Sep 21 16:59:11 CST 2012" endtime="Fri Sep 21 16:59:11 CST 2012" />
              <Test name="testB3" result="pass" starttime="Fri Sep 21 16:59:11 CST 2012" endtime="Fri Sep 21 16:59:12 CST 2012" />
              <Test name="testB4" result="pass" starttime="Fri Sep 21 16:59:12 CST 2012" endtime="Fri Sep 21 16:59:12 CST 2012" />
              <Test name="testB5" result="pass" starttime="Fri Sep 21 16:59:12 CST 2012" endtime="Fri Sep 21 16:59:12 CST 2012" />
              <Test name="testN1" result="pass" starttime="Fri Sep 21 16:59:12 CST 2012" endtime="Fri Sep 21 16:59:13 CST 2012" />
              <Test name="testN2" result="pass" starttime="Fri Sep 21 16:59:13 CST 2012" endtime="Fri Sep 21 16:59:13 CST 2012" />
              <Test name="testN3" result="pass" starttime="Fri Sep 21 16:59:13 CST 2012" endtime="Fri Sep 21 16:59:14 CST 2012" />
              <Test name="testN4" result="pass" starttime="Fri Sep 21 16:59:14 CST 2012" endtime="Fri Sep 21 16:59:14 CST 2012" />
              <Test name="testVFE1" result="pass" starttime="Fri Sep 21 16:59:14 CST 2012" endtime="Fri Sep 21 16:59:14 CST 2012" />
              <Test name="testVFE2" result="pass" starttime="Fri Sep 21 16:59:14 CST 2012" endtime="Fri Sep 21 16:59:15 CST 2012" />
              <Test name="testVFE3" result="pass" starttime="Fri Sep 21 16:59:15 CST 2012" endtime="Fri Sep 21 16:59:16 CST 2012" />
              <Test name="testVFE4" result="pass" starttime="Fri Sep 21 16:59:16 CST 2012" endtime="Fri Sep 21 16:59:16 CST 2012" />
              <Test name="testVFE5" result="pass" starttime="Fri Sep 21 16:59:16 CST 2012" endtime="Fri Sep 21 16:59:16 CST 2012" />
            </TestCase>
          </TestSuite>
          <TestSuite name="mul_int_lit8">
            <TestCase name="JUnit_Test_mul_int_lit8" priority="">
              <Test name="testB1" result="pass" starttime="Fri Sep 21 16:59:16 CST 2012" endtime="Fri Sep 21 16:59:17 CST 2012" />
              <Test name="testB2" result="pass" starttime="Fri Sep 21 16:59:17 CST 2012" endtime="Fri Sep 21 16:59:17 CST 2012" />
              <Test name="testB3" result="pass" starttime="Fri Sep 21 16:59:17 CST 2012" endtime="Fri Sep 21 16:59:18 CST 2012" />
              <Test name="testB4" result="pass" starttime="Fri Sep 21 16:59:18 CST 2012" endtime="Fri Sep 21 16:59:18 CST 2012" />
              <Test name="testB5" result="pass" starttime="Fri Sep 21 16:59:18 CST 2012" endtime="Fri Sep 21 16:59:18 CST 2012" />
              <Test name="testN1" result="pass" starttime="Fri Sep 21 16:59:18 CST 2012" endtime="Fri Sep 21 16:59:19 CST 2012" />
              <Test name="testN2" result="pass" starttime="Fri Sep 21 16:59:19 CST 2012" endtime="Fri Sep 21 16:59:19 CST 2012" />
              <Test name="testN3" result="pass" starttime="Fri Sep 21 16:59:19 CST 2012" endtime="Fri Sep 21 16:59:20 CST 2012" />
              <Test name="testN4" result="pass" starttime="Fri Sep 21 16:59:20 CST 2012" endtime="Fri Sep 21 16:59:20 CST 2012" />
              <Test name="testVFE1" result="pass" starttime="Fri Sep 21 16:59:20 CST 2012" endtime="Fri Sep 21 16:59:20 CST 2012" />
              <Test name="testVFE2" result="pass" starttime="Fri Sep 21 16:59:20 CST 2012" endtime="Fri Sep 21 16:59:21 CST 2012" />
              <Test name="testVFE3" result="pass" starttime="Fri Sep 21 16:59:21 CST 2012" endtime="Fri Sep 21 16:59:21 CST 2012" />
              <Test name="testVFE4" result="pass" starttime="Fri Sep 21 16:59:21 CST 2012" endtime="Fri Sep 21 16:59:22 CST 2012" />
              <Test name="testVFE5" result="pass" starttime="Fri Sep 21 16:59:22 CST 2012" endtime="Fri Sep 21 16:59:22 CST 2012" />
            </TestCase>
          </TestSuite>
          <TestSuite name="mul_long">
            <TestCase name="JUnit_Test_mul_long" priority="">
              <Test name="testB1" result="pass" starttime="Fri Sep 21 16:59:22 CST 2012" endtime="Fri Sep 21 16:59:23 CST 2012" />
              <Test name="testB2" result="pass" starttime="Fri Sep 21 16:59:23 CST 2012" endtime="Fri Sep 21 16:59:23 CST 2012" />
              <Test name="testB3" result="pass" starttime="Fri Sep 21 16:59:23 CST 2012" endtime="Fri Sep 21 16:59:23 CST 2012" />
              <Test name="testB4" result="pass" starttime="Fri Sep 21 16:59:23 CST 2012" endtime="Fri Sep 21 16:59:24 CST 2012" />
              <Test name="testB5" result="pass" starttime="Fri Sep 21 16:59:24 CST 2012" endtime="Fri Sep 21 16:59:24 CST 2012" />
              <Test name="testB6" result="pass" starttime="Fri Sep 21 16:59:24 CST 2012" endtime="Fri Sep 21 16:59:24 CST 2012" />
              <Test name="testB7" result="pass" starttime="Fri Sep 21 16:59:24 CST 2012" endtime="Fri Sep 21 16:59:25 CST 2012" />
              <Test name="testN1" result="pass" starttime="Fri Sep 21 16:59:25 CST 2012" endtime="Fri Sep 21 16:59:25 CST 2012" />
              <Test name="testN2" result="pass" starttime="Fri Sep 21 16:59:25 CST 2012" endtime="Fri Sep 21 16:59:26 CST 2012" />
              <Test name="testN3" result="pass" starttime="Fri Sep 21 16:59:26 CST 2012" endtime="Fri Sep 21 16:59:26 CST 2012" />
              <Test name="testVFE1" result="pass" starttime="Fri Sep 21 16:59:26 CST 2012" endtime="Fri Sep 21 16:59:26 CST 2012" />
              <Test name="testVFE2" result="pass" starttime="Fri Sep 21 16:59:26 CST 2012" endtime="Fri Sep 21 16:59:27 CST 2012" />
              <Test name="testVFE3" result="pass" starttime="Fri Sep 21 16:59:27 CST 2012" endtime="Fri Sep 21 16:59:27 CST 2012" />
              <Test name="testVFE4" result="pass" starttime="Fri Sep 21 16:59:27 CST 2012" endtime="Fri Sep 21 16:59:28 CST 2012" />
              <Test name="testVFE5" result="pass" starttime="Fri Sep 21 16:59:28 CST 2012" endtime="Fri Sep 21 16:59:28 CST 2012" />
            </TestCase>
          </TestSuite>
          <TestSuite name="mul_long_2addr">
            <TestCase name="JUnit_Test_mul_long_2addr" priority="">
              <Test name="testB1" result="pass" starttime="Fri Sep 21 16:59:28 CST 2012" endtime="Fri Sep 21 16:59:28 CST 2012" />
              <Test name="testB2" result="pass" starttime="Fri Sep 21 16:59:28 CST 2012" endtime="Fri Sep 21 16:59:29 CST 2012" />
              <Test name="testB3" result="pass" starttime="Fri Sep 21 16:59:29 CST 2012" endtime="Fri Sep 21 16:59:29 CST 2012" />
              <Test name="testB4" result="pass" starttime="Fri Sep 21 16:59:29 CST 2012" endtime="Fri Sep 21 16:59:30 CST 2012" />
              <Test name="testB5" result="pass" starttime="Fri Sep 21 16:59:30 CST 2012" endtime="Fri Sep 21 16:59:30 CST 2012" />
              <Test name="testB6" result="pass" starttime="Fri Sep 21 16:59:30 CST 2012" endtime="Fri Sep 21 16:59:30 CST 2012" />
              <Test name="testB7" result="pass" starttime="Fri Sep 21 16:59:30 CST 2012" endtime="Fri Sep 21 16:59:31 CST 2012" />
              <Test name="testN1" result="pass" starttime="Fri Sep 21 16:59:31 CST 2012" endtime="Fri Sep 21 16:59:31 CST 2012" />
              <Test name="testN2" result="pass" starttime="Fri Sep 21 16:59:31 CST 2012" endtime="Fri Sep 21 16:59:32 CST 2012" />
              <Test name="testN3" result="pass" starttime="Fri Sep 21 16:59:32 CST 2012" endtime="Fri Sep 21 16:59:32 CST 2012" />
              <Test name="testVFE1" result="pass" starttime="Fri Sep 21 16:59:32 CST 2012" endtime="Fri Sep 21 16:59:32 CST 2012" />
              <Test name="testVFE2" result="pass" starttime="Fri Sep 21 16:59:32 CST 2012" endtime="Fri Sep 21 16:59:33 CST 2012" />
              <Test name="testVFE3" result="pass" starttime="Fri Sep 21 16:59:33 CST 2012" endtime="Fri Sep 21 16:59:33 CST 2012" />
              <Test name="testVFE4" result="pass" starttime="Fri Sep 21 16:59:33 CST 2012" endtime="Fri Sep 21 16:59:34 CST 2012" />
              <Test name="testVFE5" result="pass" starttime="Fri Sep 21 16:59:34 CST 2012" endtime="Fri Sep 21 16:59:34 CST 2012" />
            </TestCase>
          </TestSuite>
          <TestSuite name="neg_double">
            <TestCase name="JUnit_Test_neg_double" priority="">
              <Test name="testB1" result="pass" starttime="Fri Sep 21 16:59:34 CST 2012" endtime="Fri Sep 21 16:59:34 CST 2012" />
              <Test name="testB2" result="pass" starttime="Fri Sep 21 16:59:34 CST 2012" endtime="Fri Sep 21 16:59:35 CST 2012" />
              <Test name="testB3" result="pass" starttime="Fri Sep 21 16:59:35 CST 2012" endtime="Fri Sep 21 16:59:35 CST 2012" />
              <Test name="testB4" result="pass" starttime="Fri Sep 21 16:59:35 CST 2012" endtime="Fri Sep 21 16:59:35 CST 2012" />
              <Test name="testB5" result="pass" starttime="Fri Sep 21 16:59:35 CST 2012" endtime="Fri Sep 21 16:59:36 CST 2012" />
              <Test name="testN1" result="pass" starttime="Fri Sep 21 16:59:36 CST 2012" endtime="Fri Sep 21 16:59:36 CST 2012" />
              <Test name="testN2" result="pass" starttime="Fri Sep 21 16:59:36 CST 2012" endtime="Fri Sep 21 16:59:36 CST 2012" />
              <Test name="testN3" result="pass" starttime="Fri Sep 21 16:59:36 CST 2012" endtime="Fri Sep 21 16:59:37 CST 2012" />
              <Test name="testN4" result="pass" starttime="Fri Sep 21 16:59:37 CST 2012" endtime="Fri Sep 21 16:59:37 CST 2012" />
              <Test name="testVFE1" result="pass" starttime="Fri Sep 21 16:59:37 CST 2012" endtime="Fri Sep 21 16:59:38 CST 2012" />
              <Test name="testVFE2" result="pass" starttime="Fri Sep 21 16:59:38 CST 2012" endtime="Fri Sep 21 16:59:38 CST 2012" />
              <Test name="testVFE3" result="pass" starttime="Fri Sep 21 16:59:38 CST 2012" endtime="Fri Sep 21 16:59:39 CST 2012" />
              <Test name="testVFE4" result="pass" starttime="Fri Sep 21 16:59:39 CST 2012" endtime="Fri Sep 21 16:59:39 CST 2012" />
              <Test name="testVFE5" result="pass" starttime="Fri Sep 21 16:59:39 CST 2012" endtime="Fri Sep 21 16:59:39 CST 2012" />
            </TestCase>
          </TestSuite>
          <TestSuite name="neg_float">
            <TestCase name="JUnit_Test_neg_float" priority="">
              <Test name="testB1" result="pass" starttime="Fri Sep 21 16:59:39 CST 2012" endtime="Fri Sep 21 16:59:40 CST 2012" />
              <Test name="testB2" result="pass" starttime="Fri Sep 21 16:59:40 CST 2012" endtime="Fri Sep 21 16:59:40 CST 2012" />
              <Test name="testB3" result="pass" starttime="Fri Sep 21 16:59:40 CST 2012" endtime="Fri Sep 21 16:59:41 CST 2012" />
              <Test name="testB4" result="pass" starttime="Fri Sep 21 16:59:41 CST 2012" endtime="Fri Sep 21 16:59:41 CST 2012" />
              <Test name="testB5" result="pass" starttime="Fri Sep 21 16:59:41 CST 2012" endtime="Fri Sep 21 16:59:41 CST 2012" />
              <Test name="testN1" result="pass" starttime="Fri Sep 21 16:59:41 CST 2012" endtime="Fri Sep 21 16:59:42 CST 2012" />
              <Test name="testN2" result="pass" starttime="Fri Sep 21 16:59:42 CST 2012" endtime="Fri Sep 21 16:59:42 CST 2012" />
              <Test name="testN3" result="pass" starttime="Fri Sep 21 16:59:42 CST 2012" endtime="Fri Sep 21 16:59:42 CST 2012" />
              <Test name="testN4" result="pass" starttime="Fri Sep 21 16:59:42 CST 2012" endtime="Fri Sep 21 16:59:43 CST 2012" />
              <Test name="testVFE1" result="pass" starttime="Fri Sep 21 16:59:43 CST 2012" endtime="Fri Sep 21 16:59:43 CST 2012" />
              <Test name="testVFE2" result="pass" starttime="Fri Sep 21 16:59:43 CST 2012" endtime="Fri Sep 21 16:59:44 CST 2012" />
              <Test name="testVFE3" result="pass" starttime="Fri Sep 21 16:59:44 CST 2012" endtime="Fri Sep 21 16:59:44 CST 2012" />
              <Test name="testVFE4" result="pass" starttime="Fri Sep 21 16:59:44 CST 2012" endtime="Fri Sep 21 16:59:44 CST 2012" />
              <Test name="testVFE5" result="pass" starttime="Fri Sep 21 16:59:44 CST 2012" endtime="Fri Sep 21 16:59:45 CST 2012" />
            </TestCase>
          </TestSuite>
          <TestSuite name="neg_int">
            <TestCase name="JUnit_Test_neg_int" priority="">
              <Test name="testB1" result="pass" starttime="Fri Sep 21 16:59:45 CST 2012" endtime="Fri Sep 21 16:59:45 CST 2012" />
              <Test name="testB2" result="pass" starttime="Fri Sep 21 16:59:45 CST 2012" endtime="Fri Sep 21 16:59:46 CST 2012" />
              <Test name="testN1" result="pass" starttime="Fri Sep 21 16:59:46 CST 2012" endtime="Fri Sep 21 16:59:46 CST 2012" />
              <Test name="testN2" result="pass" starttime="Fri Sep 21 16:59:46 CST 2012" endtime="Fri Sep 21 16:59:46 CST 2012" />
              <Test name="testN3" result="pass" starttime="Fri Sep 21 16:59:46 CST 2012" endtime="Fri Sep 21 16:59:47 CST 2012" />
              <Test name="testN4" result="pass" starttime="Fri Sep 21 16:59:47 CST 2012" endtime="Fri Sep 21 16:59:47 CST 2012" />
              <Test name="testN5" result="pass" starttime="Fri Sep 21 16:59:47 CST 2012" endtime="Fri Sep 21 16:59:48 CST 2012" />
              <Test name="testVFE1" result="pass" starttime="Fri Sep 21 16:59:48 CST 2012" endtime="Fri Sep 21 16:59:48 CST 2012" />
              <Test name="testVFE2" result="pass" starttime="Fri Sep 21 16:59:48 CST 2012" endtime="Fri Sep 21 16:59:48 CST 2012" />
              <Test name="testVFE3" result="pass" starttime="Fri Sep 21 16:59:48 CST 2012" endtime="Fri Sep 21 16:59:49 CST 2012" />
              <Test name="testVFE4" result="pass" starttime="Fri Sep 21 16:59:49 CST 2012" endtime="Fri Sep 21 16:59:49 CST 2012" />
              <Test name="testVFE5" result="pass" starttime="Fri Sep 21 16:59:49 CST 2012" endtime="Fri Sep 21 16:59:50 CST 2012" />
            </TestCase>
          </TestSuite>
          <TestSuite name="neg_long">
            <TestCase name="JUnit_Test_neg_long" priority="">
              <Test name="testB1" result="pass" starttime="Fri Sep 21 16:59:50 CST 2012" endtime="Fri Sep 21 16:59:50 CST 2012" />
              <Test name="testB2" result="pass" starttime="Fri Sep 21 16:59:50 CST 2012" endtime="Fri Sep 21 16:59:51 CST 2012" />
              <Test name="testB3" result="pass" starttime="Fri Sep 21 16:59:51 CST 2012" endtime="Fri Sep 21 16:59:51 CST 2012" />
              <Test name="testN1" result="pass" starttime="Fri Sep 21 16:59:51 CST 2012" endtime="Fri Sep 21 16:59:51 CST 2012" />
              <Test name="testN2" result="pass" starttime="Fri Sep 21 16:59:51 CST 2012" endtime="Fri Sep 21 16:59:52 CST 2012" />
              <Test name="testN3" result="pass" starttime="Fri Sep 21 16:59:52 CST 2012" endtime="Fri Sep 21 16:59:52 CST 2012" />
              <Test name="testN4" result="pass" starttime="Fri Sep 21 16:59:52 CST 2012" endtime="Fri Sep 21 16:59:53 CST 2012" />
              <Test name="testVFE1" result="pass" starttime="Fri Sep 21 16:59:53 CST 2012" endtime="Fri Sep 21 16:59:53 CST 2012" />
              <Test name="testVFE2" result="pass" starttime="Fri Sep 21 16:59:53 CST 2012" endtime="Fri Sep 21 16:59:53 CST 2012" />
              <Test name="testVFE3" result="pass" starttime="Fri Sep 21 16:59:53 CST 2012" endtime="Fri Sep 21 16:59:54 CST 2012" />
              <Test name="testVFE4" result="pass" starttime="Fri Sep 21 16:59:54 CST 2012" endtime="Fri Sep 21 16:59:54 CST 2012" />
              <Test name="testVFE5" result="pass" starttime="Fri Sep 21 16:59:54 CST 2012" endtime="Fri Sep 21 16:59:55 CST 2012" />
            </TestCase>
          </TestSuite>
          <TestSuite name="new_array">
            <TestCase name="JUnit_Test_new_array" priority="">
              <Test name="testB1" result="pass" starttime="Fri Sep 21 16:59:55 CST 2012" endtime="Fri Sep 21 16:59:55 CST 2012" />
              <Test name="testE1" result="pass" starttime="Fri Sep 21 16:59:55 CST 2012" endtime="Fri Sep 21 16:59:56 CST 2012" />
              <Test name="testN1" result="pass" starttime="Fri Sep 21 16:59:56 CST 2012" endtime="Fri Sep 21 16:59:56 CST 2012" />
              <Test name="testN2" result="pass" starttime="Fri Sep 21 16:59:56 CST 2012" endtime="Fri Sep 21 16:59:56 CST 2012" />
              <Test name="testN3" result="pass" starttime="Fri Sep 21 16:59:56 CST 2012" endtime="Fri Sep 21 16:59:57 CST 2012" />
              <Test name="testVFE1" result="pass" starttime="Fri Sep 21 16:59:57 CST 2012" endtime="Fri Sep 21 16:59:57 CST 2012" />
              <Test name="testVFE2" result="pass" starttime="Fri Sep 21 16:59:57 CST 2012" endtime="Fri Sep 21 16:59:58 CST 2012" />
              <Test name="testVFE3" result="pass" starttime="Fri Sep 21 16:59:58 CST 2012" endtime="Fri Sep 21 16:59:58 CST 2012" />
              <Test name="testVFE4" result="pass" starttime="Fri Sep 21 16:59:58 CST 2012" endtime="Fri Sep 21 16:59:58 CST 2012" />
              <Test name="testVFE5" result="pass" starttime="Fri Sep 21 16:59:58 CST 2012" endtime="Fri Sep 21 16:59:59 CST 2012" />
              <Test name="testVFE6" result="pass" starttime="Fri Sep 21 16:59:59 CST 2012" endtime="Fri Sep 21 16:59:59 CST 2012" />
              <Test name="testVFE7" result="pass" starttime="Fri Sep 21 16:59:59 CST 2012" endtime="Fri Sep 21 17:00:00 CST 2012" />
              <Test name="testVFE8" result="pass" starttime="Fri Sep 21 17:00:00 CST 2012" endtime="Fri Sep 21 17:00:00 CST 2012" />
            </TestCase>
          </TestSuite>
          <TestSuite name="new_instance">
            <TestCase name="JUnit_Test_new_instance" priority="">
              <Test name="testE1" result="pass" starttime="Fri Sep 21 17:00:00 CST 2012" endtime="Fri Sep 21 17:00:00 CST 2012" />
              <Test name="testE4" result="pass" starttime="Fri Sep 21 17:00:00 CST 2012" endtime="Fri Sep 21 17:00:01 CST 2012" />
              <Test name="testE5" result="pass" starttime="Fri Sep 21 17:00:01 CST 2012" endtime="Fri Sep 21 17:00:01 CST 2012" />
              <Test name="testN1" result="pass" starttime="Fri Sep 21 17:00:01 CST 2012" endtime="Fri Sep 21 17:00:02 CST 2012" />
              <Test name="testVFE1" result="pass" starttime="Fri Sep 21 17:00:02 CST 2012" endtime="Fri Sep 21 17:00:02 CST 2012" />
              <Test name="testVFE2" result="pass" starttime="Fri Sep 21 17:00:02 CST 2012" endtime="Fri Sep 21 17:00:03 CST 2012" />
              <Test name="testVFE3" result="pass" starttime="Fri Sep 21 17:00:03 CST 2012" endtime="Fri Sep 21 17:00:03 CST 2012" />
              <Test name="testVFE4" result="pass" starttime="Fri Sep 21 17:00:03 CST 2012" endtime="Fri Sep 21 17:00:03 CST 2012" />
              <Test name="testVFE5" result="pass" starttime="Fri Sep 21 17:00:03 CST 2012" endtime="Fri Sep 21 17:00:04 CST 2012" />
              <Test name="testVFE6" result="pass" starttime="Fri Sep 21 17:00:04 CST 2012" endtime="Fri Sep 21 17:00:04 CST 2012" />
              <Test name="testVFE7" result="pass" starttime="Fri Sep 21 17:00:04 CST 2012" endtime="Fri Sep 21 17:00:05 CST 2012" />
              <Test name="testVFE8" result="pass" starttime="Fri Sep 21 17:00:05 CST 2012" endtime="Fri Sep 21 17:00:05 CST 2012" />
            </TestCase>
          </TestSuite>
          <TestSuite name="nop">
            <TestCase name="JUnit_Test_nop" priority="">
              <Test name="testN1" result="pass" starttime="Fri Sep 21 17:00:05 CST 2012" endtime="Fri Sep 21 17:00:06 CST 2012" />
            </TestCase>
          </TestSuite>
          <TestSuite name="not_int">
            <TestCase name="JUnit_Test_not_int" priority="">
              <Test name="testB1" result="pass" starttime="Fri Sep 21 17:00:06 CST 2012" endtime="Fri Sep 21 17:00:06 CST 2012" />
              <Test name="testB2" result="pass" starttime="Fri Sep 21 17:00:06 CST 2012" endtime="Fri Sep 21 17:00:07 CST 2012" />
              <Test name="testB3" result="pass" starttime="Fri Sep 21 17:00:07 CST 2012" endtime="Fri Sep 21 17:00:07 CST 2012" />
              <Test name="testB4" result="pass" starttime="Fri Sep 21 17:00:07 CST 2012" endtime="Fri Sep 21 17:00:07 CST 2012" />
              <Test name="testB5" result="pass" starttime="Fri Sep 21 17:00:07 CST 2012" endtime="Fri Sep 21 17:00:08 CST 2012" />
              <Test name="testB6" result="pass" starttime="Fri Sep 21 17:00:08 CST 2012" endtime="Fri Sep 21 17:00:08 CST 2012" />
              <Test name="testB7" result="pass" starttime="Fri Sep 21 17:00:08 CST 2012" endtime="Fri Sep 21 17:00:08 CST 2012" />
              <Test name="testN1" result="pass" starttime="Fri Sep 21 17:00:08 CST 2012" endtime="Fri Sep 21 17:00:09 CST 2012" />
              <Test name="testN2" result="pass" starttime="Fri Sep 21 17:00:09 CST 2012" endtime="Fri Sep 21 17:00:09 CST 2012" />
              <Test name="testN3" result="pass" starttime="Fri Sep 21 17:00:09 CST 2012" endtime="Fri Sep 21 17:00:10 CST 2012" />
              <Test name="testVFE1" result="pass" starttime="Fri Sep 21 17:00:10 CST 2012" endtime="Fri Sep 21 17:00:10 CST 2012" />
              <Test name="testVFE2" result="pass" starttime="Fri Sep 21 17:00:10 CST 2012" endtime="Fri Sep 21 17:00:10 CST 2012" />
              <Test name="testVFE3" result="pass" starttime="Fri Sep 21 17:00:10 CST 2012" endtime="Fri Sep 21 17:00:11 CST 2012" />
              <Test name="testVFE4" result="pass" starttime="Fri Sep 21 17:00:11 CST 2012" endtime="Fri Sep 21 17:00:11 CST 2012" />
              <Test name="testVFE5" result="pass" starttime="Fri Sep 21 17:00:11 CST 2012" endtime="Fri Sep 21 17:00:12 CST 2012" />
            </TestCase>
          </TestSuite>
          <TestSuite name="not_long">
            <TestCase name="JUnit_Test_not_long" priority="">
              <Test name="testB1" result="pass" starttime="Fri Sep 21 17:00:12 CST 2012" endtime="Fri Sep 21 17:00:12 CST 2012" />
              <Test name="testB2" result="pass" starttime="Fri Sep 21 17:00:12 CST 2012" endtime="Fri Sep 21 17:00:12 CST 2012" />
              <Test name="testB3" result="pass" starttime="Fri Sep 21 17:00:12 CST 2012" endtime="Fri Sep 21 17:00:13 CST 2012" />
              <Test name="testB4" result="pass" starttime="Fri Sep 21 17:00:13 CST 2012" endtime="Fri Sep 21 17:00:13 CST 2012" />
              <Test name="testB5" result="pass" starttime="Fri Sep 21 17:00:13 CST 2012" endtime="Fri Sep 21 17:00:14 CST 2012" />
              <Test name="testN1" result="pass" starttime="Fri Sep 21 17:00:14 CST 2012" endtime="Fri Sep 21 17:00:14 CST 2012" />
              <Test name="testN2" result="pass" starttime="Fri Sep 21 17:00:14 CST 2012" endtime="Fri Sep 21 17:00:14 CST 2012" />
              <Test name="testN3" result="pass" starttime="Fri Sep 21 17:00:14 CST 2012" endtime="Fri Sep 21 17:00:15 CST 2012" />
              <Test name="testVFE1" result="pass" starttime="Fri Sep 21 17:00:15 CST 2012" endtime="Fri Sep 21 17:00:15 CST 2012" />
              <Test name="testVFE2" result="pass" starttime="Fri Sep 21 17:00:15 CST 2012" endtime="Fri Sep 21 17:00:16 CST 2012" />
              <Test name="testVFE3" result="pass" starttime="Fri Sep 21 17:00:16 CST 2012" endtime="Fri Sep 21 17:00:16 CST 2012" />
              <Test name="testVFE4" result="pass" starttime="Fri Sep 21 17:00:16 CST 2012" endtime="Fri Sep 21 17:00:17 CST 2012" />
              <Test name="testVFE5" result="pass" starttime="Fri Sep 21 17:00:17 CST 2012" endtime="Fri Sep 21 17:00:17 CST 2012" />
            </TestCase>
          </TestSuite>
          <TestSuite name="opc_const">
            <TestCase name="JUnit_Test_opc_const" priority="">
              <Test name="testN1" result="pass" starttime="Fri Sep 21 17:00:17 CST 2012" endtime="Fri Sep 21 17:00:17 CST 2012" />
              <Test name="testN2" result="pass" starttime="Fri Sep 21 17:00:17 CST 2012" endtime="Fri Sep 21 17:00:18 CST 2012" />
              <Test name="testVFE1" result="pass" starttime="Fri Sep 21 17:00:18 CST 2012" endtime="Fri Sep 21 17:00:18 CST 2012" />
              <Test name="testVFE2" result="pass" starttime="Fri Sep 21 17:00:18 CST 2012" endtime="Fri Sep 21 17:00:19 CST 2012" />
            </TestCase>
          </TestSuite>
          <TestSuite name="opc_goto">
            <TestCase name="JUnit_Test_opc_goto" priority="">
              <Test name="testN1" result="pass" starttime="Fri Sep 21 17:00:19 CST 2012" endtime="Fri Sep 21 17:00:19 CST 2012" />
              <Test name="testVFE1" result="pass" starttime="Fri Sep 21 17:00:19 CST 2012" endtime="Fri Sep 21 17:00:19 CST 2012" />
              <Test name="testVFE2" result="pass" starttime="Fri Sep 21 17:00:19 CST 2012" endtime="Fri Sep 21 17:00:20 CST 2012" />
              <Test name="testVFE3" result="pass" starttime="Fri Sep 21 17:00:20 CST 2012" endtime="Fri Sep 21 17:00:20 CST 2012" />
            </TestCase>
          </TestSuite>
          <TestSuite name="opc_return">
            <TestCase name="JUnit_Test_opc_return" priority="">
              <Test name="testE1" result="pass" starttime="Fri Sep 21 17:00:20 CST 2012" endtime="Fri Sep 21 17:00:21 CST 2012" />
              <Test name="testN1" result="pass" starttime="Fri Sep 21 17:00:21 CST 2012" endtime="Fri Sep 21 17:00:21 CST 2012" />
              <Test name="testVFE1" result="pass" starttime="Fri Sep 21 17:00:21 CST 2012" endtime="Fri Sep 21 17:00:22 CST 2012" />
              <Test name="testVFE2" result="pass" starttime="Fri Sep 21 17:00:22 CST 2012" endtime="Fri Sep 21 17:00:22 CST 2012" />
              <Test name="testVFE3" result="pass" starttime="Fri Sep 21 17:00:22 CST 2012" endtime="Fri Sep 21 17:00:22 CST 2012" />
              <Test name="testVFE4" result="pass" starttime="Fri Sep 21 17:00:22 CST 2012" endtime="Fri Sep 21 17:00:23 CST 2012" />
            </TestCase>
          </TestSuite>
          <TestSuite name="opc_throw">
            <TestCase name="JUnit_Test_opc_throw" priority="">
              <Test name="testE1" result="pass" starttime="Fri Sep 21 17:00:23 CST 2012" endtime="Fri Sep 21 17:00:23 CST 2012" />
              <Test name="testE2" result="pass" starttime="Fri Sep 21 17:00:23 CST 2012" endtime="Fri Sep 21 17:00:24 CST 2012" />
              <Test name="testN1" result="pass" starttime="Fri Sep 21 17:00:24 CST 2012" endtime="Fri Sep 21 17:00:24 CST 2012" />
              <Test name="testN2" result="pass" starttime="Fri Sep 21 17:00:24 CST 2012" endtime="Fri Sep 21 17:00:25 CST 2012" />
              <Test name="testN3" result="pass" starttime="Fri Sep 21 17:00:25 CST 2012" endtime="Fri Sep 21 17:00:25 CST 2012" />
              <Test name="testN4" result="pass" starttime="Fri Sep 21 17:00:25 CST 2012" endtime="Fri Sep 21 17:00:25 CST 2012" />
              <Test name="testVFE2" result="pass" starttime="Fri Sep 21 17:00:25 CST 2012" endtime="Fri Sep 21 17:00:26 CST 2012" />
              <Test name="testVFE3" result="pass" starttime="Fri Sep 21 17:00:26 CST 2012" endtime="Fri Sep 21 17:00:26 CST 2012" />
              <Test name="testVFE4" result="pass" starttime="Fri Sep 21 17:00:26 CST 2012" endtime="Fri Sep 21 17:00:27 CST 2012" />
              <Test name="testVFE5" result="pass" starttime="Fri Sep 21 17:00:27 CST 2012" endtime="Fri Sep 21 17:00:27 CST 2012" />
            </TestCase>
          </TestSuite>
          <TestSuite name="or_int">
            <TestCase name="JUnit_Test_or_int" priority="">
              <Test name="testB1" result="pass" starttime="Fri Sep 21 17:00:27 CST 2012" endtime="Fri Sep 21 17:00:27 CST 2012" />
              <Test name="testB2" result="pass" starttime="Fri Sep 21 17:00:27 CST 2012" endtime="Fri Sep 21 17:00:28 CST 2012" />
              <Test name="testN1" result="pass" starttime="Fri Sep 21 17:00:28 CST 2012" endtime="Fri Sep 21 17:00:28 CST 2012" />
              <Test name="testN2" result="pass" starttime="Fri Sep 21 17:00:28 CST 2012" endtime="Fri Sep 21 17:00:29 CST 2012" />
              <Test name="testN3" result="pass" starttime="Fri Sep 21 17:00:29 CST 2012" endtime="Fri Sep 21 17:00:29 CST 2012" />
              <Test name="testVFE1" result="pass" starttime="Fri Sep 21 17:00:29 CST 2012" endtime="Fri Sep 21 17:00:29 CST 2012" />
              <Test name="testVFE2" result="pass" starttime="Fri Sep 21 17:00:29 CST 2012" endtime="Fri Sep 21 17:00:30 CST 2012" />
              <Test name="testVFE3" result="pass" starttime="Fri Sep 21 17:00:30 CST 2012" endtime="Fri Sep 21 17:00:30 CST 2012" />
              <Test name="testVFE4" result="pass" starttime="Fri Sep 21 17:00:30 CST 2012" endtime="Fri Sep 21 17:00:31 CST 2012" />
              <Test name="testVFE5" result="pass" starttime="Fri Sep 21 17:00:31 CST 2012" endtime="Fri Sep 21 17:00:31 CST 2012" />
            </TestCase>
          </TestSuite>
          <TestSuite name="or_int_2addr">
            <TestCase name="JUnit_Test_or_int_2addr" priority="">
              <Test name="testB1" result="pass" starttime="Fri Sep 21 17:00:31 CST 2012" endtime="Fri Sep 21 17:00:32 CST 2012" />
              <Test name="testB2" result="pass" starttime="Fri Sep 21 17:00:32 CST 2012" endtime="Fri Sep 21 17:00:32 CST 2012" />
              <Test name="testN1" result="pass" starttime="Fri Sep 21 17:00:32 CST 2012" endtime="Fri Sep 21 17:00:32 CST 2012" />
              <Test name="testN2" result="pass" starttime="Fri Sep 21 17:00:32 CST 2012" endtime="Fri Sep 21 17:00:33 CST 2012" />
              <Test name="testN3" result="pass" starttime="Fri Sep 21 17:00:33 CST 2012" endtime="Fri Sep 21 17:00:33 CST 2012" />
              <Test name="testVFE1" result="pass" starttime="Fri Sep 21 17:00:33 CST 2012" endtime="Fri Sep 21 17:00:34 CST 2012" />
              <Test name="testVFE2" result="pass" starttime="Fri Sep 21 17:00:34 CST 2012" endtime="Fri Sep 21 17:00:34 CST 2012" />
              <Test name="testVFE3" result="pass" starttime="Fri Sep 21 17:00:34 CST 2012" endtime="Fri Sep 21 17:00:34 CST 2012" />
              <Test name="testVFE4" result="pass" starttime="Fri Sep 21 17:00:34 CST 2012" endtime="Fri Sep 21 17:00:35 CST 2012" />
              <Test name="testVFE5" result="pass" starttime="Fri Sep 21 17:00:35 CST 2012" endtime="Fri Sep 21 17:00:35 CST 2012" />
            </TestCase>
          </TestSuite>
          <TestSuite name="or_int_lit16">
            <TestCase name="JUnit_Test_or_int_lit16" priority="">
              <Test name="testB1" result="pass" starttime="Fri Sep 21 17:00:35 CST 2012" endtime="Fri Sep 21 17:00:36 CST 2012" />
              <Test name="testB2" result="pass" starttime="Fri Sep 21 17:00:36 CST 2012" endtime="Fri Sep 21 17:00:36 CST 2012" />
              <Test name="testN1" result="pass" starttime="Fri Sep 21 17:00:36 CST 2012" endtime="Fri Sep 21 17:00:37 CST 2012" />
              <Test name="testN2" result="pass" starttime="Fri Sep 21 17:00:37 CST 2012" endtime="Fri Sep 21 17:00:37 CST 2012" />
              <Test name="testN3" result="pass" starttime="Fri Sep 21 17:00:37 CST 2012" endtime="Fri Sep 21 17:00:37 CST 2012" />
              <Test name="testVFE1" result="pass" starttime="Fri Sep 21 17:00:37 CST 2012" endtime="Fri Sep 21 17:00:38 CST 2012" />
              <Test name="testVFE2" result="pass" starttime="Fri Sep 21 17:00:38 CST 2012" endtime="Fri Sep 21 17:00:38 CST 2012" />
              <Test name="testVFE3" result="pass" starttime="Fri Sep 21 17:00:38 CST 2012" endtime="Fri Sep 21 17:00:39 CST 2012" />
              <Test name="testVFE4" result="pass" starttime="Fri Sep 21 17:00:39 CST 2012" endtime="Fri Sep 21 17:00:39 CST 2012" />
              <Test name="testVFE5" result="pass" starttime="Fri Sep 21 17:00:39 CST 2012" endtime="Fri Sep 21 17:00:40 CST 2012" />
            </TestCase>
          </TestSuite>
          <TestSuite name="or_int_lit8">
            <TestCase name="JUnit_Test_or_int_lit8" priority="">
              <Test name="testB1" result="pass" starttime="Fri Sep 21 17:00:40 CST 2012" endtime="Fri Sep 21 17:00:40 CST 2012" />
              <Test name="testB2" result="pass" starttime="Fri Sep 21 17:00:40 CST 2012" endtime="Fri Sep 21 17:00:40 CST 2012" />
              <Test name="testN1" result="pass" starttime="Fri Sep 21 17:00:40 CST 2012" endtime="Fri Sep 21 17:00:41 CST 2012" />
              <Test name="testN2" result="pass" starttime="Fri Sep 21 17:00:41 CST 2012" endtime="Fri Sep 21 17:00:41 CST 2012" />
              <Test name="testN3" result="pass" starttime="Fri Sep 21 17:00:41 CST 2012" endtime="Fri Sep 21 17:00:42 CST 2012" />
              <Test name="testVFE1" result="pass" starttime="Fri Sep 21 17:00:42 CST 2012" endtime="Fri Sep 21 17:00:42 CST 2012" />
              <Test name="testVFE2" result="pass" starttime="Fri Sep 21 17:00:42 CST 2012" endtime="Fri Sep 21 17:00:42 CST 2012" />
              <Test name="testVFE3" result="pass" starttime="Fri Sep 21 17:00:42 CST 2012" endtime="Fri Sep 21 17:00:43 CST 2012" />
              <Test name="testVFE4" result="pass" starttime="Fri Sep 21 17:00:43 CST 2012" endtime="Fri Sep 21 17:00:44 CST 2012" />
              <Test name="testVFE5" result="pass" starttime="Fri Sep 21 17:00:44 CST 2012" endtime="Fri Sep 21 17:00:44 CST 2012" />
            </TestCase>
          </TestSuite>
          <TestSuite name="or_long">
            <TestCase name="JUnit_Test_or_long" priority="">
              <Test name="testB1" result="pass" starttime="Fri Sep 21 17:00:44 CST 2012" endtime="Fri Sep 21 17:00:44 CST 2012" />
              <Test name="testB2" result="pass" starttime="Fri Sep 21 17:00:44 CST 2012" endtime="Fri Sep 21 17:00:45 CST 2012" />
              <Test name="testN1" result="pass" starttime="Fri Sep 21 17:00:45 CST 2012" endtime="Fri Sep 21 17:00:45 CST 2012" />
              <Test name="testN2" result="pass" starttime="Fri Sep 21 17:00:45 CST 2012" endtime="Fri Sep 21 17:00:46 CST 2012" />
              <Test name="testN3" result="pass" starttime="Fri Sep 21 17:00:46 CST 2012" endtime="Fri Sep 21 17:00:46 CST 2012" />
              <Test name="testVFE1" result="pass" starttime="Fri Sep 21 17:00:46 CST 2012" endtime="Fri Sep 21 17:00:46 CST 2012" />
              <Test name="testVFE2" result="pass" starttime="Fri Sep 21 17:00:46 CST 2012" endtime="Fri Sep 21 17:00:47 CST 2012" />
              <Test name="testVFE3" result="pass" starttime="Fri Sep 21 17:00:47 CST 2012" endtime="Fri Sep 21 17:00:47 CST 2012" />
              <Test name="testVFE4" result="pass" starttime="Fri Sep 21 17:00:47 CST 2012" endtime="Fri Sep 21 17:00:48 CST 2012" />
              <Test name="testVFE5" result="pass" starttime="Fri Sep 21 17:00:48 CST 2012" endtime="Fri Sep 21 17:00:48 CST 2012" />
            </TestCase>
          </TestSuite>
          <TestSuite name="or_long_2addr">
            <TestCase name="JUnit_Test_or_long_2addr" priority="">
              <Test name="testB1" result="pass" starttime="Fri Sep 21 17:00:48 CST 2012" endtime="Fri Sep 21 17:00:48 CST 2012" />
              <Test name="testB2" result="pass" starttime="Fri Sep 21 17:00:48 CST 2012" endtime="Fri Sep 21 17:00:49 CST 2012" />
              <Test name="testN1" result="pass" starttime="Fri Sep 21 17:00:49 CST 2012" endtime="Fri Sep 21 17:00:49 CST 2012" />
              <Test name="testN2" result="pass" starttime="Fri Sep 21 17:00:49 CST 2012" endtime="Fri Sep 21 17:00:50 CST 2012" />
              <Test name="testN3" result="pass" starttime="Fri Sep 21 17:00:50 CST 2012" endtime="Fri Sep 21 17:00:50 CST 2012" />
              <Test name="testVFE1" result="pass" starttime="Fri Sep 21 17:00:50 CST 2012" endtime="Fri Sep 21 17:00:50 CST 2012" />
              <Test name="testVFE2" result="pass" starttime="Fri Sep 21 17:00:50 CST 2012" endtime="Fri Sep 21 17:00:51 CST 2012" />
              <Test name="testVFE3" result="pass" starttime="Fri Sep 21 17:00:51 CST 2012" endtime="Fri Sep 21 17:00:51 CST 2012" />
              <Test name="testVFE4" result="pass" starttime="Fri Sep 21 17:00:51 CST 2012" endtime="Fri Sep 21 17:00:52 CST 2012" />
              <Test name="testVFE5" result="pass" starttime="Fri Sep 21 17:00:52 CST 2012" endtime="Fri Sep 21 17:00:52 CST 2012" />
            </TestCase>
          </TestSuite>
          <TestSuite name="packed_switch">
            <TestCase name="JUnit_Test_packed_switch" priority="">
              <Test name="testB1" result="pass" starttime="Fri Sep 21 17:00:52 CST 2012" endtime="Fri Sep 21 17:00:52 CST 2012" />
              <Test name="testB2" result="pass" starttime="Fri Sep 21 17:00:52 CST 2012" endtime="Fri Sep 21 17:00:53 CST 2012" />
              <Test name="testB3" result="pass" starttime="Fri Sep 21 17:00:53 CST 2012" endtime="Fri Sep 21 17:00:53 CST 2012" />
              <Test name="testN1" result="pass" starttime="Fri Sep 21 17:00:53 CST 2012" endtime="Fri Sep 21 17:00:54 CST 2012" />
              <Test name="testVFE1" result="pass" starttime="Fri Sep 21 17:00:54 CST 2012" endtime="Fri Sep 21 17:00:54 CST 2012" />
              <Test name="testVFE10" result="pass" starttime="Fri Sep 21 17:00:54 CST 2012" endtime="Fri Sep 21 17:00:54 CST 2012" />
              <Test name="testVFE11" result="pass" starttime="Fri Sep 21 17:00:54 CST 2012" endtime="Fri Sep 21 17:00:55 CST 2012" />
              <Test name="testVFE2" result="pass" starttime="Fri Sep 21 17:00:55 CST 2012" endtime="Fri Sep 21 17:00:55 CST 2012" />
              <Test name="testVFE3" result="pass" starttime="Fri Sep 21 17:00:55 CST 2012" endtime="Fri Sep 21 17:00:56 CST 2012" />
              <Test name="testVFE4" result="pass" starttime="Fri Sep 21 17:00:56 CST 2012" endtime="Fri Sep 21 17:00:56 CST 2012" />
              <Test name="testVFE5" result="pass" starttime="Fri Sep 21 17:00:56 CST 2012" endtime="Fri Sep 21 17:00:57 CST 2012" />
              <Test name="testVFE6" result="pass" starttime="Fri Sep 21 17:00:57 CST 2012" endtime="Fri Sep 21 17:00:57 CST 2012" />
              <Test name="testVFE7" result="pass" starttime="Fri Sep 21 17:00:57 CST 2012" endtime="Fri Sep 21 17:00:57 CST 2012" />
              <Test name="testVFE8" result="pass" starttime="Fri Sep 21 17:00:57 CST 2012" endtime="Fri Sep 21 17:00:58 CST 2012" />
              <Test name="testVFE9" result="pass" starttime="Fri Sep 21 17:00:58 CST 2012" endtime="Fri Sep 21 17:00:58 CST 2012" />
            </TestCase>
          </TestSuite>
          <TestSuite name="rem_double">
            <TestCase name="JUnit_Test_rem_double" priority="">
              <Test name="testB1" result="pass" starttime="Fri Sep 21 17:00:58 CST 2012" endtime="Fri Sep 21 17:00:59 CST 2012" />
              <Test name="testB2" result="pass" starttime="Fri Sep 21 17:00:59 CST 2012" endtime="Fri Sep 21 17:00:59 CST 2012" />
              <Test name="testB3" result="pass" starttime="Fri Sep 21 17:00:59 CST 2012" endtime="Fri Sep 21 17:00:59 CST 2012" />
              <Test name="testB4" result="pass" starttime="Fri Sep 21 17:00:59 CST 2012" endtime="Fri Sep 21 17:01:00 CST 2012" />
              <Test name="testB5" result="pass" starttime="Fri Sep 21 17:01:00 CST 2012" endtime="Fri Sep 21 17:01:00 CST 2012" />
              <Test name="testB6" result="pass" starttime="Fri Sep 21 17:01:00 CST 2012" endtime="Fri Sep 21 17:01:01 CST 2012" />
              <Test name="testB7" result="pass" starttime="Fri Sep 21 17:01:01 CST 2012" endtime="Fri Sep 21 17:01:01 CST 2012" />
              <Test name="testB8" result="pass" starttime="Fri Sep 21 17:01:01 CST 2012" endtime="Fri Sep 21 17:01:01 CST 2012" />
              <Test name="testB9" result="pass" starttime="Fri Sep 21 17:01:01 CST 2012" endtime="Fri Sep 21 17:01:02 CST 2012" />
              <Test name="testN1" result="pass" starttime="Fri Sep 21 17:01:02 CST 2012" endtime="Fri Sep 21 17:01:02 CST 2012" />
              <Test name="testN2" result="pass" starttime="Fri Sep 21 17:01:02 CST 2012" endtime="Fri Sep 21 17:01:02 CST 2012" />
              <Test name="testN3" result="pass" starttime="Fri Sep 21 17:01:02 CST 2012" endtime="Fri Sep 21 17:01:03 CST 2012" />
              <Test name="testVFE1" result="pass" starttime="Fri Sep 21 17:01:03 CST 2012" endtime="Fri Sep 21 17:01:03 CST 2012" />
              <Test name="testVFE2" result="pass" starttime="Fri Sep 21 17:01:03 CST 2012" endtime="Fri Sep 21 17:01:04 CST 2012" />
              <Test name="testVFE3" result="pass" starttime="Fri Sep 21 17:01:04 CST 2012" endtime="Fri Sep 21 17:01:04 CST 2012" />
              <Test name="testVFE4" result="pass" starttime="Fri Sep 21 17:01:04 CST 2012" endtime="Fri Sep 21 17:01:05 CST 2012" />
              <Test name="testVFE5" result="pass" starttime="Fri Sep 21 17:01:05 CST 2012" endtime="Fri Sep 21 17:01:05 CST 2012" />
            </TestCase>
          </TestSuite>
          <TestSuite name="rem_double_2addr">
            <TestCase name="JUnit_Test_rem_double_2addr" priority="">
              <Test name="testB1" result="pass" starttime="Fri Sep 21 17:01:05 CST 2012" endtime="Fri Sep 21 17:01:05 CST 2012" />
              <Test name="testB2" result="pass" starttime="Fri Sep 21 17:01:05 CST 2012" endtime="Fri Sep 21 17:01:06 CST 2012" />
              <Test name="testB3" result="pass" starttime="Fri Sep 21 17:01:06 CST 2012" endtime="Fri Sep 21 17:01:06 CST 2012" />
              <Test name="testB4" result="pass" starttime="Fri Sep 21 17:01:06 CST 2012" endtime="Fri Sep 21 17:01:07 CST 2012" />
              <Test name="testB5" result="pass" starttime="Fri Sep 21 17:01:07 CST 2012" endtime="Fri Sep 21 17:01:07 CST 2012" />
              <Test name="testB6" result="pass" starttime="Fri Sep 21 17:01:07 CST 2012" endtime="Fri Sep 21 17:01:07 CST 2012" />
              <Test name="testB7" result="pass" starttime="Fri Sep 21 17:01:07 CST 2012" endtime="Fri Sep 21 17:01:08 CST 2012" />
              <Test name="testB8" result="pass" starttime="Fri Sep 21 17:01:08 CST 2012" endtime="Fri Sep 21 17:01:08 CST 2012" />
              <Test name="testB9" result="pass" starttime="Fri Sep 21 17:01:08 CST 2012" endtime="Fri Sep 21 17:01:08 CST 2012" />
              <Test name="testN1" result="pass" starttime="Fri Sep 21 17:01:08 CST 2012" endtime="Fri Sep 21 17:01:09 CST 2012" />
              <Test name="testN2" result="pass" starttime="Fri Sep 21 17:01:09 CST 2012" endtime="Fri Sep 21 17:01:09 CST 2012" />
              <Test name="testN3" result="pass" starttime="Fri Sep 21 17:01:09 CST 2012" endtime="Fri Sep 21 17:01:10 CST 2012" />
              <Test name="testVFE1" result="pass" starttime="Fri Sep 21 17:01:10 CST 2012" endtime="Fri Sep 21 17:01:10 CST 2012" />
              <Test name="testVFE2" result="pass" starttime="Fri Sep 21 17:01:10 CST 2012" endtime="Fri Sep 21 17:01:10 CST 2012" />
              <Test name="testVFE3" result="pass" starttime="Fri Sep 21 17:01:10 CST 2012" endtime="Fri Sep 21 17:01:11 CST 2012" />
              <Test name="testVFE4" result="pass" starttime="Fri Sep 21 17:01:11 CST 2012" endtime="Fri Sep 21 17:01:11 CST 2012" />
              <Test name="testVFE5" result="pass" starttime="Fri Sep 21 17:01:11 CST 2012" endtime="Fri Sep 21 17:01:12 CST 2012" />
            </TestCase>
          </TestSuite>
          <TestSuite name="rem_float">
            <TestCase name="JUnit_Test_rem_float" priority="">
              <Test name="testB1" result="pass" starttime="Fri Sep 21 17:01:12 CST 2012" endtime="Fri Sep 21 17:01:12 CST 2012" />
              <Test name="testB2" result="pass" starttime="Fri Sep 21 17:01:12 CST 2012" endtime="Fri Sep 21 17:01:12 CST 2012" />
              <Test name="testB3" result="pass" starttime="Fri Sep 21 17:01:12 CST 2012" endtime="Fri Sep 21 17:01:13 CST 2012" />
              <Test name="testB4" result="pass" starttime="Fri Sep 21 17:01:13 CST 2012" endtime="Fri Sep 21 17:01:13 CST 2012" />
              <Test name="testB5" result="pass" starttime="Fri Sep 21 17:01:13 CST 2012" endtime="Fri Sep 21 17:01:14 CST 2012" />
              <Test name="testB6" result="pass" starttime="Fri Sep 21 17:01:14 CST 2012" endtime="Fri Sep 21 17:01:14 CST 2012" />
              <Test name="testB7" result="pass" starttime="Fri Sep 21 17:01:14 CST 2012" endtime="Fri Sep 21 17:01:14 CST 2012" />
              <Test name="testB8" result="pass" starttime="Fri Sep 21 17:01:14 CST 2012" endtime="Fri Sep 21 17:01:15 CST 2012" />
              <Test name="testB9" result="pass" starttime="Fri Sep 21 17:01:15 CST 2012" endtime="Fri Sep 21 17:01:15 CST 2012" />
              <Test name="testN1" result="pass" starttime="Fri Sep 21 17:01:15 CST 2012" endtime="Fri Sep 21 17:01:16 CST 2012" />
              <Test name="testN2" result="pass" starttime="Fri Sep 21 17:01:16 CST 2012" endtime="Fri Sep 21 17:01:16 CST 2012" />
              <Test name="testN3" result="pass" starttime="Fri Sep 21 17:01:16 CST 2012" endtime="Fri Sep 21 17:01:16 CST 2012" />
              <Test name="testVFE1" result="pass" starttime="Fri Sep 21 17:01:16 CST 2012" endtime="Fri Sep 21 17:01:17 CST 2012" />
              <Test name="testVFE2" result="pass" starttime="Fri Sep 21 17:01:17 CST 2012" endtime="Fri Sep 21 17:01:17 CST 2012" />
              <Test name="testVFE3" result="pass" starttime="Fri Sep 21 17:01:17 CST 2012" endtime="Fri Sep 21 17:01:18 CST 2012" />
              <Test name="testVFE4" result="pass" starttime="Fri Sep 21 17:01:18 CST 2012" endtime="Fri Sep 21 17:01:18 CST 2012" />
              <Test name="testVFE5" result="pass" starttime="Fri Sep 21 17:01:18 CST 2012" endtime="Fri Sep 21 17:01:18 CST 2012" />
            </TestCase>
          </TestSuite>
          <TestSuite name="rem_float_2addr">
            <TestCase name="JUnit_Test_rem_float_2addr" priority="">
              <Test name="testB1" result="pass" starttime="Fri Sep 21 17:01:18 CST 2012" endtime="Fri Sep 21 17:01:19 CST 2012" />
              <Test name="testB2" result="pass" starttime="Fri Sep 21 17:01:19 CST 2012" endtime="Fri Sep 21 17:01:19 CST 2012" />
              <Test name="testB3" result="pass" starttime="Fri Sep 21 17:01:19 CST 2012" endtime="Fri Sep 21 17:01:20 CST 2012" />
              <Test name="testB4" result="pass" starttime="Fri Sep 21 17:01:20 CST 2012" endtime="Fri Sep 21 17:01:20 CST 2012" />
              <Test name="testB5" result="pass" starttime="Fri Sep 21 17:01:20 CST 2012" endtime="Fri Sep 21 17:01:20 CST 2012" />
              <Test name="testB6" result="pass" starttime="Fri Sep 21 17:01:20 CST 2012" endtime="Fri Sep 21 17:01:21 CST 2012" />
              <Test name="testB7" result="pass" starttime="Fri Sep 21 17:01:21 CST 2012" endtime="Fri Sep 21 17:01:21 CST 2012" />
              <Test name="testB8" result="pass" starttime="Fri Sep 21 17:01:21 CST 2012" endtime="Fri Sep 21 17:01:22 CST 2012" />
              <Test name="testB9" result="pass" starttime="Fri Sep 21 17:01:22 CST 2012" endtime="Fri Sep 21 17:01:22 CST 2012" />
              <Test name="testN1" result="pass" starttime="Fri Sep 21 17:01:22 CST 2012" endtime="Fri Sep 21 17:01:22 CST 2012" />
              <Test name="testN2" result="pass" starttime="Fri Sep 21 17:01:22 CST 2012" endtime="Fri Sep 21 17:01:23 CST 2012" />
              <Test name="testN3" result="pass" starttime="Fri Sep 21 17:01:23 CST 2012" endtime="Fri Sep 21 17:01:23 CST 2012" />
              <Test name="testVFE1" result="pass" starttime="Fri Sep 21 17:01:23 CST 2012" endtime="Fri Sep 21 17:01:24 CST 2012" />
              <Test name="testVFE2" result="pass" starttime="Fri Sep 21 17:01:24 CST 2012" endtime="Fri Sep 21 17:01:24 CST 2012" />
              <Test name="testVFE3" result="pass" starttime="Fri Sep 21 17:01:24 CST 2012" endtime="Fri Sep 21 17:01:24 CST 2012" />
              <Test name="testVFE4" result="pass" starttime="Fri Sep 21 17:01:24 CST 2012" endtime="Fri Sep 21 17:01:25 CST 2012" />
              <Test name="testVFE5" result="pass" starttime="Fri Sep 21 17:01:25 CST 2012" endtime="Fri Sep 21 17:01:25 CST 2012" />
            </TestCase>
          </TestSuite>
          <TestSuite name="rem_int">
            <TestCase name="JUnit_Test_rem_int" priority="">
              <Test name="testB1" result="pass" starttime="Fri Sep 21 17:01:25 CST 2012" endtime="Fri Sep 21 17:01:26 CST 2012" />
              <Test name="testB2" result="pass" starttime="Fri Sep 21 17:01:26 CST 2012" endtime="Fri Sep 21 17:01:26 CST 2012" />
              <Test name="testB3" result="pass" starttime="Fri Sep 21 17:01:26 CST 2012" endtime="Fri Sep 21 17:01:26 CST 2012" />
              <Test name="testB4" result="pass" starttime="Fri Sep 21 17:01:26 CST 2012" endtime="Fri Sep 21 17:01:27 CST 2012" />
              <Test name="testB5" result="pass" starttime="Fri Sep 21 17:01:27 CST 2012" endtime="Fri Sep 21 17:01:27 CST 2012" />
              <Test name="testB6" result="pass" starttime="Fri Sep 21 17:01:27 CST 2012" endtime="Fri Sep 21 17:01:28 CST 2012" />
              <Test name="testE1" result="pass" starttime="Fri Sep 21 17:01:28 CST 2012" endtime="Fri Sep 21 17:01:28 CST 2012" />
              <Test name="testN1" result="pass" starttime="Fri Sep 21 17:01:28 CST 2012" endtime="Fri Sep 21 17:01:28 CST 2012" />
              <Test name="testN2" result="pass" starttime="Fri Sep 21 17:01:28 CST 2012" endtime="Fri Sep 21 17:01:29 CST 2012" />
              <Test name="testN3" result="pass" starttime="Fri Sep 21 17:01:29 CST 2012" endtime="Fri Sep 21 17:01:29 CST 2012" />
              <Test name="testN4" result="pass" starttime="Fri Sep 21 17:01:29 CST 2012" endtime="Fri Sep 21 17:01:29 CST 2012" />
              <Test name="testN5" result="pass" starttime="Fri Sep 21 17:01:29 CST 2012" endtime="Fri Sep 21 17:01:30 CST 2012" />
              <Test name="testN6" result="pass" starttime="Fri Sep 21 17:01:30 CST 2012" endtime="Fri Sep 21 17:01:30 CST 2012" />
              <Test name="testVFE1" result="pass" starttime="Fri Sep 21 17:01:30 CST 2012" endtime="Fri Sep 21 17:01:31 CST 2012" />
              <Test name="testVFE2" result="pass" starttime="Fri Sep 21 17:01:31 CST 2012" endtime="Fri Sep 21 17:01:31 CST 2012" />
              <Test name="testVFE3" result="pass" starttime="Fri Sep 21 17:01:31 CST 2012" endtime="Fri Sep 21 17:01:31 CST 2012" />
              <Test name="testVFE4" result="pass" starttime="Fri Sep 21 17:01:31 CST 2012" endtime="Fri Sep 21 17:01:32 CST 2012" />
              <Test name="testVFE5" result="pass" starttime="Fri Sep 21 17:01:32 CST 2012" endtime="Fri Sep 21 17:01:32 CST 2012" />
            </TestCase>
          </TestSuite>
          <TestSuite name="rem_int_2addr">
            <TestCase name="JUnit_Test_rem_int_2addr" priority="">
              <Test name="testB1" result="pass" starttime="Fri Sep 21 17:01:32 CST 2012" endtime="Fri Sep 21 17:01:33 CST 2012" />
              <Test name="testB2" result="pass" starttime="Fri Sep 21 17:01:33 CST 2012" endtime="Fri Sep 21 17:01:33 CST 2012" />
              <Test name="testB3" result="pass" starttime="Fri Sep 21 17:01:33 CST 2012" endtime="Fri Sep 21 17:01:34 CST 2012" />
              <Test name="testB4" result="pass" starttime="Fri Sep 21 17:01:34 CST 2012" endtime="Fri Sep 21 17:01:34 CST 2012" />
              <Test name="testB5" result="pass" starttime="Fri Sep 21 17:01:34 CST 2012" endtime="Fri Sep 21 17:01:34 CST 2012" />
              <Test name="testB6" result="pass" starttime="Fri Sep 21 17:01:34 CST 2012" endtime="Fri Sep 21 17:01:35 CST 2012" />
              <Test name="testE1" result="pass" starttime="Fri Sep 21 17:01:35 CST 2012" endtime="Fri Sep 21 17:01:35 CST 2012" />
              <Test name="testN1" result="pass" starttime="Fri Sep 21 17:01:35 CST 2012" endtime="Fri Sep 21 17:01:36 CST 2012" />
              <Test name="testN2" result="pass" starttime="Fri Sep 21 17:01:36 CST 2012" endtime="Fri Sep 21 17:01:36 CST 2012" />
              <Test name="testN3" result="pass" starttime="Fri Sep 21 17:01:36 CST 2012" endtime="Fri Sep 21 17:01:36 CST 2012" />
              <Test name="testN4" result="pass" starttime="Fri Sep 21 17:01:36 CST 2012" endtime="Fri Sep 21 17:01:37 CST 2012" />
              <Test name="testN5" result="pass" starttime="Fri Sep 21 17:01:37 CST 2012" endtime="Fri Sep 21 17:01:37 CST 2012" />
              <Test name="testN6" result="pass" starttime="Fri Sep 21 17:01:37 CST 2012" endtime="Fri Sep 21 17:01:38 CST 2012" />
              <Test name="testVFE1" result="pass" starttime="Fri Sep 21 17:01:38 CST 2012" endtime="Fri Sep 21 17:01:38 CST 2012" />
              <Test name="testVFE2" result="pass" starttime="Fri Sep 21 17:01:38 CST 2012" endtime="Fri Sep 21 17:01:38 CST 2012" />
              <Test name="testVFE3" result="pass" starttime="Fri Sep 21 17:01:38 CST 2012" endtime="Fri Sep 21 17:01:39 CST 2012" />
              <Test name="testVFE4" result="pass" starttime="Fri Sep 21 17:01:39 CST 2012" endtime="Fri Sep 21 17:01:39 CST 2012" />
              <Test name="testVFE5" result="pass" starttime="Fri Sep 21 17:01:39 CST 2012" endtime="Fri Sep 21 17:01:40 CST 2012" />
            </TestCase>
          </TestSuite>
          <TestSuite name="rem_int_lit16">
            <TestCase name="JUnit_Test_rem_int_lit16" priority="">
              <Test name="testB1" result="pass" starttime="Fri Sep 21 17:01:40 CST 2012" endtime="Fri Sep 21 17:01:40 CST 2012" />
              <Test name="testB2" result="pass" starttime="Fri Sep 21 17:01:40 CST 2012" endtime="Fri Sep 21 17:01:41 CST 2012" />
              <Test name="testB3" result="pass" starttime="Fri Sep 21 17:01:41 CST 2012" endtime="Fri Sep 21 17:01:41 CST 2012" />
              <Test name="testB4" result="pass" starttime="Fri Sep 21 17:01:41 CST 2012" endtime="Fri Sep 21 17:01:41 CST 2012" />
              <Test name="testB5" result="pass" starttime="Fri Sep 21 17:01:41 CST 2012" endtime="Fri Sep 21 17:01:42 CST 2012" />
              <Test name="testB6" result="pass" starttime="Fri Sep 21 17:01:42 CST 2012" endtime="Fri Sep 21 17:01:42 CST 2012" />
              <Test name="testE1" result="pass" starttime="Fri Sep 21 17:01:42 CST 2012" endtime="Fri Sep 21 17:01:43 CST 2012" />
              <Test name="testN1" result="pass" starttime="Fri Sep 21 17:01:43 CST 2012" endtime="Fri Sep 21 17:01:43 CST 2012" />
              <Test name="testN2" result="pass" starttime="Fri Sep 21 17:01:43 CST 2012" endtime="Fri Sep 21 17:01:43 CST 2012" />
              <Test name="testN3" result="pass" starttime="Fri Sep 21 17:01:43 CST 2012" endtime="Fri Sep 21 17:01:44 CST 2012" />
              <Test name="testN4" result="pass" starttime="Fri Sep 21 17:01:44 CST 2012" endtime="Fri Sep 21 17:01:44 CST 2012" />
              <Test name="testN5" result="pass" starttime="Fri Sep 21 17:01:44 CST 2012" endtime="Fri Sep 21 17:01:45 CST 2012" />
              <Test name="testN6" result="pass" starttime="Fri Sep 21 17:01:45 CST 2012" endtime="Fri Sep 21 17:01:45 CST 2012" />
              <Test name="testVFE1" result="pass" starttime="Fri Sep 21 17:01:45 CST 2012" endtime="Fri Sep 21 17:01:45 CST 2012" />
              <Test name="testVFE2" result="pass" starttime="Fri Sep 21 17:01:45 CST 2012" endtime="Fri Sep 21 17:01:46 CST 2012" />
              <Test name="testVFE3" result="pass" starttime="Fri Sep 21 17:01:46 CST 2012" endtime="Fri Sep 21 17:01:46 CST 2012" />
              <Test name="testVFE4" result="pass" starttime="Fri Sep 21 17:01:46 CST 2012" endtime="Fri Sep 21 17:01:47 CST 2012" />
              <Test name="testVFE5" result="pass" starttime="Fri Sep 21 17:01:47 CST 2012" endtime="Fri Sep 21 17:01:47 CST 2012" />
            </TestCase>
          </TestSuite>
          <TestSuite name="rem_int_lit8">
            <TestCase name="JUnit_Test_rem_int_lit8" priority="">
              <Test name="testB1" result="pass" starttime="Fri Sep 21 17:01:47 CST 2012" endtime="Fri Sep 21 17:01:47 CST 2012" />
              <Test name="testB2" result="pass" starttime="Fri Sep 21 17:01:47 CST 2012" endtime="Fri Sep 21 17:01:48 CST 2012" />
              <Test name="testB3" result="pass" starttime="Fri Sep 21 17:01:48 CST 2012" endtime="Fri Sep 21 17:01:48 CST 2012" />
              <Test name="testB4" result="pass" starttime="Fri Sep 21 17:01:48 CST 2012" endtime="Fri Sep 21 17:01:49 CST 2012" />
              <Test name="testB5" result="pass" starttime="Fri Sep 21 17:01:49 CST 2012" endtime="Fri Sep 21 17:01:49 CST 2012" />
              <Test name="testB6" result="pass" starttime="Fri Sep 21 17:01:49 CST 2012" endtime="Fri Sep 21 17:01:50 CST 2012" />
              <Test name="testE1" result="pass" starttime="Fri Sep 21 17:01:50 CST 2012" endtime="Fri Sep 21 17:01:50 CST 2012" />
              <Test name="testN1" result="pass" starttime="Fri Sep 21 17:01:50 CST 2012" endtime="Fri Sep 21 17:01:50 CST 2012" />
              <Test name="testN2" result="pass" starttime="Fri Sep 21 17:01:50 CST 2012" endtime="Fri Sep 21 17:01:51 CST 2012" />
              <Test name="testN3" result="pass" starttime="Fri Sep 21 17:01:51 CST 2012" endtime="Fri Sep 21 17:01:51 CST 2012" />
              <Test name="testN4" result="pass" starttime="Fri Sep 21 17:01:51 CST 2012" endtime="Fri Sep 21 17:01:52 CST 2012" />
              <Test name="testN5" result="pass" starttime="Fri Sep 21 17:01:52 CST 2012" endtime="Fri Sep 21 17:01:52 CST 2012" />
              <Test name="testN6" result="pass" starttime="Fri Sep 21 17:01:52 CST 2012" endtime="Fri Sep 21 17:01:52 CST 2012" />
              <Test name="testVFE1" result="pass" starttime="Fri Sep 21 17:01:52 CST 2012" endtime="Fri Sep 21 17:01:53 CST 2012" />
              <Test name="testVFE2" result="pass" starttime="Fri Sep 21 17:01:53 CST 2012" endtime="Fri Sep 21 17:01:53 CST 2012" />
              <Test name="testVFE3" result="pass" starttime="Fri Sep 21 17:01:53 CST 2012" endtime="Fri Sep 21 17:01:54 CST 2012" />
              <Test name="testVFE4" result="pass" starttime="Fri Sep 21 17:01:54 CST 2012" endtime="Fri Sep 21 17:01:54 CST 2012" />
              <Test name="testVFE5" result="pass" starttime="Fri Sep 21 17:01:54 CST 2012" endtime="Fri Sep 21 17:01:55 CST 2012" />
            </TestCase>
          </TestSuite>
          <TestSuite name="rem_long">
            <TestCase name="JUnit_Test_rem_long" priority="">
              <Test name="testB1" result="pass" starttime="Fri Sep 21 17:01:55 CST 2012" endtime="Fri Sep 21 17:01:55 CST 2012" />
              <Test name="testB2" result="pass" starttime="Fri Sep 21 17:01:55 CST 2012" endtime="Fri Sep 21 17:01:55 CST 2012" />
              <Test name="testB3" result="pass" starttime="Fri Sep 21 17:01:55 CST 2012" endtime="Fri Sep 21 17:01:56 CST 2012" />
              <Test name="testB4" result="pass" starttime="Fri Sep 21 17:01:56 CST 2012" endtime="Fri Sep 21 17:01:56 CST 2012" />
              <Test name="testB5" result="pass" starttime="Fri Sep 21 17:01:56 CST 2012" endtime="Fri Sep 21 17:01:57 CST 2012" />
              <Test name="testB6" result="pass" starttime="Fri Sep 21 17:01:57 CST 2012" endtime="Fri Sep 21 17:01:57 CST 2012" />
              <Test name="testE1" result="pass" starttime="Fri Sep 21 17:01:57 CST 2012" endtime="Fri Sep 21 17:01:57 CST 2012" />
              <Test name="testN1" result="pass" starttime="Fri Sep 21 17:01:57 CST 2012" endtime="Fri Sep 21 17:01:58 CST 2012" />
              <Test name="testN2" result="pass" starttime="Fri Sep 21 17:01:58 CST 2012" endtime="Fri Sep 21 17:01:58 CST 2012" />
              <Test name="testN3" result="pass" starttime="Fri Sep 21 17:01:58 CST 2012" endtime="Fri Sep 21 17:01:59 CST 2012" />
              <Test name="testN4" result="pass" starttime="Fri Sep 21 17:01:59 CST 2012" endtime="Fri Sep 21 17:01:59 CST 2012" />
              <Test name="testN5" result="pass" starttime="Fri Sep 21 17:01:59 CST 2012" endtime="Fri Sep 21 17:01:59 CST 2012" />
              <Test name="testN6" result="pass" starttime="Fri Sep 21 17:01:59 CST 2012" endtime="Fri Sep 21 17:02:00 CST 2012" />
              <Test name="testVFE1" result="pass" starttime="Fri Sep 21 17:02:00 CST 2012" endtime="Fri Sep 21 17:02:00 CST 2012" />
              <Test name="testVFE2" result="pass" starttime="Fri Sep 21 17:02:00 CST 2012" endtime="Fri Sep 21 17:02:01 CST 2012" />
              <Test name="testVFE3" result="pass" starttime="Fri Sep 21 17:02:01 CST 2012" endtime="Fri Sep 21 17:02:01 CST 2012" />
              <Test name="testVFE4" result="pass" starttime="Fri Sep 21 17:02:01 CST 2012" endtime="Fri Sep 21 17:02:01 CST 2012" />
              <Test name="testVFE5" result="pass" starttime="Fri Sep 21 17:02:01 CST 2012" endtime="Fri Sep 21 17:02:02 CST 2012" />
            </TestCase>
          </TestSuite>
          <TestSuite name="rem_long_2addr">
            <TestCase name="JUnit_Test_rem_long_2addr" priority="">
              <Test name="testB1" result="pass" starttime="Fri Sep 21 17:02:02 CST 2012" endtime="Fri Sep 21 17:02:02 CST 2012" />
              <Test name="testB2" result="pass" starttime="Fri Sep 21 17:02:02 CST 2012" endtime="Fri Sep 21 17:02:03 CST 2012" />
              <Test name="testB3" result="pass" starttime="Fri Sep 21 17:02:03 CST 2012" endtime="Fri Sep 21 17:02:03 CST 2012" />
              <Test name="testB4" result="pass" starttime="Fri Sep 21 17:02:03 CST 2012" endtime="Fri Sep 21 17:02:03 CST 2012" />
              <Test name="testB5" result="pass" starttime="Fri Sep 21 17:02:03 CST 2012" endtime="Fri Sep 21 17:02:04 CST 2012" />
              <Test name="testB6" result="pass" starttime="Fri Sep 21 17:02:04 CST 2012" endtime="Fri Sep 21 17:02:04 CST 2012" />
              <Test name="testE1" result="pass" starttime="Fri Sep 21 17:02:04 CST 2012" endtime="Fri Sep 21 17:02:04 CST 2012" />
              <Test name="testN1" result="pass" starttime="Fri Sep 21 17:02:04 CST 2012" endtime="Fri Sep 21 17:02:05 CST 2012" />
              <Test name="testN2" result="pass" starttime="Fri Sep 21 17:02:05 CST 2012" endtime="Fri Sep 21 17:02:05 CST 2012" />
              <Test name="testN3" result="pass" starttime="Fri Sep 21 17:02:05 CST 2012" endtime="Fri Sep 21 17:02:06 CST 2012" />
              <Test name="testN4" result="pass" starttime="Fri Sep 21 17:02:06 CST 2012" endtime="Fri Sep 21 17:02:06 CST 2012" />
              <Test name="testN5" result="pass" starttime="Fri Sep 21 17:02:06 CST 2012" endtime="Fri Sep 21 17:02:06 CST 2012" />
              <Test name="testN6" result="pass" starttime="Fri Sep 21 17:02:06 CST 2012" endtime="Fri Sep 21 17:02:07 CST 2012" />
              <Test name="testVFE1" result="pass" starttime="Fri Sep 21 17:02:07 CST 2012" endtime="Fri Sep 21 17:02:07 CST 2012" />
              <Test name="testVFE2" result="pass" starttime="Fri Sep 21 17:02:07 CST 2012" endtime="Fri Sep 21 17:02:08 CST 2012" />
              <Test name="testVFE3" result="pass" starttime="Fri Sep 21 17:02:08 CST 2012" endtime="Fri Sep 21 17:02:08 CST 2012" />
              <Test name="testVFE4" result="pass" starttime="Fri Sep 21 17:02:08 CST 2012" endtime="Fri Sep 21 17:02:09 CST 2012" />
              <Test name="testVFE5" result="pass" starttime="Fri Sep 21 17:02:09 CST 2012" endtime="Fri Sep 21 17:02:09 CST 2012" />
            </TestCase>
          </TestSuite>
          <TestSuite name="return_object">
            <TestCase name="JUnit_Test_return_object" priority="">
              <Test name="testE1" result="pass" starttime="Fri Sep 21 17:02:09 CST 2012" endtime="Fri Sep 21 17:02:09 CST 2012" />
              <Test name="testN1" result="pass" starttime="Fri Sep 21 17:02:09 CST 2012" endtime="Fri Sep 21 17:02:10 CST 2012" />
              <Test name="testN2" result="pass" starttime="Fri Sep 21 17:02:10 CST 2012" endtime="Fri Sep 21 17:02:10 CST 2012" />
              <Test name="testN4" result="pass" starttime="Fri Sep 21 17:02:10 CST 2012" endtime="Fri Sep 21 17:02:11 CST 2012" />
              <Test name="testN5" result="pass" starttime="Fri Sep 21 17:02:11 CST 2012" endtime="Fri Sep 21 17:02:11 CST 2012" />
              <Test name="testN7" result="pass" starttime="Fri Sep 21 17:02:11 CST 2012" endtime="Fri Sep 21 17:02:12 CST 2012" />
              <Test name="testN8" result="pass" starttime="Fri Sep 21 17:02:12 CST 2012" endtime="Fri Sep 21 17:02:12 CST 2012" />
              <Test name="testVFE1" result="pass" starttime="Fri Sep 21 17:02:12 CST 2012" endtime="Fri Sep 21 17:02:12 CST 2012" />
              <Test name="testVFE2" result="pass" starttime="Fri Sep 21 17:02:12 CST 2012" endtime="Fri Sep 21 17:02:13 CST 2012" />
              <Test name="testVFE3" result="pass" starttime="Fri Sep 21 17:02:13 CST 2012" endtime="Fri Sep 21 17:02:13 CST 2012" />
              <Test name="testVFE4" result="pass" starttime="Fri Sep 21 17:02:13 CST 2012" endtime="Fri Sep 21 17:02:14 CST 2012" />
              <Test name="testVFE6" result="pass" starttime="Fri Sep 21 17:02:14 CST 2012" endtime="Fri Sep 21 17:02:14 CST 2012" />
              <Test name="testVFE7" result="pass" starttime="Fri Sep 21 17:02:14 CST 2012" endtime="Fri Sep 21 17:02:15 CST 2012" />
              <Test name="testVFE8" result="pass" starttime="Fri Sep 21 17:02:15 CST 2012" endtime="Fri Sep 21 17:02:15 CST 2012" />
              <Test name="testVFE9" result="pass" starttime="Fri Sep 21 17:02:15 CST 2012" endtime="Fri Sep 21 17:02:16 CST 2012" />
            </TestCase>
          </TestSuite>
          <TestSuite name="return_void">
            <TestCase name="JUnit_Test_return_void" priority="">
              <Test name="testE1" result="pass" starttime="Fri Sep 21 17:02:16 CST 2012" endtime="Fri Sep 21 17:02:16 CST 2012" />
              <Test name="testN1" result="pass" starttime="Fri Sep 21 17:02:16 CST 2012" endtime="Fri Sep 21 17:02:16 CST 2012" />
              <Test name="testVFE1" result="pass" starttime="Fri Sep 21 17:02:16 CST 2012" endtime="Fri Sep 21 17:02:17 CST 2012" />
              <Test name="testVFE2" result="pass" starttime="Fri Sep 21 17:02:17 CST 2012" endtime="Fri Sep 21 17:02:17 CST 2012" />
              <Test name="testVFE3" result="pass" starttime="Fri Sep 21 17:02:17 CST 2012" endtime="Fri Sep 21 17:02:18 CST 2012" />
            </TestCase>
          </TestSuite>
          <TestSuite name="return_wide">
            <TestCase name="JUnit_Test_return_wide" priority="">
              <Test name="testE1" result="pass" starttime="Fri Sep 21 17:02:18 CST 2012" endtime="Fri Sep 21 17:02:18 CST 2012" />
              <Test name="testN1" result="pass" starttime="Fri Sep 21 17:02:18 CST 2012" endtime="Fri Sep 21 17:02:19 CST 2012" />
              <Test name="testVFE1" result="pass" starttime="Fri Sep 21 17:02:19 CST 2012" endtime="Fri Sep 21 17:02:19 CST 2012" />
              <Test name="testVFE2" result="pass" starttime="Fri Sep 21 17:02:19 CST 2012" endtime="Fri Sep 21 17:02:19 CST 2012" />
              <Test name="testVFE3" result="pass" starttime="Fri Sep 21 17:02:19 CST 2012" endtime="Fri Sep 21 17:02:20 CST 2012" />
              <Test name="testVFE4" result="pass" starttime="Fri Sep 21 17:02:20 CST 2012" endtime="Fri Sep 21 17:02:20 CST 2012" />
            </TestCase>
          </TestSuite>
          <TestSuite name="rsub_int">
            <TestCase name="JUnit_Test_rsub_int" priority="">
              <Test name="testB1" result="pass" starttime="Fri Sep 21 17:02:20 CST 2012" endtime="Fri Sep 21 17:02:21 CST 2012" />
              <Test name="testB10" result="pass" starttime="Fri Sep 21 17:02:21 CST 2012" endtime="Fri Sep 21 17:02:21 CST 2012" />
              <Test name="testB11" result="pass" starttime="Fri Sep 21 17:02:21 CST 2012" endtime="Fri Sep 21 17:02:21 CST 2012" />
              <Test name="testB12" result="pass" starttime="Fri Sep 21 17:02:21 CST 2012" endtime="Fri Sep 21 17:02:22 CST 2012" />
              <Test name="testB2" result="pass" starttime="Fri Sep 21 17:02:22 CST 2012" endtime="Fri Sep 21 17:02:22 CST 2012" />
              <Test name="testB3" result="pass" starttime="Fri Sep 21 17:02:22 CST 2012" endtime="Fri Sep 21 17:02:23 CST 2012" />
              <Test name="testB4" result="pass" starttime="Fri Sep 21 17:02:23 CST 2012" endtime="Fri Sep 21 17:02:23 CST 2012" />
              <Test name="testB5" result="pass" starttime="Fri Sep 21 17:02:23 CST 2012" endtime="Fri Sep 21 17:02:23 CST 2012" />
              <Test name="testB6" result="pass" starttime="Fri Sep 21 17:02:23 CST 2012" endtime="Fri Sep 21 17:02:24 CST 2012" />
              <Test name="testB7" result="pass" starttime="Fri Sep 21 17:02:24 CST 2012" endtime="Fri Sep 21 17:02:24 CST 2012" />
              <Test name="testB8" result="pass" starttime="Fri Sep 21 17:02:24 CST 2012" endtime="Fri Sep 21 17:02:25 CST 2012" />
              <Test name="testB9" result="pass" starttime="Fri Sep 21 17:02:25 CST 2012" endtime="Fri Sep 21 17:02:25 CST 2012" />
              <Test name="testN1" result="pass" starttime="Fri Sep 21 17:02:25 CST 2012" endtime="Fri Sep 21 17:02:25 CST 2012" />
              <Test name="testN2" result="pass" starttime="Fri Sep 21 17:02:25 CST 2012" endtime="Fri Sep 21 17:02:26 CST 2012" />
              <Test name="testVFE1" result="pass" starttime="Fri Sep 21 17:02:26 CST 2012" endtime="Fri Sep 21 17:02:26 CST 2012" />
              <Test name="testVFE2" result="pass" starttime="Fri Sep 21 17:02:26 CST 2012" endtime="Fri Sep 21 17:02:27 CST 2012" />
              <Test name="testVFE3" result="pass" starttime="Fri Sep 21 17:02:27 CST 2012" endtime="Fri Sep 21 17:02:27 CST 2012" />
              <Test name="testVFE4" result="pass" starttime="Fri Sep 21 17:02:27 CST 2012" endtime="Fri Sep 21 17:02:28 CST 2012" />
              <Test name="testVFE5" result="pass" starttime="Fri Sep 21 17:02:28 CST 2012" endtime="Fri Sep 21 17:02:28 CST 2012" />
            </TestCase>
          </TestSuite>
          <TestSuite name="rsub_int_lit8">
            <TestCase name="JUnit_Test_rsub_int_lit8" priority="">
              <Test name="testB1" result="pass" starttime="Fri Sep 21 17:02:28 CST 2012" endtime="Fri Sep 21 17:02:29 CST 2012" />
              <Test name="testB10" result="pass" starttime="Fri Sep 21 17:02:29 CST 2012" endtime="Fri Sep 21 17:02:29 CST 2012" />
              <Test name="testB11" result="pass" starttime="Fri Sep 21 17:02:29 CST 2012" endtime="Fri Sep 21 17:02:29 CST 2012" />
              <Test name="testB12" result="pass" starttime="Fri Sep 21 17:02:29 CST 2012" endtime="Fri Sep 21 17:02:30 CST 2012" />
              <Test name="testB2" result="pass" starttime="Fri Sep 21 17:02:30 CST 2012" endtime="Fri Sep 21 17:02:30 CST 2012" />
              <Test name="testB3" result="pass" starttime="Fri Sep 21 17:02:30 CST 2012" endtime="Fri Sep 21 17:02:31 CST 2012" />
              <Test name="testB4" result="pass" starttime="Fri Sep 21 17:02:31 CST 2012" endtime="Fri Sep 21 17:02:31 CST 2012" />
              <Test name="testB5" result="pass" starttime="Fri Sep 21 17:02:31 CST 2012" endtime="Fri Sep 21 17:02:31 CST 2012" />
              <Test name="testB6" result="pass" starttime="Fri Sep 21 17:02:31 CST 2012" endtime="Fri Sep 21 17:02:32 CST 2012" />
              <Test name="testB7" result="pass" starttime="Fri Sep 21 17:02:32 CST 2012" endtime="Fri Sep 21 17:02:32 CST 2012" />
              <Test name="testB8" result="pass" starttime="Fri Sep 21 17:02:32 CST 2012" endtime="Fri Sep 21 17:02:33 CST 2012" />
              <Test name="testB9" result="pass" starttime="Fri Sep 21 17:02:33 CST 2012" endtime="Fri Sep 21 17:02:33 CST 2012" />
              <Test name="testN1" result="pass" starttime="Fri Sep 21 17:02:33 CST 2012" endtime="Fri Sep 21 17:02:33 CST 2012" />
              <Test name="testN2" result="pass" starttime="Fri Sep 21 17:02:33 CST 2012" endtime="Fri Sep 21 17:02:34 CST 2012" />
              <Test name="testVFE1" result="pass" starttime="Fri Sep 21 17:02:34 CST 2012" endtime="Fri Sep 21 17:02:34 CST 2012" />
              <Test name="testVFE2" result="pass" starttime="Fri Sep 21 17:02:34 CST 2012" endtime="Fri Sep 21 17:02:35 CST 2012" />
              <Test name="testVFE3" result="pass" starttime="Fri Sep 21 17:02:35 CST 2012" endtime="Fri Sep 21 17:02:35 CST 2012" />
              <Test name="testVFE4" result="pass" starttime="Fri Sep 21 17:02:35 CST 2012" endtime="Fri Sep 21 17:02:36 CST 2012" />
              <Test name="testVFE5" result="pass" starttime="Fri Sep 21 17:02:36 CST 2012" endtime="Fri Sep 21 17:02:36 CST 2012" />
            </TestCase>
          </TestSuite>
          <TestSuite name="sget">
            <TestCase name="JUnit_Test_sget" priority="">
              <Test name="testE1" result="pass" starttime="Fri Sep 21 17:02:36 CST 2012" endtime="Fri Sep 21 17:02:36 CST 2012" />
              <Test name="testE6" result="pass" starttime="Fri Sep 21 17:02:36 CST 2012" endtime="Fri Sep 21 17:02:37 CST 2012" />
              <Test name="testN1" result="pass" starttime="Fri Sep 21 17:02:37 CST 2012" endtime="Fri Sep 21 17:02:37 CST 2012" />
              <Test name="testN2" result="pass" starttime="Fri Sep 21 17:02:37 CST 2012" endtime="Fri Sep 21 17:02:38 CST 2012" />
              <Test name="testN3" result="pass" starttime="Fri Sep 21 17:02:38 CST 2012" endtime="Fri Sep 21 17:02:38 CST 2012" />
              <Test name="testVFE1" result="pass" starttime="Fri Sep 21 17:02:38 CST 2012" endtime="Fri Sep 21 17:02:38 CST 2012" />
              <Test name="testVFE10" result="pass" starttime="Fri Sep 21 17:02:38 CST 2012" endtime="Fri Sep 21 17:02:39 CST 2012" />
              <Test name="testVFE11" result="pass" starttime="Fri Sep 21 17:02:39 CST 2012" endtime="Fri Sep 21 17:02:39 CST 2012" />
              <Test name="testVFE12" result="pass" starttime="Fri Sep 21 17:02:39 CST 2012" endtime="Fri Sep 21 17:02:40 CST 2012" />
              <Test name="testVFE13" result="pass" starttime="Fri Sep 21 17:02:40 CST 2012" endtime="Fri Sep 21 17:02:40 CST 2012" />
              <Test name="testVFE14" result="pass" starttime="Fri Sep 21 17:02:40 CST 2012" endtime="Fri Sep 21 17:02:40 CST 2012" />
              <Test name="testVFE2" result="pass" starttime="Fri Sep 21 17:02:40 CST 2012" endtime="Fri Sep 21 17:02:41 CST 2012" />
              <Test name="testVFE3" result="pass" starttime="Fri Sep 21 17:02:41 CST 2012" endtime="Fri Sep 21 17:02:41 CST 2012" />
              <Test name="testVFE4" result="pass" starttime="Fri Sep 21 17:02:41 CST 2012" endtime="Fri Sep 21 17:02:42 CST 2012" />
              <Test name="testVFE5" result="pass" starttime="Fri Sep 21 17:02:42 CST 2012" endtime="Fri Sep 21 17:02:42 CST 2012" />
              <Test name="testVFE6" result="pass" starttime="Fri Sep 21 17:02:42 CST 2012" endtime="Fri Sep 21 17:02:43 CST 2012" />
              <Test name="testVFE7" result="pass" starttime="Fri Sep 21 17:02:43 CST 2012" endtime="Fri Sep 21 17:02:43 CST 2012" />
              <Test name="testVFE8" result="pass" starttime="Fri Sep 21 17:02:43 CST 2012" endtime="Fri Sep 21 17:02:44 CST 2012" />
              <Test name="testVFE9" result="pass" starttime="Fri Sep 21 17:02:44 CST 2012" endtime="Fri Sep 21 17:02:44 CST 2012" />
            </TestCase>
          </TestSuite>
          <TestSuite name="sget_boolean">
            <TestCase name="JUnit_Test_sget_boolean" priority="">
              <Test name="testE1" result="pass" starttime="Fri Sep 21 17:02:44 CST 2012" endtime="Fri Sep 21 17:02:44 CST 2012" />
              <Test name="testE6" result="pass" starttime="Fri Sep 21 17:02:44 CST 2012" endtime="Fri Sep 21 17:02:45 CST 2012" />
              <Test name="testN1" result="pass" starttime="Fri Sep 21 17:02:45 CST 2012" endtime="Fri Sep 21 17:02:45 CST 2012" />
              <Test name="testN3" result="pass" starttime="Fri Sep 21 17:02:45 CST 2012" endtime="Fri Sep 21 17:02:46 CST 2012" />
              <Test name="testVFE1" result="pass" starttime="Fri Sep 21 17:02:46 CST 2012" endtime="Fri Sep 21 17:02:46 CST 2012" />
              <Test name="testVFE10" result="pass" starttime="Fri Sep 21 17:02:46 CST 2012" endtime="Fri Sep 21 17:02:46 CST 2012" />
              <Test name="testVFE11" result="pass" starttime="Fri Sep 21 17:02:46 CST 2012" endtime="Fri Sep 21 17:02:47 CST 2012" />
              <Test name="testVFE12" result="pass" starttime="Fri Sep 21 17:02:47 CST 2012" endtime="Fri Sep 21 17:02:47 CST 2012" />
              <Test name="testVFE13" result="pass" starttime="Fri Sep 21 17:02:47 CST 2012" endtime="Fri Sep 21 17:02:48 CST 2012" />
              <Test name="testVFE14" result="pass" starttime="Fri Sep 21 17:02:48 CST 2012" endtime="Fri Sep 21 17:02:48 CST 2012" />
              <Test name="testVFE2" result="pass" starttime="Fri Sep 21 17:02:48 CST 2012" endtime="Fri Sep 21 17:02:48 CST 2012" />
              <Test name="testVFE3" result="pass" starttime="Fri Sep 21 17:02:48 CST 2012" endtime="Fri Sep 21 17:02:49 CST 2012" />
              <Test name="testVFE4" result="pass" starttime="Fri Sep 21 17:02:49 CST 2012" endtime="Fri Sep 21 17:02:49 CST 2012" />
              <Test name="testVFE5" result="pass" starttime="Fri Sep 21 17:02:49 CST 2012" endtime="Fri Sep 21 17:02:50 CST 2012" />
              <Test name="testVFE6" result="pass" starttime="Fri Sep 21 17:02:50 CST 2012" endtime="Fri Sep 21 17:02:50 CST 2012" />
              <Test name="testVFE7" result="pass" starttime="Fri Sep 21 17:02:50 CST 2012" endtime="Fri Sep 21 17:02:51 CST 2012" />
              <Test name="testVFE8" result="pass" starttime="Fri Sep 21 17:02:51 CST 2012" endtime="Fri Sep 21 17:02:51 CST 2012" />
              <Test name="testVFE9" result="pass" starttime="Fri Sep 21 17:02:51 CST 2012" endtime="Fri Sep 21 17:02:52 CST 2012" />
            </TestCase>
          </TestSuite>
          <TestSuite name="sget_byte">
            <TestCase name="JUnit_Test_sget_byte" priority="">
              <Test name="testE1" result="pass" starttime="Fri Sep 21 17:02:52 CST 2012" endtime="Fri Sep 21 17:02:52 CST 2012" />
              <Test name="testE6" result="pass" starttime="Fri Sep 21 17:02:52 CST 2012" endtime="Fri Sep 21 17:02:52 CST 2012" />
              <Test name="testN1" result="pass" starttime="Fri Sep 21 17:02:52 CST 2012" endtime="Fri Sep 21 17:02:53 CST 2012" />
              <Test name="testN3" result="pass" starttime="Fri Sep 21 17:02:53 CST 2012" endtime="Fri Sep 21 17:02:53 CST 2012" />
              <Test name="testVFE1" result="pass" starttime="Fri Sep 21 17:02:53 CST 2012" endtime="Fri Sep 21 17:02:54 CST 2012" />
              <Test name="testVFE10" result="pass" starttime="Fri Sep 21 17:02:54 CST 2012" endtime="Fri Sep 21 17:02:54 CST 2012" />
              <Test name="testVFE11" result="pass" starttime="Fri Sep 21 17:02:54 CST 2012" endtime="Fri Sep 21 17:02:54 CST 2012" />
              <Test name="testVFE12" result="pass" starttime="Fri Sep 21 17:02:54 CST 2012" endtime="Fri Sep 21 17:02:55 CST 2012" />
              <Test name="testVFE13" result="pass" starttime="Fri Sep 21 17:02:55 CST 2012" endtime="Fri Sep 21 17:02:55 CST 2012" />
              <Test name="testVFE14" result="pass" starttime="Fri Sep 21 17:02:55 CST 2012" endtime="Fri Sep 21 17:02:56 CST 2012" />
              <Test name="testVFE2" result="pass" starttime="Fri Sep 21 17:02:56 CST 2012" endtime="Fri Sep 21 17:02:56 CST 2012" />
              <Test name="testVFE3" result="pass" starttime="Fri Sep 21 17:02:56 CST 2012" endtime="Fri Sep 21 17:02:57 CST 2012" />
              <Test name="testVFE4" result="pass" starttime="Fri Sep 21 17:02:57 CST 2012" endtime="Fri Sep 21 17:02:57 CST 2012" />
              <Test name="testVFE5" result="pass" starttime="Fri Sep 21 17:02:57 CST 2012" endtime="Fri Sep 21 17:02:57 CST 2012" />
              <Test name="testVFE6" result="pass" starttime="Fri Sep 21 17:02:57 CST 2012" endtime="Fri Sep 21 17:02:58 CST 2012" />
              <Test name="testVFE7" result="pass" starttime="Fri Sep 21 17:02:58 CST 2012" endtime="Fri Sep 21 17:02:58 CST 2012" />
              <Test name="testVFE8" result="pass" starttime="Fri Sep 21 17:02:58 CST 2012" endtime="Fri Sep 21 17:02:59 CST 2012" />
              <Test name="testVFE9" result="pass" starttime="Fri Sep 21 17:02:59 CST 2012" endtime="Fri Sep 21 17:02:59 CST 2012" />
            </TestCase>
          </TestSuite>
          <TestSuite name="sget_char">
            <TestCase name="JUnit_Test_sget_char" priority="">
              <Test name="testE1" result="pass" starttime="Fri Sep 21 17:02:59 CST 2012" endtime="Fri Sep 21 17:03:00 CST 2012" />
              <Test name="testE6" result="pass" starttime="Fri Sep 21 17:03:00 CST 2012" endtime="Fri Sep 21 17:03:00 CST 2012" />
              <Test name="testN1" result="pass" starttime="Fri Sep 21 17:03:00 CST 2012" endtime="Fri Sep 21 17:03:00 CST 2012" />
              <Test name="testN3" result="pass" starttime="Fri Sep 21 17:03:00 CST 2012" endtime="Fri Sep 21 17:03:01 CST 2012" />
              <Test name="testVFE1" result="pass" starttime="Fri Sep 21 17:03:01 CST 2012" endtime="Fri Sep 21 17:03:01 CST 2012" />
              <Test name="testVFE10" result="pass" starttime="Fri Sep 21 17:03:01 CST 2012" endtime="Fri Sep 21 17:03:02 CST 2012" />
              <Test name="testVFE11" result="pass" starttime="Fri Sep 21 17:03:02 CST 2012" endtime="Fri Sep 21 17:03:02 CST 2012" />
              <Test name="testVFE12" result="pass" starttime="Fri Sep 21 17:03:02 CST 2012" endtime="Fri Sep 21 17:03:02 CST 2012" />
              <Test name="testVFE13" result="pass" starttime="Fri Sep 21 17:03:02 CST 2012" endtime="Fri Sep 21 17:03:03 CST 2012" />
              <Test name="testVFE14" result="pass" starttime="Fri Sep 21 17:03:03 CST 2012" endtime="Fri Sep 21 17:03:03 CST 2012" />
              <Test name="testVFE2" result="pass" starttime="Fri Sep 21 17:03:03 CST 2012" endtime="Fri Sep 21 17:03:04 CST 2012" />
              <Test name="testVFE3" result="pass" starttime="Fri Sep 21 17:03:04 CST 2012" endtime="Fri Sep 21 17:03:04 CST 2012" />
              <Test name="testVFE4" result="pass" starttime="Fri Sep 21 17:03:04 CST 2012" endtime="Fri Sep 21 17:03:05 CST 2012" />
              <Test name="testVFE5" result="pass" starttime="Fri Sep 21 17:03:05 CST 2012" endtime="Fri Sep 21 17:03:05 CST 2012" />
              <Test name="testVFE6" result="pass" starttime="Fri Sep 21 17:03:05 CST 2012" endtime="Fri Sep 21 17:03:06 CST 2012" />
              <Test name="testVFE7" result="pass" starttime="Fri Sep 21 17:03:06 CST 2012" endtime="Fri Sep 21 17:03:06 CST 2012" />
              <Test name="testVFE8" result="pass" starttime="Fri Sep 21 17:03:06 CST 2012" endtime="Fri Sep 21 17:03:06 CST 2012" />
              <Test name="testVFE9" result="pass" starttime="Fri Sep 21 17:03:06 CST 2012" endtime="Fri Sep 21 17:03:07 CST 2012" />
            </TestCase>
          </TestSuite>
          <TestSuite name="sget_object">
            <TestCase name="JUnit_Test_sget_object" priority="">
              <Test name="testE1" result="pass" starttime="Fri Sep 21 17:03:07 CST 2012" endtime="Fri Sep 21 17:03:07 CST 2012" />
              <Test name="testE6" result="pass" starttime="Fri Sep 21 17:03:07 CST 2012" endtime="Fri Sep 21 17:03:08 CST 2012" />
              <Test name="testN1" result="pass" starttime="Fri Sep 21 17:03:08 CST 2012" endtime="Fri Sep 21 17:03:08 CST 2012" />
              <Test name="testN3" result="pass" starttime="Fri Sep 21 17:03:08 CST 2012" endtime="Fri Sep 21 17:03:08 CST 2012" />
              <Test name="testVFE1" result="pass" starttime="Fri Sep 21 17:03:08 CST 2012" endtime="Fri Sep 21 17:03:09 CST 2012" />
              <Test name="testVFE10" result="pass" starttime="Fri Sep 21 17:03:09 CST 2012" endtime="Fri Sep 21 17:03:09 CST 2012" />
              <Test name="testVFE11" result="pass" starttime="Fri Sep 21 17:03:09 CST 2012" endtime="Fri Sep 21 17:03:10 CST 2012" />
              <Test name="testVFE12" result="pass" starttime="Fri Sep 21 17:03:10 CST 2012" endtime="Fri Sep 21 17:03:10 CST 2012" />
              <Test name="testVFE13" result="pass" starttime="Fri Sep 21 17:03:10 CST 2012" endtime="Fri Sep 21 17:03:11 CST 2012" />
              <Test name="testVFE14" result="pass" starttime="Fri Sep 21 17:03:11 CST 2012" endtime="Fri Sep 21 17:03:11 CST 2012" />
              <Test name="testVFE15" result="pass" starttime="Fri Sep 21 17:03:11 CST 2012" endtime="Fri Sep 21 17:03:11 CST 2012" />
              <Test name="testVFE2" result="pass" starttime="Fri Sep 21 17:03:11 CST 2012" endtime="Fri Sep 21 17:03:12 CST 2012" />
              <Test name="testVFE3" result="pass" starttime="Fri Sep 21 17:03:12 CST 2012" endtime="Fri Sep 21 17:03:12 CST 2012" />
              <Test name="testVFE4" result="pass" starttime="Fri Sep 21 17:03:12 CST 2012" endtime="Fri Sep 21 17:03:13 CST 2012" />
              <Test name="testVFE5" result="pass" starttime="Fri Sep 21 17:03:13 CST 2012" endtime="Fri Sep 21 17:03:13 CST 2012" />
              <Test name="testVFE6" result="pass" starttime="Fri Sep 21 17:03:13 CST 2012" endtime="Fri Sep 21 17:03:14 CST 2012" />
              <Test name="testVFE7" result="pass" starttime="Fri Sep 21 17:03:14 CST 2012" endtime="Fri Sep 21 17:03:14 CST 2012" />
              <Test name="testVFE8" result="pass" starttime="Fri Sep 21 17:03:14 CST 2012" endtime="Fri Sep 21 17:03:15 CST 2012" />
              <Test name="testVFE9" result="pass" starttime="Fri Sep 21 17:03:15 CST 2012" endtime="Fri Sep 21 17:03:15 CST 2012" />
            </TestCase>
          </TestSuite>
          <TestSuite name="sget_short">
            <TestCase name="JUnit_Test_sget_short" priority="">
              <Test name="testE1" result="pass" starttime="Fri Sep 21 17:03:15 CST 2012" endtime="Fri Sep 21 17:03:15 CST 2012" />
              <Test name="testE6" result="pass" starttime="Fri Sep 21 17:03:15 CST 2012" endtime="Fri Sep 21 17:03:16 CST 2012" />
              <Test name="testN1" result="pass" starttime="Fri Sep 21 17:03:16 CST 2012" endtime="Fri Sep 21 17:03:16 CST 2012" />
              <Test name="testN3" result="pass" starttime="Fri Sep 21 17:03:16 CST 2012" endtime="Fri Sep 21 17:03:17 CST 2012" />
              <Test name="testVFE1" result="pass" starttime="Fri Sep 21 17:03:17 CST 2012" endtime="Fri Sep 21 17:03:17 CST 2012" />
              <Test name="testVFE10" result="pass" starttime="Fri Sep 21 17:03:17 CST 2012" endtime="Fri Sep 21 17:03:17 CST 2012" />
              <Test name="testVFE11" result="pass" starttime="Fri Sep 21 17:03:17 CST 2012" endtime="Fri Sep 21 17:03:18 CST 2012" />
              <Test name="testVFE12" result="pass" starttime="Fri Sep 21 17:03:18 CST 2012" endtime="Fri Sep 21 17:03:18 CST 2012" />
              <Test name="testVFE13" result="pass" starttime="Fri Sep 21 17:03:18 CST 2012" endtime="Fri Sep 21 17:03:19 CST 2012" />
              <Test name="testVFE14" result="pass" starttime="Fri Sep 21 17:03:19 CST 2012" endtime="Fri Sep 21 17:03:19 CST 2012" />
              <Test name="testVFE2" result="pass" starttime="Fri Sep 21 17:03:19 CST 2012" endtime="Fri Sep 21 17:03:20 CST 2012" />
              <Test name="testVFE3" result="pass" starttime="Fri Sep 21 17:03:20 CST 2012" endtime="Fri Sep 21 17:03:20 CST 2012" />
              <Test name="testVFE4" result="pass" starttime="Fri Sep 21 17:03:20 CST 2012" endtime="Fri Sep 21 17:03:21 CST 2012" />
              <Test name="testVFE5" result="pass" starttime="Fri Sep 21 17:03:21 CST 2012" endtime="Fri Sep 21 17:03:21 CST 2012" />
              <Test name="testVFE6" result="pass" starttime="Fri Sep 21 17:03:21 CST 2012" endtime="Fri Sep 21 17:03:21 CST 2012" />
              <Test name="testVFE7" result="pass" starttime="Fri Sep 21 17:03:21 CST 2012" endtime="Fri Sep 21 17:03:22 CST 2012" />
              <Test name="testVFE8" result="pass" starttime="Fri Sep 21 17:03:22 CST 2012" endtime="Fri Sep 21 17:03:22 CST 2012" />
              <Test name="testVFE9" result="pass" starttime="Fri Sep 21 17:03:22 CST 2012" endtime="Fri Sep 21 17:03:23 CST 2012" />
            </TestCase>
          </TestSuite>
          <TestSuite name="sget_wide">
            <TestCase name="JUnit_Test_sget_wide" priority="">
              <Test name="testE1" result="pass" starttime="Fri Sep 21 17:03:23 CST 2012" endtime="Fri Sep 21 17:03:23 CST 2012" />
              <Test name="testE6" result="pass" starttime="Fri Sep 21 17:03:23 CST 2012" endtime="Fri Sep 21 17:03:23 CST 2012" />
              <Test name="testN1" result="pass" starttime="Fri Sep 21 17:03:23 CST 2012" endtime="Fri Sep 21 17:03:24 CST 2012" />
              <Test name="testN2" result="pass" starttime="Fri Sep 21 17:03:24 CST 2012" endtime="Fri Sep 21 17:03:24 CST 2012" />
              <Test name="testN3" result="pass" starttime="Fri Sep 21 17:03:24 CST 2012" endtime="Fri Sep 21 17:03:25 CST 2012" />
              <Test name="testVFE1" result="pass" starttime="Fri Sep 21 17:03:25 CST 2012" endtime="Fri Sep 21 17:03:25 CST 2012" />
              <Test name="testVFE10" result="pass" starttime="Fri Sep 21 17:03:25 CST 2012" endtime="Fri Sep 21 17:03:26 CST 2012" />
              <Test name="testVFE11" result="pass" starttime="Fri Sep 21 17:03:26 CST 2012" endtime="Fri Sep 21 17:03:26 CST 2012" />
              <Test name="testVFE12" result="pass" starttime="Fri Sep 21 17:03:26 CST 2012" endtime="Fri Sep 21 17:03:27 CST 2012" />
              <Test name="testVFE13" result="pass" starttime="Fri Sep 21 17:03:27 CST 2012" endtime="Fri Sep 21 17:03:27 CST 2012" />
              <Test name="testVFE14" result="pass" starttime="Fri Sep 21 17:03:27 CST 2012" endtime="Fri Sep 21 17:03:27 CST 2012" />
              <Test name="testVFE2" result="pass" starttime="Fri Sep 21 17:03:27 CST 2012" endtime="Fri Sep 21 17:03:28 CST 2012" />
              <Test name="testVFE3" result="pass" starttime="Fri Sep 21 17:03:28 CST 2012" endtime="Fri Sep 21 17:03:28 CST 2012" />
              <Test name="testVFE4" result="pass" starttime="Fri Sep 21 17:03:28 CST 2012" endtime="Fri Sep 21 17:03:29 CST 2012" />
              <Test name="testVFE5" result="pass" starttime="Fri Sep 21 17:03:29 CST 2012" endtime="Fri Sep 21 17:03:29 CST 2012" />
              <Test name="testVFE6" result="pass" starttime="Fri Sep 21 17:03:29 CST 2012" endtime="Fri Sep 21 17:03:30 CST 2012" />
              <Test name="testVFE7" result="pass" starttime="Fri Sep 21 17:03:30 CST 2012" endtime="Fri Sep 21 17:03:30 CST 2012" />
              <Test name="testVFE8" result="pass" starttime="Fri Sep 21 17:03:30 CST 2012" endtime="Fri Sep 21 17:03:31 CST 2012" />
              <Test name="testVFE9" result="pass" starttime="Fri Sep 21 17:03:31 CST 2012" endtime="Fri Sep 21 17:03:31 CST 2012" />
            </TestCase>
          </TestSuite>
          <TestSuite name="shl_int">
            <TestCase name="JUnit_Test_shl_int" priority="">
              <Test name="testB1" result="pass" starttime="Fri Sep 21 17:03:31 CST 2012" endtime="Fri Sep 21 17:03:31 CST 2012" />
              <Test name="testB2" result="pass" starttime="Fri Sep 21 17:03:31 CST 2012" endtime="Fri Sep 21 17:03:32 CST 2012" />
              <Test name="testB3" result="pass" starttime="Fri Sep 21 17:03:32 CST 2012" endtime="Fri Sep 21 17:03:32 CST 2012" />
              <Test name="testB4" result="pass" starttime="Fri Sep 21 17:03:32 CST 2012" endtime="Fri Sep 21 17:03:33 CST 2012" />
              <Test name="testN1" result="pass" starttime="Fri Sep 21 17:03:33 CST 2012" endtime="Fri Sep 21 17:03:33 CST 2012" />
              <Test name="testN2" result="pass" starttime="Fri Sep 21 17:03:33 CST 2012" endtime="Fri Sep 21 17:03:33 CST 2012" />
              <Test name="testN3" result="pass" starttime="Fri Sep 21 17:03:33 CST 2012" endtime="Fri Sep 21 17:03:34 CST 2012" />
              <Test name="testN4" result="pass" starttime="Fri Sep 21 17:03:34 CST 2012" endtime="Fri Sep 21 17:03:34 CST 2012" />
              <Test name="testN5" result="pass" starttime="Fri Sep 21 17:03:34 CST 2012" endtime="Fri Sep 21 17:03:34 CST 2012" />
              <Test name="testVFE1" result="pass" starttime="Fri Sep 21 17:03:34 CST 2012" endtime="Fri Sep 21 17:03:35 CST 2012" />
              <Test name="testVFE2" result="pass" starttime="Fri Sep 21 17:03:35 CST 2012" endtime="Fri Sep 21 17:03:35 CST 2012" />
              <Test name="testVFE3" result="pass" starttime="Fri Sep 21 17:03:35 CST 2012" endtime="Fri Sep 21 17:03:36 CST 2012" />
              <Test name="testVFE4" result="pass" starttime="Fri Sep 21 17:03:36 CST 2012" endtime="Fri Sep 21 17:03:36 CST 2012" />
              <Test name="testVFE5" result="pass" starttime="Fri Sep 21 17:03:36 CST 2012" endtime="Fri Sep 21 17:03:37 CST 2012" />
            </TestCase>
          </TestSuite>
          <TestSuite name="shl_int_2addr">
            <TestCase name="JUnit_Test_shl_int_2addr" priority="">
              <Test name="testB1" result="pass" starttime="Fri Sep 21 17:03:37 CST 2012" endtime="Fri Sep 21 17:03:37 CST 2012" />
              <Test name="testB2" result="pass" starttime="Fri Sep 21 17:03:37 CST 2012" endtime="Fri Sep 21 17:03:37 CST 2012" />
              <Test name="testB3" result="pass" starttime="Fri Sep 21 17:03:37 CST 2012" endtime="Fri Sep 21 17:03:38 CST 2012" />
              <Test name="testB4" result="pass" starttime="Fri Sep 21 17:03:38 CST 2012" endtime="Fri Sep 21 17:03:38 CST 2012" />
              <Test name="testN1" result="pass" starttime="Fri Sep 21 17:03:38 CST 2012" endtime="Fri Sep 21 17:03:38 CST 2012" />
              <Test name="testN2" result="pass" starttime="Fri Sep 21 17:03:38 CST 2012" endtime="Fri Sep 21 17:03:39 CST 2012" />
              <Test name="testN3" result="pass" starttime="Fri Sep 21 17:03:39 CST 2012" endtime="Fri Sep 21 17:03:39 CST 2012" />
              <Test name="testN4" result="pass" starttime="Fri Sep 21 17:03:39 CST 2012" endtime="Fri Sep 21 17:03:40 CST 2012" />
              <Test name="testN5" result="pass" starttime="Fri Sep 21 17:03:40 CST 2012" endtime="Fri Sep 21 17:03:40 CST 2012" />
              <Test name="testVFE1" result="pass" starttime="Fri Sep 21 17:03:40 CST 2012" endtime="Fri Sep 21 17:03:40 CST 2012" />
              <Test name="testVFE2" result="pass" starttime="Fri Sep 21 17:03:40 CST 2012" endtime="Fri Sep 21 17:03:41 CST 2012" />
              <Test name="testVFE3" result="pass" starttime="Fri Sep 21 17:03:41 CST 2012" endtime="Fri Sep 21 17:03:41 CST 2012" />
              <Test name="testVFE4" result="pass" starttime="Fri Sep 21 17:03:41 CST 2012" endtime="Fri Sep 21 17:03:42 CST 2012" />
              <Test name="testVFE5" result="pass" starttime="Fri Sep 21 17:03:42 CST 2012" endtime="Fri Sep 21 17:03:42 CST 2012" />
            </TestCase>
          </TestSuite>
          <TestSuite name="shl_int_lit8">
            <TestCase name="JUnit_Test_shl_int_lit8" priority="">
              <Test name="testB1" result="pass" starttime="Fri Sep 21 17:03:42 CST 2012" endtime="Fri Sep 21 17:03:43 CST 2012" />
              <Test name="testB2" result="pass" starttime="Fri Sep 21 17:03:43 CST 2012" endtime="Fri Sep 21 17:03:43 CST 2012" />
              <Test name="testB3" result="pass" starttime="Fri Sep 21 17:03:43 CST 2012" endtime="Fri Sep 21 17:03:44 CST 2012" />
              <Test name="testB4" result="pass" starttime="Fri Sep 21 17:03:44 CST 2012" endtime="Fri Sep 21 17:03:44 CST 2012" />
              <Test name="testN1" result="pass" starttime="Fri Sep 21 17:03:44 CST 2012" endtime="Fri Sep 21 17:03:44 CST 2012" />
              <Test name="testN2" result="pass" starttime="Fri Sep 21 17:03:44 CST 2012" endtime="Fri Sep 21 17:03:45 CST 2012" />
              <Test name="testN3" result="pass" starttime="Fri Sep 21 17:03:45 CST 2012" endtime="Fri Sep 21 17:03:45 CST 2012" />
              <Test name="testN4" result="pass" starttime="Fri Sep 21 17:03:45 CST 2012" endtime="Fri Sep 21 17:03:46 CST 2012" />
              <Test name="testN5" result="pass" starttime="Fri Sep 21 17:03:46 CST 2012" endtime="Fri Sep 21 17:03:46 CST 2012" />
              <Test name="testVFE1" result="pass" starttime="Fri Sep 21 17:03:46 CST 2012" endtime="Fri Sep 21 17:03:46 CST 2012" />
              <Test name="testVFE2" result="pass" starttime="Fri Sep 21 17:03:46 CST 2012" endtime="Fri Sep 21 17:03:47 CST 2012" />
              <Test name="testVFE3" result="pass" starttime="Fri Sep 21 17:03:47 CST 2012" endtime="Fri Sep 21 17:03:47 CST 2012" />
              <Test name="testVFE4" result="pass" starttime="Fri Sep 21 17:03:47 CST 2012" endtime="Fri Sep 21 17:03:48 CST 2012" />
              <Test name="testVFE5" result="pass" starttime="Fri Sep 21 17:03:48 CST 2012" endtime="Fri Sep 21 17:03:48 CST 2012" />
            </TestCase>
          </TestSuite>
          <TestSuite name="shl_long">
            <TestCase name="JUnit_Test_shl_long" priority="">
              <Test name="testB1" result="pass" starttime="Fri Sep 21 17:03:48 CST 2012" endtime="Fri Sep 21 17:03:49 CST 2012" />
              <Test name="testB2" result="pass" starttime="Fri Sep 21 17:03:49 CST 2012" endtime="Fri Sep 21 17:03:49 CST 2012" />
              <Test name="testB3" result="pass" starttime="Fri Sep 21 17:03:49 CST 2012" endtime="Fri Sep 21 17:03:49 CST 2012" />
              <Test name="testB4" result="pass" starttime="Fri Sep 21 17:03:49 CST 2012" endtime="Fri Sep 21 17:03:50 CST 2012" />
              <Test name="testN1" result="pass" starttime="Fri Sep 21 17:03:50 CST 2012" endtime="Fri Sep 21 17:03:50 CST 2012" />
              <Test name="testN2" result="pass" starttime="Fri Sep 21 17:03:50 CST 2012" endtime="Fri Sep 21 17:03:50 CST 2012" />
              <Test name="testN3" result="pass" starttime="Fri Sep 21 17:03:50 CST 2012" endtime="Fri Sep 21 17:03:51 CST 2012" />
              <Test name="testN4" result="pass" starttime="Fri Sep 21 17:03:51 CST 2012" endtime="Fri Sep 21 17:03:51 CST 2012" />
              <Test name="testN5" result="pass" starttime="Fri Sep 21 17:03:51 CST 2012" endtime="Fri Sep 21 17:03:52 CST 2012" />
              <Test name="testVFE1" result="pass" starttime="Fri Sep 21 17:03:52 CST 2012" endtime="Fri Sep 21 17:03:52 CST 2012" />
              <Test name="testVFE2" result="pass" starttime="Fri Sep 21 17:03:52 CST 2012" endtime="Fri Sep 21 17:03:53 CST 2012" />
              <Test name="testVFE3" result="pass" starttime="Fri Sep 21 17:03:53 CST 2012" endtime="Fri Sep 21 17:03:53 CST 2012" />
              <Test name="testVFE4" result="pass" starttime="Fri Sep 21 17:03:53 CST 2012" endtime="Fri Sep 21 17:03:53 CST 2012" />
              <Test name="testVFE5" result="pass" starttime="Fri Sep 21 17:03:53 CST 2012" endtime="Fri Sep 21 17:03:54 CST 2012" />
              <Test name="testVFE6" result="pass" starttime="Fri Sep 21 17:03:54 CST 2012" endtime="Fri Sep 21 17:03:54 CST 2012" />
            </TestCase>
          </TestSuite>
          <TestSuite name="shl_long_2addr">
            <TestCase name="JUnit_Test_shl_long_2addr" priority="">
              <Test name="testB1" result="pass" starttime="Fri Sep 21 17:03:54 CST 2012" endtime="Fri Sep 21 17:03:55 CST 2012" />
              <Test name="testB2" result="pass" starttime="Fri Sep 21 17:03:55 CST 2012" endtime="Fri Sep 21 17:03:55 CST 2012" />
              <Test name="testB3" result="pass" starttime="Fri Sep 21 17:03:55 CST 2012" endtime="Fri Sep 21 17:03:55 CST 2012" />
              <Test name="testB4" result="pass" starttime="Fri Sep 21 17:03:55 CST 2012" endtime="Fri Sep 21 17:03:56 CST 2012" />
              <Test name="testN1" result="pass" starttime="Fri Sep 21 17:03:56 CST 2012" endtime="Fri Sep 21 17:03:56 CST 2012" />
              <Test name="testN2" result="pass" starttime="Fri Sep 21 17:03:56 CST 2012" endtime="Fri Sep 21 17:03:57 CST 2012" />
              <Test name="testN3" result="pass" starttime="Fri Sep 21 17:03:57 CST 2012" endtime="Fri Sep 21 17:03:57 CST 2012" />
              <Test name="testN4" result="pass" starttime="Fri Sep 21 17:03:57 CST 2012" endtime="Fri Sep 21 17:03:57 CST 2012" />
              <Test name="testN5" result="pass" starttime="Fri Sep 21 17:03:57 CST 2012" endtime="Fri Sep 21 17:03:58 CST 2012" />
              <Test name="testVFE1" result="pass" starttime="Fri Sep 21 17:03:58 CST 2012" endtime="Fri Sep 21 17:03:58 CST 2012" />
              <Test name="testVFE2" result="pass" starttime="Fri Sep 21 17:03:58 CST 2012" endtime="Fri Sep 21 17:03:59 CST 2012" />
              <Test name="testVFE3" result="pass" starttime="Fri Sep 21 17:03:59 CST 2012" endtime="Fri Sep 21 17:03:59 CST 2012" />
              <Test name="testVFE4" result="pass" starttime="Fri Sep 21 17:03:59 CST 2012" endtime="Fri Sep 21 17:03:59 CST 2012" />
              <Test name="testVFE5" result="pass" starttime="Fri Sep 21 17:03:59 CST 2012" endtime="Fri Sep 21 17:04:00 CST 2012" />
              <Test name="testVFE6" result="pass" starttime="Fri Sep 21 17:04:00 CST 2012" endtime="Fri Sep 21 17:04:00 CST 2012" />
            </TestCase>
          </TestSuite>
          <TestSuite name="shr_int">
            <TestCase name="JUnit_Test_shr_int" priority="">
              <Test name="testB1" result="pass" starttime="Fri Sep 21 17:04:00 CST 2012" endtime="Fri Sep 21 17:04:01 CST 2012" />
              <Test name="testB2" result="pass" starttime="Fri Sep 21 17:04:01 CST 2012" endtime="Fri Sep 21 17:04:01 CST 2012" />
              <Test name="testB3" result="pass" starttime="Fri Sep 21 17:04:01 CST 2012" endtime="Fri Sep 21 17:04:02 CST 2012" />
              <Test name="testB4" result="pass" starttime="Fri Sep 21 17:04:02 CST 2012" endtime="Fri Sep 21 17:04:02 CST 2012" />
              <Test name="testN1" result="pass" starttime="Fri Sep 21 17:04:02 CST 2012" endtime="Fri Sep 21 17:04:02 CST 2012" />
              <Test name="testN2" result="pass" starttime="Fri Sep 21 17:04:02 CST 2012" endtime="Fri Sep 21 17:04:03 CST 2012" />
              <Test name="testN3" result="pass" starttime="Fri Sep 21 17:04:03 CST 2012" endtime="Fri Sep 21 17:04:03 CST 2012" />
              <Test name="testN4" result="pass" starttime="Fri Sep 21 17:04:03 CST 2012" endtime="Fri Sep 21 17:04:03 CST 2012" />
              <Test name="testN5" result="pass" starttime="Fri Sep 21 17:04:03 CST 2012" endtime="Fri Sep 21 17:04:04 CST 2012" />
              <Test name="testVFE1" result="pass" starttime="Fri Sep 21 17:04:04 CST 2012" endtime="Fri Sep 21 17:04:04 CST 2012" />
              <Test name="testVFE2" result="pass" starttime="Fri Sep 21 17:04:04 CST 2012" endtime="Fri Sep 21 17:04:05 CST 2012" />
              <Test name="testVFE3" result="pass" starttime="Fri Sep 21 17:04:05 CST 2012" endtime="Fri Sep 21 17:04:05 CST 2012" />
              <Test name="testVFE4" result="pass" starttime="Fri Sep 21 17:04:05 CST 2012" endtime="Fri Sep 21 17:04:06 CST 2012" />
              <Test name="testVFE5" result="pass" starttime="Fri Sep 21 17:04:06 CST 2012" endtime="Fri Sep 21 17:04:06 CST 2012" />
            </TestCase>
          </TestSuite>
          <TestSuite name="shr_int_2addr">
            <TestCase name="JUnit_Test_shr_int_2addr" priority="">
              <Test name="testB1" result="pass" starttime="Fri Sep 21 17:04:06 CST 2012" endtime="Fri Sep 21 17:04:06 CST 2012" />
              <Test name="testB2" result="pass" starttime="Fri Sep 21 17:04:06 CST 2012" endtime="Fri Sep 21 17:04:07 CST 2012" />
              <Test name="testB3" result="pass" starttime="Fri Sep 21 17:04:07 CST 2012" endtime="Fri Sep 21 17:04:07 CST 2012" />
              <Test name="testB4" result="pass" starttime="Fri Sep 21 17:04:07 CST 2012" endtime="Fri Sep 21 17:04:08 CST 2012" />
              <Test name="testN1" result="pass" starttime="Fri Sep 21 17:04:08 CST 2012" endtime="Fri Sep 21 17:04:08 CST 2012" />
              <Test name="testN2" result="pass" starttime="Fri Sep 21 17:04:08 CST 2012" endtime="Fri Sep 21 17:04:08 CST 2012" />
              <Test name="testN3" result="pass" starttime="Fri Sep 21 17:04:08 CST 2012" endtime="Fri Sep 21 17:04:09 CST 2012" />
              <Test name="testN4" result="pass" starttime="Fri Sep 21 17:04:09 CST 2012" endtime="Fri Sep 21 17:04:09 CST 2012" />
              <Test name="testN5" result="pass" starttime="Fri Sep 21 17:04:09 CST 2012" endtime="Fri Sep 21 17:04:09 CST 2012" />
              <Test name="testVFE1" result="pass" starttime="Fri Sep 21 17:04:09 CST 2012" endtime="Fri Sep 21 17:04:10 CST 2012" />
              <Test name="testVFE2" result="pass" starttime="Fri Sep 21 17:04:10 CST 2012" endtime="Fri Sep 21 17:04:10 CST 2012" />
              <Test name="testVFE3" result="pass" starttime="Fri Sep 21 17:04:10 CST 2012" endtime="Fri Sep 21 17:04:11 CST 2012" />
              <Test name="testVFE4" result="pass" starttime="Fri Sep 21 17:04:11 CST 2012" endtime="Fri Sep 21 17:04:11 CST 2012" />
              <Test name="testVFE5" result="pass" starttime="Fri Sep 21 17:04:11 CST 2012" endtime="Fri Sep 21 17:04:12 CST 2012" />
            </TestCase>
          </TestSuite>
          <TestSuite name="shr_int_lit8">
            <TestCase name="JUnit_Test_shr_int_lit8" priority="">
              <Test name="testB1" result="pass" starttime="Fri Sep 21 17:04:12 CST 2012" endtime="Fri Sep 21 17:04:12 CST 2012" />
              <Test name="testB2" result="pass" starttime="Fri Sep 21 17:04:12 CST 2012" endtime="Fri Sep 21 17:04:12 CST 2012" />
              <Test name="testB3" result="pass" starttime="Fri Sep 21 17:04:12 CST 2012" endtime="Fri Sep 21 17:04:13 CST 2012" />
              <Test name="testB4" result="pass" starttime="Fri Sep 21 17:04:13 CST 2012" endtime="Fri Sep 21 17:04:13 CST 2012" />
              <Test name="testN1" result="pass" starttime="Fri Sep 21 17:04:13 CST 2012" endtime="Fri Sep 21 17:04:14 CST 2012" />
              <Test name="testN2" result="pass" starttime="Fri Sep 21 17:04:14 CST 2012" endtime="Fri Sep 21 17:04:14 CST 2012" />
              <Test name="testN3" result="pass" starttime="Fri Sep 21 17:04:14 CST 2012" endtime="Fri Sep 21 17:04:14 CST 2012" />
              <Test name="testN4" result="pass" starttime="Fri Sep 21 17:04:14 CST 2012" endtime="Fri Sep 21 17:04:15 CST 2012" />
              <Test name="testN5" result="pass" starttime="Fri Sep 21 17:04:15 CST 2012" endtime="Fri Sep 21 17:04:15 CST 2012" />
              <Test name="testVFE1" result="pass" starttime="Fri Sep 21 17:04:15 CST 2012" endtime="Fri Sep 21 17:04:16 CST 2012" />
              <Test name="testVFE2" result="pass" starttime="Fri Sep 21 17:04:16 CST 2012" endtime="Fri Sep 21 17:04:16 CST 2012" />
              <Test name="testVFE3" result="pass" starttime="Fri Sep 21 17:04:16 CST 2012" endtime="Fri Sep 21 17:04:17 CST 2012" />
              <Test name="testVFE4" result="pass" starttime="Fri Sep 21 17:04:17 CST 2012" endtime="Fri Sep 21 17:04:17 CST 2012" />
              <Test name="testVFE5" result="pass" starttime="Fri Sep 21 17:04:17 CST 2012" endtime="Fri Sep 21 17:04:17 CST 2012" />
            </TestCase>
          </TestSuite>
          <TestSuite name="shr_long">
            <TestCase name="JUnit_Test_shr_long" priority="">
              <Test name="testB1" result="pass" starttime="Fri Sep 21 17:04:17 CST 2012" endtime="Fri Sep 21 17:04:18 CST 2012" />
              <Test name="testB2" result="pass" starttime="Fri Sep 21 17:04:18 CST 2012" endtime="Fri Sep 21 17:04:18 CST 2012" />
              <Test name="testB3" result="pass" starttime="Fri Sep 21 17:04:18 CST 2012" endtime="Fri Sep 21 17:04:19 CST 2012" />
              <Test name="testB4" result="pass" starttime="Fri Sep 21 17:04:19 CST 2012" endtime="Fri Sep 21 17:04:19 CST 2012" />
              <Test name="testN1" result="pass" starttime="Fri Sep 21 17:04:19 CST 2012" endtime="Fri Sep 21 17:04:19 CST 2012" />
              <Test name="testN2" result="pass" starttime="Fri Sep 21 17:04:19 CST 2012" endtime="Fri Sep 21 17:04:20 CST 2012" />
              <Test name="testN3" result="pass" starttime="Fri Sep 21 17:04:20 CST 2012" endtime="Fri Sep 21 17:04:20 CST 2012" />
              <Test name="testN4" result="pass" starttime="Fri Sep 21 17:04:20 CST 2012" endtime="Fri Sep 21 17:04:20 CST 2012" />
              <Test name="testN5" result="pass" starttime="Fri Sep 21 17:04:20 CST 2012" endtime="Fri Sep 21 17:04:21 CST 2012" />
              <Test name="testVFE1" result="pass" starttime="Fri Sep 21 17:04:21 CST 2012" endtime="Fri Sep 21 17:04:21 CST 2012" />
              <Test name="testVFE2" result="pass" starttime="Fri Sep 21 17:04:21 CST 2012" endtime="Fri Sep 21 17:04:22 CST 2012" />
              <Test name="testVFE3" result="pass" starttime="Fri Sep 21 17:04:22 CST 2012" endtime="Fri Sep 21 17:04:22 CST 2012" />
              <Test name="testVFE4" result="pass" starttime="Fri Sep 21 17:04:22 CST 2012" endtime="Fri Sep 21 17:04:23 CST 2012" />
              <Test name="testVFE5" result="pass" starttime="Fri Sep 21 17:04:23 CST 2012" endtime="Fri Sep 21 17:04:23 CST 2012" />
              <Test name="testVFE6" result="pass" starttime="Fri Sep 21 17:04:23 CST 2012" endtime="Fri Sep 21 17:04:23 CST 2012" />
            </TestCase>
          </TestSuite>
          <TestSuite name="shr_long_2addr">
            <TestCase name="JUnit_Test_shr_long_2addr" priority="">
              <Test name="testB1" result="pass" starttime="Fri Sep 21 17:04:23 CST 2012" endtime="Fri Sep 21 17:04:24 CST 2012" />
              <Test name="testB2" result="pass" starttime="Fri Sep 21 17:04:24 CST 2012" endtime="Fri Sep 21 17:04:24 CST 2012" />
              <Test name="testB3" result="pass" starttime="Fri Sep 21 17:04:24 CST 2012" endtime="Fri Sep 21 17:04:25 CST 2012" />
              <Test name="testB4" result="pass" starttime="Fri Sep 21 17:04:25 CST 2012" endtime="Fri Sep 21 17:04:25 CST 2012" />
              <Test name="testN1" result="pass" starttime="Fri Sep 21 17:04:25 CST 2012" endtime="Fri Sep 21 17:04:25 CST 2012" />
              <Test name="testN2" result="pass" starttime="Fri Sep 21 17:04:25 CST 2012" endtime="Fri Sep 21 17:04:26 CST 2012" />
              <Test name="testN3" result="pass" starttime="Fri Sep 21 17:04:26 CST 2012" endtime="Fri Sep 21 17:04:26 CST 2012" />
              <Test name="testN4" result="pass" starttime="Fri Sep 21 17:04:26 CST 2012" endtime="Fri Sep 21 17:04:26 CST 2012" />
              <Test name="testN5" result="pass" starttime="Fri Sep 21 17:04:26 CST 2012" endtime="Fri Sep 21 17:04:27 CST 2012" />
              <Test name="testVFE1" result="pass" starttime="Fri Sep 21 17:04:27 CST 2012" endtime="Fri Sep 21 17:04:27 CST 2012" />
              <Test name="testVFE2" result="pass" starttime="Fri Sep 21 17:04:27 CST 2012" endtime="Fri Sep 21 17:04:28 CST 2012" />
              <Test name="testVFE3" result="pass" starttime="Fri Sep 21 17:04:28 CST 2012" endtime="Fri Sep 21 17:04:28 CST 2012" />
              <Test name="testVFE4" result="pass" starttime="Fri Sep 21 17:04:28 CST 2012" endtime="Fri Sep 21 17:04:29 CST 2012" />
              <Test name="testVFE5" result="pass" starttime="Fri Sep 21 17:04:29 CST 2012" endtime="Fri Sep 21 17:04:29 CST 2012" />
              <Test name="testVFE6" result="pass" starttime="Fri Sep 21 17:04:29 CST 2012" endtime="Fri Sep 21 17:04:29 CST 2012" />
            </TestCase>
          </TestSuite>
          <TestSuite name="sparse_switch">
            <TestCase name="JUnit_Test_sparse_switch" priority="">
              <Test name="testB1" result="pass" starttime="Fri Sep 21 17:04:29 CST 2012" endtime="Fri Sep 21 17:04:30 CST 2012" />
              <Test name="testB2" result="pass" starttime="Fri Sep 21 17:04:30 CST 2012" endtime="Fri Sep 21 17:04:30 CST 2012" />
              <Test name="testB3" result="pass" starttime="Fri Sep 21 17:04:30 CST 2012" endtime="Fri Sep 21 17:04:31 CST 2012" />
              <Test name="testN1" result="pass" starttime="Fri Sep 21 17:04:31 CST 2012" endtime="Fri Sep 21 17:04:31 CST 2012" />
              <Test name="testVFE1" result="pass" starttime="Fri Sep 21 17:04:31 CST 2012" endtime="Fri Sep 21 17:04:31 CST 2012" />
              <Test name="testVFE10" result="pass" starttime="Fri Sep 21 17:04:31 CST 2012" endtime="Fri Sep 21 17:04:32 CST 2012" />
              <Test name="testVFE11" result="pass" starttime="Fri Sep 21 17:04:32 CST 2012" endtime="Fri Sep 21 17:04:32 CST 2012" />
              <Test name="testVFE12" result="pass" starttime="Fri Sep 21 17:04:32 CST 2012" endtime="Fri Sep 21 17:04:33 CST 2012" />
              <Test name="testVFE2" result="pass" starttime="Fri Sep 21 17:04:33 CST 2012" endtime="Fri Sep 21 17:04:33 CST 2012" />
              <Test name="testVFE3" result="pass" starttime="Fri Sep 21 17:04:33 CST 2012" endtime="Fri Sep 21 17:04:34 CST 2012" />
              <Test name="testVFE4" result="pass" starttime="Fri Sep 21 17:04:34 CST 2012" endtime="Fri Sep 21 17:04:34 CST 2012" />
              <Test name="testVFE5" result="pass" starttime="Fri Sep 21 17:04:34 CST 2012" endtime="Fri Sep 21 17:04:35 CST 2012" />
              <Test name="testVFE6" result="pass" starttime="Fri Sep 21 17:04:35 CST 2012" endtime="Fri Sep 21 17:04:35 CST 2012" />
              <Test name="testVFE7" result="pass" starttime="Fri Sep 21 17:04:35 CST 2012" endtime="Fri Sep 21 17:04:36 CST 2012" />
              <Test name="testVFE8" result="pass" starttime="Fri Sep 21 17:04:36 CST 2012" endtime="Fri Sep 21 17:04:36 CST 2012" />
              <Test name="testVFE9" result="pass" starttime="Fri Sep 21 17:04:36 CST 2012" endtime="Fri Sep 21 17:04:36 CST 2012" />
            </TestCase>
          </TestSuite>
          <TestSuite name="sput">
            <TestCase name="JUnit_Test_sput" priority="">
              <Test name="testE6" result="pass" starttime="Fri Sep 21 17:04:36 CST 2012" endtime="Fri Sep 21 17:04:37 CST 2012" />
              <Test name="testN1" result="pass" starttime="Fri Sep 21 17:04:37 CST 2012" endtime="Fri Sep 21 17:04:37 CST 2012" />
              <Test name="testN2" result="pass" starttime="Fri Sep 21 17:04:37 CST 2012" endtime="Fri Sep 21 17:04:38 CST 2012" />
              <Test name="testN3" result="pass" starttime="Fri Sep 21 17:04:38 CST 2012" endtime="Fri Sep 21 17:04:38 CST 2012" />
              <Test name="testN4" result="pass" starttime="Fri Sep 21 17:04:38 CST 2012" endtime="Fri Sep 21 17:04:39 CST 2012" />
              <Test name="testVFE1" result="pass" starttime="Fri Sep 21 17:04:39 CST 2012" endtime="Fri Sep 21 17:04:39 CST 2012" />
              <Test name="testVFE10" result="pass" starttime="Fri Sep 21 17:04:39 CST 2012" endtime="Fri Sep 21 17:04:40 CST 2012" />
              <Test name="testVFE11" result="pass" starttime="Fri Sep 21 17:04:40 CST 2012" endtime="Fri Sep 21 17:04:40 CST 2012" />
              <Test name="testVFE12" result="pass" starttime="Fri Sep 21 17:04:40 CST 2012" endtime="Fri Sep 21 17:04:40 CST 2012" />
              <Test name="testVFE13" result="pass" starttime="Fri Sep 21 17:04:40 CST 2012" endtime="Fri Sep 21 17:04:41 CST 2012" />
              <Test name="testVFE14" result="pass" starttime="Fri Sep 21 17:04:41 CST 2012" endtime="Fri Sep 21 17:04:41 CST 2012" />
              <Test name="testVFE15" result="pass" starttime="Fri Sep 21 17:04:41 CST 2012" endtime="Fri Sep 21 17:04:42 CST 2012" />
              <Test name="testVFE16" result="pass" starttime="Fri Sep 21 17:04:42 CST 2012" endtime="Fri Sep 21 17:04:42 CST 2012" />
              <Test name="testVFE17" result="pass" starttime="Fri Sep 21 17:04:42 CST 2012" endtime="Fri Sep 21 17:04:42 CST 2012" />
              <Test name="testVFE18" result="pass" starttime="Fri Sep 21 17:04:42 CST 2012" endtime="Fri Sep 21 17:04:43 CST 2012" />
              <Test name="testVFE19" result="pass" starttime="Fri Sep 21 17:04:43 CST 2012" endtime="Fri Sep 21 17:04:43 CST 2012" />
              <Test name="testVFE2" result="pass" starttime="Fri Sep 21 17:04:43 CST 2012" endtime="Fri Sep 21 17:04:44 CST 2012" />
              <Test name="testVFE5" result="pass" starttime="Fri Sep 21 17:04:44 CST 2012" endtime="Fri Sep 21 17:04:44 CST 2012" />
              <Test name="testVFE6" result="pass" starttime="Fri Sep 21 17:04:44 CST 2012" endtime="Fri Sep 21 17:04:45 CST 2012" />
              <Test name="testVFE7" result="pass" starttime="Fri Sep 21 17:04:45 CST 2012" endtime="Fri Sep 21 17:04:45 CST 2012" />
              <Test name="testVFE8" result="pass" starttime="Fri Sep 21 17:04:45 CST 2012" endtime="Fri Sep 21 17:04:45 CST 2012" />
              <Test name="testVFE9" result="pass" starttime="Fri Sep 21 17:04:45 CST 2012" endtime="Fri Sep 21 17:04:46 CST 2012" />
            </TestCase>
          </TestSuite>
          <TestSuite name="sput_boolean">
            <TestCase name="JUnit_Test_sput_boolean" priority="">
              <Test name="testE6" result="pass" starttime="Fri Sep 21 17:04:46 CST 2012" endtime="Fri Sep 21 17:04:46 CST 2012" />
              <Test name="testN1" result="pass" starttime="Fri Sep 21 17:04:46 CST 2012" endtime="Fri Sep 21 17:04:47 CST 2012" />
              <Test name="testN2" result="pass" starttime="Fri Sep 21 17:04:47 CST 2012" endtime="Fri Sep 21 17:04:47 CST 2012" />
              <Test name="testN4" result="pass" starttime="Fri Sep 21 17:04:47 CST 2012" endtime="Fri Sep 21 17:04:48 CST 2012" />
              <Test name="testVFE1" result="pass" starttime="Fri Sep 21 17:04:48 CST 2012" endtime="Fri Sep 21 17:04:48 CST 2012" />
              <Test name="testVFE10" result="pass" starttime="Fri Sep 21 17:04:48 CST 2012" endtime="Fri Sep 21 17:04:48 CST 2012" />
              <Test name="testVFE11" result="pass" starttime="Fri Sep 21 17:04:48 CST 2012" endtime="Fri Sep 21 17:04:49 CST 2012" />
              <Test name="testVFE12" result="pass" starttime="Fri Sep 21 17:04:49 CST 2012" endtime="Fri Sep 21 17:04:49 CST 2012" />
              <Test name="testVFE13" result="pass" starttime="Fri Sep 21 17:04:49 CST 2012" endtime="Fri Sep 21 17:04:50 CST 2012" />
              <Test name="testVFE14" result="pass" starttime="Fri Sep 21 17:04:50 CST 2012" endtime="Fri Sep 21 17:04:50 CST 2012" />
              <Test name="testVFE15" result="pass" starttime="Fri Sep 21 17:04:50 CST 2012" endtime="Fri Sep 21 17:04:50 CST 2012" />
              <Test name="testVFE16" result="pass" starttime="Fri Sep 21 17:04:50 CST 2012" endtime="Fri Sep 21 17:04:51 CST 2012" />
              <Test name="testVFE17" result="pass" starttime="Fri Sep 21 17:04:51 CST 2012" endtime="Fri Sep 21 17:04:51 CST 2012" />
              <Test name="testVFE18" result="pass" starttime="Fri Sep 21 17:04:51 CST 2012" endtime="Fri Sep 21 17:04:52 CST 2012" />
              <Test name="testVFE19" result="pass" starttime="Fri Sep 21 17:04:52 CST 2012" endtime="Fri Sep 21 17:04:52 CST 2012" />
              <Test name="testVFE2" result="pass" starttime="Fri Sep 21 17:04:52 CST 2012" endtime="Fri Sep 21 17:04:53 CST 2012" />
              <Test name="testVFE5" result="pass" starttime="Fri Sep 21 17:04:53 CST 2012" endtime="Fri Sep 21 17:04:53 CST 2012" />
              <Test name="testVFE6" result="pass" starttime="Fri Sep 21 17:04:53 CST 2012" endtime="Fri Sep 21 17:04:54 CST 2012" />
              <Test name="testVFE7" result="pass" starttime="Fri Sep 21 17:04:54 CST 2012" endtime="Fri Sep 21 17:04:54 CST 2012" />
              <Test name="testVFE8" result="pass" starttime="Fri Sep 21 17:04:54 CST 2012" endtime="Fri Sep 21 17:04:54 CST 2012" />
              <Test name="testVFE9" result="pass" starttime="Fri Sep 21 17:04:54 CST 2012" endtime="Fri Sep 21 17:04:55 CST 2012" />
            </TestCase>
          </TestSuite>
          <TestSuite name="sput_byte">
            <TestCase name="JUnit_Test_sput_byte" priority="">
              <Test name="testE6" result="pass" starttime="Fri Sep 21 17:04:55 CST 2012" endtime="Fri Sep 21 17:04:55 CST 2012" />
              <Test name="testN1" result="pass" starttime="Fri Sep 21 17:04:55 CST 2012" endtime="Fri Sep 21 17:04:56 CST 2012" />
              <Test name="testN2" result="pass" starttime="Fri Sep 21 17:04:56 CST 2012" endtime="Fri Sep 21 17:04:56 CST 2012" />
              <Test name="testN4" result="pass" starttime="Fri Sep 21 17:04:56 CST 2012" endtime="Fri Sep 21 17:04:56 CST 2012" />
              <Test name="testVFE1" result="pass" starttime="Fri Sep 21 17:04:56 CST 2012" endtime="Fri Sep 21 17:04:57 CST 2012" />
              <Test name="testVFE10" result="pass" starttime="Fri Sep 21 17:04:57 CST 2012" endtime="Fri Sep 21 17:04:57 CST 2012" />
              <Test name="testVFE11" result="pass" starttime="Fri Sep 21 17:04:57 CST 2012" endtime="Fri Sep 21 17:04:58 CST 2012" />
              <Test name="testVFE12" result="pass" starttime="Fri Sep 21 17:04:58 CST 2012" endtime="Fri Sep 21 17:04:58 CST 2012" />
              <Test name="testVFE13" result="pass" starttime="Fri Sep 21 17:04:58 CST 2012" endtime="Fri Sep 21 17:04:59 CST 2012" />
              <Test name="testVFE14" result="pass" starttime="Fri Sep 21 17:04:59 CST 2012" endtime="Fri Sep 21 17:04:59 CST 2012" />
              <Test name="testVFE15" result="pass" starttime="Fri Sep 21 17:04:59 CST 2012" endtime="Fri Sep 21 17:04:59 CST 2012" />
              <Test name="testVFE16" result="pass" starttime="Fri Sep 21 17:04:59 CST 2012" endtime="Fri Sep 21 17:05:00 CST 2012" />
              <Test name="testVFE17" result="pass" starttime="Fri Sep 21 17:05:00 CST 2012" endtime="Fri Sep 21 17:05:00 CST 2012" />
              <Test name="testVFE18" result="pass" starttime="Fri Sep 21 17:05:00 CST 2012" endtime="Fri Sep 21 17:05:01 CST 2012" />
              <Test name="testVFE19" result="pass" starttime="Fri Sep 21 17:05:01 CST 2012" endtime="Fri Sep 21 17:05:01 CST 2012" />
              <Test name="testVFE2" result="pass" starttime="Fri Sep 21 17:05:01 CST 2012" endtime="Fri Sep 21 17:05:02 CST 2012" />
              <Test name="testVFE5" result="pass" starttime="Fri Sep 21 17:05:02 CST 2012" endtime="Fri Sep 21 17:05:02 CST 2012" />
              <Test name="testVFE6" result="pass" starttime="Fri Sep 21 17:05:02 CST 2012" endtime="Fri Sep 21 17:05:02 CST 2012" />
              <Test name="testVFE7" result="pass" starttime="Fri Sep 21 17:05:02 CST 2012" endtime="Fri Sep 21 17:05:03 CST 2012" />
              <Test name="testVFE8" result="pass" starttime="Fri Sep 21 17:05:03 CST 2012" endtime="Fri Sep 21 17:05:03 CST 2012" />
              <Test name="testVFE9" result="pass" starttime="Fri Sep 21 17:05:03 CST 2012" endtime="Fri Sep 21 17:05:04 CST 2012" />
            </TestCase>
          </TestSuite>
          <TestSuite name="sput_char">
            <TestCase name="JUnit_Test_sput_char" priority="">
              <Test name="testE6" result="pass" starttime="Fri Sep 21 17:05:04 CST 2012" endtime="Fri Sep 21 17:05:04 CST 2012" />
              <Test name="testN1" result="pass" starttime="Fri Sep 21 17:05:04 CST 2012" endtime="Fri Sep 21 17:05:04 CST 2012" />
              <Test name="testN2" result="pass" starttime="Fri Sep 21 17:05:04 CST 2012" endtime="Fri Sep 21 17:05:05 CST 2012" />
              <Test name="testN4" result="pass" starttime="Fri Sep 21 17:05:05 CST 2012" endtime="Fri Sep 21 17:05:05 CST 2012" />
              <Test name="testVFE1" result="pass" starttime="Fri Sep 21 17:05:05 CST 2012" endtime="Fri Sep 21 17:05:06 CST 2012" />
              <Test name="testVFE10" result="pass" starttime="Fri Sep 21 17:05:06 CST 2012" endtime="Fri Sep 21 17:05:06 CST 2012" />
              <Test name="testVFE11" result="pass" starttime="Fri Sep 21 17:05:06 CST 2012" endtime="Fri Sep 21 17:05:07 CST 2012" />
              <Test name="testVFE12" result="pass" starttime="Fri Sep 21 17:05:07 CST 2012" endtime="Fri Sep 21 17:05:07 CST 2012" />
              <Test name="testVFE13" result="pass" starttime="Fri Sep 21 17:05:07 CST 2012" endtime="Fri Sep 21 17:05:07 CST 2012" />
              <Test name="testVFE14" result="pass" starttime="Fri Sep 21 17:05:07 CST 2012" endtime="Fri Sep 21 17:05:08 CST 2012" />
              <Test name="testVFE15" result="pass" starttime="Fri Sep 21 17:05:08 CST 2012" endtime="Fri Sep 21 17:05:08 CST 2012" />
              <Test name="testVFE16" result="pass" starttime="Fri Sep 21 17:05:08 CST 2012" endtime="Fri Sep 21 17:05:09 CST 2012" />
              <Test name="testVFE17" result="pass" starttime="Fri Sep 21 17:05:09 CST 2012" endtime="Fri Sep 21 17:05:09 CST 2012" />
              <Test name="testVFE18" result="pass" starttime="Fri Sep 21 17:05:09 CST 2012" endtime="Fri Sep 21 17:05:10 CST 2012" />
              <Test name="testVFE19" result="pass" starttime="Fri Sep 21 17:05:10 CST 2012" endtime="Fri Sep 21 17:05:10 CST 2012" />
              <Test name="testVFE2" result="pass" starttime="Fri Sep 21 17:05:10 CST 2012" endtime="Fri Sep 21 17:05:10 CST 2012" />
              <Test name="testVFE5" result="pass" starttime="Fri Sep 21 17:05:10 CST 2012" endtime="Fri Sep 21 17:05:11 CST 2012" />
              <Test name="testVFE6" result="pass" starttime="Fri Sep 21 17:05:11 CST 2012" endtime="Fri Sep 21 17:05:11 CST 2012" />
              <Test name="testVFE7" result="pass" starttime="Fri Sep 21 17:05:11 CST 2012" endtime="Fri Sep 21 17:05:12 CST 2012" />
              <Test name="testVFE8" result="pass" starttime="Fri Sep 21 17:05:12 CST 2012" endtime="Fri Sep 21 17:05:12 CST 2012" />
              <Test name="testVFE9" result="pass" starttime="Fri Sep 21 17:05:12 CST 2012" endtime="Fri Sep 21 17:05:13 CST 2012" />
            </TestCase>
          </TestSuite>
          <TestSuite name="sput_object">
            <TestCase name="JUnit_Test_sput_object" priority="">
              <Test name="testE6" result="pass" starttime="Fri Sep 21 17:05:13 CST 2012" endtime="Fri Sep 21 17:05:13 CST 2012" />
              <Test name="testN1" result="pass" starttime="Fri Sep 21 17:05:13 CST 2012" endtime="Fri Sep 21 17:05:13 CST 2012" />
              <Test name="testN2" result="pass" starttime="Fri Sep 21 17:05:13 CST 2012" endtime="Fri Sep 21 17:05:14 CST 2012" />
              <Test name="testN4" result="pass" starttime="Fri Sep 21 17:05:14 CST 2012" endtime="Fri Sep 21 17:05:14 CST 2012" />
              <Test name="testVFE1" result="pass" starttime="Fri Sep 21 17:05:14 CST 2012" endtime="Fri Sep 21 17:05:15 CST 2012" />
              <Test name="testVFE10" result="pass" starttime="Fri Sep 21 17:05:15 CST 2012" endtime="Fri Sep 21 17:05:15 CST 2012" />
              <Test name="testVFE11" result="pass" starttime="Fri Sep 21 17:05:15 CST 2012" endtime="Fri Sep 21 17:05:16 CST 2012" />
              <Test name="testVFE12" result="pass" starttime="Fri Sep 21 17:05:16 CST 2012" endtime="Fri Sep 21 17:05:16 CST 2012" />
              <Test name="testVFE13" result="pass" starttime="Fri Sep 21 17:05:16 CST 2012" endtime="Fri Sep 21 17:05:16 CST 2012" />
              <Test name="testVFE14" result="pass" starttime="Fri Sep 21 17:05:16 CST 2012" endtime="Fri Sep 21 17:05:17 CST 2012" />
              <Test name="testVFE15" result="pass" starttime="Fri Sep 21 17:05:17 CST 2012" endtime="Fri Sep 21 17:05:17 CST 2012" />
              <Test name="testVFE16" result="pass" starttime="Fri Sep 21 17:05:17 CST 2012" endtime="Fri Sep 21 17:05:18 CST 2012" />
              <Test name="testVFE17" result="pass" starttime="Fri Sep 21 17:05:18 CST 2012" endtime="Fri Sep 21 17:05:18 CST 2012" />
              <Test name="testVFE18" result="pass" starttime="Fri Sep 21 17:05:18 CST 2012" endtime="Fri Sep 21 17:05:18 CST 2012" />
              <Test name="testVFE19" result="pass" starttime="Fri Sep 21 17:05:18 CST 2012" endtime="Fri Sep 21 17:05:19 CST 2012" />
              <Test name="testVFE2" result="pass" starttime="Fri Sep 21 17:05:19 CST 2012" endtime="Fri Sep 21 17:05:19 CST 2012" />
              <Test name="testVFE5" result="pass" starttime="Fri Sep 21 17:05:19 CST 2012" endtime="Fri Sep 21 17:05:20 CST 2012" />
              <Test name="testVFE6" result="pass" starttime="Fri Sep 21 17:05:20 CST 2012" endtime="Fri Sep 21 17:05:20 CST 2012" />
              <Test name="testVFE7" result="pass" starttime="Fri Sep 21 17:05:20 CST 2012" endtime="Fri Sep 21 17:05:21 CST 2012" />
              <Test name="testVFE8" result="pass" starttime="Fri Sep 21 17:05:21 CST 2012" endtime="Fri Sep 21 17:05:21 CST 2012" />
              <Test name="testVFE9" result="pass" starttime="Fri Sep 21 17:05:21 CST 2012" endtime="Fri Sep 21 17:05:21 CST 2012" />
            </TestCase>
          </TestSuite>
          <TestSuite name="sput_short">
            <TestCase name="JUnit_Test_sput_short" priority="">
              <Test name="testE6" result="pass" starttime="Fri Sep 21 17:05:21 CST 2012" endtime="Fri Sep 21 17:05:22 CST 2012" />
              <Test name="testN1" result="pass" starttime="Fri Sep 21 17:05:22 CST 2012" endtime="Fri Sep 21 17:05:22 CST 2012" />
              <Test name="testN2" result="pass" starttime="Fri Sep 21 17:05:22 CST 2012" endtime="Fri Sep 21 17:05:23 CST 2012" />
              <Test name="testN4" result="pass" starttime="Fri Sep 21 17:05:23 CST 2012" endtime="Fri Sep 21 17:05:23 CST 2012" />
              <Test name="testVFE1" result="pass" starttime="Fri Sep 21 17:05:23 CST 2012" endtime="Fri Sep 21 17:05:24 CST 2012" />
              <Test name="testVFE10" result="pass" starttime="Fri Sep 21 17:05:24 CST 2012" endtime="Fri Sep 21 17:05:24 CST 2012" />
              <Test name="testVFE11" result="pass" starttime="Fri Sep 21 17:05:24 CST 2012" endtime="Fri Sep 21 17:05:25 CST 2012" />
              <Test name="testVFE12" result="pass" starttime="Fri Sep 21 17:05:25 CST 2012" endtime="Fri Sep 21 17:05:25 CST 2012" />
              <Test name="testVFE13" result="pass" starttime="Fri Sep 21 17:05:25 CST 2012" endtime="Fri Sep 21 17:05:26 CST 2012" />
              <Test name="testVFE14" result="pass" starttime="Fri Sep 21 17:05:26 CST 2012" endtime="Fri Sep 21 17:05:26 CST 2012" />
              <Test name="testVFE15" result="pass" starttime="Fri Sep 21 17:05:26 CST 2012" endtime="Fri Sep 21 17:05:26 CST 2012" />
              <Test name="testVFE16" result="pass" starttime="Fri Sep 21 17:05:26 CST 2012" endtime="Fri Sep 21 17:05:27 CST 2012" />
              <Test name="testVFE17" result="pass" starttime="Fri Sep 21 17:05:27 CST 2012" endtime="Fri Sep 21 17:05:27 CST 2012" />
              <Test name="testVFE18" result="pass" starttime="Fri Sep 21 17:05:27 CST 2012" endtime="Fri Sep 21 17:05:28 CST 2012" />
              <Test name="testVFE19" result="pass" starttime="Fri Sep 21 17:05:28 CST 2012" endtime="Fri Sep 21 17:05:28 CST 2012" />
              <Test name="testVFE2" result="pass" starttime="Fri Sep 21 17:05:28 CST 2012" endtime="Fri Sep 21 17:05:29 CST 2012" />
              <Test name="testVFE5" result="pass" starttime="Fri Sep 21 17:05:29 CST 2012" endtime="Fri Sep 21 17:05:29 CST 2012" />
              <Test name="testVFE6" result="pass" starttime="Fri Sep 21 17:05:29 CST 2012" endtime="Fri Sep 21 17:05:30 CST 2012" />
              <Test name="testVFE7" result="pass" starttime="Fri Sep 21 17:05:30 CST 2012" endtime="Fri Sep 21 17:05:30 CST 2012" />
              <Test name="testVFE8" result="pass" starttime="Fri Sep 21 17:05:30 CST 2012" endtime="Fri Sep 21 17:05:30 CST 2012" />
              <Test name="testVFE9" result="pass" starttime="Fri Sep 21 17:05:30 CST 2012" endtime="Fri Sep 21 17:05:31 CST 2012" />
            </TestCase>
          </TestSuite>
          <TestSuite name="sput_wide">
            <TestCase name="JUnit_Test_sput_wide" priority="">
              <Test name="testE6" result="pass" starttime="Fri Sep 21 17:05:31 CST 2012" endtime="Fri Sep 21 17:05:31 CST 2012" />
              <Test name="testN1" result="pass" starttime="Fri Sep 21 17:05:31 CST 2012" endtime="Fri Sep 21 17:05:32 CST 2012" />
              <Test name="testN2" result="pass" starttime="Fri Sep 21 17:05:32 CST 2012" endtime="Fri Sep 21 17:05:32 CST 2012" />
              <Test name="testN3" result="pass" starttime="Fri Sep 21 17:05:32 CST 2012" endtime="Fri Sep 21 17:05:32 CST 2012" />
              <Test name="testN4" result="pass" starttime="Fri Sep 21 17:05:32 CST 2012" endtime="Fri Sep 21 17:05:33 CST 2012" />
              <Test name="testVFE1" result="pass" starttime="Fri Sep 21 17:05:33 CST 2012" endtime="Fri Sep 21 17:05:33 CST 2012" />
              <Test name="testVFE10" result="pass" starttime="Fri Sep 21 17:05:33 CST 2012" endtime="Fri Sep 21 17:05:34 CST 2012" />
              <Test name="testVFE11" result="pass" starttime="Fri Sep 21 17:05:34 CST 2012" endtime="Fri Sep 21 17:05:34 CST 2012" />
              <Test name="testVFE12" result="pass" starttime="Fri Sep 21 17:05:34 CST 2012" endtime="Fri Sep 21 17:05:35 CST 2012" />
              <Test name="testVFE13" result="pass" starttime="Fri Sep 21 17:05:35 CST 2012" endtime="Fri Sep 21 17:05:35 CST 2012" />
              <Test name="testVFE14" result="pass" starttime="Fri Sep 21 17:05:35 CST 2012" endtime="Fri Sep 21 17:05:35 CST 2012" />
              <Test name="testVFE15" result="pass" starttime="Fri Sep 21 17:05:35 CST 2012" endtime="Fri Sep 21 17:05:36 CST 2012" />
              <Test name="testVFE16" result="pass" starttime="Fri Sep 21 17:05:36 CST 2012" endtime="Fri Sep 21 17:05:36 CST 2012" />
              <Test name="testVFE17" result="pass" starttime="Fri Sep 21 17:05:36 CST 2012" endtime="Fri Sep 21 17:05:37 CST 2012" />
              <Test name="testVFE18" result="pass" starttime="Fri Sep 21 17:05:37 CST 2012" endtime="Fri Sep 21 17:05:37 CST 2012" />
              <Test name="testVFE19" result="pass" starttime="Fri Sep 21 17:05:37 CST 2012" endtime="Fri Sep 21 17:05:38 CST 2012" />
              <Test name="testVFE2" result="pass" starttime="Fri Sep 21 17:05:38 CST 2012" endtime="Fri Sep 21 17:05:38 CST 2012" />
              <Test name="testVFE5" result="pass" starttime="Fri Sep 21 17:05:38 CST 2012" endtime="Fri Sep 21 17:05:38 CST 2012" />
              <Test name="testVFE6" result="pass" starttime="Fri Sep 21 17:05:38 CST 2012" endtime="Fri Sep 21 17:05:39 CST 2012" />
              <Test name="testVFE7" result="pass" starttime="Fri Sep 21 17:05:39 CST 2012" endtime="Fri Sep 21 17:05:39 CST 2012" />
              <Test name="testVFE8" result="pass" starttime="Fri Sep 21 17:05:39 CST 2012" endtime="Fri Sep 21 17:05:40 CST 2012" />
              <Test name="testVFE9" result="pass" starttime="Fri Sep 21 17:05:40 CST 2012" endtime="Fri Sep 21 17:05:40 CST 2012" />
            </TestCase>
          </TestSuite>
          <TestSuite name="sub_double">
            <TestCase name="JUnit_Test_sub_double" priority="">
              <Test name="testB1" result="pass" starttime="Fri Sep 21 17:05:40 CST 2012" endtime="Fri Sep 21 17:05:40 CST 2012" />
              <Test name="testB10" result="pass" starttime="Fri Sep 21 17:05:40 CST 2012" endtime="Fri Sep 21 17:05:41 CST 2012" />
              <Test name="testB2" result="pass" starttime="Fri Sep 21 17:05:41 CST 2012" endtime="Fri Sep 21 17:05:41 CST 2012" />
              <Test name="testB3" result="pass" starttime="Fri Sep 21 17:05:41 CST 2012" endtime="Fri Sep 21 17:05:42 CST 2012" />
              <Test name="testB4" result="pass" starttime="Fri Sep 21 17:05:42 CST 2012" endtime="Fri Sep 21 17:05:42 CST 2012" />
              <Test name="testB5" result="pass" starttime="Fri Sep 21 17:05:42 CST 2012" endtime="Fri Sep 21 17:05:42 CST 2012" />
              <Test name="testB6" result="pass" starttime="Fri Sep 21 17:05:42 CST 2012" endtime="Fri Sep 21 17:05:43 CST 2012" />
              <Test name="testB7" result="pass" starttime="Fri Sep 21 17:05:43 CST 2012" endtime="Fri Sep 21 17:05:43 CST 2012" />
              <Test name="testB8" result="pass" starttime="Fri Sep 21 17:05:43 CST 2012" endtime="Fri Sep 21 17:05:44 CST 2012" />
              <Test name="testB9" result="pass" starttime="Fri Sep 21 17:05:44 CST 2012" endtime="Fri Sep 21 17:05:44 CST 2012" />
              <Test name="testN1" result="pass" starttime="Fri Sep 21 17:05:44 CST 2012" endtime="Fri Sep 21 17:05:44 CST 2012" />
              <Test name="testN2" result="pass" starttime="Fri Sep 21 17:05:44 CST 2012" endtime="Fri Sep 21 17:05:45 CST 2012" />
              <Test name="testN3" result="pass" starttime="Fri Sep 21 17:05:45 CST 2012" endtime="Fri Sep 21 17:05:45 CST 2012" />
              <Test name="testVFE1" result="pass" starttime="Fri Sep 21 17:05:45 CST 2012" endtime="Fri Sep 21 17:05:46 CST 2012" />
              <Test name="testVFE2" result="pass" starttime="Fri Sep 21 17:05:46 CST 2012" endtime="Fri Sep 21 17:05:46 CST 2012" />
              <Test name="testVFE3" result="pass" starttime="Fri Sep 21 17:05:46 CST 2012" endtime="Fri Sep 21 17:05:47 CST 2012" />
              <Test name="testVFE4" result="pass" starttime="Fri Sep 21 17:05:47 CST 2012" endtime="Fri Sep 21 17:05:47 CST 2012" />
              <Test name="testVFE5" result="pass" starttime="Fri Sep 21 17:05:47 CST 2012" endtime="Fri Sep 21 17:05:47 CST 2012" />
            </TestCase>
          </TestSuite>
          <TestSuite name="sub_double_2addr">
            <TestCase name="JUnit_Test_sub_double_2addr" priority="">
              <Test name="testB1" result="pass" starttime="Fri Sep 21 17:05:47 CST 2012" endtime="Fri Sep 21 17:05:48 CST 2012" />
              <Test name="testB10" result="pass" starttime="Fri Sep 21 17:05:48 CST 2012" endtime="Fri Sep 21 17:05:48 CST 2012" />
              <Test name="testB2" result="pass" starttime="Fri Sep 21 17:05:48 CST 2012" endtime="Fri Sep 21 17:05:49 CST 2012" />
              <Test name="testB3" result="pass" starttime="Fri Sep 21 17:05:49 CST 2012" endtime="Fri Sep 21 17:05:49 CST 2012" />
              <Test name="testB4" result="pass" starttime="Fri Sep 21 17:05:49 CST 2012" endtime="Fri Sep 21 17:05:49 CST 2012" />
              <Test name="testB5" result="pass" starttime="Fri Sep 21 17:05:49 CST 2012" endtime="Fri Sep 21 17:05:50 CST 2012" />
              <Test name="testB6" result="pass" starttime="Fri Sep 21 17:05:50 CST 2012" endtime="Fri Sep 21 17:05:50 CST 2012" />
              <Test name="testB7" result="pass" starttime="Fri Sep 21 17:05:50 CST 2012" endtime="Fri Sep 21 17:05:50 CST 2012" />
              <Test name="testB8" result="pass" starttime="Fri Sep 21 17:05:50 CST 2012" endtime="Fri Sep 21 17:05:51 CST 2012" />
              <Test name="testB9" result="pass" starttime="Fri Sep 21 17:05:51 CST 2012" endtime="Fri Sep 21 17:05:51 CST 2012" />
              <Test name="testN1" result="pass" starttime="Fri Sep 21 17:05:51 CST 2012" endtime="Fri Sep 21 17:05:52 CST 2012" />
              <Test name="testN2" result="pass" starttime="Fri Sep 21 17:05:52 CST 2012" endtime="Fri Sep 21 17:05:52 CST 2012" />
              <Test name="testN3" result="pass" starttime="Fri Sep 21 17:05:52 CST 2012" endtime="Fri Sep 21 17:05:52 CST 2012" />
              <Test name="testVFE1" result="pass" starttime="Fri Sep 21 17:05:52 CST 2012" endtime="Fri Sep 21 17:05:53 CST 2012" />
              <Test name="testVFE2" result="pass" starttime="Fri Sep 21 17:05:53 CST 2012" endtime="Fri Sep 21 17:05:53 CST 2012" />
              <Test name="testVFE3" result="pass" starttime="Fri Sep 21 17:05:53 CST 2012" endtime="Fri Sep 21 17:05:54 CST 2012" />
              <Test name="testVFE4" result="pass" starttime="Fri Sep 21 17:05:54 CST 2012" endtime="Fri Sep 21 17:05:54 CST 2012" />
              <Test name="testVFE5" result="pass" starttime="Fri Sep 21 17:05:54 CST 2012" endtime="Fri Sep 21 17:05:54 CST 2012" />
            </TestCase>
          </TestSuite>
          <TestSuite name="sub_float">
            <TestCase name="JUnit_Test_sub_float" priority="">
              <Test name="testB1" result="pass" starttime="Fri Sep 21 17:05:54 CST 2012" endtime="Fri Sep 21 17:05:55 CST 2012" />
              <Test name="testB10" result="pass" starttime="Fri Sep 21 17:05:55 CST 2012" endtime="Fri Sep 21 17:05:55 CST 2012" />
              <Test name="testB11" result="pass" starttime="Fri Sep 21 17:05:55 CST 2012" endtime="Fri Sep 21 17:05:56 CST 2012" />
              <Test name="testB2" result="pass" starttime="Fri Sep 21 17:05:56 CST 2012" endtime="Fri Sep 21 17:05:56 CST 2012" />
              <Test name="testB3" result="pass" starttime="Fri Sep 21 17:05:56 CST 2012" endtime="Fri Sep 21 17:05:56 CST 2012" />
              <Test name="testB4" result="pass" starttime="Fri Sep 21 17:05:56 CST 2012" endtime="Fri Sep 21 17:05:57 CST 2012" />
              <Test name="testB5" result="pass" starttime="Fri Sep 21 17:05:57 CST 2012" endtime="Fri Sep 21 17:05:57 CST 2012" />
              <Test name="testB6" result="pass" starttime="Fri Sep 21 17:05:57 CST 2012" endtime="Fri Sep 21 17:05:58 CST 2012" />
              <Test name="testB7" result="pass" starttime="Fri Sep 21 17:05:58 CST 2012" endtime="Fri Sep 21 17:05:58 CST 2012" />
              <Test name="testB8" result="pass" starttime="Fri Sep 21 17:05:58 CST 2012" endtime="Fri Sep 21 17:05:58 CST 2012" />
              <Test name="testB9" result="pass" starttime="Fri Sep 21 17:05:58 CST 2012" endtime="Fri Sep 21 17:05:59 CST 2012" />
              <Test name="testN1" result="pass" starttime="Fri Sep 21 17:05:59 CST 2012" endtime="Fri Sep 21 17:05:59 CST 2012" />
              <Test name="testN2" result="pass" starttime="Fri Sep 21 17:05:59 CST 2012" endtime="Fri Sep 21 17:05:59 CST 2012" />
              <Test name="testN3" result="pass" starttime="Fri Sep 21 17:05:59 CST 2012" endtime="Fri Sep 21 17:06:00 CST 2012" />
              <Test name="testVFE1" result="pass" starttime="Fri Sep 21 17:06:00 CST 2012" endtime="Fri Sep 21 17:06:00 CST 2012" />
              <Test name="testVFE2" result="pass" starttime="Fri Sep 21 17:06:00 CST 2012" endtime="Fri Sep 21 17:06:01 CST 2012" />
              <Test name="testVFE3" result="pass" starttime="Fri Sep 21 17:06:01 CST 2012" endtime="Fri Sep 21 17:06:01 CST 2012" />
              <Test name="testVFE4" result="pass" starttime="Fri Sep 21 17:06:01 CST 2012" endtime="Fri Sep 21 17:06:02 CST 2012" />
              <Test name="testVFE5" result="pass" starttime="Fri Sep 21 17:06:02 CST 2012" endtime="Fri Sep 21 17:06:02 CST 2012" />
            </TestCase>
          </TestSuite>
          <TestSuite name="sub_float_2addr">
            <TestCase name="JUnit_Test_sub_float_2addr" priority="">
              <Test name="testB1" result="pass" starttime="Fri Sep 21 17:06:02 CST 2012" endtime="Fri Sep 21 17:06:02 CST 2012" />
              <Test name="testB10" result="pass" starttime="Fri Sep 21 17:06:02 CST 2012" endtime="Fri Sep 21 17:06:03 CST 2012" />
              <Test name="testB11" result="pass" starttime="Fri Sep 21 17:06:03 CST 2012" endtime="Fri Sep 21 17:06:03 CST 2012" />
              <Test name="testB2" result="pass" starttime="Fri Sep 21 17:06:03 CST 2012" endtime="Fri Sep 21 17:06:04 CST 2012" />
              <Test name="testB3" result="pass" starttime="Fri Sep 21 17:06:04 CST 2012" endtime="Fri Sep 21 17:06:04 CST 2012" />
              <Test name="testB4" result="pass" starttime="Fri Sep 21 17:06:04 CST 2012" endtime="Fri Sep 21 17:06:04 CST 2012" />
              <Test name="testB5" result="pass" starttime="Fri Sep 21 17:06:04 CST 2012" endtime="Fri Sep 21 17:06:05 CST 2012" />
              <Test name="testB6" result="pass" starttime="Fri Sep 21 17:06:05 CST 2012" endtime="Fri Sep 21 17:06:05 CST 2012" />
              <Test name="testB7" result="pass" starttime="Fri Sep 21 17:06:05 CST 2012" endtime="Fri Sep 21 17:06:06 CST 2012" />
              <Test name="testB8" result="pass" starttime="Fri Sep 21 17:06:06 CST 2012" endtime="Fri Sep 21 17:06:06 CST 2012" />
              <Test name="testB9" result="pass" starttime="Fri Sep 21 17:06:06 CST 2012" endtime="Fri Sep 21 17:06:06 CST 2012" />
              <Test name="testN1" result="pass" starttime="Fri Sep 21 17:06:06 CST 2012" endtime="Fri Sep 21 17:06:07 CST 2012" />
              <Test name="testN2" result="pass" starttime="Fri Sep 21 17:06:07 CST 2012" endtime="Fri Sep 21 17:06:07 CST 2012" />
              <Test name="testN3" result="pass" starttime="Fri Sep 21 17:06:07 CST 2012" endtime="Fri Sep 21 17:06:08 CST 2012" />
              <Test name="testVFE1" result="pass" starttime="Fri Sep 21 17:06:08 CST 2012" endtime="Fri Sep 21 17:06:08 CST 2012" />
              <Test name="testVFE2" result="pass" starttime="Fri Sep 21 17:06:08 CST 2012" endtime="Fri Sep 21 17:06:08 CST 2012" />
              <Test name="testVFE3" result="pass" starttime="Fri Sep 21 17:06:08 CST 2012" endtime="Fri Sep 21 17:06:09 CST 2012" />
              <Test name="testVFE4" result="pass" starttime="Fri Sep 21 17:06:09 CST 2012" endtime="Fri Sep 21 17:06:09 CST 2012" />
              <Test name="testVFE5" result="pass" starttime="Fri Sep 21 17:06:09 CST 2012" endtime="Fri Sep 21 17:06:10 CST 2012" />
            </TestCase>
          </TestSuite>
          <TestSuite name="sub_int">
            <TestCase name="JUnit_Test_sub_int" priority="">
              <Test name="testB1" result="pass" starttime="Fri Sep 21 17:06:10 CST 2012" endtime="Fri Sep 21 17:06:10 CST 2012" />
              <Test name="testB2" result="pass" starttime="Fri Sep 21 17:06:10 CST 2012" endtime="Fri Sep 21 17:06:11 CST 2012" />
              <Test name="testB3" result="pass" starttime="Fri Sep 21 17:06:11 CST 2012" endtime="Fri Sep 21 17:06:11 CST 2012" />
              <Test name="testB4" result="pass" starttime="Fri Sep 21 17:06:11 CST 2012" endtime="Fri Sep 21 17:06:11 CST 2012" />
              <Test name="testB5" result="pass" starttime="Fri Sep 21 17:06:11 CST 2012" endtime="Fri Sep 21 17:06:12 CST 2012" />
              <Test name="testB6" result="pass" starttime="Fri Sep 21 17:06:12 CST 2012" endtime="Fri Sep 21 17:06:12 CST 2012" />
              <Test name="testB7" result="pass" starttime="Fri Sep 21 17:06:12 CST 2012" endtime="Fri Sep 21 17:06:12 CST 2012" />
              <Test name="testB8" result="pass" starttime="Fri Sep 21 17:06:12 CST 2012" endtime="Fri Sep 21 17:06:13 CST 2012" />
              <Test name="testB9" result="pass" starttime="Fri Sep 21 17:06:13 CST 2012" endtime="Fri Sep 21 17:06:13 CST 2012" />
              <Test name="testN1" result="pass" starttime="Fri Sep 21 17:06:13 CST 2012" endtime="Fri Sep 21 17:06:13 CST 2012" />
              <Test name="testN2" result="pass" starttime="Fri Sep 21 17:06:13 CST 2012" endtime="Fri Sep 21 17:06:14 CST 2012" />
              <Test name="testN3" result="pass" starttime="Fri Sep 21 17:06:14 CST 2012" endtime="Fri Sep 21 17:06:14 CST 2012" />
              <Test name="testN4" result="pass" starttime="Fri Sep 21 17:06:14 CST 2012" endtime="Fri Sep 21 17:06:15 CST 2012" />
              <Test name="testVFE1" result="pass" starttime="Fri Sep 21 17:06:15 CST 2012" endtime="Fri Sep 21 17:06:15 CST 2012" />
              <Test name="testVFE2" result="pass" starttime="Fri Sep 21 17:06:15 CST 2012" endtime="Fri Sep 21 17:06:15 CST 2012" />
              <Test name="testVFE3" result="pass" starttime="Fri Sep 21 17:06:15 CST 2012" endtime="Fri Sep 21 17:06:16 CST 2012" />
              <Test name="testVFE4" result="pass" starttime="Fri Sep 21 17:06:16 CST 2012" endtime="Fri Sep 21 17:06:16 CST 2012" />
              <Test name="testVFE5" result="pass" starttime="Fri Sep 21 17:06:16 CST 2012" endtime="Fri Sep 21 17:06:17 CST 2012" />
            </TestCase>
          </TestSuite>
          <TestSuite name="sub_int_2addr">
            <TestCase name="JUnit_Test_sub_int_2addr" priority="">
              <Test name="testB1" result="pass" starttime="Fri Sep 21 17:06:17 CST 2012" endtime="Fri Sep 21 17:06:17 CST 2012" />
              <Test name="testB2" result="pass" starttime="Fri Sep 21 17:06:17 CST 2012" endtime="Fri Sep 21 17:06:18 CST 2012" />
              <Test name="testB3" result="pass" starttime="Fri Sep 21 17:06:18 CST 2012" endtime="Fri Sep 21 17:06:18 CST 2012" />
              <Test name="testB4" result="pass" starttime="Fri Sep 21 17:06:18 CST 2012" endtime="Fri Sep 21 17:06:18 CST 2012" />
              <Test name="testB5" result="pass" starttime="Fri Sep 21 17:06:18 CST 2012" endtime="Fri Sep 21 17:06:19 CST 2012" />
              <Test name="testB6" result="pass" starttime="Fri Sep 21 17:06:19 CST 2012" endtime="Fri Sep 21 17:06:19 CST 2012" />
              <Test name="testB7" result="pass" starttime="Fri Sep 21 17:06:19 CST 2012" endtime="Fri Sep 21 17:06:20 CST 2012" />
              <Test name="testB8" result="pass" starttime="Fri Sep 21 17:06:20 CST 2012" endtime="Fri Sep 21 17:06:20 CST 2012" />
              <Test name="testB9" result="pass" starttime="Fri Sep 21 17:06:20 CST 2012" endtime="Fri Sep 21 17:06:21 CST 2012" />
              <Test name="testN1" result="pass" starttime="Fri Sep 21 17:06:21 CST 2012" endtime="Fri Sep 21 17:06:21 CST 2012" />
              <Test name="testN2" result="pass" starttime="Fri Sep 21 17:06:21 CST 2012" endtime="Fri Sep 21 17:06:21 CST 2012" />
              <Test name="testN3" result="pass" starttime="Fri Sep 21 17:06:21 CST 2012" endtime="Fri Sep 21 17:06:22 CST 2012" />
              <Test name="testN4" result="pass" starttime="Fri Sep 21 17:06:22 CST 2012" endtime="Fri Sep 21 17:06:22 CST 2012" />
              <Test name="testVFE1" result="pass" starttime="Fri Sep 21 17:06:22 CST 2012" endtime="Fri Sep 21 17:06:23 CST 2012" />
              <Test name="testVFE2" result="pass" starttime="Fri Sep 21 17:06:23 CST 2012" endtime="Fri Sep 21 17:06:23 CST 2012" />
              <Test name="testVFE3" result="pass" starttime="Fri Sep 21 17:06:23 CST 2012" endtime="Fri Sep 21 17:06:23 CST 2012" />
              <Test name="testVFE4" result="pass" starttime="Fri Sep 21 17:06:23 CST 2012" endtime="Fri Sep 21 17:06:24 CST 2012" />
              <Test name="testVFE5" result="pass" starttime="Fri Sep 21 17:06:24 CST 2012" endtime="Fri Sep 21 17:06:24 CST 2012" />
            </TestCase>
          </TestSuite>
          <TestSuite name="sub_long">
            <TestCase name="JUnit_Test_sub_long" priority="">
              <Test name="testB1" result="pass" starttime="Fri Sep 21 17:06:24 CST 2012" endtime="Fri Sep 21 17:06:25 CST 2012" />
              <Test name="testB2" result="pass" starttime="Fri Sep 21 17:06:25 CST 2012" endtime="Fri Sep 21 17:06:25 CST 2012" />
              <Test name="testB3" result="pass" starttime="Fri Sep 21 17:06:25 CST 2012" endtime="Fri Sep 21 17:06:25 CST 2012" />
              <Test name="testB4" result="pass" starttime="Fri Sep 21 17:06:25 CST 2012" endtime="Fri Sep 21 17:06:26 CST 2012" />
              <Test name="testB5" result="pass" starttime="Fri Sep 21 17:06:26 CST 2012" endtime="Fri Sep 21 17:06:26 CST 2012" />
              <Test name="testB6" result="pass" starttime="Fri Sep 21 17:06:26 CST 2012" endtime="Fri Sep 21 17:06:27 CST 2012" />
              <Test name="testN1" result="pass" starttime="Fri Sep 21 17:06:27 CST 2012" endtime="Fri Sep 21 17:06:27 CST 2012" />
              <Test name="testN2" result="pass" starttime="Fri Sep 21 17:06:27 CST 2012" endtime="Fri Sep 21 17:06:27 CST 2012" />
              <Test name="testN3" result="pass" starttime="Fri Sep 21 17:06:27 CST 2012" endtime="Fri Sep 21 17:06:28 CST 2012" />
              <Test name="testVFE1" result="pass" starttime="Fri Sep 21 17:06:28 CST 2012" endtime="Fri Sep 21 17:06:28 CST 2012" />
              <Test name="testVFE2" result="pass" starttime="Fri Sep 21 17:06:28 CST 2012" endtime="Fri Sep 21 17:06:29 CST 2012" />
              <Test name="testVFE3" result="pass" starttime="Fri Sep 21 17:06:29 CST 2012" endtime="Fri Sep 21 17:06:29 CST 2012" />
              <Test name="testVFE4" result="pass" starttime="Fri Sep 21 17:06:29 CST 2012" endtime="Fri Sep 21 17:06:29 CST 2012" />
              <Test name="testVFE5" result="pass" starttime="Fri Sep 21 17:06:29 CST 2012" endtime="Fri Sep 21 17:06:30 CST 2012" />
            </TestCase>
          </TestSuite>
          <TestSuite name="sub_long_2addr">
            <TestCase name="JUnit_Test_sub_long_2addr" priority="">
              <Test name="testB1" result="pass" starttime="Fri Sep 21 17:06:30 CST 2012" endtime="Fri Sep 21 17:06:30 CST 2012" />
              <Test name="testB2" result="pass" starttime="Fri Sep 21 17:06:30 CST 2012" endtime="Fri Sep 21 17:06:31 CST 2012" />
              <Test name="testB3" result="pass" starttime="Fri Sep 21 17:06:31 CST 2012" endtime="Fri Sep 21 17:06:31 CST 2012" />
              <Test name="testB4" result="pass" starttime="Fri Sep 21 17:06:31 CST 2012" endtime="Fri Sep 21 17:06:31 CST 2012" />
              <Test name="testB5" result="pass" starttime="Fri Sep 21 17:06:31 CST 2012" endtime="Fri Sep 21 17:06:32 CST 2012" />
              <Test name="testB6" result="pass" starttime="Fri Sep 21 17:06:32 CST 2012" endtime="Fri Sep 21 17:06:32 CST 2012" />
              <Test name="testN1" result="pass" starttime="Fri Sep 21 17:06:32 CST 2012" endtime="Fri Sep 21 17:06:32 CST 2012" />
              <Test name="testN2" result="pass" starttime="Fri Sep 21 17:06:32 CST 2012" endtime="Fri Sep 21 17:06:33 CST 2012" />
              <Test name="testN3" result="pass" starttime="Fri Sep 21 17:06:33 CST 2012" endtime="Fri Sep 21 17:06:33 CST 2012" />
              <Test name="testVFE1" result="pass" starttime="Fri Sep 21 17:06:33 CST 2012" endtime="Fri Sep 21 17:06:34 CST 2012" />
              <Test name="testVFE2" result="pass" starttime="Fri Sep 21 17:06:34 CST 2012" endtime="Fri Sep 21 17:06:34 CST 2012" />
              <Test name="testVFE3" result="pass" starttime="Fri Sep 21 17:06:34 CST 2012" endtime="Fri Sep 21 17:06:35 CST 2012" />
              <Test name="testVFE4" result="pass" starttime="Fri Sep 21 17:06:35 CST 2012" endtime="Fri Sep 21 17:06:35 CST 2012" />
              <Test name="testVFE5" result="pass" starttime="Fri Sep 21 17:06:35 CST 2012" endtime="Fri Sep 21 17:06:36 CST 2012" />
            </TestCase>
          </TestSuite>
          <TestSuite name="ushr_int">
            <TestCase name="JUnit_Test_ushr_int" priority="">
              <Test name="testB1" result="pass" starttime="Fri Sep 21 17:06:36 CST 2012" endtime="Fri Sep 21 17:06:36 CST 2012" />
              <Test name="testB2" result="pass" starttime="Fri Sep 21 17:06:36 CST 2012" endtime="Fri Sep 21 17:06:36 CST 2012" />
              <Test name="testB3" result="pass" starttime="Fri Sep 21 17:06:36 CST 2012" endtime="Fri Sep 21 17:06:37 CST 2012" />
              <Test name="testB4" result="pass" starttime="Fri Sep 21 17:06:37 CST 2012" endtime="Fri Sep 21 17:06:37 CST 2012" />
              <Test name="testN1" result="pass" starttime="Fri Sep 21 17:06:37 CST 2012" endtime="Fri Sep 21 17:06:37 CST 2012" />
              <Test name="testN2" result="pass" starttime="Fri Sep 21 17:06:37 CST 2012" endtime="Fri Sep 21 17:06:38 CST 2012" />
              <Test name="testN3" result="pass" starttime="Fri Sep 21 17:06:38 CST 2012" endtime="Fri Sep 21 17:06:38 CST 2012" />
              <Test name="testN4" result="pass" starttime="Fri Sep 21 17:06:38 CST 2012" endtime="Fri Sep 21 17:06:39 CST 2012" />
              <Test name="testN5" result="pass" starttime="Fri Sep 21 17:06:39 CST 2012" endtime="Fri Sep 21 17:06:39 CST 2012" />
              <Test name="testVFE1" result="pass" starttime="Fri Sep 21 17:06:39 CST 2012" endtime="Fri Sep 21 17:06:39 CST 2012" />
              <Test name="testVFE2" result="pass" starttime="Fri Sep 21 17:06:39 CST 2012" endtime="Fri Sep 21 17:06:40 CST 2012" />
              <Test name="testVFE3" result="pass" starttime="Fri Sep 21 17:06:40 CST 2012" endtime="Fri Sep 21 17:06:40 CST 2012" />
              <Test name="testVFE4" result="pass" starttime="Fri Sep 21 17:06:40 CST 2012" endtime="Fri Sep 21 17:06:41 CST 2012" />
              <Test name="testVFE5" result="pass" starttime="Fri Sep 21 17:06:41 CST 2012" endtime="Fri Sep 21 17:06:41 CST 2012" />
            </TestCase>
          </TestSuite>
          <TestSuite name="ushr_int_2addr">
            <TestCase name="JUnit_Test_ushr_int_2addr" priority="">
              <Test name="testB1" result="pass" starttime="Fri Sep 21 17:06:41 CST 2012" endtime="Fri Sep 21 17:06:41 CST 2012" />
              <Test name="testB2" result="pass" starttime="Fri Sep 21 17:06:41 CST 2012" endtime="Fri Sep 21 17:06:42 CST 2012" />
              <Test name="testB3" result="pass" starttime="Fri Sep 21 17:06:42 CST 2012" endtime="Fri Sep 21 17:06:42 CST 2012" />
              <Test name="testB4" result="pass" starttime="Fri Sep 21 17:06:42 CST 2012" endtime="Fri Sep 21 17:06:43 CST 2012" />
              <Test name="testN1" result="pass" starttime="Fri Sep 21 17:06:43 CST 2012" endtime="Fri Sep 21 17:06:43 CST 2012" />
              <Test name="testN2" result="pass" starttime="Fri Sep 21 17:06:43 CST 2012" endtime="Fri Sep 21 17:06:43 CST 2012" />
              <Test name="testN3" result="pass" starttime="Fri Sep 21 17:06:43 CST 2012" endtime="Fri Sep 21 17:06:44 CST 2012" />
              <Test name="testN4" result="pass" starttime="Fri Sep 21 17:06:44 CST 2012" endtime="Fri Sep 21 17:06:44 CST 2012" />
              <Test name="testN5" result="pass" starttime="Fri Sep 21 17:06:44 CST 2012" endtime="Fri Sep 21 17:06:44 CST 2012" />
              <Test name="testVFE1" result="pass" starttime="Fri Sep 21 17:06:44 CST 2012" endtime="Fri Sep 21 17:06:45 CST 2012" />
              <Test name="testVFE2" result="pass" starttime="Fri Sep 21 17:06:45 CST 2012" endtime="Fri Sep 21 17:06:45 CST 2012" />
              <Test name="testVFE3" result="pass" starttime="Fri Sep 21 17:06:45 CST 2012" endtime="Fri Sep 21 17:06:46 CST 2012" />
              <Test name="testVFE4" result="pass" starttime="Fri Sep 21 17:06:46 CST 2012" endtime="Fri Sep 21 17:06:46 CST 2012" />
              <Test name="testVFE5" result="pass" starttime="Fri Sep 21 17:06:46 CST 2012" endtime="Fri Sep 21 17:06:47 CST 2012" />
            </TestCase>
          </TestSuite>
          <TestSuite name="ushr_int_lit8">
            <TestCase name="JUnit_Test_ushr_int_lit8" priority="">
              <Test name="testB1" result="pass" starttime="Fri Sep 21 17:06:47 CST 2012" endtime="Fri Sep 21 17:06:47 CST 2012" />
              <Test name="testB2" result="pass" starttime="Fri Sep 21 17:06:47 CST 2012" endtime="Fri Sep 21 17:06:47 CST 2012" />
              <Test name="testB3" result="pass" starttime="Fri Sep 21 17:06:47 CST 2012" endtime="Fri Sep 21 17:06:48 CST 2012" />
              <Test name="testB4" result="pass" starttime="Fri Sep 21 17:06:48 CST 2012" endtime="Fri Sep 21 17:06:49 CST 2012" />
              <Test name="testN1" result="pass" starttime="Fri Sep 21 17:06:49 CST 2012" endtime="Fri Sep 21 17:06:49 CST 2012" />
              <Test name="testN2" result="pass" starttime="Fri Sep 21 17:06:49 CST 2012" endtime="Fri Sep 21 17:06:49 CST 2012" />
              <Test name="testN3" result="pass" starttime="Fri Sep 21 17:06:49 CST 2012" endtime="Fri Sep 21 17:06:50 CST 2012" />
              <Test name="testN4" result="pass" starttime="Fri Sep 21 17:06:50 CST 2012" endtime="Fri Sep 21 17:06:50 CST 2012" />
              <Test name="testN5" result="pass" starttime="Fri Sep 21 17:06:50 CST 2012" endtime="Fri Sep 21 17:06:51 CST 2012" />
              <Test name="testVFE1" result="pass" starttime="Fri Sep 21 17:06:51 CST 2012" endtime="Fri Sep 21 17:06:51 CST 2012" />
              <Test name="testVFE2" result="pass" starttime="Fri Sep 21 17:06:51 CST 2012" endtime="Fri Sep 21 17:06:52 CST 2012" />
              <Test name="testVFE3" result="pass" starttime="Fri Sep 21 17:06:52 CST 2012" endtime="Fri Sep 21 17:06:52 CST 2012" />
              <Test name="testVFE4" result="pass" starttime="Fri Sep 21 17:06:52 CST 2012" endtime="Fri Sep 21 17:06:52 CST 2012" />
              <Test name="testVFE5" result="pass" starttime="Fri Sep 21 17:06:52 CST 2012" endtime="Fri Sep 21 17:06:53 CST 2012" />
            </TestCase>
          </TestSuite>
          <TestSuite name="ushr_long">
            <TestCase name="JUnit_Test_ushr_long" priority="">
              <Test name="testB1" result="pass" starttime="Fri Sep 21 17:06:53 CST 2012" endtime="Fri Sep 21 17:06:53 CST 2012" />
              <Test name="testB2" result="pass" starttime="Fri Sep 21 17:06:53 CST 2012" endtime="Fri Sep 21 17:06:54 CST 2012" />
              <Test name="testB3" result="pass" starttime="Fri Sep 21 17:06:54 CST 2012" endtime="Fri Sep 21 17:06:54 CST 2012" />
              <Test name="testB4" result="pass" starttime="Fri Sep 21 17:06:54 CST 2012" endtime="Fri Sep 21 17:06:54 CST 2012" />
              <Test name="testN1" result="pass" starttime="Fri Sep 21 17:06:54 CST 2012" endtime="Fri Sep 21 17:06:55 CST 2012" />
              <Test name="testN2" result="pass" starttime="Fri Sep 21 17:06:55 CST 2012" endtime="Fri Sep 21 17:06:55 CST 2012" />
              <Test name="testN3" result="pass" starttime="Fri Sep 21 17:06:55 CST 2012" endtime="Fri Sep 21 17:06:56 CST 2012" />
              <Test name="testN4" result="pass" starttime="Fri Sep 21 17:06:56 CST 2012" endtime="Fri Sep 21 17:06:56 CST 2012" />
              <Test name="testN5" result="pass" starttime="Fri Sep 21 17:06:56 CST 2012" endtime="Fri Sep 21 17:06:56 CST 2012" />
              <Test name="testN6" result="pass" starttime="Fri Sep 21 17:06:56 CST 2012" endtime="Fri Sep 21 17:06:57 CST 2012" />
              <Test name="testVFE1" result="pass" starttime="Fri Sep 21 17:06:57 CST 2012" endtime="Fri Sep 21 17:06:57 CST 2012" />
              <Test name="testVFE2" result="pass" starttime="Fri Sep 21 17:06:57 CST 2012" endtime="Fri Sep 21 17:06:58 CST 2012" />
              <Test name="testVFE3" result="pass" starttime="Fri Sep 21 17:06:58 CST 2012" endtime="Fri Sep 21 17:06:58 CST 2012" />
              <Test name="testVFE4" result="pass" starttime="Fri Sep 21 17:06:58 CST 2012" endtime="Fri Sep 21 17:06:58 CST 2012" />
              <Test name="testVFE5" result="pass" starttime="Fri Sep 21 17:06:58 CST 2012" endtime="Fri Sep 21 17:06:59 CST 2012" />
              <Test name="testVFE6" result="pass" starttime="Fri Sep 21 17:06:59 CST 2012" endtime="Fri Sep 21 17:06:59 CST 2012" />
            </TestCase>
          </TestSuite>
          <TestSuite name="ushr_long_2addr">
            <TestCase name="JUnit_Test_ushr_long_2addr" priority="">
              <Test name="testB1" result="pass" starttime="Fri Sep 21 17:06:59 CST 2012" endtime="Fri Sep 21 17:07:00 CST 2012" />
              <Test name="testB2" result="pass" starttime="Fri Sep 21 17:07:00 CST 2012" endtime="Fri Sep 21 17:07:00 CST 2012" />
              <Test name="testB3" result="pass" starttime="Fri Sep 21 17:07:00 CST 2012" endtime="Fri Sep 21 17:07:01 CST 2012" />
              <Test name="testB4" result="pass" starttime="Fri Sep 21 17:07:01 CST 2012" endtime="Fri Sep 21 17:07:01 CST 2012" />
              <Test name="testN1" result="pass" starttime="Fri Sep 21 17:07:01 CST 2012" endtime="Fri Sep 21 17:07:01 CST 2012" />
              <Test name="testN2" result="pass" starttime="Fri Sep 21 17:07:01 CST 2012" endtime="Fri Sep 21 17:07:02 CST 2012" />
              <Test name="testN3" result="pass" starttime="Fri Sep 21 17:07:02 CST 2012" endtime="Fri Sep 21 17:07:02 CST 2012" />
              <Test name="testN4" result="pass" starttime="Fri Sep 21 17:07:02 CST 2012" endtime="Fri Sep 21 17:07:02 CST 2012" />
              <Test name="testN5" result="pass" starttime="Fri Sep 21 17:07:02 CST 2012" endtime="Fri Sep 21 17:07:03 CST 2012" />
              <Test name="testN6" result="pass" starttime="Fri Sep 21 17:07:03 CST 2012" endtime="Fri Sep 21 17:07:03 CST 2012" />
              <Test name="testVFE1" result="pass" starttime="Fri Sep 21 17:07:03 CST 2012" endtime="Fri Sep 21 17:07:04 CST 2012" />
              <Test name="testVFE2" result="pass" starttime="Fri Sep 21 17:07:04 CST 2012" endtime="Fri Sep 21 17:07:04 CST 2012" />
              <Test name="testVFE3" result="pass" starttime="Fri Sep 21 17:07:04 CST 2012" endtime="Fri Sep 21 17:07:05 CST 2012" />
              <Test name="testVFE4" result="pass" starttime="Fri Sep 21 17:07:05 CST 2012" endtime="Fri Sep 21 17:07:05 CST 2012" />
              <Test name="testVFE5" result="pass" starttime="Fri Sep 21 17:07:05 CST 2012" endtime="Fri Sep 21 17:07:05 CST 2012" />
              <Test name="testVFE6" result="pass" starttime="Fri Sep 21 17:07:05 CST 2012" endtime="Fri Sep 21 17:07:06 CST 2012" />
            </TestCase>
          </TestSuite>
          <TestSuite name="xor_int">
            <TestCase name="JUnit_Test_xor_int" priority="">
              <Test name="testB1" result="pass" starttime="Fri Sep 21 17:07:06 CST 2012" endtime="Fri Sep 21 17:07:06 CST 2012" />
              <Test name="testB2" result="pass" starttime="Fri Sep 21 17:07:06 CST 2012" endtime="Fri Sep 21 17:07:07 CST 2012" />
              <Test name="testN1" result="pass" starttime="Fri Sep 21 17:07:07 CST 2012" endtime="Fri Sep 21 17:07:07 CST 2012" />
              <Test name="testN2" result="pass" starttime="Fri Sep 21 17:07:07 CST 2012" endtime="Fri Sep 21 17:07:07 CST 2012" />
              <Test name="testN3" result="pass" starttime="Fri Sep 21 17:07:07 CST 2012" endtime="Fri Sep 21 17:07:08 CST 2012" />
              <Test name="testVFE1" result="pass" starttime="Fri Sep 21 17:07:08 CST 2012" endtime="Fri Sep 21 17:07:08 CST 2012" />
              <Test name="testVFE2" result="pass" starttime="Fri Sep 21 17:07:08 CST 2012" endtime="Fri Sep 21 17:07:09 CST 2012" />
              <Test name="testVFE3" result="pass" starttime="Fri Sep 21 17:07:09 CST 2012" endtime="Fri Sep 21 17:07:09 CST 2012" />
              <Test name="testVFE4" result="pass" starttime="Fri Sep 21 17:07:09 CST 2012" endtime="Fri Sep 21 17:07:09 CST 2012" />
            </TestCase>
          </TestSuite>
          <TestSuite name="xor_int_2addr">
            <TestCase name="JUnit_Test_xor_int_2addr" priority="">
              <Test name="testB1" result="pass" starttime="Fri Sep 21 17:07:09 CST 2012" endtime="Fri Sep 21 17:07:10 CST 2012" />
              <Test name="testB2" result="pass" starttime="Fri Sep 21 17:07:10 CST 2012" endtime="Fri Sep 21 17:07:10 CST 2012" />
              <Test name="testN1" result="pass" starttime="Fri Sep 21 17:07:10 CST 2012" endtime="Fri Sep 21 17:07:11 CST 2012" />
              <Test name="testN2" result="pass" starttime="Fri Sep 21 17:07:11 CST 2012" endtime="Fri Sep 21 17:07:11 CST 2012" />
              <Test name="testN3" result="pass" starttime="Fri Sep 21 17:07:11 CST 2012" endtime="Fri Sep 21 17:07:11 CST 2012" />
              <Test name="testVFE1" result="pass" starttime="Fri Sep 21 17:07:11 CST 2012" endtime="Fri Sep 21 17:07:12 CST 2012" />
              <Test name="testVFE2" result="pass" starttime="Fri Sep 21 17:07:12 CST 2012" endtime="Fri Sep 21 17:07:12 CST 2012" />
              <Test name="testVFE3" result="pass" starttime="Fri Sep 21 17:07:12 CST 2012" endtime="Fri Sep 21 17:07:13 CST 2012" />
              <Test name="testVFE4" result="pass" starttime="Fri Sep 21 17:07:13 CST 2012" endtime="Fri Sep 21 17:07:13 CST 2012" />
            </TestCase>
          </TestSuite>
          <TestSuite name="xor_int_lit16">
            <TestCase name="JUnit_Test_xor_int_lit16" priority="">
              <Test name="testB1" result="pass" starttime="Fri Sep 21 17:07:13 CST 2012" endtime="Fri Sep 21 17:07:13 CST 2012" />
              <Test name="testB2" result="pass" starttime="Fri Sep 21 17:07:13 CST 2012" endtime="Fri Sep 21 17:07:14 CST 2012" />
              <Test name="testN1" result="pass" starttime="Fri Sep 21 17:07:14 CST 2012" endtime="Fri Sep 21 17:07:14 CST 2012" />
              <Test name="testN2" result="pass" starttime="Fri Sep 21 17:07:14 CST 2012" endtime="Fri Sep 21 17:07:15 CST 2012" />
              <Test name="testVFE1" result="pass" starttime="Fri Sep 21 17:07:15 CST 2012" endtime="Fri Sep 21 17:07:15 CST 2012" />
              <Test name="testVFE2" result="pass" starttime="Fri Sep 21 17:07:15 CST 2012" endtime="Fri Sep 21 17:07:16 CST 2012" />
              <Test name="testVFE3" result="pass" starttime="Fri Sep 21 17:07:16 CST 2012" endtime="Fri Sep 21 17:07:16 CST 2012" />
              <Test name="testVFE4" result="pass" starttime="Fri Sep 21 17:07:16 CST 2012" endtime="Fri Sep 21 17:07:16 CST 2012" />
            </TestCase>
          </TestSuite>
          <TestSuite name="xor_int_lit8">
            <TestCase name="JUnit_Test_xor_int_lit8" priority="">
              <Test name="testB1" result="pass" starttime="Fri Sep 21 17:07:16 CST 2012" endtime="Fri Sep 21 17:07:17 CST 2012" />
              <Test name="testB2" result="pass" starttime="Fri Sep 21 17:07:17 CST 2012" endtime="Fri Sep 21 17:07:17 CST 2012" />
              <Test name="testN1" result="pass" starttime="Fri Sep 21 17:07:17 CST 2012" endtime="Fri Sep 21 17:07:18 CST 2012" />
              <Test name="testN2" result="pass" starttime="Fri Sep 21 17:07:18 CST 2012" endtime="Fri Sep 21 17:07:18 CST 2012" />
              <Test name="testVFE1" result="pass" starttime="Fri Sep 21 17:07:18 CST 2012" endtime="Fri Sep 21 17:07:19 CST 2012" />
              <Test name="testVFE2" result="pass" starttime="Fri Sep 21 17:07:19 CST 2012" endtime="Fri Sep 21 17:07:19 CST 2012" />
              <Test name="testVFE3" result="pass" starttime="Fri Sep 21 17:07:19 CST 2012" endtime="Fri Sep 21 17:07:19 CST 2012" />
              <Test name="testVFE4" result="pass" starttime="Fri Sep 21 17:07:19 CST 2012" endtime="Fri Sep 21 17:07:20 CST 2012" />
            </TestCase>
          </TestSuite>
          <TestSuite name="xor_long">
            <TestCase name="JUnit_Test_xor_long" priority="">
              <Test name="testB1" result="pass" starttime="Fri Sep 21 17:07:20 CST 2012" endtime="Fri Sep 21 17:07:20 CST 2012" />
              <Test name="testB2" result="pass" starttime="Fri Sep 21 17:07:20 CST 2012" endtime="Fri Sep 21 17:07:21 CST 2012" />
              <Test name="testB3" result="pass" starttime="Fri Sep 21 17:07:21 CST 2012" endtime="Fri Sep 21 17:07:21 CST 2012" />
              <Test name="testN1" result="pass" starttime="Fri Sep 21 17:07:21 CST 2012" endtime="Fri Sep 21 17:07:21 CST 2012" />
              <Test name="testN2" result="pass" starttime="Fri Sep 21 17:07:21 CST 2012" endtime="Fri Sep 21 17:07:22 CST 2012" />
              <Test name="testN3" result="pass" starttime="Fri Sep 21 17:07:22 CST 2012" endtime="Fri Sep 21 17:07:22 CST 2012" />
              <Test name="testVFE1" result="pass" starttime="Fri Sep 21 17:07:22 CST 2012" endtime="Fri Sep 21 17:07:23 CST 2012" />
              <Test name="testVFE2" result="pass" starttime="Fri Sep 21 17:07:23 CST 2012" endtime="Fri Sep 21 17:07:23 CST 2012" />
              <Test name="testVFE3" result="pass" starttime="Fri Sep 21 17:07:23 CST 2012" endtime="Fri Sep 21 17:07:23 CST 2012" />
              <Test name="testVFE4" result="pass" starttime="Fri Sep 21 17:07:23 CST 2012" endtime="Fri Sep 21 17:07:24 CST 2012" />
              <Test name="testVFE5" result="pass" starttime="Fri Sep 21 17:07:24 CST 2012" endtime="Fri Sep 21 17:07:24 CST 2012" />
            </TestCase>
          </TestSuite>
          <TestSuite name="xor_long_2addr">
            <TestCase name="JUnit_Test_xor_long_2addr" priority="">
              <Test name="testB1" result="pass" starttime="Fri Sep 21 17:07:24 CST 2012" endtime="Fri Sep 21 17:07:25 CST 2012" />
              <Test name="testB2" result="pass" starttime="Fri Sep 21 17:07:25 CST 2012" endtime="Fri Sep 21 17:07:25 CST 2012" />
              <Test name="testB3" result="pass" starttime="Fri Sep 21 17:07:25 CST 2012" endtime="Fri Sep 21 17:07:26 CST 2012" />
              <Test name="testN1" result="pass" starttime="Fri Sep 21 17:07:26 CST 2012" endtime="Fri Sep 21 17:07:26 CST 2012" />
              <Test name="testN2" result="pass" starttime="Fri Sep 21 17:07:26 CST 2012" endtime="Fri Sep 21 17:07:26 CST 2012" />
              <Test name="testN3" result="pass" starttime="Fri Sep 21 17:07:26 CST 2012" endtime="Fri Sep 21 17:07:27 CST 2012" />
              <Test name="testVFE1" result="pass" starttime="Fri Sep 21 17:07:27 CST 2012" endtime="Fri Sep 21 17:07:27 CST 2012" />
              <Test name="testVFE2" result="pass" starttime="Fri Sep 21 17:07:27 CST 2012" endtime="Fri Sep 21 17:07:28 CST 2012" />
              <Test name="testVFE3" result="pass" starttime="Fri Sep 21 17:07:28 CST 2012" endtime="Fri Sep 21 17:07:28 CST 2012" />
              <Test name="testVFE4" result="pass" starttime="Fri Sep 21 17:07:28 CST 2012" endtime="Fri Sep 21 17:07:29 CST 2012" />
              <Test name="testVFE5" result="pass" starttime="Fri Sep 21 17:07:29 CST 2012" endtime="Fri Sep 21 17:07:29 CST 2012" />
            </TestCase>
          </TestSuite>
        </TestSuite>
        <TestSuite name="verify">
          <TestSuite name="a1">
            <TestCase name="JUnit_Test_a1" priority="">
              <Test name="testVFE1" result="pass" starttime="Fri Sep 21 17:07:29 CST 2012" endtime="Fri Sep 21 17:07:29 CST 2012" />
            </TestCase>
          </TestSuite>
          <TestSuite name="a3">
            <TestCase name="JUnit_Test_a3" priority="">
              <Test name="testVFE1" result="pass" starttime="Fri Sep 21 17:07:29 CST 2012" endtime="Fri Sep 21 17:07:30 CST 2012" />
            </TestCase>
          </TestSuite>
          <TestSuite name="a5">
            <TestCase name="JUnit_Test_a5" priority="">
              <Test name="testVFE1" result="pass" starttime="Fri Sep 21 17:07:30 CST 2012" endtime="Fri Sep 21 17:07:30 CST 2012" />
            </TestCase>
          </TestSuite>
          <TestSuite name="b17">
            <TestCase name="JUnit_Test_b17" priority="">
              <Test name="testVFE1" result="pass" starttime="Fri Sep 21 17:07:30 CST 2012" endtime="Fri Sep 21 17:07:31 CST 2012" />
            </TestCase>
          </TestSuite>
          <TestSuite name="b2">
            <TestCase name="JUnit_Test_b2" priority="">
              <Test name="testVFE1" result="pass" starttime="Fri Sep 21 17:07:31 CST 2012" endtime="Fri Sep 21 17:07:31 CST 2012" />
              <Test name="testVFE2" result="pass" starttime="Fri Sep 21 17:07:31 CST 2012" endtime="Fri Sep 21 17:07:32 CST 2012" />
              <Test name="testVFE3" result="pass" starttime="Fri Sep 21 17:07:32 CST 2012" endtime="Fri Sep 21 17:07:32 CST 2012" />
              <Test name="testVFE4" result="pass" starttime="Fri Sep 21 17:07:32 CST 2012" endtime="Fri Sep 21 17:07:32 CST 2012" />
              <Test name="testVFE5" result="pass" starttime="Fri Sep 21 17:07:32 CST 2012" endtime="Fri Sep 21 17:07:33 CST 2012" />
            </TestCase>
          </TestSuite>
          <TestSuite name="b3">
            <TestCase name="JUnit_Test_b3" priority="">
              <Test name="testVFE1" result="pass" starttime="Fri Sep 21 17:07:33 CST 2012" endtime="Fri Sep 21 17:07:33 CST 2012" />
              <Test name="testVFE2" result="pass" starttime="Fri Sep 21 17:07:33 CST 2012" endtime="Fri Sep 21 17:07:34 CST 2012" />
            </TestCase>
          </TestSuite>
        </TestSuite>
      </TestSuite>
    </TestSuite>
  </TestPackage>
  <TestPackage name="CtsDatabaseTestCases" appPackageName="android.database" digest="a06430c0b2d2a9f1958b389a2882d3872f33333a">
    <TestSuite name="android">
      <TestSuite name="database">
        <TestSuite name="cts">
          <TestCase name="AbstractCursorTest" priority="">
            <Test name="testCheckPosition" result="pass" starttime="Fri Sep 21 11:34:09 CST 2012" endtime="Fri Sep 21 11:34:10 CST 2012" />
            <Test name="testConstructor" result="pass" starttime="Fri Sep 21 11:34:10 CST 2012" endtime="Fri Sep 21 11:34:10 CST 2012" />
            <Test name="testCopyStringToBuffer" result="pass" starttime="Fri Sep 21 11:34:10 CST 2012" endtime="Fri Sep 21 11:34:11 CST 2012" />
            <Test name="testDeactivate" result="pass" starttime="Fri Sep 21 11:34:11 CST 2012" endtime="Fri Sep 21 11:34:11 CST 2012" />
            <Test name="testGetBlob" result="pass" starttime="Fri Sep 21 11:34:11 CST 2012" endtime="Fri Sep 21 11:34:11 CST 2012" />
            <Test name="testGetColumnCount" result="pass" starttime="Fri Sep 21 11:34:11 CST 2012" endtime="Fri Sep 21 11:34:12 CST 2012" />
            <Test name="testGetColumnIndex" result="pass" starttime="Fri Sep 21 11:34:12 CST 2012" endtime="Fri Sep 21 11:34:12 CST 2012" />
            <Test name="testGetColumnIndexOrThrow" result="pass" starttime="Fri Sep 21 11:34:12 CST 2012" endtime="Fri Sep 21 11:34:12 CST 2012" />
            <Test name="testGetColumnName" result="pass" starttime="Fri Sep 21 11:34:12 CST 2012" endtime="Fri Sep 21 11:34:13 CST 2012" />
            <Test name="testGetColumnNames" result="pass" starttime="Fri Sep 21 11:34:13 CST 2012" endtime="Fri Sep 21 11:34:13 CST 2012" />
            <Test name="testGetCount" result="pass" starttime="Fri Sep 21 11:34:13 CST 2012" endtime="Fri Sep 21 11:34:13 CST 2012" />
            <Test name="testGetExtras" result="pass" starttime="Fri Sep 21 11:34:13 CST 2012" endtime="Fri Sep 21 11:34:14 CST 2012" />
            <Test name="testGetUpdatedField" result="pass" starttime="Fri Sep 21 11:34:14 CST 2012" endtime="Fri Sep 21 11:34:14 CST 2012" />
            <Test name="testGetWantsAllOnMoveCalls" result="pass" starttime="Fri Sep 21 11:34:14 CST 2012" endtime="Fri Sep 21 11:34:14 CST 2012" />
            <Test name="testGetWindow" result="pass" starttime="Fri Sep 21 11:34:14 CST 2012" endtime="Fri Sep 21 11:34:15 CST 2012" />
            <Test name="testIsClosed" result="pass" starttime="Fri Sep 21 11:34:15 CST 2012" endtime="Fri Sep 21 11:34:15 CST 2012" />
            <Test name="testIsFieldUpdated" result="pass" starttime="Fri Sep 21 11:34:15 CST 2012" endtime="Fri Sep 21 11:34:16 CST 2012" />
            <Test name="testMoveToPrevious" result="pass" starttime="Fri Sep 21 11:34:16 CST 2012" endtime="Fri Sep 21 11:34:16 CST 2012" />
            <Test name="testOnChange" result="pass" starttime="Fri Sep 21 11:34:16 CST 2012" endtime="Fri Sep 21 11:34:16 CST 2012" />
            <Test name="testOnMove" result="pass" starttime="Fri Sep 21 11:34:16 CST 2012" endtime="Fri Sep 21 11:34:17 CST 2012" />
            <Test name="testRegisterContentObserver" result="pass" starttime="Fri Sep 21 11:34:17 CST 2012" endtime="Fri Sep 21 11:34:17 CST 2012" />
            <Test name="testRegisterDataSetObserver" result="pass" starttime="Fri Sep 21 11:34:17 CST 2012" endtime="Fri Sep 21 11:34:18 CST 2012" />
            <Test name="testRequery" result="pass" starttime="Fri Sep 21 11:34:18 CST 2012" endtime="Fri Sep 21 11:34:18 CST 2012" />
            <Test name="testRespond" result="pass" starttime="Fri Sep 21 11:34:18 CST 2012" endtime="Fri Sep 21 11:34:18 CST 2012" />
            <Test name="testSetNotificationUri" result="pass" starttime="Fri Sep 21 11:34:18 CST 2012" endtime="Fri Sep 21 11:34:19 CST 2012" />
          </TestCase>
          <TestCase name="AbstractCursor_SelfContentObserverTest" priority="">
            <Test name="testAndroidTestCaseSetupProperly" result="pass" starttime="Fri Sep 21 11:34:19 CST 2012" endtime="Fri Sep 21 11:34:19 CST 2012" />
            <Test name="testConstructor" result="pass" starttime="Fri Sep 21 11:34:19 CST 2012" endtime="Fri Sep 21 11:34:19 CST 2012" />
            <Test name="testDeliverSelfNotifications" result="pass" starttime="Fri Sep 21 11:34:19 CST 2012" endtime="Fri Sep 21 11:34:19 CST 2012" />
            <Test name="testOnChange" result="pass" starttime="Fri Sep 21 11:34:19 CST 2012" endtime="Fri Sep 21 11:34:19 CST 2012" />
          </TestCase>
          <TestCase name="AbstractWindowedCursorTest" priority="">
            <Test name="testCheckPosition" result="pass" starttime="Fri Sep 21 11:34:19 CST 2012" endtime="Fri Sep 21 11:34:19 CST 2012" />
            <Test name="testCopyStringToBuffer" result="pass" starttime="Fri Sep 21 11:34:19 CST 2012" endtime="Fri Sep 21 11:34:19 CST 2012" />
            <Test name="testGetBlob" result="pass" starttime="Fri Sep 21 11:34:19 CST 2012" endtime="Fri Sep 21 11:34:19 CST 2012" />
            <Test name="testGetDouble" result="pass" starttime="Fri Sep 21 11:34:19 CST 2012" endtime="Fri Sep 21 11:34:20 CST 2012" />
            <Test name="testGetFloat" result="pass" starttime="Fri Sep 21 11:34:20 CST 2012" endtime="Fri Sep 21 11:34:20 CST 2012" />
            <Test name="testGetInt" result="pass" starttime="Fri Sep 21 11:34:20 CST 2012" endtime="Fri Sep 21 11:34:20 CST 2012" />
            <Test name="testGetLong" result="pass" starttime="Fri Sep 21 11:34:20 CST 2012" endtime="Fri Sep 21 11:34:20 CST 2012" />
            <Test name="testGetShort" result="pass" starttime="Fri Sep 21 11:34:20 CST 2012" endtime="Fri Sep 21 11:34:20 CST 2012" />
            <Test name="testGetString" result="pass" starttime="Fri Sep 21 11:34:20 CST 2012" endtime="Fri Sep 21 11:34:20 CST 2012" />
            <Test name="testHasWindow" result="pass" starttime="Fri Sep 21 11:34:20 CST 2012" endtime="Fri Sep 21 11:34:20 CST 2012" />
            <Test name="testIsBlob" result="pass" starttime="Fri Sep 21 11:34:20 CST 2012" endtime="Fri Sep 21 11:34:20 CST 2012" />
            <Test name="testIsNull" result="pass" starttime="Fri Sep 21 11:34:20 CST 2012" endtime="Fri Sep 21 11:34:20 CST 2012" />
          </TestCase>
          <TestCase name="CharArrayBufferTest" priority="">
            <Test name="testAndroidTestCaseSetupProperly" result="pass" starttime="Fri Sep 21 11:34:20 CST 2012" endtime="Fri Sep 21 11:34:21 CST 2012" />
            <Test name="testCharArrayBuffer" result="pass" starttime="Fri Sep 21 11:34:21 CST 2012" endtime="Fri Sep 21 11:34:21 CST 2012" />
          </TestCase>
          <TestCase name="ContentObservableTest" priority="">
            <Test name="testDispatchChange" result="pass" starttime="Fri Sep 21 11:34:21 CST 2012" endtime="Fri Sep 21 11:34:21 CST 2012" />
            <Test name="testDispatchChangeWithUri" result="pass" starttime="Fri Sep 21 11:34:21 CST 2012" endtime="Fri Sep 21 11:34:21 CST 2012" />
            <Test name="testNotifyChange" result="pass" starttime="Fri Sep 21 11:34:21 CST 2012" endtime="Fri Sep 21 11:34:21 CST 2012" />
          </TestCase>
          <TestCase name="ContentObserverTest" priority="">
            <Test name="testContentObserver" result="pass" starttime="Fri Sep 21 11:34:21 CST 2012" endtime="Fri Sep 21 11:34:21 CST 2012" />
            <Test name="testContentObserverWithUri" result="pass" starttime="Fri Sep 21 11:34:21 CST 2012" endtime="Fri Sep 21 11:34:21 CST 2012" />
            <Test name="testDeliverSelfNotifications" result="pass" starttime="Fri Sep 21 11:34:21 CST 2012" endtime="Fri Sep 21 11:34:21 CST 2012" />
          </TestCase>
          <TestCase name="CursorIndexOutOfBoundsExceptionTest" priority="">
            <Test name="testAndroidTestCaseSetupProperly" result="pass" starttime="Fri Sep 21 11:34:21 CST 2012" endtime="Fri Sep 21 11:34:21 CST 2012" />
            <Test name="testConstructors" result="pass" starttime="Fri Sep 21 11:34:21 CST 2012" endtime="Fri Sep 21 11:34:22 CST 2012" />
          </TestCase>
          <TestCase name="CursorJoinerTest" priority="">
            <Test name="testAndroidTestCaseSetupProperly" result="pass" starttime="Fri Sep 21 11:34:22 CST 2012" endtime="Fri Sep 21 11:34:22 CST 2012" />
            <Test name="testCursorJoinerAndIterator" result="pass" starttime="Fri Sep 21 11:34:22 CST 2012" endtime="Fri Sep 21 11:34:24 CST 2012" />
            <Test name="testNext" result="pass" starttime="Fri Sep 21 11:34:24 CST 2012" endtime="Fri Sep 21 11:34:24 CST 2012" />
          </TestCase>
          <TestCase name="CursorWindowTest" priority="">
            <Test name="testAccessDataValues" result="pass" starttime="Fri Sep 21 11:34:24 CST 2012" endtime="Fri Sep 21 11:34:24 CST 2012" />
            <Test name="testAccessStartPosition" result="pass" starttime="Fri Sep 21 11:34:24 CST 2012" endtime="Fri Sep 21 11:34:24 CST 2012" />
            <Test name="testAndroidTestCaseSetupProperly" result="pass" starttime="Fri Sep 21 11:34:24 CST 2012" endtime="Fri Sep 21 11:34:24 CST 2012" />
            <Test name="testClearAndOnAllReferencesReleased" result="pass" starttime="Fri Sep 21 11:34:24 CST 2012" endtime="Fri Sep 21 11:34:25 CST 2012" />
            <Test name="testConstructors" result="pass" starttime="Fri Sep 21 11:34:25 CST 2012" endtime="Fri Sep 21 11:34:25 CST 2012" />
            <Test name="testCopyStringToBuffer" result="pass" starttime="Fri Sep 21 11:34:25 CST 2012" endtime="Fri Sep 21 11:34:25 CST 2012" />
            <Test name="testDataStructureOperations" result="pass" starttime="Fri Sep 21 11:34:25 CST 2012" endtime="Fri Sep 21 11:34:25 CST 2012" />
            <Test name="testDescribeContents" result="pass" starttime="Fri Sep 21 11:34:25 CST 2012" endtime="Fri Sep 21 11:34:25 CST 2012" />
            <Test name="testEmptyString" result="pass" starttime="Fri Sep 21 11:34:25 CST 2012" endtime="Fri Sep 21 11:34:25 CST 2012" />
            <Test name="testNull" result="pass" starttime="Fri Sep 21 11:34:25 CST 2012" endtime="Fri Sep 21 11:34:25 CST 2012" />
            <Test name="testWriteCursorToWindow" result="pass" starttime="Fri Sep 21 11:34:25 CST 2012" endtime="Fri Sep 21 11:34:25 CST 2012" />
          </TestCase>
          <TestCase name="CursorWrapperTest" priority="">
            <Test name="testAndroidTestCaseSetupProperly" result="pass" starttime="Fri Sep 21 11:34:25 CST 2012" endtime="Fri Sep 21 11:34:25 CST 2012" />
            <Test name="testConstrucotorAndClose" result="pass" starttime="Fri Sep 21 11:34:25 CST 2012" endtime="Fri Sep 21 11:34:26 CST 2012" />
            <Test name="testContentObsererOperations" result="pass" starttime="Fri Sep 21 11:34:26 CST 2012" endtime="Fri Sep 21 11:34:26 CST 2012" />
            <Test name="testCopyStringToBuffer" result="pass" starttime="Fri Sep 21 11:34:26 CST 2012" endtime="Fri Sep 21 11:34:26 CST 2012" />
            <Test name="testDeactivate" result="pass" starttime="Fri Sep 21 11:34:26 CST 2012" endtime="Fri Sep 21 11:34:26 CST 2012" />
            <Test name="testGetCount" result="pass" starttime="Fri Sep 21 11:34:26 CST 2012" endtime="Fri Sep 21 11:34:27 CST 2012" />
            <Test name="testGetExtras" result="pass" starttime="Fri Sep 21 11:34:27 CST 2012" endtime="Fri Sep 21 11:34:27 CST 2012" />
            <Test name="testGetWantsAllOnMoveCalls" result="pass" starttime="Fri Sep 21 11:34:27 CST 2012" endtime="Fri Sep 21 11:34:27 CST 2012" />
            <Test name="testGettingColumnInfos" result="pass" starttime="Fri Sep 21 11:34:27 CST 2012" endtime="Fri Sep 21 11:34:28 CST 2012" />
            <Test name="testGettingValues" result="pass" starttime="Fri Sep 21 11:34:28 CST 2012" endtime="Fri Sep 21 11:34:28 CST 2012" />
            <Test name="testPositioning" result="pass" starttime="Fri Sep 21 11:34:28 CST 2012" endtime="Fri Sep 21 11:34:28 CST 2012" />
            <Test name="testRespond" result="pass" starttime="Fri Sep 21 11:34:28 CST 2012" endtime="Fri Sep 21 11:34:29 CST 2012" />
          </TestCase>
          <TestCase name="DataSetObservableTest" priority="">
            <Test name="testAndroidTestCaseSetupProperly" result="pass" starttime="Fri Sep 21 11:34:29 CST 2012" endtime="Fri Sep 21 11:34:29 CST 2012" />
            <Test name="testNotifyMethods" result="pass" starttime="Fri Sep 21 11:34:29 CST 2012" endtime="Fri Sep 21 11:34:29 CST 2012" />
          </TestCase>
          <TestCase name="DataSetObserverTest" priority="">
            <Test name="testAndroidTestCaseSetupProperly" result="pass" starttime="Fri Sep 21 11:34:29 CST 2012" endtime="Fri Sep 21 11:34:29 CST 2012" />
            <Test name="testOnChanged" result="pass" starttime="Fri Sep 21 11:34:29 CST 2012" endtime="Fri Sep 21 11:34:29 CST 2012" />
            <Test name="testOnInvalidated" result="pass" starttime="Fri Sep 21 11:34:29 CST 2012" endtime="Fri Sep 21 11:34:29 CST 2012" />
          </TestCase>
          <TestCase name="DatabaseCursorTest" priority="">
            <Test name="testAndroidTestCaseSetupProperly" result="pass" starttime="Fri Sep 21 11:34:29 CST 2012" endtime="Fri Sep 21 11:34:29 CST 2012" />
            <Test name="testBlob" result="pass" starttime="Fri Sep 21 11:34:29 CST 2012" endtime="Fri Sep 21 11:34:29 CST 2012" />
            <Test name="testCursor1" result="pass" starttime="Fri Sep 21 11:34:29 CST 2012" endtime="Fri Sep 21 11:34:30 CST 2012" />
            <Test name="testCursor2" result="pass" starttime="Fri Sep 21 11:34:30 CST 2012" endtime="Fri Sep 21 11:34:30 CST 2012" />
            <Test name="testLargeField" result="pass" starttime="Fri Sep 21 11:34:30 CST 2012" endtime="Fri Sep 21 11:34:30 CST 2012" />
            <Test name="testManyRowsLong" result="pass" starttime="Fri Sep 21 11:34:30 CST 2012" endtime="Fri Sep 21 11:34:32 CST 2012" />
            <Test name="testManyRowsTxt" result="pass" starttime="Fri Sep 21 11:34:32 CST 2012" endtime="Fri Sep 21 11:35:00 CST 2012" />
            <Test name="testManyRowsTxtLong" result="pass" starttime="Fri Sep 21 11:35:00 CST 2012" endtime="Fri Sep 21 11:35:31 CST 2012" />
            <Test name="testRealColumns" result="pass" starttime="Fri Sep 21 11:35:31 CST 2012" endtime="Fri Sep 21 11:35:31 CST 2012" />
            <Test name="testRequery" result="pass" starttime="Fri Sep 21 11:35:31 CST 2012" endtime="Fri Sep 21 11:35:31 CST 2012" />
            <Test name="testRequeryWithAlteredSelectionArgs" result="pass" starttime="Fri Sep 21 11:35:31 CST 2012" endtime="Fri Sep 21 11:35:31 CST 2012" />
            <Test name="testRequeryWithSelection" result="pass" starttime="Fri Sep 21 11:35:31 CST 2012" endtime="Fri Sep 21 11:35:31 CST 2012" />
            <Test name="testRequeryWithSelectionArgs" result="pass" starttime="Fri Sep 21 11:35:31 CST 2012" endtime="Fri Sep 21 11:35:32 CST 2012" />
          </TestCase>
          <TestCase name="DatabaseUtilsTest" priority="">
            <Test name="testAndroidTestCaseSetupProperly" result="pass" starttime="Fri Sep 21 11:35:32 CST 2012" endtime="Fri Sep 21 11:35:32 CST 2012" />
            <Test name="testAppendEscapedSQLString" result="pass" starttime="Fri Sep 21 11:35:32 CST 2012" endtime="Fri Sep 21 11:35:32 CST 2012" />
            <Test name="testAppendValueToSql" result="pass" starttime="Fri Sep 21 11:35:32 CST 2012" endtime="Fri Sep 21 11:35:32 CST 2012" />
            <Test name="testBindObjectToProgram" result="pass" starttime="Fri Sep 21 11:35:32 CST 2012" endtime="Fri Sep 21 11:35:32 CST 2012" />
            <Test name="testBlobFileDescriptorForQuery" result="pass" starttime="Fri Sep 21 11:35:32 CST 2012" endtime="Fri Sep 21 11:35:32 CST 2012" />
            <Test name="testCollationKey" result="pass" starttime="Fri Sep 21 11:35:32 CST 2012" endtime="Fri Sep 21 11:35:32 CST 2012" />
            <Test name="testCreateDbFromSqlStatements" result="pass" starttime="Fri Sep 21 11:35:32 CST 2012" endtime="Fri Sep 21 11:35:33 CST 2012" />
            <Test name="testCursorDoubleToContentValues" result="pass" starttime="Fri Sep 21 11:35:33 CST 2012" endtime="Fri Sep 21 11:35:33 CST 2012" />
            <Test name="testCursorDoubleToCursorValues" result="pass" starttime="Fri Sep 21 11:35:33 CST 2012" endtime="Fri Sep 21 11:35:34 CST 2012" />
            <Test name="testCursorIntToContentValues" result="pass" starttime="Fri Sep 21 11:35:34 CST 2012" endtime="Fri Sep 21 11:35:34 CST 2012" />
            <Test name="testCursorRowToContentValues" result="pass" starttime="Fri Sep 21 11:35:34 CST 2012" endtime="Fri Sep 21 11:35:34 CST 2012" />
            <Test name="testCursorStringToContentValues" result="pass" starttime="Fri Sep 21 11:35:34 CST 2012" endtime="Fri Sep 21 11:35:34 CST 2012" />
            <Test name="testCursorStringToInsertHelper" result="pass" starttime="Fri Sep 21 11:35:34 CST 2012" endtime="Fri Sep 21 11:35:34 CST 2012" />
            <Test name="testDumpCurrentRow" result="pass" starttime="Fri Sep 21 11:35:35 CST 2012" endtime="Fri Sep 21 11:35:35 CST 2012" />
            <Test name="testDumpCursor" result="pass" starttime="Fri Sep 21 11:35:35 CST 2012" endtime="Fri Sep 21 11:35:35 CST 2012" />
            <Test name="testExceptionFromParcel" result="pass" starttime="Fri Sep 21 11:35:35 CST 2012" endtime="Fri Sep 21 11:35:35 CST 2012" />
            <Test name="testLongForQuery" result="pass" starttime="Fri Sep 21 11:35:35 CST 2012" endtime="Fri Sep 21 11:35:35 CST 2012" />
            <Test name="testQueryNumEntries" result="pass" starttime="Fri Sep 21 11:35:35 CST 2012" endtime="Fri Sep 21 11:35:36 CST 2012" />
            <Test name="testSqlEscapeString" result="pass" starttime="Fri Sep 21 11:35:36 CST 2012" endtime="Fri Sep 21 11:35:36 CST 2012" />
            <Test name="testStringForQuery" result="pass" starttime="Fri Sep 21 11:35:36 CST 2012" endtime="Fri Sep 21 11:35:36 CST 2012" />
            <Test name="testcursorLongToContentValues" result="pass" starttime="Fri Sep 21 11:35:36 CST 2012" endtime="Fri Sep 21 11:35:36 CST 2012" />
          </TestCase>
          <TestCase name="DatabaseUtils_InsertHelperTest" priority="">
            <Test name="testAndroidTestCaseSetupProperly" result="pass" starttime="Fri Sep 21 11:35:36 CST 2012" endtime="Fri Sep 21 11:35:36 CST 2012" />
            <Test name="testClose" result="pass" starttime="Fri Sep 21 11:35:36 CST 2012" endtime="Fri Sep 21 11:35:37 CST 2012" />
            <Test name="testConstructor" result="pass" starttime="Fri Sep 21 11:35:37 CST 2012" endtime="Fri Sep 21 11:35:37 CST 2012" />
            <Test name="testGetColumnIndex" result="pass" starttime="Fri Sep 21 11:35:37 CST 2012" endtime="Fri Sep 21 11:35:37 CST 2012" />
            <Test name="testInsert" result="pass" starttime="Fri Sep 21 11:35:37 CST 2012" endtime="Fri Sep 21 11:35:37 CST 2012" />
            <Test name="testReplace" result="pass" starttime="Fri Sep 21 11:35:37 CST 2012" endtime="Fri Sep 21 11:35:37 CST 2012" />
          </TestCase>
          <TestCase name="MatrixCursorTest" priority="">
            <Test name="testAddRow" result="pass" starttime="Fri Sep 21 11:35:37 CST 2012" endtime="Fri Sep 21 11:35:38 CST 2012" />
            <Test name="testGetColumnNames" result="pass" starttime="Fri Sep 21 11:35:38 CST 2012" endtime="Fri Sep 21 11:35:38 CST 2012" />
            <Test name="testGetters" result="pass" starttime="Fri Sep 21 11:35:38 CST 2012" endtime="Fri Sep 21 11:35:38 CST 2012" />
            <Test name="testMatrixCursor" result="pass" starttime="Fri Sep 21 11:35:38 CST 2012" endtime="Fri Sep 21 11:35:38 CST 2012" />
            <Test name="testNewRow" result="pass" starttime="Fri Sep 21 11:35:38 CST 2012" endtime="Fri Sep 21 11:35:38 CST 2012" />
          </TestCase>
          <TestCase name="MatrixCursor_RowBuilderTest" priority="">
            <Test name="testAdd" result="pass" starttime="Fri Sep 21 11:35:38 CST 2012" endtime="Fri Sep 21 11:35:38 CST 2012" />
          </TestCase>
          <TestCase name="MergeCursorTest" priority="">
            <Test name="testAndroidTestCaseSetupProperly" result="pass" starttime="Fri Sep 21 11:35:38 CST 2012" endtime="Fri Sep 21 11:35:39 CST 2012" />
            <Test name="testConstructor" result="pass" starttime="Fri Sep 21 11:35:39 CST 2012" endtime="Fri Sep 21 11:35:39 CST 2012" />
            <Test name="testContentObsererOperations" result="pass" starttime="Fri Sep 21 11:35:39 CST 2012" endtime="Fri Sep 21 11:35:40 CST 2012" />
            <Test name="testCursorSwiching" result="pass" starttime="Fri Sep 21 11:35:40 CST 2012" endtime="Fri Sep 21 11:35:41 CST 2012" />
            <Test name="testDeactivate" result="pass" starttime="Fri Sep 21 11:35:41 CST 2012" endtime="Fri Sep 21 11:35:41 CST 2012" />
            <Test name="testGetValues" result="pass" starttime="Fri Sep 21 11:35:41 CST 2012" endtime="Fri Sep 21 11:35:42 CST 2012" />
            <Test name="testOnMove" result="pass" starttime="Fri Sep 21 11:35:42 CST 2012" endtime="Fri Sep 21 11:35:42 CST 2012" />
            <Test name="testRequery" result="pass" starttime="Fri Sep 21 11:35:42 CST 2012" endtime="Fri Sep 21 11:35:43 CST 2012" />
          </TestCase>
          <TestCase name="ObservableTest" priority="">
            <Test name="testAndroidTestCaseSetupProperly" result="pass" starttime="Fri Sep 21 11:35:43 CST 2012" endtime="Fri Sep 21 11:35:43 CST 2012" />
            <Test name="testRegisterUnRegisterObserver" result="pass" starttime="Fri Sep 21 11:35:43 CST 2012" endtime="Fri Sep 21 11:35:43 CST 2012" />
            <Test name="testUnregisterAll" result="pass" starttime="Fri Sep 21 11:35:43 CST 2012" endtime="Fri Sep 21 11:35:44 CST 2012" />
          </TestCase>
          <TestCase name="SQLExceptionTest" priority="">
            <Test name="testAndroidTestCaseSetupProperly" result="pass" starttime="Fri Sep 21 11:35:44 CST 2012" endtime="Fri Sep 21 11:35:44 CST 2012" />
            <Test name="testConstructors" result="pass" starttime="Fri Sep 21 11:35:44 CST 2012" endtime="Fri Sep 21 11:35:44 CST 2012" />
          </TestCase>
          <TestCase name="StaleDataExceptionTest" priority="">
            <Test name="testAndroidTestCaseSetupProperly" result="pass" starttime="Fri Sep 21 11:35:44 CST 2012" endtime="Fri Sep 21 11:35:44 CST 2012" />
            <Test name="testConstructors" result="pass" starttime="Fri Sep 21 11:35:44 CST 2012" endtime="Fri Sep 21 11:35:44 CST 2012" />
          </TestCase>
        </TestSuite>
        <TestSuite name="sqlite">
          <TestSuite name="cts">
            <TestCase name="DatabaseStatementTest" priority="">
              <Test name="testAndroidTestCaseSetupProperly" result="pass" starttime="Fri Sep 21 11:35:44 CST 2012" endtime="Fri Sep 21 11:35:44 CST 2012" />
              <Test name="testExecuteStatement" result="pass" starttime="Fri Sep 21 11:35:44 CST 2012" endtime="Fri Sep 21 11:35:44 CST 2012" />
              <Test name="testSimpleQuery" result="pass" starttime="Fri Sep 21 11:35:45 CST 2012" endtime="Fri Sep 21 11:35:45 CST 2012" />
              <Test name="testSimpleStringBinding" result="pass" starttime="Fri Sep 21 11:35:45 CST 2012" endtime="Fri Sep 21 11:35:45 CST 2012" />
              <Test name="testStatementClearBindings" result="pass" starttime="Fri Sep 21 11:35:45 CST 2012" endtime="Fri Sep 21 11:35:46 CST 2012" />
              <Test name="testStatementConstraint" result="pass" starttime="Fri Sep 21 11:35:46 CST 2012" endtime="Fri Sep 21 11:35:46 CST 2012" />
              <Test name="testStatementLongBinding" result="pass" starttime="Fri Sep 21 11:35:46 CST 2012" endtime="Fri Sep 21 11:35:46 CST 2012" />
              <Test name="testStatementMultiThreaded" result="pass" starttime="Fri Sep 21 11:35:46 CST 2012" endtime="Fri Sep 21 11:35:46 CST 2012" />
              <Test name="testStatementMultipleBindings" result="pass" starttime="Fri Sep 21 11:35:46 CST 2012" endtime="Fri Sep 21 11:35:47 CST 2012" />
              <Test name="testStatementStringBinding" result="pass" starttime="Fri Sep 21 11:35:47 CST 2012" endtime="Fri Sep 21 11:35:48 CST 2012" />
            </TestCase>
            <TestCase name="SQLiteAbortExceptionTest" priority="">
              <Test name="testAndroidTestCaseSetupProperly" result="pass" starttime="Fri Sep 21 11:35:48 CST 2012" endtime="Fri Sep 21 11:35:48 CST 2012" />
              <Test name="testConstructor" result="pass" starttime="Fri Sep 21 11:35:48 CST 2012" endtime="Fri Sep 21 11:35:48 CST 2012" />
            </TestCase>
            <TestCase name="SQLiteClosableTest" priority="">
              <Test name="testAcquireReference" result="pass" starttime="Fri Sep 21 11:35:48 CST 2012" endtime="Fri Sep 21 11:35:48 CST 2012" />
              <Test name="testAndroidTestCaseSetupProperly" result="pass" starttime="Fri Sep 21 11:35:48 CST 2012" endtime="Fri Sep 21 11:35:48 CST 2012" />
              <Test name="testReleaseReferenceFromContainer" result="pass" starttime="Fri Sep 21 11:35:48 CST 2012" endtime="Fri Sep 21 11:35:48 CST 2012" />
            </TestCase>
            <TestCase name="SQLiteConstraintExceptionTest" priority="">
              <Test name="testAndroidTestCaseSetupProperly" result="pass" starttime="Fri Sep 21 11:35:48 CST 2012" endtime="Fri Sep 21 11:35:48 CST 2012" />
              <Test name="testConstructor" result="pass" starttime="Fri Sep 21 11:35:48 CST 2012" endtime="Fri Sep 21 11:35:49 CST 2012" />
            </TestCase>
            <TestCase name="SQLiteCursorTest" priority="">
              <Test name="testAndroidTestCaseSetupProperly" result="pass" starttime="Fri Sep 21 11:35:49 CST 2012" endtime="Fri Sep 21 11:35:49 CST 2012" />
              <Test name="testClose" result="pass" starttime="Fri Sep 21 11:35:49 CST 2012" endtime="Fri Sep 21 11:35:50 CST 2012" />
              <Test name="testConstructor" result="pass" starttime="Fri Sep 21 11:35:50 CST 2012" endtime="Fri Sep 21 11:35:50 CST 2012" />
              <Test name="testGetColumnIndex" result="pass" starttime="Fri Sep 21 11:35:50 CST 2012" endtime="Fri Sep 21 11:35:51 CST 2012" />
              <Test name="testOnMove" result="pass" starttime="Fri Sep 21 11:35:51 CST 2012" endtime="Fri Sep 21 11:35:51 CST 2012" />
              <Test name="testRegisterDataSetObserver" result="pass" starttime="Fri Sep 21 11:35:51 CST 2012" endtime="Fri Sep 21 11:35:52 CST 2012" />
              <Test name="testRequery" result="pass" starttime="Fri Sep 21 11:35:52 CST 2012" endtime="Fri Sep 21 11:35:52 CST 2012" />
              <Test name="testRequery2" result="pass" starttime="Fri Sep 21 11:35:52 CST 2012" endtime="Fri Sep 21 11:35:53 CST 2012" />
              <Test name="testSetSelectionArguments" result="pass" starttime="Fri Sep 21 11:35:53 CST 2012" endtime="Fri Sep 21 11:35:53 CST 2012" />
            </TestCase>
            <TestCase name="SQLiteDatabaseCorruptExceptionTest" priority="">
              <Test name="testAndroidTestCaseSetupProperly" result="pass" starttime="Fri Sep 21 11:35:53 CST 2012" endtime="Fri Sep 21 11:35:53 CST 2012" />
              <Test name="testConstructor" result="pass" starttime="Fri Sep 21 11:35:53 CST 2012" endtime="Fri Sep 21 11:35:53 CST 2012" />
            </TestCase>
            <TestCase name="SQLiteDatabaseTest" priority="">
              <Test name="testAccessMaximumSize" result="pass" starttime="Fri Sep 21 11:35:53 CST 2012" endtime="Fri Sep 21 11:35:54 CST 2012" />
              <Test name="testAccessPageSize" result="pass" starttime="Fri Sep 21 11:35:54 CST 2012" endtime="Fri Sep 21 11:35:54 CST 2012" />
              <Test name="testAccessVersion" result="pass" starttime="Fri Sep 21 11:35:54 CST 2012" endtime="Fri Sep 21 11:35:54 CST 2012" />
              <Test name="testAndroidTestCaseSetupProperly" result="pass" starttime="Fri Sep 21 11:35:54 CST 2012" endtime="Fri Sep 21 11:35:54 CST 2012" />
              <Test name="testCompileStatement" result="pass" starttime="Fri Sep 21 11:35:54 CST 2012" endtime="Fri Sep 21 11:35:54 CST 2012" />
              <Test name="testDelete" result="pass" starttime="Fri Sep 21 11:35:54 CST 2012" endtime="Fri Sep 21 11:35:54 CST 2012" />
              <Test name="testDeleteDatabase" result="pass" starttime="Fri Sep 21 11:35:54 CST 2012" endtime="Fri Sep 21 11:35:55 CST 2012" />
              <Test name="testDisableWriteAheadLoggingShouldThrowIfTransactionInProgress" result="pass" starttime="Fri Sep 21 11:35:55 CST 2012" endtime="Fri Sep 21 11:35:55 CST 2012" />
              <Test name="testEnableAndDisableForeignKeys" result="pass" starttime="Fri Sep 21 11:35:55 CST 2012" endtime="Fri Sep 21 11:35:55 CST 2012" />
              <Test name="testEnableThenDisableWriteAheadLogging" result="pass" starttime="Fri Sep 21 11:35:55 CST 2012" endtime="Fri Sep 21 11:35:55 CST 2012" />
              <Test name="testEnableThenDisableWriteAheadLoggingUsingOpenFlag" result="pass" starttime="Fri Sep 21 11:35:55 CST 2012" endtime="Fri Sep 21 11:35:55 CST 2012" />
              <Test name="testEnableWriteAheadLoggingFromContextUsingModeFlag" result="pass" starttime="Fri Sep 21 11:35:55 CST 2012" endtime="Fri Sep 21 11:35:56 CST 2012" />
              <Test name="testEnableWriteAheadLoggingShouldThrowIfTransactionInProgress" result="pass" starttime="Fri Sep 21 11:35:56 CST 2012" endtime="Fri Sep 21 11:35:56 CST 2012" />
              <Test name="testExceptionsFromEnableWriteAheadLogging" result="pass" starttime="Fri Sep 21 11:35:56 CST 2012" endtime="Fri Sep 21 11:35:56 CST 2012" />
              <Test name="testExecSQL" result="pass" starttime="Fri Sep 21 11:35:56 CST 2012" endtime="Fri Sep 21 11:35:56 CST 2012" />
              <Test name="testFindEditTable" result="pass" starttime="Fri Sep 21 11:35:56 CST 2012" endtime="Fri Sep 21 11:35:56 CST 2012" />
              <Test name="testGetPath" result="pass" starttime="Fri Sep 21 11:35:56 CST 2012" endtime="Fri Sep 21 11:35:56 CST 2012" />
              <Test name="testGroupConcat" result="pass" starttime="Fri Sep 21 11:35:56 CST 2012" endtime="Fri Sep 21 11:35:57 CST 2012" />
              <Test name="testInsert" result="pass" starttime="Fri Sep 21 11:35:57 CST 2012" endtime="Fri Sep 21 11:35:57 CST 2012" />
              <Test name="testIsOpen" result="pass" starttime="Fri Sep 21 11:35:57 CST 2012" endtime="Fri Sep 21 11:35:57 CST 2012" />
              <Test name="testIsReadOnly" result="pass" starttime="Fri Sep 21 11:35:57 CST 2012" endtime="Fri Sep 21 11:35:57 CST 2012" />
              <Test name="testNeedUpgrade" result="pass" starttime="Fri Sep 21 11:35:57 CST 2012" endtime="Fri Sep 21 11:35:57 CST 2012" />
              <Test name="testOnAllReferencesReleased" result="pass" starttime="Fri Sep 21 11:35:57 CST 2012" endtime="Fri Sep 21 11:35:58 CST 2012" />
              <Test name="testOpenDatabase" result="pass" starttime="Fri Sep 21 11:35:58 CST 2012" endtime="Fri Sep 21 11:35:58 CST 2012" />
              <Test name="testQuery" result="pass" starttime="Fri Sep 21 11:35:58 CST 2012" endtime="Fri Sep 21 11:35:58 CST 2012" />
              <Test name="testReaderGetsOldVersionOfDataWhenWriterIsInXact" result="pass" starttime="Fri Sep 21 11:35:58 CST 2012" endtime="Fri Sep 21 11:35:59 CST 2012" />
              <Test name="testReleaseMemory" result="pass" starttime="Fri Sep 21 11:35:59 CST 2012" endtime="Fri Sep 21 11:35:59 CST 2012" />
              <Test name="testReplace" result="pass" starttime="Fri Sep 21 11:35:59 CST 2012" endtime="Fri Sep 21 11:35:59 CST 2012" />
              <Test name="testRollbackTransactionWithSQLiteTransactionListener" result="pass" starttime="Fri Sep 21 11:35:59 CST 2012" endtime="Fri Sep 21 11:35:59 CST 2012" />
              <Test name="testSchemaChanges" result="pass" starttime="Fri Sep 21 11:35:59 CST 2012" endtime="Fri Sep 21 11:36:00 CST 2012" />
              <Test name="testSchemaChangesDropTable" result="pass" starttime="Fri Sep 21 11:36:00 CST 2012" endtime="Fri Sep 21 11:36:00 CST 2012" />
              <Test name="testSchemaChangesNewTable" result="pass" starttime="Fri Sep 21 11:36:00 CST 2012" endtime="Fri Sep 21 11:36:01 CST 2012" />
              <Test name="testSetLocale" result="pass" starttime="Fri Sep 21 11:36:01 CST 2012" endtime="Fri Sep 21 11:36:01 CST 2012" />
              <Test name="testSetLockingEnabled" result="pass" starttime="Fri Sep 21 11:36:01 CST 2012" endtime="Fri Sep 21 11:36:01 CST 2012" />
              <Test name="testTransaction" result="pass" starttime="Fri Sep 21 11:36:01 CST 2012" endtime="Fri Sep 21 11:36:01 CST 2012" />
              <Test name="testTransactionWithSQLiteTransactionListener" result="pass" starttime="Fri Sep 21 11:36:01 CST 2012" endtime="Fri Sep 21 11:36:01 CST 2012" />
              <Test name="testUpdate" result="pass" starttime="Fri Sep 21 11:36:01 CST 2012" endtime="Fri Sep 21 11:36:02 CST 2012" />
              <Test name="testYieldIfContendedWhenContended" result="pass" starttime="Fri Sep 21 11:36:02 CST 2012" endtime="Fri Sep 21 11:36:02 CST 2012" />
              <Test name="testYieldIfContendedWhenNotContended" result="pass" starttime="Fri Sep 21 11:36:02 CST 2012" endtime="Fri Sep 21 11:36:02 CST 2012" />
            </TestCase>
            <TestCase name="SQLiteDiskIOExceptionTest" priority="">
              <Test name="testAndroidTestCaseSetupProperly" result="pass" starttime="Fri Sep 21 11:36:02 CST 2012" endtime="Fri Sep 21 11:36:03 CST 2012" />
              <Test name="testConstructor" result="pass" starttime="Fri Sep 21 11:36:03 CST 2012" endtime="Fri Sep 21 11:36:03 CST 2012" />
            </TestCase>
            <TestCase name="SQLiteDoneExceptionTest" priority="">
              <Test name="testAndroidTestCaseSetupProperly" result="pass" starttime="Fri Sep 21 11:36:03 CST 2012" endtime="Fri Sep 21 11:36:03 CST 2012" />
              <Test name="testConstructor" result="pass" starttime="Fri Sep 21 11:36:03 CST 2012" endtime="Fri Sep 21 11:36:03 CST 2012" />
            </TestCase>
            <TestCase name="SQLiteExceptionTest" priority="">
              <Test name="testAndroidTestCaseSetupProperly" result="pass" starttime="Fri Sep 21 11:36:03 CST 2012" endtime="Fri Sep 21 11:36:03 CST 2012" />
              <Test name="testConstructor" result="pass" starttime="Fri Sep 21 11:36:03 CST 2012" endtime="Fri Sep 21 11:36:03 CST 2012" />
            </TestCase>
            <TestCase name="SQLiteFullExceptionTest" priority="">
              <Test name="testAndroidTestCaseSetupProperly" result="pass" starttime="Fri Sep 21 11:36:03 CST 2012" endtime="Fri Sep 21 11:36:03 CST 2012" />
              <Test name="testConstructor" result="pass" starttime="Fri Sep 21 11:36:03 CST 2012" endtime="Fri Sep 21 11:36:03 CST 2012" />
            </TestCase>
            <TestCase name="SQLiteMisuseExceptionTest" priority="">
              <Test name="testAndroidTestCaseSetupProperly" result="pass" starttime="Fri Sep 21 11:36:03 CST 2012" endtime="Fri Sep 21 11:36:04 CST 2012" />
              <Test name="testConstructor" result="pass" starttime="Fri Sep 21 11:36:04 CST 2012" endtime="Fri Sep 21 11:36:04 CST 2012" />
            </TestCase>
            <TestCase name="SQLiteOpenHelperTest" priority="">
              <Test name="testAndroidTestCaseSetupProperly" result="pass" starttime="Fri Sep 21 11:36:04 CST 2012" endtime="Fri Sep 21 11:36:04 CST 2012" />
              <Test name="testConstructor" result="pass" starttime="Fri Sep 21 11:36:04 CST 2012" endtime="Fri Sep 21 11:36:04 CST 2012" />
              <Test name="testGetDatabase" result="pass" starttime="Fri Sep 21 11:36:04 CST 2012" endtime="Fri Sep 21 11:36:04 CST 2012" />
            </TestCase>
            <TestCase name="SQLiteProgramTest" priority="">
              <Test name="testAndroidTestCaseSetupProperly" result="pass" starttime="Fri Sep 21 11:36:04 CST 2012" endtime="Fri Sep 21 11:36:04 CST 2012" />
              <Test name="testBind" result="pass" starttime="Fri Sep 21 11:36:04 CST 2012" endtime="Fri Sep 21 11:36:04 CST 2012" />
              <Test name="testBindBlob" result="pass" starttime="Fri Sep 21 11:36:04 CST 2012" endtime="Fri Sep 21 11:36:04 CST 2012" />
              <Test name="testBindNull" result="pass" starttime="Fri Sep 21 11:36:04 CST 2012" endtime="Fri Sep 21 11:36:05 CST 2012" />
            </TestCase>
            <TestCase name="SQLiteQueryBuilderTest" priority="">
              <Test name="testAndroidTestCaseSetupProperly" result="pass" starttime="Fri Sep 21 11:36:05 CST 2012" endtime="Fri Sep 21 11:36:05 CST 2012" />
              <Test name="testAppendColumns" result="pass" starttime="Fri Sep 21 11:36:05 CST 2012" endtime="Fri Sep 21 11:36:05 CST 2012" />
              <Test name="testBuildQuery" result="pass" starttime="Fri Sep 21 11:36:05 CST 2012" endtime="Fri Sep 21 11:36:05 CST 2012" />
              <Test name="testBuildQueryString" result="pass" starttime="Fri Sep 21 11:36:05 CST 2012" endtime="Fri Sep 21 11:36:05 CST 2012" />
              <Test name="testCancelableQuery_WhenCanceledAfterQuery_ThrowsWhenExecuted" result="pass" starttime="Fri Sep 21 11:36:05 CST 2012" endtime="Fri Sep 21 11:36:05 CST 2012" />
              <Test name="testCancelableQuery_WhenCanceledBeforeQuery_ThrowsImmediately" result="pass" starttime="Fri Sep 21 11:36:05 CST 2012" endtime="Fri Sep 21 11:36:05 CST 2012" />
              <Test name="testCancelableQuery_WhenCanceledDueToContention_StopsWaitingAndThrows" result="pass" starttime="Fri Sep 21 11:36:05 CST 2012" endtime="Fri Sep 21 11:36:06 CST 2012" />
              <Test name="testCancelableQuery_WhenCanceledDuringLongRunningQuery_CancelsQueryAndThrows" result="pass" starttime="Fri Sep 21 11:36:06 CST 2012" endtime="Fri Sep 21 11:36:10 CST 2012" />
              <Test name="testCancelableQuery_WhenNotCanceled_ReturnsResultSet" result="pass" starttime="Fri Sep 21 11:36:10 CST 2012" endtime="Fri Sep 21 11:36:10 CST 2012" />
              <Test name="testConstructor" result="pass" starttime="Fri Sep 21 11:36:10 CST 2012" endtime="Fri Sep 21 11:36:10 CST 2012" />
              <Test name="testQuery" result="pass" starttime="Fri Sep 21 11:36:10 CST 2012" endtime="Fri Sep 21 11:36:11 CST 2012" />
              <Test name="testSetCursorFactory" result="pass" starttime="Fri Sep 21 11:36:11 CST 2012" endtime="Fri Sep 21 11:36:11 CST 2012" />
              <Test name="testSetDistinct" result="pass" starttime="Fri Sep 21 11:36:11 CST 2012" endtime="Fri Sep 21 11:36:11 CST 2012" />
              <Test name="testSetProjectionMap" result="pass" starttime="Fri Sep 21 11:36:11 CST 2012" endtime="Fri Sep 21 11:36:11 CST 2012" />
              <Test name="testUnionQuery" result="pass" starttime="Fri Sep 21 11:36:11 CST 2012" endtime="Fri Sep 21 11:36:11 CST 2012" />
            </TestCase>
            <TestCase name="SQLiteQueryTest" priority="">
              <Test name="testMethods" result="pass" starttime="Fri Sep 21 11:36:11 CST 2012" endtime="Fri Sep 21 11:36:11 CST 2012" />
            </TestCase>
            <TestCase name="SQLiteStatementTest" priority="">
              <Test name="testAndroidTestCaseSetupProperly" result="pass" starttime="Fri Sep 21 11:36:11 CST 2012" endtime="Fri Sep 21 11:36:11 CST 2012" />
              <Test name="testExecute" result="pass" starttime="Fri Sep 21 11:36:11 CST 2012" endtime="Fri Sep 21 11:36:12 CST 2012" />
              <Test name="testExecuteInsert" result="pass" starttime="Fri Sep 21 11:36:12 CST 2012" endtime="Fri Sep 21 11:36:12 CST 2012" />
              <Test name="testGetBlobFailureNoParam" result="pass" starttime="Fri Sep 21 11:36:12 CST 2012" endtime="Fri Sep 21 11:36:12 CST 2012" />
              <Test name="testGetBlobFailureParam" result="pass" starttime="Fri Sep 21 11:36:12 CST 2012" endtime="Fri Sep 21 11:36:13 CST 2012" />
              <Test name="testSimpleQueryForBlobFileDescriptorSuccess00" result="pass" starttime="Fri Sep 21 11:36:13 CST 2012" endtime="Fri Sep 21 11:36:13 CST 2012" />
              <Test name="testSimpleQueryForBlobFileDescriptorSuccessEmbeddedNul" result="pass" starttime="Fri Sep 21 11:36:13 CST 2012" endtime="Fri Sep 21 11:36:14 CST 2012" />
              <Test name="testSimpleQueryForBlobFileDescriptorSuccessEmpty" result="pass" starttime="Fri Sep 21 11:36:14 CST 2012" endtime="Fri Sep 21 11:36:14 CST 2012" />
              <Test name="testSimpleQueryForBlobFileDescriptorSuccessFF" result="pass" starttime="Fri Sep 21 11:36:14 CST 2012" endtime="Fri Sep 21 11:36:14 CST 2012" />
              <Test name="testSimpleQueryForBlobFileDescriptorSuccessNormal" result="pass" starttime="Fri Sep 21 11:36:14 CST 2012" endtime="Fri Sep 21 11:36:15 CST 2012" />
              <Test name="testSimpleQueryForBlobFileDescriptorSuccessNull" result="pass" starttime="Fri Sep 21 11:36:15 CST 2012" endtime="Fri Sep 21 11:36:15 CST 2012" />
              <Test name="testSimpleQueryForBlobFileDescriptorSuccessParam" result="pass" starttime="Fri Sep 21 11:36:15 CST 2012" endtime="Fri Sep 21 11:36:15 CST 2012" />
              <Test name="testSimpleQueryForLong" result="pass" starttime="Fri Sep 21 11:36:15 CST 2012" endtime="Fri Sep 21 11:36:15 CST 2012" />
              <Test name="testSimpleQueryForString" result="pass" starttime="Fri Sep 21 11:36:15 CST 2012" endtime="Fri Sep 21 11:36:15 CST 2012" />
            </TestCase>
          </TestSuite>
        </TestSuite>
      </TestSuite>
    </TestSuite>
  </TestPackage>
  <TestPackage name="CtsDpiTestCases" appPackageName="android.dpi" digest="cf2b118d9ed8d67982e426a84212b53d06e50b6e">
    <TestSuite name="android">
      <TestSuite name="dpi">
        <TestSuite name="cts">
          <TestCase name="AspectRatioTest" priority="">
            <Test name="testAspectRatio" result="pass" starttime="Fri Sep 21 11:36:20 CST 2012" endtime="Fri Sep 21 11:36:23 CST 2012" />
          </TestCase>
          <TestCase name="ConfigurationScreenLayoutTest" priority="">
            <Test name="testScreenLayout" result="pass" starttime="Fri Sep 21 11:36:23 CST 2012" endtime="Fri Sep 21 11:36:26 CST 2012" />
          </TestCase>
          <TestCase name="ConfigurationTest" priority="">
            <Test name="testAndroidTestCaseSetupProperly" result="pass" starttime="Fri Sep 21 11:36:26 CST 2012" endtime="Fri Sep 21 11:36:26 CST 2012" />
            <Test name="testScreenConfiguration" result="pass" starttime="Fri Sep 21 11:36:26 CST 2012" endtime="Fri Sep 21 11:36:26 CST 2012" />
          </TestCase>
          <TestCase name="DefaultManifestAttributesSdkTest" priority="">
            <Test name="testAndroidTestCaseSetupProperly" result="pass" starttime="Fri Sep 21 11:36:26 CST 2012" endtime="Fri Sep 21 11:36:26 CST 2012" />
            <Test name="testAnyDensityDefault" result="pass" starttime="Fri Sep 21 11:36:26 CST 2012" endtime="Fri Sep 21 11:36:26 CST 2012" />
            <Test name="testLargeScreenDefault" result="pass" starttime="Fri Sep 21 11:36:26 CST 2012" endtime="Fri Sep 21 11:36:27 CST 2012" />
            <Test name="testNormalScreenDefault" result="pass" starttime="Fri Sep 21 11:36:27 CST 2012" endtime="Fri Sep 21 11:36:27 CST 2012" />
            <Test name="testPackageHasExpectedSdkVersion" result="pass" starttime="Fri Sep 21 11:36:27 CST 2012" endtime="Fri Sep 21 11:36:27 CST 2012" />
            <Test name="testResizableDefault" result="pass" starttime="Fri Sep 21 11:36:27 CST 2012" endtime="Fri Sep 21 11:36:27 CST 2012" />
            <Test name="testSmallScreenDefault" result="pass" starttime="Fri Sep 21 11:36:27 CST 2012" endtime="Fri Sep 21 11:36:27 CST 2012" />
          </TestCase>
        </TestSuite>
      </TestSuite>
    </TestSuite>
  </TestPackage>
  <TestPackage name="CtsDpiTestCases2" appPackageName="android.dpi2" digest="2940681fe9cc0fb5fb9d8fa1272e8eadf0a18a23" />
  <TestPackage name="CtsDrmTestCases" appPackageName="android.drm" digest="f65eb0ddc5db80c5d069545df2e2ba4fbb1e7774">
    <TestSuite name="android">
      <TestSuite name="drm">
        <TestSuite name="cts">
          <TestCase name="DRMTest" priority="">
            <Test name="testAcquireRights" result="pass" starttime="Fri Sep 21 11:36:34 CST 2012" endtime="Fri Sep 21 11:36:34 CST 2012" />
            <Test name="testAndroidTestCaseSetupProperly" result="pass" starttime="Fri Sep 21 11:36:34 CST 2012" endtime="Fri Sep 21 11:36:34 CST 2012" />
            <Test name="testCanHandle" result="pass" starttime="Fri Sep 21 11:36:34 CST 2012" endtime="Fri Sep 21 11:36:34 CST 2012" />
            <Test name="testCheckRightsStatus" result="pass" starttime="Fri Sep 21 11:36:34 CST 2012" endtime="Fri Sep 21 11:36:35 CST 2012" />
            <Test name="testConvertData" result="pass" starttime="Fri Sep 21 11:36:35 CST 2012" endtime="Fri Sep 21 11:36:35 CST 2012" />
            <Test name="testGetConstraints" result="pass" starttime="Fri Sep 21 11:36:35 CST 2012" endtime="Fri Sep 21 11:36:35 CST 2012" />
            <Test name="testGetOriginalMimeType" result="pass" starttime="Fri Sep 21 11:36:35 CST 2012" endtime="Fri Sep 21 11:36:35 CST 2012" />
            <Test name="testIsDrmDirectoryExist" result="pass" starttime="Fri Sep 21 11:36:35 CST 2012" endtime="Fri Sep 21 11:36:35 CST 2012" />
            <Test name="testRegisterAndDeregister" result="pass" starttime="Fri Sep 21 11:36:35 CST 2012" endtime="Fri Sep 21 11:36:35 CST 2012" />
            <Test name="testRemoveAllRights" result="pass" starttime="Fri Sep 21 11:36:35 CST 2012" endtime="Fri Sep 21 11:36:35 CST 2012" />
            <Test name="testRemoveRights" result="pass" starttime="Fri Sep 21 11:36:35 CST 2012" endtime="Fri Sep 21 11:36:35 CST 2012" />
          </TestCase>
          <TestCase name="DrmEventTest" priority="">
            <Test name="testAndroidTestCaseSetupProperly" result="pass" starttime="Fri Sep 21 11:36:35 CST 2012" endtime="Fri Sep 21 11:36:35 CST 2012" />
            <Test name="testGetAttribute" result="pass" starttime="Fri Sep 21 11:36:35 CST 2012" endtime="Fri Sep 21 11:36:36 CST 2012" />
            <Test name="testGetMessage" result="pass" starttime="Fri Sep 21 11:36:36 CST 2012" endtime="Fri Sep 21 11:36:36 CST 2012" />
            <Test name="testGetUniqueId" result="pass" starttime="Fri Sep 21 11:36:36 CST 2012" endtime="Fri Sep 21 11:36:36 CST 2012" />
            <Test name="testInvalidErrorEventTypes" result="pass" starttime="Fri Sep 21 11:36:36 CST 2012" endtime="Fri Sep 21 11:36:36 CST 2012" />
            <Test name="testInvalidInfoEventTypes" result="pass" starttime="Fri Sep 21 11:36:36 CST 2012" endtime="Fri Sep 21 11:36:36 CST 2012" />
            <Test name="testValidErrorEventTypes" result="pass" starttime="Fri Sep 21 11:36:36 CST 2012" endtime="Fri Sep 21 11:36:36 CST 2012" />
            <Test name="testValidInfoEventTypes" result="pass" starttime="Fri Sep 21 11:36:36 CST 2012" endtime="Fri Sep 21 11:36:36 CST 2012" />
          </TestCase>
          <TestCase name="DrmInfoRequestTest" priority="">
            <Test name="testAndroidTestCaseSetupProperly" result="pass" starttime="Fri Sep 21 11:36:36 CST 2012" endtime="Fri Sep 21 11:36:36 CST 2012" />
            <Test name="testGetInfoType" result="pass" starttime="Fri Sep 21 11:36:36 CST 2012" endtime="Fri Sep 21 11:36:36 CST 2012" />
            <Test name="testGetMimeType" result="pass" starttime="Fri Sep 21 11:36:36 CST 2012" endtime="Fri Sep 21 11:36:36 CST 2012" />
            <Test name="testInvalidInfoTypes" result="pass" starttime="Fri Sep 21 11:36:36 CST 2012" endtime="Fri Sep 21 11:36:37 CST 2012" />
            <Test name="testInvalidMimeTypes" result="pass" starttime="Fri Sep 21 11:36:37 CST 2012" endtime="Fri Sep 21 11:36:37 CST 2012" />
            <Test name="testPutAndGetKeys" result="pass" starttime="Fri Sep 21 11:36:37 CST 2012" endtime="Fri Sep 21 11:36:37 CST 2012" />
            <Test name="testValidInfoTypes" result="pass" starttime="Fri Sep 21 11:36:37 CST 2012" endtime="Fri Sep 21 11:36:37 CST 2012" />
          </TestCase>
          <TestCase name="DrmInfoStatusTest" priority="">
            <Test name="testAndroidTestCaseSetupProperly" result="pass" starttime="Fri Sep 21 11:36:37 CST 2012" endtime="Fri Sep 21 11:36:37 CST 2012" />
            <Test name="testInvalidStatusCodes" result="pass" starttime="Fri Sep 21 11:36:37 CST 2012" endtime="Fri Sep 21 11:36:37 CST 2012" />
            <Test name="testValidStatusCodes" result="pass" starttime="Fri Sep 21 11:36:37 CST 2012" endtime="Fri Sep 21 11:36:37 CST 2012" />
          </TestCase>
          <TestCase name="DrmInfoTest" priority="">
            <Test name="testAndroidTestCaseSetupProperly" result="pass" starttime="Fri Sep 21 11:36:37 CST 2012" endtime="Fri Sep 21 11:36:37 CST 2012" />
            <Test name="testGetData" result="pass" starttime="Fri Sep 21 11:36:37 CST 2012" endtime="Fri Sep 21 11:36:37 CST 2012" />
            <Test name="testGetInfoType" result="pass" starttime="Fri Sep 21 11:36:37 CST 2012" endtime="Fri Sep 21 11:36:37 CST 2012" />
            <Test name="testGetMimeType" result="pass" starttime="Fri Sep 21 11:36:37 CST 2012" endtime="Fri Sep 21 11:36:38 CST 2012" />
            <Test name="testInvalidData" result="pass" starttime="Fri Sep 21 11:36:38 CST 2012" endtime="Fri Sep 21 11:36:38 CST 2012" />
            <Test name="testInvalidInfoTypes" result="pass" starttime="Fri Sep 21 11:36:38 CST 2012" endtime="Fri Sep 21 11:36:38 CST 2012" />
            <Test name="testInvalidMimeTypes" result="pass" starttime="Fri Sep 21 11:36:38 CST 2012" endtime="Fri Sep 21 11:36:38 CST 2012" />
            <Test name="testPutAndGetKeys" result="pass" starttime="Fri Sep 21 11:36:38 CST 2012" endtime="Fri Sep 21 11:36:38 CST 2012" />
            <Test name="testValidInfoTypes" result="pass" starttime="Fri Sep 21 11:36:38 CST 2012" endtime="Fri Sep 21 11:36:38 CST 2012" />
          </TestCase>
          <TestCase name="DrmSupportInfoTest" priority="">
            <Test name="testAddInvalidFileSuffixes" result="pass" starttime="Fri Sep 21 11:36:38 CST 2012" endtime="Fri Sep 21 11:36:38 CST 2012" />
            <Test name="testAddInvalidMimeTypes" result="pass" starttime="Fri Sep 21 11:36:38 CST 2012" endtime="Fri Sep 21 11:36:38 CST 2012" />
            <Test name="testAddValidFileSuffixes" result="pass" starttime="Fri Sep 21 11:36:38 CST 2012" endtime="Fri Sep 21 11:36:38 CST 2012" />
            <Test name="testAddValidMimeTypes" result="pass" starttime="Fri Sep 21 11:36:38 CST 2012" endtime="Fri Sep 21 11:36:38 CST 2012" />
            <Test name="testAndroidTestCaseSetupProperly" result="pass" starttime="Fri Sep 21 11:36:38 CST 2012" endtime="Fri Sep 21 11:36:39 CST 2012" />
            <Test name="testEquals" result="pass" starttime="Fri Sep 21 11:36:39 CST 2012" endtime="Fri Sep 21 11:36:39 CST 2012" />
            <Test name="testSetAndGetDescription" result="pass" starttime="Fri Sep 21 11:36:39 CST 2012" endtime="Fri Sep 21 11:36:39 CST 2012" />
            <Test name="testSetInvalidDescriptions" result="pass" starttime="Fri Sep 21 11:36:39 CST 2012" endtime="Fri Sep 21 11:36:39 CST 2012" />
          </TestCase>
        </TestSuite>
      </TestSuite>
    </TestSuite>
  </TestPackage>
  <TestPackage name="CtsEffectTestCases" appPackageName="android.effect" digest="931b7b97440b7a974db67da083f68c081079a85f">
    <TestSuite name="android">
      <TestSuite name="effect">
        <TestSuite name="cts">
          <TestCase name="EffectTest" priority="">
            <Test name="test1_createContext" result="pass" starttime="Fri Sep 21 11:36:43 CST 2012" endtime="Fri Sep 21 11:36:43 CST 2012" />
            <Test name="test2_getFactory" result="pass" starttime="Fri Sep 21 11:36:43 CST 2012" endtime="Fri Sep 21 11:36:43 CST 2012" />
            <Test name="test3_availableEffects" result="pass" starttime="Fri Sep 21 11:36:43 CST 2012" endtime="Fri Sep 21 11:36:43 CST 2012" />
            <Test name="test4_effectCreate" result="pass" starttime="Fri Sep 21 11:36:43 CST 2012" endtime="Fri Sep 21 11:36:43 CST 2012" />
            <Test name="test5_effectCreate" result="pass" starttime="Fri Sep 21 11:36:43 CST 2012" endtime="Fri Sep 21 11:36:43 CST 2012" />
            <Test name="test6_effectApply" result="pass" starttime="Fri Sep 21 11:36:43 CST 2012" endtime="Fri Sep 21 11:36:43 CST 2012" />
          </TestCase>
        </TestSuite>
      </TestSuite>
    </TestSuite>
  </TestPackage>
  <TestPackage name="CtsExampleTestCases" appPackageName="android.example" digest="913c019119d44aaeaa7a0239442b264117e63bd1">
    <TestSuite name="android">
      <TestSuite name="example">
        <TestSuite name="cts">
          <TestCase name="ExampleSecondaryTest" priority="">
            <Test name="testZorch" result="pass" starttime="Fri Sep 21 11:36:47 CST 2012" endtime="Fri Sep 21 11:36:47 CST 2012" />
          </TestCase>
          <TestCase name="ExampleTest" priority="">
            <Test name="testBlort" result="pass" starttime="Fri Sep 21 11:36:47 CST 2012" endtime="Fri Sep 21 11:36:47 CST 2012" />
          </TestCase>
        </TestSuite>
      </TestSuite>
    </TestSuite>
  </TestPackage>
  <TestPackage name="CtsGestureTestCases" appPackageName="android.gesture" digest="fdc418122ad3f8e95185b0aef6efbcb06fe1c569">
    <TestSuite name="android">
      <TestSuite name="gesture">
        <TestSuite name="cts">
          <TestCase name="GestureLibraryTest" priority="">
            <Test name="testGetGestureEntries" result="pass" starttime="Fri Sep 21 11:36:51 CST 2012" endtime="Fri Sep 21 11:36:51 CST 2012" />
            <Test name="testGetGestures" result="pass" starttime="Fri Sep 21 11:36:51 CST 2012" endtime="Fri Sep 21 11:36:51 CST 2012" />
            <Test name="testIsReadOnly" result="pass" starttime="Fri Sep 21 11:36:51 CST 2012" endtime="Fri Sep 21 11:36:51 CST 2012" />
            <Test name="testRecognize" result="pass" starttime="Fri Sep 21 11:36:51 CST 2012" endtime="Fri Sep 21 11:36:52 CST 2012" />
            <Test name="testRemoveEntry" result="pass" starttime="Fri Sep 21 11:36:52 CST 2012" endtime="Fri Sep 21 11:36:52 CST 2012" />
            <Test name="testRemoveGesture" result="pass" starttime="Fri Sep 21 11:36:52 CST 2012" endtime="Fri Sep 21 11:36:52 CST 2012" />
          </TestCase>
          <TestCase name="GesturePointTest" priority="">
            <Test name="testGesturePointConstructor" result="pass" starttime="Fri Sep 21 11:36:52 CST 2012" endtime="Fri Sep 21 11:36:52 CST 2012" />
          </TestCase>
          <TestCase name="GestureStoreTest" priority="">
            <Test name="testGetGestureEntries" result="pass" starttime="Fri Sep 21 11:36:52 CST 2012" endtime="Fri Sep 21 11:36:52 CST 2012" />
            <Test name="testGetGestures" result="pass" starttime="Fri Sep 21 11:36:52 CST 2012" endtime="Fri Sep 21 11:36:52 CST 2012" />
            <Test name="testHasChanged_add" result="pass" starttime="Fri Sep 21 11:36:52 CST 2012" endtime="Fri Sep 21 11:36:52 CST 2012" />
            <Test name="testHasChanged_removeEntry" result="pass" starttime="Fri Sep 21 11:36:52 CST 2012" endtime="Fri Sep 21 11:36:52 CST 2012" />
            <Test name="testHasChanged_removeGesture" result="pass" starttime="Fri Sep 21 11:36:52 CST 2012" endtime="Fri Sep 21 11:36:52 CST 2012" />
            <Test name="testRecognize" result="pass" starttime="Fri Sep 21 11:36:52 CST 2012" endtime="Fri Sep 21 11:36:52 CST 2012" />
            <Test name="testRemoveEntry" result="pass" starttime="Fri Sep 21 11:36:52 CST 2012" endtime="Fri Sep 21 11:36:53 CST 2012" />
            <Test name="testRemoveGesture" result="pass" starttime="Fri Sep 21 11:36:53 CST 2012" endtime="Fri Sep 21 11:36:53 CST 2012" />
            <Test name="testSaveLoadOutputStream" result="pass" starttime="Fri Sep 21 11:36:53 CST 2012" endtime="Fri Sep 21 11:36:53 CST 2012" />
          </TestCase>
          <TestCase name="GestureStrokeTest" priority="">
            <Test name="testBoundingBox_line" result="pass" starttime="Fri Sep 21 11:36:53 CST 2012" endtime="Fri Sep 21 11:36:53 CST 2012" />
            <Test name="testComputeOrientedBoundingBox" result="pass" starttime="Fri Sep 21 11:36:53 CST 2012" endtime="Fri Sep 21 11:36:53 CST 2012" />
            <Test name="testGetPath_empty" result="pass" starttime="Fri Sep 21 11:36:53 CST 2012" endtime="Fri Sep 21 11:36:53 CST 2012" />
            <Test name="testGetPath_line" result="pass" starttime="Fri Sep 21 11:36:53 CST 2012" endtime="Fri Sep 21 11:36:53 CST 2012" />
            <Test name="testGetPath_singlePoint" result="pass" starttime="Fri Sep 21 11:36:53 CST 2012" endtime="Fri Sep 21 11:36:53 CST 2012" />
            <Test name="testToPath_boundedLine" result="pass" starttime="Fri Sep 21 11:36:53 CST 2012" endtime="Fri Sep 21 11:36:53 CST 2012" />
            <Test name="testToPath_line" result="pass" starttime="Fri Sep 21 11:36:53 CST 2012" endtime="Fri Sep 21 11:36:53 CST 2012" />
          </TestCase>
          <TestCase name="GestureTest" priority="">
            <Test name="testGetBoundingBox" result="pass" starttime="Fri Sep 21 11:36:53 CST 2012" endtime="Fri Sep 21 11:36:54 CST 2012" />
            <Test name="testGetStrokes" result="pass" starttime="Fri Sep 21 11:36:54 CST 2012" endtime="Fri Sep 21 11:36:54 CST 2012" />
            <Test name="testGetStrokesCount" result="pass" starttime="Fri Sep 21 11:36:54 CST 2012" endtime="Fri Sep 21 11:36:54 CST 2012" />
            <Test name="testReadWriteToParcel" result="pass" starttime="Fri Sep 21 11:36:54 CST 2012" endtime="Fri Sep 21 11:36:54 CST 2012" />
            <Test name="testToPath" result="pass" starttime="Fri Sep 21 11:36:54 CST 2012" endtime="Fri Sep 21 11:36:54 CST 2012" />
            <Test name="testToPathPath" result="pass" starttime="Fri Sep 21 11:36:54 CST 2012" endtime="Fri Sep 21 11:36:54 CST 2012" />
          </TestCase>
        </TestSuite>
      </TestSuite>
    </TestSuite>
  </TestPackage>
  <TestPackage name="CtsGraphicsTestCases" appPackageName="android.graphics" digest="974f34b7bee3c6376d83e732764078be9fb4a361">
    <TestSuite name="android">
      <TestSuite name="graphics">
        <TestSuite name="cts">
          <TestCase name="AvoidXfermodeTest" priority="">
            <Test name="testAvoidXfermode" result="pass" starttime="Fri Sep 21 11:37:12 CST 2012" endtime="Fri Sep 21 11:37:12 CST 2012" />
          </TestCase>
          <TestCase name="AvoidXfermode_ModeTest" priority="">
            <Test name="testAndroidTestCaseSetupProperly" result="pass" starttime="Fri Sep 21 11:37:12 CST 2012" endtime="Fri Sep 21 11:37:12 CST 2012" />
            <Test name="testValueOf" result="pass" starttime="Fri Sep 21 11:37:12 CST 2012" endtime="Fri Sep 21 11:37:12 CST 2012" />
            <Test name="testValues" result="pass" starttime="Fri Sep 21 11:37:12 CST 2012" endtime="Fri Sep 21 11:37:12 CST 2012" />
          </TestCase>
          <TestCase name="BitmapFactoryTest" priority="">
            <Test name="testConstructor" result="pass" starttime="Fri Sep 21 11:37:12 CST 2012" endtime="Fri Sep 21 11:37:13 CST 2012" />
            <Test name="testDecodeByteArray1" result="pass" starttime="Fri Sep 21 11:37:13 CST 2012" endtime="Fri Sep 21 11:37:13 CST 2012" />
            <Test name="testDecodeByteArray2" result="pass" starttime="Fri Sep 21 11:37:13 CST 2012" endtime="Fri Sep 21 11:37:13 CST 2012" />
            <Test name="testDecodeFile1" result="pass" starttime="Fri Sep 21 11:37:13 CST 2012" endtime="Fri Sep 21 11:37:13 CST 2012" />
            <Test name="testDecodeFile2" result="pass" starttime="Fri Sep 21 11:37:13 CST 2012" endtime="Fri Sep 21 11:37:13 CST 2012" />
            <Test name="testDecodeFileDescriptor1" result="pass" starttime="Fri Sep 21 11:37:13 CST 2012" endtime="Fri Sep 21 11:37:13 CST 2012" />
            <Test name="testDecodeFileDescriptor2" result="pass" starttime="Fri Sep 21 11:37:13 CST 2012" endtime="Fri Sep 21 11:37:13 CST 2012" />
            <Test name="testDecodeResource1" result="pass" starttime="Fri Sep 21 11:37:13 CST 2012" endtime="Fri Sep 21 11:37:13 CST 2012" />
            <Test name="testDecodeResource2" result="pass" starttime="Fri Sep 21 11:37:13 CST 2012" endtime="Fri Sep 21 11:37:13 CST 2012" />
            <Test name="testDecodeResourceStream" result="pass" starttime="Fri Sep 21 11:37:13 CST 2012" endtime="Fri Sep 21 11:37:13 CST 2012" />
            <Test name="testDecodeStream1" result="pass" starttime="Fri Sep 21 11:37:13 CST 2012" endtime="Fri Sep 21 11:37:14 CST 2012" />
            <Test name="testDecodeStream2" result="pass" starttime="Fri Sep 21 11:37:14 CST 2012" endtime="Fri Sep 21 11:37:14 CST 2012" />
            <Test name="testDecodeStream3" result="pass" starttime="Fri Sep 21 11:37:14 CST 2012" endtime="Fri Sep 21 11:37:14 CST 2012" />
            <Test name="testDecodeStream4" result="pass" starttime="Fri Sep 21 11:37:14 CST 2012" endtime="Fri Sep 21 11:37:19 CST 2012" />
          </TestCase>
          <TestCase name="BitmapFactory_OptionsTest" priority="">
            <Test name="testAndroidTestCaseSetupProperly" result="pass" starttime="Fri Sep 21 11:37:19 CST 2012" endtime="Fri Sep 21 11:37:19 CST 2012" />
            <Test name="testOptions" result="pass" starttime="Fri Sep 21 11:37:19 CST 2012" endtime="Fri Sep 21 11:37:19 CST 2012" />
            <Test name="testRequestCancelDecode" result="pass" starttime="Fri Sep 21 11:37:19 CST 2012" endtime="Fri Sep 21 11:37:19 CST 2012" />
          </TestCase>
          <TestCase name="BitmapRegionDecoderTest" priority="">
            <Test name="testDecodeRegionByteArray" result="pass" starttime="Fri Sep 21 11:37:19 CST 2012" endtime="Fri Sep 21 11:37:31 CST 2012" />
            <Test name="testDecodeRegionInputStream" result="pass" starttime="Fri Sep 21 11:37:31 CST 2012" endtime="Fri Sep 21 11:37:43 CST 2012" />
            <Test name="testDecodeRegionStringAndFileDescriptor" result="pass" starttime="Fri Sep 21 11:37:43 CST 2012" endtime="Fri Sep 21 11:38:06 CST 2012" />
            <Test name="testNewInstanceByteArray" result="pass" starttime="Fri Sep 21 11:38:06 CST 2012" endtime="Fri Sep 21 11:38:07 CST 2012" />
            <Test name="testNewInstanceInputStream" result="pass" starttime="Fri Sep 21 11:38:07 CST 2012" endtime="Fri Sep 21 11:38:07 CST 2012" />
            <Test name="testNewInstanceStringAndFileDescriptor" result="pass" starttime="Fri Sep 21 11:38:07 CST 2012" endtime="Fri Sep 21 11:38:08 CST 2012" />
            <Test name="testRecycle" result="pass" starttime="Fri Sep 21 11:38:08 CST 2012" endtime="Fri Sep 21 11:38:08 CST 2012" />
          </TestCase>
          <TestCase name="BitmapShaderTest" priority="">
            <Test name="testBitmapShader" result="pass" starttime="Fri Sep 21 11:38:08 CST 2012" endtime="Fri Sep 21 11:38:08 CST 2012" />
          </TestCase>
          <TestCase name="BitmapTest" priority="">
            <Test name="testAndroidTestCaseSetupProperly" result="pass" starttime="Fri Sep 21 11:38:08 CST 2012" endtime="Fri Sep 21 11:38:08 CST 2012" />
            <Test name="testCompress" result="pass" starttime="Fri Sep 21 11:38:08 CST 2012" endtime="Fri Sep 21 11:38:08 CST 2012" />
            <Test name="testCopy" result="pass" starttime="Fri Sep 21 11:38:08 CST 2012" endtime="Fri Sep 21 11:38:08 CST 2012" />
            <Test name="testCopyPixelsToBuffer" result="pass" starttime="Fri Sep 21 11:38:08 CST 2012" endtime="Fri Sep 21 11:38:08 CST 2012" />
            <Test name="testCreateBitmap1" result="pass" starttime="Fri Sep 21 11:38:08 CST 2012" endtime="Fri Sep 21 11:38:08 CST 2012" />
            <Test name="testCreateBitmap2" result="pass" starttime="Fri Sep 21 11:38:08 CST 2012" endtime="Fri Sep 21 11:38:08 CST 2012" />
            <Test name="testCreateBitmap3" result="pass" starttime="Fri Sep 21 11:38:08 CST 2012" endtime="Fri Sep 21 11:38:08 CST 2012" />
            <Test name="testCreateBitmap4" result="pass" starttime="Fri Sep 21 11:38:08 CST 2012" endtime="Fri Sep 21 11:38:09 CST 2012" />
            <Test name="testCreateBitmap6" result="pass" starttime="Fri Sep 21 11:38:09 CST 2012" endtime="Fri Sep 21 11:38:09 CST 2012" />
            <Test name="testCreateScaledBitmap" result="pass" starttime="Fri Sep 21 11:38:09 CST 2012" endtime="Fri Sep 21 11:38:09 CST 2012" />
            <Test name="testDescribeContents" result="pass" starttime="Fri Sep 21 11:38:09 CST 2012" endtime="Fri Sep 21 11:38:09 CST 2012" />
            <Test name="testEraseColor" result="pass" starttime="Fri Sep 21 11:38:09 CST 2012" endtime="Fri Sep 21 11:38:09 CST 2012" />
            <Test name="testExtractAlpha1" result="pass" starttime="Fri Sep 21 11:38:09 CST 2012" endtime="Fri Sep 21 11:38:09 CST 2012" />
            <Test name="testExtractAlpha2" result="pass" starttime="Fri Sep 21 11:38:09 CST 2012" endtime="Fri Sep 21 11:38:09 CST 2012" />
            <Test name="testGetConfig" result="pass" starttime="Fri Sep 21 11:38:09 CST 2012" endtime="Fri Sep 21 11:38:09 CST 2012" />
            <Test name="testGetHeight" result="pass" starttime="Fri Sep 21 11:38:09 CST 2012" endtime="Fri Sep 21 11:38:09 CST 2012" />
            <Test name="testGetNinePatchChunk" result="pass" starttime="Fri Sep 21 11:38:09 CST 2012" endtime="Fri Sep 21 11:38:10 CST 2012" />
            <Test name="testGetPixel" result="pass" starttime="Fri Sep 21 11:38:10 CST 2012" endtime="Fri Sep 21 11:38:10 CST 2012" />
            <Test name="testGetRowBytes" result="pass" starttime="Fri Sep 21 11:38:10 CST 2012" endtime="Fri Sep 21 11:38:10 CST 2012" />
            <Test name="testGetScaledHeight1" result="pass" starttime="Fri Sep 21 11:38:10 CST 2012" endtime="Fri Sep 21 11:38:10 CST 2012" />
            <Test name="testGetScaledHeight2" result="pass" starttime="Fri Sep 21 11:38:10 CST 2012" endtime="Fri Sep 21 11:38:10 CST 2012" />
            <Test name="testGetScaledHeight3" result="pass" starttime="Fri Sep 21 11:38:10 CST 2012" endtime="Fri Sep 21 11:38:10 CST 2012" />
            <Test name="testGetScaledWidth1" result="pass" starttime="Fri Sep 21 11:38:10 CST 2012" endtime="Fri Sep 21 11:38:10 CST 2012" />
            <Test name="testGetScaledWidth2" result="pass" starttime="Fri Sep 21 11:38:10 CST 2012" endtime="Fri Sep 21 11:38:10 CST 2012" />
            <Test name="testGetScaledWidth3" result="pass" starttime="Fri Sep 21 11:38:10 CST 2012" endtime="Fri Sep 21 11:38:10 CST 2012" />
            <Test name="testGetWidth" result="pass" starttime="Fri Sep 21 11:38:10 CST 2012" endtime="Fri Sep 21 11:38:11 CST 2012" />
            <Test name="testHasAlpha" result="pass" starttime="Fri Sep 21 11:38:11 CST 2012" endtime="Fri Sep 21 11:38:11 CST 2012" />
            <Test name="testIsMutable" result="pass" starttime="Fri Sep 21 11:38:11 CST 2012" endtime="Fri Sep 21 11:38:11 CST 2012" />
            <Test name="testIsRecycled" result="pass" starttime="Fri Sep 21 11:38:11 CST 2012" endtime="Fri Sep 21 11:38:11 CST 2012" />
            <Test name="testSetPixel" result="pass" starttime="Fri Sep 21 11:38:11 CST 2012" endtime="Fri Sep 21 11:38:11 CST 2012" />
            <Test name="testSetPixels" result="pass" starttime="Fri Sep 21 11:38:11 CST 2012" endtime="Fri Sep 21 11:38:11 CST 2012" />
            <Test name="testWriteToParcel" result="pass" starttime="Fri Sep 21 11:38:11 CST 2012" endtime="Fri Sep 21 11:38:11 CST 2012" />
          </TestCase>
          <TestCase name="Bitmap_CompressFormatTest" priority="">
            <Test name="testAndroidTestCaseSetupProperly" result="pass" starttime="Fri Sep 21 11:38:11 CST 2012" endtime="Fri Sep 21 11:38:11 CST 2012" />
            <Test name="testValueOf" result="pass" starttime="Fri Sep 21 11:38:11 CST 2012" endtime="Fri Sep 21 11:38:12 CST 2012" />
            <Test name="testValues" result="pass" starttime="Fri Sep 21 11:38:12 CST 2012" endtime="Fri Sep 21 11:38:12 CST 2012" />
          </TestCase>
          <TestCase name="Bitmap_ConfigTest" priority="">
            <Test name="testValueOf" result="pass" starttime="Fri Sep 21 11:38:12 CST 2012" endtime="Fri Sep 21 11:38:12 CST 2012" />
            <Test name="testValues" result="pass" starttime="Fri Sep 21 11:38:12 CST 2012" endtime="Fri Sep 21 11:38:12 CST 2012" />
          </TestCase>
          <TestCase name="BlurMaskFilterTest" priority="">
            <Test name="testBlurMaskFilter" result="pass" starttime="Fri Sep 21 11:38:12 CST 2012" endtime="Fri Sep 21 11:38:12 CST 2012" />
          </TestCase>
          <TestCase name="BlurMaskFilter_BlurTest" priority="">
            <Test name="testValueOf" result="pass" starttime="Fri Sep 21 11:38:12 CST 2012" endtime="Fri Sep 21 11:38:12 CST 2012" />
            <Test name="testValues" result="pass" starttime="Fri Sep 21 11:38:12 CST 2012" endtime="Fri Sep 21 11:38:12 CST 2012" />
          </TestCase>
          <TestCase name="CameraTest" priority="">
            <Test name="testAndroidTestCaseSetupProperly" result="pass" starttime="Fri Sep 21 11:38:12 CST 2012" endtime="Fri Sep 21 11:38:12 CST 2012" />
            <Test name="testApplyToCanvas" result="pass" starttime="Fri Sep 21 11:38:12 CST 2012" endtime="Fri Sep 21 11:38:12 CST 2012" />
            <Test name="testCamera" result="pass" starttime="Fri Sep 21 11:38:12 CST 2012" endtime="Fri Sep 21 11:38:12 CST 2012" />
            <Test name="testDotWithNormal" result="pass" starttime="Fri Sep 21 11:38:12 CST 2012" endtime="Fri Sep 21 11:38:13 CST 2012" />
            <Test name="testRestore" result="pass" starttime="Fri Sep 21 11:38:13 CST 2012" endtime="Fri Sep 21 11:38:13 CST 2012" />
            <Test name="testRotateX" result="pass" starttime="Fri Sep 21 11:38:13 CST 2012" endtime="Fri Sep 21 11:38:13 CST 2012" />
            <Test name="testRotateY" result="pass" starttime="Fri Sep 21 11:38:13 CST 2012" endtime="Fri Sep 21 11:38:13 CST 2012" />
            <Test name="testRotateZ" result="pass" starttime="Fri Sep 21 11:38:13 CST 2012" endtime="Fri Sep 21 11:38:13 CST 2012" />
            <Test name="testTranslate" result="pass" starttime="Fri Sep 21 11:38:13 CST 2012" endtime="Fri Sep 21 11:38:13 CST 2012" />
          </TestCase>
          <TestCase name="CanvasTest" priority="">
            <Test name="testCanvas1" result="pass" starttime="Fri Sep 21 11:38:13 CST 2012" endtime="Fri Sep 21 11:38:13 CST 2012" />
            <Test name="testCanvas2" result="pass" starttime="Fri Sep 21 11:38:13 CST 2012" endtime="Fri Sep 21 11:38:13 CST 2012" />
            <Test name="testClipPath1" result="pass" starttime="Fri Sep 21 11:38:13 CST 2012" endtime="Fri Sep 21 11:38:13 CST 2012" />
            <Test name="testClipPath2" result="pass" starttime="Fri Sep 21 11:38:13 CST 2012" endtime="Fri Sep 21 11:38:14 CST 2012" />
            <Test name="testClipRect1" result="pass" starttime="Fri Sep 21 11:38:14 CST 2012" endtime="Fri Sep 21 11:38:14 CST 2012" />
            <Test name="testClipRect2" result="pass" starttime="Fri Sep 21 11:38:14 CST 2012" endtime="Fri Sep 21 11:38:14 CST 2012" />
            <Test name="testClipRect3" result="pass" starttime="Fri Sep 21 11:38:14 CST 2012" endtime="Fri Sep 21 11:38:14 CST 2012" />
            <Test name="testClipRect4" result="pass" starttime="Fri Sep 21 11:38:14 CST 2012" endtime="Fri Sep 21 11:38:14 CST 2012" />
            <Test name="testClipRect5" result="pass" starttime="Fri Sep 21 11:38:14 CST 2012" endtime="Fri Sep 21 11:38:14 CST 2012" />
            <Test name="testClipRect6" result="pass" starttime="Fri Sep 21 11:38:14 CST 2012" endtime="Fri Sep 21 11:38:14 CST 2012" />
            <Test name="testClipRect7" result="pass" starttime="Fri Sep 21 11:38:14 CST 2012" endtime="Fri Sep 21 11:38:14 CST 2012" />
            <Test name="testClipRegion1" result="pass" starttime="Fri Sep 21 11:38:14 CST 2012" endtime="Fri Sep 21 11:38:14 CST 2012" />
            <Test name="testClipRegion2" result="pass" starttime="Fri Sep 21 11:38:14 CST 2012" endtime="Fri Sep 21 11:38:14 CST 2012" />
            <Test name="testConcat" result="pass" starttime="Fri Sep 21 11:38:14 CST 2012" endtime="Fri Sep 21 11:38:15 CST 2012" />
            <Test name="testDensity" result="pass" starttime="Fri Sep 21 11:38:15 CST 2012" endtime="Fri Sep 21 11:38:15 CST 2012" />
            <Test name="testDrawARGB" result="pass" starttime="Fri Sep 21 11:38:15 CST 2012" endtime="Fri Sep 21 11:38:15 CST 2012" />
            <Test name="testDrawArc" result="pass" starttime="Fri Sep 21 11:38:15 CST 2012" endtime="Fri Sep 21 11:38:15 CST 2012" />
            <Test name="testDrawBitmap1" result="pass" starttime="Fri Sep 21 11:38:15 CST 2012" endtime="Fri Sep 21 11:38:15 CST 2012" />
            <Test name="testDrawBitmap2" result="pass" starttime="Fri Sep 21 11:38:15 CST 2012" endtime="Fri Sep 21 11:38:15 CST 2012" />
            <Test name="testDrawBitmap3" result="pass" starttime="Fri Sep 21 11:38:15 CST 2012" endtime="Fri Sep 21 11:38:15 CST 2012" />
            <Test name="testDrawBitmap4" result="pass" starttime="Fri Sep 21 11:38:15 CST 2012" endtime="Fri Sep 21 11:38:15 CST 2012" />
            <Test name="testDrawBitmap5" result="pass" starttime="Fri Sep 21 11:38:15 CST 2012" endtime="Fri Sep 21 11:38:15 CST 2012" />
            <Test name="testDrawBitmap6" result="pass" starttime="Fri Sep 21 11:38:15 CST 2012" endtime="Fri Sep 21 11:38:16 CST 2012" />
            <Test name="testDrawBitmapMesh" result="pass" starttime="Fri Sep 21 11:38:16 CST 2012" endtime="Fri Sep 21 11:38:16 CST 2012" />
            <Test name="testDrawCircle" result="pass" starttime="Fri Sep 21 11:38:16 CST 2012" endtime="Fri Sep 21 11:38:16 CST 2012" />
            <Test name="testDrawColor1" result="pass" starttime="Fri Sep 21 11:38:16 CST 2012" endtime="Fri Sep 21 11:38:16 CST 2012" />
            <Test name="testDrawColor2" result="pass" starttime="Fri Sep 21 11:38:16 CST 2012" endtime="Fri Sep 21 11:38:16 CST 2012" />
            <Test name="testDrawLine" result="pass" starttime="Fri Sep 21 11:38:16 CST 2012" endtime="Fri Sep 21 11:38:16 CST 2012" />
            <Test name="testDrawLines1" result="pass" starttime="Fri Sep 21 11:38:16 CST 2012" endtime="Fri Sep 21 11:38:16 CST 2012" />
            <Test name="testDrawLines2" result="pass" starttime="Fri Sep 21 11:38:16 CST 2012" endtime="Fri Sep 21 11:38:16 CST 2012" />
            <Test name="testDrawOval" result="pass" starttime="Fri Sep 21 11:38:16 CST 2012" endtime="Fri Sep 21 11:38:16 CST 2012" />
            <Test name="testDrawPaint" result="pass" starttime="Fri Sep 21 11:38:16 CST 2012" endtime="Fri Sep 21 11:38:17 CST 2012" />
            <Test name="testDrawPath" result="pass" starttime="Fri Sep 21 11:38:17 CST 2012" endtime="Fri Sep 21 11:38:17 CST 2012" />
            <Test name="testDrawPicture1" result="pass" starttime="Fri Sep 21 11:38:17 CST 2012" endtime="Fri Sep 21 11:38:17 CST 2012" />
            <Test name="testDrawPicture2" result="pass" starttime="Fri Sep 21 11:38:17 CST 2012" endtime="Fri Sep 21 11:38:17 CST 2012" />
            <Test name="testDrawPicture3" result="pass" starttime="Fri Sep 21 11:38:17 CST 2012" endtime="Fri Sep 21 11:38:17 CST 2012" />
            <Test name="testDrawPoint" result="pass" starttime="Fri Sep 21 11:38:17 CST 2012" endtime="Fri Sep 21 11:38:17 CST 2012" />
            <Test name="testDrawPoints1" result="pass" starttime="Fri Sep 21 11:38:17 CST 2012" endtime="Fri Sep 21 11:38:17 CST 2012" />
            <Test name="testDrawPoints2" result="pass" starttime="Fri Sep 21 11:38:17 CST 2012" endtime="Fri Sep 21 11:38:17 CST 2012" />
            <Test name="testDrawPosText1" result="pass" starttime="Fri Sep 21 11:38:17 CST 2012" endtime="Fri Sep 21 11:38:17 CST 2012" />
            <Test name="testDrawPosText2" result="pass" starttime="Fri Sep 21 11:38:17 CST 2012" endtime="Fri Sep 21 11:38:17 CST 2012" />
            <Test name="testDrawRGB" result="pass" starttime="Fri Sep 21 11:38:17 CST 2012" endtime="Fri Sep 21 11:38:18 CST 2012" />
            <Test name="testDrawRect1" result="pass" starttime="Fri Sep 21 11:38:18 CST 2012" endtime="Fri Sep 21 11:38:18 CST 2012" />
            <Test name="testDrawRect2" result="pass" starttime="Fri Sep 21 11:38:18 CST 2012" endtime="Fri Sep 21 11:38:18 CST 2012" />
            <Test name="testDrawRect3" result="pass" starttime="Fri Sep 21 11:38:18 CST 2012" endtime="Fri Sep 21 11:38:18 CST 2012" />
            <Test name="testDrawRoundRect" result="pass" starttime="Fri Sep 21 11:38:18 CST 2012" endtime="Fri Sep 21 11:38:18 CST 2012" />
            <Test name="testDrawText1" result="pass" starttime="Fri Sep 21 11:38:18 CST 2012" endtime="Fri Sep 21 11:38:18 CST 2012" />
            <Test name="testDrawText2" result="pass" starttime="Fri Sep 21 11:38:18 CST 2012" endtime="Fri Sep 21 11:38:18 CST 2012" />
            <Test name="testDrawText3" result="pass" starttime="Fri Sep 21 11:38:18 CST 2012" endtime="Fri Sep 21 11:38:18 CST 2012" />
            <Test name="testDrawText4" result="pass" starttime="Fri Sep 21 11:38:18 CST 2012" endtime="Fri Sep 21 11:38:18 CST 2012" />
            <Test name="testDrawTextOnPath1" result="pass" starttime="Fri Sep 21 11:38:18 CST 2012" endtime="Fri Sep 21 11:38:19 CST 2012" />
            <Test name="testDrawTextOnPath2" result="pass" starttime="Fri Sep 21 11:38:19 CST 2012" endtime="Fri Sep 21 11:38:19 CST 2012" />
            <Test name="testDrawVertices" result="pass" starttime="Fri Sep 21 11:38:19 CST 2012" endtime="Fri Sep 21 11:38:19 CST 2012" />
            <Test name="testGetClipBounds1" result="pass" starttime="Fri Sep 21 11:38:19 CST 2012" endtime="Fri Sep 21 11:38:19 CST 2012" />
            <Test name="testGetClipBounds2" result="pass" starttime="Fri Sep 21 11:38:19 CST 2012" endtime="Fri Sep 21 11:38:19 CST 2012" />
            <Test name="testGetDrawFilter" result="pass" starttime="Fri Sep 21 11:38:19 CST 2012" endtime="Fri Sep 21 11:38:19 CST 2012" />
            <Test name="testGetMatrix1" result="pass" starttime="Fri Sep 21 11:38:19 CST 2012" endtime="Fri Sep 21 11:38:19 CST 2012" />
            <Test name="testGetMatrix2" result="pass" starttime="Fri Sep 21 11:38:19 CST 2012" endtime="Fri Sep 21 11:38:19 CST 2012" />
            <Test name="testGetSaveCount" result="pass" starttime="Fri Sep 21 11:38:19 CST 2012" endtime="Fri Sep 21 11:38:19 CST 2012" />
            <Test name="testIsOpaque" result="pass" starttime="Fri Sep 21 11:38:19 CST 2012" endtime="Fri Sep 21 11:38:20 CST 2012" />
            <Test name="testQuickReject1" result="pass" starttime="Fri Sep 21 11:38:20 CST 2012" endtime="Fri Sep 21 11:38:20 CST 2012" />
            <Test name="testQuickReject2" result="pass" starttime="Fri Sep 21 11:38:20 CST 2012" endtime="Fri Sep 21 11:38:20 CST 2012" />
            <Test name="testQuickReject3" result="pass" starttime="Fri Sep 21 11:38:20 CST 2012" endtime="Fri Sep 21 11:38:20 CST 2012" />
            <Test name="testRestore" result="pass" starttime="Fri Sep 21 11:38:20 CST 2012" endtime="Fri Sep 21 11:38:20 CST 2012" />
            <Test name="testRestoreToCount" result="pass" starttime="Fri Sep 21 11:38:20 CST 2012" endtime="Fri Sep 21 11:38:20 CST 2012" />
            <Test name="testRotate1" result="pass" starttime="Fri Sep 21 11:38:20 CST 2012" endtime="Fri Sep 21 11:38:20 CST 2012" />
            <Test name="testRotate2" result="pass" starttime="Fri Sep 21 11:38:20 CST 2012" endtime="Fri Sep 21 11:38:20 CST 2012" />
            <Test name="testSave1" result="pass" starttime="Fri Sep 21 11:38:20 CST 2012" endtime="Fri Sep 21 11:38:20 CST 2012" />
            <Test name="testSave2" result="pass" starttime="Fri Sep 21 11:38:20 CST 2012" endtime="Fri Sep 21 11:38:20 CST 2012" />
            <Test name="testSaveLayer1" result="pass" starttime="Fri Sep 21 11:38:20 CST 2012" endtime="Fri Sep 21 11:38:21 CST 2012" />
            <Test name="testSaveLayer2" result="pass" starttime="Fri Sep 21 11:38:21 CST 2012" endtime="Fri Sep 21 11:38:21 CST 2012" />
            <Test name="testSaveLayerAlpha1" result="pass" starttime="Fri Sep 21 11:38:21 CST 2012" endtime="Fri Sep 21 11:38:21 CST 2012" />
            <Test name="testSaveLayerAlpha2" result="pass" starttime="Fri Sep 21 11:38:21 CST 2012" endtime="Fri Sep 21 11:38:21 CST 2012" />
            <Test name="testScale1" result="pass" starttime="Fri Sep 21 11:38:21 CST 2012" endtime="Fri Sep 21 11:38:21 CST 2012" />
            <Test name="testScale2" result="pass" starttime="Fri Sep 21 11:38:21 CST 2012" endtime="Fri Sep 21 11:38:21 CST 2012" />
            <Test name="testSetBitmap" result="pass" starttime="Fri Sep 21 11:38:21 CST 2012" endtime="Fri Sep 21 11:38:21 CST 2012" />
            <Test name="testSkew" result="pass" starttime="Fri Sep 21 11:38:21 CST 2012" endtime="Fri Sep 21 11:38:21 CST 2012" />
            <Test name="testTranslate" result="pass" starttime="Fri Sep 21 11:38:21 CST 2012" endtime="Fri Sep 21 11:38:21 CST 2012" />
          </TestCase>
          <TestCase name="Canvas_EdgeTypeTest" priority="">
            <Test name="testValueOf" result="pass" starttime="Fri Sep 21 11:38:21 CST 2012" endtime="Fri Sep 21 11:38:22 CST 2012" />
            <Test name="testValues" result="pass" starttime="Fri Sep 21 11:38:22 CST 2012" endtime="Fri Sep 21 11:38:22 CST 2012" />
          </TestCase>
          <TestCase name="Canvas_VertexModeTest" priority="">
            <Test name="testAndroidTestCaseSetupProperly" result="pass" starttime="Fri Sep 21 11:38:22 CST 2012" endtime="Fri Sep 21 11:38:22 CST 2012" />
            <Test name="testValueOf" result="pass" starttime="Fri Sep 21 11:38:22 CST 2012" endtime="Fri Sep 21 11:38:22 CST 2012" />
            <Test name="testValues" result="pass" starttime="Fri Sep 21 11:38:22 CST 2012" endtime="Fri Sep 21 11:38:22 CST 2012" />
          </TestCase>
          <TestCase name="ColorMatrixColorFilterTest" priority="">
            <Test name="testColorMatrixColorFilter" result="pass" starttime="Fri Sep 21 11:38:22 CST 2012" endtime="Fri Sep 21 11:38:22 CST 2012" />
          </TestCase>
          <TestCase name="ColorMatrixTest" priority="">
            <Test name="testAndroidTestCaseSetupProperly" result="pass" starttime="Fri Sep 21 11:38:22 CST 2012" endtime="Fri Sep 21 11:38:22 CST 2012" />
            <Test name="testColorMatrix" result="pass" starttime="Fri Sep 21 11:38:22 CST 2012" endtime="Fri Sep 21 11:38:22 CST 2012" />
            <Test name="testPostConcat" result="pass" starttime="Fri Sep 21 11:38:22 CST 2012" endtime="Fri Sep 21 11:38:23 CST 2012" />
            <Test name="testPreConcat" result="pass" starttime="Fri Sep 21 11:38:23 CST 2012" endtime="Fri Sep 21 11:38:23 CST 2012" />
            <Test name="testReset" result="pass" starttime="Fri Sep 21 11:38:23 CST 2012" endtime="Fri Sep 21 11:38:23 CST 2012" />
            <Test name="testSet1" result="pass" starttime="Fri Sep 21 11:38:23 CST 2012" endtime="Fri Sep 21 11:38:23 CST 2012" />
            <Test name="testSet2" result="pass" starttime="Fri Sep 21 11:38:23 CST 2012" endtime="Fri Sep 21 11:38:23 CST 2012" />
            <Test name="testSetConcat" result="pass" starttime="Fri Sep 21 11:38:23 CST 2012" endtime="Fri Sep 21 11:38:23 CST 2012" />
            <Test name="testSetRGB2YUV" result="pass" starttime="Fri Sep 21 11:38:23 CST 2012" endtime="Fri Sep 21 11:38:23 CST 2012" />
            <Test name="testSetRotate" result="pass" starttime="Fri Sep 21 11:38:23 CST 2012" endtime="Fri Sep 21 11:38:23 CST 2012" />
            <Test name="testSetSaturation" result="pass" starttime="Fri Sep 21 11:38:23 CST 2012" endtime="Fri Sep 21 11:38:23 CST 2012" />
            <Test name="testSetScale" result="pass" starttime="Fri Sep 21 11:38:23 CST 2012" endtime="Fri Sep 21 11:38:24 CST 2012" />
            <Test name="testSetYUV2RGB" result="pass" starttime="Fri Sep 21 11:38:24 CST 2012" endtime="Fri Sep 21 11:38:24 CST 2012" />
          </TestCase>
          <TestCase name="ColorTest" priority="">
            <Test name="testAlpha" result="pass" starttime="Fri Sep 21 11:38:24 CST 2012" endtime="Fri Sep 21 11:38:24 CST 2012" />
            <Test name="testAndroidTestCaseSetupProperly" result="pass" starttime="Fri Sep 21 11:38:24 CST 2012" endtime="Fri Sep 21 11:38:24 CST 2012" />
            <Test name="testArgb" result="pass" starttime="Fri Sep 21 11:38:24 CST 2012" endtime="Fri Sep 21 11:38:24 CST 2012" />
            <Test name="testBlue" result="pass" starttime="Fri Sep 21 11:38:24 CST 2012" endtime="Fri Sep 21 11:38:24 CST 2012" />
            <Test name="testGreen" result="pass" starttime="Fri Sep 21 11:38:24 CST 2012" endtime="Fri Sep 21 11:38:24 CST 2012" />
            <Test name="testHSVToColor1" result="pass" starttime="Fri Sep 21 11:38:24 CST 2012" endtime="Fri Sep 21 11:38:24 CST 2012" />
            <Test name="testHSVToColor2" result="pass" starttime="Fri Sep 21 11:38:24 CST 2012" endtime="Fri Sep 21 11:38:25 CST 2012" />
            <Test name="testParseColor" result="pass" starttime="Fri Sep 21 11:38:25 CST 2012" endtime="Fri Sep 21 11:38:25 CST 2012" />
            <Test name="testRGBToHSV" result="pass" starttime="Fri Sep 21 11:38:25 CST 2012" endtime="Fri Sep 21 11:38:25 CST 2012" />
            <Test name="testRed" result="pass" starttime="Fri Sep 21 11:38:25 CST 2012" endtime="Fri Sep 21 11:38:25 CST 2012" />
            <Test name="testRgb" result="pass" starttime="Fri Sep 21 11:38:25 CST 2012" endtime="Fri Sep 21 11:38:25 CST 2012" />
          </TestCase>
          <TestCase name="ComposePathEffectTest" priority="">
            <Test name="testComposePathEffect" result="pass" starttime="Fri Sep 21 11:38:25 CST 2012" endtime="Fri Sep 21 11:38:25 CST 2012" />
          </TestCase>
          <TestCase name="ComposeShaderTest" priority="">
            <Test name="testPorterDuff" result="pass" starttime="Fri Sep 21 11:38:25 CST 2012" endtime="Fri Sep 21 11:38:25 CST 2012" />
            <Test name="testXfermode" result="pass" starttime="Fri Sep 21 11:38:25 CST 2012" endtime="Fri Sep 21 11:38:26 CST 2012" />
          </TestCase>
          <TestCase name="CornerPathEffectTest" priority="">
            <Test name="testCornerPathEffect" result="pass" starttime="Fri Sep 21 11:38:26 CST 2012" endtime="Fri Sep 21 11:38:26 CST 2012" />
          </TestCase>
          <TestCase name="DashPathEffectTest" priority="">
            <Test name="testDashPathEffect" result="pass" starttime="Fri Sep 21 11:38:26 CST 2012" endtime="Fri Sep 21 11:38:26 CST 2012" />
          </TestCase>
          <TestCase name="DiscretePathEffectTest" priority="">
            <Test name="testDiscretePathEffect" result="pass" starttime="Fri Sep 21 11:38:26 CST 2012" endtime="Fri Sep 21 11:38:26 CST 2012" />
          </TestCase>
          <TestCase name="DrawFilterTest" priority="">
            <Test name="testConstructor" result="pass" starttime="Fri Sep 21 11:38:26 CST 2012" endtime="Fri Sep 21 11:38:26 CST 2012" />
          </TestCase>
          <TestCase name="EmbossMaskFilterTest" priority="">
            <Test name="testEmbossMaskFilter" result="pass" starttime="Fri Sep 21 11:38:26 CST 2012" endtime="Fri Sep 21 11:38:26 CST 2012" />
          </TestCase>
          <TestCase name="InterpolatorTest" priority="">
            <Test name="testConstructor" result="pass" starttime="Fri Sep 21 11:38:26 CST 2012" endtime="Fri Sep 21 11:38:26 CST 2012" />
            <Test name="testReset1" result="pass" starttime="Fri Sep 21 11:38:26 CST 2012" endtime="Fri Sep 21 11:38:26 CST 2012" />
            <Test name="testReset2" result="pass" starttime="Fri Sep 21 11:38:26 CST 2012" endtime="Fri Sep 21 11:38:26 CST 2012" />
            <Test name="testSetKeyFrame" result="pass" starttime="Fri Sep 21 11:38:26 CST 2012" endtime="Fri Sep 21 11:38:27 CST 2012" />
            <Test name="testSetRepeatMirror" result="pass" starttime="Fri Sep 21 11:38:27 CST 2012" endtime="Fri Sep 21 11:38:27 CST 2012" />
            <Test name="testTimeToValues1" result="pass" starttime="Fri Sep 21 11:38:27 CST 2012" endtime="Fri Sep 21 11:38:27 CST 2012" />
            <Test name="testTimeToValues2" result="pass" starttime="Fri Sep 21 11:38:27 CST 2012" endtime="Fri Sep 21 11:38:27 CST 2012" />
          </TestCase>
          <TestCase name="Interpolator_ResultTest" priority="">
            <Test name="testValueOf" result="pass" starttime="Fri Sep 21 11:38:27 CST 2012" endtime="Fri Sep 21 11:38:27 CST 2012" />
            <Test name="testValues" result="pass" starttime="Fri Sep 21 11:38:27 CST 2012" endtime="Fri Sep 21 11:38:27 CST 2012" />
          </TestCase>
          <TestCase name="LayerRasterizerTest" priority="">
            <Test name="testAddLayer1" result="pass" starttime="Fri Sep 21 11:38:27 CST 2012" endtime="Fri Sep 21 11:38:27 CST 2012" />
            <Test name="testAddLayer2" result="pass" starttime="Fri Sep 21 11:38:27 CST 2012" endtime="Fri Sep 21 11:38:27 CST 2012" />
            <Test name="testConstructor" result="pass" starttime="Fri Sep 21 11:38:27 CST 2012" endtime="Fri Sep 21 11:38:27 CST 2012" />
          </TestCase>
          <TestCase name="LightingColorFilterTest" priority="">
            <Test name="testLightingColorFilter" result="pass" starttime="Fri Sep 21 11:38:27 CST 2012" endtime="Fri Sep 21 11:38:28 CST 2012" />
          </TestCase>
          <TestCase name="LinearGradientTest" priority="">
            <Test name="testAndroidTestCaseSetupProperly" result="pass" starttime="Fri Sep 21 11:38:28 CST 2012" endtime="Fri Sep 21 11:38:28 CST 2012" />
            <Test name="testLinearGradient" result="pass" starttime="Fri Sep 21 11:38:28 CST 2012" endtime="Fri Sep 21 11:38:28 CST 2012" />
          </TestCase>
          <TestCase name="MaskFilterTest" priority="">
            <Test name="testConstructor" result="pass" starttime="Fri Sep 21 11:38:28 CST 2012" endtime="Fri Sep 21 11:38:28 CST 2012" />
          </TestCase>
          <TestCase name="MatrixTest" priority="">
            <Test name="testAccessValues" result="pass" starttime="Fri Sep 21 11:38:28 CST 2012" endtime="Fri Sep 21 11:38:28 CST 2012" />
            <Test name="testAndroidTestCaseSetupProperly" result="pass" starttime="Fri Sep 21 11:38:28 CST 2012" endtime="Fri Sep 21 11:38:28 CST 2012" />
            <Test name="testConstractor" result="pass" starttime="Fri Sep 21 11:38:28 CST 2012" endtime="Fri Sep 21 11:38:28 CST 2012" />
            <Test name="testEquals" result="pass" starttime="Fri Sep 21 11:38:28 CST 2012" endtime="Fri Sep 21 11:38:28 CST 2012" />
            <Test name="testInvert" result="pass" starttime="Fri Sep 21 11:38:28 CST 2012" endtime="Fri Sep 21 11:38:28 CST 2012" />
            <Test name="testIsIdentity" result="pass" starttime="Fri Sep 21 11:38:29 CST 2012" endtime="Fri Sep 21 11:38:29 CST 2012" />
            <Test name="testMapPoints" result="pass" starttime="Fri Sep 21 11:38:29 CST 2012" endtime="Fri Sep 21 11:38:29 CST 2012" />
            <Test name="testMapPoints2" result="pass" starttime="Fri Sep 21 11:38:29 CST 2012" endtime="Fri Sep 21 11:38:29 CST 2012" />
            <Test name="testMapPoints3" result="pass" starttime="Fri Sep 21 11:38:29 CST 2012" endtime="Fri Sep 21 11:38:29 CST 2012" />
            <Test name="testMapRadius" result="pass" starttime="Fri Sep 21 11:38:29 CST 2012" endtime="Fri Sep 21 11:38:29 CST 2012" />
            <Test name="testMapRect" result="pass" starttime="Fri Sep 21 11:38:29 CST 2012" endtime="Fri Sep 21 11:38:29 CST 2012" />
            <Test name="testMapRect2" result="pass" starttime="Fri Sep 21 11:38:29 CST 2012" endtime="Fri Sep 21 11:38:29 CST 2012" />
            <Test name="testMapVectors" result="pass" starttime="Fri Sep 21 11:38:29 CST 2012" endtime="Fri Sep 21 11:38:29 CST 2012" />
            <Test name="testMapVectors2" result="pass" starttime="Fri Sep 21 11:38:29 CST 2012" endtime="Fri Sep 21 11:38:30 CST 2012" />
            <Test name="testMapVectors3" result="pass" starttime="Fri Sep 21 11:38:30 CST 2012" endtime="Fri Sep 21 11:38:30 CST 2012" />
            <Test name="testPostConcat" result="pass" starttime="Fri Sep 21 11:38:30 CST 2012" endtime="Fri Sep 21 11:38:30 CST 2012" />
            <Test name="testPostRotate" result="pass" starttime="Fri Sep 21 11:38:30 CST 2012" endtime="Fri Sep 21 11:38:30 CST 2012" />
            <Test name="testPostRotate2" result="pass" starttime="Fri Sep 21 11:38:30 CST 2012" endtime="Fri Sep 21 11:38:30 CST 2012" />
            <Test name="testPostScale" result="pass" starttime="Fri Sep 21 11:38:30 CST 2012" endtime="Fri Sep 21 11:38:30 CST 2012" />
            <Test name="testPostScale2" result="pass" starttime="Fri Sep 21 11:38:30 CST 2012" endtime="Fri Sep 21 11:38:30 CST 2012" />
            <Test name="testPostSkew" result="pass" starttime="Fri Sep 21 11:38:30 CST 2012" endtime="Fri Sep 21 11:38:30 CST 2012" />
            <Test name="testPostSkew2" result="pass" starttime="Fri Sep 21 11:38:30 CST 2012" endtime="Fri Sep 21 11:38:31 CST 2012" />
            <Test name="testPostTranslate" result="pass" starttime="Fri Sep 21 11:38:31 CST 2012" endtime="Fri Sep 21 11:38:31 CST 2012" />
            <Test name="testPreConcat" result="pass" starttime="Fri Sep 21 11:38:31 CST 2012" endtime="Fri Sep 21 11:38:31 CST 2012" />
            <Test name="testPreRotate" result="pass" starttime="Fri Sep 21 11:38:31 CST 2012" endtime="Fri Sep 21 11:38:31 CST 2012" />
            <Test name="testPreRotate2" result="pass" starttime="Fri Sep 21 11:38:31 CST 2012" endtime="Fri Sep 21 11:38:31 CST 2012" />
            <Test name="testPreScale" result="pass" starttime="Fri Sep 21 11:38:31 CST 2012" endtime="Fri Sep 21 11:38:31 CST 2012" />
            <Test name="testPreScale2" result="pass" starttime="Fri Sep 21 11:38:31 CST 2012" endtime="Fri Sep 21 11:38:31 CST 2012" />
            <Test name="testPreSkew" result="pass" starttime="Fri Sep 21 11:38:31 CST 2012" endtime="Fri Sep 21 11:38:31 CST 2012" />
            <Test name="testPreSkew2" result="pass" starttime="Fri Sep 21 11:38:31 CST 2012" endtime="Fri Sep 21 11:38:32 CST 2012" />
            <Test name="testPreTranslate" result="pass" starttime="Fri Sep 21 11:38:32 CST 2012" endtime="Fri Sep 21 11:38:32 CST 2012" />
            <Test name="testRectStaysRect" result="pass" starttime="Fri Sep 21 11:38:32 CST 2012" endtime="Fri Sep 21 11:38:32 CST 2012" />
            <Test name="testReset" result="pass" starttime="Fri Sep 21 11:38:32 CST 2012" endtime="Fri Sep 21 11:38:32 CST 2012" />
            <Test name="testSet" result="pass" starttime="Fri Sep 21 11:38:32 CST 2012" endtime="Fri Sep 21 11:38:32 CST 2012" />
            <Test name="testSetConcat" result="pass" starttime="Fri Sep 21 11:38:32 CST 2012" endtime="Fri Sep 21 11:38:32 CST 2012" />
            <Test name="testSetPolyToPoly" result="pass" starttime="Fri Sep 21 11:38:32 CST 2012" endtime="Fri Sep 21 11:38:32 CST 2012" />
            <Test name="testSetRectToRect" result="pass" starttime="Fri Sep 21 11:38:32 CST 2012" endtime="Fri Sep 21 11:38:32 CST 2012" />
            <Test name="testSetRotate" result="pass" starttime="Fri Sep 21 11:38:32 CST 2012" endtime="Fri Sep 21 11:38:33 CST 2012" />
            <Test name="testSetRotate2" result="pass" starttime="Fri Sep 21 11:38:33 CST 2012" endtime="Fri Sep 21 11:38:33 CST 2012" />
            <Test name="testSetScale" result="pass" starttime="Fri Sep 21 11:38:33 CST 2012" endtime="Fri Sep 21 11:38:33 CST 2012" />
            <Test name="testSetScale2" result="pass" starttime="Fri Sep 21 11:38:33 CST 2012" endtime="Fri Sep 21 11:38:33 CST 2012" />
            <Test name="testSetSinCos" result="pass" starttime="Fri Sep 21 11:38:33 CST 2012" endtime="Fri Sep 21 11:38:33 CST 2012" />
            <Test name="testSetSinCos2" result="pass" starttime="Fri Sep 21 11:38:33 CST 2012" endtime="Fri Sep 21 11:38:33 CST 2012" />
            <Test name="testSetSkew" result="pass" starttime="Fri Sep 21 11:38:33 CST 2012" endtime="Fri Sep 21 11:38:33 CST 2012" />
            <Test name="testSetSkew2" result="pass" starttime="Fri Sep 21 11:38:33 CST 2012" endtime="Fri Sep 21 11:38:33 CST 2012" />
            <Test name="testSetTranslate" result="pass" starttime="Fri Sep 21 11:38:33 CST 2012" endtime="Fri Sep 21 11:38:34 CST 2012" />
            <Test name="testToShortString" result="pass" starttime="Fri Sep 21 11:38:34 CST 2012" endtime="Fri Sep 21 11:38:34 CST 2012" />
            <Test name="testToString" result="pass" starttime="Fri Sep 21 11:38:34 CST 2012" endtime="Fri Sep 21 11:38:34 CST 2012" />
          </TestCase>
          <TestCase name="Matrix_ScaleToFitTest" priority="">
            <Test name="testAndroidTestCaseSetupProperly" result="pass" starttime="Fri Sep 21 11:38:34 CST 2012" endtime="Fri Sep 21 11:38:34 CST 2012" />
            <Test name="testValueOf" result="pass" starttime="Fri Sep 21 11:38:34 CST 2012" endtime="Fri Sep 21 11:38:34 CST 2012" />
            <Test name="testValueOf2" result="pass" starttime="Fri Sep 21 11:38:34 CST 2012" endtime="Fri Sep 21 11:38:34 CST 2012" />
            <Test name="testValues" result="pass" starttime="Fri Sep 21 11:38:34 CST 2012" endtime="Fri Sep 21 11:38:34 CST 2012" />
          </TestCase>
          <TestCase name="MovieTest" priority="">
            <Test name="testDecodeByteArray" result="pass" starttime="Fri Sep 21 11:38:34 CST 2012" endtime="Fri Sep 21 11:38:35 CST 2012" />
            <Test name="testDecodeFile" result="pass" starttime="Fri Sep 21 11:38:35 CST 2012" endtime="Fri Sep 21 11:38:35 CST 2012" />
            <Test name="testDecodeStream" result="pass" starttime="Fri Sep 21 11:38:35 CST 2012" endtime="Fri Sep 21 11:38:35 CST 2012" />
            <Test name="testDraw1" result="pass" starttime="Fri Sep 21 11:38:35 CST 2012" endtime="Fri Sep 21 11:38:36 CST 2012" />
            <Test name="testDraw2" result="pass" starttime="Fri Sep 21 11:38:36 CST 2012" endtime="Fri Sep 21 11:38:36 CST 2012" />
            <Test name="testGetMovieProperties" result="pass" starttime="Fri Sep 21 11:38:36 CST 2012" endtime="Fri Sep 21 11:38:37 CST 2012" />
            <Test name="testSetTime" result="pass" starttime="Fri Sep 21 11:38:37 CST 2012" endtime="Fri Sep 21 11:38:37 CST 2012" />
          </TestCase>
          <TestCase name="NinePatchTest" priority="">
            <Test name="testAndroidTestCaseSetupProperly" result="pass" starttime="Fri Sep 21 11:38:37 CST 2012" endtime="Fri Sep 21 11:38:37 CST 2012" />
            <Test name="testConstructor" result="pass" starttime="Fri Sep 21 11:38:37 CST 2012" endtime="Fri Sep 21 11:38:37 CST 2012" />
            <Test name="testDraw" result="pass" starttime="Fri Sep 21 11:38:37 CST 2012" endtime="Fri Sep 21 11:38:38 CST 2012" />
            <Test name="testGetDensity" result="pass" starttime="Fri Sep 21 11:38:38 CST 2012" endtime="Fri Sep 21 11:38:38 CST 2012" />
            <Test name="testGetHeight" result="pass" starttime="Fri Sep 21 11:38:38 CST 2012" endtime="Fri Sep 21 11:38:38 CST 2012" />
            <Test name="testGetTransparentRegion" result="pass" starttime="Fri Sep 21 11:38:38 CST 2012" endtime="Fri Sep 21 11:38:38 CST 2012" />
            <Test name="testGetWidth" result="pass" starttime="Fri Sep 21 11:38:38 CST 2012" endtime="Fri Sep 21 11:38:38 CST 2012" />
            <Test name="testHasAlpha" result="pass" starttime="Fri Sep 21 11:38:38 CST 2012" endtime="Fri Sep 21 11:38:38 CST 2012" />
            <Test name="testIsNinePatchChunk" result="pass" starttime="Fri Sep 21 11:38:38 CST 2012" endtime="Fri Sep 21 11:38:38 CST 2012" />
          </TestCase>
          <TestCase name="PaintFlagsDrawFilterTest" priority="">
            <Test name="testAndroidTestCaseSetupProperly" result="pass" starttime="Fri Sep 21 11:38:38 CST 2012" endtime="Fri Sep 21 11:38:38 CST 2012" />
            <Test name="testPaintFlagsDrawFilter" result="pass" starttime="Fri Sep 21 11:38:38 CST 2012" endtime="Fri Sep 21 11:38:38 CST 2012" />
          </TestCase>
          <TestCase name="PaintTest" priority="">
            <Test name="testAccessAlpha" result="pass" starttime="Fri Sep 21 11:38:38 CST 2012" endtime="Fri Sep 21 11:38:38 CST 2012" />
            <Test name="testAccessColor" result="pass" starttime="Fri Sep 21 11:38:38 CST 2012" endtime="Fri Sep 21 11:38:39 CST 2012" />
            <Test name="testAccessColorFilter" result="pass" starttime="Fri Sep 21 11:38:39 CST 2012" endtime="Fri Sep 21 11:38:39 CST 2012" />
            <Test name="testAccessFlags" result="pass" starttime="Fri Sep 21 11:38:39 CST 2012" endtime="Fri Sep 21 11:38:39 CST 2012" />
            <Test name="testAccessMaskFilter" result="pass" starttime="Fri Sep 21 11:38:39 CST 2012" endtime="Fri Sep 21 11:38:39 CST 2012" />
            <Test name="testAccessPathEffect" result="pass" starttime="Fri Sep 21 11:38:39 CST 2012" endtime="Fri Sep 21 11:38:39 CST 2012" />
            <Test name="testAccessRasterizer" result="pass" starttime="Fri Sep 21 11:38:39 CST 2012" endtime="Fri Sep 21 11:38:39 CST 2012" />
            <Test name="testAccessShader" result="pass" starttime="Fri Sep 21 11:38:39 CST 2012" endtime="Fri Sep 21 11:38:39 CST 2012" />
            <Test name="testAccessStrokeCap" result="pass" starttime="Fri Sep 21 11:38:39 CST 2012" endtime="Fri Sep 21 11:38:39 CST 2012" />
            <Test name="testAccessStrokeJoin" result="pass" starttime="Fri Sep 21 11:38:39 CST 2012" endtime="Fri Sep 21 11:38:39 CST 2012" />
            <Test name="testAccessStrokeMiter" result="pass" starttime="Fri Sep 21 11:38:39 CST 2012" endtime="Fri Sep 21 11:38:39 CST 2012" />
            <Test name="testAccessStrokeWidth" result="pass" starttime="Fri Sep 21 11:38:39 CST 2012" endtime="Fri Sep 21 11:38:40 CST 2012" />
            <Test name="testAccessStyle" result="pass" starttime="Fri Sep 21 11:38:40 CST 2012" endtime="Fri Sep 21 11:38:40 CST 2012" />
            <Test name="testAccessTextAlign" result="pass" starttime="Fri Sep 21 11:38:40 CST 2012" endtime="Fri Sep 21 11:38:40 CST 2012" />
            <Test name="testAccessTextScaleX" result="pass" starttime="Fri Sep 21 11:38:40 CST 2012" endtime="Fri Sep 21 11:38:40 CST 2012" />
            <Test name="testAccessTextSize" result="pass" starttime="Fri Sep 21 11:38:40 CST 2012" endtime="Fri Sep 21 11:38:40 CST 2012" />
            <Test name="testAccessTextSkewX" result="pass" starttime="Fri Sep 21 11:38:40 CST 2012" endtime="Fri Sep 21 11:38:40 CST 2012" />
            <Test name="testAccessTypeface" result="pass" starttime="Fri Sep 21 11:38:40 CST 2012" endtime="Fri Sep 21 11:38:40 CST 2012" />
            <Test name="testAccessXfermode" result="pass" starttime="Fri Sep 21 11:38:40 CST 2012" endtime="Fri Sep 21 11:38:40 CST 2012" />
            <Test name="testAndroidTestCaseSetupProperly" result="pass" starttime="Fri Sep 21 11:38:40 CST 2012" endtime="Fri Sep 21 11:38:40 CST 2012" />
            <Test name="testAscent" result="pass" starttime="Fri Sep 21 11:38:40 CST 2012" endtime="Fri Sep 21 11:38:40 CST 2012" />
            <Test name="testBreakText" result="pass" starttime="Fri Sep 21 11:38:40 CST 2012" endtime="Fri Sep 21 11:38:41 CST 2012" />
            <Test name="testClearShadowLayer" result="pass" starttime="Fri Sep 21 11:38:41 CST 2012" endtime="Fri Sep 21 11:38:41 CST 2012" />
            <Test name="testConstructor" result="pass" starttime="Fri Sep 21 11:38:41 CST 2012" endtime="Fri Sep 21 11:38:41 CST 2012" />
            <Test name="testDescent" result="pass" starttime="Fri Sep 21 11:38:41 CST 2012" endtime="Fri Sep 21 11:38:41 CST 2012" />
            <Test name="testGetFillPath" result="pass" starttime="Fri Sep 21 11:38:41 CST 2012" endtime="Fri Sep 21 11:38:41 CST 2012" />
            <Test name="testGetFontMetrics1" result="pass" starttime="Fri Sep 21 11:38:41 CST 2012" endtime="Fri Sep 21 11:38:41 CST 2012" />
            <Test name="testGetFontMetrics2" result="pass" starttime="Fri Sep 21 11:38:41 CST 2012" endtime="Fri Sep 21 11:38:41 CST 2012" />
            <Test name="testGetFontMetricsInt1" result="pass" starttime="Fri Sep 21 11:38:41 CST 2012" endtime="Fri Sep 21 11:38:41 CST 2012" />
            <Test name="testGetFontMetricsInt2" result="pass" starttime="Fri Sep 21 11:38:41 CST 2012" endtime="Fri Sep 21 11:38:41 CST 2012" />
            <Test name="testGetFontSpacing" result="pass" starttime="Fri Sep 21 11:38:41 CST 2012" endtime="Fri Sep 21 11:38:41 CST 2012" />
            <Test name="testGetTextPath1" result="pass" starttime="Fri Sep 21 11:38:41 CST 2012" endtime="Fri Sep 21 11:38:42 CST 2012" />
            <Test name="testGetTextPath2" result="pass" starttime="Fri Sep 21 11:38:42 CST 2012" endtime="Fri Sep 21 11:38:42 CST 2012" />
            <Test name="testGetTextWidths" result="pass" starttime="Fri Sep 21 11:38:42 CST 2012" endtime="Fri Sep 21 11:38:42 CST 2012" />
            <Test name="testMeasureText" result="pass" starttime="Fri Sep 21 11:38:42 CST 2012" endtime="Fri Sep 21 11:38:42 CST 2012" />
            <Test name="testMeasureTextWithLongText" result="pass" starttime="Fri Sep 21 11:38:42 CST 2012" endtime="Fri Sep 21 11:38:42 CST 2012" />
            <Test name="testReset" result="pass" starttime="Fri Sep 21 11:38:42 CST 2012" endtime="Fri Sep 21 11:38:42 CST 2012" />
            <Test name="testSet" result="pass" starttime="Fri Sep 21 11:38:42 CST 2012" endtime="Fri Sep 21 11:38:42 CST 2012" />
            <Test name="testSetARGB" result="pass" starttime="Fri Sep 21 11:38:42 CST 2012" endtime="Fri Sep 21 11:38:42 CST 2012" />
            <Test name="testSetAntiAlias" result="pass" starttime="Fri Sep 21 11:38:42 CST 2012" endtime="Fri Sep 21 11:38:42 CST 2012" />
            <Test name="testSetDither" result="pass" starttime="Fri Sep 21 11:38:42 CST 2012" endtime="Fri Sep 21 11:38:43 CST 2012" />
            <Test name="testSetFakeBoldText" result="pass" starttime="Fri Sep 21 11:38:43 CST 2012" endtime="Fri Sep 21 11:38:43 CST 2012" />
            <Test name="testSetFilterBitmap" result="pass" starttime="Fri Sep 21 11:38:43 CST 2012" endtime="Fri Sep 21 11:38:43 CST 2012" />
            <Test name="testSetLinearText" result="pass" starttime="Fri Sep 21 11:38:43 CST 2012" endtime="Fri Sep 21 11:38:43 CST 2012" />
            <Test name="testSetShadowLayer" result="pass" starttime="Fri Sep 21 11:38:43 CST 2012" endtime="Fri Sep 21 11:38:43 CST 2012" />
            <Test name="testSetStrikeThruText" result="pass" starttime="Fri Sep 21 11:38:43 CST 2012" endtime="Fri Sep 21 11:38:43 CST 2012" />
            <Test name="testSetSubpixelText" result="pass" starttime="Fri Sep 21 11:38:43 CST 2012" endtime="Fri Sep 21 11:38:43 CST 2012" />
            <Test name="testSetUnderlineText" result="pass" starttime="Fri Sep 21 11:38:43 CST 2012" endtime="Fri Sep 21 11:38:43 CST 2012" />
          </TestCase>
          <TestCase name="Paint_AlignTest" priority="">
            <Test name="testValueOf" result="pass" starttime="Fri Sep 21 11:38:43 CST 2012" endtime="Fri Sep 21 11:38:43 CST 2012" />
            <Test name="testValues" result="pass" starttime="Fri Sep 21 11:38:43 CST 2012" endtime="Fri Sep 21 11:38:43 CST 2012" />
          </TestCase>
          <TestCase name="Paint_CapTest" priority="">
            <Test name="testValueOf" result="pass" starttime="Fri Sep 21 11:38:43 CST 2012" endtime="Fri Sep 21 11:38:44 CST 2012" />
            <Test name="testValues" result="pass" starttime="Fri Sep 21 11:38:44 CST 2012" endtime="Fri Sep 21 11:38:44 CST 2012" />
          </TestCase>
          <TestCase name="Paint_FontMetricsIntTest" priority="">
            <Test name="testConstructor" result="pass" starttime="Fri Sep 21 11:38:44 CST 2012" endtime="Fri Sep 21 11:38:44 CST 2012" />
            <Test name="testToString" result="pass" starttime="Fri Sep 21 11:38:44 CST 2012" endtime="Fri Sep 21 11:38:44 CST 2012" />
          </TestCase>
          <TestCase name="Paint_JoinTest" priority="">
            <Test name="testValueOf" result="pass" starttime="Fri Sep 21 11:38:44 CST 2012" endtime="Fri Sep 21 11:38:44 CST 2012" />
            <Test name="testValues" result="pass" starttime="Fri Sep 21 11:38:44 CST 2012" endtime="Fri Sep 21 11:38:44 CST 2012" />
          </TestCase>
          <TestCase name="Paint_StyleTest" priority="">
            <Test name="testValueOf" result="pass" starttime="Fri Sep 21 11:38:44 CST 2012" endtime="Fri Sep 21 11:38:44 CST 2012" />
            <Test name="testValues" result="pass" starttime="Fri Sep 21 11:38:44 CST 2012" endtime="Fri Sep 21 11:38:44 CST 2012" />
          </TestCase>
          <TestCase name="PathDashPathEffectTest" priority="">
            <Test name="testPathDashPathEffect" result="pass" starttime="Fri Sep 21 11:38:45 CST 2012" endtime="Fri Sep 21 11:38:45 CST 2012" />
          </TestCase>
          <TestCase name="PathDashPathEffect_StyleTest" priority="">
            <Test name="testAndroidTestCaseSetupProperly" result="pass" starttime="Fri Sep 21 11:38:45 CST 2012" endtime="Fri Sep 21 11:38:45 CST 2012" />
            <Test name="testValueOf" result="pass" starttime="Fri Sep 21 11:38:45 CST 2012" endtime="Fri Sep 21 11:38:45 CST 2012" />
            <Test name="testValues" result="pass" starttime="Fri Sep 21 11:38:45 CST 2012" endtime="Fri Sep 21 11:38:45 CST 2012" />
          </TestCase>
          <TestCase name="PathEffectTest" priority="">
            <Test name="testAndroidTestCaseSetupProperly" result="pass" starttime="Fri Sep 21 11:38:45 CST 2012" endtime="Fri Sep 21 11:38:45 CST 2012" />
            <Test name="testConstructor" result="pass" starttime="Fri Sep 21 11:38:45 CST 2012" endtime="Fri Sep 21 11:38:45 CST 2012" />
          </TestCase>
          <TestCase name="PathMeasureTest" priority="">
            <Test name="testAndroidTestCaseSetupProperly" result="pass" starttime="Fri Sep 21 11:38:45 CST 2012" endtime="Fri Sep 21 11:38:45 CST 2012" />
            <Test name="testConstructor" result="pass" starttime="Fri Sep 21 11:38:45 CST 2012" endtime="Fri Sep 21 11:38:45 CST 2012" />
            <Test name="testGetLength" result="pass" starttime="Fri Sep 21 11:38:45 CST 2012" endtime="Fri Sep 21 11:38:46 CST 2012" />
            <Test name="testGetMatrix" result="pass" starttime="Fri Sep 21 11:38:46 CST 2012" endtime="Fri Sep 21 11:38:46 CST 2012" />
            <Test name="testGetPosTan" result="pass" starttime="Fri Sep 21 11:38:46 CST 2012" endtime="Fri Sep 21 11:38:46 CST 2012" />
            <Test name="testGetSegment" result="pass" starttime="Fri Sep 21 11:38:46 CST 2012" endtime="Fri Sep 21 11:38:46 CST 2012" />
            <Test name="testIsClosed" result="pass" starttime="Fri Sep 21 11:38:46 CST 2012" endtime="Fri Sep 21 11:38:46 CST 2012" />
            <Test name="testNextContour" result="pass" starttime="Fri Sep 21 11:38:46 CST 2012" endtime="Fri Sep 21 11:38:46 CST 2012" />
            <Test name="testSetPath" result="pass" starttime="Fri Sep 21 11:38:46 CST 2012" endtime="Fri Sep 21 11:38:46 CST 2012" />
          </TestCase>
          <TestCase name="PathTest" priority="">
            <Test name="testAccessFillType" result="pass" starttime="Fri Sep 21 11:38:46 CST 2012" endtime="Fri Sep 21 11:38:46 CST 2012" />
            <Test name="testAddArc" result="pass" starttime="Fri Sep 21 11:38:46 CST 2012" endtime="Fri Sep 21 11:38:47 CST 2012" />
            <Test name="testAddCircle" result="pass" starttime="Fri Sep 21 11:38:47 CST 2012" endtime="Fri Sep 21 11:38:47 CST 2012" />
            <Test name="testAddOval" result="pass" starttime="Fri Sep 21 11:38:47 CST 2012" endtime="Fri Sep 21 11:38:47 CST 2012" />
            <Test name="testAddPath1" result="pass" starttime="Fri Sep 21 11:38:47 CST 2012" endtime="Fri Sep 21 11:38:47 CST 2012" />
            <Test name="testAddPath2" result="pass" starttime="Fri Sep 21 11:38:47 CST 2012" endtime="Fri Sep 21 11:38:47 CST 2012" />
            <Test name="testAddPath3" result="pass" starttime="Fri Sep 21 11:38:47 CST 2012" endtime="Fri Sep 21 11:38:47 CST 2012" />
            <Test name="testAddRect1" result="pass" starttime="Fri Sep 21 11:38:47 CST 2012" endtime="Fri Sep 21 11:38:47 CST 2012" />
            <Test name="testAddRect2" result="pass" starttime="Fri Sep 21 11:38:47 CST 2012" endtime="Fri Sep 21 11:38:47 CST 2012" />
            <Test name="testAddRoundRect1" result="pass" starttime="Fri Sep 21 11:38:47 CST 2012" endtime="Fri Sep 21 11:38:48 CST 2012" />
            <Test name="testAddRoundRect2" result="pass" starttime="Fri Sep 21 11:38:48 CST 2012" endtime="Fri Sep 21 11:38:48 CST 2012" />
            <Test name="testArcTo1" result="pass" starttime="Fri Sep 21 11:38:48 CST 2012" endtime="Fri Sep 21 11:38:48 CST 2012" />
            <Test name="testArcTo2" result="pass" starttime="Fri Sep 21 11:38:48 CST 2012" endtime="Fri Sep 21 11:38:48 CST 2012" />
            <Test name="testClose" result="pass" starttime="Fri Sep 21 11:38:48 CST 2012" endtime="Fri Sep 21 11:38:48 CST 2012" />
            <Test name="testComputeBounds1" result="pass" starttime="Fri Sep 21 11:38:48 CST 2012" endtime="Fri Sep 21 11:38:48 CST 2012" />
            <Test name="testComputeBounds2" result="pass" starttime="Fri Sep 21 11:38:48 CST 2012" endtime="Fri Sep 21 11:38:48 CST 2012" />
            <Test name="testConstructor" result="pass" starttime="Fri Sep 21 11:38:48 CST 2012" endtime="Fri Sep 21 11:38:48 CST 2012" />
            <Test name="testCubicTo" result="pass" starttime="Fri Sep 21 11:38:48 CST 2012" endtime="Fri Sep 21 11:38:49 CST 2012" />
            <Test name="testIncReserve" result="pass" starttime="Fri Sep 21 11:38:49 CST 2012" endtime="Fri Sep 21 11:38:49 CST 2012" />
            <Test name="testIsEmpty" result="pass" starttime="Fri Sep 21 11:38:49 CST 2012" endtime="Fri Sep 21 11:38:49 CST 2012" />
            <Test name="testIsInverseFillType" result="pass" starttime="Fri Sep 21 11:38:49 CST 2012" endtime="Fri Sep 21 11:38:49 CST 2012" />
            <Test name="testIsRect" result="pass" starttime="Fri Sep 21 11:38:49 CST 2012" endtime="Fri Sep 21 11:38:49 CST 2012" />
            <Test name="testLineTo" result="pass" starttime="Fri Sep 21 11:38:49 CST 2012" endtime="Fri Sep 21 11:38:49 CST 2012" />
            <Test name="testMoveTo" result="pass" starttime="Fri Sep 21 11:38:49 CST 2012" endtime="Fri Sep 21 11:38:49 CST 2012" />
            <Test name="testOffset1" result="pass" starttime="Fri Sep 21 11:38:49 CST 2012" endtime="Fri Sep 21 11:38:49 CST 2012" />
            <Test name="testOffset2" result="pass" starttime="Fri Sep 21 11:38:49 CST 2012" endtime="Fri Sep 21 11:38:50 CST 2012" />
            <Test name="testQuadTo" result="pass" starttime="Fri Sep 21 11:38:50 CST 2012" endtime="Fri Sep 21 11:38:50 CST 2012" />
            <Test name="testRCubicTo" result="pass" starttime="Fri Sep 21 11:38:50 CST 2012" endtime="Fri Sep 21 11:38:50 CST 2012" />
            <Test name="testRLineTo" result="pass" starttime="Fri Sep 21 11:38:50 CST 2012" endtime="Fri Sep 21 11:38:50 CST 2012" />
            <Test name="testRMoveTo" result="pass" starttime="Fri Sep 21 11:38:50 CST 2012" endtime="Fri Sep 21 11:38:50 CST 2012" />
            <Test name="testRQuadTo" result="pass" starttime="Fri Sep 21 11:38:50 CST 2012" endtime="Fri Sep 21 11:38:50 CST 2012" />
            <Test name="testReset" result="pass" starttime="Fri Sep 21 11:38:50 CST 2012" endtime="Fri Sep 21 11:38:50 CST 2012" />
            <Test name="testRewind" result="pass" starttime="Fri Sep 21 11:38:50 CST 2012" endtime="Fri Sep 21 11:38:50 CST 2012" />
            <Test name="testSet" result="pass" starttime="Fri Sep 21 11:38:50 CST 2012" endtime="Fri Sep 21 11:38:50 CST 2012" />
            <Test name="testSetLastPoint" result="pass" starttime="Fri Sep 21 11:38:50 CST 2012" endtime="Fri Sep 21 11:38:51 CST 2012" />
            <Test name="testToggleInverseFillType" result="pass" starttime="Fri Sep 21 11:38:51 CST 2012" endtime="Fri Sep 21 11:38:51 CST 2012" />
            <Test name="testTransform1" result="pass" starttime="Fri Sep 21 11:38:51 CST 2012" endtime="Fri Sep 21 11:38:51 CST 2012" />
            <Test name="testTransform2" result="pass" starttime="Fri Sep 21 11:38:51 CST 2012" endtime="Fri Sep 21 11:38:51 CST 2012" />
          </TestCase>
          <TestCase name="Path_DirectionTest" priority="">
            <Test name="testAndroidTestCaseSetupProperly" result="pass" starttime="Fri Sep 21 11:38:51 CST 2012" endtime="Fri Sep 21 11:38:51 CST 2012" />
            <Test name="testValueOf" result="pass" starttime="Fri Sep 21 11:38:51 CST 2012" endtime="Fri Sep 21 11:38:51 CST 2012" />
            <Test name="testValues" result="pass" starttime="Fri Sep 21 11:38:51 CST 2012" endtime="Fri Sep 21 11:38:51 CST 2012" />
          </TestCase>
          <TestCase name="Path_FillTypeTest" priority="">
            <Test name="testAndroidTestCaseSetupProperly" result="pass" starttime="Fri Sep 21 11:38:51 CST 2012" endtime="Fri Sep 21 11:38:51 CST 2012" />
            <Test name="testValueOf" result="pass" starttime="Fri Sep 21 11:38:51 CST 2012" endtime="Fri Sep 21 11:38:52 CST 2012" />
            <Test name="testValues" result="pass" starttime="Fri Sep 21 11:38:52 CST 2012" endtime="Fri Sep 21 11:38:52 CST 2012" />
          </TestCase>
          <TestCase name="PictureTest" priority="">
            <Test name="testPicture" result="pass" starttime="Fri Sep 21 11:38:52 CST 2012" endtime="Fri Sep 21 11:38:52 CST 2012" />
          </TestCase>
          <TestCase name="PixelFormatTest" priority="">
            <Test name="testConstructor" result="pass" starttime="Fri Sep 21 11:38:52 CST 2012" endtime="Fri Sep 21 11:38:52 CST 2012" />
            <Test name="testFormatHasAlpha" result="pass" starttime="Fri Sep 21 11:38:52 CST 2012" endtime="Fri Sep 21 11:38:52 CST 2012" />
            <Test name="testGetPixelFormatInfo" result="pass" starttime="Fri Sep 21 11:38:52 CST 2012" endtime="Fri Sep 21 11:38:52 CST 2012" />
          </TestCase>
          <TestCase name="PixelXorXfermodeTest" priority="">
            <Test name="testAndroidTestCaseSetupProperly" result="pass" starttime="Fri Sep 21 11:38:52 CST 2012" endtime="Fri Sep 21 11:38:52 CST 2012" />
            <Test name="testPixelXorXfermode" result="pass" starttime="Fri Sep 21 11:38:52 CST 2012" endtime="Fri Sep 21 11:38:52 CST 2012" />
          </TestCase>
          <TestCase name="PointFTest" priority="">
            <Test name="testAndroidTestCaseSetupProperly" result="pass" starttime="Fri Sep 21 11:38:52 CST 2012" endtime="Fri Sep 21 11:38:53 CST 2012" />
            <Test name="testConstructor" result="pass" starttime="Fri Sep 21 11:38:53 CST 2012" endtime="Fri Sep 21 11:38:53 CST 2012" />
            <Test name="testEquals" result="pass" starttime="Fri Sep 21 11:38:53 CST 2012" endtime="Fri Sep 21 11:38:53 CST 2012" />
            <Test name="testLength1" result="pass" starttime="Fri Sep 21 11:38:53 CST 2012" endtime="Fri Sep 21 11:38:53 CST 2012" />
            <Test name="testLength2" result="pass" starttime="Fri Sep 21 11:38:53 CST 2012" endtime="Fri Sep 21 11:38:53 CST 2012" />
            <Test name="testNegate" result="pass" starttime="Fri Sep 21 11:38:53 CST 2012" endtime="Fri Sep 21 11:38:53 CST 2012" />
            <Test name="testOffset" result="pass" starttime="Fri Sep 21 11:38:53 CST 2012" endtime="Fri Sep 21 11:38:53 CST 2012" />
            <Test name="testSet1" result="pass" starttime="Fri Sep 21 11:38:53 CST 2012" endtime="Fri Sep 21 11:38:53 CST 2012" />
            <Test name="testSet2" result="pass" starttime="Fri Sep 21 11:38:53 CST 2012" endtime="Fri Sep 21 11:38:54 CST 2012" />
          </TestCase>
          <TestCase name="PointTest" priority="">
            <Test name="testAndroidTestCaseSetupProperly" result="pass" starttime="Fri Sep 21 11:38:54 CST 2012" endtime="Fri Sep 21 11:38:54 CST 2012" />
            <Test name="testConstructor" result="pass" starttime="Fri Sep 21 11:38:54 CST 2012" endtime="Fri Sep 21 11:38:54 CST 2012" />
            <Test name="testEquals1" result="pass" starttime="Fri Sep 21 11:38:54 CST 2012" endtime="Fri Sep 21 11:38:54 CST 2012" />
            <Test name="testEquals2" result="pass" starttime="Fri Sep 21 11:38:54 CST 2012" endtime="Fri Sep 21 11:38:54 CST 2012" />
            <Test name="testHashCode" result="pass" starttime="Fri Sep 21 11:38:54 CST 2012" endtime="Fri Sep 21 11:38:54 CST 2012" />
            <Test name="testNegate" result="pass" starttime="Fri Sep 21 11:38:54 CST 2012" endtime="Fri Sep 21 11:38:54 CST 2012" />
            <Test name="testOffset" result="pass" starttime="Fri Sep 21 11:38:54 CST 2012" endtime="Fri Sep 21 11:38:54 CST 2012" />
            <Test name="testSet" result="pass" starttime="Fri Sep 21 11:38:54 CST 2012" endtime="Fri Sep 21 11:38:55 CST 2012" />
            <Test name="testToString" result="pass" starttime="Fri Sep 21 11:38:55 CST 2012" endtime="Fri Sep 21 11:38:55 CST 2012" />
          </TestCase>
          <TestCase name="PorterDuffColorFilterTest" priority="">
            <Test name="testAndroidTestCaseSetupProperly" result="pass" starttime="Fri Sep 21 11:38:55 CST 2012" endtime="Fri Sep 21 11:38:55 CST 2012" />
            <Test name="testPorterDuffColorFilter" result="pass" starttime="Fri Sep 21 11:38:55 CST 2012" endtime="Fri Sep 21 11:38:55 CST 2012" />
          </TestCase>
          <TestCase name="PorterDuffXfermodeTest" priority="">
            <Test name="testPorterDuffXfermode" result="pass" starttime="Fri Sep 21 11:38:55 CST 2012" endtime="Fri Sep 21 11:38:55 CST 2012" />
          </TestCase>
          <TestCase name="RasterizerTest" priority="">
            <Test name="testAndroidTestCaseSetupProperly" result="pass" starttime="Fri Sep 21 11:38:55 CST 2012" endtime="Fri Sep 21 11:38:55 CST 2012" />
            <Test name="testFinalize" result="pass" starttime="Fri Sep 21 11:38:55 CST 2012" endtime="Fri Sep 21 11:38:55 CST 2012" />
          </TestCase>
          <TestCase name="RectFTest" priority="">
            <Test name="testAndroidTestCaseSetupProperly" result="pass" starttime="Fri Sep 21 11:38:55 CST 2012" endtime="Fri Sep 21 11:38:55 CST 2012" />
            <Test name="testCenterX" result="pass" starttime="Fri Sep 21 11:38:55 CST 2012" endtime="Fri Sep 21 11:38:56 CST 2012" />
            <Test name="testCenterY" result="pass" starttime="Fri Sep 21 11:38:56 CST 2012" endtime="Fri Sep 21 11:38:56 CST 2012" />
            <Test name="testConstructor" result="pass" starttime="Fri Sep 21 11:38:56 CST 2012" endtime="Fri Sep 21 11:38:56 CST 2012" />
            <Test name="testContains1" result="pass" starttime="Fri Sep 21 11:38:56 CST 2012" endtime="Fri Sep 21 11:38:56 CST 2012" />
            <Test name="testContains2" result="pass" starttime="Fri Sep 21 11:38:56 CST 2012" endtime="Fri Sep 21 11:38:56 CST 2012" />
            <Test name="testContains3" result="pass" starttime="Fri Sep 21 11:38:56 CST 2012" endtime="Fri Sep 21 11:38:56 CST 2012" />
            <Test name="testHeight" result="pass" starttime="Fri Sep 21 11:38:56 CST 2012" endtime="Fri Sep 21 11:38:56 CST 2012" />
            <Test name="testInset" result="pass" starttime="Fri Sep 21 11:38:56 CST 2012" endtime="Fri Sep 21 11:38:56 CST 2012" />
            <Test name="testIntersect1" result="pass" starttime="Fri Sep 21 11:38:56 CST 2012" endtime="Fri Sep 21 11:38:56 CST 2012" />
            <Test name="testIntersect2" result="pass" starttime="Fri Sep 21 11:38:56 CST 2012" endtime="Fri Sep 21 11:38:57 CST 2012" />
            <Test name="testIntersects1" result="pass" starttime="Fri Sep 21 11:38:57 CST 2012" endtime="Fri Sep 21 11:38:57 CST 2012" />
            <Test name="testIntersects2" result="pass" starttime="Fri Sep 21 11:38:57 CST 2012" endtime="Fri Sep 21 11:38:57 CST 2012" />
            <Test name="testIsEmpty" result="pass" starttime="Fri Sep 21 11:38:57 CST 2012" endtime="Fri Sep 21 11:38:57 CST 2012" />
            <Test name="testOffset" result="pass" starttime="Fri Sep 21 11:38:57 CST 2012" endtime="Fri Sep 21 11:38:57 CST 2012" />
            <Test name="testOffsetTo" result="pass" starttime="Fri Sep 21 11:38:57 CST 2012" endtime="Fri Sep 21 11:38:57 CST 2012" />
            <Test name="testRound" result="pass" starttime="Fri Sep 21 11:38:57 CST 2012" endtime="Fri Sep 21 11:38:57 CST 2012" />
            <Test name="testRoundOut" result="pass" starttime="Fri Sep 21 11:38:57 CST 2012" endtime="Fri Sep 21 11:38:57 CST 2012" />
            <Test name="testSet1" result="pass" starttime="Fri Sep 21 11:38:58 CST 2012" endtime="Fri Sep 21 11:38:58 CST 2012" />
            <Test name="testSet2" result="pass" starttime="Fri Sep 21 11:38:58 CST 2012" endtime="Fri Sep 21 11:38:58 CST 2012" />
            <Test name="testSet3" result="pass" starttime="Fri Sep 21 11:38:58 CST 2012" endtime="Fri Sep 21 11:38:58 CST 2012" />
            <Test name="testSetEmpty" result="pass" starttime="Fri Sep 21 11:38:58 CST 2012" endtime="Fri Sep 21 11:38:58 CST 2012" />
            <Test name="testSetIntersect" result="pass" starttime="Fri Sep 21 11:38:58 CST 2012" endtime="Fri Sep 21 11:38:58 CST 2012" />
            <Test name="testSort" result="pass" starttime="Fri Sep 21 11:38:58 CST 2012" endtime="Fri Sep 21 11:38:58 CST 2012" />
            <Test name="testToString" result="pass" starttime="Fri Sep 21 11:38:58 CST 2012" endtime="Fri Sep 21 11:38:58 CST 2012" />
            <Test name="testUnion1" result="pass" starttime="Fri Sep 21 11:38:58 CST 2012" endtime="Fri Sep 21 11:38:58 CST 2012" />
            <Test name="testUnion2" result="pass" starttime="Fri Sep 21 11:38:58 CST 2012" endtime="Fri Sep 21 11:38:59 CST 2012" />
            <Test name="testUnion3" result="pass" starttime="Fri Sep 21 11:38:59 CST 2012" endtime="Fri Sep 21 11:38:59 CST 2012" />
            <Test name="testWidth" result="pass" starttime="Fri Sep 21 11:38:59 CST 2012" endtime="Fri Sep 21 11:38:59 CST 2012" />
            <Test name="testWriteReadParcel" result="pass" starttime="Fri Sep 21 11:38:59 CST 2012" endtime="Fri Sep 21 11:38:59 CST 2012" />
          </TestCase>
          <TestCase name="RectTest" priority="">
            <Test name="testAccessParcel" result="pass" starttime="Fri Sep 21 11:38:59 CST 2012" endtime="Fri Sep 21 11:38:59 CST 2012" />
            <Test name="testAndroidTestCaseSetupProperly" result="pass" starttime="Fri Sep 21 11:38:59 CST 2012" endtime="Fri Sep 21 11:38:59 CST 2012" />
            <Test name="testCenterX" result="pass" starttime="Fri Sep 21 11:38:59 CST 2012" endtime="Fri Sep 21 11:38:59 CST 2012" />
            <Test name="testCenterY" result="pass" starttime="Fri Sep 21 11:38:59 CST 2012" endtime="Fri Sep 21 11:38:59 CST 2012" />
            <Test name="testConstructor" result="pass" starttime="Fri Sep 21 11:38:59 CST 2012" endtime="Fri Sep 21 11:39:00 CST 2012" />
            <Test name="testContains1" result="pass" starttime="Fri Sep 21 11:39:00 CST 2012" endtime="Fri Sep 21 11:39:00 CST 2012" />
            <Test name="testContains2" result="pass" starttime="Fri Sep 21 11:39:00 CST 2012" endtime="Fri Sep 21 11:39:00 CST 2012" />
            <Test name="testContains3" result="pass" starttime="Fri Sep 21 11:39:00 CST 2012" endtime="Fri Sep 21 11:39:00 CST 2012" />
            <Test name="testDescribeContents" result="pass" starttime="Fri Sep 21 11:39:00 CST 2012" endtime="Fri Sep 21 11:39:00 CST 2012" />
            <Test name="testEquals" result="pass" starttime="Fri Sep 21 11:39:00 CST 2012" endtime="Fri Sep 21 11:39:00 CST 2012" />
            <Test name="testExactCenterX" result="pass" starttime="Fri Sep 21 11:39:00 CST 2012" endtime="Fri Sep 21 11:39:00 CST 2012" />
            <Test name="testExactCenterY" result="pass" starttime="Fri Sep 21 11:39:00 CST 2012" endtime="Fri Sep 21 11:39:00 CST 2012" />
            <Test name="testFlattenToString" result="pass" starttime="Fri Sep 21 11:39:00 CST 2012" endtime="Fri Sep 21 11:39:01 CST 2012" />
            <Test name="testHeight" result="pass" starttime="Fri Sep 21 11:39:01 CST 2012" endtime="Fri Sep 21 11:39:01 CST 2012" />
            <Test name="testInset" result="pass" starttime="Fri Sep 21 11:39:01 CST 2012" endtime="Fri Sep 21 11:39:01 CST 2012" />
            <Test name="testIntersect1" result="pass" starttime="Fri Sep 21 11:39:01 CST 2012" endtime="Fri Sep 21 11:39:01 CST 2012" />
            <Test name="testIntersect2" result="pass" starttime="Fri Sep 21 11:39:01 CST 2012" endtime="Fri Sep 21 11:39:01 CST 2012" />
            <Test name="testIntersects1" result="pass" starttime="Fri Sep 21 11:39:01 CST 2012" endtime="Fri Sep 21 11:39:01 CST 2012" />
            <Test name="testIntersects2" result="pass" starttime="Fri Sep 21 11:39:01 CST 2012" endtime="Fri Sep 21 11:39:01 CST 2012" />
            <Test name="testIsEmpty" result="pass" starttime="Fri Sep 21 11:39:01 CST 2012" endtime="Fri Sep 21 11:39:01 CST 2012" />
            <Test name="testOffset" result="pass" starttime="Fri Sep 21 11:39:01 CST 2012" endtime="Fri Sep 21 11:39:01 CST 2012" />
            <Test name="testOffsetTo" result="pass" starttime="Fri Sep 21 11:39:01 CST 2012" endtime="Fri Sep 21 11:39:02 CST 2012" />
            <Test name="testSet1" result="pass" starttime="Fri Sep 21 11:39:02 CST 2012" endtime="Fri Sep 21 11:39:02 CST 2012" />
            <Test name="testSet2" result="pass" starttime="Fri Sep 21 11:39:02 CST 2012" endtime="Fri Sep 21 11:39:02 CST 2012" />
            <Test name="testSetEmpty" result="pass" starttime="Fri Sep 21 11:39:02 CST 2012" endtime="Fri Sep 21 11:39:02 CST 2012" />
            <Test name="testSetIntersect" result="pass" starttime="Fri Sep 21 11:39:02 CST 2012" endtime="Fri Sep 21 11:39:02 CST 2012" />
            <Test name="testSort" result="pass" starttime="Fri Sep 21 11:39:02 CST 2012" endtime="Fri Sep 21 11:39:02 CST 2012" />
            <Test name="testToString" result="pass" starttime="Fri Sep 21 11:39:02 CST 2012" endtime="Fri Sep 21 11:39:02 CST 2012" />
            <Test name="testUnion1" result="pass" starttime="Fri Sep 21 11:39:02 CST 2012" endtime="Fri Sep 21 11:39:02 CST 2012" />
            <Test name="testUnion2" result="pass" starttime="Fri Sep 21 11:39:02 CST 2012" endtime="Fri Sep 21 11:39:03 CST 2012" />
            <Test name="testUnion3" result="pass" starttime="Fri Sep 21 11:39:03 CST 2012" endtime="Fri Sep 21 11:39:03 CST 2012" />
            <Test name="testWidth" result="pass" starttime="Fri Sep 21 11:39:03 CST 2012" endtime="Fri Sep 21 11:39:03 CST 2012" />
          </TestCase>
          <TestCase name="RegionIteratorTest" priority="">
            <Test name="testAndroidTestCaseSetupProperly" result="pass" starttime="Fri Sep 21 11:39:03 CST 2012" endtime="Fri Sep 21 11:39:03 CST 2012" />
            <Test name="testConstructor" result="pass" starttime="Fri Sep 21 11:39:03 CST 2012" endtime="Fri Sep 21 11:39:03 CST 2012" />
            <Test name="testNext" result="pass" starttime="Fri Sep 21 11:39:03 CST 2012" endtime="Fri Sep 21 11:39:03 CST 2012" />
          </TestCase>
          <TestCase name="RegionTest" priority="">
            <Test name="testAndroidTestCaseSetupProperly" result="pass" starttime="Fri Sep 21 11:39:03 CST 2012" endtime="Fri Sep 21 11:39:03 CST 2012" />
            <Test name="testConstructor" result="pass" starttime="Fri Sep 21 11:39:03 CST 2012" endtime="Fri Sep 21 11:39:03 CST 2012" />
            <Test name="testContains" result="pass" starttime="Fri Sep 21 11:39:03 CST 2012" endtime="Fri Sep 21 11:39:04 CST 2012" />
            <Test name="testDescribeContents" result="pass" starttime="Fri Sep 21 11:39:04 CST 2012" endtime="Fri Sep 21 11:39:04 CST 2012" />
            <Test name="testEmpty" result="pass" starttime="Fri Sep 21 11:39:04 CST 2012" endtime="Fri Sep 21 11:39:04 CST 2012" />
            <Test name="testGetBoundaryPath1" result="pass" starttime="Fri Sep 21 11:39:04 CST 2012" endtime="Fri Sep 21 11:39:04 CST 2012" />
            <Test name="testGetBoundaryPath2" result="pass" starttime="Fri Sep 21 11:39:04 CST 2012" endtime="Fri Sep 21 11:39:04 CST 2012" />
            <Test name="testGetBounds" result="pass" starttime="Fri Sep 21 11:39:04 CST 2012" endtime="Fri Sep 21 11:39:04 CST 2012" />
            <Test name="testIsComplex" result="pass" starttime="Fri Sep 21 11:39:04 CST 2012" endtime="Fri Sep 21 11:39:04 CST 2012" />
            <Test name="testIsRect" result="pass" starttime="Fri Sep 21 11:39:04 CST 2012" endtime="Fri Sep 21 11:39:04 CST 2012" />
            <Test name="testOp1" result="pass" starttime="Fri Sep 21 11:39:04 CST 2012" endtime="Fri Sep 21 11:39:05 CST 2012" />
            <Test name="testOp2" result="pass" starttime="Fri Sep 21 11:39:05 CST 2012" endtime="Fri Sep 21 11:39:05 CST 2012" />
            <Test name="testOp3" result="pass" starttime="Fri Sep 21 11:39:05 CST 2012" endtime="Fri Sep 21 11:39:05 CST 2012" />
            <Test name="testOp4" result="pass" starttime="Fri Sep 21 11:39:05 CST 2012" endtime="Fri Sep 21 11:39:05 CST 2012" />
            <Test name="testOp5" result="pass" starttime="Fri Sep 21 11:39:05 CST 2012" endtime="Fri Sep 21 11:39:05 CST 2012" />
            <Test name="testQuickContains1" result="pass" starttime="Fri Sep 21 11:39:05 CST 2012" endtime="Fri Sep 21 11:39:05 CST 2012" />
            <Test name="testQuickContains2" result="pass" starttime="Fri Sep 21 11:39:05 CST 2012" endtime="Fri Sep 21 11:39:05 CST 2012" />
            <Test name="testQuickReject1" result="pass" starttime="Fri Sep 21 11:39:05 CST 2012" endtime="Fri Sep 21 11:39:05 CST 2012" />
            <Test name="testQuickReject2" result="pass" starttime="Fri Sep 21 11:39:05 CST 2012" endtime="Fri Sep 21 11:39:06 CST 2012" />
            <Test name="testQuickReject3" result="pass" starttime="Fri Sep 21 11:39:06 CST 2012" endtime="Fri Sep 21 11:39:06 CST 2012" />
            <Test name="testSet1" result="pass" starttime="Fri Sep 21 11:39:06 CST 2012" endtime="Fri Sep 21 11:39:06 CST 2012" />
            <Test name="testSet2" result="pass" starttime="Fri Sep 21 11:39:06 CST 2012" endtime="Fri Sep 21 11:39:06 CST 2012" />
            <Test name="testSet3" result="pass" starttime="Fri Sep 21 11:39:06 CST 2012" endtime="Fri Sep 21 11:39:06 CST 2012" />
            <Test name="testSetPath" result="pass" starttime="Fri Sep 21 11:39:06 CST 2012" endtime="Fri Sep 21 11:39:06 CST 2012" />
            <Test name="testTranslate1" result="pass" starttime="Fri Sep 21 11:39:06 CST 2012" endtime="Fri Sep 21 11:39:06 CST 2012" />
            <Test name="testTranslate2" result="pass" starttime="Fri Sep 21 11:39:06 CST 2012" endtime="Fri Sep 21 11:39:06 CST 2012" />
            <Test name="testUnion" result="pass" starttime="Fri Sep 21 11:39:06 CST 2012" endtime="Fri Sep 21 11:39:06 CST 2012" />
            <Test name="testWriteToParcel" result="pass" starttime="Fri Sep 21 11:39:06 CST 2012" endtime="Fri Sep 21 11:39:07 CST 2012" />
          </TestCase>
          <TestCase name="Region_OpTest" priority="">
            <Test name="testAndroidTestCaseSetupProperly" result="pass" starttime="Fri Sep 21 11:39:07 CST 2012" endtime="Fri Sep 21 11:39:07 CST 2012" />
            <Test name="testValueOf" result="pass" starttime="Fri Sep 21 11:39:07 CST 2012" endtime="Fri Sep 21 11:39:07 CST 2012" />
            <Test name="testValues" result="pass" starttime="Fri Sep 21 11:39:07 CST 2012" endtime="Fri Sep 21 11:39:07 CST 2012" />
          </TestCase>
          <TestCase name="ShaderTest" priority="">
            <Test name="testAccessLocalMatrix" result="pass" starttime="Fri Sep 21 11:39:07 CST 2012" endtime="Fri Sep 21 11:39:07 CST 2012" />
            <Test name="testAndroidTestCaseSetupProperly" result="pass" starttime="Fri Sep 21 11:39:07 CST 2012" endtime="Fri Sep 21 11:39:07 CST 2012" />
            <Test name="testConstructor" result="pass" starttime="Fri Sep 21 11:39:07 CST 2012" endtime="Fri Sep 21 11:39:07 CST 2012" />
          </TestCase>
          <TestCase name="Shader_TileModeTest" priority="">
            <Test name="testValueOf" result="pass" starttime="Fri Sep 21 11:39:07 CST 2012" endtime="Fri Sep 21 11:39:07 CST 2012" />
            <Test name="testValues" result="pass" starttime="Fri Sep 21 11:39:07 CST 2012" endtime="Fri Sep 21 11:39:08 CST 2012" />
          </TestCase>
          <TestCase name="SumPathEffectTest" priority="">
            <Test name="testSumPathEffect" result="pass" starttime="Fri Sep 21 11:39:08 CST 2012" endtime="Fri Sep 21 11:39:08 CST 2012" />
          </TestCase>
          <TestCase name="SweepGradientTest" priority="">
            <Test name="test2Colors" result="pass" starttime="Fri Sep 21 11:39:08 CST 2012" endtime="Fri Sep 21 11:39:08 CST 2012" />
            <Test name="testColorArray" result="pass" starttime="Fri Sep 21 11:39:08 CST 2012" endtime="Fri Sep 21 11:39:08 CST 2012" />
            <Test name="testMultiColor" result="pass" starttime="Fri Sep 21 11:39:08 CST 2012" endtime="Fri Sep 21 11:39:08 CST 2012" />
          </TestCase>
          <TestCase name="TypefaceTest" priority="">
            <Test name="testAndroidTestCaseSetupProperly" result="pass" starttime="Fri Sep 21 11:39:08 CST 2012" endtime="Fri Sep 21 11:39:08 CST 2012" />
            <Test name="testConstants" result="pass" starttime="Fri Sep 21 11:39:08 CST 2012" endtime="Fri Sep 21 11:39:08 CST 2012" />
            <Test name="testCreate" result="pass" starttime="Fri Sep 21 11:39:08 CST 2012" endtime="Fri Sep 21 11:39:08 CST 2012" />
            <Test name="testCreateFromAsset" result="pass" starttime="Fri Sep 21 11:39:08 CST 2012" endtime="Fri Sep 21 11:39:09 CST 2012" />
            <Test name="testCreateFromFile1" result="pass" starttime="Fri Sep 21 11:39:09 CST 2012" endtime="Fri Sep 21 11:39:09 CST 2012" />
            <Test name="testCreateFromFile2" result="pass" starttime="Fri Sep 21 11:39:09 CST 2012" endtime="Fri Sep 21 11:39:09 CST 2012" />
            <Test name="testDefaultFromStyle" result="pass" starttime="Fri Sep 21 11:39:09 CST 2012" endtime="Fri Sep 21 11:39:09 CST 2012" />
            <Test name="testIsBold" result="pass" starttime="Fri Sep 21 11:39:09 CST 2012" endtime="Fri Sep 21 11:39:09 CST 2012" />
          </TestCase>
          <TestCase name="YuvImageTest" priority="">
            <Test name="testAndroidTestCaseSetupProperly" result="pass" starttime="Fri Sep 21 11:39:09 CST 2012" endtime="Fri Sep 21 11:39:09 CST 2012" />
            <Test name="testCompressYuvToJpeg" result="pass" starttime="Fri Sep 21 11:39:09 CST 2012" endtime="Fri Sep 21 11:39:09 CST 2012" />
            <Test name="testGetHeight" result="pass" starttime="Fri Sep 21 11:39:09 CST 2012" endtime="Fri Sep 21 11:39:09 CST 2012" />
            <Test name="testGetYuvData" result="pass" starttime="Fri Sep 21 11:39:09 CST 2012" endtime="Fri Sep 21 11:39:10 CST 2012" />
            <Test name="testGetYuvFormat" result="pass" starttime="Fri Sep 21 11:39:10 CST 2012" endtime="Fri Sep 21 11:39:10 CST 2012" />
            <Test name="testYuvImage" result="pass" starttime="Fri Sep 21 11:39:10 CST 2012" endtime="Fri Sep 21 11:39:10 CST 2012" />
          </TestCase>
        </TestSuite>
        <TestSuite name="drawable">
          <TestSuite name="cts">
            <TestCase name="AnimationDrawableTest" priority="">
              <Test name="testAccessOneShot" result="pass" starttime="Fri Sep 21 11:39:10 CST 2012" endtime="Fri Sep 21 11:39:23 CST 2012" />
              <Test name="testConstructor" result="pass" starttime="Fri Sep 21 11:39:23 CST 2012" endtime="Fri Sep 21 11:39:23 CST 2012" />
              <Test name="testGetDuration" result="pass" starttime="Fri Sep 21 11:39:23 CST 2012" endtime="Fri Sep 21 11:39:24 CST 2012" />
              <Test name="testGetFrame" result="pass" starttime="Fri Sep 21 11:39:24 CST 2012" endtime="Fri Sep 21 11:39:24 CST 2012" />
              <Test name="testGetNumberOfFrames" result="pass" starttime="Fri Sep 21 11:39:24 CST 2012" endtime="Fri Sep 21 11:39:25 CST 2012" />
              <Test name="testInflate" result="pass" starttime="Fri Sep 21 11:39:25 CST 2012" endtime="Fri Sep 21 11:39:25 CST 2012" />
              <Test name="testInflateWithNullParameters" result="pass" starttime="Fri Sep 21 11:39:25 CST 2012" endtime="Fri Sep 21 11:39:26 CST 2012" />
              <Test name="testMutate" result="pass" starttime="Fri Sep 21 11:39:26 CST 2012" endtime="Fri Sep 21 11:39:26 CST 2012" />
              <Test name="testRun" result="pass" starttime="Fri Sep 21 11:39:26 CST 2012" endtime="Fri Sep 21 11:39:27 CST 2012" />
              <Test name="testSetVisible" result="pass" starttime="Fri Sep 21 11:39:27 CST 2012" endtime="Fri Sep 21 11:39:36 CST 2012" />
              <Test name="testStart" result="pass" starttime="Fri Sep 21 11:39:36 CST 2012" endtime="Fri Sep 21 11:39:44 CST 2012" />
              <Test name="testUnscheduleSelf" result="pass" starttime="Fri Sep 21 11:39:44 CST 2012" endtime="Fri Sep 21 11:39:50 CST 2012" />
            </TestCase>
            <TestCase name="BitmapDrawableTest" priority="">
              <Test name="testAccessGravity" result="pass" starttime="Fri Sep 21 11:39:50 CST 2012" endtime="Fri Sep 21 11:39:50 CST 2012" />
              <Test name="testAccessTileMode" result="pass" starttime="Fri Sep 21 11:39:50 CST 2012" endtime="Fri Sep 21 11:39:50 CST 2012" />
              <Test name="testConstructor" result="pass" starttime="Fri Sep 21 11:39:50 CST 2012" endtime="Fri Sep 21 11:39:50 CST 2012" />
              <Test name="testDraw" result="pass" starttime="Fri Sep 21 11:39:50 CST 2012" endtime="Fri Sep 21 11:39:50 CST 2012" />
              <Test name="testGetChangingConfigurations" result="pass" starttime="Fri Sep 21 11:39:50 CST 2012" endtime="Fri Sep 21 11:39:50 CST 2012" />
              <Test name="testGetConstantState" result="pass" starttime="Fri Sep 21 11:39:50 CST 2012" endtime="Fri Sep 21 11:39:51 CST 2012" />
              <Test name="testGetIntrinsicSize" result="pass" starttime="Fri Sep 21 11:39:51 CST 2012" endtime="Fri Sep 21 11:39:51 CST 2012" />
              <Test name="testGetOpacity" result="pass" starttime="Fri Sep 21 11:39:51 CST 2012" endtime="Fri Sep 21 11:39:51 CST 2012" />
              <Test name="testInflate" result="pass" starttime="Fri Sep 21 11:39:51 CST 2012" endtime="Fri Sep 21 11:39:51 CST 2012" />
              <Test name="testMutate" result="pass" starttime="Fri Sep 21 11:39:51 CST 2012" endtime="Fri Sep 21 11:39:51 CST 2012" />
              <Test name="testOnBoundsChange" result="pass" starttime="Fri Sep 21 11:39:51 CST 2012" endtime="Fri Sep 21 11:39:51 CST 2012" />
              <Test name="testSetAlpha" result="pass" starttime="Fri Sep 21 11:39:51 CST 2012" endtime="Fri Sep 21 11:39:51 CST 2012" />
              <Test name="testSetAntiAlias" result="pass" starttime="Fri Sep 21 11:39:51 CST 2012" endtime="Fri Sep 21 11:39:51 CST 2012" />
              <Test name="testSetColorFilter" result="pass" starttime="Fri Sep 21 11:39:51 CST 2012" endtime="Fri Sep 21 11:39:51 CST 2012" />
              <Test name="testSetDither" result="pass" starttime="Fri Sep 21 11:39:51 CST 2012" endtime="Fri Sep 21 11:39:51 CST 2012" />
              <Test name="testSetFilterBitmap" result="pass" starttime="Fri Sep 21 11:39:51 CST 2012" endtime="Fri Sep 21 11:39:52 CST 2012" />
              <Test name="testSetTargetDensity" result="pass" starttime="Fri Sep 21 11:39:52 CST 2012" endtime="Fri Sep 21 11:39:52 CST 2012" />
            </TestCase>
            <TestCase name="ClipDrawableTest" priority="">
              <Test name="testAndroidTestCaseSetupProperly" result="pass" starttime="Fri Sep 21 11:39:52 CST 2012" endtime="Fri Sep 21 11:39:52 CST 2012" />
              <Test name="testClipDrawable" result="pass" starttime="Fri Sep 21 11:39:52 CST 2012" endtime="Fri Sep 21 11:39:52 CST 2012" />
              <Test name="testDraw" result="pass" starttime="Fri Sep 21 11:39:52 CST 2012" endtime="Fri Sep 21 11:39:52 CST 2012" />
              <Test name="testGetChangingConfigurations" result="pass" starttime="Fri Sep 21 11:39:52 CST 2012" endtime="Fri Sep 21 11:39:52 CST 2012" />
              <Test name="testGetConstantState" result="pass" starttime="Fri Sep 21 11:39:52 CST 2012" endtime="Fri Sep 21 11:39:52 CST 2012" />
              <Test name="testGetIntrinsicHeight" result="pass" starttime="Fri Sep 21 11:39:52 CST 2012" endtime="Fri Sep 21 11:39:52 CST 2012" />
              <Test name="testGetIntrinsicWidth" result="pass" starttime="Fri Sep 21 11:39:52 CST 2012" endtime="Fri Sep 21 11:39:52 CST 2012" />
              <Test name="testGetOpacity" result="pass" starttime="Fri Sep 21 11:39:52 CST 2012" endtime="Fri Sep 21 11:39:53 CST 2012" />
              <Test name="testGetPadding" result="pass" starttime="Fri Sep 21 11:39:53 CST 2012" endtime="Fri Sep 21 11:39:53 CST 2012" />
              <Test name="testInflate" result="pass" starttime="Fri Sep 21 11:39:53 CST 2012" endtime="Fri Sep 21 11:39:53 CST 2012" />
              <Test name="testInvalidateDrawable" result="pass" starttime="Fri Sep 21 11:39:53 CST 2012" endtime="Fri Sep 21 11:39:53 CST 2012" />
              <Test name="testIsStateful" result="pass" starttime="Fri Sep 21 11:39:53 CST 2012" endtime="Fri Sep 21 11:39:53 CST 2012" />
              <Test name="testOnBoundsChange" result="pass" starttime="Fri Sep 21 11:39:53 CST 2012" endtime="Fri Sep 21 11:39:53 CST 2012" />
              <Test name="testOnLevelChange" result="pass" starttime="Fri Sep 21 11:39:53 CST 2012" endtime="Fri Sep 21 11:39:53 CST 2012" />
              <Test name="testOnStateChange" result="pass" starttime="Fri Sep 21 11:39:53 CST 2012" endtime="Fri Sep 21 11:39:53 CST 2012" />
              <Test name="testScheduleDrawable" result="pass" starttime="Fri Sep 21 11:39:53 CST 2012" endtime="Fri Sep 21 11:39:53 CST 2012" />
              <Test name="testSetAlpha" result="pass" starttime="Fri Sep 21 11:39:53 CST 2012" endtime="Fri Sep 21 11:39:53 CST 2012" />
              <Test name="testSetColorFilter" result="pass" starttime="Fri Sep 21 11:39:53 CST 2012" endtime="Fri Sep 21 11:39:54 CST 2012" />
              <Test name="testSetVisible" result="pass" starttime="Fri Sep 21 11:39:54 CST 2012" endtime="Fri Sep 21 11:39:54 CST 2012" />
              <Test name="testUnscheduleDrawable" result="pass" starttime="Fri Sep 21 11:39:54 CST 2012" endtime="Fri Sep 21 11:39:54 CST 2012" />
            </TestCase>
            <TestCase name="ColorDrawableTest" priority="">
              <Test name="testAccessAlpha" result="pass" starttime="Fri Sep 21 11:39:54 CST 2012" endtime="Fri Sep 21 11:39:54 CST 2012" />
              <Test name="testAndroidTestCaseSetupProperly" result="pass" starttime="Fri Sep 21 11:39:54 CST 2012" endtime="Fri Sep 21 11:39:54 CST 2012" />
              <Test name="testConstructors" result="pass" starttime="Fri Sep 21 11:39:54 CST 2012" endtime="Fri Sep 21 11:39:54 CST 2012" />
              <Test name="testDraw" result="pass" starttime="Fri Sep 21 11:39:54 CST 2012" endtime="Fri Sep 21 11:39:54 CST 2012" />
              <Test name="testGetChangingConfigurations" result="pass" starttime="Fri Sep 21 11:39:54 CST 2012" endtime="Fri Sep 21 11:39:54 CST 2012" />
              <Test name="testGetConstantState" result="pass" starttime="Fri Sep 21 11:39:54 CST 2012" endtime="Fri Sep 21 11:39:54 CST 2012" />
              <Test name="testGetOpacity" result="pass" starttime="Fri Sep 21 11:39:54 CST 2012" endtime="Fri Sep 21 11:39:55 CST 2012" />
              <Test name="testInflate" result="pass" starttime="Fri Sep 21 11:39:55 CST 2012" endtime="Fri Sep 21 11:39:55 CST 2012" />
              <Test name="testSetColorFilter" result="pass" starttime="Fri Sep 21 11:39:55 CST 2012" endtime="Fri Sep 21 11:39:55 CST 2012" />
            </TestCase>
            <TestCase name="DrawableContainerStateTest" priority="">
              <Test name="testAccessConstantPadding" result="pass" starttime="Fri Sep 21 11:39:55 CST 2012" endtime="Fri Sep 21 11:39:55 CST 2012" />
              <Test name="testAccessConstantSize" result="pass" starttime="Fri Sep 21 11:39:55 CST 2012" endtime="Fri Sep 21 11:39:55 CST 2012" />
              <Test name="testAddChild" result="pass" starttime="Fri Sep 21 11:39:55 CST 2012" endtime="Fri Sep 21 11:39:55 CST 2012" />
              <Test name="testCanConstantState" result="pass" starttime="Fri Sep 21 11:39:55 CST 2012" endtime="Fri Sep 21 11:39:55 CST 2012" />
              <Test name="testConstantHeightsAndWidths" result="pass" starttime="Fri Sep 21 11:39:55 CST 2012" endtime="Fri Sep 21 11:39:55 CST 2012" />
              <Test name="testGetChangingConfigurations" result="pass" starttime="Fri Sep 21 11:39:55 CST 2012" endtime="Fri Sep 21 11:39:56 CST 2012" />
              <Test name="testGetOpacity" result="pass" starttime="Fri Sep 21 11:39:56 CST 2012" endtime="Fri Sep 21 11:39:56 CST 2012" />
              <Test name="testGrowArray" result="pass" starttime="Fri Sep 21 11:39:56 CST 2012" endtime="Fri Sep 21 11:39:56 CST 2012" />
              <Test name="testIsStateFul" result="pass" starttime="Fri Sep 21 11:39:56 CST 2012" endtime="Fri Sep 21 11:39:56 CST 2012" />
            </TestCase>
            <TestCase name="DrawableContainerTest" priority="">
              <Test name="testAccessConstantState" result="pass" starttime="Fri Sep 21 11:39:56 CST 2012" endtime="Fri Sep 21 11:39:56 CST 2012" />
              <Test name="testAccessCurrentDrawable" result="pass" starttime="Fri Sep 21 11:39:56 CST 2012" endtime="Fri Sep 21 11:39:56 CST 2012" />
              <Test name="testDraw" result="pass" starttime="Fri Sep 21 11:39:56 CST 2012" endtime="Fri Sep 21 11:39:56 CST 2012" />
              <Test name="testGetChangingConfigurations" result="pass" starttime="Fri Sep 21 11:39:56 CST 2012" endtime="Fri Sep 21 11:39:56 CST 2012" />
              <Test name="testGetIntrinsicHeight" result="pass" starttime="Fri Sep 21 11:39:56 CST 2012" endtime="Fri Sep 21 11:39:57 CST 2012" />
              <Test name="testGetIntrinsicWidth" result="pass" starttime="Fri Sep 21 11:39:57 CST 2012" endtime="Fri Sep 21 11:39:57 CST 2012" />
              <Test name="testGetMinimumHeight" result="pass" starttime="Fri Sep 21 11:39:57 CST 2012" endtime="Fri Sep 21 11:39:57 CST 2012" />
              <Test name="testGetMinimumWidth" result="pass" starttime="Fri Sep 21 11:39:57 CST 2012" endtime="Fri Sep 21 11:39:57 CST 2012" />
              <Test name="testGetOpacity" result="pass" starttime="Fri Sep 21 11:39:57 CST 2012" endtime="Fri Sep 21 11:39:57 CST 2012" />
              <Test name="testGetPadding" result="pass" starttime="Fri Sep 21 11:39:57 CST 2012" endtime="Fri Sep 21 11:39:57 CST 2012" />
              <Test name="testInvalidateDrawable" result="pass" starttime="Fri Sep 21 11:39:57 CST 2012" endtime="Fri Sep 21 11:39:57 CST 2012" />
              <Test name="testIsStateful" result="pass" starttime="Fri Sep 21 11:39:57 CST 2012" endtime="Fri Sep 21 11:39:57 CST 2012" />
              <Test name="testMutate" result="pass" starttime="Fri Sep 21 11:39:57 CST 2012" endtime="Fri Sep 21 11:39:57 CST 2012" />
              <Test name="testOnBoundsChange" result="pass" starttime="Fri Sep 21 11:39:57 CST 2012" endtime="Fri Sep 21 11:39:58 CST 2012" />
              <Test name="testOnLevelChange" result="pass" starttime="Fri Sep 21 11:39:58 CST 2012" endtime="Fri Sep 21 11:39:58 CST 2012" />
              <Test name="testOnStateChange" result="pass" starttime="Fri Sep 21 11:39:58 CST 2012" endtime="Fri Sep 21 11:39:58 CST 2012" />
              <Test name="testScheduleDrawable" result="pass" starttime="Fri Sep 21 11:39:58 CST 2012" endtime="Fri Sep 21 11:39:58 CST 2012" />
              <Test name="testSetAlpha" result="pass" starttime="Fri Sep 21 11:39:58 CST 2012" endtime="Fri Sep 21 11:39:58 CST 2012" />
              <Test name="testSetColorFilter" result="pass" starttime="Fri Sep 21 11:39:58 CST 2012" endtime="Fri Sep 21 11:39:58 CST 2012" />
              <Test name="testSetDither" result="pass" starttime="Fri Sep 21 11:39:58 CST 2012" endtime="Fri Sep 21 11:39:58 CST 2012" />
              <Test name="testSetVisible" result="pass" starttime="Fri Sep 21 11:39:58 CST 2012" endtime="Fri Sep 21 11:39:58 CST 2012" />
              <Test name="testUnscheduleDrawable" result="pass" starttime="Fri Sep 21 11:39:58 CST 2012" endtime="Fri Sep 21 11:39:59 CST 2012" />
            </TestCase>
            <TestCase name="DrawableTest" priority="">
              <Test name="testAccessBounds" result="pass" starttime="Fri Sep 21 11:39:59 CST 2012" endtime="Fri Sep 21 11:39:59 CST 2012" />
              <Test name="testAccessChangingConfigurations" result="pass" starttime="Fri Sep 21 11:39:59 CST 2012" endtime="Fri Sep 21 11:39:59 CST 2012" />
              <Test name="testAccessLevel" result="pass" starttime="Fri Sep 21 11:39:59 CST 2012" endtime="Fri Sep 21 11:39:59 CST 2012" />
              <Test name="testAccessState" result="pass" starttime="Fri Sep 21 11:39:59 CST 2012" endtime="Fri Sep 21 11:39:59 CST 2012" />
              <Test name="testAndroidTestCaseSetupProperly" result="pass" starttime="Fri Sep 21 11:39:59 CST 2012" endtime="Fri Sep 21 11:39:59 CST 2012" />
              <Test name="testClearColorFilter" result="pass" starttime="Fri Sep 21 11:39:59 CST 2012" endtime="Fri Sep 21 11:39:59 CST 2012" />
              <Test name="testCopyBounds" result="pass" starttime="Fri Sep 21 11:39:59 CST 2012" endtime="Fri Sep 21 11:39:59 CST 2012" />
              <Test name="testCreateFromPath" result="pass" starttime="Fri Sep 21 11:39:59 CST 2012" endtime="Fri Sep 21 11:40:00 CST 2012" />
              <Test name="testCreateFromResourceStream1" result="pass" starttime="Fri Sep 21 11:40:00 CST 2012" endtime="Fri Sep 21 11:40:00 CST 2012" />
              <Test name="testCreateFromResourceStream2" result="pass" starttime="Fri Sep 21 11:40:00 CST 2012" endtime="Fri Sep 21 11:40:00 CST 2012" />
              <Test name="testCreateFromStream" result="pass" starttime="Fri Sep 21 11:40:00 CST 2012" endtime="Fri Sep 21 11:40:00 CST 2012" />
              <Test name="testCreateFromXml" result="pass" starttime="Fri Sep 21 11:40:00 CST 2012" endtime="Fri Sep 21 11:40:00 CST 2012" />
              <Test name="testCreateFromXmlInner" result="pass" starttime="Fri Sep 21 11:40:00 CST 2012" endtime="Fri Sep 21 11:40:00 CST 2012" />
              <Test name="testGetConstantState" result="pass" starttime="Fri Sep 21 11:40:00 CST 2012" endtime="Fri Sep 21 11:40:00 CST 2012" />
              <Test name="testGetCurrent" result="pass" starttime="Fri Sep 21 11:40:00 CST 2012" endtime="Fri Sep 21 11:40:00 CST 2012" />
              <Test name="testGetIntrinsicHeight" result="pass" starttime="Fri Sep 21 11:40:00 CST 2012" endtime="Fri Sep 21 11:40:00 CST 2012" />
              <Test name="testGetIntrinsicWidth" result="pass" starttime="Fri Sep 21 11:40:00 CST 2012" endtime="Fri Sep 21 11:40:01 CST 2012" />
              <Test name="testGetMinimumHeight" result="pass" starttime="Fri Sep 21 11:40:01 CST 2012" endtime="Fri Sep 21 11:40:01 CST 2012" />
              <Test name="testGetMinimumWidth" result="pass" starttime="Fri Sep 21 11:40:01 CST 2012" endtime="Fri Sep 21 11:40:01 CST 2012" />
              <Test name="testGetPadding" result="pass" starttime="Fri Sep 21 11:40:01 CST 2012" endtime="Fri Sep 21 11:40:01 CST 2012" />
              <Test name="testGetTransparentRegion" result="pass" starttime="Fri Sep 21 11:40:01 CST 2012" endtime="Fri Sep 21 11:40:01 CST 2012" />
              <Test name="testInflate" result="pass" starttime="Fri Sep 21 11:40:01 CST 2012" endtime="Fri Sep 21 11:40:01 CST 2012" />
              <Test name="testInvalidateSelf" result="pass" starttime="Fri Sep 21 11:40:01 CST 2012" endtime="Fri Sep 21 11:40:01 CST 2012" />
              <Test name="testIsStateful" result="pass" starttime="Fri Sep 21 11:40:01 CST 2012" endtime="Fri Sep 21 11:40:01 CST 2012" />
              <Test name="testMutate" result="pass" starttime="Fri Sep 21 11:40:01 CST 2012" endtime="Fri Sep 21 11:40:02 CST 2012" />
              <Test name="testOnBoundsChange" result="pass" starttime="Fri Sep 21 11:40:02 CST 2012" endtime="Fri Sep 21 11:40:02 CST 2012" />
              <Test name="testOnLevelChange" result="pass" starttime="Fri Sep 21 11:40:02 CST 2012" endtime="Fri Sep 21 11:40:02 CST 2012" />
              <Test name="testOnStateChange" result="pass" starttime="Fri Sep 21 11:40:02 CST 2012" endtime="Fri Sep 21 11:40:02 CST 2012" />
              <Test name="testResolveOpacity" result="pass" starttime="Fri Sep 21 11:40:02 CST 2012" endtime="Fri Sep 21 11:40:02 CST 2012" />
              <Test name="testScheduleSelf" result="pass" starttime="Fri Sep 21 11:40:02 CST 2012" endtime="Fri Sep 21 11:40:02 CST 2012" />
              <Test name="testSetCallback" result="pass" starttime="Fri Sep 21 11:40:02 CST 2012" endtime="Fri Sep 21 11:40:02 CST 2012" />
              <Test name="testSetColorFilter" result="pass" starttime="Fri Sep 21 11:40:02 CST 2012" endtime="Fri Sep 21 11:40:02 CST 2012" />
              <Test name="testSetDither" result="pass" starttime="Fri Sep 21 11:40:02 CST 2012" endtime="Fri Sep 21 11:40:03 CST 2012" />
              <Test name="testSetFilterBitmap" result="pass" starttime="Fri Sep 21 11:40:03 CST 2012" endtime="Fri Sep 21 11:40:03 CST 2012" />
              <Test name="testUnscheduleSelf" result="pass" starttime="Fri Sep 21 11:40:03 CST 2012" endtime="Fri Sep 21 11:40:03 CST 2012" />
              <Test name="testVisible" result="pass" starttime="Fri Sep 21 11:40:03 CST 2012" endtime="Fri Sep 21 11:40:03 CST 2012" />
            </TestCase>
            <TestCase name="Drawable_ConstantStateTest" priority="">
              <Test name="testGetChangingConfigurations" result="pass" starttime="Fri Sep 21 11:40:03 CST 2012" endtime="Fri Sep 21 11:40:03 CST 2012" />
              <Test name="testNewDrawable" result="pass" starttime="Fri Sep 21 11:40:03 CST 2012" endtime="Fri Sep 21 11:40:03 CST 2012" />
            </TestCase>
            <TestCase name="GradientDrawableTest" priority="">
              <Test name="testAndroidTestCaseSetupProperly" result="pass" starttime="Fri Sep 21 11:40:03 CST 2012" endtime="Fri Sep 21 11:40:03 CST 2012" />
              <Test name="testConstructor" result="pass" starttime="Fri Sep 21 11:40:03 CST 2012" endtime="Fri Sep 21 11:40:03 CST 2012" />
              <Test name="testDraw" result="pass" starttime="Fri Sep 21 11:40:03 CST 2012" endtime="Fri Sep 21 11:40:04 CST 2012" />
              <Test name="testGetChangingConfigurations" result="pass" starttime="Fri Sep 21 11:40:04 CST 2012" endtime="Fri Sep 21 11:40:04 CST 2012" />
              <Test name="testGetConstantState" result="pass" starttime="Fri Sep 21 11:40:04 CST 2012" endtime="Fri Sep 21 11:40:04 CST 2012" />
              <Test name="testGetIntrinsicHeight" result="pass" starttime="Fri Sep 21 11:40:04 CST 2012" endtime="Fri Sep 21 11:40:04 CST 2012" />
              <Test name="testGetIntrinsicWidth" result="pass" starttime="Fri Sep 21 11:40:04 CST 2012" endtime="Fri Sep 21 11:40:04 CST 2012" />
              <Test name="testGetOpacity" result="pass" starttime="Fri Sep 21 11:40:04 CST 2012" endtime="Fri Sep 21 11:40:04 CST 2012" />
              <Test name="testInflate" result="pass" starttime="Fri Sep 21 11:40:04 CST 2012" endtime="Fri Sep 21 11:40:04 CST 2012" />
              <Test name="testMethods" result="pass" starttime="Fri Sep 21 11:40:04 CST 2012" endtime="Fri Sep 21 11:40:04 CST 2012" />
              <Test name="testMutate" result="pass" starttime="Fri Sep 21 11:40:04 CST 2012" endtime="Fri Sep 21 11:40:05 CST 2012" />
              <Test name="testSetAlpha" result="pass" starttime="Fri Sep 21 11:40:05 CST 2012" endtime="Fri Sep 21 11:40:05 CST 2012" />
              <Test name="testSetColor" result="pass" starttime="Fri Sep 21 11:40:05 CST 2012" endtime="Fri Sep 21 11:40:05 CST 2012" />
              <Test name="testSetColorFilter" result="pass" starttime="Fri Sep 21 11:40:05 CST 2012" endtime="Fri Sep 21 11:40:05 CST 2012" />
              <Test name="testSetCornerRadii" result="pass" starttime="Fri Sep 21 11:40:05 CST 2012" endtime="Fri Sep 21 11:40:05 CST 2012" />
              <Test name="testSetCornerRadius" result="pass" starttime="Fri Sep 21 11:40:05 CST 2012" endtime="Fri Sep 21 11:40:05 CST 2012" />
              <Test name="testSetDither" result="pass" starttime="Fri Sep 21 11:40:05 CST 2012" endtime="Fri Sep 21 11:40:05 CST 2012" />
              <Test name="testSetGradientCenter" result="pass" starttime="Fri Sep 21 11:40:05 CST 2012" endtime="Fri Sep 21 11:40:05 CST 2012" />
              <Test name="testSetGradientRadius" result="pass" starttime="Fri Sep 21 11:40:05 CST 2012" endtime="Fri Sep 21 11:40:05 CST 2012" />
              <Test name="testSetGradientType" result="pass" starttime="Fri Sep 21 11:40:05 CST 2012" endtime="Fri Sep 21 11:40:06 CST 2012" />
              <Test name="testSetShape" result="pass" starttime="Fri Sep 21 11:40:06 CST 2012" endtime="Fri Sep 21 11:40:06 CST 2012" />
              <Test name="testSetSize" result="pass" starttime="Fri Sep 21 11:40:06 CST 2012" endtime="Fri Sep 21 11:40:06 CST 2012" />
              <Test name="testSetStroke" result="pass" starttime="Fri Sep 21 11:40:06 CST 2012" endtime="Fri Sep 21 11:40:06 CST 2012" />
              <Test name="testSetStroke1" result="pass" starttime="Fri Sep 21 11:40:06 CST 2012" endtime="Fri Sep 21 11:40:06 CST 2012" />
              <Test name="testSetUseLevel" result="pass" starttime="Fri Sep 21 11:40:06 CST 2012" endtime="Fri Sep 21 11:40:06 CST 2012" />
            </TestCase>
            <TestCase name="InsetDrawableTest" priority="">
              <Test name="testAndroidTestCaseSetupProperly" result="pass" starttime="Fri Sep 21 11:40:06 CST 2012" endtime="Fri Sep 21 11:40:06 CST 2012" />
              <Test name="testConstructor" result="pass" starttime="Fri Sep 21 11:40:06 CST 2012" endtime="Fri Sep 21 11:40:06 CST 2012" />
              <Test name="testDraw" result="pass" starttime="Fri Sep 21 11:40:06 CST 2012" endtime="Fri Sep 21 11:40:07 CST 2012" />
              <Test name="testGetChangingConfigurations" result="pass" starttime="Fri Sep 21 11:40:07 CST 2012" endtime="Fri Sep 21 11:40:07 CST 2012" />
              <Test name="testGetConstantState" result="pass" starttime="Fri Sep 21 11:40:07 CST 2012" endtime="Fri Sep 21 11:40:07 CST 2012" />
              <Test name="testGetIntrinsicHeight" result="pass" starttime="Fri Sep 21 11:40:07 CST 2012" endtime="Fri Sep 21 11:40:07 CST 2012" />
              <Test name="testGetIntrinsicWidth" result="pass" starttime="Fri Sep 21 11:40:07 CST 2012" endtime="Fri Sep 21 11:40:07 CST 2012" />
              <Test name="testGetOpacity" result="pass" starttime="Fri Sep 21 11:40:07 CST 2012" endtime="Fri Sep 21 11:40:07 CST 2012" />
              <Test name="testGetPadding" result="pass" starttime="Fri Sep 21 11:40:07 CST 2012" endtime="Fri Sep 21 11:40:07 CST 2012" />
              <Test name="testInflate" result="pass" starttime="Fri Sep 21 11:40:07 CST 2012" endtime="Fri Sep 21 11:40:07 CST 2012" />
              <Test name="testInvalidateDrawable" result="pass" starttime="Fri Sep 21 11:40:07 CST 2012" endtime="Fri Sep 21 11:40:08 CST 2012" />
              <Test name="testIsStateful" result="pass" starttime="Fri Sep 21 11:40:08 CST 2012" endtime="Fri Sep 21 11:40:08 CST 2012" />
              <Test name="testOnBoundsChange" result="pass" starttime="Fri Sep 21 11:40:08 CST 2012" endtime="Fri Sep 21 11:40:08 CST 2012" />
              <Test name="testOnStateChange" result="pass" starttime="Fri Sep 21 11:40:08 CST 2012" endtime="Fri Sep 21 11:40:08 CST 2012" />
              <Test name="testScheduleDrawable" result="pass" starttime="Fri Sep 21 11:40:08 CST 2012" endtime="Fri Sep 21 11:40:08 CST 2012" />
              <Test name="testSetAlpha" result="pass" starttime="Fri Sep 21 11:40:08 CST 2012" endtime="Fri Sep 21 11:40:08 CST 2012" />
              <Test name="testSetColorFilter" result="pass" starttime="Fri Sep 21 11:40:08 CST 2012" endtime="Fri Sep 21 11:40:08 CST 2012" />
              <Test name="testSetVisible" result="pass" starttime="Fri Sep 21 11:40:08 CST 2012" endtime="Fri Sep 21 11:40:08 CST 2012" />
              <Test name="testUnscheduleDrawable" result="pass" starttime="Fri Sep 21 11:40:08 CST 2012" endtime="Fri Sep 21 11:40:08 CST 2012" />
            </TestCase>
            <TestCase name="LayerDrawableTest" priority="">
              <Test name="testAccessDrawable" result="pass" starttime="Fri Sep 21 11:40:08 CST 2012" endtime="Fri Sep 21 11:40:09 CST 2012" />
              <Test name="testAccessId" result="pass" starttime="Fri Sep 21 11:40:09 CST 2012" endtime="Fri Sep 21 11:40:09 CST 2012" />
              <Test name="testAndroidTestCaseSetupProperly" result="pass" starttime="Fri Sep 21 11:40:09 CST 2012" endtime="Fri Sep 21 11:40:09 CST 2012" />
              <Test name="testConstructor" result="pass" starttime="Fri Sep 21 11:40:09 CST 2012" endtime="Fri Sep 21 11:40:09 CST 2012" />
              <Test name="testDraw" result="pass" starttime="Fri Sep 21 11:40:09 CST 2012" endtime="Fri Sep 21 11:40:09 CST 2012" />
              <Test name="testFindDrawableByLayerId" result="pass" starttime="Fri Sep 21 11:40:09 CST 2012" endtime="Fri Sep 21 11:40:09 CST 2012" />
              <Test name="testGetChangingConfigurations" result="pass" starttime="Fri Sep 21 11:40:09 CST 2012" endtime="Fri Sep 21 11:40:09 CST 2012" />
              <Test name="testGetConstantState" result="pass" starttime="Fri Sep 21 11:40:09 CST 2012" endtime="Fri Sep 21 11:40:09 CST 2012" />
              <Test name="testGetIntrinsicHeight" result="pass" starttime="Fri Sep 21 11:40:09 CST 2012" endtime="Fri Sep 21 11:40:10 CST 2012" />
              <Test name="testGetIntrinsicWidth" result="pass" starttime="Fri Sep 21 11:40:10 CST 2012" endtime="Fri Sep 21 11:40:10 CST 2012" />
              <Test name="testGetNumberOfLayers" result="pass" starttime="Fri Sep 21 11:40:10 CST 2012" endtime="Fri Sep 21 11:40:10 CST 2012" />
              <Test name="testGetOpacity" result="pass" starttime="Fri Sep 21 11:40:10 CST 2012" endtime="Fri Sep 21 11:40:10 CST 2012" />
              <Test name="testGetPadding" result="pass" starttime="Fri Sep 21 11:40:10 CST 2012" endtime="Fri Sep 21 11:40:10 CST 2012" />
              <Test name="testInflate" result="pass" starttime="Fri Sep 21 11:40:10 CST 2012" endtime="Fri Sep 21 11:40:10 CST 2012" />
              <Test name="testInvalidateDrawable" result="pass" starttime="Fri Sep 21 11:40:10 CST 2012" endtime="Fri Sep 21 11:40:10 CST 2012" />
              <Test name="testIsStateful" result="pass" starttime="Fri Sep 21 11:40:10 CST 2012" endtime="Fri Sep 21 11:40:10 CST 2012" />
              <Test name="testMutate" result="pass" starttime="Fri Sep 21 11:40:10 CST 2012" endtime="Fri Sep 21 11:40:11 CST 2012" />
              <Test name="testOnBoundsChange" result="pass" starttime="Fri Sep 21 11:40:11 CST 2012" endtime="Fri Sep 21 11:40:11 CST 2012" />
              <Test name="testOnLevelChange" result="pass" starttime="Fri Sep 21 11:40:11 CST 2012" endtime="Fri Sep 21 11:40:11 CST 2012" />
              <Test name="testOnStateChange" result="pass" starttime="Fri Sep 21 11:40:11 CST 2012" endtime="Fri Sep 21 11:40:11 CST 2012" />
              <Test name="testScheduleDrawable" result="pass" starttime="Fri Sep 21 11:40:11 CST 2012" endtime="Fri Sep 21 11:40:11 CST 2012" />
              <Test name="testSetAlpha" result="pass" starttime="Fri Sep 21 11:40:11 CST 2012" endtime="Fri Sep 21 11:40:11 CST 2012" />
              <Test name="testSetColorFilter" result="pass" starttime="Fri Sep 21 11:40:11 CST 2012" endtime="Fri Sep 21 11:40:11 CST 2012" />
              <Test name="testSetDither" result="pass" starttime="Fri Sep 21 11:40:11 CST 2012" endtime="Fri Sep 21 11:40:11 CST 2012" />
              <Test name="testSetLayerInset" result="pass" starttime="Fri Sep 21 11:40:11 CST 2012" endtime="Fri Sep 21 11:40:11 CST 2012" />
              <Test name="testSetVisible" result="pass" starttime="Fri Sep 21 11:40:11 CST 2012" endtime="Fri Sep 21 11:40:12 CST 2012" />
              <Test name="testUnscheduleDrawable" result="pass" starttime="Fri Sep 21 11:40:12 CST 2012" endtime="Fri Sep 21 11:40:12 CST 2012" />
            </TestCase>
            <TestCase name="LevelListDrawableTest" priority="">
              <Test name="testAddLevel" result="pass" starttime="Fri Sep 21 11:40:12 CST 2012" endtime="Fri Sep 21 11:40:12 CST 2012" />
              <Test name="testInflate" result="pass" starttime="Fri Sep 21 11:40:12 CST 2012" endtime="Fri Sep 21 11:40:12 CST 2012" />
              <Test name="testInflateWithNullParameters" result="pass" starttime="Fri Sep 21 11:40:12 CST 2012" endtime="Fri Sep 21 11:40:12 CST 2012" />
              <Test name="testLevelListDrawable" result="pass" starttime="Fri Sep 21 11:40:12 CST 2012" endtime="Fri Sep 21 11:40:12 CST 2012" />
              <Test name="testMutate" result="pass" starttime="Fri Sep 21 11:40:12 CST 2012" endtime="Fri Sep 21 11:40:12 CST 2012" />
              <Test name="testOnLevelChange" result="pass" starttime="Fri Sep 21 11:40:12 CST 2012" endtime="Fri Sep 21 11:40:12 CST 2012" />
            </TestCase>
            <TestCase name="NinePatchDrawableTest" priority="">
              <Test name="testConstructors" result="pass" starttime="Fri Sep 21 11:40:12 CST 2012" endtime="Fri Sep 21 11:40:12 CST 2012" />
              <Test name="testDraw" result="pass" starttime="Fri Sep 21 11:40:12 CST 2012" endtime="Fri Sep 21 11:40:13 CST 2012" />
              <Test name="testGetChangingConfigurations" result="pass" starttime="Fri Sep 21 11:40:13 CST 2012" endtime="Fri Sep 21 11:40:13 CST 2012" />
              <Test name="testGetConstantState" result="pass" starttime="Fri Sep 21 11:40:13 CST 2012" endtime="Fri Sep 21 11:40:13 CST 2012" />
              <Test name="testGetIntrinsicHeight" result="pass" starttime="Fri Sep 21 11:40:13 CST 2012" endtime="Fri Sep 21 11:40:13 CST 2012" />
              <Test name="testGetIntrinsicWidth" result="pass" starttime="Fri Sep 21 11:40:13 CST 2012" endtime="Fri Sep 21 11:40:13 CST 2012" />
              <Test name="testGetMinimumHeight" result="pass" starttime="Fri Sep 21 11:40:13 CST 2012" endtime="Fri Sep 21 11:40:13 CST 2012" />
              <Test name="testGetMinimumWidth" result="pass" starttime="Fri Sep 21 11:40:13 CST 2012" endtime="Fri Sep 21 11:40:13 CST 2012" />
              <Test name="testGetOpacity" result="pass" starttime="Fri Sep 21 11:40:13 CST 2012" endtime="Fri Sep 21 11:40:13 CST 2012" />
              <Test name="testGetPadding" result="pass" starttime="Fri Sep 21 11:40:13 CST 2012" endtime="Fri Sep 21 11:40:13 CST 2012" />
              <Test name="testGetPaint" result="pass" starttime="Fri Sep 21 11:40:13 CST 2012" endtime="Fri Sep 21 11:40:14 CST 2012" />
              <Test name="testGetTransparentRegion" result="pass" starttime="Fri Sep 21 11:40:14 CST 2012" endtime="Fri Sep 21 11:40:14 CST 2012" />
              <Test name="testInflate" result="pass" starttime="Fri Sep 21 11:40:14 CST 2012" endtime="Fri Sep 21 11:40:14 CST 2012" />
              <Test name="testMutate" result="pass" starttime="Fri Sep 21 11:40:14 CST 2012" endtime="Fri Sep 21 11:40:14 CST 2012" />
              <Test name="testSetAlpha" result="pass" starttime="Fri Sep 21 11:40:14 CST 2012" endtime="Fri Sep 21 11:40:14 CST 2012" />
              <Test name="testSetColorFilter" result="pass" starttime="Fri Sep 21 11:40:14 CST 2012" endtime="Fri Sep 21 11:40:14 CST 2012" />
              <Test name="testSetDither" result="pass" starttime="Fri Sep 21 11:40:14 CST 2012" endtime="Fri Sep 21 11:40:14 CST 2012" />
            </TestCase>
            <TestCase name="PaintDrawableTest" priority="">
              <Test name="testAndroidTestCaseSetupProperly" result="pass" starttime="Fri Sep 21 11:40:14 CST 2012" endtime="Fri Sep 21 11:40:14 CST 2012" />
              <Test name="testConstructor" result="pass" starttime="Fri Sep 21 11:40:14 CST 2012" endtime="Fri Sep 21 11:40:14 CST 2012" />
              <Test name="testInflateTag" result="pass" starttime="Fri Sep 21 11:40:14 CST 2012" endtime="Fri Sep 21 11:40:14 CST 2012" />
              <Test name="testSetCornerRadii" result="pass" starttime="Fri Sep 21 11:40:15 CST 2012" endtime="Fri Sep 21 11:40:15 CST 2012" />
              <Test name="testSetCornerRadius" result="pass" starttime="Fri Sep 21 11:40:15 CST 2012" endtime="Fri Sep 21 11:40:15 CST 2012" />
            </TestCase>
            <TestCase name="PictureDrawableTest" priority="">
              <Test name="testAccessPicture" result="pass" starttime="Fri Sep 21 11:40:15 CST 2012" endtime="Fri Sep 21 11:40:15 CST 2012" />
              <Test name="testAndroidTestCaseSetupProperly" result="pass" starttime="Fri Sep 21 11:40:15 CST 2012" endtime="Fri Sep 21 11:40:15 CST 2012" />
              <Test name="testConstructor" result="pass" starttime="Fri Sep 21 11:40:15 CST 2012" endtime="Fri Sep 21 11:40:15 CST 2012" />
              <Test name="testDraw" result="pass" starttime="Fri Sep 21 11:40:15 CST 2012" endtime="Fri Sep 21 11:40:15 CST 2012" />
              <Test name="testGetIntrinsicSize" result="pass" starttime="Fri Sep 21 11:40:15 CST 2012" endtime="Fri Sep 21 11:40:15 CST 2012" />
              <Test name="testGetOpacity" result="pass" starttime="Fri Sep 21 11:40:15 CST 2012" endtime="Fri Sep 21 11:40:15 CST 2012" />
              <Test name="testSetAlpha" result="pass" starttime="Fri Sep 21 11:40:15 CST 2012" endtime="Fri Sep 21 11:40:15 CST 2012" />
              <Test name="testSetColorFilter" result="pass" starttime="Fri Sep 21 11:40:15 CST 2012" endtime="Fri Sep 21 11:40:16 CST 2012" />
              <Test name="testSetDither" result="pass" starttime="Fri Sep 21 11:40:16 CST 2012" endtime="Fri Sep 21 11:40:16 CST 2012" />
              <Test name="testSetFilterBitmap" result="pass" starttime="Fri Sep 21 11:40:16 CST 2012" endtime="Fri Sep 21 11:40:16 CST 2012" />
            </TestCase>
            <TestCase name="RotateDrawableTest" priority="">
              <Test name="testAndroidTestCaseSetupProperly" result="pass" starttime="Fri Sep 21 11:40:16 CST 2012" endtime="Fri Sep 21 11:40:16 CST 2012" />
              <Test name="testConstructor" result="pass" starttime="Fri Sep 21 11:40:16 CST 2012" endtime="Fri Sep 21 11:40:16 CST 2012" />
              <Test name="testDraw" result="pass" starttime="Fri Sep 21 11:40:16 CST 2012" endtime="Fri Sep 21 11:40:16 CST 2012" />
              <Test name="testGetChangingConfigurations" result="pass" starttime="Fri Sep 21 11:40:16 CST 2012" endtime="Fri Sep 21 11:40:16 CST 2012" />
              <Test name="testGetConstantState" result="pass" starttime="Fri Sep 21 11:40:16 CST 2012" endtime="Fri Sep 21 11:40:16 CST 2012" />
              <Test name="testGetIntrinsicWidthAndHeight" result="pass" starttime="Fri Sep 21 11:40:16 CST 2012" endtime="Fri Sep 21 11:40:16 CST 2012" />
              <Test name="testGetOpacity" result="pass" starttime="Fri Sep 21 11:40:16 CST 2012" endtime="Fri Sep 21 11:40:16 CST 2012" />
              <Test name="testGetPadding" result="pass" starttime="Fri Sep 21 11:40:16 CST 2012" endtime="Fri Sep 21 11:40:17 CST 2012" />
              <Test name="testInvalidateDrawable" result="pass" starttime="Fri Sep 21 11:40:17 CST 2012" endtime="Fri Sep 21 11:40:17 CST 2012" />
              <Test name="testIsStateful" result="pass" starttime="Fri Sep 21 11:40:17 CST 2012" endtime="Fri Sep 21 11:40:17 CST 2012" />
              <Test name="testMethods" result="pass" starttime="Fri Sep 21 11:40:17 CST 2012" endtime="Fri Sep 21 11:40:17 CST 2012" />
              <Test name="testMutate" result="pass" starttime="Fri Sep 21 11:40:17 CST 2012" endtime="Fri Sep 21 11:40:17 CST 2012" />
              <Test name="testScheduleDrawable" result="pass" starttime="Fri Sep 21 11:40:17 CST 2012" endtime="Fri Sep 21 11:40:17 CST 2012" />
              <Test name="testSetAlpha" result="pass" starttime="Fri Sep 21 11:40:17 CST 2012" endtime="Fri Sep 21 11:40:17 CST 2012" />
              <Test name="testSetColorFilter" result="pass" starttime="Fri Sep 21 11:40:17 CST 2012" endtime="Fri Sep 21 11:40:17 CST 2012" />
              <Test name="testSetVisible" result="pass" starttime="Fri Sep 21 11:40:17 CST 2012" endtime="Fri Sep 21 11:40:18 CST 2012" />
              <Test name="testUnscheduleDrawable" result="pass" starttime="Fri Sep 21 11:40:18 CST 2012" endtime="Fri Sep 21 11:40:18 CST 2012" />
            </TestCase>
            <TestCase name="ScaleDrawableTest" priority="">
              <Test name="testAndroidTestCaseSetupProperly" result="pass" starttime="Fri Sep 21 11:40:18 CST 2012" endtime="Fri Sep 21 11:40:18 CST 2012" />
              <Test name="testConstructor" result="pass" starttime="Fri Sep 21 11:40:18 CST 2012" endtime="Fri Sep 21 11:40:18 CST 2012" />
              <Test name="testDraw" result="pass" starttime="Fri Sep 21 11:40:18 CST 2012" endtime="Fri Sep 21 11:40:18 CST 2012" />
              <Test name="testGetChangingConfigurations" result="pass" starttime="Fri Sep 21 11:40:18 CST 2012" endtime="Fri Sep 21 11:40:18 CST 2012" />
              <Test name="testGetConstantState" result="pass" starttime="Fri Sep 21 11:40:18 CST 2012" endtime="Fri Sep 21 11:40:18 CST 2012" />
              <Test name="testGetIntrinsicHeight" result="pass" starttime="Fri Sep 21 11:40:18 CST 2012" endtime="Fri Sep 21 11:40:18 CST 2012" />
              <Test name="testGetIntrinsicWidth" result="pass" starttime="Fri Sep 21 11:40:18 CST 2012" endtime="Fri Sep 21 11:40:19 CST 2012" />
              <Test name="testGetOpacity" result="pass" starttime="Fri Sep 21 11:40:19 CST 2012" endtime="Fri Sep 21 11:40:19 CST 2012" />
              <Test name="testGetPadding" result="pass" starttime="Fri Sep 21 11:40:19 CST 2012" endtime="Fri Sep 21 11:40:19 CST 2012" />
              <Test name="testInflate" result="pass" starttime="Fri Sep 21 11:40:19 CST 2012" endtime="Fri Sep 21 11:40:19 CST 2012" />
              <Test name="testInvalidateDrawable" result="pass" starttime="Fri Sep 21 11:40:19 CST 2012" endtime="Fri Sep 21 11:40:19 CST 2012" />
              <Test name="testIsStateful" result="pass" starttime="Fri Sep 21 11:40:19 CST 2012" endtime="Fri Sep 21 11:40:19 CST 2012" />
              <Test name="testMutate" result="pass" starttime="Fri Sep 21 11:40:19 CST 2012" endtime="Fri Sep 21 11:40:19 CST 2012" />
              <Test name="testOnBoundsChange" result="pass" starttime="Fri Sep 21 11:40:19 CST 2012" endtime="Fri Sep 21 11:40:19 CST 2012" />
              <Test name="testOnLevelChange" result="pass" starttime="Fri Sep 21 11:40:19 CST 2012" endtime="Fri Sep 21 11:40:19 CST 2012" />
              <Test name="testOnStateChange" result="pass" starttime="Fri Sep 21 11:40:19 CST 2012" endtime="Fri Sep 21 11:40:20 CST 2012" />
              <Test name="testScheduleDrawable" result="pass" starttime="Fri Sep 21 11:40:20 CST 2012" endtime="Fri Sep 21 11:40:20 CST 2012" />
              <Test name="testSetAlpha" result="pass" starttime="Fri Sep 21 11:40:20 CST 2012" endtime="Fri Sep 21 11:40:20 CST 2012" />
              <Test name="testSetColorFilter" result="pass" starttime="Fri Sep 21 11:40:20 CST 2012" endtime="Fri Sep 21 11:40:20 CST 2012" />
              <Test name="testSetVisible" result="pass" starttime="Fri Sep 21 11:40:20 CST 2012" endtime="Fri Sep 21 11:40:20 CST 2012" />
              <Test name="testUnscheduleDrawable" result="pass" starttime="Fri Sep 21 11:40:20 CST 2012" endtime="Fri Sep 21 11:40:20 CST 2012" />
            </TestCase>
            <TestCase name="ShapeDrawableTest" priority="">
              <Test name="testAccessIntrinsicHeight" result="pass" starttime="Fri Sep 21 11:40:20 CST 2012" endtime="Fri Sep 21 11:40:20 CST 2012" />
              <Test name="testAccessIntrinsicWidth" result="pass" starttime="Fri Sep 21 11:40:20 CST 2012" endtime="Fri Sep 21 11:40:20 CST 2012" />
              <Test name="testAccessPadding" result="pass" starttime="Fri Sep 21 11:40:20 CST 2012" endtime="Fri Sep 21 11:40:21 CST 2012" />
              <Test name="testAccessShaderFactory" result="pass" starttime="Fri Sep 21 11:40:21 CST 2012" endtime="Fri Sep 21 11:40:21 CST 2012" />
              <Test name="testAccessShape" result="pass" starttime="Fri Sep 21 11:40:21 CST 2012" endtime="Fri Sep 21 11:40:21 CST 2012" />
              <Test name="testAndroidTestCaseSetupProperly" result="pass" starttime="Fri Sep 21 11:40:21 CST 2012" endtime="Fri Sep 21 11:40:21 CST 2012" />
              <Test name="testConstructors" result="pass" starttime="Fri Sep 21 11:40:21 CST 2012" endtime="Fri Sep 21 11:40:21 CST 2012" />
              <Test name="testDraw" result="pass" starttime="Fri Sep 21 11:40:21 CST 2012" endtime="Fri Sep 21 11:40:21 CST 2012" />
              <Test name="testGetChangingConfigurations" result="pass" starttime="Fri Sep 21 11:40:21 CST 2012" endtime="Fri Sep 21 11:40:21 CST 2012" />
              <Test name="testGetConstantState" result="pass" starttime="Fri Sep 21 11:40:21 CST 2012" endtime="Fri Sep 21 11:40:21 CST 2012" />
              <Test name="testGetOpacity" result="pass" starttime="Fri Sep 21 11:40:21 CST 2012" endtime="Fri Sep 21 11:40:22 CST 2012" />
              <Test name="testGetPaint" result="pass" starttime="Fri Sep 21 11:40:22 CST 2012" endtime="Fri Sep 21 11:40:22 CST 2012" />
              <Test name="testInflate" result="pass" starttime="Fri Sep 21 11:40:22 CST 2012" endtime="Fri Sep 21 11:40:22 CST 2012" />
              <Test name="testMutate" result="pass" starttime="Fri Sep 21 11:40:22 CST 2012" endtime="Fri Sep 21 11:40:22 CST 2012" />
              <Test name="testOnBoundsChange" result="pass" starttime="Fri Sep 21 11:40:22 CST 2012" endtime="Fri Sep 21 11:40:22 CST 2012" />
              <Test name="testOnDraw" result="pass" starttime="Fri Sep 21 11:40:22 CST 2012" endtime="Fri Sep 21 11:40:22 CST 2012" />
              <Test name="testSetAlpha" result="pass" starttime="Fri Sep 21 11:40:22 CST 2012" endtime="Fri Sep 21 11:40:22 CST 2012" />
              <Test name="testSetColorFilter" result="pass" starttime="Fri Sep 21 11:40:22 CST 2012" endtime="Fri Sep 21 11:40:22 CST 2012" />
              <Test name="testSetDither" result="pass" starttime="Fri Sep 21 11:40:22 CST 2012" endtime="Fri Sep 21 11:40:23 CST 2012" />
            </TestCase>
            <TestCase name="ShapeDrawable_ShaderFactoryTest" priority="">
              <Test name="testResize" result="pass" starttime="Fri Sep 21 11:40:23 CST 2012" endtime="Fri Sep 21 11:40:23 CST 2012" />
            </TestCase>
            <TestCase name="StateListDrawableTest" priority="">
              <Test name="testAddState" result="pass" starttime="Fri Sep 21 11:40:23 CST 2012" endtime="Fri Sep 21 11:40:23 CST 2012" />
              <Test name="testInflate" result="pass" starttime="Fri Sep 21 11:40:23 CST 2012" endtime="Fri Sep 21 11:40:23 CST 2012" />
              <Test name="testInflateWithNullParameters" result="pass" starttime="Fri Sep 21 11:40:23 CST 2012" endtime="Fri Sep 21 11:40:23 CST 2012" />
              <Test name="testIsStateful" result="pass" starttime="Fri Sep 21 11:40:23 CST 2012" endtime="Fri Sep 21 11:40:23 CST 2012" />
              <Test name="testMutate" result="pass" starttime="Fri Sep 21 11:40:23 CST 2012" endtime="Fri Sep 21 11:40:23 CST 2012" />
              <Test name="testOnStateChange" result="pass" starttime="Fri Sep 21 11:40:23 CST 2012" endtime="Fri Sep 21 11:40:23 CST 2012" />
              <Test name="testOnStateChangeWithNullStateSet" result="pass" starttime="Fri Sep 21 11:40:23 CST 2012" endtime="Fri Sep 21 11:40:23 CST 2012" />
              <Test name="testOnStateChangeWithWildCardAtFirst" result="pass" starttime="Fri Sep 21 11:40:23 CST 2012" endtime="Fri Sep 21 11:40:23 CST 2012" />
              <Test name="testStateListDrawable" result="pass" starttime="Fri Sep 21 11:40:23 CST 2012" endtime="Fri Sep 21 11:40:24 CST 2012" />
            </TestCase>
            <TestCase name="TransitionDrawableTest" priority="">
              <Test name="testAccessCrossFadeEnabled" result="pass" starttime="Fri Sep 21 11:40:24 CST 2012" endtime="Fri Sep 21 11:40:24 CST 2012" />
              <Test name="testConstructor" result="pass" starttime="Fri Sep 21 11:40:24 CST 2012" endtime="Fri Sep 21 11:40:24 CST 2012" />
              <Test name="testDrawWithNUllCanvas" result="pass" starttime="Fri Sep 21 11:40:24 CST 2012" endtime="Fri Sep 21 11:40:24 CST 2012" />
              <Test name="testResetTransition" result="pass" starttime="Fri Sep 21 11:40:24 CST 2012" endtime="Fri Sep 21 11:40:30 CST 2012" />
              <Test name="testReverseTransition" result="pass" starttime="Fri Sep 21 11:40:30 CST 2012" endtime="Fri Sep 21 11:40:43 CST 2012" />
              <Test name="testStartTransition" result="pass" starttime="Fri Sep 21 11:40:43 CST 2012" endtime="Fri Sep 21 11:40:55 CST 2012" />
            </TestCase>
          </TestSuite>
          <TestSuite name="shapes">
            <TestSuite name="cts">
              <TestCase name="ArcShapeTest" priority="">
                <Test name="testConstructor" result="pass" starttime="Fri Sep 21 11:40:55 CST 2012" endtime="Fri Sep 21 11:40:55 CST 2012" />
                <Test name="testDraw" result="pass" starttime="Fri Sep 21 11:40:55 CST 2012" endtime="Fri Sep 21 11:40:55 CST 2012" />
              </TestCase>
              <TestCase name="OvalShapeTest" priority="">
                <Test name="testConstructor" result="pass" starttime="Fri Sep 21 11:40:55 CST 2012" endtime="Fri Sep 21 11:40:55 CST 2012" />
                <Test name="testDraw" result="pass" starttime="Fri Sep 21 11:40:55 CST 2012" endtime="Fri Sep 21 11:40:55 CST 2012" />
              </TestCase>
              <TestCase name="PathShapeTest" priority="">
                <Test name="testClone" result="pass" starttime="Fri Sep 21 11:40:55 CST 2012" endtime="Fri Sep 21 11:40:55 CST 2012" />
                <Test name="testConstructor" result="pass" starttime="Fri Sep 21 11:40:55 CST 2012" endtime="Fri Sep 21 11:40:56 CST 2012" />
                <Test name="testDraw" result="pass" starttime="Fri Sep 21 11:40:56 CST 2012" endtime="Fri Sep 21 11:40:56 CST 2012" />
              </TestCase>
              <TestCase name="RectShapeTest" priority="">
                <Test name="testClone" result="pass" starttime="Fri Sep 21 11:40:56 CST 2012" endtime="Fri Sep 21 11:40:56 CST 2012" />
                <Test name="testConstructor" result="pass" starttime="Fri Sep 21 11:40:56 CST 2012" endtime="Fri Sep 21 11:40:56 CST 2012" />
                <Test name="testDraw" result="pass" starttime="Fri Sep 21 11:40:56 CST 2012" endtime="Fri Sep 21 11:40:56 CST 2012" />
                <Test name="testRect" result="pass" starttime="Fri Sep 21 11:40:56 CST 2012" endtime="Fri Sep 21 11:40:56 CST 2012" />
              </TestCase>
              <TestCase name="RoundRectShapeTest" priority="">
                <Test name="testClone" result="pass" starttime="Fri Sep 21 11:40:56 CST 2012" endtime="Fri Sep 21 11:40:56 CST 2012" />
                <Test name="testConstructor" result="pass" starttime="Fri Sep 21 11:40:56 CST 2012" endtime="Fri Sep 21 11:40:56 CST 2012" />
                <Test name="testDraw" result="pass" starttime="Fri Sep 21 11:40:56 CST 2012" endtime="Fri Sep 21 11:40:56 CST 2012" />
              </TestCase>
              <TestCase name="ShapeTest" priority="">
                <Test name="testClone" result="pass" starttime="Fri Sep 21 11:40:56 CST 2012" endtime="Fri Sep 21 11:40:57 CST 2012" />
                <Test name="testDraw" result="pass" starttime="Fri Sep 21 11:40:57 CST 2012" endtime="Fri Sep 21 11:40:57 CST 2012" />
                <Test name="testHasAlpha" result="pass" starttime="Fri Sep 21 11:40:57 CST 2012" endtime="Fri Sep 21 11:40:57 CST 2012" />
                <Test name="testOnResize" result="pass" starttime="Fri Sep 21 11:40:57 CST 2012" endtime="Fri Sep 21 11:40:57 CST 2012" />
                <Test name="testSize" result="pass" starttime="Fri Sep 21 11:40:57 CST 2012" endtime="Fri Sep 21 11:40:57 CST 2012" />
              </TestCase>
            </TestSuite>
          </TestSuite>
        </TestSuite>
      </TestSuite>
      <TestSuite name="opengl">
        <TestSuite name="cts">
          <TestCase name="CompressedTextureTest" priority="">
            <Test name="testTextureETC1" result="pass" starttime="Fri Sep 21 11:40:57 CST 2012" endtime="Fri Sep 21 11:40:57 CST 2012" />
            <Test name="testTexturePVRTC" result="pass" starttime="Fri Sep 21 11:40:57 CST 2012" endtime="Fri Sep 21 11:40:58 CST 2012" />
            <Test name="testTextureS3TC" result="pass" starttime="Fri Sep 21 11:40:58 CST 2012" endtime="Fri Sep 21 11:40:58 CST 2012" />
            <Test name="testTextureUncompressed" result="pass" starttime="Fri Sep 21 11:40:58 CST 2012" endtime="Fri Sep 21 11:40:59 CST 2012" />
          </TestCase>
          <TestCase name="EglConfigTest" priority="">
            <Test name="testEglConfigs" result="pass" starttime="Fri Sep 21 11:40:59 CST 2012" endtime="Fri Sep 21 11:41:19 CST 2012" />
          </TestCase>
          <TestCase name="GLSurfaceViewTest" priority="">
            <Test name="testPauseResumeWithDelay" result="pass" starttime="Fri Sep 21 11:41:19 CST 2012" endtime="Fri Sep 21 11:41:26 CST 2012" />
            <Test name="testPauseResumeWithoutDelay" result="pass" starttime="Fri Sep 21 11:41:26 CST 2012" endtime="Fri Sep 21 11:41:43 CST 2012" />
          </TestCase>
          <TestCase name="OpenGlEsVersionTest" priority="">
            <Test name="testOpenGlEsVersion" result="pass" starttime="Fri Sep 21 11:41:43 CST 2012" endtime="Fri Sep 21 11:41:43 CST 2012" />
          </TestCase>
        </TestSuite>
      </TestSuite>
    </TestSuite>
  </TestPackage>
  <TestPackage name="CtsGraphics2TestCases" appPackageName="android.graphics2" digest="f251a1291234dd32b043da0326760294507d98ca">
    <TestSuite name="android">
      <TestSuite name="graphics2">
        <TestSuite name="cts">
          <TestCase name="TextureViewTest" priority="">
            <Test name="testTextureViewActivity" result="pass" starttime="Fri Sep 21 11:36:58 CST 2012" endtime="Fri Sep 21 11:37:07 CST 2012" />
          </TestCase>
        </TestSuite>
      </TestSuite>
    </TestSuite>
  </TestPackage>
  <TestPackage name="CtsHardwareTestCases" appPackageName="android.hardware" digest="6a2bcee2b1c05d646309c352d4e2dd7f310c9f76">
    <TestSuite name="android">
      <TestSuite name="hardware">
        <TestSuite name="cts">
          <TestCase name="CameraGLTest" priority="">
            <Test name="testCameraToSurfaceTextureMetadata" result="pass" starttime="Fri Sep 21 11:41:47 CST 2012" endtime="Fri Sep 21 11:44:07 CST 2012" />
            <Test name="testSetPreviewTextureBothCallbacks" result="pass" starttime="Fri Sep 21 11:44:07 CST 2012" endtime="Fri Sep 21 11:44:11 CST 2012" />
            <Test name="testSetPreviewTexturePreviewCallback" result="pass" starttime="Fri Sep 21 11:44:11 CST 2012" endtime="Fri Sep 21 11:44:17 CST 2012" />
            <Test name="testSetPreviewTextureTextureCallback" result="pass" starttime="Fri Sep 21 11:44:17 CST 2012" endtime="Fri Sep 21 11:44:21 CST 2012" />
          </TestCase>
          <TestCase name="CameraTest" priority="">
            <Test name="test3ALockInteraction" result="pass" starttime="Fri Sep 21 11:44:21 CST 2012" endtime="Fri Sep 21 11:44:22 CST 2012" />
            <Test name="testAutoExposureLock" result="pass" starttime="Fri Sep 21 11:44:22 CST 2012" endtime="Fri Sep 21 11:44:28 CST 2012" />
            <Test name="testAutoWhiteBalanceLock" result="pass" starttime="Fri Sep 21 11:44:28 CST 2012" endtime="Fri Sep 21 11:44:34 CST 2012" />
            <Test name="testCancelAutofocus" result="pass" starttime="Fri Sep 21 11:44:34 CST 2012" endtime="Fri Sep 21 11:44:38 CST 2012" />
            <Test name="testDisplayOrientation" result="pass" starttime="Fri Sep 21 11:44:38 CST 2012" endtime="Fri Sep 21 11:44:40 CST 2012" />
            <Test name="testFaceDetection" result="pass" starttime="Fri Sep 21 11:44:40 CST 2012" endtime="Fri Sep 21 11:44:51 CST 2012" />
            <Test name="testFocusAreas" result="pass" starttime="Fri Sep 21 11:44:51 CST 2012" endtime="Fri Sep 21 11:44:55 CST 2012" />
            <Test name="testFocusDistances" result="pass" starttime="Fri Sep 21 11:44:55 CST 2012" endtime="Fri Sep 21 11:45:16 CST 2012" />
            <Test name="testGetParameterDuringFocus" result="pass" starttime="Fri Sep 21 11:45:16 CST 2012" endtime="Fri Sep 21 11:45:20 CST 2012" />
            <Test name="testImmediateZoom" result="pass" starttime="Fri Sep 21 11:45:20 CST 2012" endtime="Fri Sep 21 11:46:57 CST 2012" />
            <Test name="testInvalidParameters" result="pass" starttime="Fri Sep 21 11:46:57 CST 2012" endtime="Fri Sep 21 11:46:58 CST 2012" />
            <Test name="testJpegCallbackStartPreview" result="pass" starttime="Fri Sep 21 11:46:58 CST 2012" endtime="Fri Sep 21 11:47:02 CST 2012" />
            <Test name="testJpegExif" result="pass" starttime="Fri Sep 21 11:47:02 CST 2012" endtime="Fri Sep 21 11:47:11 CST 2012" />
            <Test name="testJpegThumbnailSize" result="pass" starttime="Fri Sep 21 11:47:11 CST 2012" endtime="Fri Sep 21 11:47:15 CST 2012" />
            <Test name="testLockUnlock" result="pass" starttime="Fri Sep 21 11:47:15 CST 2012" endtime="Fri Sep 21 11:47:23 CST 2012" />
            <Test name="testMeteringAreas" result="pass" starttime="Fri Sep 21 11:47:23 CST 2012" endtime="Fri Sep 21 11:47:25 CST 2012" />
            <Test name="testMultiCameraRelease" result="pass" starttime="Fri Sep 21 11:47:25 CST 2012" endtime="Fri Sep 21 11:47:26 CST 2012" />
            <Test name="testMultipleCameras" result="pass" starttime="Fri Sep 21 11:47:26 CST 2012" endtime="Fri Sep 21 11:47:27 CST 2012" />
            <Test name="testParameters" result="pass" starttime="Fri Sep 21 11:47:27 CST 2012" endtime="Fri Sep 21 11:47:28 CST 2012" />
            <Test name="testPreviewCallback" result="pass" starttime="Fri Sep 21 11:47:28 CST 2012" endtime="Fri Sep 21 11:48:04 CST 2012" />
            <Test name="testPreviewCallbackWithBuffer" result="pass" starttime="Fri Sep 21 11:48:04 CST 2012" endtime="Fri Sep 21 11:48:14 CST 2012" />
            <Test name="testPreviewFormats" result="pass" starttime="Fri Sep 21 11:48:14 CST 2012" endtime="Fri Sep 21 11:48:18 CST 2012" />
            <Test name="testPreviewFpsRange" result="pass" starttime="Fri Sep 21 11:48:18 CST 2012" endtime="Fri Sep 21 11:48:25 CST 2012" />
            <Test name="testPreviewPictureSizesCombination" result="pass" starttime="Fri Sep 21 11:48:25 CST 2012" endtime="Fri Sep 21 11:48:51 CST 2012" />
            <Test name="testRecordingHint" result="pass" starttime="Fri Sep 21 11:48:51 CST 2012" endtime="Fri Sep 21 11:49:08 CST 2012" />
            <Test name="testSceneMode" result="pass" starttime="Fri Sep 21 11:49:08 CST 2012" endtime="Fri Sep 21 11:49:22 CST 2012" />
            <Test name="testSetOneShotPreviewCallback" result="pass" starttime="Fri Sep 21 11:49:22 CST 2012" endtime="Fri Sep 21 11:49:35 CST 2012" />
            <Test name="testSetPreviewDisplay" result="pass" starttime="Fri Sep 21 11:49:35 CST 2012" endtime="Fri Sep 21 11:49:40 CST 2012" />
            <Test name="testSmoothZoom" result="pass" starttime="Fri Sep 21 11:49:40 CST 2012" endtime="Fri Sep 21 11:49:59 CST 2012" />
            <Test name="testTakePicture" result="pass" starttime="Fri Sep 21 11:49:59 CST 2012" endtime="Fri Sep 21 11:50:02 CST 2012" />
            <Test name="testVideoSnapshot" result="pass" starttime="Fri Sep 21 11:50:02 CST 2012" endtime="Fri Sep 21 11:50:08 CST 2012" />
          </TestCase>
          <TestCase name="Camera_ParametersTest" priority="">
            <Test name="testAccessMethods" result="pass" starttime="Fri Sep 21 11:50:08 CST 2012" endtime="Fri Sep 21 11:50:09 CST 2012" />
          </TestCase>
          <TestCase name="Camera_SizeTest" priority="">
            <Test name="testConstructor" result="pass" starttime="Fri Sep 21 11:50:09 CST 2012" endtime="Fri Sep 21 11:50:09 CST 2012" />
          </TestCase>
          <TestCase name="GeomagneticFieldTest" priority="">
            <Test name="testAndroidTestCaseSetupProperly" result="pass" starttime="Fri Sep 21 11:50:09 CST 2012" endtime="Fri Sep 21 11:50:09 CST 2012" />
            <Test name="testGeomagneticField" result="pass" starttime="Fri Sep 21 11:50:09 CST 2012" endtime="Fri Sep 21 11:50:09 CST 2012" />
          </TestCase>
          <TestCase name="SensorTest" priority="">
            <Test name="testAndroidTestCaseSetupProperly" result="pass" starttime="Fri Sep 21 11:50:09 CST 2012" endtime="Fri Sep 21 11:50:09 CST 2012" />
            <Test name="testLegacySensorOperations" result="pass" starttime="Fri Sep 21 11:50:09 CST 2012" endtime="Fri Sep 21 11:50:09 CST 2012" />
            <Test name="testSensorOperations" result="pass" starttime="Fri Sep 21 11:50:09 CST 2012" endtime="Fri Sep 21 11:50:10 CST 2012" />
          </TestCase>
        </TestSuite>
      </TestSuite>
    </TestSuite>
  </TestPackage>
  <TestPackage name="CtsHoloTestCases" appPackageName="android.holo" digest="edae04acad00f45b12e6a626860fbb5659a5142f">
    <TestSuite name="android">
      <TestSuite name="holo">
        <TestSuite name="cts">
          <TestCase name="HoloTest" priority="">
            <Test name="testHolo" result="pass" starttime="Fri Sep 21 11:50:34 CST 2012" endtime="Fri Sep 21 11:51:17 CST 2012" />
            <Test name="testHoloDialog" result="pass" starttime="Fri Sep 21 11:51:17 CST 2012" endtime="Fri Sep 21 11:51:59 CST 2012" />
            <Test name="testHoloDialogMinimumWidth" result="pass" starttime="Fri Sep 21 11:51:59 CST 2012" endtime="Fri Sep 21 11:52:40 CST 2012" />
            <Test name="testHoloDialogNoActionBar" result="pass" starttime="Fri Sep 21 11:52:40 CST 2012" endtime="Fri Sep 21 11:53:21 CST 2012" />
            <Test name="testHoloDialogNoActionBarMinimumWidth" result="pass" starttime="Fri Sep 21 11:53:21 CST 2012" endtime="Fri Sep 21 11:54:03 CST 2012" />
            <Test name="testHoloDialogWhenLarge" result="pass" starttime="Fri Sep 21 11:54:03 CST 2012" endtime="Fri Sep 21 11:54:45 CST 2012" />
            <Test name="testHoloDialogWhenLargeNoActionBar" result="pass" starttime="Fri Sep 21 11:54:45 CST 2012" endtime="Fri Sep 21 11:55:26 CST 2012" />
            <Test name="testHoloInputMethod" result="pass" starttime="Fri Sep 21 11:55:26 CST 2012" endtime="Fri Sep 21 11:56:07 CST 2012" />
            <Test name="testHoloLight" result="pass" starttime="Fri Sep 21 11:56:07 CST 2012" endtime="Fri Sep 21 11:56:51 CST 2012" />
            <Test name="testHoloLightDarkActionBar" result="pass" starttime="Fri Sep 21 11:56:51 CST 2012" endtime="Fri Sep 21 11:57:33 CST 2012" />
            <Test name="testHoloLightDialog" result="pass" starttime="Fri Sep 21 11:57:33 CST 2012" endtime="Fri Sep 21 11:58:15 CST 2012" />
            <Test name="testHoloLightDialogMinimumWidth" result="pass" starttime="Fri Sep 21 11:58:15 CST 2012" endtime="Fri Sep 21 11:58:56 CST 2012" />
            <Test name="testHoloLightDialogNoActionBar" result="pass" starttime="Fri Sep 21 11:58:56 CST 2012" endtime="Fri Sep 21 11:59:37 CST 2012" />
            <Test name="testHoloLightDialogNoActionBarMinimumWidth" result="pass" starttime="Fri Sep 21 11:59:37 CST 2012" endtime="Fri Sep 21 12:00:18 CST 2012" />
            <Test name="testHoloLightDialogWhenLarge" result="pass" starttime="Fri Sep 21 12:00:18 CST 2012" endtime="Fri Sep 21 12:01:00 CST 2012" />
            <Test name="testHoloLightDialogWhenLargeNoActionBar" result="pass" starttime="Fri Sep 21 12:01:00 CST 2012" endtime="Fri Sep 21 12:01:42 CST 2012" />
            <Test name="testHoloLightNoActionBar" result="pass" starttime="Fri Sep 21 12:01:42 CST 2012" endtime="Fri Sep 21 12:02:24 CST 2012" />
            <Test name="testHoloLightNoActionBarFullscreen" result="pass" starttime="Fri Sep 21 12:02:24 CST 2012" endtime="Fri Sep 21 12:03:07 CST 2012" />
            <Test name="testHoloLightPanel" result="pass" starttime="Fri Sep 21 12:03:07 CST 2012" endtime="Fri Sep 21 12:03:47 CST 2012" />
            <Test name="testHoloNoActionBar" result="pass" starttime="Fri Sep 21 12:03:47 CST 2012" endtime="Fri Sep 21 12:04:29 CST 2012" />
            <Test name="testHoloNoActionBarFullscreen" result="pass" starttime="Fri Sep 21 12:04:29 CST 2012" endtime="Fri Sep 21 12:05:12 CST 2012" />
            <Test name="testHoloPanel" result="pass" starttime="Fri Sep 21 12:05:12 CST 2012" endtime="Fri Sep 21 12:05:52 CST 2012" />
            <Test name="testHoloWallpaper" result="pass" starttime="Fri Sep 21 12:05:52 CST 2012" endtime="Fri Sep 21 12:06:34 CST 2012" />
            <Test name="testHoloWallpaperNoTitleBar" result="pass" starttime="Fri Sep 21 12:06:34 CST 2012" endtime="Fri Sep 21 12:07:15 CST 2012" />
          </TestCase>
        </TestSuite>
      </TestSuite>
    </TestSuite>
  </TestPackage>
  <TestPackage name="CtsJniTestCases" appPackageName="android.jni" digest="42af06acfa4fad175d01f3e424f629439c5ab46e">
    <TestSuite name="android">
      <TestSuite name="jni">
        <TestSuite name="cts">
          <TestCase name="JniCTest" priority="">
            <Test name="testEverything" result="pass" starttime="Fri Sep 21 12:07:19 CST 2012" endtime="Fri Sep 21 12:07:19 CST 2012" />
          </TestCase>
          <TestCase name="JniCppTest" priority="">
            <Test name="testEverything" result="pass" starttime="Fri Sep 21 12:07:19 CST 2012" endtime="Fri Sep 21 12:07:20 CST 2012" />
          </TestCase>
          <TestCase name="JniInstanceTest" priority="">
            <Test name="test_nop" result="pass" starttime="Fri Sep 21 12:07:20 CST 2012" endtime="Fri Sep 21 12:07:20 CST 2012" />
            <Test name="test_returnBoolean" result="pass" starttime="Fri Sep 21 12:07:20 CST 2012" endtime="Fri Sep 21 12:07:20 CST 2012" />
            <Test name="test_returnByte" result="pass" starttime="Fri Sep 21 12:07:20 CST 2012" endtime="Fri Sep 21 12:07:20 CST 2012" />
            <Test name="test_returnChar" result="pass" starttime="Fri Sep 21 12:07:20 CST 2012" endtime="Fri Sep 21 12:07:20 CST 2012" />
            <Test name="test_returnDouble" result="pass" starttime="Fri Sep 21 12:07:20 CST 2012" endtime="Fri Sep 21 12:07:20 CST 2012" />
            <Test name="test_returnFloat" result="pass" starttime="Fri Sep 21 12:07:20 CST 2012" endtime="Fri Sep 21 12:07:20 CST 2012" />
            <Test name="test_returnInt" result="pass" starttime="Fri Sep 21 12:07:20 CST 2012" endtime="Fri Sep 21 12:07:20 CST 2012" />
            <Test name="test_returnLong" result="pass" starttime="Fri Sep 21 12:07:20 CST 2012" endtime="Fri Sep 21 12:07:20 CST 2012" />
            <Test name="test_returnNull" result="pass" starttime="Fri Sep 21 12:07:20 CST 2012" endtime="Fri Sep 21 12:07:20 CST 2012" />
            <Test name="test_returnShort" result="pass" starttime="Fri Sep 21 12:07:20 CST 2012" endtime="Fri Sep 21 12:07:21 CST 2012" />
            <Test name="test_returnShortArray" result="pass" starttime="Fri Sep 21 12:07:21 CST 2012" endtime="Fri Sep 21 12:07:21 CST 2012" />
            <Test name="test_returnString" result="pass" starttime="Fri Sep 21 12:07:21 CST 2012" endtime="Fri Sep 21 12:07:21 CST 2012" />
            <Test name="test_returnStringArray" result="pass" starttime="Fri Sep 21 12:07:21 CST 2012" endtime="Fri Sep 21 12:07:21 CST 2012" />
            <Test name="test_returnThis" result="pass" starttime="Fri Sep 21 12:07:21 CST 2012" endtime="Fri Sep 21 12:07:21 CST 2012" />
            <Test name="test_takeBoolean" result="pass" starttime="Fri Sep 21 12:07:21 CST 2012" endtime="Fri Sep 21 12:07:21 CST 2012" />
            <Test name="test_takeByte" result="pass" starttime="Fri Sep 21 12:07:21 CST 2012" endtime="Fri Sep 21 12:07:21 CST 2012" />
            <Test name="test_takeChar" result="pass" starttime="Fri Sep 21 12:07:21 CST 2012" endtime="Fri Sep 21 12:07:21 CST 2012" />
            <Test name="test_takeCoolHandLuke" result="pass" starttime="Fri Sep 21 12:07:21 CST 2012" endtime="Fri Sep 21 12:07:21 CST 2012" />
            <Test name="test_takeDouble" result="pass" starttime="Fri Sep 21 12:07:21 CST 2012" endtime="Fri Sep 21 12:07:21 CST 2012" />
            <Test name="test_takeFloat" result="pass" starttime="Fri Sep 21 12:07:21 CST 2012" endtime="Fri Sep 21 12:07:22 CST 2012" />
            <Test name="test_takeInt" result="pass" starttime="Fri Sep 21 12:07:22 CST 2012" endtime="Fri Sep 21 12:07:22 CST 2012" />
            <Test name="test_takeIntLong" result="pass" starttime="Fri Sep 21 12:07:22 CST 2012" endtime="Fri Sep 21 12:07:22 CST 2012" />
            <Test name="test_takeLong" result="pass" starttime="Fri Sep 21 12:07:22 CST 2012" endtime="Fri Sep 21 12:07:22 CST 2012" />
            <Test name="test_takeLongInt" result="pass" starttime="Fri Sep 21 12:07:22 CST 2012" endtime="Fri Sep 21 12:07:22 CST 2012" />
            <Test name="test_takeNull" result="pass" starttime="Fri Sep 21 12:07:22 CST 2012" endtime="Fri Sep 21 12:07:22 CST 2012" />
            <Test name="test_takeOneOfEach" result="pass" starttime="Fri Sep 21 12:07:22 CST 2012" endtime="Fri Sep 21 12:07:22 CST 2012" />
            <Test name="test_takeShort" result="pass" starttime="Fri Sep 21 12:07:22 CST 2012" endtime="Fri Sep 21 12:07:22 CST 2012" />
            <Test name="test_takeString" result="pass" starttime="Fri Sep 21 12:07:22 CST 2012" endtime="Fri Sep 21 12:07:22 CST 2012" />
            <Test name="test_takeThis" result="pass" starttime="Fri Sep 21 12:07:22 CST 2012" endtime="Fri Sep 21 12:07:22 CST 2012" />
          </TestCase>
          <TestCase name="JniStaticTest" priority="">
            <Test name="test_nop" result="pass" starttime="Fri Sep 21 12:07:22 CST 2012" endtime="Fri Sep 21 12:07:23 CST 2012" />
            <Test name="test_returnBoolean" result="pass" starttime="Fri Sep 21 12:07:23 CST 2012" endtime="Fri Sep 21 12:07:23 CST 2012" />
            <Test name="test_returnByte" result="pass" starttime="Fri Sep 21 12:07:23 CST 2012" endtime="Fri Sep 21 12:07:23 CST 2012" />
            <Test name="test_returnChar" result="pass" starttime="Fri Sep 21 12:07:23 CST 2012" endtime="Fri Sep 21 12:07:23 CST 2012" />
            <Test name="test_returnDouble" result="pass" starttime="Fri Sep 21 12:07:23 CST 2012" endtime="Fri Sep 21 12:07:23 CST 2012" />
            <Test name="test_returnFloat" result="pass" starttime="Fri Sep 21 12:07:23 CST 2012" endtime="Fri Sep 21 12:07:23 CST 2012" />
            <Test name="test_returnInstance" result="pass" starttime="Fri Sep 21 12:07:23 CST 2012" endtime="Fri Sep 21 12:07:23 CST 2012" />
            <Test name="test_returnInt" result="pass" starttime="Fri Sep 21 12:07:23 CST 2012" endtime="Fri Sep 21 12:07:23 CST 2012" />
            <Test name="test_returnLong" result="pass" starttime="Fri Sep 21 12:07:23 CST 2012" endtime="Fri Sep 21 12:07:23 CST 2012" />
            <Test name="test_returnNull" result="pass" starttime="Fri Sep 21 12:07:23 CST 2012" endtime="Fri Sep 21 12:07:23 CST 2012" />
            <Test name="test_returnShort" result="pass" starttime="Fri Sep 21 12:07:23 CST 2012" endtime="Fri Sep 21 12:07:24 CST 2012" />
            <Test name="test_returnShortArray" result="pass" starttime="Fri Sep 21 12:07:24 CST 2012" endtime="Fri Sep 21 12:07:24 CST 2012" />
            <Test name="test_returnString" result="pass" starttime="Fri Sep 21 12:07:24 CST 2012" endtime="Fri Sep 21 12:07:24 CST 2012" />
            <Test name="test_returnStringArray" result="pass" starttime="Fri Sep 21 12:07:24 CST 2012" endtime="Fri Sep 21 12:07:24 CST 2012" />
            <Test name="test_returnThisClass" result="pass" starttime="Fri Sep 21 12:07:24 CST 2012" endtime="Fri Sep 21 12:07:24 CST 2012" />
            <Test name="test_takeBoolean" result="pass" starttime="Fri Sep 21 12:07:24 CST 2012" endtime="Fri Sep 21 12:07:24 CST 2012" />
            <Test name="test_takeByte" result="pass" starttime="Fri Sep 21 12:07:24 CST 2012" endtime="Fri Sep 21 12:07:24 CST 2012" />
            <Test name="test_takeChar" result="pass" starttime="Fri Sep 21 12:07:24 CST 2012" endtime="Fri Sep 21 12:07:24 CST 2012" />
            <Test name="test_takeCoolHandLuke" result="pass" starttime="Fri Sep 21 12:07:24 CST 2012" endtime="Fri Sep 21 12:07:24 CST 2012" />
            <Test name="test_takeDouble" result="pass" starttime="Fri Sep 21 12:07:24 CST 2012" endtime="Fri Sep 21 12:07:24 CST 2012" />
            <Test name="test_takeFloat" result="pass" starttime="Fri Sep 21 12:07:24 CST 2012" endtime="Fri Sep 21 12:07:25 CST 2012" />
            <Test name="test_takeInt" result="pass" starttime="Fri Sep 21 12:07:25 CST 2012" endtime="Fri Sep 21 12:07:25 CST 2012" />
            <Test name="test_takeIntLong" result="pass" starttime="Fri Sep 21 12:07:25 CST 2012" endtime="Fri Sep 21 12:07:25 CST 2012" />
            <Test name="test_takeLong" result="pass" starttime="Fri Sep 21 12:07:25 CST 2012" endtime="Fri Sep 21 12:07:25 CST 2012" />
            <Test name="test_takeLongInt" result="pass" starttime="Fri Sep 21 12:07:25 CST 2012" endtime="Fri Sep 21 12:07:25 CST 2012" />
            <Test name="test_takeNull" result="pass" starttime="Fri Sep 21 12:07:25 CST 2012" endtime="Fri Sep 21 12:07:25 CST 2012" />
            <Test name="test_takeOneOfEach" result="pass" starttime="Fri Sep 21 12:07:25 CST 2012" endtime="Fri Sep 21 12:07:25 CST 2012" />
            <Test name="test_takeShort" result="pass" starttime="Fri Sep 21 12:07:25 CST 2012" endtime="Fri Sep 21 12:07:25 CST 2012" />
            <Test name="test_takeString" result="pass" starttime="Fri Sep 21 12:07:25 CST 2012" endtime="Fri Sep 21 12:07:25 CST 2012" />
            <Test name="test_takeThisClass" result="pass" starttime="Fri Sep 21 12:07:25 CST 2012" endtime="Fri Sep 21 12:07:26 CST 2012" />
          </TestCase>
        </TestSuite>
      </TestSuite>
    </TestSuite>
  </TestPackage>
  <TestPackage name="CtsLocationTestCases" appPackageName="android.location" digest="0a9faf0e79d909f126168a00a8bd6213d866bc23">
    <TestSuite name="android">
      <TestSuite name="location">
        <TestSuite name="cts">
          <TestCase name="AddressTest" priority="">
            <Test name="testAccessAdminArea" result="pass" starttime="Fri Sep 21 12:07:30 CST 2012" endtime="Fri Sep 21 12:07:30 CST 2012" />
            <Test name="testAccessCountryCode" result="pass" starttime="Fri Sep 21 12:07:30 CST 2012" endtime="Fri Sep 21 12:07:30 CST 2012" />
            <Test name="testAccessCountryName" result="pass" starttime="Fri Sep 21 12:07:30 CST 2012" endtime="Fri Sep 21 12:07:30 CST 2012" />
            <Test name="testAccessExtras" result="pass" starttime="Fri Sep 21 12:07:30 CST 2012" endtime="Fri Sep 21 12:07:30 CST 2012" />
            <Test name="testAccessFeatureName" result="pass" starttime="Fri Sep 21 12:07:30 CST 2012" endtime="Fri Sep 21 12:07:30 CST 2012" />
            <Test name="testAccessLatitude" result="pass" starttime="Fri Sep 21 12:07:30 CST 2012" endtime="Fri Sep 21 12:07:30 CST 2012" />
            <Test name="testAccessLocality" result="pass" starttime="Fri Sep 21 12:07:30 CST 2012" endtime="Fri Sep 21 12:07:30 CST 2012" />
            <Test name="testAccessLongitude" result="pass" starttime="Fri Sep 21 12:07:30 CST 2012" endtime="Fri Sep 21 12:07:30 CST 2012" />
            <Test name="testAccessPhone" result="pass" starttime="Fri Sep 21 12:07:30 CST 2012" endtime="Fri Sep 21 12:07:30 CST 2012" />
            <Test name="testAccessPostalCode" result="pass" starttime="Fri Sep 21 12:07:30 CST 2012" endtime="Fri Sep 21 12:07:31 CST 2012" />
            <Test name="testAccessSubAdminArea" result="pass" starttime="Fri Sep 21 12:07:31 CST 2012" endtime="Fri Sep 21 12:07:31 CST 2012" />
            <Test name="testAccessThoroughfare" result="pass" starttime="Fri Sep 21 12:07:31 CST 2012" endtime="Fri Sep 21 12:07:31 CST 2012" />
            <Test name="testAccessUrl" result="pass" starttime="Fri Sep 21 12:07:31 CST 2012" endtime="Fri Sep 21 12:07:31 CST 2012" />
            <Test name="testAddressLine" result="pass" starttime="Fri Sep 21 12:07:31 CST 2012" endtime="Fri Sep 21 12:07:31 CST 2012" />
            <Test name="testConstructor" result="pass" starttime="Fri Sep 21 12:07:31 CST 2012" endtime="Fri Sep 21 12:07:31 CST 2012" />
            <Test name="testDescribeContents" result="pass" starttime="Fri Sep 21 12:07:31 CST 2012" endtime="Fri Sep 21 12:07:31 CST 2012" />
            <Test name="testGetLocale" result="pass" starttime="Fri Sep 21 12:07:31 CST 2012" endtime="Fri Sep 21 12:07:31 CST 2012" />
            <Test name="testToString" result="pass" starttime="Fri Sep 21 12:07:31 CST 2012" endtime="Fri Sep 21 12:07:31 CST 2012" />
            <Test name="testWriteToParcel" result="pass" starttime="Fri Sep 21 12:07:31 CST 2012" endtime="Fri Sep 21 12:07:31 CST 2012" />
          </TestCase>
          <TestCase name="CriteriaTest" priority="">
            <Test name="testAccessAccuracy" result="pass" starttime="Fri Sep 21 12:07:31 CST 2012" endtime="Fri Sep 21 12:07:32 CST 2012" />
            <Test name="testAccessAltitudeRequired" result="pass" starttime="Fri Sep 21 12:07:32 CST 2012" endtime="Fri Sep 21 12:07:32 CST 2012" />
            <Test name="testAccessBearingRequired" result="pass" starttime="Fri Sep 21 12:07:32 CST 2012" endtime="Fri Sep 21 12:07:32 CST 2012" />
            <Test name="testAccessCostAllowed" result="pass" starttime="Fri Sep 21 12:07:32 CST 2012" endtime="Fri Sep 21 12:07:32 CST 2012" />
            <Test name="testAccessPowerRequirement" result="pass" starttime="Fri Sep 21 12:07:32 CST 2012" endtime="Fri Sep 21 12:07:32 CST 2012" />
            <Test name="testAccessSpeedRequired" result="pass" starttime="Fri Sep 21 12:07:32 CST 2012" endtime="Fri Sep 21 12:07:32 CST 2012" />
            <Test name="testAndroidTestCaseSetupProperly" result="pass" starttime="Fri Sep 21 12:07:32 CST 2012" endtime="Fri Sep 21 12:07:32 CST 2012" />
            <Test name="testConstructor" result="pass" starttime="Fri Sep 21 12:07:32 CST 2012" endtime="Fri Sep 21 12:07:32 CST 2012" />
            <Test name="testDescribeContents" result="pass" starttime="Fri Sep 21 12:07:32 CST 2012" endtime="Fri Sep 21 12:07:32 CST 2012" />
            <Test name="testWriteToParcel" result="pass" starttime="Fri Sep 21 12:07:32 CST 2012" endtime="Fri Sep 21 12:07:33 CST 2012" />
          </TestCase>
          <TestCase name="GeocoderTest" priority="">
            <Test name="testAndroidTestCaseSetupProperly" result="pass" starttime="Fri Sep 21 12:07:33 CST 2012" endtime="Fri Sep 21 12:07:33 CST 2012" />
            <Test name="testConstructor" result="pass" starttime="Fri Sep 21 12:07:33 CST 2012" endtime="Fri Sep 21 12:07:33 CST 2012" />
            <Test name="testGetFromLocation" result="pass" starttime="Fri Sep 21 12:07:33 CST 2012" endtime="Fri Sep 21 12:07:33 CST 2012" />
            <Test name="testGetFromLocationName" result="pass" starttime="Fri Sep 21 12:07:33 CST 2012" endtime="Fri Sep 21 12:07:34 CST 2012" />
          </TestCase>
          <TestCase name="GpsSatelliteTest" priority="">
            <Test name="testAndroidTestCaseSetupProperly" result="pass" starttime="Fri Sep 21 12:07:34 CST 2012" endtime="Fri Sep 21 12:07:34 CST 2012" />
            <Test name="testGetAzimuth" result="pass" starttime="Fri Sep 21 12:07:34 CST 2012" endtime="Fri Sep 21 12:07:34 CST 2012" />
            <Test name="testGetElevation" result="pass" starttime="Fri Sep 21 12:07:34 CST 2012" endtime="Fri Sep 21 12:07:34 CST 2012" />
            <Test name="testGetPrn" result="pass" starttime="Fri Sep 21 12:07:34 CST 2012" endtime="Fri Sep 21 12:07:34 CST 2012" />
            <Test name="testGetSnr" result="pass" starttime="Fri Sep 21 12:07:34 CST 2012" endtime="Fri Sep 21 12:07:34 CST 2012" />
            <Test name="testHasAlmanac" result="pass" starttime="Fri Sep 21 12:07:34 CST 2012" endtime="Fri Sep 21 12:07:34 CST 2012" />
            <Test name="testHasEphemeris" result="pass" starttime="Fri Sep 21 12:07:34 CST 2012" endtime="Fri Sep 21 12:07:34 CST 2012" />
            <Test name="testUsedInFix" result="pass" starttime="Fri Sep 21 12:07:34 CST 2012" endtime="Fri Sep 21 12:07:34 CST 2012" />
          </TestCase>
          <TestCase name="GpsStatusTest" priority="">
            <Test name="testAndroidTestCaseSetupProperly" result="pass" starttime="Fri Sep 21 12:07:34 CST 2012" endtime="Fri Sep 21 12:07:35 CST 2012" />
            <Test name="testGetSatellites" result="pass" starttime="Fri Sep 21 12:07:35 CST 2012" endtime="Fri Sep 21 12:07:35 CST 2012" />
            <Test name="testGetTimeToFirstFix" result="pass" starttime="Fri Sep 21 12:07:35 CST 2012" endtime="Fri Sep 21 12:07:35 CST 2012" />
          </TestCase>
          <TestCase name="LocationManagerTest" priority="">
            <Test name="testAddProximityAlert" result="pass" starttime="Fri Sep 21 12:07:35 CST 2012" endtime="Fri Sep 21 12:07:35 CST 2012" />
            <Test name="testEnterProximity" result="pass" starttime="Fri Sep 21 12:07:35 CST 2012" endtime="Fri Sep 21 12:07:35 CST 2012" />
            <Test name="testEnterProximity_noexpire" result="pass" starttime="Fri Sep 21 12:07:35 CST 2012" endtime="Fri Sep 21 12:07:35 CST 2012" />
            <Test name="testExitProximity" result="pass" starttime="Fri Sep 21 12:07:35 CST 2012" endtime="Fri Sep 21 12:07:42 CST 2012" />
            <Test name="testGetGpsStatus" result="pass" starttime="Fri Sep 21 12:07:42 CST 2012" endtime="Fri Sep 21 12:07:42 CST 2012" />
            <Test name="testGetLastKnownLocation" result="pass" starttime="Fri Sep 21 12:07:42 CST 2012" endtime="Fri Sep 21 12:07:43 CST 2012" />
            <Test name="testGetProvider" result="pass" starttime="Fri Sep 21 12:07:43 CST 2012" endtime="Fri Sep 21 12:07:43 CST 2012" />
            <Test name="testGetProviders" result="pass" starttime="Fri Sep 21 12:07:43 CST 2012" endtime="Fri Sep 21 12:07:43 CST 2012" />
            <Test name="testGetProvidersWithCriteria" result="pass" starttime="Fri Sep 21 12:07:43 CST 2012" endtime="Fri Sep 21 12:07:43 CST 2012" />
            <Test name="testGpsStatusListener" result="pass" starttime="Fri Sep 21 12:07:43 CST 2012" endtime="Fri Sep 21 12:07:43 CST 2012" />
            <Test name="testIsProviderEnabled" result="pass" starttime="Fri Sep 21 12:07:43 CST 2012" endtime="Fri Sep 21 12:07:43 CST 2012" />
            <Test name="testLocationUpdatesWithLocationListener" result="pass" starttime="Fri Sep 21 12:07:43 CST 2012" endtime="Fri Sep 21 12:07:48 CST 2012" />
            <Test name="testLocationUpdatesWithLocationListenerAndLooper" result="pass" starttime="Fri Sep 21 12:07:48 CST 2012" endtime="Fri Sep 21 12:07:53 CST 2012" />
            <Test name="testLocationUpdatesWithPendingIntent" result="pass" starttime="Fri Sep 21 12:07:53 CST 2012" endtime="Fri Sep 21 12:07:58 CST 2012" />
            <Test name="testRemoveTestProvider" result="pass" starttime="Fri Sep 21 12:07:58 CST 2012" endtime="Fri Sep 21 12:07:59 CST 2012" />
            <Test name="testReplaceRealProvidersWithMocks" result="pass" starttime="Fri Sep 21 12:07:59 CST 2012" endtime="Fri Sep 21 12:08:09 CST 2012" />
            <Test name="testSendExtraCommand" result="pass" starttime="Fri Sep 21 12:08:09 CST 2012" endtime="Fri Sep 21 12:08:09 CST 2012" />
            <Test name="testSetTestProviderStatus" result="pass" starttime="Fri Sep 21 12:08:09 CST 2012" endtime="Fri Sep 21 12:08:09 CST 2012" />
          </TestCase>
          <TestCase name="LocationProviderTest" priority="">
            <Test name="testAndroidTestCaseSetupProperly" result="pass" starttime="Fri Sep 21 12:08:09 CST 2012" endtime="Fri Sep 21 12:08:09 CST 2012" />
            <Test name="testGetName" result="pass" starttime="Fri Sep 21 12:08:09 CST 2012" endtime="Fri Sep 21 12:08:09 CST 2012" />
            <Test name="testMeetsCriteria" result="pass" starttime="Fri Sep 21 12:08:09 CST 2012" endtime="Fri Sep 21 12:08:09 CST 2012" />
          </TestCase>
          <TestCase name="LocationTest" priority="">
            <Test name="testAccessAccuracy" result="pass" starttime="Fri Sep 21 12:08:09 CST 2012" endtime="Fri Sep 21 12:08:09 CST 2012" />
            <Test name="testAccessAltitude" result="pass" starttime="Fri Sep 21 12:08:09 CST 2012" endtime="Fri Sep 21 12:08:09 CST 2012" />
            <Test name="testAccessBearing" result="pass" starttime="Fri Sep 21 12:08:09 CST 2012" endtime="Fri Sep 21 12:08:10 CST 2012" />
            <Test name="testAccessExtras" result="pass" starttime="Fri Sep 21 12:08:10 CST 2012" endtime="Fri Sep 21 12:08:10 CST 2012" />
            <Test name="testAccessLatitude" result="pass" starttime="Fri Sep 21 12:08:10 CST 2012" endtime="Fri Sep 21 12:08:10 CST 2012" />
            <Test name="testAccessLongitude" result="pass" starttime="Fri Sep 21 12:08:10 CST 2012" endtime="Fri Sep 21 12:08:10 CST 2012" />
            <Test name="testAccessProvider" result="pass" starttime="Fri Sep 21 12:08:10 CST 2012" endtime="Fri Sep 21 12:08:10 CST 2012" />
            <Test name="testAccessSpeed" result="pass" starttime="Fri Sep 21 12:08:10 CST 2012" endtime="Fri Sep 21 12:08:10 CST 2012" />
            <Test name="testAccessTime" result="pass" starttime="Fri Sep 21 12:08:10 CST 2012" endtime="Fri Sep 21 12:08:10 CST 2012" />
            <Test name="testAndroidTestCaseSetupProperly" result="pass" starttime="Fri Sep 21 12:08:10 CST 2012" endtime="Fri Sep 21 12:08:10 CST 2012" />
            <Test name="testBearingTo" result="pass" starttime="Fri Sep 21 12:08:10 CST 2012" endtime="Fri Sep 21 12:08:10 CST 2012" />
            <Test name="testConstructor" result="pass" starttime="Fri Sep 21 12:08:10 CST 2012" endtime="Fri Sep 21 12:08:10 CST 2012" />
            <Test name="testConvert_CoordinateToRepresentation" result="pass" starttime="Fri Sep 21 12:08:10 CST 2012" endtime="Fri Sep 21 12:08:11 CST 2012" />
            <Test name="testConvert_RepresentationToCoordinate" result="pass" starttime="Fri Sep 21 12:08:11 CST 2012" endtime="Fri Sep 21 12:08:11 CST 2012" />
            <Test name="testDescribeContents" result="pass" starttime="Fri Sep 21 12:08:11 CST 2012" endtime="Fri Sep 21 12:08:11 CST 2012" />
            <Test name="testDistanceBetween" result="pass" starttime="Fri Sep 21 12:08:11 CST 2012" endtime="Fri Sep 21 12:08:11 CST 2012" />
            <Test name="testDistanceTo" result="pass" starttime="Fri Sep 21 12:08:11 CST 2012" endtime="Fri Sep 21 12:08:11 CST 2012" />
            <Test name="testDump" result="pass" starttime="Fri Sep 21 12:08:11 CST 2012" endtime="Fri Sep 21 12:08:11 CST 2012" />
            <Test name="testSet" result="pass" starttime="Fri Sep 21 12:08:11 CST 2012" endtime="Fri Sep 21 12:08:11 CST 2012" />
            <Test name="testToString" result="pass" starttime="Fri Sep 21 12:08:11 CST 2012" endtime="Fri Sep 21 12:08:11 CST 2012" />
            <Test name="testWriteToParcel" result="pass" starttime="Fri Sep 21 12:08:11 CST 2012" endtime="Fri Sep 21 12:08:12 CST 2012" />
          </TestCase>
        </TestSuite>
      </TestSuite>
    </TestSuite>
  </TestPackage>
  <TestPackage name="CtsMediaTestCases" appPackageName="android.media" digest="9e79a6bd0f0a913442445c9da202bb24e23e42ac">
    <TestSuite name="android">
      <TestSuite name="media">
        <TestSuite name="cts">
          <TestCase name="AsyncPlayerTest" priority="">
            <Test name="testAndroidTestCaseSetupProperly" result="pass" starttime="Fri Sep 21 13:21:25 CST 2012" endtime="Fri Sep 21 13:21:25 CST 2012" />
            <Test name="testAsyncPlayer" result="pass" starttime="Fri Sep 21 13:21:25 CST 2012" endtime="Fri Sep 21 13:21:28 CST 2012" />
          </TestCase>
          <TestCase name="AudioEffectTest" priority="">
            <Test name="test0_0QueryEffects" result="pass" starttime="Fri Sep 21 13:21:28 CST 2012" endtime="Fri Sep 21 13:21:29 CST 2012" />
            <Test name="test1_0ConstructorFromType" result="pass" starttime="Fri Sep 21 13:21:29 CST 2012" endtime="Fri Sep 21 13:21:29 CST 2012" />
            <Test name="test1_1ConstructorFromUuid" result="pass" starttime="Fri Sep 21 13:21:29 CST 2012" endtime="Fri Sep 21 13:21:29 CST 2012" />
            <Test name="test1_2ConstructorUnknownType" result="pass" starttime="Fri Sep 21 13:21:29 CST 2012" endtime="Fri Sep 21 13:21:29 CST 2012" />
            <Test name="test1_3GetEnabledAfterRelease" result="pass" starttime="Fri Sep 21 13:21:29 CST 2012" endtime="Fri Sep 21 13:21:29 CST 2012" />
            <Test name="test1_4InsertOnMediaPlayer" result="pass" starttime="Fri Sep 21 13:21:29 CST 2012" endtime="Fri Sep 21 13:21:29 CST 2012" />
            <Test name="test1_5AuxiliaryOnMediaPlayer" result="pass" starttime="Fri Sep 21 13:21:29 CST 2012" endtime="Fri Sep 21 13:21:30 CST 2012" />
            <Test name="test1_6AuxiliaryOnMediaPlayerFailure" result="pass" starttime="Fri Sep 21 13:21:30 CST 2012" endtime="Fri Sep 21 13:21:30 CST 2012" />
            <Test name="test1_7AuxiliaryOnAudioTrack" result="pass" starttime="Fri Sep 21 13:21:30 CST 2012" endtime="Fri Sep 21 13:21:30 CST 2012" />
            <Test name="test2_0SetEnabledGetEnabled" result="pass" starttime="Fri Sep 21 13:21:30 CST 2012" endtime="Fri Sep 21 13:21:30 CST 2012" />
            <Test name="test2_1SetEnabledAfterRelease" result="pass" starttime="Fri Sep 21 13:21:30 CST 2012" endtime="Fri Sep 21 13:21:30 CST 2012" />
            <Test name="test3_0SetParameterByteArrayByteArray" result="pass" starttime="Fri Sep 21 13:21:30 CST 2012" endtime="Fri Sep 21 13:21:31 CST 2012" />
            <Test name="test3_1SetParameterIntInt" result="pass" starttime="Fri Sep 21 13:21:31 CST 2012" endtime="Fri Sep 21 13:21:31 CST 2012" />
            <Test name="test3_2SetParameterIntShort" result="pass" starttime="Fri Sep 21 13:21:31 CST 2012" endtime="Fri Sep 21 13:21:31 CST 2012" />
            <Test name="test3_3SetParameterIntByteArray" result="pass" starttime="Fri Sep 21 13:21:31 CST 2012" endtime="Fri Sep 21 13:21:31 CST 2012" />
            <Test name="test3_4SetParameterIntArrayIntArray" result="pass" starttime="Fri Sep 21 13:21:31 CST 2012" endtime="Fri Sep 21 13:21:31 CST 2012" />
            <Test name="test3_5SetParameterIntArrayShortArray" result="pass" starttime="Fri Sep 21 13:21:31 CST 2012" endtime="Fri Sep 21 13:21:31 CST 2012" />
            <Test name="test3_6SetParameterIntArrayByteArray" result="pass" starttime="Fri Sep 21 13:21:31 CST 2012" endtime="Fri Sep 21 13:21:31 CST 2012" />
            <Test name="test3_7SetParameterAfterRelease" result="pass" starttime="Fri Sep 21 13:21:31 CST 2012" endtime="Fri Sep 21 13:21:31 CST 2012" />
            <Test name="test3_8GetParameterAfterRelease" result="pass" starttime="Fri Sep 21 13:21:31 CST 2012" endtime="Fri Sep 21 13:21:31 CST 2012" />
            <Test name="test4_0setEnabledLowerPriority" result="pass" starttime="Fri Sep 21 13:21:31 CST 2012" endtime="Fri Sep 21 13:21:32 CST 2012" />
            <Test name="test4_1setParameterLowerPriority" result="pass" starttime="Fri Sep 21 13:21:32 CST 2012" endtime="Fri Sep 21 13:21:32 CST 2012" />
            <Test name="test4_2ControlStatusListener" result="pass" starttime="Fri Sep 21 13:21:32 CST 2012" endtime="Fri Sep 21 13:21:32 CST 2012" />
            <Test name="test4_3EnableStatusListener" result="pass" starttime="Fri Sep 21 13:21:32 CST 2012" endtime="Fri Sep 21 13:21:32 CST 2012" />
            <Test name="test4_4ParameterChangedListener" result="pass" starttime="Fri Sep 21 13:21:32 CST 2012" endtime="Fri Sep 21 13:21:32 CST 2012" />
            <Test name="test5_0Command" result="pass" starttime="Fri Sep 21 13:21:32 CST 2012" endtime="Fri Sep 21 13:21:32 CST 2012" />
            <Test name="testAndroidTestCaseSetupProperly" result="pass" starttime="Fri Sep 21 13:21:32 CST 2012" endtime="Fri Sep 21 13:21:32 CST 2012" />
          </TestCase>
          <TestCase name="AudioManagerTest" priority="">
            <Test name="testAccessMode" result="pass" starttime="Fri Sep 21 13:21:32 CST 2012" endtime="Fri Sep 21 13:21:32 CST 2012" />
            <Test name="testAccessRingMode" result="pass" starttime="Fri Sep 21 13:21:32 CST 2012" endtime="Fri Sep 21 13:21:32 CST 2012" />
            <Test name="testAndroidTestCaseSetupProperly" result="pass" starttime="Fri Sep 21 13:21:32 CST 2012" endtime="Fri Sep 21 13:21:33 CST 2012" />
            <Test name="testMicrophoneMute" result="pass" starttime="Fri Sep 21 13:21:33 CST 2012" endtime="Fri Sep 21 13:21:33 CST 2012" />
            <Test name="testMusicActive" result="pass" starttime="Fri Sep 21 13:21:33 CST 2012" endtime="Fri Sep 21 13:21:39 CST 2012" />
            <Test name="testRouting" result="pass" starttime="Fri Sep 21 13:21:39 CST 2012" endtime="Fri Sep 21 13:21:39 CST 2012" />
            <Test name="testSetInvalidRingerMode" result="pass" starttime="Fri Sep 21 13:21:39 CST 2012" endtime="Fri Sep 21 13:21:39 CST 2012" />
            <Test name="testSoundEffects" result="pass" starttime="Fri Sep 21 13:21:39 CST 2012" endtime="Fri Sep 21 13:21:41 CST 2012" />
            <Test name="testVibrateNotification" result="pass" starttime="Fri Sep 21 13:21:41 CST 2012" endtime="Fri Sep 21 13:21:41 CST 2012" />
            <Test name="testVibrateRinger" result="pass" starttime="Fri Sep 21 13:21:41 CST 2012" endtime="Fri Sep 21 13:21:42 CST 2012" />
            <Test name="testVolume" result="pass" starttime="Fri Sep 21 13:21:42 CST 2012" endtime="Fri Sep 21 13:21:46 CST 2012" />
          </TestCase>
          <TestCase name="AudioPreProcessingTest" priority="">
            <Test name="test1_1NsCreateAndRelease" result="pass" starttime="Fri Sep 21 13:21:46 CST 2012" endtime="Fri Sep 21 13:21:46 CST 2012" />
            <Test name="test1_2NsSetEnabledGetEnabled" result="pass" starttime="Fri Sep 21 13:21:46 CST 2012" endtime="Fri Sep 21 13:21:46 CST 2012" />
            <Test name="test2_1AecCreateAndRelease" result="pass" starttime="Fri Sep 21 13:21:46 CST 2012" endtime="Fri Sep 21 13:21:46 CST 2012" />
            <Test name="test2_2AecSetEnabledGetEnabled" result="pass" starttime="Fri Sep 21 13:21:46 CST 2012" endtime="Fri Sep 21 13:21:46 CST 2012" />
            <Test name="test3_1AgcCreateAndRelease" result="pass" starttime="Fri Sep 21 13:21:46 CST 2012" endtime="Fri Sep 21 13:21:46 CST 2012" />
            <Test name="test3_2AgcSetEnabledGetEnabled" result="pass" starttime="Fri Sep 21 13:21:47 CST 2012" endtime="Fri Sep 21 13:21:47 CST 2012" />
            <Test name="testAndroidTestCaseSetupProperly" result="pass" starttime="Fri Sep 21 13:21:47 CST 2012" endtime="Fri Sep 21 13:21:47 CST 2012" />
          </TestCase>
          <TestCase name="AudioRecordTest" priority="">
            <Test name="testAndroidTestCaseSetupProperly" result="pass" starttime="Fri Sep 21 13:21:47 CST 2012" endtime="Fri Sep 21 13:21:47 CST 2012" />
            <Test name="testAudioRecordOP" result="pass" starttime="Fri Sep 21 13:21:47 CST 2012" endtime="Fri Sep 21 13:22:28 CST 2012" />
            <Test name="testAudioRecordProperties" result="pass" starttime="Fri Sep 21 13:22:28 CST 2012" endtime="Fri Sep 21 13:22:28 CST 2012" />
          </TestCase>
          <TestCase name="AudioRecord_BufferSizeTest" priority="">
            <Test name="testAndroidTestCaseSetupProperly" result="pass" starttime="Fri Sep 21 13:22:28 CST 2012" endtime="Fri Sep 21 13:22:28 CST 2012" />
            <Test name="testGetMinBufferSize" result="pass" starttime="Fri Sep 21 13:22:28 CST 2012" endtime="Fri Sep 21 13:22:30 CST 2012" />
          </TestCase>
          <TestCase name="AudioTrackTest" priority="">
            <Test name="testAndroidTestCaseSetupProperly" result="pass" starttime="Fri Sep 21 13:22:30 CST 2012" endtime="Fri Sep 21 13:22:30 CST 2012" />
            <Test name="testAudioTrackProperties" result="pass" starttime="Fri Sep 21 13:22:30 CST 2012" endtime="Fri Sep 21 13:22:30 CST 2012" />
            <Test name="testConstructorMono16MusicStatic" result="pass" starttime="Fri Sep 21 13:22:30 CST 2012" endtime="Fri Sep 21 13:22:30 CST 2012" />
            <Test name="testConstructorMono16MusicStream" result="pass" starttime="Fri Sep 21 13:22:30 CST 2012" endtime="Fri Sep 21 13:22:30 CST 2012" />
            <Test name="testConstructorMono8MusicStatic" result="pass" starttime="Fri Sep 21 13:22:30 CST 2012" endtime="Fri Sep 21 13:22:30 CST 2012" />
            <Test name="testConstructorMono8MusicStream" result="pass" starttime="Fri Sep 21 13:22:30 CST 2012" endtime="Fri Sep 21 13:22:30 CST 2012" />
            <Test name="testConstructorStereo16MusicStatic" result="pass" starttime="Fri Sep 21 13:22:30 CST 2012" endtime="Fri Sep 21 13:22:30 CST 2012" />
            <Test name="testConstructorStereo16MusicStream" result="pass" starttime="Fri Sep 21 13:22:30 CST 2012" endtime="Fri Sep 21 13:22:30 CST 2012" />
            <Test name="testConstructorStereo8MusicStatic" result="pass" starttime="Fri Sep 21 13:22:30 CST 2012" endtime="Fri Sep 21 13:22:30 CST 2012" />
            <Test name="testConstructorStereo8MusicStream" result="pass" starttime="Fri Sep 21 13:22:31 CST 2012" endtime="Fri Sep 21 13:22:31 CST 2012" />
            <Test name="testConstructorStreamType" result="pass" starttime="Fri Sep 21 13:22:31 CST 2012" endtime="Fri Sep 21 13:22:31 CST 2012" />
            <Test name="testGetMinBufferSizeTooHighSR" result="pass" starttime="Fri Sep 21 13:22:31 CST 2012" endtime="Fri Sep 21 13:22:31 CST 2012" />
            <Test name="testGetMinBufferSizeTooLowSR" result="pass" starttime="Fri Sep 21 13:22:31 CST 2012" endtime="Fri Sep 21 13:22:31 CST 2012" />
            <Test name="testPlayStreamData" result="pass" starttime="Fri Sep 21 13:22:31 CST 2012" endtime="Fri Sep 21 13:22:32 CST 2012" />
            <Test name="testPlaybackHeadPositionAfterFlush" result="pass" starttime="Fri Sep 21 13:22:32 CST 2012" endtime="Fri Sep 21 13:22:32 CST 2012" />
            <Test name="testPlaybackHeadPositionAfterInit" result="pass" starttime="Fri Sep 21 13:22:32 CST 2012" endtime="Fri Sep 21 13:22:32 CST 2012" />
            <Test name="testPlaybackHeadPositionAfterPause" result="pass" starttime="Fri Sep 21 13:22:32 CST 2012" endtime="Fri Sep 21 13:22:32 CST 2012" />
            <Test name="testPlaybackHeadPositionAfterStop" result="pass" starttime="Fri Sep 21 13:22:32 CST 2012" endtime="Fri Sep 21 13:22:33 CST 2012" />
            <Test name="testPlaybackHeadPositionIncrease" result="pass" starttime="Fri Sep 21 13:22:33 CST 2012" endtime="Fri Sep 21 13:22:33 CST 2012" />
            <Test name="testReloadStaticData" result="pass" starttime="Fri Sep 21 13:22:33 CST 2012" endtime="Fri Sep 21 13:22:34 CST 2012" />
            <Test name="testSetGetPlaybackRate" result="pass" starttime="Fri Sep 21 13:22:34 CST 2012" endtime="Fri Sep 21 13:22:34 CST 2012" />
            <Test name="testSetLoopPointsEndTooFar" result="pass" starttime="Fri Sep 21 13:22:34 CST 2012" endtime="Fri Sep 21 13:22:34 CST 2012" />
            <Test name="testSetLoopPointsLoopTooLong" result="pass" starttime="Fri Sep 21 13:22:34 CST 2012" endtime="Fri Sep 21 13:22:34 CST 2012" />
            <Test name="testSetLoopPointsStartAfterEnd" result="pass" starttime="Fri Sep 21 13:22:34 CST 2012" endtime="Fri Sep 21 13:22:34 CST 2012" />
            <Test name="testSetLoopPointsStartTooFar" result="pass" starttime="Fri Sep 21 13:22:34 CST 2012" endtime="Fri Sep 21 13:22:34 CST 2012" />
            <Test name="testSetLoopPointsStream" result="pass" starttime="Fri Sep 21 13:22:34 CST 2012" endtime="Fri Sep 21 13:22:34 CST 2012" />
            <Test name="testSetLoopPointsSuccess" result="pass" starttime="Fri Sep 21 13:22:34 CST 2012" endtime="Fri Sep 21 13:22:35 CST 2012" />
            <Test name="testSetPlaybackHeadPositionPaused" result="pass" starttime="Fri Sep 21 13:22:35 CST 2012" endtime="Fri Sep 21 13:22:35 CST 2012" />
            <Test name="testSetPlaybackHeadPositionPlaying" result="pass" starttime="Fri Sep 21 13:22:35 CST 2012" endtime="Fri Sep 21 13:22:35 CST 2012" />
            <Test name="testSetPlaybackHeadPositionStopped" result="pass" starttime="Fri Sep 21 13:22:35 CST 2012" endtime="Fri Sep 21 13:22:35 CST 2012" />
            <Test name="testSetPlaybackHeadPositionTooFar" result="pass" starttime="Fri Sep 21 13:22:35 CST 2012" endtime="Fri Sep 21 13:22:35 CST 2012" />
            <Test name="testSetPlaybackRate" result="pass" starttime="Fri Sep 21 13:22:35 CST 2012" endtime="Fri Sep 21 13:22:35 CST 2012" />
            <Test name="testSetPlaybackRateTwiceOutputSR" result="pass" starttime="Fri Sep 21 13:22:35 CST 2012" endtime="Fri Sep 21 13:22:35 CST 2012" />
            <Test name="testSetPlaybackRateUninit" result="pass" starttime="Fri Sep 21 13:22:35 CST 2012" endtime="Fri Sep 21 13:22:35 CST 2012" />
            <Test name="testSetPlaybackRateZero" result="pass" starttime="Fri Sep 21 13:22:35 CST 2012" endtime="Fri Sep 21 13:22:35 CST 2012" />
            <Test name="testSetStereoVolumeMax" result="pass" starttime="Fri Sep 21 13:22:35 CST 2012" endtime="Fri Sep 21 13:22:36 CST 2012" />
            <Test name="testSetStereoVolumeMid" result="pass" starttime="Fri Sep 21 13:22:36 CST 2012" endtime="Fri Sep 21 13:22:36 CST 2012" />
            <Test name="testSetStereoVolumeMin" result="pass" starttime="Fri Sep 21 13:22:36 CST 2012" endtime="Fri Sep 21 13:22:36 CST 2012" />
            <Test name="testWriteByte" result="pass" starttime="Fri Sep 21 13:22:36 CST 2012" endtime="Fri Sep 21 13:22:36 CST 2012" />
            <Test name="testWriteByte8bit" result="pass" starttime="Fri Sep 21 13:22:36 CST 2012" endtime="Fri Sep 21 13:22:36 CST 2012" />
            <Test name="testWriteByteNegativeOffset" result="pass" starttime="Fri Sep 21 13:22:36 CST 2012" endtime="Fri Sep 21 13:22:36 CST 2012" />
            <Test name="testWriteByteNegativeSize" result="pass" starttime="Fri Sep 21 13:22:36 CST 2012" endtime="Fri Sep 21 13:22:36 CST 2012" />
            <Test name="testWriteByteOffsetTooBig" result="pass" starttime="Fri Sep 21 13:22:36 CST 2012" endtime="Fri Sep 21 13:22:36 CST 2012" />
            <Test name="testWriteByteSizeTooBig" result="pass" starttime="Fri Sep 21 13:22:36 CST 2012" endtime="Fri Sep 21 13:22:36 CST 2012" />
            <Test name="testWriteShort" result="pass" starttime="Fri Sep 21 13:22:36 CST 2012" endtime="Fri Sep 21 13:22:37 CST 2012" />
            <Test name="testWriteShort8bit" result="pass" starttime="Fri Sep 21 13:22:37 CST 2012" endtime="Fri Sep 21 13:22:37 CST 2012" />
            <Test name="testWriteShortNegativeOffset" result="pass" starttime="Fri Sep 21 13:22:37 CST 2012" endtime="Fri Sep 21 13:22:37 CST 2012" />
            <Test name="testWriteShortNegativeSize" result="pass" starttime="Fri Sep 21 13:22:37 CST 2012" endtime="Fri Sep 21 13:22:37 CST 2012" />
            <Test name="testWriteShortOffsetTooBig" result="pass" starttime="Fri Sep 21 13:22:37 CST 2012" endtime="Fri Sep 21 13:22:37 CST 2012" />
            <Test name="testWriteShortSizeTooBig" result="pass" starttime="Fri Sep 21 13:22:37 CST 2012" endtime="Fri Sep 21 13:22:37 CST 2012" />
          </TestCase>
          <TestCase name="AudioTrack_ListenerTest" priority="">
            <Test name="testAndroidTestCaseSetupProperly" result="pass" starttime="Fri Sep 21 13:22:37 CST 2012" endtime="Fri Sep 21 13:22:37 CST 2012" />
            <Test name="testAudioTrackCallback" result="pass" starttime="Fri Sep 21 13:22:37 CST 2012" endtime="Fri Sep 21 13:22:38 CST 2012" />
            <Test name="testAudioTrackCallbackWithHandler" result="pass" starttime="Fri Sep 21 13:22:38 CST 2012" endtime="Fri Sep 21 13:22:40 CST 2012" />
          </TestCase>
          <TestCase name="BassBoostTest" priority="">
            <Test name="test0_0ConstructorAndRelease" result="pass" starttime="Fri Sep 21 13:22:40 CST 2012" endtime="Fri Sep 21 13:22:40 CST 2012" />
            <Test name="test1_0Strength" result="pass" starttime="Fri Sep 21 13:22:40 CST 2012" endtime="Fri Sep 21 13:22:40 CST 2012" />
            <Test name="test1_1Properties" result="pass" starttime="Fri Sep 21 13:22:40 CST 2012" endtime="Fri Sep 21 13:22:40 CST 2012" />
            <Test name="test1_2SetStrengthAfterRelease" result="pass" starttime="Fri Sep 21 13:22:40 CST 2012" endtime="Fri Sep 21 13:22:40 CST 2012" />
            <Test name="test2_0SetEnabledGetEnabled" result="pass" starttime="Fri Sep 21 13:22:40 CST 2012" endtime="Fri Sep 21 13:22:40 CST 2012" />
            <Test name="test2_1SetEnabledAfterRelease" result="pass" starttime="Fri Sep 21 13:22:40 CST 2012" endtime="Fri Sep 21 13:22:40 CST 2012" />
            <Test name="test3_0ControlStatusListener" result="pass" starttime="Fri Sep 21 13:22:40 CST 2012" endtime="Fri Sep 21 13:22:41 CST 2012" />
            <Test name="test3_1EnableStatusListener" result="pass" starttime="Fri Sep 21 13:22:41 CST 2012" endtime="Fri Sep 21 13:22:41 CST 2012" />
            <Test name="test3_2ParameterChangedListener" result="pass" starttime="Fri Sep 21 13:22:41 CST 2012" endtime="Fri Sep 21 13:22:41 CST 2012" />
            <Test name="testAndroidTestCaseSetupProperly" result="pass" starttime="Fri Sep 21 13:22:41 CST 2012" endtime="Fri Sep 21 13:22:41 CST 2012" />
          </TestCase>
          <TestCase name="CamcorderProfileTest" priority="">
            <Test name="testAndroidTestCaseSetupProperly" result="pass" starttime="Fri Sep 21 13:22:41 CST 2012" endtime="Fri Sep 21 13:22:41 CST 2012" />
            <Test name="testGet" result="pass" starttime="Fri Sep 21 13:22:41 CST 2012" endtime="Fri Sep 21 13:22:42 CST 2012" />
            <Test name="testGetWithId" result="pass" starttime="Fri Sep 21 13:22:42 CST 2012" endtime="Fri Sep 21 13:22:42 CST 2012" />
          </TestCase>
          <TestCase name="CameraProfileTest" priority="">
            <Test name="testAndroidTestCaseSetupProperly" result="pass" starttime="Fri Sep 21 13:22:42 CST 2012" endtime="Fri Sep 21 13:22:42 CST 2012" />
            <Test name="testGetImageEncodingQualityParameter" result="pass" starttime="Fri Sep 21 13:22:42 CST 2012" endtime="Fri Sep 21 13:22:42 CST 2012" />
            <Test name="testGetWithId" result="pass" starttime="Fri Sep 21 13:22:42 CST 2012" endtime="Fri Sep 21 13:22:43 CST 2012" />
          </TestCase>
          <TestCase name="DecoderTest" priority="">
            <Test name="testAndroidTestCaseSetupProperly" result="pass" starttime="Fri Sep 21 13:22:43 CST 2012" endtime="Fri Sep 21 13:22:43 CST 2012" />
            <Test name="testDecodeFlac" result="pass" starttime="Fri Sep 21 13:22:43 CST 2012" endtime="Fri Sep 21 13:22:43 CST 2012" />
            <Test name="testDecodeM4a" result="pass" starttime="Fri Sep 21 13:22:43 CST 2012" endtime="Fri Sep 21 13:22:43 CST 2012" />
            <Test name="testDecodeMp3Lame" result="pass" starttime="Fri Sep 21 13:22:43 CST 2012" endtime="Fri Sep 21 13:22:44 CST 2012" />
            <Test name="testDecodeMp3Smpb" result="pass" starttime="Fri Sep 21 13:22:44 CST 2012" endtime="Fri Sep 21 13:22:44 CST 2012" />
            <Test name="testDecodeOgg" result="pass" starttime="Fri Sep 21 13:22:44 CST 2012" endtime="Fri Sep 21 13:22:45 CST 2012" />
            <Test name="testDecodeWav" result="pass" starttime="Fri Sep 21 13:22:45 CST 2012" endtime="Fri Sep 21 13:22:45 CST 2012" />
          </TestCase>
          <TestCase name="EnvReverbTest" priority="">
            <Test name="test0_0ConstructorAndRelease" result="pass" starttime="Fri Sep 21 13:22:45 CST 2012" endtime="Fri Sep 21 13:22:45 CST 2012" />
            <Test name="test1_0Room" result="pass" starttime="Fri Sep 21 13:22:45 CST 2012" endtime="Fri Sep 21 13:22:45 CST 2012" />
            <Test name="test1_1Decay" result="pass" starttime="Fri Sep 21 13:22:45 CST 2012" endtime="Fri Sep 21 13:22:45 CST 2012" />
            <Test name="test1_2Reverb" result="pass" starttime="Fri Sep 21 13:22:45 CST 2012" endtime="Fri Sep 21 13:22:45 CST 2012" />
            <Test name="test1_3Reflections" result="pass" starttime="Fri Sep 21 13:22:45 CST 2012" endtime="Fri Sep 21 13:22:45 CST 2012" />
            <Test name="test1_4DiffusionAndDensity" result="pass" starttime="Fri Sep 21 13:22:45 CST 2012" endtime="Fri Sep 21 13:22:46 CST 2012" />
            <Test name="test1_5Properties" result="pass" starttime="Fri Sep 21 13:22:46 CST 2012" endtime="Fri Sep 21 13:22:46 CST 2012" />
            <Test name="test2_0SetEnabledGetEnabled" result="pass" starttime="Fri Sep 21 13:22:46 CST 2012" endtime="Fri Sep 21 13:22:46 CST 2012" />
            <Test name="test2_1SetEnabledAfterRelease" result="pass" starttime="Fri Sep 21 13:22:46 CST 2012" endtime="Fri Sep 21 13:22:46 CST 2012" />
            <Test name="test3_0ControlStatusListener" result="pass" starttime="Fri Sep 21 13:22:46 CST 2012" endtime="Fri Sep 21 13:22:46 CST 2012" />
            <Test name="test3_1EnableStatusListener" result="pass" starttime="Fri Sep 21 13:22:46 CST 2012" endtime="Fri Sep 21 13:22:46 CST 2012" />
            <Test name="test3_2ParameterChangedListener" result="pass" starttime="Fri Sep 21 13:22:46 CST 2012" endtime="Fri Sep 21 13:22:46 CST 2012" />
            <Test name="testAndroidTestCaseSetupProperly" result="pass" starttime="Fri Sep 21 13:22:46 CST 2012" endtime="Fri Sep 21 13:22:46 CST 2012" />
          </TestCase>
          <TestCase name="EqualizerTest" priority="">
            <Test name="test0_0ConstructorAndRelease" result="pass" starttime="Fri Sep 21 13:22:46 CST 2012" endtime="Fri Sep 21 13:22:46 CST 2012" />
            <Test name="test1_0BandLevel" result="pass" starttime="Fri Sep 21 13:22:46 CST 2012" endtime="Fri Sep 21 13:22:47 CST 2012" />
            <Test name="test1_1BandFrequency" result="pass" starttime="Fri Sep 21 13:22:47 CST 2012" endtime="Fri Sep 21 13:22:47 CST 2012" />
            <Test name="test1_2Presets" result="pass" starttime="Fri Sep 21 13:22:47 CST 2012" endtime="Fri Sep 21 13:22:47 CST 2012" />
            <Test name="test1_3Properties" result="pass" starttime="Fri Sep 21 13:22:47 CST 2012" endtime="Fri Sep 21 13:22:47 CST 2012" />
            <Test name="test1_4SetBandLevelAfterRelease" result="pass" starttime="Fri Sep 21 13:22:47 CST 2012" endtime="Fri Sep 21 13:22:47 CST 2012" />
            <Test name="test2_0SetEnabledGetEnabled" result="pass" starttime="Fri Sep 21 13:22:47 CST 2012" endtime="Fri Sep 21 13:22:47 CST 2012" />
            <Test name="test2_1SetEnabledAfterRelease" result="pass" starttime="Fri Sep 21 13:22:47 CST 2012" endtime="Fri Sep 21 13:22:47 CST 2012" />
            <Test name="test3_0ControlStatusListener" result="pass" starttime="Fri Sep 21 13:22:47 CST 2012" endtime="Fri Sep 21 13:22:47 CST 2012" />
            <Test name="test3_1EnableStatusListener" result="pass" starttime="Fri Sep 21 13:22:47 CST 2012" endtime="Fri Sep 21 13:22:47 CST 2012" />
            <Test name="test3_2ParameterChangedListener" result="pass" starttime="Fri Sep 21 13:22:47 CST 2012" endtime="Fri Sep 21 13:22:47 CST 2012" />
            <Test name="testAndroidTestCaseSetupProperly" result="pass" starttime="Fri Sep 21 13:22:47 CST 2012" endtime="Fri Sep 21 13:22:48 CST 2012" />
          </TestCase>
          <TestCase name="FaceDetectorTest" priority="">
            <Test name="testFindFaces" result="pass" starttime="Fri Sep 21 13:22:48 CST 2012" endtime="Fri Sep 21 13:22:53 CST 2012" />
          </TestCase>
          <TestCase name="FaceDetector_FaceTest" priority="">
            <Test name="testFaceProperties" result="pass" starttime="Fri Sep 21 13:22:53 CST 2012" endtime="Fri Sep 21 13:22:59 CST 2012" />
          </TestCase>
          <TestCase name="JetPlayerTest" priority="">
            <Test name="testAndroidTestCaseSetupProperly" result="pass" starttime="Fri Sep 21 13:22:59 CST 2012" endtime="Fri Sep 21 13:22:59 CST 2012" />
            <Test name="testClone" result="pass" starttime="Fri Sep 21 13:22:59 CST 2012" endtime="Fri Sep 21 13:22:59 CST 2012" />
            <Test name="testLoadJetFromFd" result="pass" starttime="Fri Sep 21 13:22:59 CST 2012" endtime="Fri Sep 21 13:23:44 CST 2012" />
            <Test name="testLoadJetFromPath" result="pass" starttime="Fri Sep 21 13:23:44 CST 2012" endtime="Fri Sep 21 13:24:29 CST 2012" />
            <Test name="testQueueJetSegmentMuteArray" result="pass" starttime="Fri Sep 21 13:24:29 CST 2012" endtime="Fri Sep 21 13:24:49 CST 2012" />
          </TestCase>
          <TestCase name="MediaCodecListTest" priority="">
            <Test name="testAndroidTestCaseSetupProperly" result="pass" starttime="Fri Sep 21 13:24:49 CST 2012" endtime="Fri Sep 21 13:24:49 CST 2012" />
            <Test name="testIsAVCBaselineProfileSupported" result="pass" starttime="Fri Sep 21 13:24:49 CST 2012" endtime="Fri Sep 21 13:24:50 CST 2012" />
            <Test name="testIsH263BaselineProfileSupported" result="pass" starttime="Fri Sep 21 13:24:50 CST 2012" endtime="Fri Sep 21 13:24:50 CST 2012" />
            <Test name="testIsM4VSimpleProfileSupported" result="pass" starttime="Fri Sep 21 13:24:50 CST 2012" endtime="Fri Sep 21 13:24:50 CST 2012" />
            <Test name="testMediaCodecXmlFileExist" result="pass" starttime="Fri Sep 21 13:24:50 CST 2012" endtime="Fri Sep 21 13:24:50 CST 2012" />
            <Test name="testRequiredMediaCodecList" result="pass" starttime="Fri Sep 21 13:24:50 CST 2012" endtime="Fri Sep 21 13:24:50 CST 2012" />
          </TestCase>
          <TestCase name="MediaPlayerSurfaceTest" priority="">
            <Test name="testSetSurface" result="pass" starttime="Fri Sep 21 14:00:59 CST 2012" endtime="Fri Sep 21 14:01:12 CST 2012" />
          </TestCase>
          <TestCase name="MediaPlayerTest" priority="">
            <Test name="testCallback" result="pass" starttime="Fri Sep 21 14:01:12 CST 2012" endtime="Fri Sep 21 14:01:20 CST 2012" />
            <Test name="testGapless1" result="pass" starttime="Fri Sep 21 14:01:20 CST 2012" endtime="Fri Sep 21 14:01:29 CST 2012" />
            <Test name="testGapless2" result="pass" starttime="Fri Sep 21 14:01:29 CST 2012" endtime="Fri Sep 21 14:01:33 CST 2012" />
            <Test name="testGapless3" result="pass" starttime="Fri Sep 21 14:01:33 CST 2012" endtime="Fri Sep 21 14:01:38 CST 2012" />
            <Test name="testLocalVideo_3gp_H263_176x144_300kbps_12fps_AAC_Mono_24kbps_11025Hz" result="pass" starttime="Fri Sep 21 14:01:38 CST 2012" endtime="Fri Sep 21 14:01:49 CST 2012" />
            <Test name="testLocalVideo_3gp_H263_176x144_300kbps_12fps_AAC_Mono_24kbps_22050Hz" result="pass" starttime="Fri Sep 21 14:01:49 CST 2012" endtime="Fri Sep 21 14:02:01 CST 2012" />
            <Test name="testLocalVideo_3gp_H263_176x144_300kbps_12fps_AAC_Stereo_128kbps_11025Hz" result="pass" starttime="Fri Sep 21 14:02:01 CST 2012" endtime="Fri Sep 21 14:02:12 CST 2012" />
            <Test name="testLocalVideo_3gp_H263_176x144_300kbps_12fps_AAC_Stereo_128kbps_22050Hz" result="pass" starttime="Fri Sep 21 14:02:12 CST 2012" endtime="Fri Sep 21 14:02:24 CST 2012" />
            <Test name="testLocalVideo_3gp_H263_176x144_300kbps_12fps_AAC_Stereo_24kbps_11025Hz" result="pass" starttime="Fri Sep 21 14:02:24 CST 2012" endtime="Fri Sep 21 14:02:35 CST 2012" />
            <Test name="testLocalVideo_3gp_H263_176x144_300kbps_12fps_AAC_Stereo_24kbps_22050Hz" result="pass" starttime="Fri Sep 21 14:02:35 CST 2012" endtime="Fri Sep 21 14:02:47 CST 2012" />
            <Test name="testLocalVideo_3gp_H263_176x144_300kbps_25fps_AAC_Mono_24kbps_11025Hz" result="pass" starttime="Fri Sep 21 14:02:47 CST 2012" endtime="Fri Sep 21 14:02:58 CST 2012" />
            <Test name="testLocalVideo_3gp_H263_176x144_300kbps_25fps_AAC_Mono_24kbps_22050Hz" result="pass" starttime="Fri Sep 21 14:02:58 CST 2012" endtime="Fri Sep 21 14:03:10 CST 2012" />
            <Test name="testLocalVideo_3gp_H263_176x144_300kbps_25fps_AAC_Stereo_128kbps_11025Hz" result="pass" starttime="Fri Sep 21 14:03:10 CST 2012" endtime="Fri Sep 21 14:03:21 CST 2012" />
            <Test name="testLocalVideo_3gp_H263_176x144_300kbps_25fps_AAC_Stereo_128kbps_22050Hz" result="pass" starttime="Fri Sep 21 14:03:21 CST 2012" endtime="Fri Sep 21 14:03:33 CST 2012" />
            <Test name="testLocalVideo_3gp_H263_176x144_300kbps_25fps_AAC_Stereo_24kbps_11025Hz" result="pass" starttime="Fri Sep 21 14:03:33 CST 2012" endtime="Fri Sep 21 14:03:45 CST 2012" />
            <Test name="testLocalVideo_3gp_H263_176x144_300kbps_25fps_AAC_Stereo_24kbps_22050Hz" result="pass" starttime="Fri Sep 21 14:03:45 CST 2012" endtime="Fri Sep 21 14:03:56 CST 2012" />
            <Test name="testLocalVideo_3gp_H263_176x144_56kbps_12fps_AAC_Mono_24kbps_11025Hz" result="pass" starttime="Fri Sep 21 14:03:56 CST 2012" endtime="Fri Sep 21 14:04:08 CST 2012" />
            <Test name="testLocalVideo_3gp_H263_176x144_56kbps_12fps_AAC_Mono_24kbps_22050Hz" result="pass" starttime="Fri Sep 21 14:04:08 CST 2012" endtime="Fri Sep 21 14:04:19 CST 2012" />
            <Test name="testLocalVideo_3gp_H263_176x144_56kbps_12fps_AAC_Stereo_128kbps_11025Hz" result="pass" starttime="Fri Sep 21 14:04:19 CST 2012" endtime="Fri Sep 21 14:04:31 CST 2012" />
            <Test name="testLocalVideo_3gp_H263_176x144_56kbps_12fps_AAC_Stereo_128kbps_22050Hz" result="pass" starttime="Fri Sep 21 14:04:31 CST 2012" endtime="Fri Sep 21 14:04:42 CST 2012" />
            <Test name="testLocalVideo_3gp_H263_176x144_56kbps_12fps_AAC_Stereo_24kbps_11025Hz" result="pass" starttime="Fri Sep 21 14:04:42 CST 2012" endtime="Fri Sep 21 14:04:54 CST 2012" />
            <Test name="testLocalVideo_3gp_H263_176x144_56kbps_12fps_AAC_Stereo_24kbps_22050Hz" result="pass" starttime="Fri Sep 21 14:04:54 CST 2012" endtime="Fri Sep 21 14:05:05 CST 2012" />
            <Test name="testLocalVideo_3gp_H263_176x144_56kbps_25fps_AAC_Mono_24kbps_11025Hz" result="pass" starttime="Fri Sep 21 14:05:05 CST 2012" endtime="Fri Sep 21 14:05:17 CST 2012" />
            <Test name="testLocalVideo_3gp_H263_176x144_56kbps_25fps_AAC_Mono_24kbps_22050Hz" result="pass" starttime="Fri Sep 21 14:05:17 CST 2012" endtime="Fri Sep 21 14:05:29 CST 2012" />
            <Test name="testLocalVideo_3gp_H263_176x144_56kbps_25fps_AAC_Stereo_128kbps_11025Hz" result="pass" starttime="Fri Sep 21 14:05:29 CST 2012" endtime="Fri Sep 21 14:05:40 CST 2012" />
            <Test name="testLocalVideo_3gp_H263_176x144_56kbps_25fps_AAC_Stereo_128kbps_22050Hz" result="pass" starttime="Fri Sep 21 14:05:40 CST 2012" endtime="Fri Sep 21 14:05:52 CST 2012" />
            <Test name="testLocalVideo_3gp_H263_176x144_56kbps_25fps_AAC_Stereo_24kbps_11025Hz" result="pass" starttime="Fri Sep 21 14:05:52 CST 2012" endtime="Fri Sep 21 14:06:03 CST 2012" />
            <Test name="testLocalVideo_3gp_H263_176x144_56kbps_25fps_AAC_Stereo_24kbps_22050Hz" result="pass" starttime="Fri Sep 21 14:06:03 CST 2012" endtime="Fri Sep 21 14:06:15 CST 2012" />
            <Test name="testLocalVideo_MP4_H264_480x360_1000kbps_25fps_AAC_Stereo_128kbps_44110Hz" result="pass" starttime="Fri Sep 21 14:06:15 CST 2012" endtime="Fri Sep 21 14:06:26 CST 2012" />
            <Test name="testLocalVideo_MP4_H264_480x360_1000kbps_30fps_AAC_Stereo_128kbps_44110Hz" result="pass" starttime="Fri Sep 21 14:06:26 CST 2012" endtime="Fri Sep 21 14:06:38 CST 2012" />
            <Test name="testLocalVideo_MP4_H264_480x360_1350kbps_25fps_AAC_Stereo_128kbps_44110Hz" result="pass" starttime="Fri Sep 21 14:06:38 CST 2012" endtime="Fri Sep 21 14:06:49 CST 2012" />
            <Test name="testLocalVideo_MP4_H264_480x360_1350kbps_30fps_AAC_Stereo_128kbps_44110Hz" result="pass" starttime="Fri Sep 21 14:06:49 CST 2012" endtime="Fri Sep 21 14:07:01 CST 2012" />
            <Test name="testLocalVideo_MP4_H264_480x360_1350kbps_30fps_AAC_Stereo_192kbps_44110Hz" result="pass" starttime="Fri Sep 21 14:07:01 CST 2012" endtime="Fri Sep 21 14:07:12 CST 2012" />
            <Test name="testLocalVideo_MP4_H264_480x360_500kbps_25fps_AAC_Stereo_128kbps_44110Hz" result="pass" starttime="Fri Sep 21 14:07:12 CST 2012" endtime="Fri Sep 21 14:07:24 CST 2012" />
            <Test name="testLocalVideo_MP4_H264_480x360_500kbps_30fps_AAC_Stereo_128kbps_44110Hz" result="pass" starttime="Fri Sep 21 14:07:24 CST 2012" endtime="Fri Sep 21 14:07:35 CST 2012" />
            <Test name="testPlayAudio" result="pass" starttime="Fri Sep 21 14:07:35 CST 2012" endtime="Fri Sep 21 14:08:12 CST 2012" />
            <Test name="testPlayNullSource" result="pass" starttime="Fri Sep 21 14:08:12 CST 2012" endtime="Fri Sep 21 14:08:13 CST 2012" />
            <Test name="testPlayVideo" result="pass" starttime="Fri Sep 21 14:08:13 CST 2012" endtime="Fri Sep 21 14:08:25 CST 2012" />
            <Test name="testRecordAndPlay" result="pass" starttime="Fri Sep 21 14:08:25 CST 2012" endtime="Fri Sep 21 14:08:33 CST 2012" />
            <Test name="testRecordedVideoPlayback0" result="pass" starttime="Fri Sep 21 14:08:33 CST 2012" endtime="Fri Sep 21 14:08:44 CST 2012" />
            <Test name="testRecordedVideoPlayback180" result="pass" starttime="Fri Sep 21 14:08:44 CST 2012" endtime="Fri Sep 21 14:08:53 CST 2012" />
            <Test name="testRecordedVideoPlayback270" result="pass" starttime="Fri Sep 21 14:08:53 CST 2012" endtime="Fri Sep 21 14:09:02 CST 2012" />
            <Test name="testRecordedVideoPlayback90" result="pass" starttime="Fri Sep 21 14:09:02 CST 2012" endtime="Fri Sep 21 14:09:11 CST 2012" />
            <Test name="testSetNextMediaPlayer" result="pass" starttime="Fri Sep 21 14:09:11 CST 2012" endtime="Fri Sep 21 14:09:17 CST 2012" />
            <Test name="testVideoSurfaceResetting" result="pass" starttime="Fri Sep 21 14:09:17 CST 2012" endtime="Fri Sep 21 14:09:22 CST 2012" />
          </TestCase>
          <TestCase name="MediaRecorderTest" priority="">
            <Test name="testGetAudioSourceMax" result="pass" starttime="Fri Sep 21 14:09:22 CST 2012" endtime="Fri Sep 21 14:09:22 CST 2012" />
            <Test name="testOnErrorListener" result="pass" starttime="Fri Sep 21 14:09:22 CST 2012" endtime="Fri Sep 21 14:09:26 CST 2012" />
            <Test name="testOnInfoListener" result="pass" starttime="Fri Sep 21 14:09:26 CST 2012" endtime="Fri Sep 21 14:09:30 CST 2012" />
            <Test name="testRecorderAudio" result="pass" starttime="Fri Sep 21 14:09:30 CST 2012" endtime="Fri Sep 21 14:09:33 CST 2012" />
            <Test name="testRecorderCamera" result="pass" starttime="Fri Sep 21 14:09:33 CST 2012" endtime="Fri Sep 21 14:09:36 CST 2012" />
            <Test name="testRecorderTimelapsedVideo" result="pass" starttime="Fri Sep 21 14:09:36 CST 2012" endtime="Fri Sep 21 14:09:47 CST 2012" />
            <Test name="testRecorderVideo" result="pass" starttime="Fri Sep 21 14:09:47 CST 2012" endtime="Fri Sep 21 14:09:52 CST 2012" />
            <Test name="testRecordingAudioInRawFormats" result="pass" starttime="Fri Sep 21 14:09:52 CST 2012" endtime="Fri Sep 21 14:10:02 CST 2012" />
            <Test name="testSetCamera" result="pass" starttime="Fri Sep 21 14:10:02 CST 2012" endtime="Fri Sep 21 14:10:08 CST 2012" />
            <Test name="testSetMaxDuration" result="pass" starttime="Fri Sep 21 14:10:08 CST 2012" endtime="Fri Sep 21 14:11:39 CST 2012" />
            <Test name="testSetMaxFileSize" result="pass" starttime="Fri Sep 21 14:11:39 CST 2012" endtime="Fri Sep 21 14:13:09 CST 2012" />
          </TestCase>
          <TestCase name="MediaScannerConnectionTest" priority="">
            <Test name="testAndroidTestCaseSetupProperly" result="pass" starttime="Fri Sep 21 14:13:09 CST 2012" endtime="Fri Sep 21 14:13:09 CST 2012" />
            <Test name="testMediaScannerConnection" result="pass" starttime="Fri Sep 21 14:13:09 CST 2012" endtime="Fri Sep 21 14:13:10 CST 2012" />
          </TestCase>
          <TestCase name="MediaScannerNotificationTest" priority="">
            <Test name="testAndroidTestCaseSetupProperly" result="pass" starttime="Fri Sep 21 14:13:10 CST 2012" endtime="Fri Sep 21 14:13:10 CST 2012" />
            <Test name="testMediaScannerNotification" result="pass" starttime="Fri Sep 21 14:13:10 CST 2012" endtime="Fri Sep 21 14:13:12 CST 2012" />
          </TestCase>
          <TestCase name="MediaScannerTest" priority="">
            <Test name="testAndroidTestCaseSetupProperly" result="pass" starttime="Fri Sep 21 14:13:12 CST 2012" endtime="Fri Sep 21 14:13:12 CST 2012" />
            <Test name="testMediaScanner" result="pass" starttime="Fri Sep 21 14:13:12 CST 2012" endtime="Fri Sep 21 14:13:25 CST 2012" />
            <Test name="testWildcardPaths" result="pass" starttime="Fri Sep 21 14:13:25 CST 2012" endtime="Fri Sep 21 14:13:25 CST 2012" />
          </TestCase>
          <TestCase name="PresetReverbTest" priority="">
            <Test name="test0_0ConstructorAndRelease" result="pass" starttime="Fri Sep 21 14:13:25 CST 2012" endtime="Fri Sep 21 14:13:25 CST 2012" />
            <Test name="test1_0Presets" result="pass" starttime="Fri Sep 21 14:13:25 CST 2012" endtime="Fri Sep 21 14:13:26 CST 2012" />
            <Test name="test1_1Properties" result="pass" starttime="Fri Sep 21 14:13:26 CST 2012" endtime="Fri Sep 21 14:13:26 CST 2012" />
            <Test name="test2_0SetEnabledGetEnabled" result="pass" starttime="Fri Sep 21 14:13:26 CST 2012" endtime="Fri Sep 21 14:13:26 CST 2012" />
            <Test name="test2_1SetEnabledAfterRelease" result="pass" starttime="Fri Sep 21 14:13:26 CST 2012" endtime="Fri Sep 21 14:13:26 CST 2012" />
            <Test name="test3_0ControlStatusListener" result="pass" starttime="Fri Sep 21 14:13:26 CST 2012" endtime="Fri Sep 21 14:13:26 CST 2012" />
            <Test name="test3_1EnableStatusListener" result="pass" starttime="Fri Sep 21 14:13:26 CST 2012" endtime="Fri Sep 21 14:13:26 CST 2012" />
            <Test name="test3_2ParameterChangedListener" result="pass" starttime="Fri Sep 21 14:13:26 CST 2012" endtime="Fri Sep 21 14:13:26 CST 2012" />
            <Test name="testAndroidTestCaseSetupProperly" result="pass" starttime="Fri Sep 21 14:13:26 CST 2012" endtime="Fri Sep 21 14:13:26 CST 2012" />
          </TestCase>
          <TestCase name="RingtoneManagerTest" priority="">
            <Test name="testAccessMethods" result="pass" starttime="Fri Sep 21 14:13:26 CST 2012" endtime="Fri Sep 21 14:13:27 CST 2012" />
            <Test name="testConstructors" result="pass" starttime="Fri Sep 21 14:13:27 CST 2012" endtime="Fri Sep 21 14:13:27 CST 2012" />
            <Test name="testSetType" result="pass" starttime="Fri Sep 21 14:13:27 CST 2012" endtime="Fri Sep 21 14:13:27 CST 2012" />
            <Test name="testStopPreviousRingtone" result="pass" starttime="Fri Sep 21 14:13:27 CST 2012" endtime="Fri Sep 21 14:13:28 CST 2012" />
          </TestCase>
          <TestCase name="RingtoneTest" priority="">
            <Test name="testAndroidTestCaseSetupProperly" result="pass" starttime="Fri Sep 21 14:13:28 CST 2012" endtime="Fri Sep 21 14:13:28 CST 2012" />
            <Test name="testRingtone" result="pass" starttime="Fri Sep 21 14:13:28 CST 2012" endtime="Fri Sep 21 14:13:28 CST 2012" />
          </TestCase>
          <TestCase name="SoundPoolAacTest" priority="">
            <Test name="testAndroidTestCaseSetupProperly" result="pass" starttime="Fri Sep 21 14:13:28 CST 2012" endtime="Fri Sep 21 14:13:28 CST 2012" />
            <Test name="testLoad" result="pass" starttime="Fri Sep 21 14:13:28 CST 2012" endtime="Fri Sep 21 14:13:30 CST 2012" />
            <Test name="testLoadMore" result="pass" starttime="Fri Sep 21 14:13:30 CST 2012" endtime="Fri Sep 21 14:13:36 CST 2012" />
            <Test name="testMultiSound" result="pass" starttime="Fri Sep 21 14:13:36 CST 2012" endtime="Fri Sep 21 14:13:50 CST 2012" />
            <Test name="testSoundPoolOp" result="pass" starttime="Fri Sep 21 14:13:50 CST 2012" endtime="Fri Sep 21 14:14:08 CST 2012" />
          </TestCase>
          <TestCase name="SoundPoolOggTest" priority="">
            <Test name="testAndroidTestCaseSetupProperly" result="pass" starttime="Fri Sep 21 14:14:08 CST 2012" endtime="Fri Sep 21 14:14:08 CST 2012" />
            <Test name="testLoad" result="pass" starttime="Fri Sep 21 14:14:08 CST 2012" endtime="Fri Sep 21 14:14:10 CST 2012" />
            <Test name="testLoadMore" result="pass" starttime="Fri Sep 21 14:14:10 CST 2012" endtime="Fri Sep 21 14:14:16 CST 2012" />
            <Test name="testMultiSound" result="pass" starttime="Fri Sep 21 14:14:16 CST 2012" endtime="Fri Sep 21 14:14:30 CST 2012" />
            <Test name="testSoundPoolOp" result="pass" starttime="Fri Sep 21 14:14:30 CST 2012" endtime="Fri Sep 21 14:14:47 CST 2012" />
          </TestCase>
          <TestCase name="StreamingMediaPlayerTest" priority="">
            <Test name="testHLS" result="pass" starttime="Fri Sep 21 14:14:47 CST 2012" endtime="Fri Sep 21 14:15:56 CST 2012" />
            <Test name="testHTTP_H263_AMR_Video1" result="pass" starttime="Fri Sep 21 14:15:56 CST 2012" endtime="Fri Sep 21 14:18:56 CST 2012" />
            <Test name="testHTTP_H263_AMR_Video2" result="pass" starttime="Fri Sep 21 14:18:56 CST 2012" endtime="Fri Sep 21 14:22:20 CST 2012" />
            <Test name="testHTTP_H264Base_AAC_Video1" result="pass" starttime="Fri Sep 21 14:22:20 CST 2012" endtime="Fri Sep 21 14:25:21 CST 2012" />
            <Test name="testHTTP_H264Base_AAC_Video2" result="pass" starttime="Fri Sep 21 14:25:21 CST 2012" endtime="Fri Sep 21 14:28:45 CST 2012" />
            <Test name="testHTTP_MPEG4SP_AAC_Video1" result="pass" starttime="Fri Sep 21 14:28:45 CST 2012" endtime="Fri Sep 21 14:31:45 CST 2012" />
            <Test name="testHTTP_MPEG4SP_AAC_Video2" result="pass" starttime="Fri Sep 21 14:31:45 CST 2012" endtime="Fri Sep 21 14:35:10 CST 2012" />
            <Test name="testPlayMp3Stream1" result="pass" starttime="Fri Sep 21 14:35:10 CST 2012" endtime="Fri Sep 21 14:35:12 CST 2012" />
            <Test name="testPlayMp3Stream2" result="pass" starttime="Fri Sep 21 14:35:12 CST 2012" endtime="Fri Sep 21 14:35:15 CST 2012" />
            <Test name="testPlayMp3StreamNoLength" result="pass" starttime="Fri Sep 21 14:35:15 CST 2012" endtime="Fri Sep 21 14:35:23 CST 2012" />
            <Test name="testPlayMp3StreamRedirect" result="pass" starttime="Fri Sep 21 14:35:23 CST 2012" endtime="Fri Sep 21 14:35:26 CST 2012" />
            <Test name="testPlayOggStream" result="pass" starttime="Fri Sep 21 14:35:26 CST 2012" endtime="Fri Sep 21 14:35:28 CST 2012" />
            <Test name="testPlayOggStreamNoLength" result="pass" starttime="Fri Sep 21 14:35:28 CST 2012" endtime="Fri Sep 21 14:35:36 CST 2012" />
            <Test name="testPlayOggStreamRedirect" result="pass" starttime="Fri Sep 21 14:35:36 CST 2012" endtime="Fri Sep 21 14:35:39 CST 2012" />
          </TestCase>
          <TestCase name="ToneGeneratorTest" priority="">
            <Test name="testAndroidTestCaseSetupProperly" result="pass" starttime="Fri Sep 21 14:55:52 CST 2012" endtime="Fri Sep 21 14:55:52 CST 2012" />
            <Test name="testSyncGenerate" result="pass" starttime="Fri Sep 21 14:55:52 CST 2012" endtime="Fri Sep 21 14:55:53 CST 2012" />
          </TestCase>
          <TestCase name="VirtualizerTest" priority="">
            <Test name="test0_0ConstructorAndRelease" result="pass" starttime="Fri Sep 21 14:55:53 CST 2012" endtime="Fri Sep 21 14:55:53 CST 2012" />
            <Test name="test1_0Strength" result="pass" starttime="Fri Sep 21 14:55:53 CST 2012" endtime="Fri Sep 21 14:55:53 CST 2012" />
            <Test name="test1_1Properties" result="pass" starttime="Fri Sep 21 14:55:53 CST 2012" endtime="Fri Sep 21 14:55:54 CST 2012" />
            <Test name="test1_2SetStrengthAfterRelease" result="pass" starttime="Fri Sep 21 14:55:54 CST 2012" endtime="Fri Sep 21 14:55:54 CST 2012" />
            <Test name="test2_0SetEnabledGetEnabled" result="pass" starttime="Fri Sep 21 14:55:54 CST 2012" endtime="Fri Sep 21 14:55:54 CST 2012" />
            <Test name="test2_1SetEnabledAfterRelease" result="pass" starttime="Fri Sep 21 14:55:54 CST 2012" endtime="Fri Sep 21 14:55:54 CST 2012" />
            <Test name="test3_0ControlStatusListener" result="pass" starttime="Fri Sep 21 14:55:54 CST 2012" endtime="Fri Sep 21 14:55:54 CST 2012" />
            <Test name="test3_1EnableStatusListener" result="pass" starttime="Fri Sep 21 14:55:54 CST 2012" endtime="Fri Sep 21 14:55:54 CST 2012" />
            <Test name="test3_2ParameterChangedListener" result="pass" starttime="Fri Sep 21 14:55:54 CST 2012" endtime="Fri Sep 21 14:55:54 CST 2012" />
            <Test name="testAndroidTestCaseSetupProperly" result="pass" starttime="Fri Sep 21 14:55:54 CST 2012" endtime="Fri Sep 21 14:55:54 CST 2012" />
          </TestCase>
          <TestCase name="VisualizerTest" priority="">
            <Test name="test0_0ConstructorAndRelease" result="pass" starttime="Fri Sep 21 14:55:54 CST 2012" endtime="Fri Sep 21 14:55:54 CST 2012" />
            <Test name="test1_0CaptureRates" result="pass" starttime="Fri Sep 21 14:55:54 CST 2012" endtime="Fri Sep 21 14:55:54 CST 2012" />
            <Test name="test1_1CaptureSize" result="pass" starttime="Fri Sep 21 14:55:54 CST 2012" endtime="Fri Sep 21 14:55:55 CST 2012" />
            <Test name="test2_0PollingCapture" result="pass" starttime="Fri Sep 21 14:55:55 CST 2012" endtime="Fri Sep 21 14:55:55 CST 2012" />
            <Test name="test2_1ListenerCapture" result="pass" starttime="Fri Sep 21 14:55:55 CST 2012" endtime="Fri Sep 21 14:55:55 CST 2012" />
            <Test name="testAndroidTestCaseSetupProperly" result="pass" starttime="Fri Sep 21 14:55:55 CST 2012" endtime="Fri Sep 21 14:55:55 CST 2012" />
          </TestCase>
        </TestSuite>
      </TestSuite>
    </TestSuite>
  </TestPackage>
  <TestPackage name="CtsMediaStressTestCases" appPackageName="android.mediastress" digest="3c9437f772a4ab244e943c33c8e29c25017b8645">
    <TestSuite name="android">
      <TestSuite name="mediastress">
        <TestSuite name="cts">
          <TestCase name="H263QcifLongPlayerTest" priority="">
            <Test name="testPlay00" result="pass" starttime="Fri Sep 21 12:08:16 CST 2012" endtime="Fri Sep 21 12:18:17 CST 2012" />
          </TestCase>
          <TestCase name="H263QcifShortPlayerTest" priority="">
            <Test name="testPlay00" result="pass" starttime="Fri Sep 21 12:18:17 CST 2012" endtime="Fri Sep 21 12:18:39 CST 2012" />
            <Test name="testPlay01" result="pass" starttime="Fri Sep 21 12:18:39 CST 2012" endtime="Fri Sep 21 12:19:02 CST 2012" />
            <Test name="testPlay02" result="pass" starttime="Fri Sep 21 12:19:02 CST 2012" endtime="Fri Sep 21 12:19:25 CST 2012" />
            <Test name="testPlay03" result="pass" starttime="Fri Sep 21 12:19:25 CST 2012" endtime="Fri Sep 21 12:19:47 CST 2012" />
            <Test name="testPlay04" result="pass" starttime="Fri Sep 21 12:19:47 CST 2012" endtime="Fri Sep 21 12:20:10 CST 2012" />
            <Test name="testPlay05" result="pass" starttime="Fri Sep 21 12:20:10 CST 2012" endtime="Fri Sep 21 12:20:33 CST 2012" />
            <Test name="testPlay06" result="pass" starttime="Fri Sep 21 12:20:33 CST 2012" endtime="Fri Sep 21 12:20:55 CST 2012" />
            <Test name="testPlay07" result="pass" starttime="Fri Sep 21 12:20:55 CST 2012" endtime="Fri Sep 21 12:21:18 CST 2012" />
            <Test name="testPlay08" result="pass" starttime="Fri Sep 21 12:21:18 CST 2012" endtime="Fri Sep 21 12:21:40 CST 2012" />
            <Test name="testPlay09" result="pass" starttime="Fri Sep 21 12:21:40 CST 2012" endtime="Fri Sep 21 12:22:02 CST 2012" />
            <Test name="testPlay10" result="pass" starttime="Fri Sep 21 12:22:02 CST 2012" endtime="Fri Sep 21 12:22:25 CST 2012" />
            <Test name="testPlay11" result="pass" starttime="Fri Sep 21 12:22:25 CST 2012" endtime="Fri Sep 21 12:22:48 CST 2012" />
            <Test name="testPlay12" result="pass" starttime="Fri Sep 21 12:22:48 CST 2012" endtime="Fri Sep 21 12:23:10 CST 2012" />
            <Test name="testPlay13" result="pass" starttime="Fri Sep 21 12:23:10 CST 2012" endtime="Fri Sep 21 12:23:33 CST 2012" />
            <Test name="testPlay14" result="pass" starttime="Fri Sep 21 12:23:33 CST 2012" endtime="Fri Sep 21 12:23:56 CST 2012" />
            <Test name="testPlay15" result="pass" starttime="Fri Sep 21 12:23:56 CST 2012" endtime="Fri Sep 21 12:24:18 CST 2012" />
            <Test name="testPlay16" result="pass" starttime="Fri Sep 21 12:24:18 CST 2012" endtime="Fri Sep 21 12:24:41 CST 2012" />
            <Test name="testPlay17" result="pass" starttime="Fri Sep 21 12:24:41 CST 2012" endtime="Fri Sep 21 12:25:04 CST 2012" />
            <Test name="testPlay18" result="pass" starttime="Fri Sep 21 12:25:04 CST 2012" endtime="Fri Sep 21 12:25:26 CST 2012" />
            <Test name="testPlay19" result="pass" starttime="Fri Sep 21 12:25:26 CST 2012" endtime="Fri Sep 21 12:25:48 CST 2012" />
            <Test name="testPlay20" result="pass" starttime="Fri Sep 21 12:25:48 CST 2012" endtime="Fri Sep 21 12:26:11 CST 2012" />
            <Test name="testPlay21" result="pass" starttime="Fri Sep 21 12:26:11 CST 2012" endtime="Fri Sep 21 12:26:34 CST 2012" />
            <Test name="testPlay22" result="pass" starttime="Fri Sep 21 12:26:34 CST 2012" endtime="Fri Sep 21 12:26:56 CST 2012" />
            <Test name="testPlay23" result="pass" starttime="Fri Sep 21 12:26:56 CST 2012" endtime="Fri Sep 21 12:27:18 CST 2012" />
          </TestCase>
          <TestCase name="H264R1080pAacLongPlayerTest" priority="">
            <Test name="testPlay00" result="pass" starttime="Fri Sep 21 12:27:18 CST 2012" endtime="Fri Sep 21 12:27:19 CST 2012" />
          </TestCase>
          <TestCase name="H264R1080pAacShortPlayerTest" priority="">
            <Test name="testPlay00" result="pass" starttime="Fri Sep 21 12:27:19 CST 2012" endtime="Fri Sep 21 12:27:19 CST 2012" />
            <Test name="testPlay01" result="pass" starttime="Fri Sep 21 12:27:19 CST 2012" endtime="Fri Sep 21 12:27:19 CST 2012" />
            <Test name="testPlay02" result="pass" starttime="Fri Sep 21 12:27:19 CST 2012" endtime="Fri Sep 21 12:27:19 CST 2012" />
          </TestCase>
          <TestCase name="H264R480pAacLongPlayerTest" priority="">
            <Test name="testPlay00" result="pass" starttime="Fri Sep 21 12:27:19 CST 2012" endtime="Fri Sep 21 12:37:17 CST 2012" />
          </TestCase>
          <TestCase name="H264R480pAacShortPlayerTest" priority="">
            <Test name="testPlay00" result="pass" starttime="Fri Sep 21 12:37:17 CST 2012" endtime="Fri Sep 21 12:37:40 CST 2012" />
            <Test name="testPlay01" result="pass" starttime="Fri Sep 21 12:37:40 CST 2012" endtime="Fri Sep 21 12:38:02 CST 2012" />
            <Test name="testPlay02" result="pass" starttime="Fri Sep 21 12:38:02 CST 2012" endtime="Fri Sep 21 12:38:25 CST 2012" />
            <Test name="testPlay03" result="pass" starttime="Fri Sep 21 12:38:25 CST 2012" endtime="Fri Sep 21 12:38:47 CST 2012" />
            <Test name="testPlay04" result="pass" starttime="Fri Sep 21 12:38:47 CST 2012" endtime="Fri Sep 21 12:39:10 CST 2012" />
            <Test name="testPlay05" result="pass" starttime="Fri Sep 21 12:39:10 CST 2012" endtime="Fri Sep 21 12:39:32 CST 2012" />
            <Test name="testPlay06" result="pass" starttime="Fri Sep 21 12:39:32 CST 2012" endtime="Fri Sep 21 12:39:55 CST 2012" />
            <Test name="testPlay07" result="pass" starttime="Fri Sep 21 12:39:55 CST 2012" endtime="Fri Sep 21 12:40:18 CST 2012" />
            <Test name="testPlay08" result="pass" starttime="Fri Sep 21 12:40:18 CST 2012" endtime="Fri Sep 21 12:40:40 CST 2012" />
            <Test name="testPlay09" result="pass" starttime="Fri Sep 21 12:40:40 CST 2012" endtime="Fri Sep 21 12:41:03 CST 2012" />
            <Test name="testPlay10" result="pass" starttime="Fri Sep 21 12:41:03 CST 2012" endtime="Fri Sep 21 12:41:25 CST 2012" />
            <Test name="testPlay11" result="pass" starttime="Fri Sep 21 12:41:25 CST 2012" endtime="Fri Sep 21 12:41:48 CST 2012" />
          </TestCase>
          <TestCase name="H264R480x360AacShortPlayerTest" priority="">
            <Test name="testPlay00" result="pass" starttime="Fri Sep 21 12:41:48 CST 2012" endtime="Fri Sep 21 12:42:10 CST 2012" />
            <Test name="testPlay01" result="pass" starttime="Fri Sep 21 12:42:10 CST 2012" endtime="Fri Sep 21 12:42:33 CST 2012" />
            <Test name="testPlay02" result="pass" starttime="Fri Sep 21 12:42:33 CST 2012" endtime="Fri Sep 21 12:42:56 CST 2012" />
            <Test name="testPlay03" result="pass" starttime="Fri Sep 21 12:42:56 CST 2012" endtime="Fri Sep 21 12:43:18 CST 2012" />
            <Test name="testPlay04" result="pass" starttime="Fri Sep 21 12:43:18 CST 2012" endtime="Fri Sep 21 12:43:41 CST 2012" />
            <Test name="testPlay05" result="pass" starttime="Fri Sep 21 12:43:41 CST 2012" endtime="Fri Sep 21 12:44:03 CST 2012" />
            <Test name="testPlay06" result="pass" starttime="Fri Sep 21 12:44:03 CST 2012" endtime="Fri Sep 21 12:44:26 CST 2012" />
            <Test name="testPlay07" result="pass" starttime="Fri Sep 21 12:44:26 CST 2012" endtime="Fri Sep 21 12:44:48 CST 2012" />
            <Test name="testPlay08" result="pass" starttime="Fri Sep 21 12:44:48 CST 2012" endtime="Fri Sep 21 12:45:11 CST 2012" />
            <Test name="testPlay09" result="pass" starttime="Fri Sep 21 12:45:11 CST 2012" endtime="Fri Sep 21 12:45:33 CST 2012" />
            <Test name="testPlay10" result="pass" starttime="Fri Sep 21 12:45:33 CST 2012" endtime="Fri Sep 21 12:45:56 CST 2012" />
            <Test name="testPlay11" result="pass" starttime="Fri Sep 21 12:45:56 CST 2012" endtime="Fri Sep 21 12:46:18 CST 2012" />
          </TestCase>
          <TestCase name="H264R720pAacLongPlayerTest" priority="">
            <Test name="testPlay00" result="pass" starttime="Fri Sep 21 12:46:18 CST 2012" endtime="Fri Sep 21 12:46:18 CST 2012" />
            <Test name="testPlay01" result="pass" starttime="Fri Sep 21 12:46:18 CST 2012" endtime="Fri Sep 21 12:46:18 CST 2012" />
          </TestCase>
          <TestCase name="H264R720pAacShortPlayerTest" priority="">
            <Test name="testPlay00" result="pass" starttime="Fri Sep 21 12:46:18 CST 2012" endtime="Fri Sep 21 12:46:18 CST 2012" />
            <Test name="testPlay01" result="pass" starttime="Fri Sep 21 12:46:18 CST 2012" endtime="Fri Sep 21 12:46:19 CST 2012" />
            <Test name="testPlay02" result="pass" starttime="Fri Sep 21 12:46:19 CST 2012" endtime="Fri Sep 21 12:46:19 CST 2012" />
            <Test name="testPlay03" result="pass" starttime="Fri Sep 21 12:46:19 CST 2012" endtime="Fri Sep 21 12:46:19 CST 2012" />
            <Test name="testPlay04" result="pass" starttime="Fri Sep 21 12:46:19 CST 2012" endtime="Fri Sep 21 12:46:19 CST 2012" />
            <Test name="testPlay05" result="pass" starttime="Fri Sep 21 12:46:19 CST 2012" endtime="Fri Sep 21 12:46:19 CST 2012" />
            <Test name="testPlay06" result="pass" starttime="Fri Sep 21 12:46:19 CST 2012" endtime="Fri Sep 21 12:46:19 CST 2012" />
            <Test name="testPlay07" result="pass" starttime="Fri Sep 21 12:46:19 CST 2012" endtime="Fri Sep 21 12:46:19 CST 2012" />
            <Test name="testPlay08" result="pass" starttime="Fri Sep 21 12:46:19 CST 2012" endtime="Fri Sep 21 12:46:19 CST 2012" />
            <Test name="testPlay09" result="pass" starttime="Fri Sep 21 12:46:19 CST 2012" endtime="Fri Sep 21 12:46:19 CST 2012" />
            <Test name="testPlay10" result="pass" starttime="Fri Sep 21 12:46:19 CST 2012" endtime="Fri Sep 21 12:46:19 CST 2012" />
            <Test name="testPlay11" result="pass" starttime="Fri Sep 21 12:46:19 CST 2012" endtime="Fri Sep 21 12:46:20 CST 2012" />
            <Test name="testPlay12" result="pass" starttime="Fri Sep 21 12:46:20 CST 2012" endtime="Fri Sep 21 12:46:20 CST 2012" />
          </TestCase>
          <TestCase name="MediaRecorderStressTest" priority="">
            <Test name="testStressCamera" result="pass" starttime="Fri Sep 21 12:46:20 CST 2012" endtime="Fri Sep 21 12:49:34 CST 2012" />
            <Test name="testStressCameraSwitchRecorder" result="pass" starttime="Fri Sep 21 12:49:34 CST 2012" endtime="Fri Sep 21 12:55:38 CST 2012" />
            <Test name="testStressRecordVideoAndPlayback" result="pass" starttime="Fri Sep 21 12:55:38 CST 2012" endtime="Fri Sep 21 13:00:53 CST 2012" />
            <Test name="testStressRecorder" result="pass" starttime="Fri Sep 21 13:00:53 CST 2012" endtime="Fri Sep 21 13:05:06 CST 2012" />
          </TestCase>
          <TestCase name="NativeMediaTest" priority="">
            <Test name="test1080pPlay" result="pass" starttime="Fri Sep 21 13:05:06 CST 2012" endtime="Fri Sep 21 13:05:07 CST 2012" />
            <Test name="test480pPlay" result="pass" starttime="Fri Sep 21 13:05:07 CST 2012" endtime="Fri Sep 21 13:05:52 CST 2012" />
            <Test name="test720pPlay" result="pass" starttime="Fri Sep 21 13:05:52 CST 2012" endtime="Fri Sep 21 13:05:52 CST 2012" />
            <Test name="testDefaultPlay" result="pass" starttime="Fri Sep 21 13:05:52 CST 2012" endtime="Fri Sep 21 13:06:38 CST 2012" />
          </TestCase>
          <TestCase name="Vp8R480x360LongPlayerTest" priority="">
            <Test name="testPlay00" result="pass" starttime="Fri Sep 21 13:06:38 CST 2012" endtime="Fri Sep 21 13:16:36 CST 2012" />
          </TestCase>
          <TestCase name="Vp8R480x360ShortPlayerTest" priority="">
            <Test name="testPlay00" result="pass" starttime="Fri Sep 21 13:16:36 CST 2012" endtime="Fri Sep 21 13:16:58 CST 2012" />
            <Test name="testPlay01" result="pass" starttime="Fri Sep 21 13:16:58 CST 2012" endtime="Fri Sep 21 13:17:21 CST 2012" />
            <Test name="testPlay02" result="pass" starttime="Fri Sep 21 13:17:21 CST 2012" endtime="Fri Sep 21 13:17:43 CST 2012" />
            <Test name="testPlay03" result="pass" starttime="Fri Sep 21 13:17:43 CST 2012" endtime="Fri Sep 21 13:18:05 CST 2012" />
            <Test name="testPlay04" result="pass" starttime="Fri Sep 21 13:18:05 CST 2012" endtime="Fri Sep 21 13:18:28 CST 2012" />
            <Test name="testPlay05" result="pass" starttime="Fri Sep 21 13:18:28 CST 2012" endtime="Fri Sep 21 13:18:50 CST 2012" />
            <Test name="testPlay06" result="pass" starttime="Fri Sep 21 13:18:50 CST 2012" endtime="Fri Sep 21 13:19:13 CST 2012" />
            <Test name="testPlay07" result="pass" starttime="Fri Sep 21 13:19:13 CST 2012" endtime="Fri Sep 21 13:19:35 CST 2012" />
            <Test name="testPlay08" result="pass" starttime="Fri Sep 21 13:19:35 CST 2012" endtime="Fri Sep 21 13:19:58 CST 2012" />
            <Test name="testPlay09" result="pass" starttime="Fri Sep 21 13:19:58 CST 2012" endtime="Fri Sep 21 13:20:20 CST 2012" />
            <Test name="testPlay10" result="pass" starttime="Fri Sep 21 13:20:20 CST 2012" endtime="Fri Sep 21 13:20:42 CST 2012" />
            <Test name="testPlay11" result="pass" starttime="Fri Sep 21 13:20:42 CST 2012" endtime="Fri Sep 21 13:21:05 CST 2012" />
          </TestCase>
        </TestSuite>
      </TestSuite>
    </TestSuite>
  </TestPackage>
  <TestPackage name="CtsMonkeyTestCases" appPackageName="android.monkey" digest="ee3e90874d4057f292ea8a7ac09864a1475866c0">
    <TestSuite name="com">
      <TestSuite name="android">
        <TestSuite name="cts">
          <TestSuite name="monkey">
            <TestCase name="CategoryTest" priority="">
              <Test name="testDefaultCategories" result="pass" starttime="Fri Sep 21 14:55:58 CST 2012" endtime="Fri Sep 21 14:56:14 CST 2012" />
              <Test name="testMultipleCategories" result="pass" starttime="Fri Sep 21 14:56:14 CST 2012" endtime="Fri Sep 21 14:56:31 CST 2012" />
              <Test name="testSingleCategory" result="pass" starttime="Fri Sep 21 14:56:31 CST 2012" endtime="Fri Sep 21 14:56:59 CST 2012" />
            </TestCase>
            <TestCase name="MonkeyTest" priority="">
              <Test name="testIsMonkey" result="pass" starttime="Fri Sep 21 14:56:59 CST 2012" endtime="Fri Sep 21 14:57:06 CST 2012" />
              <Test name="testNotMonkey" result="pass" starttime="Fri Sep 21 14:57:06 CST 2012" endtime="Fri Sep 21 14:57:12 CST 2012" />
            </TestCase>
            <TestCase name="PackageTest" priority="">
              <Test name="testMultiplePackages" result="pass" starttime="Fri Sep 21 14:57:12 CST 2012" endtime="Fri Sep 21 14:57:29 CST 2012" />
              <Test name="testSinglePackage" result="pass" starttime="Fri Sep 21 14:57:29 CST 2012" endtime="Fri Sep 21 14:57:57 CST 2012" />
            </TestCase>
            <TestCase name="SeedTest" priority="">
              <Test name="testSeed" result="pass" starttime="Fri Sep 21 14:57:57 CST 2012" endtime="Fri Sep 21 14:58:07 CST 2012" />
            </TestCase>
            <TestCase name="VerbosityTest" priority="">
              <Test name="testVerbosity" result="pass" starttime="Fri Sep 21 14:58:07 CST 2012" endtime="Fri Sep 21 14:58:18 CST 2012" />
            </TestCase>
          </TestSuite>
        </TestSuite>
      </TestSuite>
    </TestSuite>
  </TestPackage>
  <TestPackage name="NativeMediaTest_SL" appPackageName="android.nativemedia.sl" digest="">
    <TestSuite name="android">
      <TestSuite name="nativemedia">
        <TestSuite name="sl">
          <TestCase name="SLObjectCreationTest" priority="">
            <Test name="testEngineCreation" result="pass" starttime="Fri Sep 21 15:34:36 CST 2012" endtime="Fri Sep 21 15:34:36 CST 2012" />
            <Test name="testOutputMixCreation" result="pass" starttime="Fri Sep 21 15:34:36 CST 2012" endtime="Fri Sep 21 15:34:36 CST 2012" />
            <Test name="testAudioPlayerFromUriCreation" result="pass" starttime="Fri Sep 21 15:34:36 CST 2012" endtime="Fri Sep 21 15:34:36 CST 2012" />
            <Test name="testAudioPlayerFromFdCreation" result="pass" starttime="Fri Sep 21 15:34:36 CST 2012" endtime="Fri Sep 21 15:34:36 CST 2012" />
            <Test name="testAudioPlayerFromPcmBqCreation" result="pass" starttime="Fri Sep 21 15:34:36 CST 2012" endtime="Fri Sep 21 15:34:36 CST 2012" />
            <Test name="testAudioPlayerFromTsAbqCreation" result="pass" starttime="Fri Sep 21 15:34:36 CST 2012" endtime="Fri Sep 21 15:34:36 CST 2012" />
            <Test name="testAudioPlayerFromUriToPcmBqCreation" result="pass" starttime="Fri Sep 21 15:34:36 CST 2012" endtime="Fri Sep 21 15:34:36 CST 2012" />
            <Test name="testAudioPlayerFromFdToPcmBqCreation" result="pass" starttime="Fri Sep 21 15:34:36 CST 2012" endtime="Fri Sep 21 15:34:36 CST 2012" />
            <Test name="testAudioPlayerFromAdtsAbqToPcmBqCreation" result="pass" starttime="Fri Sep 21 15:34:36 CST 2012" endtime="Fri Sep 21 15:34:36 CST 2012" />
          </TestCase>
        </TestSuite>
      </TestSuite>
    </TestSuite>
  </TestPackage>
  <TestPackage name="NativeMediaTest_XA" appPackageName="android.nativemedia.xa" digest="">
    <TestSuite name="android">
      <TestSuite name="nativemedia">
        <TestSuite name="xa">
          <TestCase name="XAObjectCreationTest" priority="">
            <Test name="testEngineCreation" result="pass" starttime="Fri Sep 21 15:34:37 CST 2012" endtime="Fri Sep 21 15:34:37 CST 2012" />
            <Test name="testOutputMixCreation" result="pass" starttime="Fri Sep 21 15:34:37 CST 2012" endtime="Fri Sep 21 15:34:37 CST 2012" />
          </TestCase>
        </TestSuite>
      </TestSuite>
    </TestSuite>
  </TestPackage>
  <TestPackage name="CtsNdefTestCases" appPackageName="android.ndef" digest="9c2db6c2ad0f64546c8e26ff719e8c9423afefd6">
    <TestSuite name="android">
      <TestSuite name="ndef">
        <TestSuite name="cts">
          <TestCase name="NdefTest" priority="">
            <Test name="testConstructor" result="pass" starttime="Fri Sep 21 14:58:21 CST 2012" endtime="Fri Sep 21 14:58:21 CST 2012" />
            <Test name="testCreateApplicationRecord" result="pass" starttime="Fri Sep 21 14:58:21 CST 2012" endtime="Fri Sep 21 14:58:21 CST 2012" />
            <Test name="testCreateExternal" result="pass" starttime="Fri Sep 21 14:58:21 CST 2012" endtime="Fri Sep 21 14:58:21 CST 2012" />
            <Test name="testCreateMime" result="pass" starttime="Fri Sep 21 14:58:21 CST 2012" endtime="Fri Sep 21 14:58:21 CST 2012" />
            <Test name="testCreateUri" result="pass" starttime="Fri Sep 21 14:58:21 CST 2012" endtime="Fri Sep 21 14:58:21 CST 2012" />
            <Test name="testEquals" result="pass" starttime="Fri Sep 21 14:58:21 CST 2012" endtime="Fri Sep 21 14:58:22 CST 2012" />
            <Test name="testInvalidParsing" result="pass" starttime="Fri Sep 21 14:58:22 CST 2012" endtime="Fri Sep 21 14:58:22 CST 2012" />
            <Test name="testToByteArray" result="pass" starttime="Fri Sep 21 14:58:22 CST 2012" endtime="Fri Sep 21 14:58:22 CST 2012" />
            <Test name="testToMimeType" result="pass" starttime="Fri Sep 21 14:58:22 CST 2012" endtime="Fri Sep 21 14:58:22 CST 2012" />
            <Test name="testToUri" result="pass" starttime="Fri Sep 21 14:58:22 CST 2012" endtime="Fri Sep 21 14:58:22 CST 2012" />
            <Test name="testValidParsing" result="pass" starttime="Fri Sep 21 14:58:22 CST 2012" endtime="Fri Sep 21 14:58:22 CST 2012" />
          </TestCase>
        </TestSuite>
      </TestSuite>
    </TestSuite>
  </TestPackage>
  <TestPackage name="CtsNetTestCases" appPackageName="android.net" digest="f2720b2581d565693eb652b4b50668bef73a00fe">
    <TestSuite name="android">
      <TestSuite name="net">
        <TestSuite name="cts">
          <TestCase name="ConnectivityManagerTest" priority="">
            <Test name="testAndroidTestCaseSetupProperly" result="pass" starttime="Fri Sep 21 14:58:26 CST 2012" endtime="Fri Sep 21 14:58:26 CST 2012" />
            <Test name="testGetActiveNetworkInfo" result="pass" starttime="Fri Sep 21 14:58:26 CST 2012" endtime="Fri Sep 21 14:58:26 CST 2012" />
            <Test name="testGetAllNetworkInfo" result="pass" starttime="Fri Sep 21 14:58:26 CST 2012" endtime="Fri Sep 21 14:58:27 CST 2012" />
            <Test name="testGetNetworkInfo" result="pass" starttime="Fri Sep 21 14:58:27 CST 2012" endtime="Fri Sep 21 14:58:27 CST 2012" />
            <Test name="testIsNetworkTypeValid" result="pass" starttime="Fri Sep 21 14:58:27 CST 2012" endtime="Fri Sep 21 14:58:27 CST 2012" />
            <Test name="testRequestRouteToHost" result="pass" starttime="Fri Sep 21 14:58:27 CST 2012" endtime="Fri Sep 21 14:58:27 CST 2012" />
            <Test name="testStartUsingNetworkFeature" result="pass" starttime="Fri Sep 21 14:58:27 CST 2012" endtime="Fri Sep 21 14:58:27 CST 2012" />
            <Test name="testStartUsingNetworkFeature_enableHipri" result="pass" starttime="Fri Sep 21 14:58:27 CST 2012" endtime="Fri Sep 21 14:58:27 CST 2012" />
            <Test name="testTest" result="pass" starttime="Fri Sep 21 14:58:27 CST 2012" endtime="Fri Sep 21 14:58:27 CST 2012" />
          </TestCase>
          <TestCase name="CredentialsTest" priority="">
            <Test name="testAndroidTestCaseSetupProperly" result="pass" starttime="Fri Sep 21 14:58:27 CST 2012" endtime="Fri Sep 21 14:58:27 CST 2012" />
            <Test name="testCredentials" result="pass" starttime="Fri Sep 21 14:58:27 CST 2012" endtime="Fri Sep 21 14:58:27 CST 2012" />
          </TestCase>
          <TestCase name="DhcpInfoTest" priority="">
            <Test name="testAndroidTestCaseSetupProperly" result="pass" starttime="Fri Sep 21 14:58:27 CST 2012" endtime="Fri Sep 21 14:58:27 CST 2012" />
            <Test name="testConstructor" result="pass" starttime="Fri Sep 21 14:58:27 CST 2012" endtime="Fri Sep 21 14:58:28 CST 2012" />
            <Test name="testToString" result="pass" starttime="Fri Sep 21 14:58:28 CST 2012" endtime="Fri Sep 21 14:58:28 CST 2012" />
          </TestCase>
          <TestCase name="LocalServerSocketTest" priority="">
            <Test name="testAndroidTestCaseSetupProperly" result="pass" starttime="Fri Sep 21 14:58:28 CST 2012" endtime="Fri Sep 21 14:58:28 CST 2012" />
            <Test name="testLocalServerSocket" result="pass" starttime="Fri Sep 21 14:58:28 CST 2012" endtime="Fri Sep 21 14:58:28 CST 2012" />
          </TestCase>
          <TestCase name="LocalSocketAddressTest" priority="">
            <Test name="testAndroidTestCaseSetupProperly" result="pass" starttime="Fri Sep 21 14:58:28 CST 2012" endtime="Fri Sep 21 14:58:28 CST 2012" />
            <Test name="testNewLocalSocketAddressWithDefaultNamespace" result="pass" starttime="Fri Sep 21 14:58:28 CST 2012" endtime="Fri Sep 21 14:58:28 CST 2012" />
          </TestCase>
          <TestCase name="LocalSocketAddress_NamespaceTest" priority="">
            <Test name="testAndroidTestCaseSetupProperly" result="pass" starttime="Fri Sep 21 14:58:28 CST 2012" endtime="Fri Sep 21 14:58:28 CST 2012" />
            <Test name="testValueOf" result="pass" starttime="Fri Sep 21 14:58:28 CST 2012" endtime="Fri Sep 21 14:58:28 CST 2012" />
            <Test name="testValues" result="pass" starttime="Fri Sep 21 14:58:28 CST 2012" endtime="Fri Sep 21 14:58:28 CST 2012" />
          </TestCase>
          <TestCase name="LocalSocketTest" priority="">
            <Test name="testAccessors" result="pass" starttime="Fri Sep 21 14:58:28 CST 2012" endtime="Fri Sep 21 14:58:29 CST 2012" />
            <Test name="testAndroidTestCaseSetupProperly" result="pass" starttime="Fri Sep 21 14:58:29 CST 2012" endtime="Fri Sep 21 14:58:29 CST 2012" />
            <Test name="testLocalConnections" result="pass" starttime="Fri Sep 21 14:58:29 CST 2012" endtime="Fri Sep 21 14:58:29 CST 2012" />
          </TestCase>
          <TestCase name="MailToTest" priority="">
            <Test name="testAndroidTestCaseSetupProperly" result="pass" starttime="Fri Sep 21 14:58:29 CST 2012" endtime="Fri Sep 21 14:58:29 CST 2012" />
            <Test name="testParseMailToURI" result="pass" starttime="Fri Sep 21 14:58:29 CST 2012" endtime="Fri Sep 21 14:58:29 CST 2012" />
          </TestCase>
          <TestCase name="NetworkInfoTest" priority="">
            <Test name="testAccessNetworkInfoProperties" result="pass" starttime="Fri Sep 21 14:58:29 CST 2012" endtime="Fri Sep 21 14:58:29 CST 2012" />
            <Test name="testAndroidTestCaseSetupProperly" result="pass" starttime="Fri Sep 21 14:58:29 CST 2012" endtime="Fri Sep 21 14:58:29 CST 2012" />
          </TestCase>
          <TestCase name="NetworkInfo_DetailedStateTest" priority="">
            <Test name="testAndroidTestCaseSetupProperly" result="pass" starttime="Fri Sep 21 14:58:29 CST 2012" endtime="Fri Sep 21 14:58:29 CST 2012" />
            <Test name="testValueOf" result="pass" starttime="Fri Sep 21 14:58:29 CST 2012" endtime="Fri Sep 21 14:58:29 CST 2012" />
            <Test name="testValues" result="pass" starttime="Fri Sep 21 14:58:29 CST 2012" endtime="Fri Sep 21 14:58:29 CST 2012" />
          </TestCase>
          <TestCase name="NetworkInfo_StateTest" priority="">
            <Test name="testAndroidTestCaseSetupProperly" result="pass" starttime="Fri Sep 21 14:58:29 CST 2012" endtime="Fri Sep 21 14:58:30 CST 2012" />
            <Test name="testValueOf" result="pass" starttime="Fri Sep 21 14:58:30 CST 2012" endtime="Fri Sep 21 14:58:30 CST 2012" />
            <Test name="testValues" result="pass" starttime="Fri Sep 21 14:58:30 CST 2012" endtime="Fri Sep 21 14:58:30 CST 2012" />
          </TestCase>
          <TestCase name="ProxyTest" priority="">
            <Test name="testAccessProperties" result="pass" starttime="Fri Sep 21 14:58:30 CST 2012" endtime="Fri Sep 21 14:58:30 CST 2012" />
            <Test name="testAndroidTestCaseSetupProperly" result="pass" starttime="Fri Sep 21 14:58:30 CST 2012" endtime="Fri Sep 21 14:58:30 CST 2012" />
            <Test name="testConstructor" result="pass" starttime="Fri Sep 21 14:58:30 CST 2012" endtime="Fri Sep 21 14:58:30 CST 2012" />
          </TestCase>
          <TestCase name="SSLCertificateSocketFactoryTest" priority="">
            <Test name="testAccessProperties" result="pass" starttime="Fri Sep 21 14:58:30 CST 2012" endtime="Fri Sep 21 14:58:30 CST 2012" />
            <Test name="testAndroidTestCaseSetupProperly" result="pass" starttime="Fri Sep 21 14:58:30 CST 2012" endtime="Fri Sep 21 14:58:30 CST 2012" />
            <Test name="testCreateSocket" result="pass" starttime="Fri Sep 21 14:58:30 CST 2012" endtime="Fri Sep 21 14:58:30 CST 2012" />
            <Test name="test_createSocket_bind" result="pass" starttime="Fri Sep 21 14:58:30 CST 2012" endtime="Fri Sep 21 14:58:31 CST 2012" />
            <Test name="test_createSocket_simple" result="pass" starttime="Fri Sep 21 14:58:31 CST 2012" endtime="Fri Sep 21 14:58:31 CST 2012" />
            <Test name="test_createSocket_wrapping" result="pass" starttime="Fri Sep 21 14:58:31 CST 2012" endtime="Fri Sep 21 14:58:31 CST 2012" />
          </TestCase>
          <TestCase name="TrafficStatsTest" priority="">
            <Test name="testAndroidTestCaseSetupProperly" result="pass" starttime="Fri Sep 21 14:58:31 CST 2012" endtime="Fri Sep 21 14:58:31 CST 2012" />
            <Test name="testGetMobileStats" result="pass" starttime="Fri Sep 21 14:58:31 CST 2012" endtime="Fri Sep 21 14:58:31 CST 2012" />
            <Test name="testTrafficStatsForLocalhost" result="pass" starttime="Fri Sep 21 14:58:31 CST 2012" endtime="Fri Sep 21 14:58:32 CST 2012" />
          </TestCase>
          <TestCase name="UriTest" priority="">
            <Test name="testAndroidTestCaseSetupProperly" result="pass" starttime="Fri Sep 21 14:58:32 CST 2012" endtime="Fri Sep 21 14:58:32 CST 2012" />
            <Test name="testBuildUpon" result="pass" starttime="Fri Sep 21 14:58:32 CST 2012" endtime="Fri Sep 21 14:58:32 CST 2012" />
            <Test name="testCompareTo" result="pass" starttime="Fri Sep 21 14:58:32 CST 2012" endtime="Fri Sep 21 14:58:33 CST 2012" />
            <Test name="testEncodeAndDecode" result="pass" starttime="Fri Sep 21 14:58:33 CST 2012" endtime="Fri Sep 21 14:58:33 CST 2012" />
            <Test name="testEqualsAndHashCode" result="pass" starttime="Fri Sep 21 14:58:33 CST 2012" endtime="Fri Sep 21 14:58:33 CST 2012" />
            <Test name="testFromFile" result="pass" starttime="Fri Sep 21 14:58:33 CST 2012" endtime="Fri Sep 21 14:58:33 CST 2012" />
            <Test name="testHierarchicalUris" result="pass" starttime="Fri Sep 21 14:58:33 CST 2012" endtime="Fri Sep 21 14:58:33 CST 2012" />
            <Test name="testNormalizeScheme" result="pass" starttime="Fri Sep 21 14:58:33 CST 2012" endtime="Fri Sep 21 14:58:33 CST 2012" />
            <Test name="testOpaqueUri" result="pass" starttime="Fri Sep 21 14:58:33 CST 2012" endtime="Fri Sep 21 14:58:33 CST 2012" />
            <Test name="testParcelling" result="pass" starttime="Fri Sep 21 14:58:33 CST 2012" endtime="Fri Sep 21 14:58:33 CST 2012" />
            <Test name="testPathOperations" result="pass" starttime="Fri Sep 21 14:58:33 CST 2012" endtime="Fri Sep 21 14:58:33 CST 2012" />
            <Test name="testQueryParameters" result="pass" starttime="Fri Sep 21 14:58:33 CST 2012" endtime="Fri Sep 21 14:58:33 CST 2012" />
            <Test name="testStringUri" result="pass" starttime="Fri Sep 21 14:58:33 CST 2012" endtime="Fri Sep 21 14:58:34 CST 2012" />
          </TestCase>
          <TestCase name="Uri_BuilderTest" priority="">
            <Test name="testBuilderOperations" result="pass" starttime="Fri Sep 21 14:58:34 CST 2012" endtime="Fri Sep 21 14:58:34 CST 2012" />
          </TestCase>
          <TestCase name="UrlQuerySanitizerTest" priority="">
            <Test name="testAndroidTestCaseSetupProperly" result="pass" starttime="Fri Sep 21 14:58:34 CST 2012" endtime="Fri Sep 21 14:58:34 CST 2012" />
            <Test name="testUrlQuerySanitizer" result="pass" starttime="Fri Sep 21 14:58:34 CST 2012" endtime="Fri Sep 21 14:58:34 CST 2012" />
          </TestCase>
          <TestCase name="UrlQuerySanitizer_IllegalCharacterValueSanitizerTest" priority="">
            <Test name="testAndroidTestCaseSetupProperly" result="pass" starttime="Fri Sep 21 14:58:34 CST 2012" endtime="Fri Sep 21 14:58:34 CST 2012" />
            <Test name="testSanitize" result="pass" starttime="Fri Sep 21 14:58:34 CST 2012" endtime="Fri Sep 21 14:58:34 CST 2012" />
          </TestCase>
          <TestCase name="UrlQuerySanitizer_ParameterValuePairTest" priority="">
            <Test name="testAndroidTestCaseSetupProperly" result="pass" starttime="Fri Sep 21 14:58:34 CST 2012" endtime="Fri Sep 21 14:58:34 CST 2012" />
            <Test name="testConstructor" result="pass" starttime="Fri Sep 21 14:58:34 CST 2012" endtime="Fri Sep 21 14:58:34 CST 2012" />
          </TestCase>
          <TestCase name="VpnServiceTest" priority="">
            <Test name="testAndroidTestCaseSetupProperly" result="pass" starttime="Fri Sep 21 14:58:34 CST 2012" endtime="Fri Sep 21 14:58:35 CST 2012" />
            <Test name="testEstablish" result="pass" starttime="Fri Sep 21 14:58:35 CST 2012" endtime="Fri Sep 21 14:58:35 CST 2012" />
            <Test name="testPrepare" result="pass" starttime="Fri Sep 21 14:58:35 CST 2012" endtime="Fri Sep 21 14:58:35 CST 2012" />
            <Test name="testProtect_DatagramSocket" result="pass" starttime="Fri Sep 21 14:58:35 CST 2012" endtime="Fri Sep 21 14:58:35 CST 2012" />
            <Test name="testProtect_Socket" result="pass" starttime="Fri Sep 21 14:58:35 CST 2012" endtime="Fri Sep 21 14:58:35 CST 2012" />
            <Test name="testProtect_int" result="pass" starttime="Fri Sep 21 14:58:35 CST 2012" endtime="Fri Sep 21 14:58:35 CST 2012" />
            <Test name="testTunDevice" result="pass" starttime="Fri Sep 21 14:58:35 CST 2012" endtime="Fri Sep 21 14:58:35 CST 2012" />
          </TestCase>
        </TestSuite>
        <TestSuite name="http">
          <TestSuite name="cts">
            <TestCase name="ApacheHttpClientTest" priority="">
              <Test name="testAndroidTestCaseSetupProperly" result="pass" starttime="Fri Sep 21 14:58:35 CST 2012" endtime="Fri Sep 21 14:58:35 CST 2012" />
              <Test name="testExecute_withMobile" result="pass" starttime="Fri Sep 21 14:58:35 CST 2012" endtime="Fri Sep 21 14:58:36 CST 2012" />
              <Test name="testExecute_withWifi" result="pass" starttime="Fri Sep 21 14:58:36 CST 2012" endtime="Fri Sep 21 14:58:36 CST 2012" />
            </TestCase>
            <TestCase name="SslCertificateTest" priority="">
              <Test name="testConstructor" result="pass" starttime="Fri Sep 21 14:58:36 CST 2012" endtime="Fri Sep 21 14:58:36 CST 2012" />
              <Test name="testSslCertificate" result="pass" starttime="Fri Sep 21 14:58:36 CST 2012" endtime="Fri Sep 21 14:58:36 CST 2012" />
              <Test name="testState" result="pass" starttime="Fri Sep 21 14:58:36 CST 2012" endtime="Fri Sep 21 14:58:36 CST 2012" />
            </TestCase>
            <TestCase name="SslCertificate_DNameTest" priority="">
              <Test name="testDName" result="pass" starttime="Fri Sep 21 14:58:36 CST 2012" endtime="Fri Sep 21 14:58:37 CST 2012" />
            </TestCase>
            <TestCase name="SslErrorTest" priority="">
              <Test name="testAddError" result="pass" starttime="Fri Sep 21 14:58:37 CST 2012" endtime="Fri Sep 21 14:58:37 CST 2012" />
              <Test name="testAddErrorIgnoresInvalidValues" result="pass" starttime="Fri Sep 21 14:58:37 CST 2012" endtime="Fri Sep 21 14:58:37 CST 2012" />
              <Test name="testConstructorIgnoresInvalidValues" result="pass" starttime="Fri Sep 21 14:58:37 CST 2012" endtime="Fri Sep 21 14:58:37 CST 2012" />
              <Test name="testGetPrimaryError" result="pass" starttime="Fri Sep 21 14:58:37 CST 2012" endtime="Fri Sep 21 14:58:37 CST 2012" />
              <Test name="testGetPrimaryErrorWithEmptySet" result="pass" starttime="Fri Sep 21 14:58:37 CST 2012" endtime="Fri Sep 21 14:58:37 CST 2012" />
              <Test name="testGetUrl" result="pass" starttime="Fri Sep 21 14:58:37 CST 2012" endtime="Fri Sep 21 14:58:37 CST 2012" />
              <Test name="testGetUrlWithDeprecatedConstructor" result="pass" starttime="Fri Sep 21 14:58:37 CST 2012" endtime="Fri Sep 21 14:58:37 CST 2012" />
              <Test name="testHasError" result="pass" starttime="Fri Sep 21 14:58:37 CST 2012" endtime="Fri Sep 21 14:58:37 CST 2012" />
            </TestCase>
          </TestSuite>
        </TestSuite>
        <TestSuite name="rtp">
          <TestSuite name="cts">
            <TestCase name="AudioCodecTest" priority="">
              <Test name="testAndroidTestCaseSetupProperly" result="pass" starttime="Fri Sep 21 14:58:37 CST 2012" endtime="Fri Sep 21 14:58:38 CST 2012" />
              <Test name="testConstants" result="pass" starttime="Fri Sep 21 14:58:38 CST 2012" endtime="Fri Sep 21 14:58:38 CST 2012" />
              <Test name="testGetCodec" result="pass" starttime="Fri Sep 21 14:58:38 CST 2012" endtime="Fri Sep 21 14:58:38 CST 2012" />
              <Test name="testGetCodecs" result="pass" starttime="Fri Sep 21 14:58:38 CST 2012" endtime="Fri Sep 21 14:58:38 CST 2012" />
            </TestCase>
            <TestCase name="AudioGroupTest" priority="">
              <Test name="testAdd" result="pass" starttime="Fri Sep 21 14:58:38 CST 2012" endtime="Fri Sep 21 14:58:38 CST 2012" />
              <Test name="testAndroidTestCaseSetupProperly" result="pass" starttime="Fri Sep 21 14:58:38 CST 2012" endtime="Fri Sep 21 14:58:38 CST 2012" />
              <Test name="testClear" result="pass" starttime="Fri Sep 21 14:58:38 CST 2012" endtime="Fri Sep 21 14:58:38 CST 2012" />
              <Test name="testDoubleClear" result="pass" starttime="Fri Sep 21 14:58:38 CST 2012" endtime="Fri Sep 21 14:58:38 CST 2012" />
              <Test name="testRemove" result="pass" starttime="Fri Sep 21 14:58:38 CST 2012" endtime="Fri Sep 21 14:58:38 CST 2012" />
              <Test name="testSetMode" result="pass" starttime="Fri Sep 21 14:58:38 CST 2012" endtime="Fri Sep 21 14:58:38 CST 2012" />
              <Test name="testTraffic" result="pass" starttime="Fri Sep 21 14:58:38 CST 2012" endtime="Fri Sep 21 14:58:40 CST 2012" />
            </TestCase>
            <TestCase name="AudioStreamTest" priority="">
              <Test name="testAndroidTestCaseSetupProperly" result="pass" starttime="Fri Sep 21 14:58:40 CST 2012" endtime="Fri Sep 21 14:58:40 CST 2012" />
              <Test name="testDoubleRelease" result="pass" starttime="Fri Sep 21 14:58:40 CST 2012" endtime="Fri Sep 21 14:58:40 CST 2012" />
              <Test name="testSetCodec" result="pass" starttime="Fri Sep 21 14:58:40 CST 2012" endtime="Fri Sep 21 14:58:40 CST 2012" />
              <Test name="testSetDtmfType" result="pass" starttime="Fri Sep 21 14:58:40 CST 2012" endtime="Fri Sep 21 14:58:40 CST 2012" />
              <Test name="testV4Stream" result="pass" starttime="Fri Sep 21 14:58:41 CST 2012" endtime="Fri Sep 21 14:58:41 CST 2012" />
              <Test name="testV6Stream" result="pass" starttime="Fri Sep 21 14:58:41 CST 2012" endtime="Fri Sep 21 14:58:41 CST 2012" />
            </TestCase>
          </TestSuite>
        </TestSuite>
        <TestSuite name="wifi">
          <TestSuite name="cts">
            <TestCase name="ConcurrencyTest" priority="">
              <Test name="testAndroidTestCaseSetupProperly" result="pass" starttime="Fri Sep 21 14:58:41 CST 2012" endtime="Fri Sep 21 14:58:51 CST 2012" />
              <Test name="testConcurrency" result="pass" starttime="Fri Sep 21 14:58:51 CST 2012" endtime="Fri Sep 21 14:59:02 CST 2012" />
            </TestCase>
            <TestCase name="ScanResultTest" priority="">
              <Test name="testAndroidTestCaseSetupProperly" result="pass" starttime="Fri Sep 21 14:59:02 CST 2012" endtime="Fri Sep 21 14:59:23 CST 2012" />
              <Test name="testScanResultProperties" result="pass" starttime="Fri Sep 21 14:59:23 CST 2012" endtime="Fri Sep 21 14:59:43 CST 2012" />
            </TestCase>
            <TestCase name="SupplicantStateTest" priority="">
              <Test name="testAndroidTestCaseSetupProperly" result="pass" starttime="Fri Sep 21 14:59:43 CST 2012" endtime="Fri Sep 21 14:59:43 CST 2012" />
              <Test name="testIsValidState" result="pass" starttime="Fri Sep 21 14:59:43 CST 2012" endtime="Fri Sep 21 14:59:43 CST 2012" />
            </TestCase>
            <TestCase name="WifiConfigurationTest" priority="">
              <Test name="testAndroidTestCaseSetupProperly" result="pass" starttime="Fri Sep 21 14:59:43 CST 2012" endtime="Fri Sep 21 14:59:43 CST 2012" />
              <Test name="testWifiConfiguration" result="pass" starttime="Fri Sep 21 14:59:44 CST 2012" endtime="Fri Sep 21 14:59:44 CST 2012" />
            </TestCase>
            <TestCase name="WifiInfoTest" priority="">
              <Test name="testAndroidTestCaseSetupProperly" result="pass" starttime="Fri Sep 21 14:59:44 CST 2012" endtime="Fri Sep 21 15:00:04 CST 2012" />
              <Test name="testWifiInfoProperties" result="pass" starttime="Fri Sep 21 15:00:04 CST 2012" endtime="Fri Sep 21 15:00:31 CST 2012" />
            </TestCase>
            <TestCase name="WifiManagerTest" priority="">
              <Test name="testAndroidTestCaseSetupProperly" result="pass" starttime="Fri Sep 21 15:00:31 CST 2012" endtime="Fri Sep 21 15:00:51 CST 2012" />
              <Test name="testSignal" result="pass" starttime="Fri Sep 21 15:00:51 CST 2012" endtime="Fri Sep 21 15:01:11 CST 2012" />
              <Test name="testWifiManagerActions" result="pass" starttime="Fri Sep 21 15:01:11 CST 2012" endtime="Fri Sep 21 15:01:48 CST 2012" />
              <Test name="testWifiManagerNetWork" result="pass" starttime="Fri Sep 21 15:01:48 CST 2012" endtime="Fri Sep 21 15:02:08 CST 2012" />
              <Test name="testWifiManagerProperties" result="pass" starttime="Fri Sep 21 15:02:08 CST 2012" endtime="Fri Sep 21 15:02:40 CST 2012" />
            </TestCase>
            <TestCase name="WifiManager_WifiLockTest" priority="">
              <Test name="testAndroidTestCaseSetupProperly" result="pass" starttime="Fri Sep 21 15:02:40 CST 2012" endtime="Fri Sep 21 15:02:40 CST 2012" />
              <Test name="testWifiLock" result="pass" starttime="Fri Sep 21 15:02:40 CST 2012" endtime="Fri Sep 21 15:02:41 CST 2012" />
            </TestCase>
          </TestSuite>
        </TestSuite>
      </TestSuite>
    </TestSuite>
  </TestPackage>
  <TestPackage name="CtsOpenGLTestCases" appPackageName="android.opengl" digest="060b29c1695627a17fe175aca820ebe70422189d">
    <TestSuite name="android">
      <TestSuite name="opengl">
        <TestSuite name="cts">
          <TestCase name="AttachShaderTest" priority="">
            <Test name="test_glAttachShaders_emptyfragshader_emptyfragshader" result="pass" starttime="Fri Sep 21 15:02:45 CST 2012" endtime="Fri Sep 21 15:02:47 CST 2012" />
            <Test name="test_glAttachShaders_emptyfragshader_emptyvertexshader" result="pass" starttime="Fri Sep 21 15:02:47 CST 2012" endtime="Fri Sep 21 15:02:48 CST 2012" />
            <Test name="test_glAttachShaders_emptyvertexshader_emptyvertexshader" result="pass" starttime="Fri Sep 21 15:02:48 CST 2012" endtime="Fri Sep 21 15:02:48 CST 2012" />
            <Test name="test_glAttachShaders_invalidshader_attach_valid_handle" result="pass" starttime="Fri Sep 21 15:02:48 CST 2012" endtime="Fri Sep 21 15:02:48 CST 2012" />
            <Test name="test_glAttachShaders_programobject_attach_fragshaderobject" result="pass" starttime="Fri Sep 21 15:02:48 CST 2012" endtime="Fri Sep 21 15:02:49 CST 2012" />
            <Test name="test_glAttachShaders_successfulcompile_attach_frag" result="pass" starttime="Fri Sep 21 15:02:49 CST 2012" endtime="Fri Sep 21 15:02:49 CST 2012" />
            <Test name="test_glAttachedShaders_attach_same_shader" result="pass" starttime="Fri Sep 21 15:02:49 CST 2012" endtime="Fri Sep 21 15:02:49 CST 2012" />
            <Test name="test_glAttachedShaders_noshader" result="pass" starttime="Fri Sep 21 15:02:51 CST 2012" endtime="Fri Sep 21 15:02:51 CST 2012" />
            <Test name="test_glAttachedShaders_validshader" result="pass" starttime="Fri Sep 21 15:02:52 CST 2012" endtime="Fri Sep 21 15:02:52 CST 2012" />
          </TestCase>
          <TestCase name="NativeAttachShaderTest" priority="">
            <Test name="test_glAttachShaders_emptyfragshader_emptyfragshader" result="pass" starttime="Fri Sep 21 15:02:53 CST 2012" endtime="Fri Sep 21 15:02:53 CST 2012" />
            <Test name="test_glAttachShaders_emptyfragshader_emptyvertexshader" result="pass" starttime="Fri Sep 21 15:02:53 CST 2012" endtime="Fri Sep 21 15:02:54 CST 2012" />
            <Test name="test_glAttachedShaders_attach_same_shader" result="pass" starttime="Fri Sep 21 15:02:54 CST 2012" endtime="Fri Sep 21 15:02:55 CST 2012" />
            <Test name="test_glAttachedShaders_invalidshader" result="pass" starttime="Fri Sep 21 15:02:55 CST 2012" endtime="Fri Sep 21 15:02:56 CST 2012" />
            <Test name="test_glAttachedShaders_noshader" result="pass" starttime="Fri Sep 21 15:02:56 CST 2012" endtime="Fri Sep 21 15:02:56 CST 2012" />
            <Test name="test_glAttachedShaders_validshader" result="pass" starttime="Fri Sep 21 15:02:57 CST 2012" endtime="Fri Sep 21 15:02:57 CST 2012" />
          </TestCase>
          <TestCase name="ProgramTest" priority="">
            <Test name="test_glAttachShader_program" result="pass" starttime="Fri Sep 21 15:02:58 CST 2012" endtime="Fri Sep 21 15:02:58 CST 2012" />
          </TestCase>
        </TestSuite>
      </TestSuite>
    </TestSuite>
  </TestPackage>
  <TestPackage name="CtsOpenGlPerfTestCases" appPackageName="android.openglperf" digest="368ab89de293f037c0ef499a75a8921fbf4e8989">
    <TestSuite name="android">
      <TestSuite name="openglperf">
        <TestSuite name="cts">
          <TestCase name="GlAppSwitchTest" priority="">
            <Test name="testGlActivitySwitchingFast" result="pass" starttime="Fri Sep 21 15:03:02 CST 2012" endtime="Fri Sep 21 15:05:08 CST 2012" />
            <Test name="testGlActivitySwitchingSlow" result="pass" starttime="Fri Sep 21 15:05:08 CST 2012" endtime="Fri Sep 21 15:07:45 CST 2012" />
          </TestCase>
          <TestCase name="GlTextureCoordTest" priority="">
            <Test name="testTextureCoord" result="pass" starttime="Fri Sep 21 15:07:45 CST 2012" endtime="Fri Sep 21 15:07:49 CST 2012" />
          </TestCase>
          <TestCase name="GlVboPerfTest" priority="">
            <Test name="testVboVsNonVboPerfGeometry0" result="pass" starttime="Fri Sep 21 15:07:49 CST 2012" endtime="Fri Sep 21 15:07:55 CST 2012" />
            <Test name="testVboVsNonVboPerfGeometry1" result="pass" starttime="Fri Sep 21 15:07:55 CST 2012" endtime="Fri Sep 21 15:08:14 CST 2012" />
          </TestCase>
        </TestSuite>
      </TestSuite>
    </TestSuite>
  </TestPackage>
  <TestPackage name="CtsOsTestCases" appPackageName="android.os" digest="30d6e5e65c395edb545e9fe0fdf0d99d40fa01e4">
    <TestSuite name="android">
      <TestSuite name="os">
        <TestSuite name="cts">
          <TestCase name="AsyncTaskTest" priority="">
            <Test name="testAsyncTask" result="pass" starttime="Fri Sep 21 15:08:44 CST 2012" endtime="Fri Sep 21 15:08:45 CST 2012" />
            <Test name="testAsyncTaskWithTimeout" result="pass" starttime="Fri Sep 21 15:08:45 CST 2012" endtime="Fri Sep 21 15:08:46 CST 2012" />
            <Test name="testCancel" result="pass" starttime="Fri Sep 21 15:08:46 CST 2012" endtime="Fri Sep 21 15:08:49 CST 2012" />
            <Test name="testCancelTooLate" result="pass" starttime="Fri Sep 21 15:08:49 CST 2012" endtime="Fri Sep 21 15:08:51 CST 2012" />
            <Test name="testCancelWithInterrupt" result="pass" starttime="Fri Sep 21 15:08:51 CST 2012" endtime="Fri Sep 21 15:08:54 CST 2012" />
          </TestCase>
          <TestCase name="BadParcelableExceptionTest" priority="">
            <Test name="testBadParcelableException" result="pass" starttime="Fri Sep 21 15:08:54 CST 2012" endtime="Fri Sep 21 15:08:54 CST 2012" />
          </TestCase>
          <TestCase name="BinderTest" priority="">
            <Test name="testAndroidTestCaseSetupProperly" result="pass" starttime="Fri Sep 21 15:08:54 CST 2012" endtime="Fri Sep 21 15:08:54 CST 2012" />
            <Test name="testClearCallingIdentity" result="pass" starttime="Fri Sep 21 15:08:54 CST 2012" endtime="Fri Sep 21 15:08:54 CST 2012" />
            <Test name="testFlushPendingCommands" result="pass" starttime="Fri Sep 21 15:08:54 CST 2012" endtime="Fri Sep 21 15:08:54 CST 2012" />
            <Test name="testInterfaceRelatedMethods" result="pass" starttime="Fri Sep 21 15:08:54 CST 2012" endtime="Fri Sep 21 15:08:54 CST 2012" />
            <Test name="testJoinThreadPool" result="pass" starttime="Fri Sep 21 15:08:54 CST 2012" endtime="Fri Sep 21 15:08:54 CST 2012" />
            <Test name="testSimpleMethods" result="pass" starttime="Fri Sep 21 15:08:54 CST 2012" endtime="Fri Sep 21 15:08:54 CST 2012" />
            <Test name="testTransact" result="pass" starttime="Fri Sep 21 15:08:54 CST 2012" endtime="Fri Sep 21 15:08:54 CST 2012" />
          </TestCase>
          <TestCase name="BuildTest" priority="">
            <Test name="testBuildConstants" result="pass" starttime="Fri Sep 21 15:08:54 CST 2012" endtime="Fri Sep 21 15:08:55 CST 2012" />
            <Test name="testCpuAbi" result="pass" starttime="Fri Sep 21 15:08:55 CST 2012" endtime="Fri Sep 21 15:08:55 CST 2012" />
          </TestCase>
          <TestCase name="BuildVersionTest" priority="">
            <Test name="testBuildFingerprint" result="pass" starttime="Fri Sep 21 15:08:55 CST 2012" endtime="Fri Sep 21 15:08:55 CST 2012" />
            <Test name="testIncremental" result="pass" starttime="Fri Sep 21 15:08:55 CST 2012" endtime="Fri Sep 21 15:08:55 CST 2012" />
            <Test name="testReleaseVersion" result="pass" starttime="Fri Sep 21 15:08:55 CST 2012" endtime="Fri Sep 21 15:08:55 CST 2012" />
          </TestCase>
          <TestCase name="BundleTest" priority="">
            <Test name="testAndroidTestCaseSetupProperly" result="pass" starttime="Fri Sep 21 15:08:55 CST 2012" endtime="Fri Sep 21 15:08:55 CST 2012" />
            <Test name="testBundle" result="pass" starttime="Fri Sep 21 15:08:55 CST 2012" endtime="Fri Sep 21 15:08:55 CST 2012" />
            <Test name="testClear" result="pass" starttime="Fri Sep 21 15:08:55 CST 2012" endtime="Fri Sep 21 15:08:55 CST 2012" />
            <Test name="testClone" result="pass" starttime="Fri Sep 21 15:08:55 CST 2012" endtime="Fri Sep 21 15:08:55 CST 2012" />
            <Test name="testContainsKey" result="pass" starttime="Fri Sep 21 15:08:55 CST 2012" endtime="Fri Sep 21 15:08:55 CST 2012" />
            <Test name="testDescribeContents" result="pass" starttime="Fri Sep 21 15:08:55 CST 2012" endtime="Fri Sep 21 15:08:56 CST 2012" />
            <Test name="testGet" result="pass" starttime="Fri Sep 21 15:08:56 CST 2012" endtime="Fri Sep 21 15:08:56 CST 2012" />
            <Test name="testGetBoolean1" result="pass" starttime="Fri Sep 21 15:08:56 CST 2012" endtime="Fri Sep 21 15:08:56 CST 2012" />
            <Test name="testGetBoolean2" result="pass" starttime="Fri Sep 21 15:08:56 CST 2012" endtime="Fri Sep 21 15:08:56 CST 2012" />
            <Test name="testGetBooleanArray" result="pass" starttime="Fri Sep 21 15:08:56 CST 2012" endtime="Fri Sep 21 15:08:56 CST 2012" />
            <Test name="testGetBundle" result="pass" starttime="Fri Sep 21 15:08:56 CST 2012" endtime="Fri Sep 21 15:08:56 CST 2012" />
            <Test name="testGetByte1" result="pass" starttime="Fri Sep 21 15:08:56 CST 2012" endtime="Fri Sep 21 15:08:56 CST 2012" />
            <Test name="testGetByte2" result="pass" starttime="Fri Sep 21 15:08:56 CST 2012" endtime="Fri Sep 21 15:08:56 CST 2012" />
            <Test name="testGetByteArray" result="pass" starttime="Fri Sep 21 15:08:56 CST 2012" endtime="Fri Sep 21 15:08:57 CST 2012" />
            <Test name="testGetChar1" result="pass" starttime="Fri Sep 21 15:08:57 CST 2012" endtime="Fri Sep 21 15:08:57 CST 2012" />
            <Test name="testGetChar2" result="pass" starttime="Fri Sep 21 15:08:57 CST 2012" endtime="Fri Sep 21 15:08:57 CST 2012" />
            <Test name="testGetCharArray" result="pass" starttime="Fri Sep 21 15:08:57 CST 2012" endtime="Fri Sep 21 15:08:57 CST 2012" />
            <Test name="testGetCharSequence" result="pass" starttime="Fri Sep 21 15:08:57 CST 2012" endtime="Fri Sep 21 15:08:57 CST 2012" />
            <Test name="testGetCharSequenceArray" result="pass" starttime="Fri Sep 21 15:08:57 CST 2012" endtime="Fri Sep 21 15:08:57 CST 2012" />
            <Test name="testGetCharSequenceArrayList" result="pass" starttime="Fri Sep 21 15:08:57 CST 2012" endtime="Fri Sep 21 15:08:57 CST 2012" />
            <Test name="testGetDouble1" result="pass" starttime="Fri Sep 21 15:08:57 CST 2012" endtime="Fri Sep 21 15:08:57 CST 2012" />
            <Test name="testGetDouble2" result="pass" starttime="Fri Sep 21 15:08:57 CST 2012" endtime="Fri Sep 21 15:08:57 CST 2012" />
            <Test name="testGetDoubleArray" result="pass" starttime="Fri Sep 21 15:08:58 CST 2012" endtime="Fri Sep 21 15:08:58 CST 2012" />
            <Test name="testGetFloat1" result="pass" starttime="Fri Sep 21 15:08:58 CST 2012" endtime="Fri Sep 21 15:08:58 CST 2012" />
            <Test name="testGetFloat2" result="pass" starttime="Fri Sep 21 15:08:58 CST 2012" endtime="Fri Sep 21 15:08:58 CST 2012" />
            <Test name="testGetFloatArray" result="pass" starttime="Fri Sep 21 15:08:58 CST 2012" endtime="Fri Sep 21 15:08:58 CST 2012" />
            <Test name="testGetInt1" result="pass" starttime="Fri Sep 21 15:08:58 CST 2012" endtime="Fri Sep 21 15:08:58 CST 2012" />
            <Test name="testGetInt2" result="pass" starttime="Fri Sep 21 15:08:58 CST 2012" endtime="Fri Sep 21 15:08:58 CST 2012" />
            <Test name="testGetIntArray" result="pass" starttime="Fri Sep 21 15:08:58 CST 2012" endtime="Fri Sep 21 15:08:58 CST 2012" />
            <Test name="testGetIntegerArrayList" result="pass" starttime="Fri Sep 21 15:08:58 CST 2012" endtime="Fri Sep 21 15:08:58 CST 2012" />
            <Test name="testGetLong1" result="pass" starttime="Fri Sep 21 15:08:58 CST 2012" endtime="Fri Sep 21 15:08:58 CST 2012" />
            <Test name="testGetLong2" result="pass" starttime="Fri Sep 21 15:08:58 CST 2012" endtime="Fri Sep 21 15:08:59 CST 2012" />
            <Test name="testGetLongArray" result="pass" starttime="Fri Sep 21 15:08:59 CST 2012" endtime="Fri Sep 21 15:08:59 CST 2012" />
            <Test name="testGetParcelable" result="pass" starttime="Fri Sep 21 15:08:59 CST 2012" endtime="Fri Sep 21 15:08:59 CST 2012" />
            <Test name="testGetParcelableArray" result="pass" starttime="Fri Sep 21 15:08:59 CST 2012" endtime="Fri Sep 21 15:08:59 CST 2012" />
            <Test name="testGetParcelableArrayList" result="pass" starttime="Fri Sep 21 15:08:59 CST 2012" endtime="Fri Sep 21 15:08:59 CST 2012" />
            <Test name="testGetSerializable" result="pass" starttime="Fri Sep 21 15:08:59 CST 2012" endtime="Fri Sep 21 15:08:59 CST 2012" />
            <Test name="testGetShort1" result="pass" starttime="Fri Sep 21 15:08:59 CST 2012" endtime="Fri Sep 21 15:08:59 CST 2012" />
            <Test name="testGetShort2" result="pass" starttime="Fri Sep 21 15:08:59 CST 2012" endtime="Fri Sep 21 15:08:59 CST 2012" />
            <Test name="testGetShortArray" result="pass" starttime="Fri Sep 21 15:08:59 CST 2012" endtime="Fri Sep 21 15:08:59 CST 2012" />
            <Test name="testGetSparseParcelableArray" result="pass" starttime="Fri Sep 21 15:08:59 CST 2012" endtime="Fri Sep 21 15:09:00 CST 2012" />
            <Test name="testGetString" result="pass" starttime="Fri Sep 21 15:09:00 CST 2012" endtime="Fri Sep 21 15:09:00 CST 2012" />
            <Test name="testGetStringArray" result="pass" starttime="Fri Sep 21 15:09:00 CST 2012" endtime="Fri Sep 21 15:09:00 CST 2012" />
            <Test name="testGetStringArrayList" result="pass" starttime="Fri Sep 21 15:09:00 CST 2012" endtime="Fri Sep 21 15:09:00 CST 2012" />
            <Test name="testHasFileDescriptors" result="pass" starttime="Fri Sep 21 15:09:00 CST 2012" endtime="Fri Sep 21 15:09:00 CST 2012" />
            <Test name="testKeySet" result="pass" starttime="Fri Sep 21 15:09:00 CST 2012" endtime="Fri Sep 21 15:09:00 CST 2012" />
            <Test name="testPutAll" result="pass" starttime="Fri Sep 21 15:09:00 CST 2012" endtime="Fri Sep 21 15:09:00 CST 2012" />
            <Test name="testSetClassLoader" result="pass" starttime="Fri Sep 21 15:09:00 CST 2012" endtime="Fri Sep 21 15:09:00 CST 2012" />
            <Test name="testSize" result="pass" starttime="Fri Sep 21 15:09:00 CST 2012" endtime="Fri Sep 21 15:09:00 CST 2012" />
            <Test name="testToString" result="pass" starttime="Fri Sep 21 15:09:00 CST 2012" endtime="Fri Sep 21 15:09:01 CST 2012" />
            <Test name="testWriteToParcel" result="pass" starttime="Fri Sep 21 15:09:01 CST 2012" endtime="Fri Sep 21 15:09:01 CST 2012" />
          </TestCase>
          <TestCase name="ConditionVariableTest" priority="">
            <Test name="testConditionVariable" result="pass" starttime="Fri Sep 21 15:09:01 CST 2012" endtime="Fri Sep 21 15:09:03 CST 2012" />
            <Test name="testConstructor" result="pass" starttime="Fri Sep 21 15:09:03 CST 2012" endtime="Fri Sep 21 15:09:05 CST 2012" />
          </TestCase>
          <TestCase name="CountDownTimerTest" priority="">
            <Test name="testCountDownTimer" result="pass" starttime="Fri Sep 21 15:09:05 CST 2012" endtime="Fri Sep 21 15:09:12 CST 2012" />
            <Test name="testCountDownTimerCancel" result="pass" starttime="Fri Sep 21 15:09:12 CST 2012" endtime="Fri Sep 21 15:09:19 CST 2012" />
          </TestCase>
          <TestCase name="DeadObjectExceptionTest" priority="">
            <Test name="testDeadObjectException" result="pass" starttime="Fri Sep 21 15:09:19 CST 2012" endtime="Fri Sep 21 15:09:19 CST 2012" />
          </TestCase>
          <TestCase name="DebugTest" priority="">
            <Test name="testAndroidTestCaseSetupProperly" result="pass" starttime="Fri Sep 21 15:09:19 CST 2012" endtime="Fri Sep 21 15:09:19 CST 2012" />
            <Test name="testDumpService" result="pass" starttime="Fri Sep 21 15:09:19 CST 2012" endtime="Fri Sep 21 15:09:19 CST 2012" />
            <Test name="testGetAndReset" result="pass" starttime="Fri Sep 21 15:09:19 CST 2012" endtime="Fri Sep 21 15:09:20 CST 2012" />
            <Test name="testPrintLoadedClasses" result="pass" starttime="Fri Sep 21 15:09:20 CST 2012" endtime="Fri Sep 21 15:09:21 CST 2012" />
            <Test name="testStartMethodTracing" result="pass" starttime="Fri Sep 21 15:09:21 CST 2012" endtime="Fri Sep 21 15:09:36 CST 2012" />
            <Test name="testStartNativeTracing" result="pass" starttime="Fri Sep 21 15:09:36 CST 2012" endtime="Fri Sep 21 15:09:36 CST 2012" />
            <Test name="testThreadCpuTimeNanos" result="pass" starttime="Fri Sep 21 15:09:36 CST 2012" endtime="Fri Sep 21 15:09:37 CST 2012" />
            <Test name="testWaitingForDebugger" result="pass" starttime="Fri Sep 21 15:09:37 CST 2012" endtime="Fri Sep 21 15:09:37 CST 2012" />
          </TestCase>
          <TestCase name="Debug_InstructionCountTest" priority="">
            <Test name="testDebugInstructionCount" result="pass" starttime="Fri Sep 21 15:09:37 CST 2012" endtime="Fri Sep 21 15:09:37 CST 2012" />
          </TestCase>
          <TestCase name="EnvironmentTest" priority="">
            <Test name="testEnvironment" result="pass" starttime="Fri Sep 21 15:09:37 CST 2012" endtime="Fri Sep 21 15:09:37 CST 2012" />
            <Test name="testNoTmpDir" result="pass" starttime="Fri Sep 21 15:09:37 CST 2012" endtime="Fri Sep 21 15:09:37 CST 2012" />
          </TestCase>
          <TestCase name="FileAccessPermissionTest" priority="">
            <Test name="testAccessAppDataDir" result="pass" starttime="Fri Sep 21 15:09:37 CST 2012" endtime="Fri Sep 21 15:09:37 CST 2012" />
            <Test name="testAndroidTestCaseSetupProperly" result="pass" starttime="Fri Sep 21 15:09:37 CST 2012" endtime="Fri Sep 21 15:09:38 CST 2012" />
            <Test name="testApksAlwaysReadable" result="pass" starttime="Fri Sep 21 15:09:38 CST 2012" endtime="Fri Sep 21 15:09:38 CST 2012" />
            <Test name="testSystemDirAccess" result="pass" starttime="Fri Sep 21 15:09:38 CST 2012" endtime="Fri Sep 21 15:09:38 CST 2012" />
          </TestCase>
          <TestCase name="FileObserverTest" priority="">
            <Test name="testAndroidTestCaseSetupProperly" result="pass" starttime="Fri Sep 21 15:09:38 CST 2012" endtime="Fri Sep 21 15:09:38 CST 2012" />
            <Test name="testConstructor" result="pass" starttime="Fri Sep 21 15:09:38 CST 2012" endtime="Fri Sep 21 15:09:38 CST 2012" />
            <Test name="testFileObserver" result="pass" starttime="Fri Sep 21 15:09:38 CST 2012" endtime="Fri Sep 21 15:09:50 CST 2012" />
          </TestCase>
          <TestCase name="HandlerTest" priority="">
            <Test name="testConstructor" result="pass" starttime="Fri Sep 21 15:09:50 CST 2012" endtime="Fri Sep 21 15:09:50 CST 2012" />
            <Test name="testDispatchMessage1" result="pass" starttime="Fri Sep 21 15:09:50 CST 2012" endtime="Fri Sep 21 15:09:50 CST 2012" />
            <Test name="testDispatchMessage2" result="pass" starttime="Fri Sep 21 15:09:50 CST 2012" endtime="Fri Sep 21 15:09:50 CST 2012" />
            <Test name="testDump" result="pass" starttime="Fri Sep 21 15:09:50 CST 2012" endtime="Fri Sep 21 15:09:51 CST 2012" />
            <Test name="testGetLooper" result="pass" starttime="Fri Sep 21 15:09:51 CST 2012" endtime="Fri Sep 21 15:09:51 CST 2012" />
            <Test name="testHasMessagesWithInt" result="pass" starttime="Fri Sep 21 15:09:51 CST 2012" endtime="Fri Sep 21 15:09:51 CST 2012" />
            <Test name="testHasMessagesWithObject" result="pass" starttime="Fri Sep 21 15:09:51 CST 2012" endtime="Fri Sep 21 15:09:51 CST 2012" />
            <Test name="testObtainMessage" result="pass" starttime="Fri Sep 21 15:09:51 CST 2012" endtime="Fri Sep 21 15:09:51 CST 2012" />
            <Test name="testObtainMessageWithInt" result="pass" starttime="Fri Sep 21 15:09:51 CST 2012" endtime="Fri Sep 21 15:09:51 CST 2012" />
            <Test name="testObtainMessageWithIntObject" result="pass" starttime="Fri Sep 21 15:09:51 CST 2012" endtime="Fri Sep 21 15:09:51 CST 2012" />
            <Test name="testObtainMessageWithMutiInt" result="pass" starttime="Fri Sep 21 15:09:51 CST 2012" endtime="Fri Sep 21 15:09:51 CST 2012" />
            <Test name="testObtainMessageWithMutiIntObject" result="pass" starttime="Fri Sep 21 15:09:51 CST 2012" endtime="Fri Sep 21 15:09:52 CST 2012" />
            <Test name="testPost" result="pass" starttime="Fri Sep 21 15:09:52 CST 2012" endtime="Fri Sep 21 15:09:52 CST 2012" />
            <Test name="testPostAtFrontOfQueue" result="pass" starttime="Fri Sep 21 15:09:52 CST 2012" endtime="Fri Sep 21 15:09:52 CST 2012" />
            <Test name="testPostAtTime1" result="pass" starttime="Fri Sep 21 15:09:52 CST 2012" endtime="Fri Sep 21 15:09:52 CST 2012" />
            <Test name="testPostAtTime2" result="pass" starttime="Fri Sep 21 15:09:53 CST 2012" endtime="Fri Sep 21 15:09:53 CST 2012" />
            <Test name="testPostDelayed" result="pass" starttime="Fri Sep 21 15:09:53 CST 2012" endtime="Fri Sep 21 15:09:54 CST 2012" />
            <Test name="testRemoveCallbacks" result="pass" starttime="Fri Sep 21 15:09:54 CST 2012" endtime="Fri Sep 21 15:09:55 CST 2012" />
            <Test name="testRemoveCallbacksAndMessages" result="pass" starttime="Fri Sep 21 15:09:55 CST 2012" endtime="Fri Sep 21 15:09:56 CST 2012" />
            <Test name="testRemoveCallbacksWithObject" result="pass" starttime="Fri Sep 21 15:09:56 CST 2012" endtime="Fri Sep 21 15:09:57 CST 2012" />
            <Test name="testRemoveMessages" result="pass" starttime="Fri Sep 21 15:09:57 CST 2012" endtime="Fri Sep 21 15:09:58 CST 2012" />
            <Test name="testRemoveMessagesWithObject" result="pass" starttime="Fri Sep 21 15:09:58 CST 2012" endtime="Fri Sep 21 15:09:58 CST 2012" />
            <Test name="testSendEmptyMessage" result="pass" starttime="Fri Sep 21 15:09:58 CST 2012" endtime="Fri Sep 21 15:09:59 CST 2012" />
            <Test name="testSendEmptyMessageAtTime" result="pass" starttime="Fri Sep 21 15:09:59 CST 2012" endtime="Fri Sep 21 15:09:59 CST 2012" />
            <Test name="testSendEmptyMessageDelayed" result="pass" starttime="Fri Sep 21 15:09:59 CST 2012" endtime="Fri Sep 21 15:10:00 CST 2012" />
            <Test name="testSendMessage" result="pass" starttime="Fri Sep 21 15:10:00 CST 2012" endtime="Fri Sep 21 15:10:00 CST 2012" />
            <Test name="testSendMessageAtFrontOfQueue" result="pass" starttime="Fri Sep 21 15:10:00 CST 2012" endtime="Fri Sep 21 15:10:01 CST 2012" />
            <Test name="testSendMessageAtTime" result="pass" starttime="Fri Sep 21 15:10:01 CST 2012" endtime="Fri Sep 21 15:10:01 CST 2012" />
            <Test name="testSendMessageDelayed" result="pass" starttime="Fri Sep 21 15:10:01 CST 2012" endtime="Fri Sep 21 15:10:02 CST 2012" />
            <Test name="testToString" result="pass" starttime="Fri Sep 21 15:10:02 CST 2012" endtime="Fri Sep 21 15:10:02 CST 2012" />
          </TestCase>
          <TestCase name="HandlerThreadTest" priority="">
            <Test name="testConstructor" result="pass" starttime="Fri Sep 21 15:10:02 CST 2012" endtime="Fri Sep 21 15:10:02 CST 2012" />
            <Test name="testGetThreadId" result="pass" starttime="Fri Sep 21 15:10:02 CST 2012" endtime="Fri Sep 21 15:10:02 CST 2012" />
          </TestCase>
          <TestCase name="LooperTest" priority="">
            <Test name="testAndroidTestCaseSetupProperly" result="pass" starttime="Fri Sep 21 15:10:02 CST 2012" endtime="Fri Sep 21 15:10:03 CST 2012" />
            <Test name="testDump" result="pass" starttime="Fri Sep 21 15:10:03 CST 2012" endtime="Fri Sep 21 15:10:03 CST 2012" />
            <Test name="testGetMainLooper" result="pass" starttime="Fri Sep 21 15:10:03 CST 2012" endtime="Fri Sep 21 15:10:03 CST 2012" />
            <Test name="testLoop" result="pass" starttime="Fri Sep 21 15:10:03 CST 2012" endtime="Fri Sep 21 15:10:03 CST 2012" />
            <Test name="testMyLooper" result="pass" starttime="Fri Sep 21 15:10:03 CST 2012" endtime="Fri Sep 21 15:10:03 CST 2012" />
            <Test name="testMyQueue" result="pass" starttime="Fri Sep 21 15:10:03 CST 2012" endtime="Fri Sep 21 15:10:03 CST 2012" />
            <Test name="testPrepare" result="pass" starttime="Fri Sep 21 15:10:03 CST 2012" endtime="Fri Sep 21 15:10:03 CST 2012" />
            <Test name="testPrepareMainLooper" result="pass" starttime="Fri Sep 21 15:10:03 CST 2012" endtime="Fri Sep 21 15:10:03 CST 2012" />
            <Test name="testQuit" result="pass" starttime="Fri Sep 21 15:10:03 CST 2012" endtime="Fri Sep 21 15:10:06 CST 2012" />
            <Test name="testSetMessageLogging" result="pass" starttime="Fri Sep 21 15:10:06 CST 2012" endtime="Fri Sep 21 15:10:07 CST 2012" />
            <Test name="testToString" result="pass" starttime="Fri Sep 21 15:10:07 CST 2012" endtime="Fri Sep 21 15:10:07 CST 2012" />
          </TestCase>
          <TestCase name="MemoryFileTest" priority="">
            <Test name="testAllowPurging" result="pass" starttime="Fri Sep 21 15:10:07 CST 2012" endtime="Fri Sep 21 15:10:07 CST 2012" />
            <Test name="testClose" result="pass" starttime="Fri Sep 21 15:10:07 CST 2012" endtime="Fri Sep 21 15:10:07 CST 2012" />
            <Test name="testConstructor" result="pass" starttime="Fri Sep 21 15:10:07 CST 2012" endtime="Fri Sep 21 15:10:07 CST 2012" />
            <Test name="testGetOutputStream" result="pass" starttime="Fri Sep 21 15:10:07 CST 2012" endtime="Fri Sep 21 15:10:07 CST 2012" />
            <Test name="testLength" result="pass" starttime="Fri Sep 21 15:10:07 CST 2012" endtime="Fri Sep 21 15:10:07 CST 2012" />
            <Test name="testReadBytes" result="pass" starttime="Fri Sep 21 15:10:07 CST 2012" endtime="Fri Sep 21 15:10:07 CST 2012" />
            <Test name="testWriteBytes" result="pass" starttime="Fri Sep 21 15:10:07 CST 2012" endtime="Fri Sep 21 15:10:08 CST 2012" />
          </TestCase>
          <TestCase name="MessageQueueTest" priority="">
            <Test name="testAddIdleHandler" result="pass" starttime="Fri Sep 21 15:10:08 CST 2012" endtime="Fri Sep 21 15:10:08 CST 2012" />
            <Test name="testAndroidTestCaseSetupProperly" result="pass" starttime="Fri Sep 21 15:10:08 CST 2012" endtime="Fri Sep 21 15:10:08 CST 2012" />
            <Test name="testAtFrontOfQueue" result="pass" starttime="Fri Sep 21 15:10:08 CST 2012" endtime="Fri Sep 21 15:10:08 CST 2012" />
            <Test name="testMessageOrder" result="pass" starttime="Fri Sep 21 15:10:08 CST 2012" endtime="Fri Sep 21 15:10:08 CST 2012" />
            <Test name="testReleaseSyncBarrierThrowsIfTokenNotValid" result="pass" starttime="Fri Sep 21 15:10:08 CST 2012" endtime="Fri Sep 21 15:10:08 CST 2012" />
            <Test name="testRemoveIdleHandler" result="pass" starttime="Fri Sep 21 15:10:08 CST 2012" endtime="Fri Sep 21 15:10:10 CST 2012" />
            <Test name="testSyncBarriers" result="pass" starttime="Fri Sep 21 15:10:10 CST 2012" endtime="Fri Sep 21 15:10:10 CST 2012" />
          </TestCase>
          <TestCase name="MessageTest" priority="">
            <Test name="testAccessMessageProperties" result="pass" starttime="Fri Sep 21 15:10:10 CST 2012" endtime="Fri Sep 21 15:10:10 CST 2012" />
            <Test name="testAndroidTestCaseSetupProperly" result="pass" starttime="Fri Sep 21 15:10:10 CST 2012" endtime="Fri Sep 21 15:10:10 CST 2012" />
            <Test name="testAsynchronous" result="pass" starttime="Fri Sep 21 15:10:10 CST 2012" endtime="Fri Sep 21 15:10:10 CST 2012" />
            <Test name="testConstructor" result="pass" starttime="Fri Sep 21 15:10:10 CST 2012" endtime="Fri Sep 21 15:10:10 CST 2012" />
            <Test name="testCopyFrom" result="pass" starttime="Fri Sep 21 15:10:10 CST 2012" endtime="Fri Sep 21 15:10:10 CST 2012" />
            <Test name="testObtain" result="pass" starttime="Fri Sep 21 15:10:10 CST 2012" endtime="Fri Sep 21 15:10:10 CST 2012" />
            <Test name="testObtain2" result="pass" starttime="Fri Sep 21 15:10:10 CST 2012" endtime="Fri Sep 21 15:10:10 CST 2012" />
            <Test name="testObtain3" result="pass" starttime="Fri Sep 21 15:10:10 CST 2012" endtime="Fri Sep 21 15:10:11 CST 2012" />
            <Test name="testObtain4" result="pass" starttime="Fri Sep 21 15:10:11 CST 2012" endtime="Fri Sep 21 15:10:11 CST 2012" />
            <Test name="testObtain5" result="pass" starttime="Fri Sep 21 15:10:11 CST 2012" endtime="Fri Sep 21 15:10:11 CST 2012" />
            <Test name="testObtain6" result="pass" starttime="Fri Sep 21 15:10:11 CST 2012" endtime="Fri Sep 21 15:10:11 CST 2012" />
            <Test name="testObtain7" result="pass" starttime="Fri Sep 21 15:10:11 CST 2012" endtime="Fri Sep 21 15:10:11 CST 2012" />
            <Test name="testObtain8" result="pass" starttime="Fri Sep 21 15:10:11 CST 2012" endtime="Fri Sep 21 15:10:11 CST 2012" />
            <Test name="testPeekData" result="pass" starttime="Fri Sep 21 15:10:11 CST 2012" endtime="Fri Sep 21 15:10:11 CST 2012" />
            <Test name="testRecycle" result="pass" starttime="Fri Sep 21 15:10:11 CST 2012" endtime="Fri Sep 21 15:10:11 CST 2012" />
            <Test name="testSendToTarget" result="pass" starttime="Fri Sep 21 15:10:11 CST 2012" endtime="Fri Sep 21 15:10:12 CST 2012" />
            <Test name="testToString" result="pass" starttime="Fri Sep 21 15:10:12 CST 2012" endtime="Fri Sep 21 15:10:12 CST 2012" />
            <Test name="testWriteToParcel" result="pass" starttime="Fri Sep 21 15:10:12 CST 2012" endtime="Fri Sep 21 15:10:12 CST 2012" />
          </TestCase>
          <TestCase name="MessengerTest" priority="">
            <Test name="testAndroidTestCaseSetupProperly" result="pass" starttime="Fri Sep 21 15:10:12 CST 2012" endtime="Fri Sep 21 15:10:12 CST 2012" />
            <Test name="testConstructorAndEquals" result="pass" starttime="Fri Sep 21 15:10:12 CST 2012" endtime="Fri Sep 21 15:10:12 CST 2012" />
            <Test name="testDescribeContents" result="pass" starttime="Fri Sep 21 15:10:12 CST 2012" endtime="Fri Sep 21 15:10:12 CST 2012" />
            <Test name="testGetBinder" result="pass" starttime="Fri Sep 21 15:10:12 CST 2012" endtime="Fri Sep 21 15:10:12 CST 2012" />
            <Test name="testHashCode" result="pass" starttime="Fri Sep 21 15:10:12 CST 2012" endtime="Fri Sep 21 15:10:13 CST 2012" />
            <Test name="testSend" result="pass" starttime="Fri Sep 21 15:10:13 CST 2012" endtime="Fri Sep 21 15:10:13 CST 2012" />
            <Test name="testWriteMessengerOrNullToParcel" result="pass" starttime="Fri Sep 21 15:10:13 CST 2012" endtime="Fri Sep 21 15:10:13 CST 2012" />
            <Test name="testWriteToParcel" result="pass" starttime="Fri Sep 21 15:10:13 CST 2012" endtime="Fri Sep 21 15:10:13 CST 2012" />
          </TestCase>
          <TestCase name="NoExecutePermissionTest" priority="">
            <Test name="testNoExecutePermission" result="pass" starttime="Fri Sep 21 15:10:13 CST 2012" endtime="Fri Sep 21 15:10:13 CST 2012" />
          </TestCase>
          <TestCase name="ParcelFileDescriptorTest" priority="">
            <Test name="testAndroidTestCaseSetupProperly" result="pass" starttime="Fri Sep 21 15:10:13 CST 2012" endtime="Fri Sep 21 15:10:13 CST 2012" />
            <Test name="testClose" result="pass" starttime="Fri Sep 21 15:10:13 CST 2012" endtime="Fri Sep 21 15:10:13 CST 2012" />
            <Test name="testConstructorAndOpen" result="pass" starttime="Fri Sep 21 15:10:13 CST 2012" endtime="Fri Sep 21 15:10:13 CST 2012" />
            <Test name="testDescribeContents" result="pass" starttime="Fri Sep 21 15:10:13 CST 2012" endtime="Fri Sep 21 15:10:14 CST 2012" />
            <Test name="testFromData" result="pass" starttime="Fri Sep 21 15:10:14 CST 2012" endtime="Fri Sep 21 15:10:14 CST 2012" />
            <Test name="testFromDataSkip" result="pass" starttime="Fri Sep 21 15:10:14 CST 2012" endtime="Fri Sep 21 15:10:14 CST 2012" />
            <Test name="testFromSocket" result="pass" starttime="Fri Sep 21 15:10:14 CST 2012" endtime="Fri Sep 21 15:10:14 CST 2012" />
            <Test name="testGetFileDescriptor" result="pass" starttime="Fri Sep 21 15:10:14 CST 2012" endtime="Fri Sep 21 15:10:14 CST 2012" />
            <Test name="testGetStatSize" result="pass" starttime="Fri Sep 21 15:10:14 CST 2012" endtime="Fri Sep 21 15:10:14 CST 2012" />
            <Test name="testToString" result="pass" starttime="Fri Sep 21 15:10:14 CST 2012" endtime="Fri Sep 21 15:10:14 CST 2012" />
            <Test name="testWriteToParcel" result="pass" starttime="Fri Sep 21 15:10:14 CST 2012" endtime="Fri Sep 21 15:10:14 CST 2012" />
          </TestCase>
          <TestCase name="ParcelFileDescriptor_AutoCloseInputStreamTest" priority="">
            <Test name="testAndroidTestCaseSetupProperly" result="pass" starttime="Fri Sep 21 15:10:14 CST 2012" endtime="Fri Sep 21 15:10:14 CST 2012" />
            <Test name="testAutoCloseInputStream" result="pass" starttime="Fri Sep 21 15:10:14 CST 2012" endtime="Fri Sep 21 15:10:15 CST 2012" />
          </TestCase>
          <TestCase name="ParcelFileDescriptor_AutoCloseOutputStreamTest" priority="">
            <Test name="testAndroidTestCaseSetupProperly" result="pass" starttime="Fri Sep 21 15:10:15 CST 2012" endtime="Fri Sep 21 15:10:15 CST 2012" />
            <Test name="testAutoCloseOutputStream" result="pass" starttime="Fri Sep 21 15:10:15 CST 2012" endtime="Fri Sep 21 15:10:15 CST 2012" />
          </TestCase>
          <TestCase name="ParcelFormatExceptionTest" priority="">
            <Test name="testParcelFormatException" result="pass" starttime="Fri Sep 21 15:10:15 CST 2012" endtime="Fri Sep 21 15:10:15 CST 2012" />
          </TestCase>
          <TestCase name="ParcelTest" priority="">
            <Test name="testAndroidTestCaseSetupProperly" result="pass" starttime="Fri Sep 21 15:10:15 CST 2012" endtime="Fri Sep 21 15:10:15 CST 2012" />
            <Test name="testAppendFrom" result="pass" starttime="Fri Sep 21 15:10:15 CST 2012" endtime="Fri Sep 21 15:10:15 CST 2012" />
            <Test name="testCreateBinderArray" result="pass" starttime="Fri Sep 21 15:10:15 CST 2012" endtime="Fri Sep 21 15:10:15 CST 2012" />
            <Test name="testCreateBinderArrayList" result="pass" starttime="Fri Sep 21 15:10:15 CST 2012" endtime="Fri Sep 21 15:10:15 CST 2012" />
            <Test name="testCreateBooleanArray" result="pass" starttime="Fri Sep 21 15:10:15 CST 2012" endtime="Fri Sep 21 15:10:15 CST 2012" />
            <Test name="testCreateByteArray" result="pass" starttime="Fri Sep 21 15:10:15 CST 2012" endtime="Fri Sep 21 15:10:16 CST 2012" />
            <Test name="testCreateCharArray" result="pass" starttime="Fri Sep 21 15:10:16 CST 2012" endtime="Fri Sep 21 15:10:16 CST 2012" />
            <Test name="testCreateDoubleArray" result="pass" starttime="Fri Sep 21 15:10:16 CST 2012" endtime="Fri Sep 21 15:10:16 CST 2012" />
            <Test name="testCreateFloatArray" result="pass" starttime="Fri Sep 21 15:10:16 CST 2012" endtime="Fri Sep 21 15:10:16 CST 2012" />
            <Test name="testCreateIntArray" result="pass" starttime="Fri Sep 21 15:10:16 CST 2012" endtime="Fri Sep 21 15:10:16 CST 2012" />
            <Test name="testCreateLongArray" result="pass" starttime="Fri Sep 21 15:10:16 CST 2012" endtime="Fri Sep 21 15:10:16 CST 2012" />
            <Test name="testCreateStringArray" result="pass" starttime="Fri Sep 21 15:10:16 CST 2012" endtime="Fri Sep 21 15:10:16 CST 2012" />
            <Test name="testCreateStringArrayList" result="pass" starttime="Fri Sep 21 15:10:16 CST 2012" endtime="Fri Sep 21 15:10:16 CST 2012" />
            <Test name="testCreateTypedArray" result="pass" starttime="Fri Sep 21 15:10:16 CST 2012" endtime="Fri Sep 21 15:10:16 CST 2012" />
            <Test name="testCreateTypedArrayList" result="pass" starttime="Fri Sep 21 15:10:16 CST 2012" endtime="Fri Sep 21 15:10:16 CST 2012" />
            <Test name="testDataAvail" result="pass" starttime="Fri Sep 21 15:10:16 CST 2012" endtime="Fri Sep 21 15:10:17 CST 2012" />
            <Test name="testDataCapacity" result="pass" starttime="Fri Sep 21 15:10:17 CST 2012" endtime="Fri Sep 21 15:10:17 CST 2012" />
            <Test name="testDataPosition" result="pass" starttime="Fri Sep 21 15:10:17 CST 2012" endtime="Fri Sep 21 15:10:17 CST 2012" />
            <Test name="testDataSize" result="pass" starttime="Fri Sep 21 15:10:17 CST 2012" endtime="Fri Sep 21 15:10:17 CST 2012" />
            <Test name="testEnforceInterface" result="pass" starttime="Fri Sep 21 15:10:17 CST 2012" endtime="Fri Sep 21 15:10:17 CST 2012" />
            <Test name="testHasFileDescriptor" result="pass" starttime="Fri Sep 21 15:10:17 CST 2012" endtime="Fri Sep 21 15:10:17 CST 2012" />
            <Test name="testMarshall" result="pass" starttime="Fri Sep 21 15:10:17 CST 2012" endtime="Fri Sep 21 15:10:17 CST 2012" />
            <Test name="testObtain" result="pass" starttime="Fri Sep 21 15:10:17 CST 2012" endtime="Fri Sep 21 15:10:17 CST 2012" />
            <Test name="testReadArrayList" result="pass" starttime="Fri Sep 21 15:10:17 CST 2012" endtime="Fri Sep 21 15:10:17 CST 2012" />
            <Test name="testReadBooleanArray" result="pass" starttime="Fri Sep 21 15:10:17 CST 2012" endtime="Fri Sep 21 15:10:18 CST 2012" />
            <Test name="testReadBundle" result="pass" starttime="Fri Sep 21 15:10:18 CST 2012" endtime="Fri Sep 21 15:10:18 CST 2012" />
            <Test name="testReadBundle2" result="pass" starttime="Fri Sep 21 15:10:18 CST 2012" endtime="Fri Sep 21 15:10:18 CST 2012" />
            <Test name="testReadByte" result="pass" starttime="Fri Sep 21 15:10:18 CST 2012" endtime="Fri Sep 21 15:10:18 CST 2012" />
            <Test name="testReadByteArray" result="pass" starttime="Fri Sep 21 15:10:18 CST 2012" endtime="Fri Sep 21 15:10:18 CST 2012" />
            <Test name="testReadCharArray" result="pass" starttime="Fri Sep 21 15:10:18 CST 2012" endtime="Fri Sep 21 15:10:18 CST 2012" />
            <Test name="testReadDouble" result="pass" starttime="Fri Sep 21 15:10:18 CST 2012" endtime="Fri Sep 21 15:10:18 CST 2012" />
            <Test name="testReadDoubleArray" result="pass" starttime="Fri Sep 21 15:10:18 CST 2012" endtime="Fri Sep 21 15:10:18 CST 2012" />
            <Test name="testReadException" result="pass" starttime="Fri Sep 21 15:10:18 CST 2012" endtime="Fri Sep 21 15:10:19 CST 2012" />
            <Test name="testReadException2" result="pass" starttime="Fri Sep 21 15:10:19 CST 2012" endtime="Fri Sep 21 15:10:19 CST 2012" />
            <Test name="testReadFloat" result="pass" starttime="Fri Sep 21 15:10:19 CST 2012" endtime="Fri Sep 21 15:10:19 CST 2012" />
            <Test name="testReadFloatArray" result="pass" starttime="Fri Sep 21 15:10:19 CST 2012" endtime="Fri Sep 21 15:10:19 CST 2012" />
            <Test name="testReadHashMap" result="pass" starttime="Fri Sep 21 15:10:19 CST 2012" endtime="Fri Sep 21 15:10:19 CST 2012" />
            <Test name="testReadInt" result="pass" starttime="Fri Sep 21 15:10:19 CST 2012" endtime="Fri Sep 21 15:10:19 CST 2012" />
            <Test name="testReadIntArray" result="pass" starttime="Fri Sep 21 15:10:19 CST 2012" endtime="Fri Sep 21 15:10:19 CST 2012" />
            <Test name="testReadList" result="pass" starttime="Fri Sep 21 15:10:19 CST 2012" endtime="Fri Sep 21 15:10:19 CST 2012" />
            <Test name="testReadLong" result="pass" starttime="Fri Sep 21 15:10:19 CST 2012" endtime="Fri Sep 21 15:10:20 CST 2012" />
            <Test name="testReadLongArray" result="pass" starttime="Fri Sep 21 15:10:20 CST 2012" endtime="Fri Sep 21 15:10:20 CST 2012" />
            <Test name="testReadParcelable" result="pass" starttime="Fri Sep 21 15:10:20 CST 2012" endtime="Fri Sep 21 15:10:20 CST 2012" />
            <Test name="testReadParcelableArray" result="pass" starttime="Fri Sep 21 15:10:20 CST 2012" endtime="Fri Sep 21 15:10:20 CST 2012" />
            <Test name="testReadSerializable" result="pass" starttime="Fri Sep 21 15:10:20 CST 2012" endtime="Fri Sep 21 15:10:20 CST 2012" />
            <Test name="testReadString" result="pass" starttime="Fri Sep 21 15:10:20 CST 2012" endtime="Fri Sep 21 15:10:20 CST 2012" />
            <Test name="testReadStringArray" result="pass" starttime="Fri Sep 21 15:10:20 CST 2012" endtime="Fri Sep 21 15:10:20 CST 2012" />
            <Test name="testReadStringList" result="pass" starttime="Fri Sep 21 15:10:20 CST 2012" endtime="Fri Sep 21 15:10:20 CST 2012" />
            <Test name="testReadTypedArray" result="pass" starttime="Fri Sep 21 15:10:20 CST 2012" endtime="Fri Sep 21 15:10:21 CST 2012" />
            <Test name="testReadTypedArray2" result="pass" starttime="Fri Sep 21 15:10:21 CST 2012" endtime="Fri Sep 21 15:10:21 CST 2012" />
            <Test name="testReadTypedList" result="pass" starttime="Fri Sep 21 15:10:21 CST 2012" endtime="Fri Sep 21 15:10:21 CST 2012" />
            <Test name="testReadValue" result="pass" starttime="Fri Sep 21 15:10:21 CST 2012" endtime="Fri Sep 21 15:10:21 CST 2012" />
            <Test name="testSetDataCapacity" result="pass" starttime="Fri Sep 21 15:10:21 CST 2012" endtime="Fri Sep 21 15:10:21 CST 2012" />
            <Test name="testSetDataPosition" result="pass" starttime="Fri Sep 21 15:10:21 CST 2012" endtime="Fri Sep 21 15:10:21 CST 2012" />
            <Test name="testSetDataSize" result="pass" starttime="Fri Sep 21 15:10:21 CST 2012" endtime="Fri Sep 21 15:10:21 CST 2012" />
            <Test name="testWriteArray" result="pass" starttime="Fri Sep 21 15:10:21 CST 2012" endtime="Fri Sep 21 15:10:21 CST 2012" />
            <Test name="testWriteBinderArray" result="pass" starttime="Fri Sep 21 15:10:21 CST 2012" endtime="Fri Sep 21 15:10:22 CST 2012" />
            <Test name="testWriteBinderList" result="pass" starttime="Fri Sep 21 15:10:22 CST 2012" endtime="Fri Sep 21 15:10:22 CST 2012" />
            <Test name="testWriteByteArray" result="pass" starttime="Fri Sep 21 15:10:22 CST 2012" endtime="Fri Sep 21 15:10:22 CST 2012" />
            <Test name="testWriteFileDescriptor" result="pass" starttime="Fri Sep 21 15:10:22 CST 2012" endtime="Fri Sep 21 15:10:22 CST 2012" />
            <Test name="testWriteMap" result="pass" starttime="Fri Sep 21 15:10:22 CST 2012" endtime="Fri Sep 21 15:10:22 CST 2012" />
            <Test name="testWriteNoException" result="pass" starttime="Fri Sep 21 15:10:22 CST 2012" endtime="Fri Sep 21 15:10:22 CST 2012" />
            <Test name="testWriteSparseArray" result="pass" starttime="Fri Sep 21 15:10:22 CST 2012" endtime="Fri Sep 21 15:10:22 CST 2012" />
            <Test name="testWriteSparseBooleanArray" result="pass" starttime="Fri Sep 21 15:10:22 CST 2012" endtime="Fri Sep 21 15:10:22 CST 2012" />
            <Test name="testWriteStrongBinder" result="pass" starttime="Fri Sep 21 15:10:22 CST 2012" endtime="Fri Sep 21 15:10:22 CST 2012" />
            <Test name="testWriteStrongInterface" result="pass" starttime="Fri Sep 21 15:10:22 CST 2012" endtime="Fri Sep 21 15:10:23 CST 2012" />
          </TestCase>
          <TestCase name="PatternMatcherTest" priority="">
            <Test name="testConstructor" result="pass" starttime="Fri Sep 21 15:10:23 CST 2012" endtime="Fri Sep 21 15:10:23 CST 2012" />
            <Test name="testDescribeContents" result="pass" starttime="Fri Sep 21 15:10:23 CST 2012" endtime="Fri Sep 21 15:10:23 CST 2012" />
            <Test name="testGetPath" result="pass" starttime="Fri Sep 21 15:10:23 CST 2012" endtime="Fri Sep 21 15:10:23 CST 2012" />
            <Test name="testGetType" result="pass" starttime="Fri Sep 21 15:10:23 CST 2012" endtime="Fri Sep 21 15:10:23 CST 2012" />
            <Test name="testMatch" result="pass" starttime="Fri Sep 21 15:10:23 CST 2012" endtime="Fri Sep 21 15:10:23 CST 2012" />
            <Test name="testToString" result="pass" starttime="Fri Sep 21 15:10:23 CST 2012" endtime="Fri Sep 21 15:10:23 CST 2012" />
            <Test name="testWriteToParcel" result="pass" starttime="Fri Sep 21 15:10:23 CST 2012" endtime="Fri Sep 21 15:10:23 CST 2012" />
          </TestCase>
          <TestCase name="PowerManagerTest" priority="">
            <Test name="testAndroidTestCaseSetupProperly" result="pass" starttime="Fri Sep 21 15:10:23 CST 2012" endtime="Fri Sep 21 15:10:24 CST 2012" />
            <Test name="testPowerManager" result="pass" starttime="Fri Sep 21 15:10:24 CST 2012" endtime="Fri Sep 21 15:10:30 CST 2012" />
          </TestCase>
          <TestCase name="PowerManager_WakeLockTest" priority="">
            <Test name="testAndroidTestCaseSetupProperly" result="pass" starttime="Fri Sep 21 15:10:30 CST 2012" endtime="Fri Sep 21 15:10:30 CST 2012" />
            <Test name="testPowerManagerWakeLock" result="pass" starttime="Fri Sep 21 15:10:30 CST 2012" endtime="Fri Sep 21 15:10:34 CST 2012" />
          </TestCase>
          <TestCase name="ProcessTest" priority="">
            <Test name="testAndroidTestCaseSetupProperly" result="pass" starttime="Fri Sep 21 15:10:34 CST 2012" endtime="Fri Sep 21 15:10:34 CST 2012" />
            <Test name="testKillProcess" result="pass" starttime="Fri Sep 21 15:10:34 CST 2012" endtime="Fri Sep 21 15:10:34 CST 2012" />
            <Test name="testMiscMethods" result="pass" starttime="Fri Sep 21 15:10:34 CST 2012" endtime="Fri Sep 21 15:10:34 CST 2012" />
            <Test name="testSendSignal" result="pass" starttime="Fri Sep 21 15:10:34 CST 2012" endtime="Fri Sep 21 15:10:34 CST 2012" />
          </TestCase>
          <TestCase name="RecoverySystemTest" priority="">
            <Test name="testAndroidTestCaseSetupProperly" result="pass" starttime="Fri Sep 21 15:10:34 CST 2012" endtime="Fri Sep 21 15:10:34 CST 2012" />
            <Test name="testVerify" result="pass" starttime="Fri Sep 21 15:10:34 CST 2012" endtime="Fri Sep 21 15:10:34 CST 2012" />
          </TestCase>
          <TestCase name="RemoteCallbackListTest" priority="">
            <Test name="testAndroidTestCaseSetupProperly" result="pass" starttime="Fri Sep 21 15:10:34 CST 2012" endtime="Fri Sep 21 15:10:34 CST 2012" />
            <Test name="testKill" result="pass" starttime="Fri Sep 21 15:10:34 CST 2012" endtime="Fri Sep 21 15:10:35 CST 2012" />
            <Test name="testRemoteCallbackList" result="pass" starttime="Fri Sep 21 15:10:35 CST 2012" endtime="Fri Sep 21 15:10:36 CST 2012" />
          </TestCase>
          <TestCase name="RemoteExceptionTest" priority="">
            <Test name="testRemoteException" result="pass" starttime="Fri Sep 21 15:10:36 CST 2012" endtime="Fri Sep 21 15:10:36 CST 2012" />
          </TestCase>
          <TestCase name="ResultReceiverTest" priority="">
            <Test name="testAndroidTestCaseSetupProperly" result="pass" starttime="Fri Sep 21 15:10:36 CST 2012" endtime="Fri Sep 21 15:10:36 CST 2012" />
            <Test name="testResultReceiver" result="pass" starttime="Fri Sep 21 15:10:36 CST 2012" endtime="Fri Sep 21 15:10:36 CST 2012" />
          </TestCase>
          <TestCase name="StatFsTest" priority="">
            <Test name="testStatFs" result="pass" starttime="Fri Sep 21 15:10:36 CST 2012" endtime="Fri Sep 21 15:10:36 CST 2012" />
          </TestCase>
          <TestCase name="SystemClockTest" priority="">
            <Test name="testAndroidTestCaseSetupProperly" result="pass" starttime="Fri Sep 21 15:10:36 CST 2012" endtime="Fri Sep 21 15:10:36 CST 2012" />
            <Test name="testCurrentThreadTimeMillis" result="pass" starttime="Fri Sep 21 15:10:36 CST 2012" endtime="Fri Sep 21 15:10:36 CST 2012" />
            <Test name="testElapsedRealtime" result="pass" starttime="Fri Sep 21 15:10:36 CST 2012" endtime="Fri Sep 21 15:10:36 CST 2012" />
            <Test name="testSetCurrentTimeMillis" result="pass" starttime="Fri Sep 21 15:10:36 CST 2012" endtime="Fri Sep 21 15:10:36 CST 2012" />
            <Test name="testSleep" result="pass" starttime="Fri Sep 21 15:10:36 CST 2012" endtime="Fri Sep 21 15:10:37 CST 2012" />
            <Test name="testUptimeMillis" result="pass" starttime="Fri Sep 21 15:10:37 CST 2012" endtime="Fri Sep 21 15:10:37 CST 2012" />
          </TestCase>
          <TestCase name="TokenWatcherTest" priority="">
            <Test name="testAndroidTestCaseSetupProperly" result="pass" starttime="Fri Sep 21 15:10:37 CST 2012" endtime="Fri Sep 21 15:10:37 CST 2012" />
            <Test name="testCleanUp" result="pass" starttime="Fri Sep 21 15:10:37 CST 2012" endtime="Fri Sep 21 15:10:38 CST 2012" />
            <Test name="testTokenWatcher" result="pass" starttime="Fri Sep 21 15:10:38 CST 2012" endtime="Fri Sep 21 15:10:43 CST 2012" />
          </TestCase>
          <TestCase name="VibratorTest" priority="">
            <Test name="testAndroidTestCaseSetupProperly" result="pass" starttime="Fri Sep 21 15:10:43 CST 2012" endtime="Fri Sep 21 15:10:43 CST 2012" />
            <Test name="testVibrateMultiThread" result="pass" starttime="Fri Sep 21 15:10:43 CST 2012" endtime="Fri Sep 21 15:10:53 CST 2012" />
            <Test name="testVibratePattern" result="pass" starttime="Fri Sep 21 15:10:53 CST 2012" endtime="Fri Sep 21 15:11:03 CST 2012" />
            <Test name="testVibratorCancel" result="pass" starttime="Fri Sep 21 15:11:03 CST 2012" endtime="Fri Sep 21 15:11:14 CST 2012" />
          </TestCase>
        </TestSuite>
        <TestSuite name="storage">
          <TestSuite name="cts">
            <TestCase name="StorageManagerTest" priority="">
              <Test name="testAndroidTestCaseSetupProperly" result="pass" starttime="Fri Sep 21 15:11:14 CST 2012" endtime="Fri Sep 21 15:11:14 CST 2012" />
              <Test name="testAttemptMountNonObb" result="pass" starttime="Fri Sep 21 15:11:14 CST 2012" endtime="Fri Sep 21 15:11:14 CST 2012" />
              <Test name="testAttemptMountObbWrongPackage" result="pass" starttime="Fri Sep 21 15:11:14 CST 2012" endtime="Fri Sep 21 15:11:14 CST 2012" />
              <Test name="testMountAndUnmountObbNormal" result="pass" starttime="Fri Sep 21 15:11:14 CST 2012" endtime="Fri Sep 21 15:11:14 CST 2012" />
              <Test name="testMountAndUnmountTwoObbs" result="pass" starttime="Fri Sep 21 15:11:14 CST 2012" endtime="Fri Sep 21 15:11:14 CST 2012" />
            </TestCase>
          </TestSuite>
        </TestSuite>
      </TestSuite>
    </TestSuite>
  </TestPackage>
  <TestPackage name="CtsPermissionTestCases" appPackageName="android.permission" digest="e692d92c693b339d2a8a2597be72ffa8a2fd59ae">
    <TestSuite name="android">
      <TestSuite name="permission">
        <TestSuite name="cts">
          <TestCase name="AppWidgetManagerPermissionTest" priority="">
            <Test name="testAndroidTestCaseSetupProperly" result="pass" starttime="Fri Sep 21 15:13:25 CST 2012" endtime="Fri Sep 21 15:13:25 CST 2012" />
            <Test name="testBindAppWidget" result="pass" starttime="Fri Sep 21 15:13:25 CST 2012" endtime="Fri Sep 21 15:13:25 CST 2012" />
          </TestCase>
          <TestCase name="AudioPermissionTest" priority="">
            <Test name="testAndroidTestCaseSetupProperly" result="pass" starttime="Fri Sep 21 15:13:25 CST 2012" endtime="Fri Sep 21 15:13:25 CST 2012" />
          </TestCase>
          <TestCase name="CameraPermissionTest" priority="">
            <Test name="testAndroidTestCaseSetupProperly" result="pass" starttime="Fri Sep 21 15:13:25 CST 2012" endtime="Fri Sep 21 15:13:25 CST 2012" />
            <Test name="testCamera" result="pass" starttime="Fri Sep 21 15:13:25 CST 2012" endtime="Fri Sep 21 15:13:25 CST 2012" />
          </TestCase>
          <TestCase name="ConnectivityManagerPermissionTest" priority="">
            <Test name="testAndroidTestCaseSetupProperly" result="pass" starttime="Fri Sep 21 15:13:25 CST 2012" endtime="Fri Sep 21 15:13:25 CST 2012" />
            <Test name="testGetNetworkInfo" result="pass" starttime="Fri Sep 21 15:13:25 CST 2012" endtime="Fri Sep 21 15:13:25 CST 2012" />
            <Test name="testGetNetworkPreference" result="pass" starttime="Fri Sep 21 15:13:25 CST 2012" endtime="Fri Sep 21 15:13:25 CST 2012" />
            <Test name="testRequestRouteToHost" result="pass" starttime="Fri Sep 21 15:13:25 CST 2012" endtime="Fri Sep 21 15:13:26 CST 2012" />
            <Test name="testSetNetworkPreference" result="pass" starttime="Fri Sep 21 15:13:26 CST 2012" endtime="Fri Sep 21 15:13:26 CST 2012" />
            <Test name="testStartUsingNetworkPreference" result="pass" starttime="Fri Sep 21 15:13:26 CST 2012" endtime="Fri Sep 21 15:13:26 CST 2012" />
          </TestCase>
          <TestCase name="DebuggableTest" priority="">
            <Test name="testAndroidTestCaseSetupProperly" result="pass" starttime="Fri Sep 21 15:13:26 CST 2012" endtime="Fri Sep 21 15:13:26 CST 2012" />
            <Test name="testNoDebuggable" result="pass" starttime="Fri Sep 21 15:13:26 CST 2012" endtime="Fri Sep 21 15:13:26 CST 2012" />
          </TestCase>
          <TestCase name="DevicePowerPermissionTest" priority="">
            <Test name="testAndroidTestCaseSetupProperly" result="pass" starttime="Fri Sep 21 15:13:26 CST 2012" endtime="Fri Sep 21 15:13:26 CST 2012" />
            <Test name="testGoToSleep" result="pass" starttime="Fri Sep 21 15:13:26 CST 2012" endtime="Fri Sep 21 15:13:26 CST 2012" />
          </TestCase>
          <TestCase name="FileSystemPermissionTest" priority="">
            <Test name="testAllBlockDevicesAreSecure" result="pass" starttime="Fri Sep 21 15:13:26 CST 2012" endtime="Fri Sep 21 15:13:26 CST 2012" />
            <Test name="testAllFilesInSysAreNotWritable" result="pass" starttime="Fri Sep 21 15:13:26 CST 2012" endtime="Fri Sep 21 15:13:28 CST 2012" />
            <Test name="testAllOtherDirectoriesNotWritable" result="pass" starttime="Fri Sep 21 15:13:28 CST 2012" endtime="Fri Sep 21 15:13:34 CST 2012" />
            <Test name="testAndroidRootDirectoryNotWritable" result="pass" starttime="Fri Sep 21 15:13:34 CST 2012" endtime="Fri Sep 21 15:13:35 CST 2012" />
            <Test name="testAndroidTestCaseSetupProperly" result="pass" starttime="Fri Sep 21 15:13:35 CST 2012" endtime="Fri Sep 21 15:13:35 CST 2012" />
            <Test name="testApplicationParentDirectoryNotWritable" result="pass" starttime="Fri Sep 21 15:13:35 CST 2012" endtime="Fri Sep 21 15:13:35 CST 2012" />
            <Test name="testCreateDirectoryHasSanePermissions" result="pass" starttime="Fri Sep 21 15:13:35 CST 2012" endtime="Fri Sep 21 15:13:35 CST 2012" />
            <Test name="testCreateFileHasSanePermissions" result="pass" starttime="Fri Sep 21 15:13:35 CST 2012" endtime="Fri Sep 21 15:13:35 CST 2012" />
            <Test name="testDataDirectoryNotWritable" result="pass" starttime="Fri Sep 21 15:13:35 CST 2012" endtime="Fri Sep 21 15:13:35 CST 2012" />
            <Test name="testDevDirectoryNotWritable" result="pass" starttime="Fri Sep 21 15:13:35 CST 2012" endtime="Fri Sep 21 15:13:35 CST 2012" />
            <Test name="testDevMemSane" result="pass" starttime="Fri Sep 21 15:13:35 CST 2012" endtime="Fri Sep 21 15:13:35 CST 2012" />
            <Test name="testDevPortSane" result="pass" starttime="Fri Sep 21 15:13:35 CST 2012" endtime="Fri Sep 21 15:13:35 CST 2012" />
            <Test name="testDevkmemSane" result="pass" starttime="Fri Sep 21 15:13:35 CST 2012" endtime="Fri Sep 21 15:13:35 CST 2012" />
            <Test name="testDownloadCacheDirectoryNotWritable" result="pass" starttime="Fri Sep 21 15:13:35 CST 2012" endtime="Fri Sep 21 15:13:36 CST 2012" />
            <Test name="testOtherApplicationDirectoriesAreNotWritable" result="pass" starttime="Fri Sep 21 15:13:36 CST 2012" endtime="Fri Sep 21 15:13:36 CST 2012" />
            <Test name="testOtherRandomDirectoriesNotWritable" result="pass" starttime="Fri Sep 21 15:13:36 CST 2012" endtime="Fri Sep 21 15:13:36 CST 2012" />
            <Test name="testPn544Sane" result="pass" starttime="Fri Sep 21 15:13:36 CST 2012" endtime="Fri Sep 21 15:13:36 CST 2012" />
            <Test name="testProcDirectoryNotWritable" result="pass" starttime="Fri Sep 21 15:13:36 CST 2012" endtime="Fri Sep 21 15:13:36 CST 2012" />
            <Test name="testRootDirectoryNotWritable" result="pass" starttime="Fri Sep 21 15:13:36 CST 2012" endtime="Fri Sep 21 15:13:36 CST 2012" />
            <Test name="testTtyO3Sane" result="pass" starttime="Fri Sep 21 15:13:36 CST 2012" endtime="Fri Sep 21 15:13:36 CST 2012" />
          </TestCase>
          <TestCase name="NoActivityRelatedPermissionTest" priority="">
            <Test name="testGetTask" result="pass" starttime="Fri Sep 21 15:13:36 CST 2012" endtime="Fri Sep 21 15:13:37 CST 2012" />
          </TestCase>
          <TestCase name="NoAudioPermissionTest" priority="">
            <Test name="testAndroidTestCaseSetupProperly" result="pass" starttime="Fri Sep 21 15:13:37 CST 2012" endtime="Fri Sep 21 15:13:37 CST 2012" />
            <Test name="testRouting" result="pass" starttime="Fri Sep 21 15:13:37 CST 2012" endtime="Fri Sep 21 15:13:37 CST 2012" />
            <Test name="testSetMicrophoneMute" result="pass" starttime="Fri Sep 21 15:13:37 CST 2012" endtime="Fri Sep 21 15:13:37 CST 2012" />
          </TestCase>
          <TestCase name="NoBroadcastPackageRemovedPermissionTest" priority="">
            <Test name="testAndroidTestCaseSetupProperly" result="pass" starttime="Fri Sep 21 15:13:37 CST 2012" endtime="Fri Sep 21 15:13:37 CST 2012" />
            <Test name="testSendBroadcast" result="pass" starttime="Fri Sep 21 15:13:37 CST 2012" endtime="Fri Sep 21 15:13:37 CST 2012" />
            <Test name="testSendOrRemoveStickyBroadcast" result="pass" starttime="Fri Sep 21 15:13:37 CST 2012" endtime="Fri Sep 21 15:13:37 CST 2012" />
          </TestCase>
          <TestCase name="NoKeyPermissionTest" priority="">
            <Test name="testAndroidTestCaseSetupProperly" result="pass" starttime="Fri Sep 21 15:13:37 CST 2012" endtime="Fri Sep 21 15:13:37 CST 2012" />
            <Test name="testDisableKeyguard" result="pass" starttime="Fri Sep 21 15:13:37 CST 2012" endtime="Fri Sep 21 15:13:37 CST 2012" />
            <Test name="testExitKeyguardSecurely" result="pass" starttime="Fri Sep 21 15:13:37 CST 2012" endtime="Fri Sep 21 15:13:38 CST 2012" />
            <Test name="testReenableKeyguard" result="pass" starttime="Fri Sep 21 15:13:38 CST 2012" endtime="Fri Sep 21 15:13:38 CST 2012" />
          </TestCase>
          <TestCase name="NoLocationPermissionTest" priority="">
            <Test name="testAddProximityAlert" result="pass" starttime="Fri Sep 21 15:13:38 CST 2012" endtime="Fri Sep 21 15:13:38 CST 2012" />
            <Test name="testAddTestProvider" result="pass" starttime="Fri Sep 21 15:13:38 CST 2012" endtime="Fri Sep 21 15:13:38 CST 2012" />
            <Test name="testAndroidTestCaseSetupProperly" result="pass" starttime="Fri Sep 21 15:13:38 CST 2012" endtime="Fri Sep 21 15:13:38 CST 2012" />
            <Test name="testClearTestProviderEnabled" result="pass" starttime="Fri Sep 21 15:13:38 CST 2012" endtime="Fri Sep 21 15:13:38 CST 2012" />
            <Test name="testClearTestProviderLocation" result="pass" starttime="Fri Sep 21 15:13:38 CST 2012" endtime="Fri Sep 21 15:13:38 CST 2012" />
            <Test name="testClearTestProviderStatus" result="pass" starttime="Fri Sep 21 15:13:38 CST 2012" endtime="Fri Sep 21 15:13:38 CST 2012" />
            <Test name="testGetLastKnownLocationGps" result="pass" starttime="Fri Sep 21 15:13:38 CST 2012" endtime="Fri Sep 21 15:13:38 CST 2012" />
            <Test name="testGetLastKnownLocationNetwork" result="pass" starttime="Fri Sep 21 15:13:38 CST 2012" endtime="Fri Sep 21 15:13:38 CST 2012" />
            <Test name="testGetProviderGps" result="pass" starttime="Fri Sep 21 15:13:38 CST 2012" endtime="Fri Sep 21 15:13:39 CST 2012" />
            <Test name="testGetProviderNetwork" result="pass" starttime="Fri Sep 21 15:13:39 CST 2012" endtime="Fri Sep 21 15:13:39 CST 2012" />
            <Test name="testIsProviderEnabledGps" result="pass" starttime="Fri Sep 21 15:13:39 CST 2012" endtime="Fri Sep 21 15:13:39 CST 2012" />
            <Test name="testIsProviderEnabledNetwork" result="pass" starttime="Fri Sep 21 15:13:39 CST 2012" endtime="Fri Sep 21 15:13:39 CST 2012" />
            <Test name="testListenCellLocation" result="pass" starttime="Fri Sep 21 15:13:39 CST 2012" endtime="Fri Sep 21 15:13:39 CST 2012" />
            <Test name="testRemoveTestProvider" result="pass" starttime="Fri Sep 21 15:13:39 CST 2012" endtime="Fri Sep 21 15:13:39 CST 2012" />
            <Test name="testRequestLocationUpdatesGps" result="pass" starttime="Fri Sep 21 15:13:39 CST 2012" endtime="Fri Sep 21 15:13:39 CST 2012" />
            <Test name="testRequestLocationUpdatesNetwork" result="pass" starttime="Fri Sep 21 15:13:39 CST 2012" endtime="Fri Sep 21 15:13:39 CST 2012" />
            <Test name="testSetTestProviderEnabled" result="pass" starttime="Fri Sep 21 15:13:39 CST 2012" endtime="Fri Sep 21 15:13:39 CST 2012" />
            <Test name="testSetTestProviderLocation" result="pass" starttime="Fri Sep 21 15:13:39 CST 2012" endtime="Fri Sep 21 15:13:39 CST 2012" />
            <Test name="testSetTestProviderStatus" result="pass" starttime="Fri Sep 21 15:13:39 CST 2012" endtime="Fri Sep 21 15:13:40 CST 2012" />
          </TestCase>
          <TestCase name="NoNetworkStatePermissionTest" priority="">
            <Test name="testAndroidTestCaseSetupProperly" result="pass" starttime="Fri Sep 21 15:13:40 CST 2012" endtime="Fri Sep 21 15:13:40 CST 2012" />
            <Test name="testGetActiveNetworkInfo" result="pass" starttime="Fri Sep 21 15:13:40 CST 2012" endtime="Fri Sep 21 15:13:40 CST 2012" />
            <Test name="testGetAllNetworkInfo" result="pass" starttime="Fri Sep 21 15:13:40 CST 2012" endtime="Fri Sep 21 15:13:40 CST 2012" />
            <Test name="testGetNetworkInfo" result="pass" starttime="Fri Sep 21 15:13:40 CST 2012" endtime="Fri Sep 21 15:13:40 CST 2012" />
            <Test name="testGetNetworkPreference" result="pass" starttime="Fri Sep 21 15:13:40 CST 2012" endtime="Fri Sep 21 15:13:40 CST 2012" />
            <Test name="testRequestRouteToHost" result="pass" starttime="Fri Sep 21 15:13:40 CST 2012" endtime="Fri Sep 21 15:13:40 CST 2012" />
            <Test name="testSecurityExceptionFromDns" result="pass" starttime="Fri Sep 21 15:13:40 CST 2012" endtime="Fri Sep 21 15:13:40 CST 2012" />
            <Test name="testSetNetworkPreference" result="pass" starttime="Fri Sep 21 15:13:40 CST 2012" endtime="Fri Sep 21 15:13:40 CST 2012" />
            <Test name="testStartUsingNetworkFeature" result="pass" starttime="Fri Sep 21 15:13:40 CST 2012" endtime="Fri Sep 21 15:13:41 CST 2012" />
            <Test name="testStopUsingNetworkFeature" result="pass" starttime="Fri Sep 21 15:13:41 CST 2012" endtime="Fri Sep 21 15:13:41 CST 2012" />
          </TestCase>
          <TestCase name="NoReadLogsPermissionTest" priority="">
            <Test name="testAndroidTestCaseSetupProperly" result="pass" starttime="Fri Sep 21 15:13:41 CST 2012" endtime="Fri Sep 21 15:13:41 CST 2012" />
            <Test name="testLogFilePermissions" result="pass" starttime="Fri Sep 21 15:13:41 CST 2012" endtime="Fri Sep 21 15:13:41 CST 2012" />
            <Test name="testLogcat" result="pass" starttime="Fri Sep 21 15:13:41 CST 2012" endtime="Fri Sep 21 15:13:41 CST 2012" />
          </TestCase>
          <TestCase name="NoSdCardWritePermissionTest" priority="">
            <Test name="testAndroidTestCaseSetupProperly" result="pass" starttime="Fri Sep 21 15:13:41 CST 2012" endtime="Fri Sep 21 15:13:41 CST 2012" />
            <Test name="testWriteExternalStorage" result="pass" starttime="Fri Sep 21 15:13:41 CST 2012" endtime="Fri Sep 21 15:13:41 CST 2012" />
          </TestCase>
          <TestCase name="NoSystemFunctionPermissionTest" priority="">
            <Test name="testAndroidTestCaseSetupProperly" result="pass" starttime="Fri Sep 21 15:13:41 CST 2012" endtime="Fri Sep 21 15:13:41 CST 2012" />
            <Test name="testRestartPackage" result="pass" starttime="Fri Sep 21 15:13:41 CST 2012" endtime="Fri Sep 21 15:13:42 CST 2012" />
            <Test name="testSendSms" result="pass" starttime="Fri Sep 21 15:13:42 CST 2012" endtime="Fri Sep 21 15:13:42 CST 2012" />
            <Test name="testSetTimeZone" result="pass" starttime="Fri Sep 21 15:13:42 CST 2012" endtime="Fri Sep 21 15:13:42 CST 2012" />
            <Test name="testSetWallpaper" result="pass" starttime="Fri Sep 21 15:13:42 CST 2012" endtime="Fri Sep 21 15:13:42 CST 2012" />
            <Test name="testVibrator" result="pass" starttime="Fri Sep 21 15:13:42 CST 2012" endtime="Fri Sep 21 15:13:42 CST 2012" />
          </TestCase>
          <TestCase name="NoWakeLockPermissionTest" priority="">
            <Test name="testAndroidTestCaseSetupProperly" result="pass" starttime="Fri Sep 21 15:13:42 CST 2012" endtime="Fri Sep 21 15:13:42 CST 2012" />
            <Test name="testMediaPlayerWakeLock" result="pass" starttime="Fri Sep 21 15:13:42 CST 2012" endtime="Fri Sep 21 15:13:42 CST 2012" />
            <Test name="testPowerManagerWakeLockAcquire" result="pass" starttime="Fri Sep 21 15:13:42 CST 2012" endtime="Fri Sep 21 15:13:42 CST 2012" />
            <Test name="testPowerManagerWakeLockAcquire2" result="pass" starttime="Fri Sep 21 15:13:42 CST 2012" endtime="Fri Sep 21 15:13:43 CST 2012" />
            <Test name="testPowerManagerWakeLockRelease" result="pass" starttime="Fri Sep 21 15:13:43 CST 2012" endtime="Fri Sep 21 15:13:43 CST 2012" />
            <Test name="testWifiLockAcquire" result="pass" starttime="Fri Sep 21 15:13:43 CST 2012" endtime="Fri Sep 21 15:13:43 CST 2012" />
          </TestCase>
          <TestCase name="NoWifiStatePermissionTest" priority="">
            <Test name="testAddNetwork" result="pass" starttime="Fri Sep 21 15:13:43 CST 2012" endtime="Fri Sep 21 15:13:43 CST 2012" />
            <Test name="testAndroidTestCaseSetupProperly" result="pass" starttime="Fri Sep 21 15:13:43 CST 2012" endtime="Fri Sep 21 15:13:43 CST 2012" />
            <Test name="testDisableNetwork" result="pass" starttime="Fri Sep 21 15:13:43 CST 2012" endtime="Fri Sep 21 15:13:43 CST 2012" />
            <Test name="testDisconnect" result="pass" starttime="Fri Sep 21 15:13:43 CST 2012" endtime="Fri Sep 21 15:13:43 CST 2012" />
            <Test name="testEnableNetwork" result="pass" starttime="Fri Sep 21 15:13:43 CST 2012" endtime="Fri Sep 21 15:13:43 CST 2012" />
            <Test name="testGetConfiguredNetworks" result="pass" starttime="Fri Sep 21 15:13:43 CST 2012" endtime="Fri Sep 21 15:13:44 CST 2012" />
            <Test name="testGetConnectionInfo" result="pass" starttime="Fri Sep 21 15:13:44 CST 2012" endtime="Fri Sep 21 15:13:44 CST 2012" />
            <Test name="testGetDhcpInfo" result="pass" starttime="Fri Sep 21 15:13:44 CST 2012" endtime="Fri Sep 21 15:13:44 CST 2012" />
            <Test name="testGetScanResults" result="pass" starttime="Fri Sep 21 15:13:44 CST 2012" endtime="Fri Sep 21 15:13:44 CST 2012" />
            <Test name="testGetWifiState" result="pass" starttime="Fri Sep 21 15:13:44 CST 2012" endtime="Fri Sep 21 15:13:44 CST 2012" />
            <Test name="testPingSupplicant" result="pass" starttime="Fri Sep 21 15:13:44 CST 2012" endtime="Fri Sep 21 15:13:44 CST 2012" />
            <Test name="testReassociate" result="pass" starttime="Fri Sep 21 15:13:44 CST 2012" endtime="Fri Sep 21 15:13:44 CST 2012" />
            <Test name="testReconnect" result="pass" starttime="Fri Sep 21 15:13:44 CST 2012" endtime="Fri Sep 21 15:13:44 CST 2012" />
            <Test name="testRemoveNetwork" result="pass" starttime="Fri Sep 21 15:13:44 CST 2012" endtime="Fri Sep 21 15:13:44 CST 2012" />
            <Test name="testSaveConfiguration" result="pass" starttime="Fri Sep 21 15:13:44 CST 2012" endtime="Fri Sep 21 15:13:45 CST 2012" />
            <Test name="testSetWifiEnabled" result="pass" starttime="Fri Sep 21 15:13:45 CST 2012" endtime="Fri Sep 21 15:13:45 CST 2012" />
            <Test name="testStartScan" result="pass" starttime="Fri Sep 21 15:13:45 CST 2012" endtime="Fri Sep 21 15:13:45 CST 2012" />
            <Test name="testUpdateNetwork" result="pass" starttime="Fri Sep 21 15:13:45 CST 2012" endtime="Fri Sep 21 15:13:45 CST 2012" />
          </TestCase>
          <TestCase name="PackageManagerRequiringPermissionsTest" priority="">
            <Test name="testAddPreferredActivity" result="pass" starttime="Fri Sep 21 15:13:45 CST 2012" endtime="Fri Sep 21 15:13:45 CST 2012" />
            <Test name="testAndroidTestCaseSetupProperly" result="pass" starttime="Fri Sep 21 15:13:45 CST 2012" endtime="Fri Sep 21 15:13:45 CST 2012" />
            <Test name="testClearPackagePreferredActivities" result="pass" starttime="Fri Sep 21 15:13:45 CST 2012" endtime="Fri Sep 21 15:13:45 CST 2012" />
            <Test name="testSetApplicationEnabledSetting" result="pass" starttime="Fri Sep 21 15:13:45 CST 2012" endtime="Fri Sep 21 15:13:45 CST 2012" />
          </TestCase>
          <TestCase name="ProviderPermissionTest" priority="">
            <Test name="testAndroidTestCaseSetupProperly" result="pass" starttime="Fri Sep 21 15:13:45 CST 2012" endtime="Fri Sep 21 15:13:46 CST 2012" />
            <Test name="testReadBookmarks" result="pass" starttime="Fri Sep 21 15:13:46 CST 2012" endtime="Fri Sep 21 15:13:46 CST 2012" />
            <Test name="testReadBrowserHistory" result="pass" starttime="Fri Sep 21 15:13:46 CST 2012" endtime="Fri Sep 21 15:13:46 CST 2012" />
            <Test name="testReadCallLog" result="pass" starttime="Fri Sep 21 15:13:46 CST 2012" endtime="Fri Sep 21 15:13:46 CST 2012" />
            <Test name="testReadContacts" result="pass" starttime="Fri Sep 21 15:13:46 CST 2012" endtime="Fri Sep 21 15:13:46 CST 2012" />
            <Test name="testWriteBookmarks" result="pass" starttime="Fri Sep 21 15:13:46 CST 2012" endtime="Fri Sep 21 15:13:46 CST 2012" />
            <Test name="testWriteBrowserHistory" result="pass" starttime="Fri Sep 21 15:13:46 CST 2012" endtime="Fri Sep 21 15:13:46 CST 2012" />
            <Test name="testWriteCallLog" result="pass" starttime="Fri Sep 21 15:13:46 CST 2012" endtime="Fri Sep 21 15:13:46 CST 2012" />
            <Test name="testWriteContacts" result="pass" starttime="Fri Sep 21 15:13:46 CST 2012" endtime="Fri Sep 21 15:13:46 CST 2012" />
            <Test name="testWriteSettings" result="pass" starttime="Fri Sep 21 15:13:46 CST 2012" endtime="Fri Sep 21 15:13:47 CST 2012" />
          </TestCase>
          <TestCase name="RebootPermissionTest" priority="">
            <Test name="testAndroidTestCaseSetupProperly" result="pass" starttime="Fri Sep 21 15:13:47 CST 2012" endtime="Fri Sep 21 15:13:47 CST 2012" />
            <Test name="testBroadcastReboot" result="pass" starttime="Fri Sep 21 15:13:47 CST 2012" endtime="Fri Sep 21 15:13:47 CST 2012" />
          </TestCase>
          <TestCase name="TelephonyManagerPermissionTest" priority="">
            <Test name="testAndroidTestCaseSetupProperly" result="pass" starttime="Fri Sep 21 15:13:47 CST 2012" endtime="Fri Sep 21 15:13:47 CST 2012" />
            <Test name="testGetDeviceId" result="pass" starttime="Fri Sep 21 15:13:47 CST 2012" endtime="Fri Sep 21 15:13:47 CST 2012" />
            <Test name="testGetLine1Number" result="pass" starttime="Fri Sep 21 15:13:47 CST 2012" endtime="Fri Sep 21 15:13:47 CST 2012" />
            <Test name="testGetSimSerialNumber" result="pass" starttime="Fri Sep 21 15:13:47 CST 2012" endtime="Fri Sep 21 15:13:47 CST 2012" />
          </TestCase>
        </TestSuite>
      </TestSuite>
    </TestSuite>
  </TestPackage>
  <TestPackage name="CtsPermission2TestCases" appPackageName="android.permission2" digest="fd8d8ebd2bba7fcdb5d8f90981085ae4ad59f787">
    <TestSuite name="android">
      <TestSuite name="permission2">
        <TestSuite name="cts">
          <TestCase name="NoProcessOutgoingCallPermissionTest" priority="">
            <Test name="testAndroidTestCaseSetupProperly" result="pass" starttime="Fri Sep 21 15:11:18 CST 2012" endtime="Fri Sep 21 15:11:18 CST 2012" />
            <Test name="testProcessOutgoingCall" result="pass" starttime="Fri Sep 21 15:11:18 CST 2012" endtime="Fri Sep 21 15:13:18 CST 2012" />
          </TestCase>
          <TestCase name="NoReceiveGsmSmsPermissionTest" priority="">
            <Test name="testAndroidTestCaseSetupProperly" result="pass" starttime="Fri Sep 21 15:13:18 CST 2012" endtime="Fri Sep 21 15:13:19 CST 2012" />
            <Test name="testReceiveTextMessage" result="pass" starttime="Fri Sep 21 15:13:19 CST 2012" endtime="Fri Sep 21 15:13:19 CST 2012" />
          </TestCase>
          <TestCase name="NoReceiveSmsPermissionTest" priority="">
            <Test name="testAndroidTestCaseSetupProperly" result="pass" starttime="Fri Sep 21 15:13:19 CST 2012" endtime="Fri Sep 21 15:13:19 CST 2012" />
            <Test name="testReceiveTextMessage" result="pass" starttime="Fri Sep 21 15:13:19 CST 2012" endtime="Fri Sep 21 15:13:19 CST 2012" />
          </TestCase>
          <TestCase name="NoWriteSecureSettingsPermissionTest" priority="">
            <Test name="testAndroidTestCaseSetupProperly" result="pass" starttime="Fri Sep 21 15:13:19 CST 2012" endtime="Fri Sep 21 15:13:19 CST 2012" />
            <Test name="testWriteSecureSettings" result="pass" starttime="Fri Sep 21 15:13:19 CST 2012" endtime="Fri Sep 21 15:13:19 CST 2012" />
          </TestCase>
          <TestCase name="ProtectedBroadcastsTest" priority="">
            <Test name="testAndroidTestCaseSetupProperly" result="pass" starttime="Fri Sep 21 15:13:19 CST 2012" endtime="Fri Sep 21 15:13:19 CST 2012" />
            <Test name="testProcessOutgoingCall" result="pass" starttime="Fri Sep 21 15:13:19 CST 2012" endtime="Fri Sep 21 15:13:19 CST 2012" />
          </TestCase>
          <TestCase name="ReadSocialStreamPermissionTest" priority="">
            <Test name="testAndroidTestCaseSetupProperly" result="pass" starttime="Fri Sep 21 15:13:19 CST 2012" endtime="Fri Sep 21 15:13:20 CST 2012" />
            <Test name="testReadSocialStreamPermission_byContactId" result="pass" starttime="Fri Sep 21 15:13:20 CST 2012" endtime="Fri Sep 21 15:13:20 CST 2012" />
            <Test name="testReadSocialStreamPermission_byLookUpKey" result="pass" starttime="Fri Sep 21 15:13:20 CST 2012" endtime="Fri Sep 21 15:13:20 CST 2012" />
            <Test name="testReadSocialStreamPermission_byRawContactId" result="pass" starttime="Fri Sep 21 15:13:20 CST 2012" endtime="Fri Sep 21 15:13:20 CST 2012" />
            <Test name="testReadSocialStreamPermission_byStreamItemId" result="pass" starttime="Fri Sep 21 15:13:20 CST 2012" endtime="Fri Sep 21 15:13:20 CST 2012" />
          </TestCase>
          <TestCase name="WriteSocialStreamPermissionTest" priority="">
            <Test name="testAndroidTestCaseSetupProperly" result="pass" starttime="Fri Sep 21 15:13:20 CST 2012" endtime="Fri Sep 21 15:13:20 CST 2012" />
            <Test name="testWriteSocialStreamPermission_byContentDirectory" result="pass" starttime="Fri Sep 21 15:13:20 CST 2012" endtime="Fri Sep 21 15:13:20 CST 2012" />
            <Test name="testWriteSocialStreamPermission_byContentUri" result="pass" starttime="Fri Sep 21 15:13:20 CST 2012" endtime="Fri Sep 21 15:13:20 CST 2012" />
          </TestCase>
        </TestSuite>
      </TestSuite>
    </TestSuite>
  </TestPackage>
  <TestPackage name="CtsPreferenceTestCases" appPackageName="android.preference" digest="79264b8ec29e3686e7bba64d61536578bd2dd515">
    <TestSuite name="android">
      <TestSuite name="preference">
        <TestSuite name="cts">
          <TestCase name="PreferenceActivityTest" priority="">
            <Test name="testAddPreferencesFromIntent" result="pass" starttime="Fri Sep 21 15:14:26 CST 2012" endtime="Fri Sep 21 15:14:28 CST 2012" />
            <Test name="testAddPreferencesFromResource" result="pass" starttime="Fri Sep 21 15:14:28 CST 2012" endtime="Fri Sep 21 15:14:29 CST 2012" />
            <Test name="testGetPreferenceManager" result="pass" starttime="Fri Sep 21 15:14:29 CST 2012" endtime="Fri Sep 21 15:14:29 CST 2012" />
            <Test name="testGetPreferenceScreen" result="pass" starttime="Fri Sep 21 15:14:29 CST 2012" endtime="Fri Sep 21 15:14:29 CST 2012" />
          </TestCase>
        </TestSuite>
      </TestSuite>
    </TestSuite>
  </TestPackage>
  <TestPackage name="CtsPreference2TestCases" appPackageName="android.preference2" digest="a1b96561a5b3d1b4152f667a9fb3980eef717d36">
    <TestSuite name="android">
      <TestSuite name="preference2">
        <TestSuite name="cts">
          <TestCase name="CheckBoxPreferenceTest" priority="">
            <Test name="testGetSummary" result="pass" starttime="Fri Sep 21 15:13:51 CST 2012" endtime="Fri Sep 21 15:13:54 CST 2012" />
            <Test name="testNotNull" result="pass" starttime="Fri Sep 21 15:13:54 CST 2012" endtime="Fri Sep 21 15:13:55 CST 2012" />
          </TestCase>
          <TestCase name="CustomCheckBoxPreferenceTest" priority="">
            <Test name="testNotNull" result="pass" starttime="Fri Sep 21 15:13:55 CST 2012" endtime="Fri Sep 21 15:13:55 CST 2012" />
          </TestCase>
          <TestCase name="CustomDialogPreferenceTest" priority="">
            <Test name="testNotNull" result="pass" starttime="Fri Sep 21 15:13:55 CST 2012" endtime="Fri Sep 21 15:13:55 CST 2012" />
          </TestCase>
          <TestCase name="CustomEditTextPreferenceTest" priority="">
            <Test name="testNotNull" result="pass" starttime="Fri Sep 21 15:13:55 CST 2012" endtime="Fri Sep 21 15:13:56 CST 2012" />
          </TestCase>
          <TestCase name="CustomSwitchPreferenceTest" priority="">
            <Test name="testNotNull" result="pass" starttime="Fri Sep 21 15:13:56 CST 2012" endtime="Fri Sep 21 15:13:56 CST 2012" />
          </TestCase>
          <TestCase name="DialogPreferenceTest" priority="">
            <Test name="testGetDialogIcon" result="pass" starttime="Fri Sep 21 15:13:56 CST 2012" endtime="Fri Sep 21 15:13:56 CST 2012" />
            <Test name="testGetDialogMessage" result="pass" starttime="Fri Sep 21 15:13:56 CST 2012" endtime="Fri Sep 21 15:13:57 CST 2012" />
            <Test name="testGetDialogTitle" result="pass" starttime="Fri Sep 21 15:13:57 CST 2012" endtime="Fri Sep 21 15:13:57 CST 2012" />
            <Test name="testGetNegativeButtonText" result="pass" starttime="Fri Sep 21 15:13:57 CST 2012" endtime="Fri Sep 21 15:13:58 CST 2012" />
            <Test name="testGetPositiveButtonText" result="pass" starttime="Fri Sep 21 15:13:58 CST 2012" endtime="Fri Sep 21 15:13:58 CST 2012" />
            <Test name="testGetTitle" result="pass" starttime="Fri Sep 21 15:13:58 CST 2012" endtime="Fri Sep 21 15:13:58 CST 2012" />
          </TestCase>
          <TestCase name="EditTextPreferenceTest" priority="">
            <Test name="testGetEditText" result="pass" starttime="Fri Sep 21 15:13:58 CST 2012" endtime="Fri Sep 21 15:13:59 CST 2012" />
          </TestCase>
          <TestCase name="FragmentPreferencesTest" priority="">
            <Test name="testFindPreference" result="pass" starttime="Fri Sep 21 15:13:59 CST 2012" endtime="Fri Sep 21 15:13:59 CST 2012" />
            <Test name="testGetPreferenceManager" result="pass" starttime="Fri Sep 21 15:13:59 CST 2012" endtime="Fri Sep 21 15:14:00 CST 2012" />
            <Test name="testGetPreferenceScreen" result="pass" starttime="Fri Sep 21 15:14:00 CST 2012" endtime="Fri Sep 21 15:14:00 CST 2012" />
            <Test name="testSetPreferenceScreen" result="pass" starttime="Fri Sep 21 15:14:00 CST 2012" endtime="Fri Sep 21 15:14:01 CST 2012" />
          </TestCase>
          <TestCase name="ListPreferenceTest" priority="">
            <Test name="testGetEntries" result="pass" starttime="Fri Sep 21 15:14:01 CST 2012" endtime="Fri Sep 21 15:14:01 CST 2012" />
            <Test name="testGetEntryValues" result="pass" starttime="Fri Sep 21 15:14:01 CST 2012" endtime="Fri Sep 21 15:14:01 CST 2012" />
            <Test name="testIsEnabled" result="pass" starttime="Fri Sep 21 15:14:01 CST 2012" endtime="Fri Sep 21 15:14:02 CST 2012" />
          </TestCase>
          <TestCase name="PreferenceCategoryTest" priority="">
            <Test name="testPreferenceCategory" result="pass" starttime="Fri Sep 21 15:14:02 CST 2012" endtime="Fri Sep 21 15:14:02 CST 2012" />
          </TestCase>
          <TestCase name="PreferenceFragmentTest" priority="">
            <Test name="testGetPreferenceManager" result="pass" starttime="Fri Sep 21 15:14:02 CST 2012" endtime="Fri Sep 21 15:14:02 CST 2012" />
            <Test name="testGetPreferenceScreen" result="pass" starttime="Fri Sep 21 15:14:02 CST 2012" endtime="Fri Sep 21 15:14:03 CST 2012" />
          </TestCase>
          <TestCase name="PreferenceGroupTest" priority="">
            <Test name="testAddPreference" result="pass" starttime="Fri Sep 21 15:14:03 CST 2012" endtime="Fri Sep 21 15:14:03 CST 2012" />
            <Test name="testFindPreference" result="pass" starttime="Fri Sep 21 15:14:03 CST 2012" endtime="Fri Sep 21 15:14:04 CST 2012" />
            <Test name="testIsOnSameScreenAsChildren" result="pass" starttime="Fri Sep 21 15:14:04 CST 2012" endtime="Fri Sep 21 15:14:04 CST 2012" />
            <Test name="testOnPrepareAddPreference" result="pass" starttime="Fri Sep 21 15:14:04 CST 2012" endtime="Fri Sep 21 15:14:04 CST 2012" />
            <Test name="testPreferenceCount" result="pass" starttime="Fri Sep 21 15:14:04 CST 2012" endtime="Fri Sep 21 15:14:05 CST 2012" />
            <Test name="testRemoveAll" result="pass" starttime="Fri Sep 21 15:14:05 CST 2012" endtime="Fri Sep 21 15:14:05 CST 2012" />
            <Test name="testRemovePreference" result="pass" starttime="Fri Sep 21 15:14:05 CST 2012" endtime="Fri Sep 21 15:14:06 CST 2012" />
            <Test name="testSetOrderingAsAdded" result="pass" starttime="Fri Sep 21 15:14:06 CST 2012" endtime="Fri Sep 21 15:14:06 CST 2012" />
          </TestCase>
          <TestCase name="PreferenceTest" priority="">
            <Test name="testGetContext" result="pass" starttime="Fri Sep 21 15:14:06 CST 2012" endtime="Fri Sep 21 15:14:06 CST 2012" />
            <Test name="testGetIcon" result="pass" starttime="Fri Sep 21 15:14:06 CST 2012" endtime="Fri Sep 21 15:14:07 CST 2012" />
            <Test name="testGetKey" result="pass" starttime="Fri Sep 21 15:14:07 CST 2012" endtime="Fri Sep 21 15:14:07 CST 2012" />
            <Test name="testGetOrder" result="pass" starttime="Fri Sep 21 15:14:07 CST 2012" endtime="Fri Sep 21 15:14:08 CST 2012" />
            <Test name="testGetPreferenceManager" result="pass" starttime="Fri Sep 21 15:14:08 CST 2012" endtime="Fri Sep 21 15:14:08 CST 2012" />
            <Test name="testGetSharedPreferences" result="pass" starttime="Fri Sep 21 15:14:08 CST 2012" endtime="Fri Sep 21 15:14:09 CST 2012" />
            <Test name="testGetSummary" result="pass" starttime="Fri Sep 21 15:14:09 CST 2012" endtime="Fri Sep 21 15:14:09 CST 2012" />
            <Test name="testGetTitle" result="pass" starttime="Fri Sep 21 15:14:09 CST 2012" endtime="Fri Sep 21 15:14:10 CST 2012" />
            <Test name="testHasKey" result="pass" starttime="Fri Sep 21 15:14:10 CST 2012" endtime="Fri Sep 21 15:14:10 CST 2012" />
            <Test name="testIsEnabled" result="pass" starttime="Fri Sep 21 15:14:10 CST 2012" endtime="Fri Sep 21 15:14:10 CST 2012" />
            <Test name="testIsPersistent" result="pass" starttime="Fri Sep 21 15:14:10 CST 2012" endtime="Fri Sep 21 15:14:11 CST 2012" />
            <Test name="testIsSelectable" result="pass" starttime="Fri Sep 21 15:14:11 CST 2012" endtime="Fri Sep 21 15:14:11 CST 2012" />
            <Test name="testNotNull" result="pass" starttime="Fri Sep 21 15:14:11 CST 2012" endtime="Fri Sep 21 15:14:12 CST 2012" />
            <Test name="testPersistBoolean" result="pass" starttime="Fri Sep 21 15:14:12 CST 2012" endtime="Fri Sep 21 15:14:12 CST 2012" />
            <Test name="testPersistFloat" result="pass" starttime="Fri Sep 21 15:14:12 CST 2012" endtime="Fri Sep 21 15:14:12 CST 2012" />
            <Test name="testPersistInt" result="pass" starttime="Fri Sep 21 15:14:12 CST 2012" endtime="Fri Sep 21 15:14:13 CST 2012" />
            <Test name="testPersistLong" result="pass" starttime="Fri Sep 21 15:14:13 CST 2012" endtime="Fri Sep 21 15:14:13 CST 2012" />
            <Test name="testPersistString" result="pass" starttime="Fri Sep 21 15:14:13 CST 2012" endtime="Fri Sep 21 15:14:13 CST 2012" />
            <Test name="testSetEnabled" result="pass" starttime="Fri Sep 21 15:14:13 CST 2012" endtime="Fri Sep 21 15:14:14 CST 2012" />
            <Test name="testSetKey" result="pass" starttime="Fri Sep 21 15:14:14 CST 2012" endtime="Fri Sep 21 15:14:14 CST 2012" />
            <Test name="testSetOrder" result="pass" starttime="Fri Sep 21 15:14:14 CST 2012" endtime="Fri Sep 21 15:14:15 CST 2012" />
            <Test name="testSetShouldDisableView" result="pass" starttime="Fri Sep 21 15:14:15 CST 2012" endtime="Fri Sep 21 15:14:15 CST 2012" />
            <Test name="testSetSummary" result="pass" starttime="Fri Sep 21 15:14:15 CST 2012" endtime="Fri Sep 21 15:14:16 CST 2012" />
            <Test name="testSetTitle" result="pass" starttime="Fri Sep 21 15:14:16 CST 2012" endtime="Fri Sep 21 15:14:16 CST 2012" />
            <Test name="testSetTitle_CharSequence" result="pass" starttime="Fri Sep 21 15:14:16 CST 2012" endtime="Fri Sep 21 15:14:16 CST 2012" />
            <Test name="testShouldCommit" result="pass" starttime="Fri Sep 21 15:14:16 CST 2012" endtime="Fri Sep 21 15:14:17 CST 2012" />
            <Test name="testShouldPersist" result="pass" starttime="Fri Sep 21 15:14:17 CST 2012" endtime="Fri Sep 21 15:14:17 CST 2012" />
            <Test name="testgetShouldDisableView" result="pass" starttime="Fri Sep 21 15:14:17 CST 2012" endtime="Fri Sep 21 15:14:18 CST 2012" />
          </TestCase>
          <TestCase name="PreferenceWithHeadersTest" priority="">
            <Test name="testHasHeaders" result="pass" starttime="Fri Sep 21 15:14:18 CST 2012" endtime="Fri Sep 21 15:14:18 CST 2012" />
            <Test name="testOnIsHidingHeaders" result="pass" starttime="Fri Sep 21 15:14:18 CST 2012" endtime="Fri Sep 21 15:14:19 CST 2012" />
          </TestCase>
          <TestCase name="SwitchPreferenceTest" priority="">
            <Test name="testGetSummary" result="pass" starttime="Fri Sep 21 15:14:19 CST 2012" endtime="Fri Sep 21 15:14:19 CST 2012" />
            <Test name="testGetSummaryOn" result="pass" starttime="Fri Sep 21 15:14:19 CST 2012" endtime="Fri Sep 21 15:14:19 CST 2012" />
            <Test name="testGetTitle" result="pass" starttime="Fri Sep 21 15:14:19 CST 2012" endtime="Fri Sep 21 15:14:20 CST 2012" />
            <Test name="testSetSwitchTextOff_One" result="pass" starttime="Fri Sep 21 15:14:20 CST 2012" endtime="Fri Sep 21 15:14:20 CST 2012" />
            <Test name="testSetSwitchTextOff_Two" result="pass" starttime="Fri Sep 21 15:14:20 CST 2012" endtime="Fri Sep 21 15:14:21 CST 2012" />
            <Test name="testSetSwitchTextOn_One" result="pass" starttime="Fri Sep 21 15:14:21 CST 2012" endtime="Fri Sep 21 15:14:21 CST 2012" />
            <Test name="testSetSwitchTextOn_Two" result="pass" starttime="Fri Sep 21 15:14:21 CST 2012" endtime="Fri Sep 21 15:14:21 CST 2012" />
            <Test name="testSummaryOff" result="pass" starttime="Fri Sep 21 15:14:21 CST 2012" endtime="Fri Sep 21 15:14:22 CST 2012" />
          </TestCase>
        </TestSuite>
      </TestSuite>
    </TestSuite>
  </TestPackage>
  <TestPackage name="CtsProviderTestCases" appPackageName="android.provider" digest="d59a7d3ad6a9eb884c886b372fc27151c8071c00">
    <TestSuite name="android">
      <TestSuite name="provider">
        <TestSuite name="cts">
          <TestCase name="BrowserTest" priority="">
            <Test name="testAccessHistory" result="pass" starttime="Fri Sep 21 15:14:34 CST 2012" endtime="Fri Sep 21 15:14:39 CST 2012" />
            <Test name="testAccessSearches" result="pass" starttime="Fri Sep 21 15:14:39 CST 2012" endtime="Fri Sep 21 15:14:39 CST 2012" />
            <Test name="testBookmarksTable" result="pass" starttime="Fri Sep 21 15:14:39 CST 2012" endtime="Fri Sep 21 15:14:40 CST 2012" />
            <Test name="testGetAllBookmarks" result="pass" starttime="Fri Sep 21 15:14:40 CST 2012" endtime="Fri Sep 21 15:14:41 CST 2012" />
            <Test name="testGetAllVisitedUrls" result="pass" starttime="Fri Sep 21 15:14:41 CST 2012" endtime="Fri Sep 21 15:14:41 CST 2012" />
            <Test name="testRequestAllIcons" result="pass" starttime="Fri Sep 21 15:14:41 CST 2012" endtime="Fri Sep 21 15:14:42 CST 2012" />
            <Test name="testSaveBookmark" result="pass" starttime="Fri Sep 21 15:14:42 CST 2012" endtime="Fri Sep 21 15:14:43 CST 2012" />
            <Test name="testSearchesTable" result="pass" starttime="Fri Sep 21 15:14:43 CST 2012" endtime="Fri Sep 21 15:14:43 CST 2012" />
            <Test name="testSendString" result="pass" starttime="Fri Sep 21 15:14:43 CST 2012" endtime="Fri Sep 21 15:14:44 CST 2012" />
            <Test name="testUpdateVisitedHistory" result="pass" starttime="Fri Sep 21 15:14:44 CST 2012" endtime="Fri Sep 21 15:14:44 CST 2012" />
          </TestCase>
          <TestCase name="CalendarTest" priority="">
            <Test name="testAttendees" result="pass" starttime="Fri Sep 21 15:14:44 CST 2012" endtime="Fri Sep 21 15:14:45 CST 2012" />
            <Test name="testBadRequests" result="pass" starttime="Fri Sep 21 15:14:45 CST 2012" endtime="Fri Sep 21 15:14:46 CST 2012" />
            <Test name="testBulkUpdate" result="pass" starttime="Fri Sep 21 15:14:46 CST 2012" endtime="Fri Sep 21 15:14:46 CST 2012" />
            <Test name="testCalendarColors" result="pass" starttime="Fri Sep 21 15:14:46 CST 2012" endtime="Fri Sep 21 15:14:46 CST 2012" />
            <Test name="testCalendarCreationAndDeletion" result="pass" starttime="Fri Sep 21 15:14:46 CST 2012" endtime="Fri Sep 21 15:14:47 CST 2012" />
            <Test name="testCalendarEntityQuery" result="pass" starttime="Fri Sep 21 15:14:47 CST 2012" endtime="Fri Sep 21 15:14:47 CST 2012" />
            <Test name="testCalendarUpdateAsApp" result="pass" starttime="Fri Sep 21 15:14:47 CST 2012" endtime="Fri Sep 21 15:14:47 CST 2012" />
            <Test name="testColorWriteRequirements" result="pass" starttime="Fri Sep 21 15:14:47 CST 2012" endtime="Fri Sep 21 15:14:47 CST 2012" />
            <Test name="testConversionToRecurring" result="pass" starttime="Fri Sep 21 15:14:47 CST 2012" endtime="Fri Sep 21 15:14:48 CST 2012" />
            <Test name="testDefaultProjections" result="pass" starttime="Fri Sep 21 15:14:48 CST 2012" endtime="Fri Sep 21 15:14:48 CST 2012" />
            <Test name="testEventColors" result="pass" starttime="Fri Sep 21 15:14:48 CST 2012" endtime="Fri Sep 21 15:14:49 CST 2012" />
            <Test name="testEventCreationAndDeletion" result="pass" starttime="Fri Sep 21 15:14:49 CST 2012" endtime="Fri Sep 21 15:14:49 CST 2012" />
            <Test name="testEventUpdateAsApp" result="pass" starttime="Fri Sep 21 15:14:49 CST 2012" endtime="Fri Sep 21 15:14:49 CST 2012" />
            <Test name="testEventsEntityQuery" result="pass" starttime="Fri Sep 21 15:14:49 CST 2012" endtime="Fri Sep 21 15:14:50 CST 2012" />
            <Test name="testExtendedProperties" result="pass" starttime="Fri Sep 21 15:14:50 CST 2012" endtime="Fri Sep 21 15:14:50 CST 2012" />
            <Test name="testForwardRecurrenceExceptions" result="pass" starttime="Fri Sep 21 15:14:50 CST 2012" endtime="Fri Sep 21 15:14:51 CST 2012" />
            <Test name="testFullRecurrenceUpdate" result="pass" starttime="Fri Sep 21 15:14:51 CST 2012" endtime="Fri Sep 21 15:14:51 CST 2012" />
            <Test name="testInstanceSearch" result="pass" starttime="Fri Sep 21 15:14:51 CST 2012" endtime="Fri Sep 21 15:14:52 CST 2012" />
            <Test name="testMultiRuleRecurrence" result="pass" starttime="Fri Sep 21 15:14:52 CST 2012" endtime="Fri Sep 21 15:14:52 CST 2012" />
            <Test name="testNonAdapterRecurrenceExceptions" result="pass" starttime="Fri Sep 21 15:14:52 CST 2012" endtime="Fri Sep 21 15:14:52 CST 2012" />
            <Test name="testOutOfOrderRecurrenceExceptions" result="pass" starttime="Fri Sep 21 15:14:52 CST 2012" endtime="Fri Sep 21 15:14:54 CST 2012" />
            <Test name="testRecurrence" result="pass" starttime="Fri Sep 21 15:14:54 CST 2012" endtime="Fri Sep 21 15:14:54 CST 2012" />
            <Test name="testReminders" result="pass" starttime="Fri Sep 21 15:14:54 CST 2012" endtime="Fri Sep 21 15:14:54 CST 2012" />
            <Test name="testSingleRecurrenceExceptions" result="pass" starttime="Fri Sep 21 15:14:54 CST 2012" endtime="Fri Sep 21 15:14:56 CST 2012" />
            <Test name="testSyncOnlyInsertEnforcement" result="pass" starttime="Fri Sep 21 15:14:56 CST 2012" endtime="Fri Sep 21 15:14:56 CST 2012" />
            <Test name="testSyncState" result="pass" starttime="Fri Sep 21 15:14:56 CST 2012" endtime="Fri Sep 21 15:14:56 CST 2012" />
          </TestCase>
          <TestCase name="ContactsContract_CommonDataKinds_EmailTest" priority="">
            <Test name="testAndroidTestCaseSetupProperly" result="pass" starttime="Fri Sep 21 15:14:56 CST 2012" endtime="Fri Sep 21 15:14:56 CST 2012" />
            <Test name="testGetTypeLabel" result="pass" starttime="Fri Sep 21 15:14:56 CST 2012" endtime="Fri Sep 21 15:14:56 CST 2012" />
          </TestCase>
          <TestCase name="ContactsContract_CommonDataKinds_EventTest" priority="">
            <Test name="testAndroidTestCaseSetupProperly" result="pass" starttime="Fri Sep 21 15:14:56 CST 2012" endtime="Fri Sep 21 15:14:56 CST 2012" />
            <Test name="testGetTypeLabel" result="pass" starttime="Fri Sep 21 15:14:56 CST 2012" endtime="Fri Sep 21 15:14:56 CST 2012" />
          </TestCase>
          <TestCase name="ContactsContract_CommonDataKinds_ImTest" priority="">
            <Test name="testAndroidTestCaseSetupProperly" result="pass" starttime="Fri Sep 21 15:14:56 CST 2012" endtime="Fri Sep 21 15:14:56 CST 2012" />
            <Test name="testGetProtocolLabel" result="pass" starttime="Fri Sep 21 15:14:56 CST 2012" endtime="Fri Sep 21 15:14:56 CST 2012" />
            <Test name="testGetTypeLabel" result="pass" starttime="Fri Sep 21 15:14:56 CST 2012" endtime="Fri Sep 21 15:14:57 CST 2012" />
          </TestCase>
          <TestCase name="ContactsContract_CommonDataKinds_OrganizationTest" priority="">
            <Test name="testAndroidTestCaseSetupProperly" result="pass" starttime="Fri Sep 21 15:14:57 CST 2012" endtime="Fri Sep 21 15:14:57 CST 2012" />
            <Test name="testGetTypeLabel" result="pass" starttime="Fri Sep 21 15:14:57 CST 2012" endtime="Fri Sep 21 15:14:57 CST 2012" />
          </TestCase>
          <TestCase name="ContactsContract_CommonDataKinds_PhoneTest" priority="">
            <Test name="testAndroidTestCaseSetupProperly" result="pass" starttime="Fri Sep 21 15:14:57 CST 2012" endtime="Fri Sep 21 15:14:57 CST 2012" />
            <Test name="testGetTypeLabel" result="pass" starttime="Fri Sep 21 15:14:57 CST 2012" endtime="Fri Sep 21 15:14:57 CST 2012" />
          </TestCase>
          <TestCase name="ContactsContract_CommonDataKinds_RelationTest" priority="">
            <Test name="testAndroidTestCaseSetupProperly" result="pass" starttime="Fri Sep 21 15:14:57 CST 2012" endtime="Fri Sep 21 15:14:57 CST 2012" />
            <Test name="testGetTypeLabel" result="pass" starttime="Fri Sep 21 15:14:57 CST 2012" endtime="Fri Sep 21 15:14:57 CST 2012" />
          </TestCase>
          <TestCase name="ContactsContract_CommonDataKinds_SipAddressTest" priority="">
            <Test name="testAndroidTestCaseSetupProperly" result="pass" starttime="Fri Sep 21 15:14:57 CST 2012" endtime="Fri Sep 21 15:14:57 CST 2012" />
            <Test name="testGetTypeLabel" result="pass" starttime="Fri Sep 21 15:14:57 CST 2012" endtime="Fri Sep 21 15:14:57 CST 2012" />
          </TestCase>
          <TestCase name="ContactsContract_CommonDataKinds_StructuredPostalTest" priority="">
            <Test name="testAndroidTestCaseSetupProperly" result="pass" starttime="Fri Sep 21 15:14:57 CST 2012" endtime="Fri Sep 21 15:14:57 CST 2012" />
            <Test name="testGetTypeLabel" result="pass" starttime="Fri Sep 21 15:14:57 CST 2012" endtime="Fri Sep 21 15:14:58 CST 2012" />
          </TestCase>
          <TestCase name="ContactsContract_ContactsTest" priority="">
            <Test name="testContentUri" result="pass" starttime="Fri Sep 21 15:14:58 CST 2012" endtime="Fri Sep 21 15:14:58 CST 2012" />
            <Test name="testLookupUri" result="pass" starttime="Fri Sep 21 15:14:58 CST 2012" endtime="Fri Sep 21 15:14:58 CST 2012" />
            <Test name="testMarkAsContacted" result="pass" starttime="Fri Sep 21 15:14:58 CST 2012" endtime="Fri Sep 21 15:14:58 CST 2012" />
          </TestCase>
          <TestCase name="ContactsContract_DataTest" priority="">
            <Test name="testGetLookupUriByDisplayName" result="pass" starttime="Fri Sep 21 15:14:58 CST 2012" endtime="Fri Sep 21 15:14:59 CST 2012" />
            <Test name="testGetLookupUriBySourceId" result="pass" starttime="Fri Sep 21 15:14:59 CST 2012" endtime="Fri Sep 21 15:14:59 CST 2012" />
          </TestCase>
          <TestCase name="ContactsContract_GroupMembershipTest" priority="">
            <Test name="testAddGroupMembershipWithGroupRowId" result="pass" starttime="Fri Sep 21 15:14:59 CST 2012" endtime="Fri Sep 21 15:15:00 CST 2012" />
            <Test name="testAddGroupMembershipWithGroupSourceId" result="pass" starttime="Fri Sep 21 15:15:00 CST 2012" endtime="Fri Sep 21 15:15:00 CST 2012" />
            <Test name="testAddGroupMembershipWithUnknownGroupSourceId" result="pass" starttime="Fri Sep 21 15:15:00 CST 2012" endtime="Fri Sep 21 15:15:00 CST 2012" />
          </TestCase>
          <TestCase name="ContactsContract_PhotoTest" priority="">
            <Test name="testAddEmptyPhoto" result="pass" starttime="Fri Sep 21 15:15:00 CST 2012" endtime="Fri Sep 21 15:15:01 CST 2012" />
            <Test name="testAddPhoto" result="pass" starttime="Fri Sep 21 15:15:01 CST 2012" endtime="Fri Sep 21 15:15:01 CST 2012" />
          </TestCase>
          <TestCase name="ContactsContract_RawContactsTest" priority="">
            <Test name="testGetLookupUriByDisplayName" result="pass" starttime="Fri Sep 21 15:15:01 CST 2012" endtime="Fri Sep 21 15:15:01 CST 2012" />
            <Test name="testGetLookupUriBySourceId" result="pass" starttime="Fri Sep 21 15:15:01 CST 2012" endtime="Fri Sep 21 15:15:02 CST 2012" />
          </TestCase>
          <TestCase name="ContactsContract_StatusUpdatesTest" priority="">
            <Test name="testAndroidTestCaseSetupProperly" result="pass" starttime="Fri Sep 21 15:15:02 CST 2012" endtime="Fri Sep 21 15:15:02 CST 2012" />
            <Test name="testGetPresenceIconresourceId" result="pass" starttime="Fri Sep 21 15:15:02 CST 2012" endtime="Fri Sep 21 15:15:02 CST 2012" />
            <Test name="testGetPresencePrecedence" result="pass" starttime="Fri Sep 21 15:15:02 CST 2012" endtime="Fri Sep 21 15:15:02 CST 2012" />
            <Test name="testInsertStatus" result="pass" starttime="Fri Sep 21 15:15:02 CST 2012" endtime="Fri Sep 21 15:15:03 CST 2012" />
          </TestCase>
          <TestCase name="ContactsContract_StreamItemPhotosTest" priority="">
            <Test name="testAndroidTestCaseSetupProperly" result="pass" starttime="Fri Sep 21 15:15:03 CST 2012" endtime="Fri Sep 21 15:15:03 CST 2012" />
            <Test name="testContentDirectoryUri" result="pass" starttime="Fri Sep 21 15:15:03 CST 2012" endtime="Fri Sep 21 15:15:04 CST 2012" />
            <Test name="testContentPhotoUri" result="pass" starttime="Fri Sep 21 15:15:04 CST 2012" endtime="Fri Sep 21 15:15:04 CST 2012" />
          </TestCase>
          <TestCase name="ContactsContract_StreamItemsTest" priority="">
            <Test name="testAndroidTestCaseSetupProperly" result="pass" starttime="Fri Sep 21 15:15:04 CST 2012" endtime="Fri Sep 21 15:15:04 CST 2012" />
            <Test name="testContentDirectoryUri" result="pass" starttime="Fri Sep 21 15:15:04 CST 2012" endtime="Fri Sep 21 15:15:04 CST 2012" />
            <Test name="testContentUri" result="pass" starttime="Fri Sep 21 15:15:04 CST 2012" endtime="Fri Sep 21 15:15:04 CST 2012" />
          </TestCase>
          <TestCase name="ContactsTest" priority="">
            <Test name="testCallsTable" result="pass" starttime="Fri Sep 21 15:15:04 CST 2012" endtime="Fri Sep 21 15:15:05 CST 2012" />
            <Test name="testContactMethodsTable" result="pass" starttime="Fri Sep 21 15:15:05 CST 2012" endtime="Fri Sep 21 15:15:06 CST 2012" />
            <Test name="testExtensionsTable" result="pass" starttime="Fri Sep 21 15:15:06 CST 2012" endtime="Fri Sep 21 15:15:06 CST 2012" />
            <Test name="testGroupMembershipTable" result="pass" starttime="Fri Sep 21 15:15:06 CST 2012" endtime="Fri Sep 21 15:15:07 CST 2012" />
            <Test name="testGroupsTable" result="pass" starttime="Fri Sep 21 15:15:07 CST 2012" endtime="Fri Sep 21 15:15:07 CST 2012" />
            <Test name="testOrganizationsTable" result="pass" starttime="Fri Sep 21 15:15:07 CST 2012" endtime="Fri Sep 21 15:15:08 CST 2012" />
            <Test name="testPeopleTable" result="pass" starttime="Fri Sep 21 15:15:08 CST 2012" endtime="Fri Sep 21 15:15:08 CST 2012" />
            <Test name="testPhonesTable" result="pass" starttime="Fri Sep 21 15:15:08 CST 2012" endtime="Fri Sep 21 15:15:09 CST 2012" />
            <Test name="testPhotosTable" result="pass" starttime="Fri Sep 21 15:15:09 CST 2012" endtime="Fri Sep 21 15:15:09 CST 2012" />
            <Test name="testSettingsTable" result="pass" starttime="Fri Sep 21 15:15:09 CST 2012" endtime="Fri Sep 21 15:15:09 CST 2012" />
          </TestCase>
          <TestCase name="Contacts_ContactMethodsTest" priority="">
            <Test name="test" result="pass" starttime="Fri Sep 21 15:15:09 CST 2012" endtime="Fri Sep 21 15:15:09 CST 2012" />
            <Test name="testAddPostalLocation" result="pass" starttime="Fri Sep 21 15:15:09 CST 2012" endtime="Fri Sep 21 15:15:10 CST 2012" />
            <Test name="testAndroidTestCaseSetupProperly" result="pass" starttime="Fri Sep 21 15:15:10 CST 2012" endtime="Fri Sep 21 15:15:10 CST 2012" />
            <Test name="testEncodeAndDecodeProtocol" result="pass" starttime="Fri Sep 21 15:15:10 CST 2012" endtime="Fri Sep 21 15:15:10 CST 2012" />
          </TestCase>
          <TestCase name="Contacts_OrganizationsTest" priority="">
            <Test name="testAndroidTestCaseSetupProperly" result="pass" starttime="Fri Sep 21 15:15:10 CST 2012" endtime="Fri Sep 21 15:15:10 CST 2012" />
            <Test name="testGetDisplayLabel" result="pass" starttime="Fri Sep 21 15:15:10 CST 2012" endtime="Fri Sep 21 15:15:10 CST 2012" />
          </TestCase>
          <TestCase name="Contacts_PeopleTest" priority="">
            <Test name="testAccessPhotoData" result="pass" starttime="Fri Sep 21 15:15:10 CST 2012" endtime="Fri Sep 21 15:15:11 CST 2012" />
            <Test name="testAddToGroup" result="pass" starttime="Fri Sep 21 15:15:11 CST 2012" endtime="Fri Sep 21 15:15:14 CST 2012" />
            <Test name="testMarkAsContacted" result="pass" starttime="Fri Sep 21 15:15:14 CST 2012" endtime="Fri Sep 21 15:15:15 CST 2012" />
          </TestCase>
          <TestCase name="Contacts_PhonesTest" priority="">
            <Test name="testAndroidTestCaseSetupProperly" result="pass" starttime="Fri Sep 21 15:15:15 CST 2012" endtime="Fri Sep 21 15:15:15 CST 2012" />
            <Test name="testGetDisplayLabel" result="pass" starttime="Fri Sep 21 15:15:15 CST 2012" endtime="Fri Sep 21 15:15:15 CST 2012" />
            <Test name="testGetDisplayLabelCharSequenceArray" result="pass" starttime="Fri Sep 21 15:15:15 CST 2012" endtime="Fri Sep 21 15:15:15 CST 2012" />
          </TestCase>
          <TestCase name="Contacts_SettingsTest" priority="">
            <Test name="testAccessSetting" result="pass" starttime="Fri Sep 21 15:15:15 CST 2012" endtime="Fri Sep 21 15:15:16 CST 2012" />
          </TestCase>
          <TestCase name="MediaStoreTest" priority="">
            <Test name="testGetMediaScannerUri" result="pass" starttime="Fri Sep 21 15:15:16 CST 2012" endtime="Fri Sep 21 15:15:16 CST 2012" />
            <Test name="testGetVersion" result="pass" starttime="Fri Sep 21 15:15:16 CST 2012" endtime="Fri Sep 21 15:15:16 CST 2012" />
          </TestCase>
          <TestCase name="MediaStore_AudioTest" priority="">
            <Test name="testKeyFor" result="pass" starttime="Fri Sep 21 15:15:16 CST 2012" endtime="Fri Sep 21 15:15:16 CST 2012" />
          </TestCase>
          <TestCase name="MediaStore_Audio_AlbumsTest" priority="">
            <Test name="testAlbumArt" result="pass" starttime="Fri Sep 21 15:15:16 CST 2012" endtime="Fri Sep 21 15:15:16 CST 2012" />
            <Test name="testAndroidTestCaseSetupProperly" result="pass" starttime="Fri Sep 21 15:15:16 CST 2012" endtime="Fri Sep 21 15:15:16 CST 2012" />
            <Test name="testGetContentUri" result="pass" starttime="Fri Sep 21 15:15:16 CST 2012" endtime="Fri Sep 21 15:15:16 CST 2012" />
            <Test name="testStoreAudioAlbumsExternal" result="pass" starttime="Fri Sep 21 15:15:16 CST 2012" endtime="Fri Sep 21 15:15:16 CST 2012" />
            <Test name="testStoreAudioAlbumsInternal" result="pass" starttime="Fri Sep 21 15:15:16 CST 2012" endtime="Fri Sep 21 15:15:17 CST 2012" />
          </TestCase>
          <TestCase name="MediaStore_Audio_ArtistsTest" priority="">
            <Test name="testGetContentUri" result="pass" starttime="Fri Sep 21 15:15:17 CST 2012" endtime="Fri Sep 21 15:15:17 CST 2012" />
            <Test name="testStoreAudioArtistsExternal" result="pass" starttime="Fri Sep 21 15:15:17 CST 2012" endtime="Fri Sep 21 15:15:17 CST 2012" />
            <Test name="testStoreAudioArtistsInternal" result="pass" starttime="Fri Sep 21 15:15:17 CST 2012" endtime="Fri Sep 21 15:15:17 CST 2012" />
          </TestCase>
          <TestCase name="MediaStore_Audio_Artists_AlbumsTest" priority="">
            <Test name="testGetContentUri" result="pass" starttime="Fri Sep 21 15:15:17 CST 2012" endtime="Fri Sep 21 15:15:17 CST 2012" />
            <Test name="testStoreAudioArtistsAlbumsExternal" result="pass" starttime="Fri Sep 21 15:15:17 CST 2012" endtime="Fri Sep 21 15:15:17 CST 2012" />
            <Test name="testStoreAudioArtistsAlbumsInternal" result="pass" starttime="Fri Sep 21 15:15:17 CST 2012" endtime="Fri Sep 21 15:15:17 CST 2012" />
          </TestCase>
          <TestCase name="MediaStore_Audio_GenresTest" priority="">
            <Test name="testGetContentUri" result="pass" starttime="Fri Sep 21 15:15:17 CST 2012" endtime="Fri Sep 21 15:15:17 CST 2012" />
            <Test name="testGetContentUriForAudioId" result="pass" starttime="Fri Sep 21 15:15:17 CST 2012" endtime="Fri Sep 21 15:15:18 CST 2012" />
            <Test name="testStoreAudioGenresExternal" result="pass" starttime="Fri Sep 21 15:15:18 CST 2012" endtime="Fri Sep 21 15:15:18 CST 2012" />
            <Test name="testStoreAudioGenresInternal" result="pass" starttime="Fri Sep 21 15:15:18 CST 2012" endtime="Fri Sep 21 15:15:18 CST 2012" />
          </TestCase>
          <TestCase name="MediaStore_Audio_Genres_MembersTest" priority="">
            <Test name="testGetContentUri" result="pass" starttime="Fri Sep 21 15:15:18 CST 2012" endtime="Fri Sep 21 15:15:18 CST 2012" />
            <Test name="testStoreAudioGenresMembersExternal" result="pass" starttime="Fri Sep 21 15:15:18 CST 2012" endtime="Fri Sep 21 15:15:19 CST 2012" />
            <Test name="testStoreAudioGenresMembersInternal" result="pass" starttime="Fri Sep 21 15:15:19 CST 2012" endtime="Fri Sep 21 15:15:19 CST 2012" />
          </TestCase>
          <TestCase name="MediaStore_Audio_MediaTest" priority="">
            <Test name="testGetContentUri" result="pass" starttime="Fri Sep 21 15:15:19 CST 2012" endtime="Fri Sep 21 15:15:19 CST 2012" />
            <Test name="testGetContentUriForPath" result="pass" starttime="Fri Sep 21 15:15:19 CST 2012" endtime="Fri Sep 21 15:15:19 CST 2012" />
            <Test name="testStoreAudioMediaExternal" result="pass" starttime="Fri Sep 21 15:15:19 CST 2012" endtime="Fri Sep 21 15:15:19 CST 2012" />
            <Test name="testStoreAudioMediaInternal" result="pass" starttime="Fri Sep 21 15:15:19 CST 2012" endtime="Fri Sep 21 15:15:19 CST 2012" />
          </TestCase>
          <TestCase name="MediaStore_Audio_PlaylistsTest" priority="">
            <Test name="testGetContentUri" result="pass" starttime="Fri Sep 21 15:15:19 CST 2012" endtime="Fri Sep 21 15:15:20 CST 2012" />
            <Test name="testStoreAudioPlaylistsExternal" result="pass" starttime="Fri Sep 21 15:15:20 CST 2012" endtime="Fri Sep 21 15:15:20 CST 2012" />
            <Test name="testStoreAudioPlaylistsInternal" result="pass" starttime="Fri Sep 21 15:15:20 CST 2012" endtime="Fri Sep 21 15:15:20 CST 2012" />
          </TestCase>
          <TestCase name="MediaStore_Audio_Playlists_MembersTest" priority="">
            <Test name="testGetContentUri" result="pass" starttime="Fri Sep 21 15:15:20 CST 2012" endtime="Fri Sep 21 15:15:20 CST 2012" />
            <Test name="testStoreAudioPlaylistsMembersExternal" result="pass" starttime="Fri Sep 21 15:15:20 CST 2012" endtime="Fri Sep 21 15:15:21 CST 2012" />
            <Test name="testStoreAudioPlaylistsMembersInternal" result="pass" starttime="Fri Sep 21 15:15:21 CST 2012" endtime="Fri Sep 21 15:15:21 CST 2012" />
          </TestCase>
          <TestCase name="MediaStore_FilesTest" priority="">
            <Test name="testAndroidTestCaseSetupProperly" result="pass" starttime="Fri Sep 21 15:15:21 CST 2012" endtime="Fri Sep 21 15:15:22 CST 2012" />
            <Test name="testCaseSensitivity" result="pass" starttime="Fri Sep 21 15:15:22 CST 2012" endtime="Fri Sep 21 15:15:22 CST 2012" />
            <Test name="testGetContentUri" result="pass" starttime="Fri Sep 21 15:15:22 CST 2012" endtime="Fri Sep 21 15:15:22 CST 2012" />
          </TestCase>
          <TestCase name="MediaStore_Images_MediaTest" priority="">
            <Test name="testGetContentUri" result="pass" starttime="Fri Sep 21 15:15:22 CST 2012" endtime="Fri Sep 21 15:15:22 CST 2012" />
            <Test name="testInsertImageWithBitmap" result="pass" starttime="Fri Sep 21 15:15:22 CST 2012" endtime="Fri Sep 21 15:15:22 CST 2012" />
            <Test name="testInsertImageWithImagePath" result="pass" starttime="Fri Sep 21 15:15:22 CST 2012" endtime="Fri Sep 21 15:15:24 CST 2012" />
            <Test name="testStoreImagesMediaExternal" result="pass" starttime="Fri Sep 21 15:15:24 CST 2012" endtime="Fri Sep 21 15:15:24 CST 2012" />
            <Test name="testStoreImagesMediaInternal" result="pass" starttime="Fri Sep 21 15:15:24 CST 2012" endtime="Fri Sep 21 15:15:24 CST 2012" />
          </TestCase>
          <TestCase name="MediaStore_Images_ThumbnailsTest" priority="">
            <Test name="testGetContentUri" result="pass" starttime="Fri Sep 21 15:15:24 CST 2012" endtime="Fri Sep 21 15:15:24 CST 2012" />
            <Test name="testQueryExternalMiniThumbnails" result="pass" starttime="Fri Sep 21 15:15:24 CST 2012" endtime="Fri Sep 21 15:15:25 CST 2012" />
            <Test name="testQueryInternalThumbnails" result="pass" starttime="Fri Sep 21 15:15:25 CST 2012" endtime="Fri Sep 21 15:15:25 CST 2012" />
            <Test name="testStoreImagesMediaExternal" result="pass" starttime="Fri Sep 21 15:15:25 CST 2012" endtime="Fri Sep 21 15:15:25 CST 2012" />
            <Test name="testStoreImagesMediaInternal" result="pass" starttime="Fri Sep 21 15:15:25 CST 2012" endtime="Fri Sep 21 15:15:25 CST 2012" />
          </TestCase>
          <TestCase name="MediaStore_VideoTest" priority="">
            <Test name="testQuery" result="pass" starttime="Fri Sep 21 15:15:25 CST 2012" endtime="Fri Sep 21 15:15:25 CST 2012" />
          </TestCase>
          <TestCase name="MediaStore_Video_MediaTest" priority="">
            <Test name="testAndroidTestCaseSetupProperly" result="pass" starttime="Fri Sep 21 15:15:25 CST 2012" endtime="Fri Sep 21 15:15:25 CST 2012" />
            <Test name="testGetContentUri" result="pass" starttime="Fri Sep 21 15:15:25 CST 2012" endtime="Fri Sep 21 15:15:25 CST 2012" />
            <Test name="testStoreVideoMediaExternal" result="pass" starttime="Fri Sep 21 15:15:25 CST 2012" endtime="Fri Sep 21 15:15:26 CST 2012" />
            <Test name="testStoreVideoMediaInternal" result="pass" starttime="Fri Sep 21 15:15:26 CST 2012" endtime="Fri Sep 21 15:15:26 CST 2012" />
          </TestCase>
          <TestCase name="MediaStore_Video_ThumbnailsTest" priority="">
            <Test name="testAndroidTestCaseSetupProperly" result="pass" starttime="Fri Sep 21 15:15:26 CST 2012" endtime="Fri Sep 21 15:15:26 CST 2012" />
            <Test name="testGetContentUri" result="pass" starttime="Fri Sep 21 15:15:26 CST 2012" endtime="Fri Sep 21 15:15:26 CST 2012" />
            <Test name="testGetThumbnail" result="pass" starttime="Fri Sep 21 15:15:26 CST 2012" endtime="Fri Sep 21 15:15:26 CST 2012" />
          </TestCase>
          <TestCase name="SearchRecentSuggestionsTest" priority="">
            <Test name="testAndroidTestCaseSetupProperly" result="pass" starttime="Fri Sep 21 15:15:26 CST 2012" endtime="Fri Sep 21 15:15:26 CST 2012" />
            <Test name="testConstructor" result="pass" starttime="Fri Sep 21 15:15:26 CST 2012" endtime="Fri Sep 21 15:15:26 CST 2012" />
            <Test name="testSearchRecentSuggestions" result="pass" starttime="Fri Sep 21 15:15:26 CST 2012" endtime="Fri Sep 21 15:15:27 CST 2012" />
            <Test name="testSuggestionsTable" result="pass" starttime="Fri Sep 21 15:15:27 CST 2012" endtime="Fri Sep 21 15:15:27 CST 2012" />
          </TestCase>
          <TestCase name="SettingsTest" priority="">
            <Test name="testAccessNonTable" result="pass" starttime="Fri Sep 21 15:15:27 CST 2012" endtime="Fri Sep 21 15:15:27 CST 2012" />
            <Test name="testAndroidTestCaseSetupProperly" result="pass" starttime="Fri Sep 21 15:15:27 CST 2012" endtime="Fri Sep 21 15:15:27 CST 2012" />
            <Test name="testBluetoothDevicesTable" result="pass" starttime="Fri Sep 21 15:15:27 CST 2012" endtime="Fri Sep 21 15:15:27 CST 2012" />
            <Test name="testSecureTable" result="pass" starttime="Fri Sep 21 15:15:27 CST 2012" endtime="Fri Sep 21 15:15:27 CST 2012" />
            <Test name="testSystemTable" result="pass" starttime="Fri Sep 21 15:15:28 CST 2012" endtime="Fri Sep 21 15:15:28 CST 2012" />
          </TestCase>
          <TestCase name="Settings_NameValueTableTest" priority="">
            <Test name="testAndroidTestCaseSetupProperly" result="pass" starttime="Fri Sep 21 15:15:28 CST 2012" endtime="Fri Sep 21 15:15:28 CST 2012" />
            <Test name="testGetUriFor" result="pass" starttime="Fri Sep 21 15:15:28 CST 2012" endtime="Fri Sep 21 15:15:28 CST 2012" />
            <Test name="testPutString" result="pass" starttime="Fri Sep 21 15:15:28 CST 2012" endtime="Fri Sep 21 15:15:28 CST 2012" />
          </TestCase>
          <TestCase name="Settings_SecureTest" priority="">
            <Test name="testAndroidTestCaseSetupProperly" result="pass" starttime="Fri Sep 21 15:15:28 CST 2012" endtime="Fri Sep 21 15:15:28 CST 2012" />
            <Test name="testGetDefaultValues" result="pass" starttime="Fri Sep 21 15:15:28 CST 2012" endtime="Fri Sep 21 15:15:28 CST 2012" />
            <Test name="testGetPutFloat" result="pass" starttime="Fri Sep 21 15:15:28 CST 2012" endtime="Fri Sep 21 15:15:28 CST 2012" />
            <Test name="testGetPutInt" result="pass" starttime="Fri Sep 21 15:15:28 CST 2012" endtime="Fri Sep 21 15:15:28 CST 2012" />
            <Test name="testGetPutLong" result="pass" starttime="Fri Sep 21 15:15:28 CST 2012" endtime="Fri Sep 21 15:15:28 CST 2012" />
            <Test name="testGetPutString" result="pass" starttime="Fri Sep 21 15:15:28 CST 2012" endtime="Fri Sep 21 15:15:29 CST 2012" />
            <Test name="testGetUriFor" result="pass" starttime="Fri Sep 21 15:15:29 CST 2012" endtime="Fri Sep 21 15:15:29 CST 2012" />
            <Test name="testUnknownSourcesOffByDefault" result="pass" starttime="Fri Sep 21 15:15:29 CST 2012" endtime="Fri Sep 21 15:15:29 CST 2012" />
          </TestCase>
          <TestCase name="Settings_SettingNotFoundExceptionTest" priority="">
            <Test name="testAndroidTestCaseSetupProperly" result="pass" starttime="Fri Sep 21 15:15:29 CST 2012" endtime="Fri Sep 21 15:15:29 CST 2012" />
            <Test name="testConstructor" result="pass" starttime="Fri Sep 21 15:15:29 CST 2012" endtime="Fri Sep 21 15:15:29 CST 2012" />
          </TestCase>
          <TestCase name="Settings_SystemTest" priority="">
            <Test name="testAndroidTestCaseSetupProperly" result="pass" starttime="Fri Sep 21 15:15:29 CST 2012" endtime="Fri Sep 21 15:15:29 CST 2012" />
            <Test name="testGetDefaultValues" result="pass" starttime="Fri Sep 21 15:15:29 CST 2012" endtime="Fri Sep 21 15:15:29 CST 2012" />
            <Test name="testGetUriFor" result="pass" starttime="Fri Sep 21 15:15:29 CST 2012" endtime="Fri Sep 21 15:15:29 CST 2012" />
            <Test name="testSystemSettings" result="pass" starttime="Fri Sep 21 15:15:29 CST 2012" endtime="Fri Sep 21 15:15:29 CST 2012" />
          </TestCase>
          <TestCase name="UserDictionary_WordsTest" priority="">
            <Test name="testAddWord" result="pass" starttime="Fri Sep 21 15:15:29 CST 2012" endtime="Fri Sep 21 15:15:30 CST 2012" />
            <Test name="testAddWord_deprecated" result="pass" starttime="Fri Sep 21 15:15:30 CST 2012" endtime="Fri Sep 21 15:15:30 CST 2012" />
            <Test name="testAndroidTestCaseSetupProperly" result="pass" starttime="Fri Sep 21 15:15:30 CST 2012" endtime="Fri Sep 21 15:15:30 CST 2012" />
          </TestCase>
          <TestCase name="VoicemailContractTest" priority="">
            <Test name="testStatusTable" result="pass" starttime="Fri Sep 21 15:15:30 CST 2012" endtime="Fri Sep 21 15:15:30 CST 2012" />
            <Test name="testStatusTablePermissions" result="pass" starttime="Fri Sep 21 15:15:30 CST 2012" endtime="Fri Sep 21 15:15:30 CST 2012" />
            <Test name="testVoicemailTablePermissions" result="pass" starttime="Fri Sep 21 15:15:30 CST 2012" endtime="Fri Sep 21 15:15:30 CST 2012" />
            <Test name="testVoicemailsTable" result="pass" starttime="Fri Sep 21 15:15:30 CST 2012" endtime="Fri Sep 21 15:15:31 CST 2012" />
          </TestCase>
        </TestSuite>
      </TestSuite>
    </TestSuite>
  </TestPackage>
  <TestPackage name="CtsRenderscriptTestCases" appPackageName="android.renderscript" digest="51fe92b52766789e947c5ec3a753430ae6c3147b">
    <TestSuite name="android">
      <TestSuite name="renderscript">
        <TestSuite name="cts">
          <TestCase name="AllocationTest" priority="">
            <Test name="test1DCopyOperations" result="pass" starttime="Fri Sep 21 15:15:35 CST 2012" endtime="Fri Sep 21 15:15:37 CST 2012" />
            <Test name="test2DCopyOperations" result="pass" starttime="Fri Sep 21 15:15:37 CST 2012" endtime="Fri Sep 21 15:15:40 CST 2012" />
            <Test name="testAllocationMipmapControl" result="pass" starttime="Fri Sep 21 15:15:40 CST 2012" endtime="Fri Sep 21 15:15:40 CST 2012" />
            <Test name="testAndroidTestCaseSetupProperly" result="pass" starttime="Fri Sep 21 15:15:40 CST 2012" endtime="Fri Sep 21 15:15:40 CST 2012" />
            <Test name="testCreateFromBitmap" result="pass" starttime="Fri Sep 21 15:15:41 CST 2012" endtime="Fri Sep 21 15:15:41 CST 2012" />
            <Test name="testCreateSized" result="pass" starttime="Fri Sep 21 15:15:41 CST 2012" endtime="Fri Sep 21 15:15:41 CST 2012" />
            <Test name="testCreateTyped" result="pass" starttime="Fri Sep 21 15:15:41 CST 2012" endtime="Fri Sep 21 15:15:42 CST 2012" />
            <Test name="testCubemapFaces" result="pass" starttime="Fri Sep 21 15:15:42 CST 2012" endtime="Fri Sep 21 15:15:42 CST 2012" />
          </TestCase>
          <TestCase name="BaseObjTest" priority="">
            <Test name="testAndroidTestCaseSetupProperly" result="pass" starttime="Fri Sep 21 15:15:42 CST 2012" endtime="Fri Sep 21 15:15:42 CST 2012" />
            <Test name="testBaseObj" result="pass" starttime="Fri Sep 21 15:15:42 CST 2012" endtime="Fri Sep 21 15:15:42 CST 2012" />
          </TestCase>
          <TestCase name="CompilerTest" priority="">
            <Test name="testAndroidTestCaseSetupProperly" result="pass" starttime="Fri Sep 21 15:15:42 CST 2012" endtime="Fri Sep 21 15:15:42 CST 2012" />
            <Test name="testMissingLink" result="pass" starttime="Fri Sep 21 15:15:42 CST 2012" endtime="Fri Sep 21 15:15:42 CST 2012" />
          </TestCase>
          <TestCase name="ComputeTest" priority="">
            <Test name="testAndroidTestCaseSetupProperly" result="pass" starttime="Fri Sep 21 15:15:42 CST 2012" endtime="Fri Sep 21 15:15:42 CST 2012" />
            <Test name="testArrayInit" result="pass" starttime="Fri Sep 21 15:15:42 CST 2012" endtime="Fri Sep 21 15:15:42 CST 2012" />
            <Test name="testClamp" result="pass" starttime="Fri Sep 21 15:15:42 CST 2012" endtime="Fri Sep 21 15:15:43 CST 2012" />
            <Test name="testClampRelaxed" result="pass" starttime="Fri Sep 21 15:15:43 CST 2012" endtime="Fri Sep 21 15:15:43 CST 2012" />
            <Test name="testForEach" result="pass" starttime="Fri Sep 21 15:15:43 CST 2012" endtime="Fri Sep 21 15:15:43 CST 2012" />
            <Test name="testJavaVectorTypes" result="pass" starttime="Fri Sep 21 15:15:43 CST 2012" endtime="Fri Sep 21 15:15:43 CST 2012" />
            <Test name="testPrimitives" result="pass" starttime="Fri Sep 21 15:15:43 CST 2012" endtime="Fri Sep 21 15:15:43 CST 2012" />
            <Test name="testStructObject" result="pass" starttime="Fri Sep 21 15:15:43 CST 2012" endtime="Fri Sep 21 15:15:43 CST 2012" />
            <Test name="testUtilityFunctions" result="pass" starttime="Fri Sep 21 15:15:43 CST 2012" endtime="Fri Sep 21 15:15:43 CST 2012" />
            <Test name="testVector" result="pass" starttime="Fri Sep 21 15:15:43 CST 2012" endtime="Fri Sep 21 15:15:44 CST 2012" />
          </TestCase>
          <TestCase name="ContextCreationTest" priority="">
            <Test name="testCreationWithDelay" result="pass" starttime="Fri Sep 21 15:15:44 CST 2012" endtime="Fri Sep 21 15:15:46 CST 2012" />
            <Test name="testCreationWithoutDelay" result="pass" starttime="Fri Sep 21 15:15:46 CST 2012" endtime="Fri Sep 21 15:15:47 CST 2012" />
            <Test name="testMultiviewCreationWithoutDelay" result="pass" starttime="Fri Sep 21 15:15:47 CST 2012" endtime="Fri Sep 21 15:15:49 CST 2012" />
          </TestCase>
          <TestCase name="ElementTest" priority="">
            <Test name="testAndroidTestCaseSetupProperly" result="pass" starttime="Fri Sep 21 15:15:49 CST 2012" endtime="Fri Sep 21 15:15:49 CST 2012" />
            <Test name="testCreatePixel" result="pass" starttime="Fri Sep 21 15:15:49 CST 2012" endtime="Fri Sep 21 15:15:49 CST 2012" />
            <Test name="testCreateVector" result="pass" starttime="Fri Sep 21 15:15:49 CST 2012" endtime="Fri Sep 21 15:15:49 CST 2012" />
            <Test name="testDataKind" result="pass" starttime="Fri Sep 21 15:15:49 CST 2012" endtime="Fri Sep 21 15:15:49 CST 2012" />
            <Test name="testDataType" result="pass" starttime="Fri Sep 21 15:15:49 CST 2012" endtime="Fri Sep 21 15:15:49 CST 2012" />
            <Test name="testElementBuilder" result="pass" starttime="Fri Sep 21 15:15:49 CST 2012" endtime="Fri Sep 21 15:15:49 CST 2012" />
            <Test name="testEquals" result="pass" starttime="Fri Sep 21 15:15:49 CST 2012" endtime="Fri Sep 21 15:15:49 CST 2012" />
            <Test name="testIsCompatible" result="pass" starttime="Fri Sep 21 15:15:49 CST 2012" endtime="Fri Sep 21 15:15:50 CST 2012" />
            <Test name="testIsComplex" result="pass" starttime="Fri Sep 21 15:15:50 CST 2012" endtime="Fri Sep 21 15:15:50 CST 2012" />
            <Test name="testPrebuiltElements" result="pass" starttime="Fri Sep 21 15:15:50 CST 2012" endtime="Fri Sep 21 15:15:50 CST 2012" />
          </TestCase>
          <TestCase name="ExceptionTest" priority="">
            <Test name="testAndroidTestCaseSetupProperly" result="pass" starttime="Fri Sep 21 15:15:50 CST 2012" endtime="Fri Sep 21 15:15:50 CST 2012" />
            <Test name="testExceptions" result="pass" starttime="Fri Sep 21 15:15:50 CST 2012" endtime="Fri Sep 21 15:15:50 CST 2012" />
          </TestCase>
          <TestCase name="FieldPackerTest" priority="">
            <Test name="testAddAllTypes" result="pass" starttime="Fri Sep 21 15:15:50 CST 2012" endtime="Fri Sep 21 15:15:50 CST 2012" />
            <Test name="testAlignResetSkip" result="pass" starttime="Fri Sep 21 15:15:50 CST 2012" endtime="Fri Sep 21 15:15:50 CST 2012" />
            <Test name="testAndroidTestCaseSetupProperly" result="pass" starttime="Fri Sep 21 15:15:50 CST 2012" endtime="Fri Sep 21 15:15:50 CST 2012" />
          </TestCase>
          <TestCase name="FileA3DTest" priority="">
            <Test name="testAndroidTestCaseSetupProperly" result="pass" starttime="Fri Sep 21 15:15:50 CST 2012" endtime="Fri Sep 21 15:15:50 CST 2012" />
            <Test name="testCreateFromAsset" result="pass" starttime="Fri Sep 21 15:15:50 CST 2012" endtime="Fri Sep 21 15:15:50 CST 2012" />
            <Test name="testCreateFromFile" result="pass" starttime="Fri Sep 21 15:15:50 CST 2012" endtime="Fri Sep 21 15:15:51 CST 2012" />
            <Test name="testCreateFromResource" result="pass" starttime="Fri Sep 21 15:15:51 CST 2012" endtime="Fri Sep 21 15:15:51 CST 2012" />
            <Test name="testFileA3DEntryType" result="pass" starttime="Fri Sep 21 15:15:51 CST 2012" endtime="Fri Sep 21 15:15:51 CST 2012" />
            <Test name="testGetIndexEntry" result="pass" starttime="Fri Sep 21 15:15:51 CST 2012" endtime="Fri Sep 21 15:15:51 CST 2012" />
            <Test name="testGetIndexEntryCount" result="pass" starttime="Fri Sep 21 15:15:51 CST 2012" endtime="Fri Sep 21 15:15:51 CST 2012" />
            <Test name="testIndexEntryGetEntryType" result="pass" starttime="Fri Sep 21 15:15:51 CST 2012" endtime="Fri Sep 21 15:15:51 CST 2012" />
            <Test name="testIndexEntryGetMesh" result="pass" starttime="Fri Sep 21 15:15:51 CST 2012" endtime="Fri Sep 21 15:15:51 CST 2012" />
            <Test name="testIndexEntryGetName" result="pass" starttime="Fri Sep 21 15:15:51 CST 2012" endtime="Fri Sep 21 15:15:51 CST 2012" />
            <Test name="testIndexEntryGetObject" result="pass" starttime="Fri Sep 21 15:15:51 CST 2012" endtime="Fri Sep 21 15:15:51 CST 2012" />
          </TestCase>
          <TestCase name="FontTest" priority="">
            <Test name="testAndroidTestCaseSetupProperly" result="pass" starttime="Fri Sep 21 15:15:51 CST 2012" endtime="Fri Sep 21 15:15:51 CST 2012" />
            <Test name="testCreate" result="pass" starttime="Fri Sep 21 15:15:51 CST 2012" endtime="Fri Sep 21 15:15:52 CST 2012" />
            <Test name="testCreateFromAsset" result="pass" starttime="Fri Sep 21 15:15:52 CST 2012" endtime="Fri Sep 21 15:15:52 CST 2012" />
            <Test name="testCreateFromFile" result="pass" starttime="Fri Sep 21 15:15:52 CST 2012" endtime="Fri Sep 21 15:15:52 CST 2012" />
            <Test name="testCreateFromResource" result="pass" starttime="Fri Sep 21 15:15:52 CST 2012" endtime="Fri Sep 21 15:15:52 CST 2012" />
            <Test name="testFontStyle" result="pass" starttime="Fri Sep 21 15:15:52 CST 2012" endtime="Fri Sep 21 15:15:52 CST 2012" />
          </TestCase>
          <TestCase name="ForEachTest" priority="">
            <Test name="testAndroidTestCaseSetupProperly" result="pass" starttime="Fri Sep 21 15:15:52 CST 2012" endtime="Fri Sep 21 15:15:52 CST 2012" />
            <Test name="testForEach" result="pass" starttime="Fri Sep 21 15:15:52 CST 2012" endtime="Fri Sep 21 15:15:52 CST 2012" />
            <Test name="testMultipleForEach" result="pass" starttime="Fri Sep 21 15:15:52 CST 2012" endtime="Fri Sep 21 15:15:53 CST 2012" />
            <Test name="testNoRoot" result="pass" starttime="Fri Sep 21 15:15:53 CST 2012" endtime="Fri Sep 21 15:15:53 CST 2012" />
          </TestCase>
          <TestCase name="Matrix2fTest" priority="">
            <Test name="testAndroidTestCaseSetupProperly" result="pass" starttime="Fri Sep 21 15:15:53 CST 2012" endtime="Fri Sep 21 15:15:53 CST 2012" />
            <Test name="testCreation" result="pass" starttime="Fri Sep 21 15:15:53 CST 2012" endtime="Fri Sep 21 15:15:53 CST 2012" />
            <Test name="testGet" result="pass" starttime="Fri Sep 21 15:15:53 CST 2012" endtime="Fri Sep 21 15:15:53 CST 2012" />
            <Test name="testLoad" result="pass" starttime="Fri Sep 21 15:15:53 CST 2012" endtime="Fri Sep 21 15:15:53 CST 2012" />
            <Test name="testLoadIdentity" result="pass" starttime="Fri Sep 21 15:15:53 CST 2012" endtime="Fri Sep 21 15:15:53 CST 2012" />
            <Test name="testLoadScale" result="pass" starttime="Fri Sep 21 15:15:53 CST 2012" endtime="Fri Sep 21 15:15:53 CST 2012" />
            <Test name="testMultiply" result="pass" starttime="Fri Sep 21 15:15:53 CST 2012" endtime="Fri Sep 21 15:15:54 CST 2012" />
            <Test name="testRotateLoadRotate" result="pass" starttime="Fri Sep 21 15:15:54 CST 2012" endtime="Fri Sep 21 15:15:54 CST 2012" />
            <Test name="testScale" result="pass" starttime="Fri Sep 21 15:15:54 CST 2012" endtime="Fri Sep 21 15:15:54 CST 2012" />
            <Test name="testSet" result="pass" starttime="Fri Sep 21 15:15:54 CST 2012" endtime="Fri Sep 21 15:15:54 CST 2012" />
            <Test name="testTranspose" result="pass" starttime="Fri Sep 21 15:15:54 CST 2012" endtime="Fri Sep 21 15:15:54 CST 2012" />
          </TestCase>
          <TestCase name="Matrix3fTest" priority="">
            <Test name="testAndroidTestCaseSetupProperly" result="pass" starttime="Fri Sep 21 15:15:54 CST 2012" endtime="Fri Sep 21 15:15:54 CST 2012" />
            <Test name="testCreation" result="pass" starttime="Fri Sep 21 15:15:54 CST 2012" endtime="Fri Sep 21 15:15:54 CST 2012" />
            <Test name="testGet" result="pass" starttime="Fri Sep 21 15:15:54 CST 2012" endtime="Fri Sep 21 15:15:54 CST 2012" />
            <Test name="testLoad" result="pass" starttime="Fri Sep 21 15:15:54 CST 2012" endtime="Fri Sep 21 15:15:54 CST 2012" />
            <Test name="testLoadIdentity" result="pass" starttime="Fri Sep 21 15:15:54 CST 2012" endtime="Fri Sep 21 15:15:54 CST 2012" />
            <Test name="testLoadScale" result="pass" starttime="Fri Sep 21 15:15:55 CST 2012" endtime="Fri Sep 21 15:15:55 CST 2012" />
            <Test name="testLoadTranslate" result="pass" starttime="Fri Sep 21 15:15:55 CST 2012" endtime="Fri Sep 21 15:15:55 CST 2012" />
            <Test name="testMultiply" result="pass" starttime="Fri Sep 21 15:15:55 CST 2012" endtime="Fri Sep 21 15:15:55 CST 2012" />
            <Test name="testScale" result="pass" starttime="Fri Sep 21 15:15:55 CST 2012" endtime="Fri Sep 21 15:15:55 CST 2012" />
            <Test name="testSet" result="pass" starttime="Fri Sep 21 15:15:55 CST 2012" endtime="Fri Sep 21 15:15:55 CST 2012" />
            <Test name="testTranspose" result="pass" starttime="Fri Sep 21 15:15:55 CST 2012" endtime="Fri Sep 21 15:15:55 CST 2012" />
          </TestCase>
          <TestCase name="Matrix4fTest" priority="">
            <Test name="testAndroidTestCaseSetupProperly" result="pass" starttime="Fri Sep 21 15:15:55 CST 2012" endtime="Fri Sep 21 15:15:55 CST 2012" />
            <Test name="testCreation" result="pass" starttime="Fri Sep 21 15:15:55 CST 2012" endtime="Fri Sep 21 15:15:55 CST 2012" />
            <Test name="testGet" result="pass" starttime="Fri Sep 21 15:15:55 CST 2012" endtime="Fri Sep 21 15:15:55 CST 2012" />
            <Test name="testInverse" result="pass" starttime="Fri Sep 21 15:15:55 CST 2012" endtime="Fri Sep 21 15:15:56 CST 2012" />
            <Test name="testLoad" result="pass" starttime="Fri Sep 21 15:15:56 CST 2012" endtime="Fri Sep 21 15:15:56 CST 2012" />
            <Test name="testLoadIdentity" result="pass" starttime="Fri Sep 21 15:15:56 CST 2012" endtime="Fri Sep 21 15:15:56 CST 2012" />
            <Test name="testLoadScale" result="pass" starttime="Fri Sep 21 15:15:56 CST 2012" endtime="Fri Sep 21 15:15:56 CST 2012" />
            <Test name="testLoadTranslate" result="pass" starttime="Fri Sep 21 15:15:56 CST 2012" endtime="Fri Sep 21 15:15:56 CST 2012" />
            <Test name="testMultiply" result="pass" starttime="Fri Sep 21 15:15:56 CST 2012" endtime="Fri Sep 21 15:15:56 CST 2012" />
            <Test name="testScale" result="pass" starttime="Fri Sep 21 15:15:56 CST 2012" endtime="Fri Sep 21 15:15:56 CST 2012" />
            <Test name="testSet" result="pass" starttime="Fri Sep 21 15:15:56 CST 2012" endtime="Fri Sep 21 15:15:56 CST 2012" />
            <Test name="testTranspose" result="pass" starttime="Fri Sep 21 15:15:56 CST 2012" endtime="Fri Sep 21 15:15:56 CST 2012" />
          </TestCase>
          <TestCase name="MeshTest" priority="">
            <Test name="testAndroidTestCaseSetupProperly" result="pass" starttime="Fri Sep 21 15:15:56 CST 2012" endtime="Fri Sep 21 15:15:56 CST 2012" />
            <Test name="testMeshAllocationBuilder" result="pass" starttime="Fri Sep 21 15:15:56 CST 2012" endtime="Fri Sep 21 15:15:57 CST 2012" />
            <Test name="testMeshBuilder" result="pass" starttime="Fri Sep 21 15:15:57 CST 2012" endtime="Fri Sep 21 15:15:57 CST 2012" />
            <Test name="testMeshPrimitive" result="pass" starttime="Fri Sep 21 15:15:57 CST 2012" endtime="Fri Sep 21 15:15:57 CST 2012" />
            <Test name="testMeshTriangleMeshBuilder" result="pass" starttime="Fri Sep 21 15:15:57 CST 2012" endtime="Fri Sep 21 15:15:58 CST 2012" />
          </TestCase>
          <TestCase name="ProgramFragmentFixedFunctionTest" priority="">
            <Test name="testAndroidTestCaseSetupProperly" result="pass" starttime="Fri Sep 21 15:15:58 CST 2012" endtime="Fri Sep 21 15:15:58 CST 2012" />
            <Test name="testBuilderEnvMode" result="pass" starttime="Fri Sep 21 15:15:58 CST 2012" endtime="Fri Sep 21 15:15:58 CST 2012" />
            <Test name="testBuilderFormat" result="pass" starttime="Fri Sep 21 15:15:58 CST 2012" endtime="Fri Sep 21 15:15:58 CST 2012" />
            <Test name="testProgramFragmentFixedFunctionBuilder" result="pass" starttime="Fri Sep 21 15:15:58 CST 2012" endtime="Fri Sep 21 15:15:59 CST 2012" />
          </TestCase>
          <TestCase name="ProgramFragmentTest" priority="">
            <Test name="testAndroidTestCaseSetupProperly" result="pass" starttime="Fri Sep 21 15:15:59 CST 2012" endtime="Fri Sep 21 15:15:59 CST 2012" />
            <Test name="testProgramFragmentBuilder" result="pass" starttime="Fri Sep 21 15:15:59 CST 2012" endtime="Fri Sep 21 15:15:59 CST 2012" />
            <Test name="testProgramFragmentCreation" result="pass" starttime="Fri Sep 21 15:15:59 CST 2012" endtime="Fri Sep 21 15:15:59 CST 2012" />
            <Test name="testProgramTextureType" result="pass" starttime="Fri Sep 21 15:15:59 CST 2012" endtime="Fri Sep 21 15:15:59 CST 2012" />
          </TestCase>
          <TestCase name="ProgramRasterTest" priority="">
            <Test name="testAndroidTestCaseSetupProperly" result="pass" starttime="Fri Sep 21 15:15:59 CST 2012" endtime="Fri Sep 21 15:15:59 CST 2012" />
            <Test name="testPrebuiltProgramRaster" result="pass" starttime="Fri Sep 21 15:15:59 CST 2012" endtime="Fri Sep 21 15:15:59 CST 2012" />
            <Test name="testProgramRasterBuilder" result="pass" starttime="Fri Sep 21 15:15:59 CST 2012" endtime="Fri Sep 21 15:15:59 CST 2012" />
            <Test name="testProgramRasterCullMode" result="pass" starttime="Fri Sep 21 15:15:59 CST 2012" endtime="Fri Sep 21 15:16:00 CST 2012" />
          </TestCase>
          <TestCase name="ProgramStoreTest" priority="">
            <Test name="testAndroidTestCaseSetupProperly" result="pass" starttime="Fri Sep 21 15:16:00 CST 2012" endtime="Fri Sep 21 15:16:00 CST 2012" />
            <Test name="testPrebuiltProgramStore" result="pass" starttime="Fri Sep 21 15:16:00 CST 2012" endtime="Fri Sep 21 15:16:00 CST 2012" />
            <Test name="testProgramStoreBlendDstFunc" result="pass" starttime="Fri Sep 21 15:16:00 CST 2012" endtime="Fri Sep 21 15:16:00 CST 2012" />
            <Test name="testProgramStoreBlendSrcFunc" result="pass" starttime="Fri Sep 21 15:16:00 CST 2012" endtime="Fri Sep 21 15:16:00 CST 2012" />
            <Test name="testProgramStoreBuilder" result="pass" starttime="Fri Sep 21 15:16:00 CST 2012" endtime="Fri Sep 21 15:16:10 CST 2012" />
            <Test name="testProgramStoreDepthFunc" result="pass" starttime="Fri Sep 21 15:16:10 CST 2012" endtime="Fri Sep 21 15:16:10 CST 2012" />
          </TestCase>
          <TestCase name="ProgramVertexFixedFunctionTest" priority="">
            <Test name="testAndroidTestCaseSetupProperly" result="pass" starttime="Fri Sep 21 15:16:10 CST 2012" endtime="Fri Sep 21 15:16:10 CST 2012" />
            <Test name="testConstants" result="pass" starttime="Fri Sep 21 15:16:10 CST 2012" endtime="Fri Sep 21 15:16:11 CST 2012" />
            <Test name="testProgramVertexFixedFunctionBuilder" result="pass" starttime="Fri Sep 21 15:16:11 CST 2012" endtime="Fri Sep 21 15:16:11 CST 2012" />
          </TestCase>
          <TestCase name="ProgramVertexTest" priority="">
            <Test name="testAndroidTestCaseSetupProperly" result="pass" starttime="Fri Sep 21 15:16:11 CST 2012" endtime="Fri Sep 21 15:16:11 CST 2012" />
            <Test name="testProgramVertexBuilder" result="pass" starttime="Fri Sep 21 15:16:11 CST 2012" endtime="Fri Sep 21 15:16:11 CST 2012" />
            <Test name="testProgramVertexCreation" result="pass" starttime="Fri Sep 21 15:16:11 CST 2012" endtime="Fri Sep 21 15:16:11 CST 2012" />
          </TestCase>
          <TestCase name="RSSurfaceViewTest" priority="">
            <Test name="testAndroidTestCaseSetupProperly" result="pass" starttime="Fri Sep 21 15:16:11 CST 2012" endtime="Fri Sep 21 15:16:11 CST 2012" />
            <Test name="testCreateRenderScriptGL" result="pass" starttime="Fri Sep 21 15:16:11 CST 2012" endtime="Fri Sep 21 15:16:11 CST 2012" />
            <Test name="testCreation" result="pass" starttime="Fri Sep 21 15:16:11 CST 2012" endtime="Fri Sep 21 15:16:11 CST 2012" />
            <Test name="testDestroyRenderScriptGL" result="pass" starttime="Fri Sep 21 15:16:11 CST 2012" endtime="Fri Sep 21 15:16:11 CST 2012" />
            <Test name="testGetSetRenderScriptGL" result="pass" starttime="Fri Sep 21 15:16:11 CST 2012" endtime="Fri Sep 21 15:16:11 CST 2012" />
            <Test name="testPauseResume" result="pass" starttime="Fri Sep 21 15:16:11 CST 2012" endtime="Fri Sep 21 15:16:12 CST 2012" />
          </TestCase>
          <TestCase name="RenderScriptTest" priority="">
            <Test name="testAPI" result="pass" starttime="Fri Sep 21 15:16:12 CST 2012" endtime="Fri Sep 21 15:16:12 CST 2012" />
            <Test name="testAndroidTestCaseSetupProperly" result="pass" starttime="Fri Sep 21 15:16:12 CST 2012" endtime="Fri Sep 21 15:16:12 CST 2012" />
            <Test name="testPriority" result="pass" starttime="Fri Sep 21 15:16:12 CST 2012" endtime="Fri Sep 21 15:16:12 CST 2012" />
            <Test name="testRSErrorHandler" result="pass" starttime="Fri Sep 21 15:16:12 CST 2012" endtime="Fri Sep 21 15:16:12 CST 2012" />
            <Test name="testRSMessageHandler" result="pass" starttime="Fri Sep 21 15:16:12 CST 2012" endtime="Fri Sep 21 15:16:12 CST 2012" />
            <Test name="testRenderScript" result="pass" starttime="Fri Sep 21 15:16:12 CST 2012" endtime="Fri Sep 21 15:16:12 CST 2012" />
          </TestCase>
          <TestCase name="SampleTest" priority="">
            <Test name="testAndroidTestCaseSetupProperly" result="pass" starttime="Fri Sep 21 15:16:12 CST 2012" endtime="Fri Sep 21 15:16:13 CST 2012" />
            <Test name="testNearest" result="pass" starttime="Fri Sep 21 15:16:13 CST 2012" endtime="Fri Sep 21 15:16:13 CST 2012" />
          </TestCase>
          <TestCase name="SamplerTest" priority="">
            <Test name="testAndroidTestCaseSetupProperly" result="pass" starttime="Fri Sep 21 15:16:13 CST 2012" endtime="Fri Sep 21 15:16:13 CST 2012" />
            <Test name="testPrebuiltSamplers" result="pass" starttime="Fri Sep 21 15:16:13 CST 2012" endtime="Fri Sep 21 15:16:13 CST 2012" />
            <Test name="testSamplerBuilder" result="pass" starttime="Fri Sep 21 15:16:13 CST 2012" endtime="Fri Sep 21 15:16:13 CST 2012" />
            <Test name="testSamplerValue" result="pass" starttime="Fri Sep 21 15:16:13 CST 2012" endtime="Fri Sep 21 15:16:14 CST 2012" />
          </TestCase>
          <TestCase name="ScriptCTest" priority="">
            <Test name="testAndroidTestCaseSetupProperly" result="pass" starttime="Fri Sep 21 15:16:14 CST 2012" endtime="Fri Sep 21 15:16:14 CST 2012" />
            <Test name="testScriptC" result="pass" starttime="Fri Sep 21 15:16:14 CST 2012" endtime="Fri Sep 21 15:16:14 CST 2012" />
          </TestCase>
          <TestCase name="ScriptTest" priority="">
            <Test name="testAndroidTestCaseSetupProperly" result="pass" starttime="Fri Sep 21 15:16:14 CST 2012" endtime="Fri Sep 21 15:16:14 CST 2012" />
            <Test name="testScript" result="pass" starttime="Fri Sep 21 15:16:14 CST 2012" endtime="Fri Sep 21 15:16:14 CST 2012" />
          </TestCase>
          <TestCase name="StructArrayTest" priority="">
            <Test name="testAndroidTestCaseSetupProperly" result="pass" starttime="Fri Sep 21 15:16:14 CST 2012" endtime="Fri Sep 21 15:16:14 CST 2012" />
            <Test name="testStructArrays" result="pass" starttime="Fri Sep 21 15:16:14 CST 2012" endtime="Fri Sep 21 15:16:14 CST 2012" />
          </TestCase>
          <TestCase name="StructPadTest" priority="">
            <Test name="testAndroidTestCaseSetupProperly" result="pass" starttime="Fri Sep 21 15:16:14 CST 2012" endtime="Fri Sep 21 15:16:14 CST 2012" />
            <Test name="testStructPadding" result="pass" starttime="Fri Sep 21 15:16:14 CST 2012" endtime="Fri Sep 21 15:16:14 CST 2012" />
          </TestCase>
          <TestCase name="SurfaceConfigTest" priority="">
            <Test name="testAndroidTestCaseSetupProperly" result="pass" starttime="Fri Sep 21 15:16:14 CST 2012" endtime="Fri Sep 21 15:16:15 CST 2012" />
            <Test name="testCopyConstructor" result="pass" starttime="Fri Sep 21 15:16:15 CST 2012" endtime="Fri Sep 21 15:16:15 CST 2012" />
            <Test name="testSetAlpha" result="pass" starttime="Fri Sep 21 15:16:15 CST 2012" endtime="Fri Sep 21 15:16:15 CST 2012" />
            <Test name="testSetColor" result="pass" starttime="Fri Sep 21 15:16:15 CST 2012" endtime="Fri Sep 21 15:16:15 CST 2012" />
            <Test name="testSetDepth" result="pass" starttime="Fri Sep 21 15:16:15 CST 2012" endtime="Fri Sep 21 15:16:15 CST 2012" />
            <Test name="testSetSamples" result="pass" starttime="Fri Sep 21 15:16:15 CST 2012" endtime="Fri Sep 21 15:16:15 CST 2012" />
            <Test name="testSimpleCreate" result="pass" starttime="Fri Sep 21 15:16:15 CST 2012" endtime="Fri Sep 21 15:16:15 CST 2012" />
          </TestCase>
          <TestCase name="TypeTest" priority="">
            <Test name="testAndroidTestCaseSetupProperly" result="pass" starttime="Fri Sep 21 15:16:15 CST 2012" endtime="Fri Sep 21 15:16:15 CST 2012" />
            <Test name="testEquals" result="pass" starttime="Fri Sep 21 15:16:15 CST 2012" endtime="Fri Sep 21 15:16:15 CST 2012" />
            <Test name="testGetCount" result="pass" starttime="Fri Sep 21 15:16:15 CST 2012" endtime="Fri Sep 21 15:16:15 CST 2012" />
            <Test name="testGetElement" result="pass" starttime="Fri Sep 21 15:16:16 CST 2012" endtime="Fri Sep 21 15:16:16 CST 2012" />
            <Test name="testGetMipmaps" result="pass" starttime="Fri Sep 21 15:16:16 CST 2012" endtime="Fri Sep 21 15:16:16 CST 2012" />
            <Test name="testGetX" result="pass" starttime="Fri Sep 21 15:16:16 CST 2012" endtime="Fri Sep 21 15:16:16 CST 2012" />
            <Test name="testGetY" result="pass" starttime="Fri Sep 21 15:16:16 CST 2012" endtime="Fri Sep 21 15:16:16 CST 2012" />
            <Test name="testGetZ" result="pass" starttime="Fri Sep 21 15:16:16 CST 2012" endtime="Fri Sep 21 15:16:16 CST 2012" />
            <Test name="testHasFaces" result="pass" starttime="Fri Sep 21 15:16:16 CST 2012" endtime="Fri Sep 21 15:16:16 CST 2012" />
            <Test name="testTypeBuilder" result="pass" starttime="Fri Sep 21 15:16:16 CST 2012" endtime="Fri Sep 21 15:16:17 CST 2012" />
            <Test name="testTypeCubemapFace" result="pass" starttime="Fri Sep 21 15:16:17 CST 2012" endtime="Fri Sep 21 15:16:17 CST 2012" />
          </TestCase>
          <TestCase name="VersionTest" priority="">
            <Test name="testAndroidTestCaseSetupProperly" result="pass" starttime="Fri Sep 21 15:16:17 CST 2012" endtime="Fri Sep 21 15:16:17 CST 2012" />
            <Test name="testVersion11" result="pass" starttime="Fri Sep 21 15:16:17 CST 2012" endtime="Fri Sep 21 15:16:17 CST 2012" />
            <Test name="testVersion12" result="pass" starttime="Fri Sep 21 15:16:17 CST 2012" endtime="Fri Sep 21 15:16:17 CST 2012" />
            <Test name="testVersion13" result="pass" starttime="Fri Sep 21 15:16:17 CST 2012" endtime="Fri Sep 21 15:16:17 CST 2012" />
            <Test name="testVersion14" result="pass" starttime="Fri Sep 21 15:16:17 CST 2012" endtime="Fri Sep 21 15:16:18 CST 2012" />
            <Test name="testVersion15" result="pass" starttime="Fri Sep 21 15:16:18 CST 2012" endtime="Fri Sep 21 15:16:18 CST 2012" />
            <Test name="testVersion16" result="pass" starttime="Fri Sep 21 15:16:18 CST 2012" endtime="Fri Sep 21 15:16:18 CST 2012" />
          </TestCase>
        </TestSuite>
      </TestSuite>
    </TestSuite>
  </TestPackage>
  <TestPackage name="CtsSaxTestCases" appPackageName="android.sax" digest="6235e8db0f4d0a08ae251653096cd1b444a6a887">
    <TestSuite name="android">
      <TestSuite name="sax">
        <TestSuite name="cts">
          <TestCase name="ElementTest" priority="">
            <Test name="testAndroidTestCaseSetupProperly" result="pass" starttime="Fri Sep 21 15:16:22 CST 2012" endtime="Fri Sep 21 15:16:22 CST 2012" />
            <Test name="testParse" result="pass" starttime="Fri Sep 21 15:16:22 CST 2012" endtime="Fri Sep 21 15:16:22 CST 2012" />
          </TestCase>
          <TestCase name="RootElementTest" priority="">
            <Test name="testAndroidTestCaseSetupProperly" result="pass" starttime="Fri Sep 21 15:16:22 CST 2012" endtime="Fri Sep 21 15:16:22 CST 2012" />
            <Test name="testRoot" result="pass" starttime="Fri Sep 21 15:16:22 CST 2012" endtime="Fri Sep 21 15:16:22 CST 2012" />
          </TestCase>
        </TestSuite>
      </TestSuite>
    </TestSuite>
  </TestPackage>
  <TestPackage name="CtsSecurityTestCases" appPackageName="android.security" digest="22eebc1d8bbb69a94b4a3d8f429ca3f1b1274229">
    <TestSuite name="android">
      <TestSuite name="security">
        <TestSuite name="cts">
          <TestCase name="AslrTest" priority="">
            <Test name="testOneExecutableIsPie" result="pass" starttime="Fri Sep 21 15:16:27 CST 2012" endtime="Fri Sep 21 15:16:27 CST 2012" />
            <Test name="testVaRandomize" result="pass" starttime="Fri Sep 21 15:16:27 CST 2012" endtime="Fri Sep 21 15:16:27 CST 2012" />
          </TestCase>
          <TestCase name="BannedFilesTest" priority="">
            <Test name="testNoSetuidIp" result="pass" starttime="Fri Sep 21 15:16:27 CST 2012" endtime="Fri Sep 21 15:16:27 CST 2012" />
            <Test name="testNoSetuidTcpdump" result="pass" starttime="Fri Sep 21 15:16:27 CST 2012" endtime="Fri Sep 21 15:16:27 CST 2012" />
            <Test name="testNoSyncAgent" result="pass" starttime="Fri Sep 21 15:16:27 CST 2012" endtime="Fri Sep 21 15:16:27 CST 2012" />
          </TestCase>
          <TestCase name="BrowserTest" priority="">
            <Test name="testAndroidTestCaseSetupProperly" result="pass" starttime="Fri Sep 21 15:16:27 CST 2012" endtime="Fri Sep 21 15:16:27 CST 2012" />
            <Test name="testBrowserPrivateDataAccess" result="pass" starttime="Fri Sep 21 15:16:27 CST 2012" endtime="Fri Sep 21 15:16:37 CST 2012" />
            <Test name="testTabExhaustion" result="pass" starttime="Fri Sep 21 15:16:37 CST 2012" endtime="Fri Sep 21 15:16:48 CST 2012" />
            <Test name="testTabReuse" result="pass" starttime="Fri Sep 21 15:16:48 CST 2012" endtime="Fri Sep 21 15:16:58 CST 2012" />
          </TestCase>
          <TestCase name="CertificateTest" priority="">
            <Test name="testAndroidTestCaseSetupProperly" result="pass" starttime="Fri Sep 21 15:16:58 CST 2012" endtime="Fri Sep 21 15:16:58 CST 2012" />
            <Test name="testBlockCertificates" result="pass" starttime="Fri Sep 21 15:16:58 CST 2012" endtime="Fri Sep 21 15:16:59 CST 2012" />
            <Test name="testCertificates" result="pass" starttime="Fri Sep 21 15:16:59 CST 2012" endtime="Fri Sep 21 15:17:00 CST 2012" />
          </TestCase>
          <TestCase name="KernelSettingsTest" priority="">
            <Test name="testKptrRestrict" result="pass" starttime="Fri Sep 21 15:17:00 CST 2012" endtime="Fri Sep 21 15:17:00 CST 2012" />
            <Test name="testMmapMinAddr" result="pass" starttime="Fri Sep 21 15:17:00 CST 2012" endtime="Fri Sep 21 15:17:01 CST 2012" />
            <Test name="testSetuidDumpable" result="pass" starttime="Fri Sep 21 15:17:01 CST 2012" endtime="Fri Sep 21 15:17:01 CST 2012" />
          </TestCase>
          <TestCase name="ListeningPortsTest" priority="">
            <Test name="testNoListeningLoopbackTcp6Ports" result="pass" starttime="Fri Sep 21 15:17:01 CST 2012" endtime="Fri Sep 21 15:17:01 CST 2012" />
            <Test name="testNoListeningLoopbackTcpPorts" result="pass" starttime="Fri Sep 21 15:17:01 CST 2012" endtime="Fri Sep 21 15:17:01 CST 2012" />
            <Test name="testNoListeningLoopbackUdp6Ports" result="pass" starttime="Fri Sep 21 15:17:01 CST 2012" endtime="Fri Sep 21 15:17:01 CST 2012" />
            <Test name="testNoListeningLoopbackUdpPorts" result="pass" starttime="Fri Sep 21 15:17:01 CST 2012" endtime="Fri Sep 21 15:17:01 CST 2012" />
            <Test name="testNoRemotelyAccessibleListeningTcp6Ports" result="pass" starttime="Fri Sep 21 15:17:01 CST 2012" endtime="Fri Sep 21 15:17:01 CST 2012" />
            <Test name="testNoRemotelyAccessibleListeningTcpPorts" result="pass" starttime="Fri Sep 21 15:17:01 CST 2012" endtime="Fri Sep 21 15:17:01 CST 2012" />
            <Test name="testNoRemotelyAccessibleListeningUdp6Ports" result="pass" starttime="Fri Sep 21 15:17:01 CST 2012" endtime="Fri Sep 21 15:17:01 CST 2012" />
            <Test name="testNoRemotelyAccessibleListeningUdpPorts" result="pass" starttime="Fri Sep 21 15:17:01 CST 2012" endtime="Fri Sep 21 15:17:02 CST 2012" />
          </TestCase>
          <TestCase name="PackageSignatureTest" priority="">
            <Test name="testAndroidTestCaseSetupProperly" result="pass" starttime="Fri Sep 21 15:17:02 CST 2012" endtime="Fri Sep 21 15:17:02 CST 2012" />
            <Test name="testPackageSignatures" result="pass" starttime="Fri Sep 21 15:17:02 CST 2012" endtime="Fri Sep 21 15:17:02 CST 2012" />
          </TestCase>
          <TestCase name="SqliteJournalLeakTest" priority="">
            <Test name="testAndroidTestCaseSetupProperly" result="pass" starttime="Fri Sep 21 15:17:02 CST 2012" endtime="Fri Sep 21 15:17:02 CST 2012" />
            <Test name="testJournal" result="pass" starttime="Fri Sep 21 15:17:02 CST 2012" endtime="Fri Sep 21 15:17:02 CST 2012" />
            <Test name="testShm" result="pass" starttime="Fri Sep 21 15:17:02 CST 2012" endtime="Fri Sep 21 15:17:02 CST 2012" />
            <Test name="testWal" result="pass" starttime="Fri Sep 21 15:17:02 CST 2012" endtime="Fri Sep 21 15:17:02 CST 2012" />
          </TestCase>
          <TestCase name="VoldExploitTest" priority="">
            <Test name="testAndroidTestCaseSetupProperly" result="pass" starttime="Fri Sep 21 15:17:02 CST 2012" endtime="Fri Sep 21 15:17:02 CST 2012" />
            <Test name="testTryCommandInjection" result="pass" starttime="Fri Sep 21 15:17:02 CST 2012" endtime="Fri Sep 21 15:17:02 CST 2012" />
            <Test name="testTryToCrashVold" result="pass" starttime="Fri Sep 21 15:17:02 CST 2012" endtime="Fri Sep 21 15:17:03 CST 2012" />
            <Test name="testZergRushCrash" result="pass" starttime="Fri Sep 21 15:17:03 CST 2012" endtime="Fri Sep 21 15:17:06 CST 2012" />
          </TestCase>
        </TestSuite>
      </TestSuite>
    </TestSuite>
  </TestPackage>
  <TestPackage name="CtsSpeechTestCases" appPackageName="android.speech" digest="56be2ef3c6211c6d9d31afb2b91d140fe48ea348">
    <TestSuite name="android">
      <TestSuite name="speech">
        <TestSuite name="tts">
          <TestSuite name="cts">
            <TestCase name="TextToSpeechServiceTest" priority="">
              <Test name="testAndroidTestCaseSetupProperly" result="pass" starttime="Fri Sep 21 15:17:10 CST 2012" endtime="Fri Sep 21 15:17:10 CST 2012" />
              <Test name="testMediaPlayerFails" result="pass" starttime="Fri Sep 21 15:17:10 CST 2012" endtime="Fri Sep 21 15:17:10 CST 2012" />
              <Test name="testSpeak" result="pass" starttime="Fri Sep 21 15:17:10 CST 2012" endtime="Fri Sep 21 15:17:10 CST 2012" />
              <Test name="testSynthesizeToFile" result="pass" starttime="Fri Sep 21 15:17:10 CST 2012" endtime="Fri Sep 21 15:17:10 CST 2012" />
            </TestCase>
            <TestCase name="TextToSpeechTest" priority="">
              <Test name="testAndroidTestCaseSetupProperly" result="pass" starttime="Fri Sep 21 15:17:10 CST 2012" endtime="Fri Sep 21 15:17:11 CST 2012" />
              <Test name="testGetEnginesIncludesDefault" result="pass" starttime="Fri Sep 21 15:17:11 CST 2012" endtime="Fri Sep 21 15:17:11 CST 2012" />
              <Test name="testGetEnginesIncludesMock" result="pass" starttime="Fri Sep 21 15:17:11 CST 2012" endtime="Fri Sep 21 15:17:11 CST 2012" />
              <Test name="testSpeak" result="pass" starttime="Fri Sep 21 15:17:11 CST 2012" endtime="Fri Sep 21 15:17:14 CST 2012" />
              <Test name="testSynthesizeToFile" result="pass" starttime="Fri Sep 21 15:17:14 CST 2012" endtime="Fri Sep 21 15:17:14 CST 2012" />
            </TestCase>
          </TestSuite>
        </TestSuite>
      </TestSuite>
    </TestSuite>
  </TestPackage>
  <TestPackage name="CtsTelephonyTestCases" appPackageName="android.telephony" digest="700554c6e89968eb13e0a7aa8cba31f53b157a72">
    <TestSuite name="android">
      <TestSuite name="telephony">
        <TestSuite name="cts">
          <TestCase name="CellLocationTest" priority="">
            <Test name="testAndroidTestCaseSetupProperly" result="pass" starttime="Fri Sep 21 15:17:19 CST 2012" endtime="Fri Sep 21 15:17:19 CST 2012" />
            <Test name="testCellLocation" result="pass" starttime="Fri Sep 21 15:17:19 CST 2012" endtime="Fri Sep 21 15:17:20 CST 2012" />
          </TestCase>
          <TestCase name="NeighboringCellInfoTest" priority="">
            <Test name="testAndroidTestCaseSetupProperly" result="pass" starttime="Fri Sep 21 15:17:20 CST 2012" endtime="Fri Sep 21 15:17:20 CST 2012" />
            <Test name="testNeighboringCellInfo" result="pass" starttime="Fri Sep 21 15:17:20 CST 2012" endtime="Fri Sep 21 15:17:20 CST 2012" />
          </TestCase>
          <TestCase name="PhoneNumberUtilsTest" priority="">
            <Test name="testAndroidTestCaseSetupProperly" result="pass" starttime="Fri Sep 21 15:17:20 CST 2012" endtime="Fri Sep 21 15:17:20 CST 2012" />
            <Test name="testCallMethods" result="pass" starttime="Fri Sep 21 15:17:20 CST 2012" endtime="Fri Sep 21 15:17:20 CST 2012" />
            <Test name="testExtractMethods" result="pass" starttime="Fri Sep 21 15:17:20 CST 2012" endtime="Fri Sep 21 15:17:20 CST 2012" />
            <Test name="testFormatMethods" result="pass" starttime="Fri Sep 21 15:17:20 CST 2012" endtime="Fri Sep 21 15:17:20 CST 2012" />
            <Test name="testGetMethods" result="pass" starttime="Fri Sep 21 15:17:20 CST 2012" endtime="Fri Sep 21 15:17:21 CST 2012" />
            <Test name="testJudgeMethods" result="pass" starttime="Fri Sep 21 15:17:21 CST 2012" endtime="Fri Sep 21 15:17:21 CST 2012" />
          </TestCase>
          <TestCase name="PhoneStateListenerTest" priority="">
            <Test name="testAndroidTestCaseSetupProperly" result="pass" starttime="Fri Sep 21 15:17:21 CST 2012" endtime="Fri Sep 21 15:17:21 CST 2012" />
            <Test name="testOnCallForwardingIndicatorChanged" result="pass" starttime="Fri Sep 21 15:17:21 CST 2012" endtime="Fri Sep 21 15:17:21 CST 2012" />
            <Test name="testOnCallStateChanged" result="pass" starttime="Fri Sep 21 15:17:21 CST 2012" endtime="Fri Sep 21 15:17:22 CST 2012" />
            <Test name="testOnCellLocationChanged" result="pass" starttime="Fri Sep 21 15:17:22 CST 2012" endtime="Fri Sep 21 15:17:22 CST 2012" />
            <Test name="testOnDataActivity" result="pass" starttime="Fri Sep 21 15:17:22 CST 2012" endtime="Fri Sep 21 15:17:22 CST 2012" />
            <Test name="testOnDataConnectionStateChanged" result="pass" starttime="Fri Sep 21 15:17:22 CST 2012" endtime="Fri Sep 21 15:17:22 CST 2012" />
            <Test name="testOnMessageWaitingIndicatorChanged" result="pass" starttime="Fri Sep 21 15:17:22 CST 2012" endtime="Fri Sep 21 15:17:22 CST 2012" />
            <Test name="testOnServiceStateChanged" result="pass" starttime="Fri Sep 21 15:17:22 CST 2012" endtime="Fri Sep 21 15:17:22 CST 2012" />
            <Test name="testOnSignalStrengthChanged" result="pass" starttime="Fri Sep 21 15:17:22 CST 2012" endtime="Fri Sep 21 15:17:22 CST 2012" />
            <Test name="testPhoneStateListener" result="pass" starttime="Fri Sep 21 15:17:22 CST 2012" endtime="Fri Sep 21 15:17:22 CST 2012" />
          </TestCase>
          <TestCase name="ServiceStateTest" priority="">
            <Test name="testAndroidTestCaseSetupProperly" result="pass" starttime="Fri Sep 21 15:17:22 CST 2012" endtime="Fri Sep 21 15:17:22 CST 2012" />
            <Test name="testServiceState" result="pass" starttime="Fri Sep 21 15:17:22 CST 2012" endtime="Fri Sep 21 15:17:23 CST 2012" />
          </TestCase>
          <TestCase name="SmsManagerTest" priority="">
            <Test name="testAndroidTestCaseSetupProperly" result="pass" starttime="Fri Sep 21 15:17:23 CST 2012" endtime="Fri Sep 21 15:17:23 CST 2012" />
            <Test name="testDivideMessage" result="pass" starttime="Fri Sep 21 15:17:23 CST 2012" endtime="Fri Sep 21 15:17:23 CST 2012" />
            <Test name="testGetDefault" result="pass" starttime="Fri Sep 21 15:17:23 CST 2012" endtime="Fri Sep 21 15:17:23 CST 2012" />
            <Test name="testSendMessages" result="pass" starttime="Fri Sep 21 15:17:23 CST 2012" endtime="Fri Sep 21 15:17:23 CST 2012" />
          </TestCase>
          <TestCase name="SmsMessageTest" priority="">
            <Test name="testAndroidTestCaseSetupProperly" result="pass" starttime="Fri Sep 21 15:17:23 CST 2012" endtime="Fri Sep 21 15:17:23 CST 2012" />
            <Test name="testCPHSVoiceMail" result="pass" starttime="Fri Sep 21 15:17:23 CST 2012" endtime="Fri Sep 21 15:17:23 CST 2012" />
            <Test name="testCreateFromPdu" result="pass" starttime="Fri Sep 21 15:17:23 CST 2012" endtime="Fri Sep 21 15:17:23 CST 2012" />
            <Test name="testEmailGateway" result="pass" starttime="Fri Sep 21 15:17:23 CST 2012" endtime="Fri Sep 21 15:17:23 CST 2012" />
            <Test name="testGetSubmitPdu" result="pass" starttime="Fri Sep 21 15:17:23 CST 2012" endtime="Fri Sep 21 15:17:23 CST 2012" />
            <Test name="testGetUserData" result="pass" starttime="Fri Sep 21 15:17:23 CST 2012" endtime="Fri Sep 21 15:17:24 CST 2012" />
          </TestCase>
          <TestCase name="SmsMessage_MessageClassTest" priority="">
            <Test name="testMessageClass" result="pass" starttime="Fri Sep 21 15:17:24 CST 2012" endtime="Fri Sep 21 15:17:24 CST 2012" />
          </TestCase>
          <TestCase name="SmsMessage_SubmitPduTest" priority="">
            <Test name="testAndroidTestCaseSetupProperly" result="pass" starttime="Fri Sep 21 15:17:24 CST 2012" endtime="Fri Sep 21 15:17:24 CST 2012" />
            <Test name="testToString" result="pass" starttime="Fri Sep 21 15:17:24 CST 2012" endtime="Fri Sep 21 15:17:24 CST 2012" />
          </TestCase>
          <TestCase name="TelephonyManagerTest" priority="">
            <Test name="testAndroidTestCaseSetupProperly" result="pass" starttime="Fri Sep 21 15:17:24 CST 2012" endtime="Fri Sep 21 15:17:24 CST 2012" />
            <Test name="testGetDeviceId" result="pass" starttime="Fri Sep 21 15:17:24 CST 2012" endtime="Fri Sep 21 15:17:24 CST 2012" />
            <Test name="testGetNetworkCountryIso" result="pass" starttime="Fri Sep 21 15:17:24 CST 2012" endtime="Fri Sep 21 15:17:24 CST 2012" />
            <Test name="testGetSimCountryIso" result="pass" starttime="Fri Sep 21 15:17:24 CST 2012" endtime="Fri Sep 21 15:17:24 CST 2012" />
            <Test name="testListen" result="pass" starttime="Fri Sep 21 15:17:24 CST 2012" endtime="Fri Sep 21 15:17:25 CST 2012" />
            <Test name="testTelephonyManager" result="pass" starttime="Fri Sep 21 15:17:25 CST 2012" endtime="Fri Sep 21 15:17:25 CST 2012" />
          </TestCase>
        </TestSuite>
        <TestSuite name="gsm">
          <TestSuite name="cts">
            <TestCase name="GsmCellLocationTest" priority="">
              <Test name="testAndroidTestCaseSetupProperly" result="pass" starttime="Fri Sep 21 15:17:25 CST 2012" endtime="Fri Sep 21 15:17:26 CST 2012" />
              <Test name="testGsmCellLocation" result="pass" starttime="Fri Sep 21 15:17:26 CST 2012" endtime="Fri Sep 21 15:17:26 CST 2012" />
            </TestCase>
            <TestCase name="SmsManagerTest" priority="">
              <Test name="testAndroidTestCaseSetupProperly" result="pass" starttime="Fri Sep 21 15:17:26 CST 2012" endtime="Fri Sep 21 15:17:26 CST 2012" />
              <Test name="testDivideMessage" result="pass" starttime="Fri Sep 21 15:17:26 CST 2012" endtime="Fri Sep 21 15:17:26 CST 2012" />
              <Test name="testGetDefault" result="pass" starttime="Fri Sep 21 15:17:26 CST 2012" endtime="Fri Sep 21 15:17:26 CST 2012" />
              <Test name="testSendMessages" result="pass" starttime="Fri Sep 21 15:17:26 CST 2012" endtime="Fri Sep 21 15:17:26 CST 2012" />
            </TestCase>
            <TestCase name="SmsMessage_MessageClassTest" priority="">
              <Test name="testMessageClass" result="pass" starttime="Fri Sep 21 15:17:26 CST 2012" endtime="Fri Sep 21 15:17:26 CST 2012" />
            </TestCase>
            <TestCase name="SmsMessage_SubmitPduTest" priority="">
              <Test name="testAndroidTestCaseSetupProperly" result="pass" starttime="Fri Sep 21 15:17:26 CST 2012" endtime="Fri Sep 21 15:17:26 CST 2012" />
              <Test name="testToString" result="pass" starttime="Fri Sep 21 15:17:26 CST 2012" endtime="Fri Sep 21 15:17:26 CST 2012" />
            </TestCase>
          </TestSuite>
        </TestSuite>
      </TestSuite>
    </TestSuite>
  </TestPackage>
  <TestPackage name="CtsAppSecurityTests" appPackageName="android.tests.appsecurity" digest="ae91583732b3294b45d2adf3afbefc15a8076797">
    <TestSuite name="com">
      <TestSuite name="android">
        <TestSuite name="cts">
          <TestSuite name="appsecurity">
            <TestCase name="AppSecurityTests" priority="">
              <Test name="testAppFailAccessPrivateData" result="pass" starttime="Fri Sep 21 11:24:58 CST 2012" endtime="Fri Sep 21 11:25:04 CST 2012" />
              <Test name="testAppUpgradeDifferentCerts" result="pass" starttime="Fri Sep 21 11:25:04 CST 2012" endtime="Fri Sep 21 11:25:06 CST 2012" />
              <Test name="testInstrumentationDiffCert" result="pass" starttime="Fri Sep 21 11:25:06 CST 2012" endtime="Fri Sep 21 11:25:11 CST 2012" />
              <Test name="testPermissionDiffCert" result="pass" starttime="Fri Sep 21 11:25:11 CST 2012" endtime="Fri Sep 21 11:25:25 CST 2012" />
              <Test name="testSharedUidDifferentCerts" result="pass" starttime="Fri Sep 21 11:25:25 CST 2012" endtime="Fri Sep 21 11:25:29 CST 2012" />
              <Test name="testUninstallRemovesData" result="pass" starttime="Fri Sep 21 11:25:29 CST 2012" endtime="Fri Sep 21 11:25:34 CST 2012" />
            </TestCase>
          </TestSuite>
        </TestSuite>
      </TestSuite>
    </TestSuite>
  </TestPackage>
  <TestPackage name="SignatureTest" appPackageName="android.tests.sigtest" digest="2133b18e0722f5a557cfd27a5274d0cb5bc20ddd">
    <TestSuite name="android">
      <TestSuite name="tests">
        <TestSuite name="sigtest">
          <TestCase name="SimpleSignatureTest" priority="">
            <Test name="testSignature" result="pass" starttime="Fri Sep 21 15:34:43 CST 2012" endtime="Fri Sep 21 15:35:21 CST 2012" />
          </TestCase>
        </TestSuite>
      </TestSuite>
    </TestSuite>
  </TestPackage>
  <TestPackage name="CtsTextTestCases" appPackageName="android.text" digest="dd1c94f26d5374e9c767758baff298d44793cb8e">
    <TestSuite name="android">
      <TestSuite name="text">
        <TestSuite name="cts">
          <TestCase name="AlteredCharSequenceTest" priority="">
            <Test name="testAndroidTestCaseSetupProperly" result="pass" starttime="Fri Sep 21 15:17:31 CST 2012" endtime="Fri Sep 21 15:17:31 CST 2012" />
            <Test name="testCharAt" result="pass" starttime="Fri Sep 21 15:17:31 CST 2012" endtime="Fri Sep 21 15:17:31 CST 2012" />
            <Test name="testGetChars" result="pass" starttime="Fri Sep 21 15:17:31 CST 2012" endtime="Fri Sep 21 15:17:31 CST 2012" />
            <Test name="testLength" result="pass" starttime="Fri Sep 21 15:17:31 CST 2012" endtime="Fri Sep 21 15:17:32 CST 2012" />
            <Test name="testMake" result="pass" starttime="Fri Sep 21 15:17:32 CST 2012" endtime="Fri Sep 21 15:17:32 CST 2012" />
            <Test name="testSubSequence" result="pass" starttime="Fri Sep 21 15:17:32 CST 2012" endtime="Fri Sep 21 15:17:32 CST 2012" />
            <Test name="testToString" result="pass" starttime="Fri Sep 21 15:17:32 CST 2012" endtime="Fri Sep 21 15:17:32 CST 2012" />
          </TestCase>
          <TestCase name="AndroidCharacterTest" priority="">
            <Test name="testAndroidTestCaseSetupProperly" result="pass" starttime="Fri Sep 21 15:17:32 CST 2012" endtime="Fri Sep 21 15:17:32 CST 2012" />
            <Test name="testConstructor" result="pass" starttime="Fri Sep 21 15:17:32 CST 2012" endtime="Fri Sep 21 15:17:32 CST 2012" />
            <Test name="testGetDirectionalities" result="pass" starttime="Fri Sep 21 15:17:32 CST 2012" endtime="Fri Sep 21 15:17:32 CST 2012" />
            <Test name="testGetEastAsianWidth" result="pass" starttime="Fri Sep 21 15:17:32 CST 2012" endtime="Fri Sep 21 15:17:32 CST 2012" />
            <Test name="testGetEastAsianWidths" result="pass" starttime="Fri Sep 21 15:17:32 CST 2012" endtime="Fri Sep 21 15:17:32 CST 2012" />
            <Test name="testGetMirror" result="pass" starttime="Fri Sep 21 15:17:32 CST 2012" endtime="Fri Sep 21 15:17:32 CST 2012" />
          </TestCase>
          <TestCase name="AnnotationTest" priority="">
            <Test name="testAndroidTestCaseSetupProperly" result="pass" starttime="Fri Sep 21 15:17:33 CST 2012" endtime="Fri Sep 21 15:17:33 CST 2012" />
            <Test name="testConstructor" result="pass" starttime="Fri Sep 21 15:17:33 CST 2012" endtime="Fri Sep 21 15:17:33 CST 2012" />
            <Test name="testGetKey" result="pass" starttime="Fri Sep 21 15:17:33 CST 2012" endtime="Fri Sep 21 15:17:33 CST 2012" />
            <Test name="testGetSpanTypeId" result="pass" starttime="Fri Sep 21 15:17:33 CST 2012" endtime="Fri Sep 21 15:17:33 CST 2012" />
            <Test name="testGetValue" result="pass" starttime="Fri Sep 21 15:17:33 CST 2012" endtime="Fri Sep 21 15:17:33 CST 2012" />
            <Test name="testWriteToParcel" result="pass" starttime="Fri Sep 21 15:17:33 CST 2012" endtime="Fri Sep 21 15:17:33 CST 2012" />
          </TestCase>
          <TestCase name="AutoTextTest" priority="">
            <Test name="testAndroidTestCaseSetupProperly" result="pass" starttime="Fri Sep 21 15:17:33 CST 2012" endtime="Fri Sep 21 15:17:33 CST 2012" />
            <Test name="testGet" result="pass" starttime="Fri Sep 21 15:17:33 CST 2012" endtime="Fri Sep 21 15:17:33 CST 2012" />
            <Test name="testGetSize" result="pass" starttime="Fri Sep 21 15:17:33 CST 2012" endtime="Fri Sep 21 15:17:33 CST 2012" />
          </TestCase>
          <TestCase name="BoringLayoutTest" priority="">
            <Test name="testAlignment" result="pass" starttime="Fri Sep 21 15:17:34 CST 2012" endtime="Fri Sep 21 15:17:34 CST 2012" />
            <Test name="testAndroidTestCaseSetupProperly" result="pass" starttime="Fri Sep 21 15:17:34 CST 2012" endtime="Fri Sep 21 15:17:34 CST 2012" />
            <Test name="testConstructors" result="pass" starttime="Fri Sep 21 15:17:34 CST 2012" endtime="Fri Sep 21 15:17:34 CST 2012" />
            <Test name="testDraw" result="pass" starttime="Fri Sep 21 15:17:34 CST 2012" endtime="Fri Sep 21 15:17:34 CST 2012" />
            <Test name="testGetLineDirections" result="pass" starttime="Fri Sep 21 15:17:34 CST 2012" endtime="Fri Sep 21 15:17:34 CST 2012" />
            <Test name="testIncludePadding" result="pass" starttime="Fri Sep 21 15:17:34 CST 2012" endtime="Fri Sep 21 15:17:34 CST 2012" />
            <Test name="testIsBoringString" result="pass" starttime="Fri Sep 21 15:17:34 CST 2012" endtime="Fri Sep 21 15:17:34 CST 2012" />
            <Test name="testMake" result="pass" starttime="Fri Sep 21 15:17:34 CST 2012" endtime="Fri Sep 21 15:17:34 CST 2012" />
            <Test name="testPreconditions" result="pass" starttime="Fri Sep 21 15:17:34 CST 2012" endtime="Fri Sep 21 15:17:34 CST 2012" />
            <Test name="testReplaceOrMake" result="pass" starttime="Fri Sep 21 15:17:34 CST 2012" endtime="Fri Sep 21 15:17:35 CST 2012" />
            <Test name="testScale" result="pass" starttime="Fri Sep 21 15:17:35 CST 2012" endtime="Fri Sep 21 15:17:35 CST 2012" />
          </TestCase>
          <TestCase name="BoringLayout_MetricsTest" priority="">
            <Test name="testAndroidTestCaseSetupProperly" result="pass" starttime="Fri Sep 21 15:17:35 CST 2012" endtime="Fri Sep 21 15:17:35 CST 2012" />
            <Test name="testMetrics" result="pass" starttime="Fri Sep 21 15:17:35 CST 2012" endtime="Fri Sep 21 15:17:35 CST 2012" />
          </TestCase>
          <TestCase name="ClipboardManagerTest" priority="">
            <Test name="testAccessText" result="pass" starttime="Fri Sep 21 15:17:35 CST 2012" endtime="Fri Sep 21 15:17:35 CST 2012" />
            <Test name="testAndroidTestCaseSetupProperly" result="pass" starttime="Fri Sep 21 15:17:35 CST 2012" endtime="Fri Sep 21 15:17:35 CST 2012" />
            <Test name="testHasText" result="pass" starttime="Fri Sep 21 15:17:35 CST 2012" endtime="Fri Sep 21 15:17:35 CST 2012" />
          </TestCase>
          <TestCase name="DynamicLayoutTest" priority="">
            <Test name="testAndroidTestCaseSetupProperly" result="pass" starttime="Fri Sep 21 15:17:35 CST 2012" endtime="Fri Sep 21 15:17:35 CST 2012" />
            <Test name="testConstructors" result="pass" starttime="Fri Sep 21 15:17:35 CST 2012" endtime="Fri Sep 21 15:17:35 CST 2012" />
            <Test name="testEllipsis" result="pass" starttime="Fri Sep 21 15:17:35 CST 2012" endtime="Fri Sep 21 15:17:35 CST 2012" />
            <Test name="testIncludePadding" result="pass" starttime="Fri Sep 21 15:17:35 CST 2012" endtime="Fri Sep 21 15:17:36 CST 2012" />
            <Test name="testLineLayout" result="pass" starttime="Fri Sep 21 15:17:36 CST 2012" endtime="Fri Sep 21 15:17:36 CST 2012" />
          </TestCase>
          <TestCase name="Editable_FactoryTest" priority="">
            <Test name="testAndroidTestCaseSetupProperly" result="pass" starttime="Fri Sep 21 15:17:36 CST 2012" endtime="Fri Sep 21 15:17:36 CST 2012" />
            <Test name="testGetInstance" result="pass" starttime="Fri Sep 21 15:17:36 CST 2012" endtime="Fri Sep 21 15:17:36 CST 2012" />
            <Test name="testNewEditable" result="pass" starttime="Fri Sep 21 15:17:36 CST 2012" endtime="Fri Sep 21 15:17:36 CST 2012" />
          </TestCase>
          <TestCase name="HtmlTest" priority="">
            <Test name="testAndroidTestCaseSetupProperly" result="pass" starttime="Fri Sep 21 15:17:36 CST 2012" endtime="Fri Sep 21 15:17:36 CST 2012" />
            <Test name="testBadHtml" result="pass" starttime="Fri Sep 21 15:17:36 CST 2012" endtime="Fri Sep 21 15:17:36 CST 2012" />
            <Test name="testBlockquote" result="pass" starttime="Fri Sep 21 15:17:36 CST 2012" endtime="Fri Sep 21 15:17:37 CST 2012" />
            <Test name="testColor" result="pass" starttime="Fri Sep 21 15:17:37 CST 2012" endtime="Fri Sep 21 15:17:37 CST 2012" />
            <Test name="testEntities" result="pass" starttime="Fri Sep 21 15:17:37 CST 2012" endtime="Fri Sep 21 15:17:37 CST 2012" />
            <Test name="testImg" result="pass" starttime="Fri Sep 21 15:17:37 CST 2012" endtime="Fri Sep 21 15:17:37 CST 2012" />
            <Test name="testMarkup" result="pass" starttime="Fri Sep 21 15:17:37 CST 2012" endtime="Fri Sep 21 15:17:37 CST 2012" />
            <Test name="testParagraphs" result="pass" starttime="Fri Sep 21 15:17:37 CST 2012" endtime="Fri Sep 21 15:17:37 CST 2012" />
            <Test name="testSingleTagOnWhileString" result="pass" starttime="Fri Sep 21 15:17:37 CST 2012" endtime="Fri Sep 21 15:17:37 CST 2012" />
            <Test name="testSymbols" result="pass" starttime="Fri Sep 21 15:17:37 CST 2012" endtime="Fri Sep 21 15:17:37 CST 2012" />
            <Test name="testUtf8" result="pass" starttime="Fri Sep 21 15:17:37 CST 2012" endtime="Fri Sep 21 15:17:37 CST 2012" />
          </TestCase>
          <TestCase name="InputFilter_AllCapsTest" priority="">
            <Test name="testAndroidTestCaseSetupProperly" result="pass" starttime="Fri Sep 21 15:17:37 CST 2012" endtime="Fri Sep 21 15:17:37 CST 2012" />
            <Test name="testFilter" result="pass" starttime="Fri Sep 21 15:17:37 CST 2012" endtime="Fri Sep 21 15:17:38 CST 2012" />
          </TestCase>
          <TestCase name="InputFilter_LengthFilterTest" priority="">
            <Test name="testAndroidTestCaseSetupProperly" result="pass" starttime="Fri Sep 21 15:17:38 CST 2012" endtime="Fri Sep 21 15:17:38 CST 2012" />
            <Test name="testFilter" result="pass" starttime="Fri Sep 21 15:17:38 CST 2012" endtime="Fri Sep 21 15:17:38 CST 2012" />
          </TestCase>
          <TestCase name="LayoutTest" priority="">
            <Test name="testAndroidTestCaseSetupProperly" result="pass" starttime="Fri Sep 21 15:17:38 CST 2012" endtime="Fri Sep 21 15:17:38 CST 2012" />
            <Test name="testConstructor" result="pass" starttime="Fri Sep 21 15:17:38 CST 2012" endtime="Fri Sep 21 15:17:38 CST 2012" />
            <Test name="testGetAlignment" result="pass" starttime="Fri Sep 21 15:17:38 CST 2012" endtime="Fri Sep 21 15:17:38 CST 2012" />
            <Test name="testGetDesiredWidth" result="pass" starttime="Fri Sep 21 15:17:38 CST 2012" endtime="Fri Sep 21 15:17:38 CST 2012" />
            <Test name="testGetDesiredWidthRange" result="pass" starttime="Fri Sep 21 15:17:38 CST 2012" endtime="Fri Sep 21 15:17:39 CST 2012" />
            <Test name="testGetEllipsizedWidth" result="pass" starttime="Fri Sep 21 15:17:39 CST 2012" endtime="Fri Sep 21 15:17:39 CST 2012" />
            <Test name="testGetHeight" result="pass" starttime="Fri Sep 21 15:17:39 CST 2012" endtime="Fri Sep 21 15:17:39 CST 2012" />
            <Test name="testGetLineAscent" result="pass" starttime="Fri Sep 21 15:17:39 CST 2012" endtime="Fri Sep 21 15:17:39 CST 2012" />
            <Test name="testGetLineBaseline" result="pass" starttime="Fri Sep 21 15:17:39 CST 2012" endtime="Fri Sep 21 15:17:39 CST 2012" />
            <Test name="testGetLineBottom" result="pass" starttime="Fri Sep 21 15:17:39 CST 2012" endtime="Fri Sep 21 15:17:39 CST 2012" />
            <Test name="testGetLineBounds" result="pass" starttime="Fri Sep 21 15:17:39 CST 2012" endtime="Fri Sep 21 15:17:39 CST 2012" />
            <Test name="testGetLineEnd" result="pass" starttime="Fri Sep 21 15:17:39 CST 2012" endtime="Fri Sep 21 15:17:39 CST 2012" />
            <Test name="testGetLineForOffset" result="pass" starttime="Fri Sep 21 15:17:39 CST 2012" endtime="Fri Sep 21 15:17:40 CST 2012" />
            <Test name="testGetLineForVertical" result="pass" starttime="Fri Sep 21 15:17:40 CST 2012" endtime="Fri Sep 21 15:17:40 CST 2012" />
            <Test name="testGetLineVisibleEnd" result="pass" starttime="Fri Sep 21 15:17:40 CST 2012" endtime="Fri Sep 21 15:17:40 CST 2012" />
            <Test name="testGetPaint" result="pass" starttime="Fri Sep 21 15:17:40 CST 2012" endtime="Fri Sep 21 15:17:40 CST 2012" />
            <Test name="testGetParagraphAlignment" result="pass" starttime="Fri Sep 21 15:17:40 CST 2012" endtime="Fri Sep 21 15:17:40 CST 2012" />
            <Test name="testGetParagraphLeft" result="pass" starttime="Fri Sep 21 15:17:40 CST 2012" endtime="Fri Sep 21 15:17:40 CST 2012" />
            <Test name="testGetParagraphRight" result="pass" starttime="Fri Sep 21 15:17:40 CST 2012" endtime="Fri Sep 21 15:17:40 CST 2012" />
            <Test name="testGetSpacingAdd" result="pass" starttime="Fri Sep 21 15:17:40 CST 2012" endtime="Fri Sep 21 15:17:40 CST 2012" />
            <Test name="testGetSpacingMultiplier" result="pass" starttime="Fri Sep 21 15:17:40 CST 2012" endtime="Fri Sep 21 15:17:40 CST 2012" />
            <Test name="testGetText" result="pass" starttime="Fri Sep 21 15:17:40 CST 2012" endtime="Fri Sep 21 15:17:41 CST 2012" />
            <Test name="testGetWidth" result="pass" starttime="Fri Sep 21 15:17:41 CST 2012" endtime="Fri Sep 21 15:17:41 CST 2012" />
            <Test name="testIncreaseWidthTo" result="pass" starttime="Fri Sep 21 15:17:41 CST 2012" endtime="Fri Sep 21 15:17:41 CST 2012" />
            <Test name="testIsSpanned" result="pass" starttime="Fri Sep 21 15:17:41 CST 2012" endtime="Fri Sep 21 15:17:41 CST 2012" />
          </TestCase>
          <TestCase name="LoginFilterTest" priority="">
            <Test name="testFilter" result="pass" starttime="Fri Sep 21 15:17:41 CST 2012" endtime="Fri Sep 21 15:17:41 CST 2012" />
            <Test name="testOnInvalidCharacter" result="pass" starttime="Fri Sep 21 15:17:41 CST 2012" endtime="Fri Sep 21 15:17:41 CST 2012" />
            <Test name="testOnStart" result="pass" starttime="Fri Sep 21 15:17:41 CST 2012" endtime="Fri Sep 21 15:17:41 CST 2012" />
            <Test name="testOnStop" result="pass" starttime="Fri Sep 21 15:17:41 CST 2012" endtime="Fri Sep 21 15:17:41 CST 2012" />
          </TestCase>
          <TestCase name="LoginFilter_PasswordFilterGMailTest" priority="">
            <Test name="testConstructor" result="pass" starttime="Fri Sep 21 15:17:41 CST 2012" endtime="Fri Sep 21 15:17:42 CST 2012" />
            <Test name="testIsAllowed" result="pass" starttime="Fri Sep 21 15:17:42 CST 2012" endtime="Fri Sep 21 15:17:42 CST 2012" />
          </TestCase>
          <TestCase name="LoginFilter_UsernameFilterGMailTest" priority="">
            <Test name="testConstructor" result="pass" starttime="Fri Sep 21 15:17:42 CST 2012" endtime="Fri Sep 21 15:17:42 CST 2012" />
            <Test name="testIsAllowed" result="pass" starttime="Fri Sep 21 15:17:42 CST 2012" endtime="Fri Sep 21 15:17:42 CST 2012" />
          </TestCase>
          <TestCase name="LoginFilter_UsernameFilterGenericTest" priority="">
            <Test name="testConstructor" result="pass" starttime="Fri Sep 21 15:17:42 CST 2012" endtime="Fri Sep 21 15:17:42 CST 2012" />
            <Test name="testIsAllowed" result="pass" starttime="Fri Sep 21 15:17:42 CST 2012" endtime="Fri Sep 21 15:17:42 CST 2012" />
          </TestCase>
          <TestCase name="SelectionTest" priority="">
            <Test name="testAndroidTestCaseSetupProperly" result="pass" starttime="Fri Sep 21 15:17:42 CST 2012" endtime="Fri Sep 21 15:17:42 CST 2012" />
            <Test name="testExtendDown" result="pass" starttime="Fri Sep 21 15:17:42 CST 2012" endtime="Fri Sep 21 15:17:43 CST 2012" />
            <Test name="testExtendLeft" result="pass" starttime="Fri Sep 21 15:17:43 CST 2012" endtime="Fri Sep 21 15:17:43 CST 2012" />
            <Test name="testExtendRight" result="pass" starttime="Fri Sep 21 15:17:43 CST 2012" endtime="Fri Sep 21 15:17:43 CST 2012" />
            <Test name="testExtendSelection" result="pass" starttime="Fri Sep 21 15:17:43 CST 2012" endtime="Fri Sep 21 15:17:43 CST 2012" />
            <Test name="testExtendToLeftEdge" result="pass" starttime="Fri Sep 21 15:17:43 CST 2012" endtime="Fri Sep 21 15:17:43 CST 2012" />
            <Test name="testExtendToRightEdge" result="pass" starttime="Fri Sep 21 15:17:43 CST 2012" endtime="Fri Sep 21 15:17:43 CST 2012" />
            <Test name="testExtendUp" result="pass" starttime="Fri Sep 21 15:17:43 CST 2012" endtime="Fri Sep 21 15:17:43 CST 2012" />
            <Test name="testGetSelectionEnd" result="pass" starttime="Fri Sep 21 15:17:43 CST 2012" endtime="Fri Sep 21 15:17:43 CST 2012" />
            <Test name="testGetSelectionStart" result="pass" starttime="Fri Sep 21 15:17:43 CST 2012" endtime="Fri Sep 21 15:17:43 CST 2012" />
            <Test name="testMoveDown" result="pass" starttime="Fri Sep 21 15:17:44 CST 2012" endtime="Fri Sep 21 15:17:44 CST 2012" />
            <Test name="testMoveLeft" result="pass" starttime="Fri Sep 21 15:17:44 CST 2012" endtime="Fri Sep 21 15:17:44 CST 2012" />
            <Test name="testMoveRight" result="pass" starttime="Fri Sep 21 15:17:44 CST 2012" endtime="Fri Sep 21 15:17:44 CST 2012" />
            <Test name="testMoveToLeftEdge" result="pass" starttime="Fri Sep 21 15:17:44 CST 2012" endtime="Fri Sep 21 15:17:44 CST 2012" />
            <Test name="testMoveToRightEdge" result="pass" starttime="Fri Sep 21 15:17:44 CST 2012" endtime="Fri Sep 21 15:17:44 CST 2012" />
            <Test name="testMoveUp" result="pass" starttime="Fri Sep 21 15:17:44 CST 2012" endtime="Fri Sep 21 15:17:44 CST 2012" />
            <Test name="testRemoveSelection" result="pass" starttime="Fri Sep 21 15:17:44 CST 2012" endtime="Fri Sep 21 15:17:44 CST 2012" />
            <Test name="testSelectAll" result="pass" starttime="Fri Sep 21 15:17:44 CST 2012" endtime="Fri Sep 21 15:17:44 CST 2012" />
            <Test name="testSetSelection1" result="pass" starttime="Fri Sep 21 15:17:44 CST 2012" endtime="Fri Sep 21 15:17:45 CST 2012" />
            <Test name="testSetSelection2" result="pass" starttime="Fri Sep 21 15:17:45 CST 2012" endtime="Fri Sep 21 15:17:45 CST 2012" />
          </TestCase>
          <TestCase name="SpannableStringBuilderSpanTest" priority="">
            <Test name="testAndroidTestCaseSetupProperly" result="pass" starttime="Fri Sep 21 15:17:45 CST 2012" endtime="Fri Sep 21 15:17:45 CST 2012" />
            <Test name="testReplaceWithSpans" result="pass" starttime="Fri Sep 21 15:17:45 CST 2012" endtime="Fri Sep 21 15:17:47 CST 2012" />
          </TestCase>
          <TestCase name="SpannableStringBuilderTest" priority="">
            <Test name="testAccessFilters" result="pass" starttime="Fri Sep 21 15:17:47 CST 2012" endtime="Fri Sep 21 15:17:47 CST 2012" />
            <Test name="testAndroidTestCaseSetupProperly" result="pass" starttime="Fri Sep 21 15:17:47 CST 2012" endtime="Fri Sep 21 15:17:47 CST 2012" />
            <Test name="testAppend1" result="pass" starttime="Fri Sep 21 15:17:47 CST 2012" endtime="Fri Sep 21 15:17:47 CST 2012" />
            <Test name="testAppend2" result="pass" starttime="Fri Sep 21 15:17:47 CST 2012" endtime="Fri Sep 21 15:17:47 CST 2012" />
            <Test name="testAppend3" result="pass" starttime="Fri Sep 21 15:17:47 CST 2012" endtime="Fri Sep 21 15:17:47 CST 2012" />
            <Test name="testCharAt" result="pass" starttime="Fri Sep 21 15:17:47 CST 2012" endtime="Fri Sep 21 15:17:47 CST 2012" />
            <Test name="testClear" result="pass" starttime="Fri Sep 21 15:17:47 CST 2012" endtime="Fri Sep 21 15:17:48 CST 2012" />
            <Test name="testClearSpans" result="pass" starttime="Fri Sep 21 15:17:48 CST 2012" endtime="Fri Sep 21 15:17:48 CST 2012" />
            <Test name="testConstructor1" result="pass" starttime="Fri Sep 21 15:17:48 CST 2012" endtime="Fri Sep 21 15:17:48 CST 2012" />
            <Test name="testConstructor2" result="pass" starttime="Fri Sep 21 15:17:48 CST 2012" endtime="Fri Sep 21 15:17:48 CST 2012" />
            <Test name="testDelete" result="pass" starttime="Fri Sep 21 15:17:48 CST 2012" endtime="Fri Sep 21 15:17:48 CST 2012" />
            <Test name="testGetChars" result="pass" starttime="Fri Sep 21 15:17:48 CST 2012" endtime="Fri Sep 21 15:17:48 CST 2012" />
            <Test name="testGetSpanEnd" result="pass" starttime="Fri Sep 21 15:17:48 CST 2012" endtime="Fri Sep 21 15:17:48 CST 2012" />
            <Test name="testGetSpanFlags" result="pass" starttime="Fri Sep 21 15:17:48 CST 2012" endtime="Fri Sep 21 15:17:48 CST 2012" />
            <Test name="testGetSpanStart" result="pass" starttime="Fri Sep 21 15:17:48 CST 2012" endtime="Fri Sep 21 15:17:48 CST 2012" />
            <Test name="testGetSpans" result="pass" starttime="Fri Sep 21 15:17:48 CST 2012" endtime="Fri Sep 21 15:17:48 CST 2012" />
            <Test name="testInsert1" result="pass" starttime="Fri Sep 21 15:17:48 CST 2012" endtime="Fri Sep 21 15:17:49 CST 2012" />
            <Test name="testInsert2" result="pass" starttime="Fri Sep 21 15:17:49 CST 2012" endtime="Fri Sep 21 15:17:49 CST 2012" />
            <Test name="testLength" result="pass" starttime="Fri Sep 21 15:17:49 CST 2012" endtime="Fri Sep 21 15:17:49 CST 2012" />
            <Test name="testNextSpanTransition" result="pass" starttime="Fri Sep 21 15:17:49 CST 2012" endtime="Fri Sep 21 15:17:49 CST 2012" />
            <Test name="testRemoveSpan" result="pass" starttime="Fri Sep 21 15:17:49 CST 2012" endtime="Fri Sep 21 15:17:49 CST 2012" />
            <Test name="testReplace1" result="pass" starttime="Fri Sep 21 15:17:49 CST 2012" endtime="Fri Sep 21 15:17:49 CST 2012" />
            <Test name="testReplace2" result="pass" starttime="Fri Sep 21 15:17:49 CST 2012" endtime="Fri Sep 21 15:17:49 CST 2012" />
            <Test name="testSetSpan" result="pass" starttime="Fri Sep 21 15:17:49 CST 2012" endtime="Fri Sep 21 15:17:49 CST 2012" />
            <Test name="testSubSequence" result="pass" starttime="Fri Sep 21 15:17:49 CST 2012" endtime="Fri Sep 21 15:17:49 CST 2012" />
            <Test name="testToString" result="pass" starttime="Fri Sep 21 15:17:49 CST 2012" endtime="Fri Sep 21 15:17:50 CST 2012" />
            <Test name="testValueOf" result="pass" starttime="Fri Sep 21 15:17:50 CST 2012" endtime="Fri Sep 21 15:17:50 CST 2012" />
          </TestCase>
          <TestCase name="SpannableStringTest" priority="">
            <Test name="testAndroidTestCaseSetupProperly" result="pass" starttime="Fri Sep 21 15:17:50 CST 2012" endtime="Fri Sep 21 15:17:50 CST 2012" />
            <Test name="testConstructor" result="pass" starttime="Fri Sep 21 15:17:50 CST 2012" endtime="Fri Sep 21 15:17:50 CST 2012" />
            <Test name="testRemoveSpan" result="pass" starttime="Fri Sep 21 15:17:50 CST 2012" endtime="Fri Sep 21 15:17:50 CST 2012" />
            <Test name="testSetSpan" result="pass" starttime="Fri Sep 21 15:17:50 CST 2012" endtime="Fri Sep 21 15:17:50 CST 2012" />
            <Test name="testSubSequence" result="pass" starttime="Fri Sep 21 15:17:50 CST 2012" endtime="Fri Sep 21 15:17:50 CST 2012" />
            <Test name="testValueOf" result="pass" starttime="Fri Sep 21 15:17:50 CST 2012" endtime="Fri Sep 21 15:17:50 CST 2012" />
          </TestCase>
          <TestCase name="Spannable_FactoryTest" priority="">
            <Test name="testAndroidTestCaseSetupProperly" result="pass" starttime="Fri Sep 21 15:17:50 CST 2012" endtime="Fri Sep 21 15:17:50 CST 2012" />
            <Test name="testGetInstance" result="pass" starttime="Fri Sep 21 15:17:50 CST 2012" endtime="Fri Sep 21 15:17:50 CST 2012" />
            <Test name="testNewSpannable" result="pass" starttime="Fri Sep 21 15:17:50 CST 2012" endtime="Fri Sep 21 15:17:51 CST 2012" />
          </TestCase>
          <TestCase name="SpannedStringTest" priority="">
            <Test name="testAndroidTestCaseSetupProperly" result="pass" starttime="Fri Sep 21 15:17:51 CST 2012" endtime="Fri Sep 21 15:17:51 CST 2012" />
            <Test name="testConstructor" result="pass" starttime="Fri Sep 21 15:17:51 CST 2012" endtime="Fri Sep 21 15:17:51 CST 2012" />
            <Test name="testSubSequence" result="pass" starttime="Fri Sep 21 15:17:51 CST 2012" endtime="Fri Sep 21 15:17:51 CST 2012" />
            <Test name="testValueOf" result="pass" starttime="Fri Sep 21 15:17:51 CST 2012" endtime="Fri Sep 21 15:17:51 CST 2012" />
          </TestCase>
          <TestCase name="StaticLayoutLineBreakingTest" priority="">
            <Test name="testAndroidTestCaseSetupProperly" result="pass" starttime="Fri Sep 21 15:17:51 CST 2012" endtime="Fri Sep 21 15:17:51 CST 2012" />
            <Test name="testBreakCondition" result="pass" starttime="Fri Sep 21 15:17:51 CST 2012" endtime="Fri Sep 21 15:17:51 CST 2012" />
            <Test name="testMultipleSpacesAtBreak" result="pass" starttime="Fri Sep 21 15:17:51 CST 2012" endtime="Fri Sep 21 15:17:51 CST 2012" />
            <Test name="testNarrowWidth" result="pass" starttime="Fri Sep 21 15:17:51 CST 2012" endtime="Fri Sep 21 15:17:51 CST 2012" />
            <Test name="testNoLineBreak" result="pass" starttime="Fri Sep 21 15:17:51 CST 2012" endtime="Fri Sep 21 15:17:52 CST 2012" />
            <Test name="testOneLineBreak" result="pass" starttime="Fri Sep 21 15:17:52 CST 2012" endtime="Fri Sep 21 15:17:52 CST 2012" />
            <Test name="testParagraphs" result="pass" starttime="Fri Sep 21 15:17:52 CST 2012" endtime="Fri Sep 21 15:17:52 CST 2012" />
            <Test name="testReplacementSpan" result="pass" starttime="Fri Sep 21 15:17:52 CST 2012" endtime="Fri Sep 21 15:17:52 CST 2012" />
            <Test name="testSpaceAtBreak" result="pass" starttime="Fri Sep 21 15:17:52 CST 2012" endtime="Fri Sep 21 15:17:52 CST 2012" />
            <Test name="testWithEmoji" result="pass" starttime="Fri Sep 21 15:17:52 CST 2012" endtime="Fri Sep 21 15:17:52 CST 2012" />
            <Test name="testWithOneSpan" result="pass" starttime="Fri Sep 21 15:17:52 CST 2012" endtime="Fri Sep 21 15:17:52 CST 2012" />
            <Test name="testWithOverlappingSpans" result="pass" starttime="Fri Sep 21 15:17:52 CST 2012" endtime="Fri Sep 21 15:17:52 CST 2012" />
            <Test name="testWithSpans" result="pass" starttime="Fri Sep 21 15:17:52 CST 2012" endtime="Fri Sep 21 15:17:53 CST 2012" />
            <Test name="testWithSurrogate" result="pass" starttime="Fri Sep 21 15:17:53 CST 2012" endtime="Fri Sep 21 15:17:53 CST 2012" />
            <Test name="testWithTwoSpans" result="pass" starttime="Fri Sep 21 15:17:53 CST 2012" endtime="Fri Sep 21 15:17:53 CST 2012" />
            <Test name="testZeroWidthCharacters" result="pass" starttime="Fri Sep 21 15:17:53 CST 2012" endtime="Fri Sep 21 15:17:53 CST 2012" />
          </TestCase>
          <TestCase name="StaticLayoutTest" priority="">
            <Test name="testAndroidTestCaseSetupProperly" result="pass" starttime="Fri Sep 21 15:17:53 CST 2012" endtime="Fri Sep 21 15:17:53 CST 2012" />
            <Test name="testConstructor" result="pass" starttime="Fri Sep 21 15:17:53 CST 2012" endtime="Fri Sep 21 15:17:53 CST 2012" />
            <Test name="testGetBottomPadding" result="pass" starttime="Fri Sep 21 15:17:53 CST 2012" endtime="Fri Sep 21 15:17:53 CST 2012" />
            <Test name="testGetContainsTab" result="pass" starttime="Fri Sep 21 15:17:53 CST 2012" endtime="Fri Sep 21 15:17:53 CST 2012" />
            <Test name="testGetEllipsisCount" result="pass" starttime="Fri Sep 21 15:17:53 CST 2012" endtime="Fri Sep 21 15:17:53 CST 2012" />
            <Test name="testGetEllipsisStart" result="pass" starttime="Fri Sep 21 15:17:53 CST 2012" endtime="Fri Sep 21 15:17:54 CST 2012" />
            <Test name="testGetEllipsizedWidth" result="pass" starttime="Fri Sep 21 15:17:54 CST 2012" endtime="Fri Sep 21 15:17:54 CST 2012" />
            <Test name="testGetLineCount" result="pass" starttime="Fri Sep 21 15:17:54 CST 2012" endtime="Fri Sep 21 15:17:54 CST 2012" />
            <Test name="testGetLineDescent" result="pass" starttime="Fri Sep 21 15:17:54 CST 2012" endtime="Fri Sep 21 15:17:54 CST 2012" />
            <Test name="testGetLineDirections" result="pass" starttime="Fri Sep 21 15:17:54 CST 2012" endtime="Fri Sep 21 15:17:54 CST 2012" />
            <Test name="testGetLineForVertical" result="pass" starttime="Fri Sep 21 15:17:54 CST 2012" endtime="Fri Sep 21 15:17:54 CST 2012" />
            <Test name="testGetLineStart" result="pass" starttime="Fri Sep 21 15:17:54 CST 2012" endtime="Fri Sep 21 15:17:54 CST 2012" />
            <Test name="testGetLineTop" result="pass" starttime="Fri Sep 21 15:17:54 CST 2012" endtime="Fri Sep 21 15:17:54 CST 2012" />
            <Test name="testGetParagraphDirection" result="pass" starttime="Fri Sep 21 15:17:54 CST 2012" endtime="Fri Sep 21 15:17:55 CST 2012" />
            <Test name="testGetTopPadding" result="pass" starttime="Fri Sep 21 15:17:55 CST 2012" endtime="Fri Sep 21 15:17:55 CST 2012" />
            <Test name="testImmutableStaticLayout" result="pass" starttime="Fri Sep 21 15:17:55 CST 2012" endtime="Fri Sep 21 15:17:55 CST 2012" />
          </TestCase>
          <TestCase name="TextPaintTest" priority="">
            <Test name="testAndroidTestCaseSetupProperly" result="pass" starttime="Fri Sep 21 15:17:55 CST 2012" endtime="Fri Sep 21 15:17:55 CST 2012" />
            <Test name="testConstructor" result="pass" starttime="Fri Sep 21 15:17:55 CST 2012" endtime="Fri Sep 21 15:17:55 CST 2012" />
            <Test name="testSet" result="pass" starttime="Fri Sep 21 15:17:55 CST 2012" endtime="Fri Sep 21 15:17:55 CST 2012" />
          </TestCase>
          <TestCase name="TextUtilsTest" priority="">
            <Test name="testAndroidTestCaseSetupProperly" result="pass" starttime="Fri Sep 21 15:17:55 CST 2012" endtime="Fri Sep 21 15:17:55 CST 2012" />
            <Test name="testCommaEllipsize" result="pass" starttime="Fri Sep 21 15:17:55 CST 2012" endtime="Fri Sep 21 15:17:55 CST 2012" />
            <Test name="testConcat" result="pass" starttime="Fri Sep 21 15:17:55 CST 2012" endtime="Fri Sep 21 15:17:56 CST 2012" />
            <Test name="testCopySpansFrom" result="pass" starttime="Fri Sep 21 15:17:56 CST 2012" endtime="Fri Sep 21 15:17:56 CST 2012" />
            <Test name="testDumpSpans" result="pass" starttime="Fri Sep 21 15:17:56 CST 2012" endtime="Fri Sep 21 15:17:56 CST 2012" />
            <Test name="testEllipsize" result="pass" starttime="Fri Sep 21 15:17:56 CST 2012" endtime="Fri Sep 21 15:17:56 CST 2012" />
            <Test name="testEllipsizeCallback" result="pass" starttime="Fri Sep 21 15:17:56 CST 2012" endtime="Fri Sep 21 15:17:56 CST 2012" />
            <Test name="testEquals" result="pass" starttime="Fri Sep 21 15:17:56 CST 2012" endtime="Fri Sep 21 15:17:56 CST 2012" />
            <Test name="testExpandTemplate" result="pass" starttime="Fri Sep 21 15:17:56 CST 2012" endtime="Fri Sep 21 15:17:56 CST 2012" />
            <Test name="testGetCapsMode" result="pass" starttime="Fri Sep 21 15:17:56 CST 2012" endtime="Fri Sep 21 15:17:56 CST 2012" />
            <Test name="testGetCapsModeException" result="pass" starttime="Fri Sep 21 15:17:56 CST 2012" endtime="Fri Sep 21 15:17:57 CST 2012" />
            <Test name="testGetChars" result="pass" starttime="Fri Sep 21 15:17:57 CST 2012" endtime="Fri Sep 21 15:17:57 CST 2012" />
            <Test name="testGetOffsetAfter" result="pass" starttime="Fri Sep 21 15:17:57 CST 2012" endtime="Fri Sep 21 15:17:57 CST 2012" />
            <Test name="testGetOffsetBefore" result="pass" starttime="Fri Sep 21 15:17:57 CST 2012" endtime="Fri Sep 21 15:17:57 CST 2012" />
            <Test name="testGetReverse" result="pass" starttime="Fri Sep 21 15:17:57 CST 2012" endtime="Fri Sep 21 15:17:57 CST 2012" />
            <Test name="testGetTrimmedLength" result="pass" starttime="Fri Sep 21 15:17:57 CST 2012" endtime="Fri Sep 21 15:17:57 CST 2012" />
            <Test name="testHtmlEncode" result="pass" starttime="Fri Sep 21 15:17:57 CST 2012" endtime="Fri Sep 21 15:17:57 CST 2012" />
            <Test name="testIndexOf1" result="pass" starttime="Fri Sep 21 15:17:57 CST 2012" endtime="Fri Sep 21 15:17:57 CST 2012" />
            <Test name="testIndexOf2" result="pass" starttime="Fri Sep 21 15:17:57 CST 2012" endtime="Fri Sep 21 15:17:57 CST 2012" />
            <Test name="testIndexOf3" result="pass" starttime="Fri Sep 21 15:17:57 CST 2012" endtime="Fri Sep 21 15:17:58 CST 2012" />
            <Test name="testIndexOf4" result="pass" starttime="Fri Sep 21 15:17:58 CST 2012" endtime="Fri Sep 21 15:17:58 CST 2012" />
            <Test name="testIndexOf5" result="pass" starttime="Fri Sep 21 15:17:58 CST 2012" endtime="Fri Sep 21 15:17:58 CST 2012" />
            <Test name="testIndexOf6" result="pass" starttime="Fri Sep 21 15:17:58 CST 2012" endtime="Fri Sep 21 15:17:58 CST 2012" />
            <Test name="testIsDigitsOnly" result="pass" starttime="Fri Sep 21 15:17:58 CST 2012" endtime="Fri Sep 21 15:17:58 CST 2012" />
            <Test name="testIsEmpty" result="pass" starttime="Fri Sep 21 15:17:58 CST 2012" endtime="Fri Sep 21 15:17:58 CST 2012" />
            <Test name="testIsGraphicChar" result="pass" starttime="Fri Sep 21 15:17:58 CST 2012" endtime="Fri Sep 21 15:17:58 CST 2012" />
            <Test name="testIsGraphicCharSequence" result="pass" starttime="Fri Sep 21 15:17:58 CST 2012" endtime="Fri Sep 21 15:17:58 CST 2012" />
            <Test name="testJoin1" result="pass" starttime="Fri Sep 21 15:17:58 CST 2012" endtime="Fri Sep 21 15:17:59 CST 2012" />
            <Test name="testJoin2" result="pass" starttime="Fri Sep 21 15:17:59 CST 2012" endtime="Fri Sep 21 15:17:59 CST 2012" />
            <Test name="testLastIndexOf1" result="pass" starttime="Fri Sep 21 15:17:59 CST 2012" endtime="Fri Sep 21 15:17:59 CST 2012" />
            <Test name="testLastIndexOf2" result="pass" starttime="Fri Sep 21 15:17:59 CST 2012" endtime="Fri Sep 21 15:17:59 CST 2012" />
            <Test name="testLastIndexOf3" result="pass" starttime="Fri Sep 21 15:17:59 CST 2012" endtime="Fri Sep 21 15:17:59 CST 2012" />
            <Test name="testRegionMatches" result="pass" starttime="Fri Sep 21 15:17:59 CST 2012" endtime="Fri Sep 21 15:17:59 CST 2012" />
            <Test name="testReplace" result="pass" starttime="Fri Sep 21 15:17:59 CST 2012" endtime="Fri Sep 21 15:17:59 CST 2012" />
            <Test name="testSplitPattern" result="pass" starttime="Fri Sep 21 15:17:59 CST 2012" endtime="Fri Sep 21 15:17:59 CST 2012" />
            <Test name="testSplitString" result="pass" starttime="Fri Sep 21 15:17:59 CST 2012" endtime="Fri Sep 21 15:18:00 CST 2012" />
            <Test name="testStringOrSpannedString" result="pass" starttime="Fri Sep 21 15:18:00 CST 2012" endtime="Fri Sep 21 15:18:00 CST 2012" />
            <Test name="testSubString" result="pass" starttime="Fri Sep 21 15:18:00 CST 2012" endtime="Fri Sep 21 15:18:00 CST 2012" />
            <Test name="testWriteToParcel" result="pass" starttime="Fri Sep 21 15:18:00 CST 2012" endtime="Fri Sep 21 15:18:00 CST 2012" />
          </TestCase>
          <TestCase name="TextUtils_SimpleStringSplitterTest" priority="">
            <Test name="testAndroidTestCaseSetupProperly" result="pass" starttime="Fri Sep 21 15:18:00 CST 2012" endtime="Fri Sep 21 15:18:00 CST 2012" />
            <Test name="testConstructor" result="pass" starttime="Fri Sep 21 15:18:00 CST 2012" endtime="Fri Sep 21 15:18:00 CST 2012" />
            <Test name="testHasNext" result="pass" starttime="Fri Sep 21 15:18:00 CST 2012" endtime="Fri Sep 21 15:18:00 CST 2012" />
            <Test name="testIterator" result="pass" starttime="Fri Sep 21 15:18:00 CST 2012" endtime="Fri Sep 21 15:18:00 CST 2012" />
            <Test name="testNext1" result="pass" starttime="Fri Sep 21 15:18:00 CST 2012" endtime="Fri Sep 21 15:18:01 CST 2012" />
            <Test name="testNext2" result="pass" starttime="Fri Sep 21 15:18:01 CST 2012" endtime="Fri Sep 21 15:18:01 CST 2012" />
            <Test name="testRemove" result="pass" starttime="Fri Sep 21 15:18:01 CST 2012" endtime="Fri Sep 21 15:18:01 CST 2012" />
            <Test name="testSetString" result="pass" starttime="Fri Sep 21 15:18:01 CST 2012" endtime="Fri Sep 21 15:18:01 CST 2012" />
          </TestCase>
        </TestSuite>
        <TestSuite name="format">
          <TestSuite name="cts">
            <TestCase name="DateFormatTest" priority="">
              <Test name="test2038" result="pass" starttime="Fri Sep 21 15:18:01 CST 2012" endtime="Fri Sep 21 15:18:01 CST 2012" />
              <Test name="testAndroidTestCaseSetupProperly" result="pass" starttime="Fri Sep 21 15:18:01 CST 2012" endtime="Fri Sep 21 15:18:01 CST 2012" />
              <Test name="testDateFormat" result="pass" starttime="Fri Sep 21 15:18:01 CST 2012" endtime="Fri Sep 21 15:18:01 CST 2012" />
              <Test name="testFormatMethods" result="pass" starttime="Fri Sep 21 15:18:01 CST 2012" endtime="Fri Sep 21 15:18:01 CST 2012" />
            </TestCase>
            <TestCase name="DateUtilsTest" priority="">
              <Test name="testAndroidTestCaseSetupProperly" result="pass" starttime="Fri Sep 21 15:18:01 CST 2012" endtime="Fri Sep 21 15:18:02 CST 2012" />
              <Test name="testFormatMethods" result="pass" starttime="Fri Sep 21 15:18:02 CST 2012" endtime="Fri Sep 21 15:18:02 CST 2012" />
              <Test name="testGetAMPMString" result="pass" starttime="Fri Sep 21 15:18:02 CST 2012" endtime="Fri Sep 21 15:18:02 CST 2012" />
              <Test name="testGetDayOfWeekString" result="pass" starttime="Fri Sep 21 15:18:02 CST 2012" endtime="Fri Sep 21 15:18:02 CST 2012" />
              <Test name="testGetMonthString" result="pass" starttime="Fri Sep 21 15:18:02 CST 2012" endtime="Fri Sep 21 15:18:02 CST 2012" />
              <Test name="testGetSpanString" result="pass" starttime="Fri Sep 21 15:18:02 CST 2012" endtime="Fri Sep 21 15:18:02 CST 2012" />
              <Test name="testIsToday" result="pass" starttime="Fri Sep 21 15:18:02 CST 2012" endtime="Fri Sep 21 15:18:02 CST 2012" />
            </TestCase>
            <TestCase name="FormatterTest" priority="">
              <Test name="testAndroidTestCaseSetupProperly" result="pass" starttime="Fri Sep 21 15:18:02 CST 2012" endtime="Fri Sep 21 15:18:02 CST 2012" />
              <Test name="testFormatFileSize" result="pass" starttime="Fri Sep 21 15:18:02 CST 2012" endtime="Fri Sep 21 15:18:02 CST 2012" />
              <Test name="testFormatIpAddress" result="pass" starttime="Fri Sep 21 15:18:02 CST 2012" endtime="Fri Sep 21 15:18:02 CST 2012" />
            </TestCase>
            <TestCase name="TimeTest" priority="">
              <Test name="testAfterBefore" result="pass" starttime="Fri Sep 21 15:18:02 CST 2012" endtime="Fri Sep 21 15:18:03 CST 2012" />
              <Test name="testAndroidTestCaseSetupProperly" result="pass" starttime="Fri Sep 21 15:18:03 CST 2012" endtime="Fri Sep 21 15:18:03 CST 2012" />
              <Test name="testClear0" result="pass" starttime="Fri Sep 21 15:18:03 CST 2012" endtime="Fri Sep 21 15:18:03 CST 2012" />
              <Test name="testCompare0" result="pass" starttime="Fri Sep 21 15:18:03 CST 2012" endtime="Fri Sep 21 15:18:03 CST 2012" />
              <Test name="testCompareNullFailure" result="pass" starttime="Fri Sep 21 15:18:03 CST 2012" endtime="Fri Sep 21 15:18:03 CST 2012" />
              <Test name="testConstructor" result="pass" starttime="Fri Sep 21 15:18:03 CST 2012" endtime="Fri Sep 21 15:18:03 CST 2012" />
              <Test name="testCtor0" result="pass" starttime="Fri Sep 21 15:18:03 CST 2012" endtime="Fri Sep 21 15:18:03 CST 2012" />
              <Test name="testFormat0" result="pass" starttime="Fri Sep 21 15:18:03 CST 2012" endtime="Fri Sep 21 15:18:03 CST 2012" />
              <Test name="testGetActualMaximum0" result="pass" starttime="Fri Sep 21 15:18:03 CST 2012" endtime="Fri Sep 21 15:18:03 CST 2012" />
              <Test name="testGetJulianDay" result="pass" starttime="Fri Sep 21 15:18:03 CST 2012" endtime="Fri Sep 21 15:18:09 CST 2012" />
              <Test name="testGetWeekNumber" result="pass" starttime="Fri Sep 21 15:18:09 CST 2012" endtime="Fri Sep 21 15:18:09 CST 2012" />
              <Test name="testIsEpoch" result="pass" starttime="Fri Sep 21 15:18:09 CST 2012" endtime="Fri Sep 21 15:18:09 CST 2012" />
              <Test name="testMillis0" result="pass" starttime="Fri Sep 21 15:18:09 CST 2012" endtime="Fri Sep 21 15:18:09 CST 2012" />
              <Test name="testNormalize" result="pass" starttime="Fri Sep 21 15:18:09 CST 2012" endtime="Fri Sep 21 15:18:09 CST 2012" />
              <Test name="testNormalize1" result="pass" starttime="Fri Sep 21 15:18:09 CST 2012" endtime="Fri Sep 21 15:18:09 CST 2012" />
              <Test name="testParse0" result="pass" starttime="Fri Sep 21 15:18:09 CST 2012" endtime="Fri Sep 21 15:18:10 CST 2012" />
              <Test name="testSet" result="pass" starttime="Fri Sep 21 15:18:10 CST 2012" endtime="Fri Sep 21 15:18:10 CST 2012" />
              <Test name="testSet0" result="pass" starttime="Fri Sep 21 15:18:10 CST 2012" endtime="Fri Sep 21 15:18:10 CST 2012" />
              <Test name="testSet1" result="pass" starttime="Fri Sep 21 15:18:10 CST 2012" endtime="Fri Sep 21 15:18:10 CST 2012" />
              <Test name="testSetJulianDay" result="pass" starttime="Fri Sep 21 15:18:10 CST 2012" endtime="Fri Sep 21 15:18:10 CST 2012" />
              <Test name="testSetToNow0" result="pass" starttime="Fri Sep 21 15:18:10 CST 2012" endtime="Fri Sep 21 15:18:11 CST 2012" />
              <Test name="testSwitchTimezone" result="pass" starttime="Fri Sep 21 15:18:11 CST 2012" endtime="Fri Sep 21 15:18:11 CST 2012" />
              <Test name="testSwitchTimezone0" result="pass" starttime="Fri Sep 21 15:18:11 CST 2012" endtime="Fri Sep 21 15:18:11 CST 2012" />
            </TestCase>
          </TestSuite>
        </TestSuite>
        <TestSuite name="method">
          <TestSuite name="cts">
            <TestCase name="ArrowKeyMovementMethodTest" priority="">
              <Test name="testCanSelectArbitrarily" result="pass" starttime="Fri Sep 21 15:18:11 CST 2012" endtime="Fri Sep 21 15:18:11 CST 2012" />
              <Test name="testConstructor" result="pass" starttime="Fri Sep 21 15:18:11 CST 2012" endtime="Fri Sep 21 15:18:11 CST 2012" />
              <Test name="testFollowingWordEndToStartWithNumbers" result="pass" starttime="Fri Sep 21 15:18:11 CST 2012" endtime="Fri Sep 21 15:18:12 CST 2012" />
              <Test name="testFollowingWordEndToStartWithOneCharFinalWord" result="pass" starttime="Fri Sep 21 15:18:12 CST 2012" endtime="Fri Sep 21 15:18:12 CST 2012" />
              <Test name="testFollowingWordStartToEnd" result="pass" starttime="Fri Sep 21 15:18:12 CST 2012" endtime="Fri Sep 21 15:18:12 CST 2012" />
              <Test name="testFollowingWordStartToEndWithNumbers" result="pass" starttime="Fri Sep 21 15:18:12 CST 2012" endtime="Fri Sep 21 15:18:13 CST 2012" />
              <Test name="testFollowingWordStartToEndWithOneCharFinalWord" result="pass" starttime="Fri Sep 21 15:18:13 CST 2012" endtime="Fri Sep 21 15:18:13 CST 2012" />
              <Test name="testGetInstance" result="pass" starttime="Fri Sep 21 15:18:13 CST 2012" endtime="Fri Sep 21 15:18:13 CST 2012" />
              <Test name="testInitialize" result="pass" starttime="Fri Sep 21 15:18:13 CST 2012" endtime="Fri Sep 21 15:18:14 CST 2012" />
              <Test name="testMovementFromMiddleOfWord" result="pass" starttime="Fri Sep 21 15:18:14 CST 2012" endtime="Fri Sep 21 15:18:14 CST 2012" />
              <Test name="testOnKeyDownWithKeyCodeDown" result="pass" starttime="Fri Sep 21 15:18:14 CST 2012" endtime="Fri Sep 21 15:18:14 CST 2012" />
              <Test name="testOnKeyDownWithKeyCodeLeft" result="pass" starttime="Fri Sep 21 15:18:14 CST 2012" endtime="Fri Sep 21 15:18:15 CST 2012" />
              <Test name="testOnKeyDownWithKeyCodeRight" result="pass" starttime="Fri Sep 21 15:18:15 CST 2012" endtime="Fri Sep 21 15:18:15 CST 2012" />
              <Test name="testOnKeyDownWithKeyCodeUp" result="pass" starttime="Fri Sep 21 15:18:15 CST 2012" endtime="Fri Sep 21 15:18:15 CST 2012" />
              <Test name="testOnKeyDownWithNullLayout" result="pass" starttime="Fri Sep 21 15:18:15 CST 2012" endtime="Fri Sep 21 15:18:16 CST 2012" />
              <Test name="testOnKeyDownWithOtherKeyCode" result="pass" starttime="Fri Sep 21 15:18:16 CST 2012" endtime="Fri Sep 21 15:18:16 CST 2012" />
              <Test name="testOnKeyOther" result="pass" starttime="Fri Sep 21 15:18:16 CST 2012" endtime="Fri Sep 21 15:18:16 CST 2012" />
              <Test name="testOnKeyUp" result="pass" starttime="Fri Sep 21 15:18:16 CST 2012" endtime="Fri Sep 21 15:18:17 CST 2012" />
              <Test name="testOnTakeFocus" result="pass" starttime="Fri Sep 21 15:18:17 CST 2012" endtime="Fri Sep 21 15:18:17 CST 2012" />
              <Test name="testOnTakeFocusWithNullParameters" result="pass" starttime="Fri Sep 21 15:18:17 CST 2012" endtime="Fri Sep 21 15:18:17 CST 2012" />
              <Test name="testOnTakeFoucusWithNullLayout" result="pass" starttime="Fri Sep 21 15:18:17 CST 2012" endtime="Fri Sep 21 15:18:18 CST 2012" />
              <Test name="testOnTouchEvent" result="pass" starttime="Fri Sep 21 15:18:18 CST 2012" endtime="Fri Sep 21 15:18:18 CST 2012" />
              <Test name="testOnTouchEventWithNullLayout" result="pass" starttime="Fri Sep 21 15:18:18 CST 2012" endtime="Fri Sep 21 15:18:18 CST 2012" />
              <Test name="testOnTouchEventWithNullParameters" result="pass" starttime="Fri Sep 21 15:18:18 CST 2012" endtime="Fri Sep 21 15:18:19 CST 2012" />
              <Test name="testOnTouchEventWithoutFocus" result="pass" starttime="Fri Sep 21 15:18:19 CST 2012" endtime="Fri Sep 21 15:18:19 CST 2012" />
              <Test name="testOnTrackballEven" result="pass" starttime="Fri Sep 21 15:18:19 CST 2012" endtime="Fri Sep 21 15:18:19 CST 2012" />
              <Test name="testPrecedingWordEndToStart" result="pass" starttime="Fri Sep 21 15:18:19 CST 2012" endtime="Fri Sep 21 15:18:20 CST 2012" />
            </TestCase>
            <TestCase name="BaseKeyListenerTest" priority="">
              <Test name="testBackspace" result="pass" starttime="Fri Sep 21 15:18:20 CST 2012" endtime="Fri Sep 21 15:18:20 CST 2012" />
              <Test name="testBackspace_withSendKeys" result="pass" starttime="Fri Sep 21 15:18:20 CST 2012" endtime="Fri Sep 21 15:18:21 CST 2012" />
              <Test name="testPressKey" result="pass" starttime="Fri Sep 21 15:18:21 CST 2012" endtime="Fri Sep 21 15:18:21 CST 2012" />
            </TestCase>
            <TestCase name="CharacterPickerDialogTest" priority="">
              <Test name="testConstructor" result="pass" starttime="Fri Sep 21 15:18:21 CST 2012" endtime="Fri Sep 21 15:18:21 CST 2012" />
              <Test name="testOnClick" result="pass" starttime="Fri Sep 21 15:18:21 CST 2012" endtime="Fri Sep 21 15:18:22 CST 2012" />
              <Test name="testOnCreate" result="pass" starttime="Fri Sep 21 15:18:22 CST 2012" endtime="Fri Sep 21 15:18:22 CST 2012" />
              <Test name="testOnItemClick" result="pass" starttime="Fri Sep 21 15:18:22 CST 2012" endtime="Fri Sep 21 15:18:22 CST 2012" />
            </TestCase>
            <TestCase name="DateKeyListenerTest" priority="">
              <Test name="testConstructor" result="pass" starttime="Fri Sep 21 15:18:22 CST 2012" endtime="Fri Sep 21 15:18:23 CST 2012" />
              <Test name="testDateTimeKeyListener" result="pass" starttime="Fri Sep 21 15:18:23 CST 2012" endtime="Fri Sep 21 15:18:23 CST 2012" />
              <Test name="testGetAcceptedChars" result="pass" starttime="Fri Sep 21 15:18:23 CST 2012" endtime="Fri Sep 21 15:18:24 CST 2012" />
              <Test name="testGetInputType" result="pass" starttime="Fri Sep 21 15:18:24 CST 2012" endtime="Fri Sep 21 15:18:24 CST 2012" />
              <Test name="testGetInstance" result="pass" starttime="Fri Sep 21 15:18:24 CST 2012" endtime="Fri Sep 21 15:18:24 CST 2012" />
            </TestCase>
            <TestCase name="DateTimeKeyListenerTest" priority="">
              <Test name="testConstructor" result="pass" starttime="Fri Sep 21 15:18:24 CST 2012" endtime="Fri Sep 21 15:18:24 CST 2012" />
              <Test name="testDateTimeKeyListener" result="pass" starttime="Fri Sep 21 15:18:24 CST 2012" endtime="Fri Sep 21 15:18:25 CST 2012" />
              <Test name="testGetAcceptedChars" result="pass" starttime="Fri Sep 21 15:18:25 CST 2012" endtime="Fri Sep 21 15:18:25 CST 2012" />
              <Test name="testGetInputType" result="pass" starttime="Fri Sep 21 15:18:25 CST 2012" endtime="Fri Sep 21 15:18:25 CST 2012" />
              <Test name="testGetInstance" result="pass" starttime="Fri Sep 21 15:18:25 CST 2012" endtime="Fri Sep 21 15:18:26 CST 2012" />
            </TestCase>
            <TestCase name="DialerKeyListenerTest" priority="">
              <Test name="testConstructor" result="pass" starttime="Fri Sep 21 15:18:26 CST 2012" endtime="Fri Sep 21 15:18:26 CST 2012" />
              <Test name="testGetAcceptedChars" result="pass" starttime="Fri Sep 21 15:18:26 CST 2012" endtime="Fri Sep 21 15:18:26 CST 2012" />
              <Test name="testGetInputType" result="pass" starttime="Fri Sep 21 15:18:26 CST 2012" endtime="Fri Sep 21 15:18:26 CST 2012" />
              <Test name="testGetInstance" result="pass" starttime="Fri Sep 21 15:18:26 CST 2012" endtime="Fri Sep 21 15:18:26 CST 2012" />
              <Test name="testLookup" result="pass" starttime="Fri Sep 21 15:18:26 CST 2012" endtime="Fri Sep 21 15:18:26 CST 2012" />
            </TestCase>
            <TestCase name="DigitsKeyListenerTest" priority="">
              <Test name="testConstructor" result="pass" starttime="Fri Sep 21 15:18:26 CST 2012" endtime="Fri Sep 21 15:18:26 CST 2012" />
              <Test name="testDigitsKeyListener1" result="pass" starttime="Fri Sep 21 15:18:26 CST 2012" endtime="Fri Sep 21 15:18:27 CST 2012" />
              <Test name="testDigitsKeyListener2" result="pass" starttime="Fri Sep 21 15:18:27 CST 2012" endtime="Fri Sep 21 15:18:27 CST 2012" />
              <Test name="testDigitsKeyListener3" result="pass" starttime="Fri Sep 21 15:18:27 CST 2012" endtime="Fri Sep 21 15:18:28 CST 2012" />
              <Test name="testDigitsKeyListener4" result="pass" starttime="Fri Sep 21 15:18:28 CST 2012" endtime="Fri Sep 21 15:18:28 CST 2012" />
              <Test name="testDigitsKeyListener5" result="pass" starttime="Fri Sep 21 15:18:28 CST 2012" endtime="Fri Sep 21 15:18:28 CST 2012" />
              <Test name="testFilter1" result="pass" starttime="Fri Sep 21 15:18:28 CST 2012" endtime="Fri Sep 21 15:18:29 CST 2012" />
              <Test name="testFilter2" result="pass" starttime="Fri Sep 21 15:18:29 CST 2012" endtime="Fri Sep 21 15:18:29 CST 2012" />
              <Test name="testFilter3" result="pass" starttime="Fri Sep 21 15:18:29 CST 2012" endtime="Fri Sep 21 15:18:29 CST 2012" />
              <Test name="testFilter4" result="pass" starttime="Fri Sep 21 15:18:29 CST 2012" endtime="Fri Sep 21 15:18:30 CST 2012" />
              <Test name="testGetAcceptedChars" result="pass" starttime="Fri Sep 21 15:18:30 CST 2012" endtime="Fri Sep 21 15:18:30 CST 2012" />
              <Test name="testGetInputType" result="pass" starttime="Fri Sep 21 15:18:30 CST 2012" endtime="Fri Sep 21 15:18:30 CST 2012" />
              <Test name="testGetInstance1" result="pass" starttime="Fri Sep 21 15:18:30 CST 2012" endtime="Fri Sep 21 15:18:31 CST 2012" />
              <Test name="testGetInstance2" result="pass" starttime="Fri Sep 21 15:18:31 CST 2012" endtime="Fri Sep 21 15:18:31 CST 2012" />
              <Test name="testGetInstance3" result="pass" starttime="Fri Sep 21 15:18:31 CST 2012" endtime="Fri Sep 21 15:18:31 CST 2012" />
            </TestCase>
            <TestCase name="HideReturnsTransformationMethodTest" priority="">
              <Test name="testConstructor" result="pass" starttime="Fri Sep 21 15:18:31 CST 2012" endtime="Fri Sep 21 15:18:31 CST 2012" />
              <Test name="testGetInstance" result="pass" starttime="Fri Sep 21 15:18:31 CST 2012" endtime="Fri Sep 21 15:18:32 CST 2012" />
              <Test name="testGetOriginal" result="pass" starttime="Fri Sep 21 15:18:32 CST 2012" endtime="Fri Sep 21 15:18:32 CST 2012" />
              <Test name="testGetReplacement" result="pass" starttime="Fri Sep 21 15:18:32 CST 2012" endtime="Fri Sep 21 15:18:32 CST 2012" />
            </TestCase>
            <TestCase name="LinkMovementMethodTest" priority="">
              <Test name="testConstructor" result="pass" starttime="Fri Sep 21 15:18:32 CST 2012" endtime="Fri Sep 21 15:18:32 CST 2012" />
              <Test name="testDown" result="pass" starttime="Fri Sep 21 15:18:32 CST 2012" endtime="Fri Sep 21 15:18:32 CST 2012" />
              <Test name="testGetInstance" result="pass" starttime="Fri Sep 21 15:18:32 CST 2012" endtime="Fri Sep 21 15:18:33 CST 2012" />
              <Test name="testInitialize" result="pass" starttime="Fri Sep 21 15:18:33 CST 2012" endtime="Fri Sep 21 15:18:33 CST 2012" />
              <Test name="testLeft" result="pass" starttime="Fri Sep 21 15:18:33 CST 2012" endtime="Fri Sep 21 15:18:33 CST 2012" />
              <Test name="testMoveAroundUnclickable" result="pass" starttime="Fri Sep 21 15:18:33 CST 2012" endtime="Fri Sep 21 15:18:34 CST 2012" />
              <Test name="testOnKeyDown" result="pass" starttime="Fri Sep 21 15:18:34 CST 2012" endtime="Fri Sep 21 15:18:34 CST 2012" />
              <Test name="testOnKeyUp" result="pass" starttime="Fri Sep 21 15:18:34 CST 2012" endtime="Fri Sep 21 15:18:34 CST 2012" />
              <Test name="testOnTakeFocus" result="pass" starttime="Fri Sep 21 15:18:34 CST 2012" endtime="Fri Sep 21 15:18:35 CST 2012" />
              <Test name="testOnTouchEvent" result="pass" starttime="Fri Sep 21 15:18:35 CST 2012" endtime="Fri Sep 21 15:18:35 CST 2012" />
              <Test name="testRight" result="pass" starttime="Fri Sep 21 15:18:35 CST 2012" endtime="Fri Sep 21 15:18:35 CST 2012" />
              <Test name="testUp" result="pass" starttime="Fri Sep 21 15:18:35 CST 2012" endtime="Fri Sep 21 15:18:36 CST 2012" />
            </TestCase>
            <TestCase name="MetaKeyKeyListenerTest" priority="">
              <Test name="testAdjustMetaAfterKeypress" result="pass" starttime="Fri Sep 21 15:18:36 CST 2012" endtime="Fri Sep 21 15:18:36 CST 2012" />
              <Test name="testAdjustMetaAfterKeypress2" result="pass" starttime="Fri Sep 21 15:18:36 CST 2012" endtime="Fri Sep 21 15:18:36 CST 2012" />
              <Test name="testAndroidTestCaseSetupProperly" result="pass" starttime="Fri Sep 21 15:18:36 CST 2012" endtime="Fri Sep 21 15:18:36 CST 2012" />
              <Test name="testClearMetaKeyState" result="pass" starttime="Fri Sep 21 15:18:36 CST 2012" endtime="Fri Sep 21 15:18:36 CST 2012" />
              <Test name="testClearMetaKeyState2" result="pass" starttime="Fri Sep 21 15:18:36 CST 2012" endtime="Fri Sep 21 15:18:36 CST 2012" />
              <Test name="testClearMetaKeyState3" result="pass" starttime="Fri Sep 21 15:18:36 CST 2012" endtime="Fri Sep 21 15:18:36 CST 2012" />
              <Test name="testGetMetaState" result="pass" starttime="Fri Sep 21 15:18:36 CST 2012" endtime="Fri Sep 21 15:18:36 CST 2012" />
              <Test name="testGetMetaState2" result="pass" starttime="Fri Sep 21 15:18:36 CST 2012" endtime="Fri Sep 21 15:18:36 CST 2012" />
              <Test name="testHandleKeyDown" result="pass" starttime="Fri Sep 21 15:18:36 CST 2012" endtime="Fri Sep 21 15:18:36 CST 2012" />
              <Test name="testHandleKeyUp" result="pass" starttime="Fri Sep 21 15:18:36 CST 2012" endtime="Fri Sep 21 15:18:37 CST 2012" />
              <Test name="testIsMetaTracker" result="pass" starttime="Fri Sep 21 15:18:37 CST 2012" endtime="Fri Sep 21 15:18:37 CST 2012" />
              <Test name="testIsSelectingMetaTracker" result="pass" starttime="Fri Sep 21 15:18:37 CST 2012" endtime="Fri Sep 21 15:18:37 CST 2012" />
              <Test name="testPressKey" result="pass" starttime="Fri Sep 21 15:18:37 CST 2012" endtime="Fri Sep 21 15:18:37 CST 2012" />
              <Test name="testReleaseKey" result="pass" starttime="Fri Sep 21 15:18:37 CST 2012" endtime="Fri Sep 21 15:18:37 CST 2012" />
              <Test name="testResetLockedMeta" result="pass" starttime="Fri Sep 21 15:18:37 CST 2012" endtime="Fri Sep 21 15:18:37 CST 2012" />
              <Test name="testResetLockedMeta2" result="pass" starttime="Fri Sep 21 15:18:37 CST 2012" endtime="Fri Sep 21 15:18:37 CST 2012" />
              <Test name="testResetMetaState" result="pass" starttime="Fri Sep 21 15:18:37 CST 2012" endtime="Fri Sep 21 15:18:37 CST 2012" />
            </TestCase>
            <TestCase name="MultiTapKeyListenerTest" priority="">
              <Test name="testConstructor" result="pass" starttime="Fri Sep 21 15:18:37 CST 2012" endtime="Fri Sep 21 15:18:37 CST 2012" />
              <Test name="testGetInputType" result="pass" starttime="Fri Sep 21 15:18:37 CST 2012" endtime="Fri Sep 21 15:18:38 CST 2012" />
              <Test name="testGetInstance" result="pass" starttime="Fri Sep 21 15:18:38 CST 2012" endtime="Fri Sep 21 15:18:38 CST 2012" />
              <Test name="testOnKeyDown_capitalizeCharacters" result="pass" starttime="Fri Sep 21 15:18:38 CST 2012" endtime="Fri Sep 21 15:18:54 CST 2012" />
              <Test name="testOnKeyDown_capitalizeNone" result="pass" starttime="Fri Sep 21 15:18:54 CST 2012" endtime="Fri Sep 21 15:19:09 CST 2012" />
              <Test name="testOnKeyDown_capitalizeSentences" result="pass" starttime="Fri Sep 21 15:19:09 CST 2012" endtime="Fri Sep 21 15:19:27 CST 2012" />
              <Test name="testOnKeyDown_capitalizeWords" result="pass" starttime="Fri Sep 21 15:19:27 CST 2012" endtime="Fri Sep 21 15:19:43 CST 2012" />
              <Test name="testOnSpanAdded" result="pass" starttime="Fri Sep 21 15:19:43 CST 2012" endtime="Fri Sep 21 15:19:43 CST 2012" />
              <Test name="testOnSpanChanged" result="pass" starttime="Fri Sep 21 15:19:43 CST 2012" endtime="Fri Sep 21 15:19:43 CST 2012" />
              <Test name="testOnSpanRemoved" result="pass" starttime="Fri Sep 21 15:19:44 CST 2012" endtime="Fri Sep 21 15:19:44 CST 2012" />
            </TestCase>
            <TestCase name="NumberKeyListenerTest" priority="">
              <Test name="testFilter" result="pass" starttime="Fri Sep 21 15:19:44 CST 2012" endtime="Fri Sep 21 15:19:44 CST 2012" />
              <Test name="testLookup" result="pass" starttime="Fri Sep 21 15:19:44 CST 2012" endtime="Fri Sep 21 15:19:44 CST 2012" />
              <Test name="testOk" result="pass" starttime="Fri Sep 21 15:19:44 CST 2012" endtime="Fri Sep 21 15:19:45 CST 2012" />
              <Test name="testPressKey" result="pass" starttime="Fri Sep 21 15:19:45 CST 2012" endtime="Fri Sep 21 15:19:45 CST 2012" />
            </TestCase>
            <TestCase name="PasswordTransformationMethodTest" priority="">
              <Test name="testConstructor" result="pass" starttime="Fri Sep 21 15:19:45 CST 2012" endtime="Fri Sep 21 15:19:45 CST 2012" />
              <Test name="testGetInstance" result="pass" starttime="Fri Sep 21 15:19:45 CST 2012" endtime="Fri Sep 21 15:19:46 CST 2012" />
              <Test name="testGetTransformation" result="pass" starttime="Fri Sep 21 15:19:46 CST 2012" endtime="Fri Sep 21 15:19:46 CST 2012" />
              <Test name="testOnFocusChanged" result="pass" starttime="Fri Sep 21 15:19:46 CST 2012" endtime="Fri Sep 21 15:19:47 CST 2012" />
              <Test name="testTextChangedCallBacks" result="pass" starttime="Fri Sep 21 15:19:47 CST 2012" endtime="Fri Sep 21 15:19:48 CST 2012" />
            </TestCase>
            <TestCase name="QwertyKeyListenerTest" priority="">
              <Test name="testConstructor" result="pass" starttime="Fri Sep 21 15:19:48 CST 2012" endtime="Fri Sep 21 15:19:49 CST 2012" />
              <Test name="testGetInputType" result="pass" starttime="Fri Sep 21 15:19:49 CST 2012" endtime="Fri Sep 21 15:19:49 CST 2012" />
              <Test name="testGetInstance" result="pass" starttime="Fri Sep 21 15:19:49 CST 2012" endtime="Fri Sep 21 15:19:49 CST 2012" />
              <Test name="testMarkAsReplaced" result="pass" starttime="Fri Sep 21 15:19:49 CST 2012" endtime="Fri Sep 21 15:19:50 CST 2012" />
              <Test name="testOnKeyDown_capitalizeCharacters" result="pass" starttime="Fri Sep 21 15:19:50 CST 2012" endtime="Fri Sep 21 15:19:50 CST 2012" />
              <Test name="testOnKeyDown_capitalizeNone" result="pass" starttime="Fri Sep 21 15:19:50 CST 2012" endtime="Fri Sep 21 15:19:50 CST 2012" />
              <Test name="testOnKeyDown_capitalizeSentences" result="pass" starttime="Fri Sep 21 15:19:50 CST 2012" endtime="Fri Sep 21 15:19:51 CST 2012" />
              <Test name="testOnKeyDown_capitalizeWords" result="pass" starttime="Fri Sep 21 15:19:51 CST 2012" endtime="Fri Sep 21 15:19:51 CST 2012" />
            </TestCase>
            <TestCase name="ReplacementTransformationMethodTest" priority="">
              <Test name="testGetTransformation" result="pass" starttime="Fri Sep 21 15:19:51 CST 2012" endtime="Fri Sep 21 15:19:52 CST 2012" />
              <Test name="testGetTransformationWithAbmornalOriginal" result="pass" starttime="Fri Sep 21 15:19:52 CST 2012" endtime="Fri Sep 21 15:19:52 CST 2012" />
              <Test name="testGetTransformationWithAbmornalReplacement" result="pass" starttime="Fri Sep 21 15:19:52 CST 2012" endtime="Fri Sep 21 15:19:52 CST 2012" />
              <Test name="testGetTransformationWithAbnormalCharSequence" result="pass" starttime="Fri Sep 21 15:19:52 CST 2012" endtime="Fri Sep 21 15:19:52 CST 2012" />
              <Test name="testOnFocusChanged" result="pass" starttime="Fri Sep 21 15:19:52 CST 2012" endtime="Fri Sep 21 15:19:53 CST 2012" />
            </TestCase>
            <TestCase name="ScrollingMovementMethodTest" priority="">
              <Test name="testCanSelectArbitrarily" result="pass" starttime="Fri Sep 21 15:19:53 CST 2012" endtime="Fri Sep 21 15:19:53 CST 2012" />
              <Test name="testConstructor" result="pass" starttime="Fri Sep 21 15:19:53 CST 2012" endtime="Fri Sep 21 15:19:53 CST 2012" />
              <Test name="testGetInstance" result="pass" starttime="Fri Sep 21 15:19:53 CST 2012" endtime="Fri Sep 21 15:19:54 CST 2012" />
              <Test name="testHorizontalMovement" result="pass" starttime="Fri Sep 21 15:19:54 CST 2012" endtime="Fri Sep 21 15:19:54 CST 2012" />
              <Test name="testInitialize" result="pass" starttime="Fri Sep 21 15:19:54 CST 2012" endtime="Fri Sep 21 15:19:54 CST 2012" />
              <Test name="testMovementWithNullLayout" result="pass" starttime="Fri Sep 21 15:19:54 CST 2012" endtime="Fri Sep 21 15:19:55 CST 2012" />
              <Test name="testOnKeyDownExceptions" result="pass" starttime="Fri Sep 21 15:19:55 CST 2012" endtime="Fri Sep 21 15:19:55 CST 2012" />
              <Test name="testOnKeyDownHorizontalMovement" result="pass" starttime="Fri Sep 21 15:19:55 CST 2012" endtime="Fri Sep 21 15:19:55 CST 2012" />
              <Test name="testOnKeyDownVerticalMovement" result="pass" starttime="Fri Sep 21 15:19:55 CST 2012" endtime="Fri Sep 21 15:19:56 CST 2012" />
              <Test name="testOnKeyOther" result="pass" starttime="Fri Sep 21 15:19:56 CST 2012" endtime="Fri Sep 21 15:19:56 CST 2012" />
              <Test name="testOnKeyUp" result="pass" starttime="Fri Sep 21 15:19:56 CST 2012" endtime="Fri Sep 21 15:19:56 CST 2012" />
              <Test name="testOnTakeFocus" result="pass" starttime="Fri Sep 21 15:19:56 CST 2012" endtime="Fri Sep 21 15:19:57 CST 2012" />
              <Test name="testOnTouchEventExceptional" result="pass" starttime="Fri Sep 21 15:19:57 CST 2012" endtime="Fri Sep 21 15:19:57 CST 2012" />
              <Test name="testOnTouchEventHorizontalMotion" result="pass" starttime="Fri Sep 21 15:19:57 CST 2012" endtime="Fri Sep 21 15:19:57 CST 2012" />
              <Test name="testOnTouchEventVerticalMotion" result="pass" starttime="Fri Sep 21 15:19:57 CST 2012" endtime="Fri Sep 21 15:19:58 CST 2012" />
              <Test name="testOnTrackballEvent" result="pass" starttime="Fri Sep 21 15:19:58 CST 2012" endtime="Fri Sep 21 15:19:58 CST 2012" />
              <Test name="testVerticalMovement" result="pass" starttime="Fri Sep 21 15:19:58 CST 2012" endtime="Fri Sep 21 15:19:58 CST 2012" />
            </TestCase>
            <TestCase name="SingleLineTransformationMethodTest" priority="">
              <Test name="testConstructor" result="pass" starttime="Fri Sep 21 15:19:58 CST 2012" endtime="Fri Sep 21 15:19:58 CST 2012" />
              <Test name="testGetInstance" result="pass" starttime="Fri Sep 21 15:19:58 CST 2012" endtime="Fri Sep 21 15:19:58 CST 2012" />
              <Test name="testGetReplacement" result="pass" starttime="Fri Sep 21 15:19:58 CST 2012" endtime="Fri Sep 21 15:19:58 CST 2012" />
              <Test name="testGetTransformation" result="pass" starttime="Fri Sep 21 15:19:58 CST 2012" endtime="Fri Sep 21 15:19:59 CST 2012" />
            </TestCase>
            <TestCase name="TextKeyListenerTest" priority="">
              <Test name="testClear" result="pass" starttime="Fri Sep 21 15:19:59 CST 2012" endtime="Fri Sep 21 15:19:59 CST 2012" />
              <Test name="testConstructor" result="pass" starttime="Fri Sep 21 15:19:59 CST 2012" endtime="Fri Sep 21 15:19:59 CST 2012" />
              <Test name="testGetInputType" result="pass" starttime="Fri Sep 21 15:19:59 CST 2012" endtime="Fri Sep 21 15:20:00 CST 2012" />
              <Test name="testGetInstance1" result="pass" starttime="Fri Sep 21 15:20:00 CST 2012" endtime="Fri Sep 21 15:20:00 CST 2012" />
              <Test name="testGetInstance2" result="pass" starttime="Fri Sep 21 15:20:00 CST 2012" endtime="Fri Sep 21 15:20:00 CST 2012" />
              <Test name="testOnKeyOther" result="pass" starttime="Fri Sep 21 15:20:00 CST 2012" endtime="Fri Sep 21 15:20:01 CST 2012" />
              <Test name="testOnSpanAdded" result="pass" starttime="Fri Sep 21 15:20:01 CST 2012" endtime="Fri Sep 21 15:20:01 CST 2012" />
              <Test name="testOnSpanChanged" result="pass" starttime="Fri Sep 21 15:20:01 CST 2012" endtime="Fri Sep 21 15:20:01 CST 2012" />
              <Test name="testOnSpanRemoved" result="pass" starttime="Fri Sep 21 15:20:01 CST 2012" endtime="Fri Sep 21 15:20:02 CST 2012" />
              <Test name="testPressKey" result="pass" starttime="Fri Sep 21 15:20:02 CST 2012" endtime="Fri Sep 21 15:20:05 CST 2012" />
              <Test name="testShouldCap" result="pass" starttime="Fri Sep 21 15:20:05 CST 2012" endtime="Fri Sep 21 15:20:05 CST 2012" />
            </TestCase>
            <TestCase name="TimeKeyListenerTest" priority="">
              <Test name="testConstructor" result="pass" starttime="Fri Sep 21 15:20:05 CST 2012" endtime="Fri Sep 21 15:20:06 CST 2012" />
              <Test name="testGetAcceptedChars" result="pass" starttime="Fri Sep 21 15:20:06 CST 2012" endtime="Fri Sep 21 15:20:06 CST 2012" />
              <Test name="testGetInputType" result="pass" starttime="Fri Sep 21 15:20:06 CST 2012" endtime="Fri Sep 21 15:20:06 CST 2012" />
              <Test name="testGetInstance" result="pass" starttime="Fri Sep 21 15:20:06 CST 2012" endtime="Fri Sep 21 15:20:06 CST 2012" />
              <Test name="testTimeKeyListener" result="pass" starttime="Fri Sep 21 15:20:06 CST 2012" endtime="Fri Sep 21 15:20:07 CST 2012" />
            </TestCase>
            <TestCase name="TouchTest" priority="">
              <Test name="testOnTouchEvent" result="pass" starttime="Fri Sep 21 15:20:07 CST 2012" endtime="Fri Sep 21 15:20:07 CST 2012" />
              <Test name="testScrollTo" result="pass" starttime="Fri Sep 21 15:20:07 CST 2012" endtime="Fri Sep 21 15:20:08 CST 2012" />
            </TestCase>
            <TestCase name="WordIteratorTest" priority="">
              <Test name="testBeginningEnd" result="pass" starttime="Fri Sep 21 15:20:08 CST 2012" endtime="Fri Sep 21 15:20:08 CST 2012" />
              <Test name="testEmptyString" result="pass" starttime="Fri Sep 21 15:20:08 CST 2012" endtime="Fri Sep 21 15:20:08 CST 2012" />
              <Test name="testOneWord" result="pass" starttime="Fri Sep 21 15:20:08 CST 2012" endtime="Fri Sep 21 15:20:08 CST 2012" />
              <Test name="testSpacesOnly" result="pass" starttime="Fri Sep 21 15:20:08 CST 2012" endtime="Fri Sep 21 15:20:08 CST 2012" />
              <Test name="testSurrogate" result="pass" starttime="Fri Sep 21 15:20:08 CST 2012" endtime="Fri Sep 21 15:20:08 CST 2012" />
            </TestCase>
          </TestSuite>
        </TestSuite>
        <TestSuite name="style">
          <TestSuite name="cts">
            <TestCase name="AbsoluteSizeSpanTest" priority="">
              <Test name="testConstructor" result="pass" starttime="Fri Sep 21 15:20:08 CST 2012" endtime="Fri Sep 21 15:20:08 CST 2012" />
              <Test name="testDescribeContents" result="pass" starttime="Fri Sep 21 15:20:08 CST 2012" endtime="Fri Sep 21 15:20:08 CST 2012" />
              <Test name="testGetSize" result="pass" starttime="Fri Sep 21 15:20:08 CST 2012" endtime="Fri Sep 21 15:20:08 CST 2012" />
              <Test name="testGetSpanTypeId" result="pass" starttime="Fri Sep 21 15:20:08 CST 2012" endtime="Fri Sep 21 15:20:08 CST 2012" />
              <Test name="testUpdateDrawState" result="pass" starttime="Fri Sep 21 15:20:08 CST 2012" endtime="Fri Sep 21 15:20:09 CST 2012" />
              <Test name="testUpdateMeasureState" result="pass" starttime="Fri Sep 21 15:20:09 CST 2012" endtime="Fri Sep 21 15:20:09 CST 2012" />
              <Test name="testWriteToParcel" result="pass" starttime="Fri Sep 21 15:20:09 CST 2012" endtime="Fri Sep 21 15:20:09 CST 2012" />
            </TestCase>
            <TestCase name="AlignmentSpan_StandardTest" priority="">
              <Test name="testConstructor" result="pass" starttime="Fri Sep 21 15:20:09 CST 2012" endtime="Fri Sep 21 15:20:09 CST 2012" />
              <Test name="testDescribeContents" result="pass" starttime="Fri Sep 21 15:20:09 CST 2012" endtime="Fri Sep 21 15:20:09 CST 2012" />
              <Test name="testGetAlignment" result="pass" starttime="Fri Sep 21 15:20:09 CST 2012" endtime="Fri Sep 21 15:20:09 CST 2012" />
              <Test name="testGetSpanTypeId" result="pass" starttime="Fri Sep 21 15:20:09 CST 2012" endtime="Fri Sep 21 15:20:09 CST 2012" />
              <Test name="testWriteToParcel" result="pass" starttime="Fri Sep 21 15:20:09 CST 2012" endtime="Fri Sep 21 15:20:09 CST 2012" />
            </TestCase>
            <TestCase name="BackgroundColorSpanTest" priority="">
              <Test name="testConstructor" result="pass" starttime="Fri Sep 21 15:20:09 CST 2012" endtime="Fri Sep 21 15:20:09 CST 2012" />
              <Test name="testDescribeContents" result="pass" starttime="Fri Sep 21 15:20:09 CST 2012" endtime="Fri Sep 21 15:20:09 CST 2012" />
              <Test name="testGetBackgroundColor" result="pass" starttime="Fri Sep 21 15:20:09 CST 2012" endtime="Fri Sep 21 15:20:10 CST 2012" />
              <Test name="testGetSpanTypeId" result="pass" starttime="Fri Sep 21 15:20:10 CST 2012" endtime="Fri Sep 21 15:20:10 CST 2012" />
              <Test name="testUpdateDrawState" result="pass" starttime="Fri Sep 21 15:20:10 CST 2012" endtime="Fri Sep 21 15:20:10 CST 2012" />
              <Test name="testWriteToParcel" result="pass" starttime="Fri Sep 21 15:20:10 CST 2012" endtime="Fri Sep 21 15:20:10 CST 2012" />
            </TestCase>
            <TestCase name="BulletSpanTest" priority="">
              <Test name="testConstructor" result="pass" starttime="Fri Sep 21 15:20:10 CST 2012" endtime="Fri Sep 21 15:20:10 CST 2012" />
              <Test name="testDescribeContents" result="pass" starttime="Fri Sep 21 15:20:10 CST 2012" endtime="Fri Sep 21 15:20:10 CST 2012" />
              <Test name="testDrawLeadingMargin" result="pass" starttime="Fri Sep 21 15:20:10 CST 2012" endtime="Fri Sep 21 15:20:10 CST 2012" />
              <Test name="testDrawLeadingMarginFailure" result="pass" starttime="Fri Sep 21 15:20:10 CST 2012" endtime="Fri Sep 21 15:20:10 CST 2012" />
              <Test name="testGetLeadingMargin" result="pass" starttime="Fri Sep 21 15:20:10 CST 2012" endtime="Fri Sep 21 15:20:10 CST 2012" />
              <Test name="testGetSpanTypeId" result="pass" starttime="Fri Sep 21 15:20:10 CST 2012" endtime="Fri Sep 21 15:20:10 CST 2012" />
              <Test name="testWriteToParcel" result="pass" starttime="Fri Sep 21 15:20:10 CST 2012" endtime="Fri Sep 21 15:20:11 CST 2012" />
            </TestCase>
            <TestCase name="CharacterStyleTest" priority="">
              <Test name="testGetUnderlying" result="pass" starttime="Fri Sep 21 15:20:11 CST 2012" endtime="Fri Sep 21 15:20:11 CST 2012" />
              <Test name="testWrap" result="pass" starttime="Fri Sep 21 15:20:11 CST 2012" endtime="Fri Sep 21 15:20:11 CST 2012" />
            </TestCase>
            <TestCase name="ClickableSpanTest" priority="">
              <Test name="testUpdateDrawState" result="pass" starttime="Fri Sep 21 15:20:11 CST 2012" endtime="Fri Sep 21 15:20:11 CST 2012" />
            </TestCase>
            <TestCase name="DrawableMarginSpanTest" priority="">
              <Test name="testAndroidTestCaseSetupProperly" result="pass" starttime="Fri Sep 21 15:20:11 CST 2012" endtime="Fri Sep 21 15:20:11 CST 2012" />
              <Test name="testChooseHeight" result="pass" starttime="Fri Sep 21 15:20:11 CST 2012" endtime="Fri Sep 21 15:20:11 CST 2012" />
              <Test name="testConstructor" result="pass" starttime="Fri Sep 21 15:20:11 CST 2012" endtime="Fri Sep 21 15:20:11 CST 2012" />
              <Test name="testDrawLeadingMargin" result="pass" starttime="Fri Sep 21 15:20:11 CST 2012" endtime="Fri Sep 21 15:20:11 CST 2012" />
              <Test name="testGetLeadingMargin" result="pass" starttime="Fri Sep 21 15:20:11 CST 2012" endtime="Fri Sep 21 15:20:11 CST 2012" />
            </TestCase>
            <TestCase name="DynamicDrawableSpanTest" priority="">
              <Test name="testAndroidTestCaseSetupProperly" result="pass" starttime="Fri Sep 21 15:20:11 CST 2012" endtime="Fri Sep 21 15:20:12 CST 2012" />
              <Test name="testConstructor" result="pass" starttime="Fri Sep 21 15:20:12 CST 2012" endtime="Fri Sep 21 15:20:12 CST 2012" />
              <Test name="testDraw" result="pass" starttime="Fri Sep 21 15:20:12 CST 2012" endtime="Fri Sep 21 15:20:12 CST 2012" />
              <Test name="testGetSize" result="pass" starttime="Fri Sep 21 15:20:12 CST 2012" endtime="Fri Sep 21 15:20:12 CST 2012" />
            </TestCase>
            <TestCase name="ForegroundColorSpanTest" priority="">
              <Test name="testConstructor" result="pass" starttime="Fri Sep 21 15:20:12 CST 2012" endtime="Fri Sep 21 15:20:12 CST 2012" />
              <Test name="testDescribeContents" result="pass" starttime="Fri Sep 21 15:20:12 CST 2012" endtime="Fri Sep 21 15:20:12 CST 2012" />
              <Test name="testGetForegroundColor" result="pass" starttime="Fri Sep 21 15:20:12 CST 2012" endtime="Fri Sep 21 15:20:12 CST 2012" />
              <Test name="testGetSpanTypeId" result="pass" starttime="Fri Sep 21 15:20:12 CST 2012" endtime="Fri Sep 21 15:20:12 CST 2012" />
              <Test name="testUpdateDrawState" result="pass" starttime="Fri Sep 21 15:20:12 CST 2012" endtime="Fri Sep 21 15:20:12 CST 2012" />
              <Test name="testWriteToParcel" result="pass" starttime="Fri Sep 21 15:20:12 CST 2012" endtime="Fri Sep 21 15:20:12 CST 2012" />
            </TestCase>
            <TestCase name="IconMarginSpanTest" priority="">
              <Test name="testAndroidTestCaseSetupProperly" result="pass" starttime="Fri Sep 21 15:20:12 CST 2012" endtime="Fri Sep 21 15:20:13 CST 2012" />
              <Test name="testChooseHeight" result="pass" starttime="Fri Sep 21 15:20:13 CST 2012" endtime="Fri Sep 21 15:20:13 CST 2012" />
              <Test name="testConstructor" result="pass" starttime="Fri Sep 21 15:20:13 CST 2012" endtime="Fri Sep 21 15:20:13 CST 2012" />
              <Test name="testDrawLeadingMargin" result="pass" starttime="Fri Sep 21 15:20:13 CST 2012" endtime="Fri Sep 21 15:20:13 CST 2012" />
              <Test name="testGetLeadingMargin" result="pass" starttime="Fri Sep 21 15:20:13 CST 2012" endtime="Fri Sep 21 15:20:13 CST 2012" />
            </TestCase>
            <TestCase name="ImageSpanTest" priority="">
              <Test name="testAndroidTestCaseSetupProperly" result="pass" starttime="Fri Sep 21 15:20:13 CST 2012" endtime="Fri Sep 21 15:20:13 CST 2012" />
              <Test name="testConstructor" result="pass" starttime="Fri Sep 21 15:20:13 CST 2012" endtime="Fri Sep 21 15:20:13 CST 2012" />
              <Test name="testGetDrawable" result="pass" starttime="Fri Sep 21 15:20:13 CST 2012" endtime="Fri Sep 21 15:20:13 CST 2012" />
              <Test name="testGetSource" result="pass" starttime="Fri Sep 21 15:20:13 CST 2012" endtime="Fri Sep 21 15:20:13 CST 2012" />
            </TestCase>
            <TestCase name="LeadingMarginSpan_StandardTest" priority="">
              <Test name="testConstructor" result="pass" starttime="Fri Sep 21 15:20:13 CST 2012" endtime="Fri Sep 21 15:20:13 CST 2012" />
              <Test name="testDescribeContents" result="pass" starttime="Fri Sep 21 15:20:13 CST 2012" endtime="Fri Sep 21 15:20:14 CST 2012" />
              <Test name="testDrawLeadingMargin" result="pass" starttime="Fri Sep 21 15:20:14 CST 2012" endtime="Fri Sep 21 15:20:14 CST 2012" />
              <Test name="testGetLeadingMargin" result="pass" starttime="Fri Sep 21 15:20:14 CST 2012" endtime="Fri Sep 21 15:20:14 CST 2012" />
              <Test name="testGetSpanTypeId" result="pass" starttime="Fri Sep 21 15:20:14 CST 2012" endtime="Fri Sep 21 15:20:14 CST 2012" />
              <Test name="testWriteToParcel" result="pass" starttime="Fri Sep 21 15:20:14 CST 2012" endtime="Fri Sep 21 15:20:14 CST 2012" />
            </TestCase>
            <TestCase name="MaskFilterSpanTest" priority="">
              <Test name="testConstructor" result="pass" starttime="Fri Sep 21 15:20:14 CST 2012" endtime="Fri Sep 21 15:20:14 CST 2012" />
              <Test name="testGetMaskFilter" result="pass" starttime="Fri Sep 21 15:20:14 CST 2012" endtime="Fri Sep 21 15:20:14 CST 2012" />
              <Test name="testUpdateDrawState" result="pass" starttime="Fri Sep 21 15:20:14 CST 2012" endtime="Fri Sep 21 15:20:14 CST 2012" />
            </TestCase>
            <TestCase name="MetricAffectingSpanTest" priority="">
              <Test name="testGetUnderlying" result="pass" starttime="Fri Sep 21 15:20:14 CST 2012" endtime="Fri Sep 21 15:20:14 CST 2012" />
            </TestCase>
            <TestCase name="QuoteSpanTest" priority="">
              <Test name="testConstructor" result="pass" starttime="Fri Sep 21 15:20:14 CST 2012" endtime="Fri Sep 21 15:20:14 CST 2012" />
              <Test name="testDescribeContents" result="pass" starttime="Fri Sep 21 15:20:14 CST 2012" endtime="Fri Sep 21 15:20:15 CST 2012" />
              <Test name="testDrawLeadingMargin" result="pass" starttime="Fri Sep 21 15:20:15 CST 2012" endtime="Fri Sep 21 15:20:15 CST 2012" />
              <Test name="testGetColor" result="pass" starttime="Fri Sep 21 15:20:15 CST 2012" endtime="Fri Sep 21 15:20:15 CST 2012" />
              <Test name="testGetLeadingMargin" result="pass" starttime="Fri Sep 21 15:20:15 CST 2012" endtime="Fri Sep 21 15:20:15 CST 2012" />
              <Test name="testGetSpanTypeId" result="pass" starttime="Fri Sep 21 15:20:15 CST 2012" endtime="Fri Sep 21 15:20:15 CST 2012" />
              <Test name="testWriteToParcel" result="pass" starttime="Fri Sep 21 15:20:15 CST 2012" endtime="Fri Sep 21 15:20:15 CST 2012" />
            </TestCase>
            <TestCase name="RasterizerSpanTest" priority="">
              <Test name="testConstructor" result="pass" starttime="Fri Sep 21 15:20:15 CST 2012" endtime="Fri Sep 21 15:20:15 CST 2012" />
              <Test name="testGetRasterizer" result="pass" starttime="Fri Sep 21 15:20:15 CST 2012" endtime="Fri Sep 21 15:20:15 CST 2012" />
              <Test name="testUpdateDrawState" result="pass" starttime="Fri Sep 21 15:20:15 CST 2012" endtime="Fri Sep 21 15:20:15 CST 2012" />
            </TestCase>
            <TestCase name="RelativeSizeSpanTest" priority="">
              <Test name="testConstructor" result="pass" starttime="Fri Sep 21 15:20:15 CST 2012" endtime="Fri Sep 21 15:20:16 CST 2012" />
              <Test name="testDescribeContents" result="pass" starttime="Fri Sep 21 15:20:16 CST 2012" endtime="Fri Sep 21 15:20:16 CST 2012" />
              <Test name="testGetSizeChange" result="pass" starttime="Fri Sep 21 15:20:16 CST 2012" endtime="Fri Sep 21 15:20:16 CST 2012" />
              <Test name="testGetSpanTypeId" result="pass" starttime="Fri Sep 21 15:20:16 CST 2012" endtime="Fri Sep 21 15:20:16 CST 2012" />
              <Test name="testUpdateDrawState" result="pass" starttime="Fri Sep 21 15:20:16 CST 2012" endtime="Fri Sep 21 15:20:16 CST 2012" />
              <Test name="testUpdateMeasureState" result="pass" starttime="Fri Sep 21 15:20:16 CST 2012" endtime="Fri Sep 21 15:20:16 CST 2012" />
              <Test name="testWriteToParcel" result="pass" starttime="Fri Sep 21 15:20:16 CST 2012" endtime="Fri Sep 21 15:20:16 CST 2012" />
            </TestCase>
            <TestCase name="ReplacementSpanTest" priority="">
              <Test name="testUpdateDrawState" result="pass" starttime="Fri Sep 21 15:20:16 CST 2012" endtime="Fri Sep 21 15:20:16 CST 2012" />
              <Test name="testUpdateMeasureState" result="pass" starttime="Fri Sep 21 15:20:16 CST 2012" endtime="Fri Sep 21 15:20:17 CST 2012" />
            </TestCase>
            <TestCase name="ScaleXSpanTest" priority="">
              <Test name="testConstructor" result="pass" starttime="Fri Sep 21 15:20:17 CST 2012" endtime="Fri Sep 21 15:20:17 CST 2012" />
              <Test name="testDescribeContents" result="pass" starttime="Fri Sep 21 15:20:17 CST 2012" endtime="Fri Sep 21 15:20:17 CST 2012" />
              <Test name="testGetScaleX" result="pass" starttime="Fri Sep 21 15:20:17 CST 2012" endtime="Fri Sep 21 15:20:17 CST 2012" />
              <Test name="testGetSpanTypeId" result="pass" starttime="Fri Sep 21 15:20:17 CST 2012" endtime="Fri Sep 21 15:20:17 CST 2012" />
              <Test name="testUpdateDrawState" result="pass" starttime="Fri Sep 21 15:20:17 CST 2012" endtime="Fri Sep 21 15:20:17 CST 2012" />
              <Test name="testUpdateMeasureState" result="pass" starttime="Fri Sep 21 15:20:17 CST 2012" endtime="Fri Sep 21 15:20:17 CST 2012" />
              <Test name="testWriteToParcel" result="pass" starttime="Fri Sep 21 15:20:17 CST 2012" endtime="Fri Sep 21 15:20:17 CST 2012" />
            </TestCase>
            <TestCase name="StrikethroughSpanTest" priority="">
              <Test name="testConstructor" result="pass" starttime="Fri Sep 21 15:20:17 CST 2012" endtime="Fri Sep 21 15:20:17 CST 2012" />
              <Test name="testDescribeContents" result="pass" starttime="Fri Sep 21 15:20:18 CST 2012" endtime="Fri Sep 21 15:20:18 CST 2012" />
              <Test name="testGetSpanTypeId" result="pass" starttime="Fri Sep 21 15:20:18 CST 2012" endtime="Fri Sep 21 15:20:18 CST 2012" />
              <Test name="testUpdateDrawState" result="pass" starttime="Fri Sep 21 15:20:18 CST 2012" endtime="Fri Sep 21 15:20:18 CST 2012" />
              <Test name="testWriteToParcel" result="pass" starttime="Fri Sep 21 15:20:18 CST 2012" endtime="Fri Sep 21 15:20:18 CST 2012" />
            </TestCase>
            <TestCase name="StyleSpanTest" priority="">
              <Test name="testConstructor" result="pass" starttime="Fri Sep 21 15:20:18 CST 2012" endtime="Fri Sep 21 15:20:18 CST 2012" />
              <Test name="testDescribeContents" result="pass" starttime="Fri Sep 21 15:20:18 CST 2012" endtime="Fri Sep 21 15:20:18 CST 2012" />
              <Test name="testGetSpanTypeId" result="pass" starttime="Fri Sep 21 15:20:18 CST 2012" endtime="Fri Sep 21 15:20:18 CST 2012" />
              <Test name="testGetStyle" result="pass" starttime="Fri Sep 21 15:20:18 CST 2012" endtime="Fri Sep 21 15:20:18 CST 2012" />
              <Test name="testUpdateDrawState" result="pass" starttime="Fri Sep 21 15:20:18 CST 2012" endtime="Fri Sep 21 15:20:19 CST 2012" />
              <Test name="testUpdateMeasureState" result="pass" starttime="Fri Sep 21 15:20:19 CST 2012" endtime="Fri Sep 21 15:20:19 CST 2012" />
              <Test name="testWriteToParcel" result="pass" starttime="Fri Sep 21 15:20:19 CST 2012" endtime="Fri Sep 21 15:20:19 CST 2012" />
            </TestCase>
            <TestCase name="SubscriptSpanTest" priority="">
              <Test name="testConstructor" result="pass" starttime="Fri Sep 21 15:20:19 CST 2012" endtime="Fri Sep 21 15:20:19 CST 2012" />
              <Test name="testDescribeContents" result="pass" starttime="Fri Sep 21 15:20:19 CST 2012" endtime="Fri Sep 21 15:20:19 CST 2012" />
              <Test name="testGetSpanTypeId" result="pass" starttime="Fri Sep 21 15:20:19 CST 2012" endtime="Fri Sep 21 15:20:19 CST 2012" />
              <Test name="testUpdateDrawState" result="pass" starttime="Fri Sep 21 15:20:19 CST 2012" endtime="Fri Sep 21 15:20:19 CST 2012" />
              <Test name="testUpdateMeasureState" result="pass" starttime="Fri Sep 21 15:20:19 CST 2012" endtime="Fri Sep 21 15:20:19 CST 2012" />
              <Test name="testWriteToParcel" result="pass" starttime="Fri Sep 21 15:20:19 CST 2012" endtime="Fri Sep 21 15:20:20 CST 2012" />
            </TestCase>
            <TestCase name="SuperscriptSpanTest" priority="">
              <Test name="testConstructor" result="pass" starttime="Fri Sep 21 15:20:20 CST 2012" endtime="Fri Sep 21 15:20:20 CST 2012" />
              <Test name="testDescribeContents" result="pass" starttime="Fri Sep 21 15:20:20 CST 2012" endtime="Fri Sep 21 15:20:20 CST 2012" />
              <Test name="testGetSpanTypeId" result="pass" starttime="Fri Sep 21 15:20:20 CST 2012" endtime="Fri Sep 21 15:20:20 CST 2012" />
              <Test name="testUpdateDrawState" result="pass" starttime="Fri Sep 21 15:20:20 CST 2012" endtime="Fri Sep 21 15:20:20 CST 2012" />
              <Test name="testUpdateMeasureState" result="pass" starttime="Fri Sep 21 15:20:20 CST 2012" endtime="Fri Sep 21 15:20:20 CST 2012" />
              <Test name="testWriteToParcel" result="pass" starttime="Fri Sep 21 15:20:20 CST 2012" endtime="Fri Sep 21 15:20:20 CST 2012" />
            </TestCase>
            <TestCase name="TabStopSpan_StandardTest" priority="">
              <Test name="testConstructor" result="pass" starttime="Fri Sep 21 15:20:20 CST 2012" endtime="Fri Sep 21 15:20:20 CST 2012" />
              <Test name="testGetTabStop" result="pass" starttime="Fri Sep 21 15:20:20 CST 2012" endtime="Fri Sep 21 15:20:21 CST 2012" />
            </TestCase>
            <TestCase name="TextAppearanceSpanTest" priority="">
              <Test name="testAndroidTestCaseSetupProperly" result="pass" starttime="Fri Sep 21 15:20:21 CST 2012" endtime="Fri Sep 21 15:20:21 CST 2012" />
              <Test name="testConstructor" result="pass" starttime="Fri Sep 21 15:20:21 CST 2012" endtime="Fri Sep 21 15:20:21 CST 2012" />
              <Test name="testDescribeContents" result="pass" starttime="Fri Sep 21 15:20:21 CST 2012" endtime="Fri Sep 21 15:20:21 CST 2012" />
              <Test name="testGetFamily" result="pass" starttime="Fri Sep 21 15:20:21 CST 2012" endtime="Fri Sep 21 15:20:21 CST 2012" />
              <Test name="testGetLinkTextColor" result="pass" starttime="Fri Sep 21 15:20:21 CST 2012" endtime="Fri Sep 21 15:20:21 CST 2012" />
              <Test name="testGetSpanTypeId" result="pass" starttime="Fri Sep 21 15:20:21 CST 2012" endtime="Fri Sep 21 15:20:21 CST 2012" />
              <Test name="testGetTextColor" result="pass" starttime="Fri Sep 21 15:20:21 CST 2012" endtime="Fri Sep 21 15:20:21 CST 2012" />
              <Test name="testGetTextSize" result="pass" starttime="Fri Sep 21 15:20:21 CST 2012" endtime="Fri Sep 21 15:20:21 CST 2012" />
              <Test name="testGetTextStyle" result="pass" starttime="Fri Sep 21 15:20:22 CST 2012" endtime="Fri Sep 21 15:20:22 CST 2012" />
              <Test name="testUpdateDrawState" result="pass" starttime="Fri Sep 21 15:20:22 CST 2012" endtime="Fri Sep 21 15:20:22 CST 2012" />
              <Test name="testUpdateMeasureState" result="pass" starttime="Fri Sep 21 15:20:22 CST 2012" endtime="Fri Sep 21 15:20:22 CST 2012" />
              <Test name="testWriteToParcel" result="pass" starttime="Fri Sep 21 15:20:22 CST 2012" endtime="Fri Sep 21 15:20:22 CST 2012" />
            </TestCase>
            <TestCase name="TypefaceSpanTest" priority="">
              <Test name="testConstructor" result="pass" starttime="Fri Sep 21 15:20:22 CST 2012" endtime="Fri Sep 21 15:20:22 CST 2012" />
              <Test name="testDescribeContents" result="pass" starttime="Fri Sep 21 15:20:22 CST 2012" endtime="Fri Sep 21 15:20:22 CST 2012" />
              <Test name="testGetFamily" result="pass" starttime="Fri Sep 21 15:20:22 CST 2012" endtime="Fri Sep 21 15:20:22 CST 2012" />
              <Test name="testGetSpanTypeId" result="pass" starttime="Fri Sep 21 15:20:22 CST 2012" endtime="Fri Sep 21 15:20:22 CST 2012" />
              <Test name="testUpdateDrawState" result="pass" starttime="Fri Sep 21 15:20:22 CST 2012" endtime="Fri Sep 21 15:20:23 CST 2012" />
              <Test name="testUpdateMeasureState" result="pass" starttime="Fri Sep 21 15:20:23 CST 2012" endtime="Fri Sep 21 15:20:23 CST 2012" />
              <Test name="testWriteToParcel" result="pass" starttime="Fri Sep 21 15:20:23 CST 2012" endtime="Fri Sep 21 15:20:23 CST 2012" />
            </TestCase>
            <TestCase name="URLSpanTest" priority="">
              <Test name="testConstructor" result="pass" starttime="Fri Sep 21 15:20:23 CST 2012" endtime="Fri Sep 21 15:20:23 CST 2012" />
              <Test name="testDescribeContents" result="pass" starttime="Fri Sep 21 15:20:23 CST 2012" endtime="Fri Sep 21 15:20:23 CST 2012" />
              <Test name="testGetSpanTypeId" result="pass" starttime="Fri Sep 21 15:20:23 CST 2012" endtime="Fri Sep 21 15:20:24 CST 2012" />
              <Test name="testGetURL" result="pass" starttime="Fri Sep 21 15:20:24 CST 2012" endtime="Fri Sep 21 15:20:24 CST 2012" />
              <Test name="testOnClick" result="pass" starttime="Fri Sep 21 15:20:24 CST 2012" endtime="Fri Sep 21 15:20:25 CST 2012" />
              <Test name="testOnClickFailure" result="pass" starttime="Fri Sep 21 15:20:25 CST 2012" endtime="Fri Sep 21 15:20:25 CST 2012" />
              <Test name="testWriteToParcel" result="pass" starttime="Fri Sep 21 15:20:25 CST 2012" endtime="Fri Sep 21 15:20:25 CST 2012" />
            </TestCase>
            <TestCase name="UnderlineSpanTest" priority="">
              <Test name="testConstructor" result="pass" starttime="Fri Sep 21 15:20:25 CST 2012" endtime="Fri Sep 21 15:20:25 CST 2012" />
              <Test name="testDescribeContents" result="pass" starttime="Fri Sep 21 15:20:25 CST 2012" endtime="Fri Sep 21 15:20:25 CST 2012" />
              <Test name="testGetSpanTypeId" result="pass" starttime="Fri Sep 21 15:20:25 CST 2012" endtime="Fri Sep 21 15:20:25 CST 2012" />
              <Test name="testUpdateDrawState" result="pass" starttime="Fri Sep 21 15:20:25 CST 2012" endtime="Fri Sep 21 15:20:26 CST 2012" />
              <Test name="testWriteToParcel" result="pass" starttime="Fri Sep 21 15:20:26 CST 2012" endtime="Fri Sep 21 15:20:26 CST 2012" />
            </TestCase>
          </TestSuite>
        </TestSuite>
        <TestSuite name="util">
          <TestSuite name="cts">
            <TestCase name="LinkifyTest" priority="">
              <Test name="testAddLinks1" result="pass" starttime="Fri Sep 21 15:20:26 CST 2012" endtime="Fri Sep 21 15:20:26 CST 2012" />
              <Test name="testAddLinks2" result="pass" starttime="Fri Sep 21 15:20:26 CST 2012" endtime="Fri Sep 21 15:20:26 CST 2012" />
              <Test name="testAddLinks3" result="pass" starttime="Fri Sep 21 15:20:26 CST 2012" endtime="Fri Sep 21 15:20:26 CST 2012" />
              <Test name="testAddLinks4" result="pass" starttime="Fri Sep 21 15:20:26 CST 2012" endtime="Fri Sep 21 15:20:26 CST 2012" />
              <Test name="testAddLinks5" result="pass" starttime="Fri Sep 21 15:20:26 CST 2012" endtime="Fri Sep 21 15:20:26 CST 2012" />
              <Test name="testAddLinks6" result="pass" starttime="Fri Sep 21 15:20:26 CST 2012" endtime="Fri Sep 21 15:20:26 CST 2012" />
              <Test name="testAndroidTestCaseSetupProperly" result="pass" starttime="Fri Sep 21 15:20:26 CST 2012" endtime="Fri Sep 21 15:20:26 CST 2012" />
              <Test name="testConstructor" result="pass" starttime="Fri Sep 21 15:20:26 CST 2012" endtime="Fri Sep 21 15:20:26 CST 2012" />
            </TestCase>
            <TestCase name="Rfc822TokenTest" priority="">
              <Test name="testAccessAddress" result="pass" starttime="Fri Sep 21 15:20:26 CST 2012" endtime="Fri Sep 21 15:20:27 CST 2012" />
              <Test name="testAccessComment" result="pass" starttime="Fri Sep 21 15:20:27 CST 2012" endtime="Fri Sep 21 15:20:27 CST 2012" />
              <Test name="testAccessName" result="pass" starttime="Fri Sep 21 15:20:27 CST 2012" endtime="Fri Sep 21 15:20:27 CST 2012" />
              <Test name="testAndroidTestCaseSetupProperly" result="pass" starttime="Fri Sep 21 15:20:27 CST 2012" endtime="Fri Sep 21 15:20:27 CST 2012" />
              <Test name="testConstructor" result="pass" starttime="Fri Sep 21 15:20:27 CST 2012" endtime="Fri Sep 21 15:20:27 CST 2012" />
              <Test name="testQuoteComment" result="pass" starttime="Fri Sep 21 15:20:27 CST 2012" endtime="Fri Sep 21 15:20:27 CST 2012" />
              <Test name="testQuoteName" result="pass" starttime="Fri Sep 21 15:20:27 CST 2012" endtime="Fri Sep 21 15:20:27 CST 2012" />
              <Test name="testQuoteNameIfNecessary" result="pass" starttime="Fri Sep 21 15:20:27 CST 2012" endtime="Fri Sep 21 15:20:27 CST 2012" />
              <Test name="testToString" result="pass" starttime="Fri Sep 21 15:20:27 CST 2012" endtime="Fri Sep 21 15:20:27 CST 2012" />
            </TestCase>
            <TestCase name="Rfc822TokenizerTest" priority="">
              <Test name="testAndroidTestCaseSetupProperly" result="pass" starttime="Fri Sep 21 15:20:27 CST 2012" endtime="Fri Sep 21 15:20:27 CST 2012" />
              <Test name="testConstructor" result="pass" starttime="Fri Sep 21 15:20:27 CST 2012" endtime="Fri Sep 21 15:20:28 CST 2012" />
              <Test name="testFindTokenEnd" result="pass" starttime="Fri Sep 21 15:20:28 CST 2012" endtime="Fri Sep 21 15:20:28 CST 2012" />
              <Test name="testFindTokenStart" result="pass" starttime="Fri Sep 21 15:20:28 CST 2012" endtime="Fri Sep 21 15:20:28 CST 2012" />
              <Test name="testTerminateToken" result="pass" starttime="Fri Sep 21 15:20:28 CST 2012" endtime="Fri Sep 21 15:20:28 CST 2012" />
              <Test name="testTokenize" result="pass" starttime="Fri Sep 21 15:20:28 CST 2012" endtime="Fri Sep 21 15:20:28 CST 2012" />
            </TestCase>
          </TestSuite>
        </TestSuite>
      </TestSuite>
    </TestSuite>
  </TestPackage>
  <TestPackage name="CtsTextureViewTestCases" appPackageName="android.textureview" digest="134ca4ca9ae5df5055bee1ef2beb1f7d0a19c401">
    <TestSuite name="android">
      <TestSuite name="textureview">
        <TestSuite name="cts">
          <TestCase name="TextureViewSnapshotTest" priority="">
            <Test name="testTextureViewGrabSnapshot" result="pass" starttime="Fri Sep 21 15:20:32 CST 2012" endtime="Fri Sep 21 15:20:35 CST 2012" />
          </TestCase>
          <TestCase name="TextureViewTest" priority="">
            <Test name="testTextureViewStress200Hz" result="pass" starttime="Fri Sep 21 15:20:35 CST 2012" endtime="Fri Sep 21 15:20:39 CST 2012" />
            <Test name="testTextureViewStress48Hz" result="pass" starttime="Fri Sep 21 15:20:39 CST 2012" endtime="Fri Sep 21 15:20:52 CST 2012" />
            <Test name="testTextureViewStress60Hz" result="pass" starttime="Fri Sep 21 15:20:52 CST 2012" endtime="Fri Sep 21 15:21:05 CST 2012" />
            <Test name="testTextureViewStress70Hz" result="pass" starttime="Fri Sep 21 15:21:05 CST 2012" endtime="Fri Sep 21 15:21:15 CST 2012" />
          </TestCase>
        </TestSuite>
      </TestSuite>
    </TestSuite>
  </TestPackage>
  <TestPackage name="CtsThemeTestCases" appPackageName="android.theme" digest="6174f017c716981523a488431d3c2cd9f775b43f">
    <TestSuite name="android">
      <TestSuite name="theme">
        <TestSuite name="cts">
          <TestCase name="DeviceDefaultTest" priority="">
            <Test name="testGetActionBar_DeviceDefault" result="pass" starttime="Fri Sep 21 15:21:19 CST 2012" endtime="Fri Sep 21 15:21:22 CST 2012" />
            <Test name="testGetActionBar_DeviceDefault_Dialog" result="pass" starttime="Fri Sep 21 15:21:22 CST 2012" endtime="Fri Sep 21 15:21:22 CST 2012" />
            <Test name="testGetActionBar_DeviceDefault_DialogWhenLarge" result="pass" starttime="Fri Sep 21 15:21:22 CST 2012" endtime="Fri Sep 21 15:21:22 CST 2012" />
            <Test name="testGetActionBar_DeviceDefault_DialogWhenLarge_NoActionBar" result="pass" starttime="Fri Sep 21 15:21:22 CST 2012" endtime="Fri Sep 21 15:21:22 CST 2012" />
            <Test name="testGetActionBar_DeviceDefault_Dialog_NoActionBar" result="pass" starttime="Fri Sep 21 15:21:22 CST 2012" endtime="Fri Sep 21 15:21:23 CST 2012" />
            <Test name="testGetActionBar_DeviceDefault_Dialog_NoActionBar_MinWidth" result="pass" starttime="Fri Sep 21 15:21:23 CST 2012" endtime="Fri Sep 21 15:21:23 CST 2012" />
            <Test name="testGetActionBar_DeviceDefault_InputMethod" result="pass" starttime="Fri Sep 21 15:21:23 CST 2012" endtime="Fri Sep 21 15:21:23 CST 2012" />
            <Test name="testGetActionBar_DeviceDefault_Light" result="pass" starttime="Fri Sep 21 15:21:23 CST 2012" endtime="Fri Sep 21 15:21:24 CST 2012" />
            <Test name="testGetActionBar_DeviceDefault_Light_DarkActionBar" result="pass" starttime="Fri Sep 21 15:21:24 CST 2012" endtime="Fri Sep 21 15:21:24 CST 2012" />
            <Test name="testGetActionBar_DeviceDefault_Light_Dialog" result="pass" starttime="Fri Sep 21 15:21:24 CST 2012" endtime="Fri Sep 21 15:21:24 CST 2012" />
            <Test name="testGetActionBar_DeviceDefault_Light_DialogWhenLarge" result="pass" starttime="Fri Sep 21 15:21:24 CST 2012" endtime="Fri Sep 21 15:21:24 CST 2012" />
            <Test name="testGetActionBar_DeviceDefault_Light_DialogWhenLarge_NoActionBar" result="pass" starttime="Fri Sep 21 15:21:24 CST 2012" endtime="Fri Sep 21 15:21:25 CST 2012" />
            <Test name="testGetActionBar_DeviceDefault_Light_Dialog_MinWidth" result="pass" starttime="Fri Sep 21 15:21:25 CST 2012" endtime="Fri Sep 21 15:21:25 CST 2012" />
            <Test name="testGetActionBar_DeviceDefault_Light_Dialog_NoActionBar" result="pass" starttime="Fri Sep 21 15:21:25 CST 2012" endtime="Fri Sep 21 15:21:25 CST 2012" />
            <Test name="testGetActionBar_DeviceDefault_Light_Dialog_NoActionBar_MinWidth" result="pass" starttime="Fri Sep 21 15:21:25 CST 2012" endtime="Fri Sep 21 15:21:26 CST 2012" />
            <Test name="testGetActionBar_DeviceDefault_Light_NoActionBar" result="pass" starttime="Fri Sep 21 15:21:26 CST 2012" endtime="Fri Sep 21 15:21:26 CST 2012" />
            <Test name="testGetActionBar_DeviceDefault_Light_NoActionBar_Fullscreen" result="pass" starttime="Fri Sep 21 15:21:26 CST 2012" endtime="Fri Sep 21 15:21:26 CST 2012" />
            <Test name="testGetActionBar_DeviceDefault_MinWidth" result="pass" starttime="Fri Sep 21 15:21:26 CST 2012" endtime="Fri Sep 21 15:21:27 CST 2012" />
            <Test name="testGetActionBar_DeviceDefault_Panel" result="pass" starttime="Fri Sep 21 15:21:27 CST 2012" endtime="Fri Sep 21 15:21:27 CST 2012" />
            <Test name="testGetActionBar_DeviceDefault_Wallpaper" result="pass" starttime="Fri Sep 21 15:21:27 CST 2012" endtime="Fri Sep 21 15:21:27 CST 2012" />
            <Test name="testGetActionBar_DeviceDefault_Wallpaper_NoTitleBar" result="pass" starttime="Fri Sep 21 15:21:27 CST 2012" endtime="Fri Sep 21 15:21:27 CST 2012" />
          </TestCase>
        </TestSuite>
      </TestSuite>
    </TestSuite>
  </TestPackage>
  <TestPackage name="CtsUtilTestCases" appPackageName="android.util" digest="0eae82fe5ef2ca2eb04c304be63aa812094c528b">
    <TestSuite name="android">
      <TestSuite name="util">
        <TestSuite name="cts">
          <TestCase name="AndroidExceptionTest" priority="">
            <Test name="testAndroidException" result="pass" starttime="Fri Sep 21 15:21:31 CST 2012" endtime="Fri Sep 21 15:21:32 CST 2012" />
            <Test name="testAndroidTestCaseSetupProperly" result="pass" starttime="Fri Sep 21 15:21:32 CST 2012" endtime="Fri Sep 21 15:21:32 CST 2012" />
          </TestCase>
          <TestCase name="AndroidRuntimeExceptionTest" priority="">
            <Test name="testAndroidRuntimeException" result="pass" starttime="Fri Sep 21 15:21:32 CST 2012" endtime="Fri Sep 21 15:21:32 CST 2012" />
            <Test name="testAndroidTestCaseSetupProperly" result="pass" starttime="Fri Sep 21 15:21:32 CST 2012" endtime="Fri Sep 21 15:21:32 CST 2012" />
          </TestCase>
          <TestCase name="DebugUtilsTest" priority="">
            <Test name="testIsObjectSelected" result="pass" starttime="Fri Sep 21 15:21:32 CST 2012" endtime="Fri Sep 21 15:21:32 CST 2012" />
          </TestCase>
          <TestCase name="DisplayMetricsTest" priority="">
            <Test name="testAndroidTestCaseSetupProperly" result="pass" starttime="Fri Sep 21 15:21:32 CST 2012" endtime="Fri Sep 21 15:21:32 CST 2012" />
            <Test name="testDisplayMetricsOp" result="pass" starttime="Fri Sep 21 15:21:32 CST 2012" endtime="Fri Sep 21 15:21:32 CST 2012" />
          </TestCase>
          <TestCase name="EventLogTest" priority="">
            <Test name="testGetTagCode" result="pass" starttime="Fri Sep 21 15:21:32 CST 2012" endtime="Fri Sep 21 15:21:32 CST 2012" />
            <Test name="testGetTagName" result="pass" starttime="Fri Sep 21 15:21:32 CST 2012" endtime="Fri Sep 21 15:21:32 CST 2012" />
            <Test name="testReadEvents" result="pass" starttime="Fri Sep 21 15:21:32 CST 2012" endtime="Fri Sep 21 15:21:32 CST 2012" />
            <Test name="testWriteEvent" result="pass" starttime="Fri Sep 21 15:21:32 CST 2012" endtime="Fri Sep 21 15:21:33 CST 2012" />
            <Test name="testWriteEventWithOversizeValue" result="pass" starttime="Fri Sep 21 15:21:33 CST 2012" endtime="Fri Sep 21 15:21:33 CST 2012" />
            <Test name="testWriteNullEvent" result="pass" starttime="Fri Sep 21 15:21:33 CST 2012" endtime="Fri Sep 21 15:21:33 CST 2012" />
          </TestCase>
          <TestCase name="FloatMathTest" priority="">
            <Test name="testFloatMathMethods" result="pass" starttime="Fri Sep 21 15:21:33 CST 2012" endtime="Fri Sep 21 15:21:33 CST 2012" />
          </TestCase>
          <TestCase name="LogPrinterTest" priority="">
            <Test name="testAndroidTestCaseSetupProperly" result="pass" starttime="Fri Sep 21 15:21:33 CST 2012" endtime="Fri Sep 21 15:21:33 CST 2012" />
            <Test name="testConstructor" result="pass" starttime="Fri Sep 21 15:21:33 CST 2012" endtime="Fri Sep 21 15:21:33 CST 2012" />
            <Test name="testPrintln" result="pass" starttime="Fri Sep 21 15:21:33 CST 2012" endtime="Fri Sep 21 15:21:33 CST 2012" />
          </TestCase>
          <TestCase name="LogTest" priority="">
            <Test name="testAndroidTestCaseSetupProperly" result="pass" starttime="Fri Sep 21 15:21:33 CST 2012" endtime="Fri Sep 21 15:21:33 CST 2012" />
            <Test name="testLogOperations" result="pass" starttime="Fri Sep 21 15:21:33 CST 2012" endtime="Fri Sep 21 15:21:33 CST 2012" />
          </TestCase>
          <TestCase name="MonthDisplayHelperTest" priority="">
            <Test name="testAndroidTestCaseSetupProperly" result="pass" starttime="Fri Sep 21 15:21:33 CST 2012" endtime="Fri Sep 21 15:21:34 CST 2012" />
            <Test name="testConstructor" result="pass" starttime="Fri Sep 21 15:21:34 CST 2012" endtime="Fri Sep 21 15:21:34 CST 2012" />
            <Test name="testFirstDayOfMonth" result="pass" starttime="Fri Sep 21 15:21:34 CST 2012" endtime="Fri Sep 21 15:21:34 CST 2012" />
            <Test name="testGetColumnOf" result="pass" starttime="Fri Sep 21 15:21:34 CST 2012" endtime="Fri Sep 21 15:21:34 CST 2012" />
            <Test name="testGetDayAt" result="pass" starttime="Fri Sep 21 15:21:34 CST 2012" endtime="Fri Sep 21 15:21:34 CST 2012" />
            <Test name="testGetRowOf" result="pass" starttime="Fri Sep 21 15:21:34 CST 2012" endtime="Fri Sep 21 15:21:34 CST 2012" />
            <Test name="testHelperProperties" result="pass" starttime="Fri Sep 21 15:21:34 CST 2012" endtime="Fri Sep 21 15:21:34 CST 2012" />
            <Test name="testIsWithinCurrentMonth" result="pass" starttime="Fri Sep 21 15:21:34 CST 2012" endtime="Fri Sep 21 15:21:34 CST 2012" />
            <Test name="testMonthRows" result="pass" starttime="Fri Sep 21 15:21:34 CST 2012" endtime="Fri Sep 21 15:21:34 CST 2012" />
            <Test name="testNextMonth" result="pass" starttime="Fri Sep 21 15:21:34 CST 2012" endtime="Fri Sep 21 15:21:34 CST 2012" />
            <Test name="testNumberOfDaysInCurrentMonth" result="pass" starttime="Fri Sep 21 15:21:34 CST 2012" endtime="Fri Sep 21 15:21:35 CST 2012" />
            <Test name="testPrevMonth" result="pass" starttime="Fri Sep 21 15:21:35 CST 2012" endtime="Fri Sep 21 15:21:35 CST 2012" />
          </TestCase>
          <TestCase name="PrintStreamPrinterTest" priority="">
            <Test name="testAndroidTestCaseSetupProperly" result="pass" starttime="Fri Sep 21 15:21:35 CST 2012" endtime="Fri Sep 21 15:21:35 CST 2012" />
            <Test name="testConstructor" result="pass" starttime="Fri Sep 21 15:21:35 CST 2012" endtime="Fri Sep 21 15:21:35 CST 2012" />
            <Test name="testPrintln" result="pass" starttime="Fri Sep 21 15:21:35 CST 2012" endtime="Fri Sep 21 15:21:35 CST 2012" />
          </TestCase>
          <TestCase name="PrintWriterPrinterTest" priority="">
            <Test name="testAndroidTestCaseSetupProperly" result="pass" starttime="Fri Sep 21 15:21:35 CST 2012" endtime="Fri Sep 21 15:21:35 CST 2012" />
            <Test name="testConstructor" result="pass" starttime="Fri Sep 21 15:21:35 CST 2012" endtime="Fri Sep 21 15:21:35 CST 2012" />
            <Test name="testPrintln" result="pass" starttime="Fri Sep 21 15:21:35 CST 2012" endtime="Fri Sep 21 15:21:35 CST 2012" />
          </TestCase>
          <TestCase name="SparseArrayTest" priority="">
            <Test name="testAndroidTestCaseSetupProperly" result="pass" starttime="Fri Sep 21 15:21:35 CST 2012" endtime="Fri Sep 21 15:21:36 CST 2012" />
            <Test name="testSparseArrayWithDefaultCapacity" result="pass" starttime="Fri Sep 21 15:21:36 CST 2012" endtime="Fri Sep 21 15:21:36 CST 2012" />
            <Test name="testSparseArrayWithSpecifiedCapacity" result="pass" starttime="Fri Sep 21 15:21:36 CST 2012" endtime="Fri Sep 21 15:21:36 CST 2012" />
          </TestCase>
          <TestCase name="SparseBooleanArrayTest" priority="">
            <Test name="testAndroidTestCaseSetupProperly" result="pass" starttime="Fri Sep 21 15:21:36 CST 2012" endtime="Fri Sep 21 15:21:36 CST 2012" />
            <Test name="testSparseBooleanArrayWithDefaultCapacity" result="pass" starttime="Fri Sep 21 15:21:36 CST 2012" endtime="Fri Sep 21 15:21:36 CST 2012" />
            <Test name="testSparseBooleanArrayWithSpecifiedCapacity" result="pass" starttime="Fri Sep 21 15:21:36 CST 2012" endtime="Fri Sep 21 15:21:36 CST 2012" />
          </TestCase>
          <TestCase name="SparseIntArrayTest" priority="">
            <Test name="testAndroidTestCaseSetupProperly" result="pass" starttime="Fri Sep 21 15:21:36 CST 2012" endtime="Fri Sep 21 15:21:36 CST 2012" />
            <Test name="testSparseIntArrayRemoveAt" result="pass" starttime="Fri Sep 21 15:21:36 CST 2012" endtime="Fri Sep 21 15:21:36 CST 2012" />
            <Test name="testSparseIntArrayWithDefaultCapacity" result="pass" starttime="Fri Sep 21 15:21:36 CST 2012" endtime="Fri Sep 21 15:21:36 CST 2012" />
            <Test name="testSparseIntArrayWithSpecifiedCapacity" result="pass" starttime="Fri Sep 21 15:21:37 CST 2012" endtime="Fri Sep 21 15:21:37 CST 2012" />
          </TestCase>
          <TestCase name="StateSetTest" priority="">
            <Test name="testAndroidTestCaseSetupProperly" result="pass" starttime="Fri Sep 21 15:21:37 CST 2012" endtime="Fri Sep 21 15:21:37 CST 2012" />
            <Test name="testDump" result="pass" starttime="Fri Sep 21 15:21:37 CST 2012" endtime="Fri Sep 21 15:21:37 CST 2012" />
            <Test name="testStateSetMatches" result="pass" starttime="Fri Sep 21 15:21:37 CST 2012" endtime="Fri Sep 21 15:21:37 CST 2012" />
            <Test name="testTrimStateSet" result="pass" starttime="Fri Sep 21 15:21:37 CST 2012" endtime="Fri Sep 21 15:21:37 CST 2012" />
          </TestCase>
          <TestCase name="StringBuilderPrinterTest" priority="">
            <Test name="testAndroidTestCaseSetupProperly" result="pass" starttime="Fri Sep 21 15:21:37 CST 2012" endtime="Fri Sep 21 15:21:37 CST 2012" />
            <Test name="testStringBuilderPrinter" result="pass" starttime="Fri Sep 21 15:21:37 CST 2012" endtime="Fri Sep 21 15:21:37 CST 2012" />
          </TestCase>
          <TestCase name="TimeUtilsTest" priority="">
            <Test name="testOld" result="pass" starttime="Fri Sep 21 15:21:37 CST 2012" endtime="Fri Sep 21 15:21:37 CST 2012" />
            <Test name="testUnitedStates" result="pass" starttime="Fri Sep 21 15:21:38 CST 2012" endtime="Fri Sep 21 15:21:38 CST 2012" />
            <Test name="testWeirdUnitedStates" result="pass" starttime="Fri Sep 21 15:21:38 CST 2012" endtime="Fri Sep 21 15:21:38 CST 2012" />
            <Test name="testWorldWeird" result="pass" starttime="Fri Sep 21 15:21:38 CST 2012" endtime="Fri Sep 21 15:21:38 CST 2012" />
          </TestCase>
          <TestCase name="TimingLoggerTest" priority="">
            <Test name="testAndroidTestCaseSetupProperly" result="pass" starttime="Fri Sep 21 15:21:38 CST 2012" endtime="Fri Sep 21 15:21:38 CST 2012" />
            <Test name="testTimingLogger" result="pass" starttime="Fri Sep 21 15:21:38 CST 2012" endtime="Fri Sep 21 15:21:39 CST 2012" />
          </TestCase>
          <TestCase name="TypedValueTest" priority="">
            <Test name="testApplyDimension" result="pass" starttime="Fri Sep 21 15:21:39 CST 2012" endtime="Fri Sep 21 15:21:39 CST 2012" />
            <Test name="testCoerceToString1" result="pass" starttime="Fri Sep 21 15:21:39 CST 2012" endtime="Fri Sep 21 15:21:39 CST 2012" />
            <Test name="testCoerceToString2" result="pass" starttime="Fri Sep 21 15:21:39 CST 2012" endtime="Fri Sep 21 15:21:39 CST 2012" />
            <Test name="testComplexToDimension" result="pass" starttime="Fri Sep 21 15:21:39 CST 2012" endtime="Fri Sep 21 15:21:39 CST 2012" />
            <Test name="testComplexToDimensionNoisy" result="pass" starttime="Fri Sep 21 15:21:39 CST 2012" endtime="Fri Sep 21 15:21:39 CST 2012" />
            <Test name="testComplexToDimensionPixelSize" result="pass" starttime="Fri Sep 21 15:21:39 CST 2012" endtime="Fri Sep 21 15:21:40 CST 2012" />
            <Test name="testComplexToFloat" result="pass" starttime="Fri Sep 21 15:21:40 CST 2012" endtime="Fri Sep 21 15:21:40 CST 2012" />
            <Test name="testComplexToFraction" result="pass" starttime="Fri Sep 21 15:21:40 CST 2012" endtime="Fri Sep 21 15:21:40 CST 2012" />
            <Test name="testConstructor" result="pass" starttime="Fri Sep 21 15:21:40 CST 2012" endtime="Fri Sep 21 15:21:40 CST 2012" />
            <Test name="testGetDimension" result="pass" starttime="Fri Sep 21 15:21:40 CST 2012" endtime="Fri Sep 21 15:21:40 CST 2012" />
            <Test name="testGetFloat" result="pass" starttime="Fri Sep 21 15:21:40 CST 2012" endtime="Fri Sep 21 15:21:40 CST 2012" />
            <Test name="testGetFraction" result="pass" starttime="Fri Sep 21 15:21:40 CST 2012" endtime="Fri Sep 21 15:21:40 CST 2012" />
            <Test name="testSetTo" result="pass" starttime="Fri Sep 21 15:21:40 CST 2012" endtime="Fri Sep 21 15:21:40 CST 2012" />
            <Test name="testToString" result="pass" starttime="Fri Sep 21 15:21:40 CST 2012" endtime="Fri Sep 21 15:21:41 CST 2012" />
          </TestCase>
          <TestCase name="XmlEncodingTest" priority="">
            <Test name="testValueOf" result="pass" starttime="Fri Sep 21 15:21:41 CST 2012" endtime="Fri Sep 21 15:21:41 CST 2012" />
          </TestCase>
          <TestCase name="XmlTest" priority="">
            <Test name="testAndroidTestCaseSetupProperly" result="pass" starttime="Fri Sep 21 15:21:41 CST 2012" endtime="Fri Sep 21 15:21:41 CST 2012" />
            <Test name="testAsAttributeSet" result="pass" starttime="Fri Sep 21 15:21:41 CST 2012" endtime="Fri Sep 21 15:21:41 CST 2012" />
            <Test name="testFindEncodingByName" result="pass" starttime="Fri Sep 21 15:21:41 CST 2012" endtime="Fri Sep 21 15:21:41 CST 2012" />
            <Test name="testNewSerializer" result="pass" starttime="Fri Sep 21 15:21:41 CST 2012" endtime="Fri Sep 21 15:21:41 CST 2012" />
            <Test name="testParseInputStreamEncodingContentHandler" result="pass" starttime="Fri Sep 21 15:21:41 CST 2012" endtime="Fri Sep 21 15:21:41 CST 2012" />
            <Test name="testParseReaderContentHander" result="pass" starttime="Fri Sep 21 15:21:41 CST 2012" endtime="Fri Sep 21 15:21:41 CST 2012" />
            <Test name="testParseStringContentHandler" result="pass" starttime="Fri Sep 21 15:21:41 CST 2012" endtime="Fri Sep 21 15:21:42 CST 2012" />
          </TestCase>
        </TestSuite>
      </TestSuite>
    </TestSuite>
  </TestPackage>
  <TestPackage name="CtsViewTestCases" appPackageName="android.view" digest="d7c16e0a1d575a1523fd20d2e4c9ff7be5a9cffc">
    <TestSuite name="android">
      <TestSuite name="view">
        <TestSuite name="animation">
          <TestSuite name="cts">
            <TestCase name="AccelerateDecelerateInterpolatorTest" priority="">
              <Test name="testAccelerateDecelerateInterpolator" result="pass" starttime="Fri Sep 21 15:21:47 CST 2012" endtime="Fri Sep 21 15:21:50 CST 2012" />
              <Test name="testConstructor" result="pass" starttime="Fri Sep 21 15:21:50 CST 2012" endtime="Fri Sep 21 15:21:51 CST 2012" />
              <Test name="testGetInterpolation" result="pass" starttime="Fri Sep 21 15:21:51 CST 2012" endtime="Fri Sep 21 15:21:51 CST 2012" />
            </TestCase>
            <TestCase name="AccelerateInterpolatorTest" priority="">
              <Test name="testAccelerateInterpolator" result="pass" starttime="Fri Sep 21 15:21:51 CST 2012" endtime="Fri Sep 21 15:21:54 CST 2012" />
              <Test name="testConstructor" result="pass" starttime="Fri Sep 21 15:21:54 CST 2012" endtime="Fri Sep 21 15:21:54 CST 2012" />
              <Test name="testGetInterpolation" result="pass" starttime="Fri Sep 21 15:21:54 CST 2012" endtime="Fri Sep 21 15:21:54 CST 2012" />
            </TestCase>
            <TestCase name="AlphaAnimationTest" priority="">
              <Test name="testAndroidTestCaseSetupProperly" result="pass" starttime="Fri Sep 21 15:21:54 CST 2012" endtime="Fri Sep 21 15:21:54 CST 2012" />
              <Test name="testApplyTransformation" result="pass" starttime="Fri Sep 21 15:21:54 CST 2012" endtime="Fri Sep 21 15:21:54 CST 2012" />
              <Test name="testConstructor" result="pass" starttime="Fri Sep 21 15:21:54 CST 2012" endtime="Fri Sep 21 15:21:54 CST 2012" />
              <Test name="testWillChangeBounds" result="pass" starttime="Fri Sep 21 15:21:54 CST 2012" endtime="Fri Sep 21 15:21:55 CST 2012" />
              <Test name="testWillChangeTransformationMatrix" result="pass" starttime="Fri Sep 21 15:21:55 CST 2012" endtime="Fri Sep 21 15:21:55 CST 2012" />
            </TestCase>
            <TestCase name="AnimationSetTest" priority="">
              <Test name="testAccessAnimations" result="pass" starttime="Fri Sep 21 15:21:55 CST 2012" endtime="Fri Sep 21 15:21:55 CST 2012" />
              <Test name="testAccessDuration" result="pass" starttime="Fri Sep 21 15:21:55 CST 2012" endtime="Fri Sep 21 15:21:55 CST 2012" />
              <Test name="testAccessRepeatMode" result="pass" starttime="Fri Sep 21 15:21:55 CST 2012" endtime="Fri Sep 21 15:21:55 CST 2012" />
              <Test name="testAccessStartOffset" result="pass" starttime="Fri Sep 21 15:21:55 CST 2012" endtime="Fri Sep 21 15:21:56 CST 2012" />
              <Test name="testAccessStartTime" result="pass" starttime="Fri Sep 21 15:21:56 CST 2012" endtime="Fri Sep 21 15:21:56 CST 2012" />
              <Test name="testClone" result="pass" starttime="Fri Sep 21 15:21:56 CST 2012" endtime="Fri Sep 21 15:21:56 CST 2012" />
              <Test name="testComputeDurationHint" result="pass" starttime="Fri Sep 21 15:21:56 CST 2012" endtime="Fri Sep 21 15:21:57 CST 2012" />
              <Test name="testConstructor" result="pass" starttime="Fri Sep 21 15:21:57 CST 2012" endtime="Fri Sep 21 15:21:57 CST 2012" />
              <Test name="testGetTransformation" result="pass" starttime="Fri Sep 21 15:21:57 CST 2012" endtime="Fri Sep 21 15:22:00 CST 2012" />
              <Test name="testInitialize" result="pass" starttime="Fri Sep 21 15:22:00 CST 2012" endtime="Fri Sep 21 15:22:00 CST 2012" />
              <Test name="testRestrictDuration" result="pass" starttime="Fri Sep 21 15:22:00 CST 2012" endtime="Fri Sep 21 15:22:00 CST 2012" />
              <Test name="testScaleCurrentDuration" result="pass" starttime="Fri Sep 21 15:22:00 CST 2012" endtime="Fri Sep 21 15:22:00 CST 2012" />
              <Test name="testSetFillAfter" result="pass" starttime="Fri Sep 21 15:22:00 CST 2012" endtime="Fri Sep 21 15:22:01 CST 2012" />
              <Test name="testSetFillBefore" result="pass" starttime="Fri Sep 21 15:22:01 CST 2012" endtime="Fri Sep 21 15:22:01 CST 2012" />
              <Test name="testWillChangeTransformationMatrix" result="pass" starttime="Fri Sep 21 15:22:01 CST 2012" endtime="Fri Sep 21 15:22:01 CST 2012" />
            </TestCase>
            <TestCase name="AnimationTest" priority="">
              <Test name="testAccessFill" result="pass" starttime="Fri Sep 21 15:22:01 CST 2012" endtime="Fri Sep 21 15:22:05 CST 2012" />
              <Test name="testAccessInterpolator" result="pass" starttime="Fri Sep 21 15:22:05 CST 2012" endtime="Fri Sep 21 15:22:05 CST 2012" />
              <Test name="testAccessStartOffset" result="pass" starttime="Fri Sep 21 15:22:05 CST 2012" endtime="Fri Sep 21 15:22:08 CST 2012" />
              <Test name="testAccessZAdjustment" result="pass" starttime="Fri Sep 21 15:22:08 CST 2012" endtime="Fri Sep 21 15:22:08 CST 2012" />
              <Test name="testClone" result="pass" starttime="Fri Sep 21 15:22:08 CST 2012" endtime="Fri Sep 21 15:22:08 CST 2012" />
              <Test name="testComputeDurationHint" result="pass" starttime="Fri Sep 21 15:22:08 CST 2012" endtime="Fri Sep 21 15:22:08 CST 2012" />
              <Test name="testConstructor" result="pass" starttime="Fri Sep 21 15:22:08 CST 2012" endtime="Fri Sep 21 15:22:09 CST 2012" />
              <Test name="testDefaultFill" result="pass" starttime="Fri Sep 21 15:22:09 CST 2012" endtime="Fri Sep 21 15:22:09 CST 2012" />
              <Test name="testGetTransformation" result="pass" starttime="Fri Sep 21 15:22:09 CST 2012" endtime="Fri Sep 21 15:22:11 CST 2012" />
              <Test name="testInitialize" result="pass" starttime="Fri Sep 21 15:22:11 CST 2012" endtime="Fri Sep 21 15:22:11 CST 2012" />
              <Test name="testRepeatAnimation" result="pass" starttime="Fri Sep 21 15:22:11 CST 2012" endtime="Fri Sep 21 15:22:18 CST 2012" />
              <Test name="testResolveSize" result="pass" starttime="Fri Sep 21 15:22:18 CST 2012" endtime="Fri Sep 21 15:22:18 CST 2012" />
              <Test name="testRestrictDuration" result="pass" starttime="Fri Sep 21 15:22:18 CST 2012" endtime="Fri Sep 21 15:22:18 CST 2012" />
              <Test name="testRunAccelerateAlpha" result="pass" starttime="Fri Sep 21 15:22:18 CST 2012" endtime="Fri Sep 21 15:22:20 CST 2012" />
              <Test name="testScaleCurrentDuration" result="pass" starttime="Fri Sep 21 15:22:20 CST 2012" endtime="Fri Sep 21 15:22:20 CST 2012" />
              <Test name="testSetAnimationListener" result="pass" starttime="Fri Sep 21 15:22:20 CST 2012" endtime="Fri Sep 21 15:22:29 CST 2012" />
              <Test name="testStart" result="pass" starttime="Fri Sep 21 15:22:29 CST 2012" endtime="Fri Sep 21 15:22:29 CST 2012" />
              <Test name="testStartNow" result="pass" starttime="Fri Sep 21 15:22:29 CST 2012" endtime="Fri Sep 21 15:22:30 CST 2012" />
              <Test name="testWillChangeBounds" result="pass" starttime="Fri Sep 21 15:22:30 CST 2012" endtime="Fri Sep 21 15:22:30 CST 2012" />
              <Test name="testWillChangeTransformationMatrix" result="pass" starttime="Fri Sep 21 15:22:30 CST 2012" endtime="Fri Sep 21 15:22:30 CST 2012" />
            </TestCase>
            <TestCase name="AnimationUtilsTest" priority="">
              <Test name="testCurrentAnimationTimeMillis" result="pass" starttime="Fri Sep 21 15:22:30 CST 2012" endtime="Fri Sep 21 15:22:30 CST 2012" />
              <Test name="testLoad" result="pass" starttime="Fri Sep 21 15:22:30 CST 2012" endtime="Fri Sep 21 15:22:31 CST 2012" />
              <Test name="testMakeAnimation" result="pass" starttime="Fri Sep 21 15:22:31 CST 2012" endtime="Fri Sep 21 15:22:31 CST 2012" />
            </TestCase>
            <TestCase name="CycleInterpolatorTest" priority="">
              <Test name="testConstructors" result="pass" starttime="Fri Sep 21 15:22:31 CST 2012" endtime="Fri Sep 21 15:22:31 CST 2012" />
              <Test name="testCycyleInterpolator" result="pass" starttime="Fri Sep 21 15:22:31 CST 2012" endtime="Fri Sep 21 15:22:36 CST 2012" />
              <Test name="testGetInterpolation" result="pass" starttime="Fri Sep 21 15:22:36 CST 2012" endtime="Fri Sep 21 15:22:36 CST 2012" />
            </TestCase>
            <TestCase name="DecelerateInterpolatorTest" priority="">
              <Test name="testConstructor" result="pass" starttime="Fri Sep 21 15:22:36 CST 2012" endtime="Fri Sep 21 15:22:37 CST 2012" />
              <Test name="testDecelerateInterpolator" result="pass" starttime="Fri Sep 21 15:22:37 CST 2012" endtime="Fri Sep 21 15:22:41 CST 2012" />
              <Test name="testGetInterpolation" result="pass" starttime="Fri Sep 21 15:22:41 CST 2012" endtime="Fri Sep 21 15:22:42 CST 2012" />
            </TestCase>
            <TestCase name="GridLayoutAnimationControllerTest" priority="">
              <Test name="testAccessDelay" result="pass" starttime="Fri Sep 21 15:22:42 CST 2012" endtime="Fri Sep 21 15:23:10 CST 2012" />
              <Test name="testAccessDirection" result="pass" starttime="Fri Sep 21 15:23:10 CST 2012" endtime="Fri Sep 21 15:23:22 CST 2012" />
              <Test name="testAccessDirectionPriority" result="pass" starttime="Fri Sep 21 15:23:22 CST 2012" endtime="Fri Sep 21 15:23:35 CST 2012" />
              <Test name="testConstructor" result="pass" starttime="Fri Sep 21 15:23:35 CST 2012" endtime="Fri Sep 21 15:23:35 CST 2012" />
              <Test name="testGetDelayForView" result="pass" starttime="Fri Sep 21 15:23:35 CST 2012" endtime="Fri Sep 21 15:23:41 CST 2012" />
              <Test name="testWillOverlap" result="pass" starttime="Fri Sep 21 15:23:41 CST 2012" endtime="Fri Sep 21 15:23:42 CST 2012" />
            </TestCase>
            <TestCase name="GridLayoutAnimationController_AnimationParametersTest" priority="">
              <Test name="testAndroidTestCaseSetupProperly" result="pass" starttime="Fri Sep 21 15:23:42 CST 2012" endtime="Fri Sep 21 15:23:42 CST 2012" />
              <Test name="testConstructor" result="pass" starttime="Fri Sep 21 15:23:42 CST 2012" endtime="Fri Sep 21 15:23:42 CST 2012" />
            </TestCase>
            <TestCase name="LayoutAnimationControllerTest" priority="">
              <Test name="testAccessAnimation" result="pass" starttime="Fri Sep 21 15:23:42 CST 2012" endtime="Fri Sep 21 15:23:50 CST 2012" />
              <Test name="testAccessDelay" result="pass" starttime="Fri Sep 21 15:23:50 CST 2012" endtime="Fri Sep 21 15:23:55 CST 2012" />
              <Test name="testAccessInterpolator" result="pass" starttime="Fri Sep 21 15:23:55 CST 2012" endtime="Fri Sep 21 15:24:02 CST 2012" />
              <Test name="testAccessOrder" result="pass" starttime="Fri Sep 21 15:24:02 CST 2012" endtime="Fri Sep 21 15:24:08 CST 2012" />
              <Test name="testConstructor" result="pass" starttime="Fri Sep 21 15:24:08 CST 2012" endtime="Fri Sep 21 15:24:08 CST 2012" />
              <Test name="testGetAnimationForView" result="pass" starttime="Fri Sep 21 15:24:08 CST 2012" endtime="Fri Sep 21 15:24:11 CST 2012" />
              <Test name="testGetDelayForView" result="pass" starttime="Fri Sep 21 15:24:11 CST 2012" endtime="Fri Sep 21 15:24:15 CST 2012" />
              <Test name="testGetTransformedIndex" result="pass" starttime="Fri Sep 21 15:24:15 CST 2012" endtime="Fri Sep 21 15:24:15 CST 2012" />
              <Test name="testIsDone" result="pass" starttime="Fri Sep 21 15:24:15 CST 2012" endtime="Fri Sep 21 15:24:18 CST 2012" />
              <Test name="testStart" result="pass" starttime="Fri Sep 21 15:24:18 CST 2012" endtime="Fri Sep 21 15:24:19 CST 2012" />
              <Test name="testWillOverlap" result="pass" starttime="Fri Sep 21 15:24:19 CST 2012" endtime="Fri Sep 21 15:24:19 CST 2012" />
            </TestCase>
            <TestCase name="LayoutAnimationController_AnimationParametersTest" priority="">
              <Test name="testAndroidTestCaseSetupProperly" result="pass" starttime="Fri Sep 21 15:24:19 CST 2012" endtime="Fri Sep 21 15:24:19 CST 2012" />
              <Test name="testConstructor" result="pass" starttime="Fri Sep 21 15:24:19 CST 2012" endtime="Fri Sep 21 15:24:19 CST 2012" />
            </TestCase>
            <TestCase name="LinearInterpolatorTest" priority="">
              <Test name="testConstructor" result="pass" starttime="Fri Sep 21 15:24:19 CST 2012" endtime="Fri Sep 21 15:24:19 CST 2012" />
              <Test name="testGetInterpolation" result="pass" starttime="Fri Sep 21 15:24:19 CST 2012" endtime="Fri Sep 21 15:24:20 CST 2012" />
              <Test name="testLinearInterpolator" result="pass" starttime="Fri Sep 21 15:24:20 CST 2012" endtime="Fri Sep 21 15:24:21 CST 2012" />
            </TestCase>
            <TestCase name="RotateAnimationTest" priority="">
              <Test name="testConstructors" result="pass" starttime="Fri Sep 21 15:24:21 CST 2012" endtime="Fri Sep 21 15:24:21 CST 2012" />
              <Test name="testRotateAgainstOrigin" result="pass" starttime="Fri Sep 21 15:24:21 CST 2012" endtime="Fri Sep 21 15:24:22 CST 2012" />
              <Test name="testRotateAgainstPoint" result="pass" starttime="Fri Sep 21 15:24:22 CST 2012" endtime="Fri Sep 21 15:24:24 CST 2012" />
            </TestCase>
            <TestCase name="ScaleAnimationTest" priority="">
              <Test name="testApplyTransformation" result="pass" starttime="Fri Sep 21 15:24:24 CST 2012" endtime="Fri Sep 21 15:24:24 CST 2012" />
              <Test name="testApplyTransformationIndirectly" result="pass" starttime="Fri Sep 21 15:24:24 CST 2012" endtime="Fri Sep 21 15:24:25 CST 2012" />
              <Test name="testConstructors" result="pass" starttime="Fri Sep 21 15:24:25 CST 2012" endtime="Fri Sep 21 15:24:26 CST 2012" />
            </TestCase>
            <TestCase name="TransformationTest" priority="">
              <Test name="testAccessAlpha" result="pass" starttime="Fri Sep 21 15:24:26 CST 2012" endtime="Fri Sep 21 15:24:26 CST 2012" />
              <Test name="testAccessTransformationType" result="pass" starttime="Fri Sep 21 15:24:26 CST 2012" endtime="Fri Sep 21 15:24:26 CST 2012" />
              <Test name="testAndroidTestCaseSetupProperly" result="pass" starttime="Fri Sep 21 15:24:26 CST 2012" endtime="Fri Sep 21 15:24:26 CST 2012" />
              <Test name="testClear" result="pass" starttime="Fri Sep 21 15:24:26 CST 2012" endtime="Fri Sep 21 15:24:26 CST 2012" />
              <Test name="testCompose" result="pass" starttime="Fri Sep 21 15:24:26 CST 2012" endtime="Fri Sep 21 15:24:26 CST 2012" />
              <Test name="testConstructor" result="pass" starttime="Fri Sep 21 15:24:26 CST 2012" endtime="Fri Sep 21 15:24:26 CST 2012" />
              <Test name="testGetMatrix" result="pass" starttime="Fri Sep 21 15:24:26 CST 2012" endtime="Fri Sep 21 15:24:26 CST 2012" />
              <Test name="testSet" result="pass" starttime="Fri Sep 21 15:24:26 CST 2012" endtime="Fri Sep 21 15:24:26 CST 2012" />
              <Test name="testToString" result="pass" starttime="Fri Sep 21 15:24:26 CST 2012" endtime="Fri Sep 21 15:24:27 CST 2012" />
            </TestCase>
            <TestCase name="TranslateAnimationTest" priority="">
              <Test name="testApplyTransformation" result="pass" starttime="Fri Sep 21 15:24:27 CST 2012" endtime="Fri Sep 21 15:24:28 CST 2012" />
              <Test name="testConstructors" result="pass" starttime="Fri Sep 21 15:24:28 CST 2012" endtime="Fri Sep 21 15:24:28 CST 2012" />
              <Test name="testInitialize" result="pass" starttime="Fri Sep 21 15:24:28 CST 2012" endtime="Fri Sep 21 15:24:30 CST 2012" />
            </TestCase>
          </TestSuite>
        </TestSuite>
        <TestSuite name="cts">
          <TestCase name="AbsSavedStateTest" priority="">
            <Test name="testConstructor" result="pass" starttime="Fri Sep 21 15:24:30 CST 2012" endtime="Fri Sep 21 15:24:30 CST 2012" />
            <Test name="testGetSuperState" result="pass" starttime="Fri Sep 21 15:24:30 CST 2012" endtime="Fri Sep 21 15:24:30 CST 2012" />
            <Test name="testWriteToParcel" result="pass" starttime="Fri Sep 21 15:24:30 CST 2012" endtime="Fri Sep 21 15:24:30 CST 2012" />
          </TestCase>
          <TestCase name="ChoreographerTest" priority="">
            <Test name="testAndroidTestCaseSetupProperly" result="pass" starttime="Fri Sep 21 15:24:30 CST 2012" endtime="Fri Sep 21 15:24:30 CST 2012" />
            <Test name="testFrameDelay" result="pass" starttime="Fri Sep 21 15:24:30 CST 2012" endtime="Fri Sep 21 15:24:30 CST 2012" />
            <Test name="testPostCallbackDelayedThrowsIfRunnableIsNull" result="pass" starttime="Fri Sep 21 15:24:30 CST 2012" endtime="Fri Sep 21 15:24:30 CST 2012" />
            <Test name="testPostCallbackThrowsIfRunnableIsNull" result="pass" starttime="Fri Sep 21 15:24:30 CST 2012" endtime="Fri Sep 21 15:24:30 CST 2012" />
            <Test name="testPostCallbackWithDelayEventuallyRunsCallbacksAfterDelay" result="pass" starttime="Fri Sep 21 15:24:30 CST 2012" endtime="Fri Sep 21 15:24:31 CST 2012" />
            <Test name="testPostCallbackWithoutDelayEventuallyRunsCallbacks" result="pass" starttime="Fri Sep 21 15:24:31 CST 2012" endtime="Fri Sep 21 15:24:31 CST 2012" />
            <Test name="testPostFrameCallbackDelayedThrowsIfCallbackIsNull" result="pass" starttime="Fri Sep 21 15:24:31 CST 2012" endtime="Fri Sep 21 15:24:31 CST 2012" />
            <Test name="testPostFrameCallbackThrowsIfCallbackIsNull" result="pass" starttime="Fri Sep 21 15:24:31 CST 2012" endtime="Fri Sep 21 15:24:31 CST 2012" />
            <Test name="testPostFrameCallbackWithDelayEventuallyRunsFrameCallbacksAfterDelay" result="pass" starttime="Fri Sep 21 15:24:31 CST 2012" endtime="Fri Sep 21 15:24:31 CST 2012" />
            <Test name="testPostFrameCallbackWithoutDelayEventuallyRunsFrameCallbacks" result="pass" starttime="Fri Sep 21 15:24:31 CST 2012" endtime="Fri Sep 21 15:24:31 CST 2012" />
            <Test name="testRemoveFrameCallbackThrowsIfCallbackIsNull" result="pass" starttime="Fri Sep 21 15:24:31 CST 2012" endtime="Fri Sep 21 15:24:32 CST 2012" />
          </TestCase>
          <TestCase name="ContextThemeWrapperTest" priority="">
            <Test name="testAccessTheme" result="pass" starttime="Fri Sep 21 15:24:32 CST 2012" endtime="Fri Sep 21 15:24:32 CST 2012" />
            <Test name="testAndroidTestCaseSetupProperly" result="pass" starttime="Fri Sep 21 15:24:32 CST 2012" endtime="Fri Sep 21 15:24:32 CST 2012" />
            <Test name="testAttachBaseContext" result="pass" starttime="Fri Sep 21 15:24:32 CST 2012" endtime="Fri Sep 21 15:24:32 CST 2012" />
            <Test name="testConstructor" result="pass" starttime="Fri Sep 21 15:24:32 CST 2012" endtime="Fri Sep 21 15:24:32 CST 2012" />
            <Test name="testGetSystemService" result="pass" starttime="Fri Sep 21 15:24:32 CST 2012" endtime="Fri Sep 21 15:24:32 CST 2012" />
          </TestCase>
          <TestCase name="DisplayRefreshRateTest" priority="">
            <Test name="testRefreshRate" result="pass" starttime="Fri Sep 21 15:24:32 CST 2012" endtime="Fri Sep 21 15:24:42 CST 2012" />
          </TestCase>
          <TestCase name="DisplayTest" priority="">
            <Test name="testAndroidTestCaseSetupProperly" result="pass" starttime="Fri Sep 21 15:24:42 CST 2012" endtime="Fri Sep 21 15:24:42 CST 2012" />
            <Test name="testGetDisplayAttrs" result="pass" starttime="Fri Sep 21 15:24:42 CST 2012" endtime="Fri Sep 21 15:24:43 CST 2012" />
          </TestCase>
          <TestCase name="FocusFinderTest" priority="">
            <Test name="testFindNearestTouchable" result="pass" starttime="Fri Sep 21 15:24:43 CST 2012" endtime="Fri Sep 21 15:24:43 CST 2012" />
            <Test name="testFindNextFocus" result="pass" starttime="Fri Sep 21 15:24:43 CST 2012" endtime="Fri Sep 21 15:24:43 CST 2012" />
            <Test name="testFindNextFocusFromRect" result="pass" starttime="Fri Sep 21 15:24:43 CST 2012" endtime="Fri Sep 21 15:24:43 CST 2012" />
            <Test name="testGetInstance" result="pass" starttime="Fri Sep 21 15:24:43 CST 2012" endtime="Fri Sep 21 15:24:44 CST 2012" />
          </TestCase>
          <TestCase name="GestureDetectorTest" priority="">
            <Test name="testConstructor" result="pass" starttime="Fri Sep 21 15:24:44 CST 2012" endtime="Fri Sep 21 15:24:44 CST 2012" />
            <Test name="testLongpressEnabled" result="pass" starttime="Fri Sep 21 15:24:44 CST 2012" endtime="Fri Sep 21 15:24:44 CST 2012" />
          </TestCase>
          <TestCase name="GravityTest" priority="">
            <Test name="testAndroidTestCaseSetupProperly" result="pass" starttime="Fri Sep 21 15:24:44 CST 2012" endtime="Fri Sep 21 15:24:44 CST 2012" />
            <Test name="testApply" result="pass" starttime="Fri Sep 21 15:24:44 CST 2012" endtime="Fri Sep 21 15:24:45 CST 2012" />
            <Test name="testApplyDisplay" result="pass" starttime="Fri Sep 21 15:24:45 CST 2012" endtime="Fri Sep 21 15:24:45 CST 2012" />
            <Test name="testConstructor" result="pass" starttime="Fri Sep 21 15:24:45 CST 2012" endtime="Fri Sep 21 15:24:45 CST 2012" />
            <Test name="testIsHorizontal" result="pass" starttime="Fri Sep 21 15:24:45 CST 2012" endtime="Fri Sep 21 15:24:45 CST 2012" />
            <Test name="testIsVertical" result="pass" starttime="Fri Sep 21 15:24:45 CST 2012" endtime="Fri Sep 21 15:24:45 CST 2012" />
          </TestCase>
          <TestCase name="InflateExceptionTest" priority="">
            <Test name="testInflateException" result="pass" starttime="Fri Sep 21 15:24:45 CST 2012" endtime="Fri Sep 21 15:24:45 CST 2012" />
          </TestCase>
          <TestCase name="KeyCharacterMapTest" priority="">
            <Test name="testAndroidTestCaseSetupProperly" result="pass" starttime="Fri Sep 21 15:24:45 CST 2012" endtime="Fri Sep 21 15:24:45 CST 2012" />
            <Test name="testGetEvents" result="pass" starttime="Fri Sep 21 15:24:45 CST 2012" endtime="Fri Sep 21 15:24:45 CST 2012" />
            <Test name="testGetKeyData" result="pass" starttime="Fri Sep 21 15:24:45 CST 2012" endtime="Fri Sep 21 15:24:45 CST 2012" />
            <Test name="testGetKeyboardType" result="pass" starttime="Fri Sep 21 15:24:45 CST 2012" endtime="Fri Sep 21 15:24:45 CST 2012" />
            <Test name="testGetMatch1" result="pass" starttime="Fri Sep 21 15:24:45 CST 2012" endtime="Fri Sep 21 15:24:46 CST 2012" />
            <Test name="testGetMatch2" result="pass" starttime="Fri Sep 21 15:24:46 CST 2012" endtime="Fri Sep 21 15:24:46 CST 2012" />
            <Test name="testGetNumber" result="pass" starttime="Fri Sep 21 15:24:46 CST 2012" endtime="Fri Sep 21 15:24:46 CST 2012" />
            <Test name="testIsPrintingKey" result="pass" starttime="Fri Sep 21 15:24:46 CST 2012" endtime="Fri Sep 21 15:24:46 CST 2012" />
            <Test name="testLoad" result="pass" starttime="Fri Sep 21 15:24:46 CST 2012" endtime="Fri Sep 21 15:24:46 CST 2012" />
          </TestCase>
          <TestCase name="KeyEventTest" priority="">
            <Test name="testAndroidTestCaseSetupProperly" result="pass" starttime="Fri Sep 21 15:24:46 CST 2012" endtime="Fri Sep 21 15:24:46 CST 2012" />
            <Test name="testChangeAction" result="pass" starttime="Fri Sep 21 15:24:46 CST 2012" endtime="Fri Sep 21 15:24:46 CST 2012" />
            <Test name="testChangeFlags" result="pass" starttime="Fri Sep 21 15:24:46 CST 2012" endtime="Fri Sep 21 15:24:46 CST 2012" />
            <Test name="testChangeTimeRepeat" result="pass" starttime="Fri Sep 21 15:24:46 CST 2012" endtime="Fri Sep 21 15:24:46 CST 2012" />
            <Test name="testConstructor" result="pass" starttime="Fri Sep 21 15:24:46 CST 2012" endtime="Fri Sep 21 15:24:47 CST 2012" />
            <Test name="testDescribeContents" result="pass" starttime="Fri Sep 21 15:24:47 CST 2012" endtime="Fri Sep 21 15:24:47 CST 2012" />
            <Test name="testDispatch" result="pass" starttime="Fri Sep 21 15:24:47 CST 2012" endtime="Fri Sep 21 15:24:47 CST 2012" />
            <Test name="testGetAction" result="pass" starttime="Fri Sep 21 15:24:47 CST 2012" endtime="Fri Sep 21 15:24:47 CST 2012" />
            <Test name="testGetCharacters" result="pass" starttime="Fri Sep 21 15:24:47 CST 2012" endtime="Fri Sep 21 15:24:47 CST 2012" />
            <Test name="testGetDeadChar" result="pass" starttime="Fri Sep 21 15:24:47 CST 2012" endtime="Fri Sep 21 15:24:47 CST 2012" />
            <Test name="testGetDeviceId" result="pass" starttime="Fri Sep 21 15:24:47 CST 2012" endtime="Fri Sep 21 15:24:47 CST 2012" />
            <Test name="testGetDisplayLabel" result="pass" starttime="Fri Sep 21 15:24:47 CST 2012" endtime="Fri Sep 21 15:24:47 CST 2012" />
            <Test name="testGetDownTime" result="pass" starttime="Fri Sep 21 15:24:47 CST 2012" endtime="Fri Sep 21 15:24:47 CST 2012" />
            <Test name="testGetEventTime" result="pass" starttime="Fri Sep 21 15:24:47 CST 2012" endtime="Fri Sep 21 15:24:47 CST 2012" />
            <Test name="testGetFlags" result="pass" starttime="Fri Sep 21 15:24:47 CST 2012" endtime="Fri Sep 21 15:24:48 CST 2012" />
            <Test name="testGetKeyCode" result="pass" starttime="Fri Sep 21 15:24:48 CST 2012" endtime="Fri Sep 21 15:24:48 CST 2012" />
            <Test name="testGetKeyData" result="pass" starttime="Fri Sep 21 15:24:48 CST 2012" endtime="Fri Sep 21 15:24:48 CST 2012" />
            <Test name="testGetMatch1" result="pass" starttime="Fri Sep 21 15:24:48 CST 2012" endtime="Fri Sep 21 15:24:48 CST 2012" />
            <Test name="testGetMaxKeyCode" result="pass" starttime="Fri Sep 21 15:24:48 CST 2012" endtime="Fri Sep 21 15:24:48 CST 2012" />
            <Test name="testGetMetaState" result="pass" starttime="Fri Sep 21 15:24:48 CST 2012" endtime="Fri Sep 21 15:24:48 CST 2012" />
            <Test name="testGetModifierMetaStateMask" result="pass" starttime="Fri Sep 21 15:24:48 CST 2012" endtime="Fri Sep 21 15:24:48 CST 2012" />
            <Test name="testGetNumber" result="pass" starttime="Fri Sep 21 15:24:48 CST 2012" endtime="Fri Sep 21 15:24:48 CST 2012" />
            <Test name="testGetRepeatCount" result="pass" starttime="Fri Sep 21 15:24:48 CST 2012" endtime="Fri Sep 21 15:24:48 CST 2012" />
            <Test name="testGetScanCode" result="pass" starttime="Fri Sep 21 15:24:48 CST 2012" endtime="Fri Sep 21 15:24:48 CST 2012" />
            <Test name="testGetUnicodeChar1" result="pass" starttime="Fri Sep 21 15:24:48 CST 2012" endtime="Fri Sep 21 15:24:49 CST 2012" />
            <Test name="testGetUnicodeChar2" result="pass" starttime="Fri Sep 21 15:24:49 CST 2012" endtime="Fri Sep 21 15:24:49 CST 2012" />
            <Test name="testHasModifiers" result="pass" starttime="Fri Sep 21 15:24:49 CST 2012" endtime="Fri Sep 21 15:24:49 CST 2012" />
            <Test name="testHasNoModifiers" result="pass" starttime="Fri Sep 21 15:24:49 CST 2012" endtime="Fri Sep 21 15:24:49 CST 2012" />
            <Test name="testIsAltPressed" result="pass" starttime="Fri Sep 21 15:24:49 CST 2012" endtime="Fri Sep 21 15:24:49 CST 2012" />
            <Test name="testIsModifierKey" result="pass" starttime="Fri Sep 21 15:24:49 CST 2012" endtime="Fri Sep 21 15:24:49 CST 2012" />
            <Test name="testIsPrintingKey" result="pass" starttime="Fri Sep 21 15:24:49 CST 2012" endtime="Fri Sep 21 15:24:49 CST 2012" />
            <Test name="testIsShiftPressed" result="pass" starttime="Fri Sep 21 15:24:49 CST 2012" endtime="Fri Sep 21 15:24:49 CST 2012" />
            <Test name="testIsSymPressed" result="pass" starttime="Fri Sep 21 15:24:49 CST 2012" endtime="Fri Sep 21 15:24:49 CST 2012" />
            <Test name="testIsSystem" result="pass" starttime="Fri Sep 21 15:24:49 CST 2012" endtime="Fri Sep 21 15:24:49 CST 2012" />
            <Test name="testMetaStateHasModifiers" result="pass" starttime="Fri Sep 21 15:24:49 CST 2012" endtime="Fri Sep 21 15:24:50 CST 2012" />
            <Test name="testMetaStateHasNoModifiers" result="pass" starttime="Fri Sep 21 15:24:50 CST 2012" endtime="Fri Sep 21 15:24:50 CST 2012" />
            <Test name="testNormalizeMetaState" result="pass" starttime="Fri Sep 21 15:24:50 CST 2012" endtime="Fri Sep 21 15:24:50 CST 2012" />
            <Test name="testToString" result="pass" starttime="Fri Sep 21 15:24:50 CST 2012" endtime="Fri Sep 21 15:24:50 CST 2012" />
            <Test name="testWriteToParcel" result="pass" starttime="Fri Sep 21 15:24:50 CST 2012" endtime="Fri Sep 21 15:24:50 CST 2012" />
          </TestCase>
          <TestCase name="LayoutInflaterTest" priority="">
            <Test name="testAccessLayoutInflaterProperties" result="pass" starttime="Fri Sep 21 15:24:50 CST 2012" endtime="Fri Sep 21 15:24:50 CST 2012" />
            <Test name="testAndroidTestCaseSetupProperly" result="pass" starttime="Fri Sep 21 15:24:50 CST 2012" endtime="Fri Sep 21 15:24:50 CST 2012" />
            <Test name="testCreateView" result="pass" starttime="Fri Sep 21 15:24:50 CST 2012" endtime="Fri Sep 21 15:24:50 CST 2012" />
            <Test name="testFrom" result="pass" starttime="Fri Sep 21 15:24:50 CST 2012" endtime="Fri Sep 21 15:24:50 CST 2012" />
            <Test name="testInflate" result="pass" starttime="Fri Sep 21 15:24:50 CST 2012" endtime="Fri Sep 21 15:24:51 CST 2012" />
            <Test name="testInflate2" result="pass" starttime="Fri Sep 21 15:24:51 CST 2012" endtime="Fri Sep 21 15:24:51 CST 2012" />
            <Test name="testInflate3" result="pass" starttime="Fri Sep 21 15:24:51 CST 2012" endtime="Fri Sep 21 15:24:51 CST 2012" />
            <Test name="testInflate4" result="pass" starttime="Fri Sep 21 15:24:51 CST 2012" endtime="Fri Sep 21 15:24:51 CST 2012" />
          </TestCase>
          <TestCase name="MenuInflaterTest" priority="">
            <Test name="testConstructor" result="pass" starttime="Fri Sep 21 15:24:51 CST 2012" endtime="Fri Sep 21 15:24:51 CST 2012" />
            <Test name="testInflate" result="pass" starttime="Fri Sep 21 15:24:51 CST 2012" endtime="Fri Sep 21 15:24:51 CST 2012" />
            <Test name="testInflateFromXml" result="pass" starttime="Fri Sep 21 15:24:51 CST 2012" endtime="Fri Sep 21 15:24:52 CST 2012" />
          </TestCase>
          <TestCase name="MotionEventTest" priority="">
            <Test name="testAccessAction" result="pass" starttime="Fri Sep 21 15:24:52 CST 2012" endtime="Fri Sep 21 15:24:52 CST 2012" />
            <Test name="testAccessEdgeFlags" result="pass" starttime="Fri Sep 21 15:24:52 CST 2012" endtime="Fri Sep 21 15:24:52 CST 2012" />
            <Test name="testAddBatch" result="pass" starttime="Fri Sep 21 15:24:52 CST 2012" endtime="Fri Sep 21 15:24:52 CST 2012" />
            <Test name="testAndroidTestCaseSetupProperly" result="pass" starttime="Fri Sep 21 15:24:52 CST 2012" endtime="Fri Sep 21 15:24:52 CST 2012" />
            <Test name="testDescribeContents" result="pass" starttime="Fri Sep 21 15:24:52 CST 2012" endtime="Fri Sep 21 15:24:52 CST 2012" />
            <Test name="testGetHistoricalEventTime" result="pass" starttime="Fri Sep 21 15:24:52 CST 2012" endtime="Fri Sep 21 15:24:52 CST 2012" />
            <Test name="testGetHistoricalPressure" result="pass" starttime="Fri Sep 21 15:24:52 CST 2012" endtime="Fri Sep 21 15:24:52 CST 2012" />
            <Test name="testGetHistoricalSize" result="pass" starttime="Fri Sep 21 15:24:52 CST 2012" endtime="Fri Sep 21 15:24:52 CST 2012" />
            <Test name="testGetHistoricalX" result="pass" starttime="Fri Sep 21 15:24:52 CST 2012" endtime="Fri Sep 21 15:24:53 CST 2012" />
            <Test name="testGetHistoricalY" result="pass" starttime="Fri Sep 21 15:24:53 CST 2012" endtime="Fri Sep 21 15:24:53 CST 2012" />
            <Test name="testGetHistorySize" result="pass" starttime="Fri Sep 21 15:24:53 CST 2012" endtime="Fri Sep 21 15:24:53 CST 2012" />
            <Test name="testObtain1" result="pass" starttime="Fri Sep 21 15:24:53 CST 2012" endtime="Fri Sep 21 15:24:53 CST 2012" />
            <Test name="testObtain2" result="pass" starttime="Fri Sep 21 15:24:53 CST 2012" endtime="Fri Sep 21 15:24:53 CST 2012" />
            <Test name="testObtain3" result="pass" starttime="Fri Sep 21 15:24:53 CST 2012" endtime="Fri Sep 21 15:24:53 CST 2012" />
            <Test name="testOffsetLocation" result="pass" starttime="Fri Sep 21 15:24:53 CST 2012" endtime="Fri Sep 21 15:24:53 CST 2012" />
            <Test name="testPointerCoordsCopyConstructor" result="pass" starttime="Fri Sep 21 15:24:53 CST 2012" endtime="Fri Sep 21 15:24:53 CST 2012" />
            <Test name="testPointerCoordsCopyFrom" result="pass" starttime="Fri Sep 21 15:24:53 CST 2012" endtime="Fri Sep 21 15:24:53 CST 2012" />
            <Test name="testPointerCoordsDefaultConstructor" result="pass" starttime="Fri Sep 21 15:24:53 CST 2012" endtime="Fri Sep 21 15:24:53 CST 2012" />
            <Test name="testPointerPropertiesCopyConstructor" result="pass" starttime="Fri Sep 21 15:24:53 CST 2012" endtime="Fri Sep 21 15:24:54 CST 2012" />
            <Test name="testPointerPropertiesCopyFrom" result="pass" starttime="Fri Sep 21 15:24:54 CST 2012" endtime="Fri Sep 21 15:24:54 CST 2012" />
            <Test name="testPointerPropertiesDefaultConstructor" result="pass" starttime="Fri Sep 21 15:24:54 CST 2012" endtime="Fri Sep 21 15:24:54 CST 2012" />
            <Test name="testRecycle" result="pass" starttime="Fri Sep 21 15:24:54 CST 2012" endtime="Fri Sep 21 15:24:54 CST 2012" />
            <Test name="testSetLocation" result="pass" starttime="Fri Sep 21 15:24:54 CST 2012" endtime="Fri Sep 21 15:24:54 CST 2012" />
            <Test name="testToString" result="pass" starttime="Fri Sep 21 15:24:54 CST 2012" endtime="Fri Sep 21 15:24:54 CST 2012" />
            <Test name="testTransformShouldApplyMatrixToPointsAndPreserveRawPosition" result="pass" starttime="Fri Sep 21 15:24:54 CST 2012" endtime="Fri Sep 21 15:24:54 CST 2012" />
            <Test name="testTransformShouldThrowWhenMatrixIsNull" result="pass" starttime="Fri Sep 21 15:24:54 CST 2012" endtime="Fri Sep 21 15:24:54 CST 2012" />
            <Test name="testWriteToParcel" result="pass" starttime="Fri Sep 21 15:24:54 CST 2012" endtime="Fri Sep 21 15:24:54 CST 2012" />
          </TestCase>
          <TestCase name="OrientationEventListenerTest" priority="">
            <Test name="testAndroidTestCaseSetupProperly" result="pass" starttime="Fri Sep 21 15:24:54 CST 2012" endtime="Fri Sep 21 15:24:55 CST 2012" />
            <Test name="testCanDetectOrientation" result="pass" starttime="Fri Sep 21 15:24:55 CST 2012" endtime="Fri Sep 21 15:24:55 CST 2012" />
            <Test name="testConstructor" result="pass" starttime="Fri Sep 21 15:24:55 CST 2012" endtime="Fri Sep 21 15:24:55 CST 2012" />
            <Test name="testEnableAndDisable" result="pass" starttime="Fri Sep 21 15:24:55 CST 2012" endtime="Fri Sep 21 15:24:55 CST 2012" />
          </TestCase>
          <TestCase name="OrientationListenerTest" priority="">
            <Test name="testAndroidTestCaseSetupProperly" result="pass" starttime="Fri Sep 21 15:24:55 CST 2012" endtime="Fri Sep 21 15:24:55 CST 2012" />
            <Test name="testConstructor" result="pass" starttime="Fri Sep 21 15:24:55 CST 2012" endtime="Fri Sep 21 15:24:55 CST 2012" />
            <Test name="testOnAccuracyChanged" result="pass" starttime="Fri Sep 21 15:24:55 CST 2012" endtime="Fri Sep 21 15:24:55 CST 2012" />
            <Test name="testOnOrientationChanged" result="pass" starttime="Fri Sep 21 15:24:55 CST 2012" endtime="Fri Sep 21 15:24:55 CST 2012" />
            <Test name="testOnSensorChanged" result="pass" starttime="Fri Sep 21 15:24:55 CST 2012" endtime="Fri Sep 21 15:24:55 CST 2012" />
            <Test name="testRegisterationOfOrientationListener" result="pass" starttime="Fri Sep 21 15:24:55 CST 2012" endtime="Fri Sep 21 15:24:55 CST 2012" />
          </TestCase>
          <TestCase name="SoundEffectConstantsTest" priority="">
            <Test name="testAndroidTestCaseSetupProperly" result="pass" starttime="Fri Sep 21 15:24:55 CST 2012" endtime="Fri Sep 21 15:24:56 CST 2012" />
            <Test name="testgetContantForFocusDirection" result="pass" starttime="Fri Sep 21 15:24:56 CST 2012" endtime="Fri Sep 21 15:24:56 CST 2012" />
          </TestCase>
          <TestCase name="SurfaceHolder_BadSurfaceTypeExceptionTest" priority="">
            <Test name="testBadSurfaceTypeException" result="pass" starttime="Fri Sep 21 15:24:56 CST 2012" endtime="Fri Sep 21 15:24:56 CST 2012" />
          </TestCase>
          <TestCase name="SurfaceViewTest" priority="">
            <Test name="testConstructor" result="pass" starttime="Fri Sep 21 15:24:56 CST 2012" endtime="Fri Sep 21 15:24:56 CST 2012" />
            <Test name="testOnDetachedFromWindow" result="pass" starttime="Fri Sep 21 15:24:56 CST 2012" endtime="Fri Sep 21 15:24:57 CST 2012" />
            <Test name="testOnScrollChanged" result="pass" starttime="Fri Sep 21 15:24:57 CST 2012" endtime="Fri Sep 21 15:24:57 CST 2012" />
            <Test name="testOnSizeChanged" result="pass" starttime="Fri Sep 21 15:24:57 CST 2012" endtime="Fri Sep 21 15:24:57 CST 2012" />
            <Test name="testSurfaceView" result="pass" starttime="Fri Sep 21 15:24:57 CST 2012" endtime="Fri Sep 21 15:24:58 CST 2012" />
          </TestCase>
          <TestCase name="Surface_OutOfResourcesExceptionTest" priority="">
            <Test name="testAndroidTestCaseSetupProperly" result="pass" starttime="Fri Sep 21 15:24:58 CST 2012" endtime="Fri Sep 21 15:24:58 CST 2012" />
            <Test name="testConstructor" result="pass" starttime="Fri Sep 21 15:24:58 CST 2012" endtime="Fri Sep 21 15:24:58 CST 2012" />
          </TestCase>
          <TestCase name="TouchDelegateTest" priority="">
            <Test name="testOnTouchEvent" result="pass" starttime="Fri Sep 21 15:24:58 CST 2012" endtime="Fri Sep 21 15:24:58 CST 2012" />
          </TestCase>
          <TestCase name="VelocityTrackerTest" priority="">
            <Test name="testAcceleratingMovement" result="pass" starttime="Fri Sep 21 15:24:58 CST 2012" endtime="Fri Sep 21 15:24:58 CST 2012" />
            <Test name="testAndroidTestCaseSetupProperly" result="pass" starttime="Fri Sep 21 15:24:58 CST 2012" endtime="Fri Sep 21 15:24:58 CST 2012" />
            <Test name="testChangingAcceleration" result="pass" starttime="Fri Sep 21 15:24:58 CST 2012" endtime="Fri Sep 21 15:24:58 CST 2012" />
            <Test name="testDeceleratingMovement" result="pass" starttime="Fri Sep 21 15:24:58 CST 2012" endtime="Fri Sep 21 15:24:59 CST 2012" />
            <Test name="testLinearMovement" result="pass" starttime="Fri Sep 21 15:24:59 CST 2012" endtime="Fri Sep 21 15:24:59 CST 2012" />
            <Test name="testLinearSharpDirectionChange" result="pass" starttime="Fri Sep 21 15:24:59 CST 2012" endtime="Fri Sep 21 15:24:59 CST 2012" />
            <Test name="testLinearSharpDirectionChangeAfterALongPause" result="pass" starttime="Fri Sep 21 15:24:59 CST 2012" endtime="Fri Sep 21 15:24:59 CST 2012" />
            <Test name="testNoMovement" result="pass" starttime="Fri Sep 21 15:24:59 CST 2012" endtime="Fri Sep 21 15:24:59 CST 2012" />
          </TestCase>
          <TestCase name="ViewConfigurationTest" priority="">
            <Test name="testConstructor" result="pass" starttime="Fri Sep 21 15:24:59 CST 2012" endtime="Fri Sep 21 15:24:59 CST 2012" />
            <Test name="testInstanceValues" result="pass" starttime="Fri Sep 21 15:24:59 CST 2012" endtime="Fri Sep 21 15:24:59 CST 2012" />
            <Test name="testStaticValues" result="pass" starttime="Fri Sep 21 15:24:59 CST 2012" endtime="Fri Sep 21 15:24:59 CST 2012" />
          </TestCase>
          <TestCase name="ViewDebugTest" priority="">
            <Test name="testAndroidTestCaseSetupProperly" result="pass" starttime="Fri Sep 21 15:24:59 CST 2012" endtime="Fri Sep 21 15:24:59 CST 2012" />
            <Test name="testConstructor" result="pass" starttime="Fri Sep 21 15:24:59 CST 2012" endtime="Fri Sep 21 15:24:59 CST 2012" />
            <Test name="testHierarchyTracing" result="pass" starttime="Fri Sep 21 15:24:59 CST 2012" endtime="Fri Sep 21 15:25:00 CST 2012" />
            <Test name="testRecyclerTracing" result="pass" starttime="Fri Sep 21 15:25:00 CST 2012" endtime="Fri Sep 21 15:25:00 CST 2012" />
          </TestCase>
          <TestCase name="ViewGroupTest" priority="">
            <Test name="testAddFocusables" result="pass" starttime="Fri Sep 21 15:25:00 CST 2012" endtime="Fri Sep 21 15:25:00 CST 2012" />
            <Test name="testAddStatesFromChildren" result="pass" starttime="Fri Sep 21 15:25:00 CST 2012" endtime="Fri Sep 21 15:25:00 CST 2012" />
            <Test name="testAddTouchables" result="pass" starttime="Fri Sep 21 15:25:00 CST 2012" endtime="Fri Sep 21 15:25:00 CST 2012" />
            <Test name="testAddView" result="pass" starttime="Fri Sep 21 15:25:00 CST 2012" endtime="Fri Sep 21 15:25:00 CST 2012" />
            <Test name="testAddViewInLayout" result="pass" starttime="Fri Sep 21 15:25:00 CST 2012" endtime="Fri Sep 21 15:25:00 CST 2012" />
            <Test name="testAddViewInLayoutWithParamViewIntLayB" result="pass" starttime="Fri Sep 21 15:25:00 CST 2012" endtime="Fri Sep 21 15:25:00 CST 2012" />
            <Test name="testAddViewWidthParaViewIntLayoutParam" result="pass" starttime="Fri Sep 21 15:25:00 CST 2012" endtime="Fri Sep 21 15:25:00 CST 2012" />
            <Test name="testAddViewWithParaViewInt" result="pass" starttime="Fri Sep 21 15:25:00 CST 2012" endtime="Fri Sep 21 15:25:00 CST 2012" />
            <Test name="testAddViewWithParaViewIntInt" result="pass" starttime="Fri Sep 21 15:25:00 CST 2012" endtime="Fri Sep 21 15:25:01 CST 2012" />
            <Test name="testAddViewWithParaViewLayoutPara" result="pass" starttime="Fri Sep 21 15:25:01 CST 2012" endtime="Fri Sep 21 15:25:01 CST 2012" />
            <Test name="testAttachLayoutAnimationParameters" result="pass" starttime="Fri Sep 21 15:25:01 CST 2012" endtime="Fri Sep 21 15:25:01 CST 2012" />
            <Test name="testAttachViewToParent" result="pass" starttime="Fri Sep 21 15:25:01 CST 2012" endtime="Fri Sep 21 15:25:01 CST 2012" />
            <Test name="testBringChildToFront" result="pass" starttime="Fri Sep 21 15:25:01 CST 2012" endtime="Fri Sep 21 15:25:01 CST 2012" />
            <Test name="testCanAnimate" result="pass" starttime="Fri Sep 21 15:25:01 CST 2012" endtime="Fri Sep 21 15:25:01 CST 2012" />
            <Test name="testCheckLayoutParams" result="pass" starttime="Fri Sep 21 15:25:01 CST 2012" endtime="Fri Sep 21 15:25:01 CST 2012" />
            <Test name="testChildDrawableStateChanged" result="pass" starttime="Fri Sep 21 15:25:01 CST 2012" endtime="Fri Sep 21 15:25:01 CST 2012" />
            <Test name="testCleanupLayoutState" result="pass" starttime="Fri Sep 21 15:25:01 CST 2012" endtime="Fri Sep 21 15:25:01 CST 2012" />
            <Test name="testClearChildFocus" result="pass" starttime="Fri Sep 21 15:25:01 CST 2012" endtime="Fri Sep 21 15:25:01 CST 2012" />
            <Test name="testClearDisappearingChildren" result="pass" starttime="Fri Sep 21 15:25:01 CST 2012" endtime="Fri Sep 21 15:25:02 CST 2012" />
            <Test name="testClearFocus" result="pass" starttime="Fri Sep 21 15:25:02 CST 2012" endtime="Fri Sep 21 15:25:02 CST 2012" />
            <Test name="testConstructor" result="pass" starttime="Fri Sep 21 15:25:02 CST 2012" endtime="Fri Sep 21 15:25:02 CST 2012" />
            <Test name="testDebug" result="pass" starttime="Fri Sep 21 15:25:02 CST 2012" endtime="Fri Sep 21 15:25:02 CST 2012" />
            <Test name="testDetachAllViewsFromParent" result="pass" starttime="Fri Sep 21 15:25:02 CST 2012" endtime="Fri Sep 21 15:25:02 CST 2012" />
            <Test name="testDetachViewFromParent" result="pass" starttime="Fri Sep 21 15:25:02 CST 2012" endtime="Fri Sep 21 15:25:02 CST 2012" />
            <Test name="testDetachViewFromParentWithParamView" result="pass" starttime="Fri Sep 21 15:25:02 CST 2012" endtime="Fri Sep 21 15:25:02 CST 2012" />
            <Test name="testDetachViewsFromParent" result="pass" starttime="Fri Sep 21 15:25:02 CST 2012" endtime="Fri Sep 21 15:25:02 CST 2012" />
            <Test name="testDispatchDraw" result="pass" starttime="Fri Sep 21 15:25:02 CST 2012" endtime="Fri Sep 21 15:25:02 CST 2012" />
            <Test name="testDispatchFreezeSelfOnly" result="pass" starttime="Fri Sep 21 15:25:02 CST 2012" endtime="Fri Sep 21 15:25:02 CST 2012" />
            <Test name="testDispatchKeyEvent" result="pass" starttime="Fri Sep 21 15:25:02 CST 2012" endtime="Fri Sep 21 15:25:03 CST 2012" />
            <Test name="testDispatchKeyEventPreIme" result="pass" starttime="Fri Sep 21 15:25:03 CST 2012" endtime="Fri Sep 21 15:25:03 CST 2012" />
            <Test name="testDispatchSaveInstanceState" result="pass" starttime="Fri Sep 21 15:25:03 CST 2012" endtime="Fri Sep 21 15:25:03 CST 2012" />
            <Test name="testDispatchSetPressed" result="pass" starttime="Fri Sep 21 15:25:03 CST 2012" endtime="Fri Sep 21 15:25:03 CST 2012" />
            <Test name="testDispatchSetSelected" result="pass" starttime="Fri Sep 21 15:25:03 CST 2012" endtime="Fri Sep 21 15:25:03 CST 2012" />
            <Test name="testDispatchThawSelfOnly" result="pass" starttime="Fri Sep 21 15:25:03 CST 2012" endtime="Fri Sep 21 15:25:03 CST 2012" />
            <Test name="testDispatchTouchEvent" result="pass" starttime="Fri Sep 21 15:25:03 CST 2012" endtime="Fri Sep 21 15:25:03 CST 2012" />
            <Test name="testDispatchTrackballEvent" result="pass" starttime="Fri Sep 21 15:25:03 CST 2012" endtime="Fri Sep 21 15:25:03 CST 2012" />
            <Test name="testDispatchUnhandledMove" result="pass" starttime="Fri Sep 21 15:25:03 CST 2012" endtime="Fri Sep 21 15:25:03 CST 2012" />
            <Test name="testDispatchWindowFocusChanged" result="pass" starttime="Fri Sep 21 15:25:03 CST 2012" endtime="Fri Sep 21 15:25:04 CST 2012" />
            <Test name="testDispatchWindowVisibilityChanged" result="pass" starttime="Fri Sep 21 15:25:04 CST 2012" endtime="Fri Sep 21 15:25:04 CST 2012" />
            <Test name="testDrawChild" result="pass" starttime="Fri Sep 21 15:25:04 CST 2012" endtime="Fri Sep 21 15:25:04 CST 2012" />
            <Test name="testDrawableStateChanged" result="pass" starttime="Fri Sep 21 15:25:04 CST 2012" endtime="Fri Sep 21 15:25:04 CST 2012" />
            <Test name="testFindFocus" result="pass" starttime="Fri Sep 21 15:25:04 CST 2012" endtime="Fri Sep 21 15:25:04 CST 2012" />
            <Test name="testFitSystemWindows" result="pass" starttime="Fri Sep 21 15:25:04 CST 2012" endtime="Fri Sep 21 15:25:04 CST 2012" />
            <Test name="testFocusSearch" result="pass" starttime="Fri Sep 21 15:25:04 CST 2012" endtime="Fri Sep 21 15:25:04 CST 2012" />
            <Test name="testFocusableViewAvailable" result="pass" starttime="Fri Sep 21 15:25:04 CST 2012" endtime="Fri Sep 21 15:25:04 CST 2012" />
            <Test name="testGatherTransparentRegion" result="pass" starttime="Fri Sep 21 15:25:04 CST 2012" endtime="Fri Sep 21 15:25:04 CST 2012" />
            <Test name="testGenerateDefaultLayoutParams" result="pass" starttime="Fri Sep 21 15:25:04 CST 2012" endtime="Fri Sep 21 15:25:04 CST 2012" />
            <Test name="testGenerateLayoutParams" result="pass" starttime="Fri Sep 21 15:25:04 CST 2012" endtime="Fri Sep 21 15:25:05 CST 2012" />
            <Test name="testGenerateLayoutParamsWithParaAttributeSet" result="pass" starttime="Fri Sep 21 15:25:05 CST 2012" endtime="Fri Sep 21 15:25:05 CST 2012" />
            <Test name="testGetChildDrawingOrder" result="pass" starttime="Fri Sep 21 15:25:05 CST 2012" endtime="Fri Sep 21 15:25:05 CST 2012" />
            <Test name="testGetChildMeasureSpec" result="pass" starttime="Fri Sep 21 15:25:05 CST 2012" endtime="Fri Sep 21 15:25:05 CST 2012" />
            <Test name="testGetChildStaticTransformation" result="pass" starttime="Fri Sep 21 15:25:05 CST 2012" endtime="Fri Sep 21 15:25:05 CST 2012" />
            <Test name="testGetChildVisibleRect" result="pass" starttime="Fri Sep 21 15:25:05 CST 2012" endtime="Fri Sep 21 15:25:05 CST 2012" />
            <Test name="testGetDescendantFocusability" result="pass" starttime="Fri Sep 21 15:25:05 CST 2012" endtime="Fri Sep 21 15:25:05 CST 2012" />
            <Test name="testGetLayoutAnimation" result="pass" starttime="Fri Sep 21 15:25:05 CST 2012" endtime="Fri Sep 21 15:25:05 CST 2012" />
            <Test name="testGetLayoutAnimationListener" result="pass" starttime="Fri Sep 21 15:25:05 CST 2012" endtime="Fri Sep 21 15:25:05 CST 2012" />
            <Test name="testGetPersistentDrawingCache" result="pass" starttime="Fri Sep 21 15:25:05 CST 2012" endtime="Fri Sep 21 15:25:05 CST 2012" />
            <Test name="testHasFocus" result="pass" starttime="Fri Sep 21 15:25:05 CST 2012" endtime="Fri Sep 21 15:25:06 CST 2012" />
            <Test name="testHasFocusable" result="pass" starttime="Fri Sep 21 15:25:06 CST 2012" endtime="Fri Sep 21 15:25:06 CST 2012" />
            <Test name="testIndexOfChild" result="pass" starttime="Fri Sep 21 15:25:06 CST 2012" endtime="Fri Sep 21 15:25:06 CST 2012" />
            <Test name="testInvalidateChild" result="pass" starttime="Fri Sep 21 15:25:06 CST 2012" endtime="Fri Sep 21 15:25:08 CST 2012" />
            <Test name="testIsAlwaysDrawnWithCacheEnabled" result="pass" starttime="Fri Sep 21 15:25:08 CST 2012" endtime="Fri Sep 21 15:25:08 CST 2012" />
            <Test name="testIsAnimationCacheEnabled" result="pass" starttime="Fri Sep 21 15:25:08 CST 2012" endtime="Fri Sep 21 15:25:08 CST 2012" />
            <Test name="testIsChildrenDrawnWithCacheEnabled" result="pass" starttime="Fri Sep 21 15:25:08 CST 2012" endtime="Fri Sep 21 15:25:08 CST 2012" />
            <Test name="testMeasureChild" result="pass" starttime="Fri Sep 21 15:25:08 CST 2012" endtime="Fri Sep 21 15:25:08 CST 2012" />
            <Test name="testMeasureChildWithMargins" result="pass" starttime="Fri Sep 21 15:25:08 CST 2012" endtime="Fri Sep 21 15:25:08 CST 2012" />
            <Test name="testMeasureChildren" result="pass" starttime="Fri Sep 21 15:25:08 CST 2012" endtime="Fri Sep 21 15:25:08 CST 2012" />
            <Test name="testOffsetDescendantRectToMyCoords" result="pass" starttime="Fri Sep 21 15:25:08 CST 2012" endtime="Fri Sep 21 15:25:09 CST 2012" />
            <Test name="testOffsetRectIntoDescendantCoords" result="pass" starttime="Fri Sep 21 15:25:09 CST 2012" endtime="Fri Sep 21 15:25:09 CST 2012" />
            <Test name="testOnAnimationEnd" result="pass" starttime="Fri Sep 21 15:25:09 CST 2012" endtime="Fri Sep 21 15:25:09 CST 2012" />
            <Test name="testOnAnimationStart" result="pass" starttime="Fri Sep 21 15:25:09 CST 2012" endtime="Fri Sep 21 15:25:09 CST 2012" />
            <Test name="testOnCreateDrawableState" result="pass" starttime="Fri Sep 21 15:25:09 CST 2012" endtime="Fri Sep 21 15:25:09 CST 2012" />
            <Test name="testOnInterceptTouchEvent" result="pass" starttime="Fri Sep 21 15:25:09 CST 2012" endtime="Fri Sep 21 15:25:09 CST 2012" />
            <Test name="testOnLayout" result="pass" starttime="Fri Sep 21 15:25:09 CST 2012" endtime="Fri Sep 21 15:25:09 CST 2012" />
            <Test name="testOnRequestFocusInDescendants" result="pass" starttime="Fri Sep 21 15:25:09 CST 2012" endtime="Fri Sep 21 15:25:09 CST 2012" />
            <Test name="testRemoveAllViews" result="pass" starttime="Fri Sep 21 15:25:09 CST 2012" endtime="Fri Sep 21 15:25:09 CST 2012" />
            <Test name="testRemoveAllViewsInLayout" result="pass" starttime="Fri Sep 21 15:25:09 CST 2012" endtime="Fri Sep 21 15:25:09 CST 2012" />
            <Test name="testRemoveDetachedView" result="pass" starttime="Fri Sep 21 15:25:09 CST 2012" endtime="Fri Sep 21 15:25:10 CST 2012" />
            <Test name="testRemoveView" result="pass" starttime="Fri Sep 21 15:25:10 CST 2012" endtime="Fri Sep 21 15:25:10 CST 2012" />
            <Test name="testRemoveViewAt" result="pass" starttime="Fri Sep 21 15:25:10 CST 2012" endtime="Fri Sep 21 15:25:10 CST 2012" />
            <Test name="testRemoveViewInLayout" result="pass" starttime="Fri Sep 21 15:25:10 CST 2012" endtime="Fri Sep 21 15:25:10 CST 2012" />
            <Test name="testRemoveViews" result="pass" starttime="Fri Sep 21 15:25:10 CST 2012" endtime="Fri Sep 21 15:25:10 CST 2012" />
            <Test name="testRemoveViewsInLayout" result="pass" starttime="Fri Sep 21 15:25:10 CST 2012" endtime="Fri Sep 21 15:25:10 CST 2012" />
            <Test name="testRequestChildFocus" result="pass" starttime="Fri Sep 21 15:25:10 CST 2012" endtime="Fri Sep 21 15:25:10 CST 2012" />
            <Test name="testRequestChildRectangleOnScreen" result="pass" starttime="Fri Sep 21 15:25:10 CST 2012" endtime="Fri Sep 21 15:25:10 CST 2012" />
            <Test name="testRequestDisallowInterceptTouchEvent" result="pass" starttime="Fri Sep 21 15:25:10 CST 2012" endtime="Fri Sep 21 15:25:10 CST 2012" />
            <Test name="testRequestFocus" result="pass" starttime="Fri Sep 21 15:25:10 CST 2012" endtime="Fri Sep 21 15:25:10 CST 2012" />
            <Test name="testRequestTransparentRegion" result="pass" starttime="Fri Sep 21 15:25:11 CST 2012" endtime="Fri Sep 21 15:25:11 CST 2012" />
            <Test name="testScheduleLayoutAnimation" result="pass" starttime="Fri Sep 21 15:25:11 CST 2012" endtime="Fri Sep 21 15:25:11 CST 2012" />
            <Test name="testSetAddStatesFromChildren" result="pass" starttime="Fri Sep 21 15:25:11 CST 2012" endtime="Fri Sep 21 15:25:11 CST 2012" />
            <Test name="testSetChildrenDrawingCacheEnabled" result="pass" starttime="Fri Sep 21 15:25:11 CST 2012" endtime="Fri Sep 21 15:25:11 CST 2012" />
            <Test name="testSetChildrenDrawnWithCacheEnabled" result="pass" starttime="Fri Sep 21 15:25:11 CST 2012" endtime="Fri Sep 21 15:25:11 CST 2012" />
            <Test name="testSetClipChildren" result="pass" starttime="Fri Sep 21 15:25:11 CST 2012" endtime="Fri Sep 21 15:25:11 CST 2012" />
            <Test name="testSetClipToPadding" result="pass" starttime="Fri Sep 21 15:25:11 CST 2012" endtime="Fri Sep 21 15:25:11 CST 2012" />
            <Test name="testSetDescendantFocusability" result="pass" starttime="Fri Sep 21 15:25:11 CST 2012" endtime="Fri Sep 21 15:25:11 CST 2012" />
            <Test name="testSetOnHierarchyChangeListener" result="pass" starttime="Fri Sep 21 15:25:11 CST 2012" endtime="Fri Sep 21 15:25:11 CST 2012" />
            <Test name="testSetPadding" result="pass" starttime="Fri Sep 21 15:25:11 CST 2012" endtime="Fri Sep 21 15:25:11 CST 2012" />
            <Test name="testSetPersistentDrawingCache" result="pass" starttime="Fri Sep 21 15:25:12 CST 2012" endtime="Fri Sep 21 15:25:12 CST 2012" />
            <Test name="testShowContextMenuForChild" result="pass" starttime="Fri Sep 21 15:25:12 CST 2012" endtime="Fri Sep 21 15:25:12 CST 2012" />
            <Test name="testStartLayoutAnimation" result="pass" starttime="Fri Sep 21 15:25:12 CST 2012" endtime="Fri Sep 21 15:25:12 CST 2012" />
            <Test name="testUpdateViewLayout" result="pass" starttime="Fri Sep 21 15:25:12 CST 2012" endtime="Fri Sep 21 15:25:12 CST 2012" />
          </TestCase>
          <TestCase name="ViewGroup_LayoutParamsTest" priority="">
            <Test name="testAndroidTestCaseSetupProperly" result="pass" starttime="Fri Sep 21 15:25:12 CST 2012" endtime="Fri Sep 21 15:25:12 CST 2012" />
            <Test name="testConstructor" result="pass" starttime="Fri Sep 21 15:25:12 CST 2012" endtime="Fri Sep 21 15:25:12 CST 2012" />
            <Test name="testSetBaseAttributes" result="pass" starttime="Fri Sep 21 15:25:12 CST 2012" endtime="Fri Sep 21 15:25:12 CST 2012" />
          </TestCase>
          <TestCase name="ViewGroup_MarginLayoutParamsTest" priority="">
            <Test name="testConstructor" result="pass" starttime="Fri Sep 21 15:25:12 CST 2012" endtime="Fri Sep 21 15:25:12 CST 2012" />
            <Test name="testSetMargins" result="pass" starttime="Fri Sep 21 15:25:12 CST 2012" endtime="Fri Sep 21 15:25:12 CST 2012" />
          </TestCase>
          <TestCase name="ViewStubTest" priority="">
            <Test name="testAccessInflatedId" result="pass" starttime="Fri Sep 21 15:25:12 CST 2012" endtime="Fri Sep 21 15:25:13 CST 2012" />
            <Test name="testAccessLayoutResource" result="pass" starttime="Fri Sep 21 15:25:13 CST 2012" endtime="Fri Sep 21 15:25:13 CST 2012" />
            <Test name="testActivityTestCaseSetUpProperly" result="pass" starttime="Fri Sep 21 15:25:13 CST 2012" endtime="Fri Sep 21 15:25:13 CST 2012" />
            <Test name="testConstructor" result="pass" starttime="Fri Sep 21 15:25:13 CST 2012" endtime="Fri Sep 21 15:25:14 CST 2012" />
            <Test name="testDraw" result="pass" starttime="Fri Sep 21 15:25:14 CST 2012" endtime="Fri Sep 21 15:25:14 CST 2012" />
            <Test name="testInflate" result="pass" starttime="Fri Sep 21 15:25:14 CST 2012" endtime="Fri Sep 21 15:25:14 CST 2012" />
            <Test name="testInflateError" result="pass" starttime="Fri Sep 21 15:25:14 CST 2012" endtime="Fri Sep 21 15:25:15 CST 2012" />
            <Test name="testSetOnInflateListener" result="pass" starttime="Fri Sep 21 15:25:15 CST 2012" endtime="Fri Sep 21 15:25:15 CST 2012" />
            <Test name="testSetOnInflateListenerError" result="pass" starttime="Fri Sep 21 15:25:15 CST 2012" endtime="Fri Sep 21 15:25:15 CST 2012" />
            <Test name="testSetVisibility" result="pass" starttime="Fri Sep 21 15:25:15 CST 2012" endtime="Fri Sep 21 15:25:16 CST 2012" />
            <Test name="testViewStubHasNoDimensions" result="pass" starttime="Fri Sep 21 15:25:16 CST 2012" endtime="Fri Sep 21 15:25:16 CST 2012" />
          </TestCase>
          <TestCase name="ViewTest" priority="">
            <Test name="testAccessBackground" result="pass" starttime="Fri Sep 21 15:25:16 CST 2012" endtime="Fri Sep 21 15:25:16 CST 2012" />
            <Test name="testAccessClickable" result="pass" starttime="Fri Sep 21 15:25:16 CST 2012" endtime="Fri Sep 21 15:25:16 CST 2012" />
            <Test name="testAccessDrawingCacheBackgroundColor" result="pass" starttime="Fri Sep 21 15:25:16 CST 2012" endtime="Fri Sep 21 15:25:17 CST 2012" />
            <Test name="testAccessDrawingCacheEnabled" result="pass" starttime="Fri Sep 21 15:25:17 CST 2012" endtime="Fri Sep 21 15:25:17 CST 2012" />
            <Test name="testAccessDrawingCacheQuality" result="pass" starttime="Fri Sep 21 15:25:17 CST 2012" endtime="Fri Sep 21 15:25:17 CST 2012" />
            <Test name="testAccessDuplicateParentStateEnabled" result="pass" starttime="Fri Sep 21 15:25:17 CST 2012" endtime="Fri Sep 21 15:25:18 CST 2012" />
            <Test name="testAccessEnabled" result="pass" starttime="Fri Sep 21 15:25:18 CST 2012" endtime="Fri Sep 21 15:25:18 CST 2012" />
            <Test name="testAccessId" result="pass" starttime="Fri Sep 21 15:25:18 CST 2012" endtime="Fri Sep 21 15:25:18 CST 2012" />
            <Test name="testAccessKeepScreenOn" result="pass" starttime="Fri Sep 21 15:25:18 CST 2012" endtime="Fri Sep 21 15:25:19 CST 2012" />
            <Test name="testAccessLayoutParams" result="pass" starttime="Fri Sep 21 15:25:19 CST 2012" endtime="Fri Sep 21 15:25:19 CST 2012" />
            <Test name="testAccessLongClickable" result="pass" starttime="Fri Sep 21 15:25:19 CST 2012" endtime="Fri Sep 21 15:25:19 CST 2012" />
            <Test name="testAccessMeasuredDimension" result="pass" starttime="Fri Sep 21 15:25:19 CST 2012" endtime="Fri Sep 21 15:25:20 CST 2012" />
            <Test name="testAccessNextFocusDownId" result="pass" starttime="Fri Sep 21 15:25:20 CST 2012" endtime="Fri Sep 21 15:25:20 CST 2012" />
            <Test name="testAccessNextFocusLeftId" result="pass" starttime="Fri Sep 21 15:25:20 CST 2012" endtime="Fri Sep 21 15:25:20 CST 2012" />
            <Test name="testAccessNextFocusRightId" result="pass" starttime="Fri Sep 21 15:25:20 CST 2012" endtime="Fri Sep 21 15:25:21 CST 2012" />
            <Test name="testAccessNextFocusUpId" result="pass" starttime="Fri Sep 21 15:25:21 CST 2012" endtime="Fri Sep 21 15:25:21 CST 2012" />
            <Test name="testAccessOnFocusChangeListener" result="pass" starttime="Fri Sep 21 15:25:21 CST 2012" endtime="Fri Sep 21 15:25:21 CST 2012" />
            <Test name="testAccessPressed" result="pass" starttime="Fri Sep 21 15:25:21 CST 2012" endtime="Fri Sep 21 15:25:22 CST 2012" />
            <Test name="testAccessSaveEnabled" result="pass" starttime="Fri Sep 21 15:25:22 CST 2012" endtime="Fri Sep 21 15:25:22 CST 2012" />
            <Test name="testAccessSelected" result="pass" starttime="Fri Sep 21 15:25:22 CST 2012" endtime="Fri Sep 21 15:25:22 CST 2012" />
            <Test name="testAccessSoundEffectsEnabled" result="pass" starttime="Fri Sep 21 15:25:22 CST 2012" endtime="Fri Sep 21 15:25:23 CST 2012" />
            <Test name="testAccessTag" result="pass" starttime="Fri Sep 21 15:25:23 CST 2012" endtime="Fri Sep 21 15:25:23 CST 2012" />
            <Test name="testAccessTouchDelegate" result="pass" starttime="Fri Sep 21 15:25:23 CST 2012" endtime="Fri Sep 21 15:25:24 CST 2012" />
            <Test name="testAccessWillNotCacheDrawing" result="pass" starttime="Fri Sep 21 15:25:24 CST 2012" endtime="Fri Sep 21 15:25:25 CST 2012" />
            <Test name="testAccessWillNotDraw" result="pass" starttime="Fri Sep 21 15:25:25 CST 2012" endtime="Fri Sep 21 15:25:25 CST 2012" />
            <Test name="testAddFocusables" result="pass" starttime="Fri Sep 21 15:25:25 CST 2012" endtime="Fri Sep 21 15:25:25 CST 2012" />
            <Test name="testAddTouchables" result="pass" starttime="Fri Sep 21 15:25:25 CST 2012" endtime="Fri Sep 21 15:25:25 CST 2012" />
            <Test name="testBringToFront" result="pass" starttime="Fri Sep 21 15:25:25 CST 2012" endtime="Fri Sep 21 15:25:26 CST 2012" />
            <Test name="testBuildAndDestroyDrawingCache" result="pass" starttime="Fri Sep 21 15:25:26 CST 2012" endtime="Fri Sep 21 15:25:26 CST 2012" />
            <Test name="testCancelLongPress" result="pass" starttime="Fri Sep 21 15:25:26 CST 2012" endtime="Fri Sep 21 15:25:26 CST 2012" />
            <Test name="testClearAnimation" result="pass" starttime="Fri Sep 21 15:25:26 CST 2012" endtime="Fri Sep 21 15:25:27 CST 2012" />
            <Test name="testComputeHorizontalScroll" result="pass" starttime="Fri Sep 21 15:25:27 CST 2012" endtime="Fri Sep 21 15:25:27 CST 2012" />
            <Test name="testComputeVerticalScroll" result="pass" starttime="Fri Sep 21 15:25:27 CST 2012" endtime="Fri Sep 21 15:25:27 CST 2012" />
            <Test name="testConstructor" result="pass" starttime="Fri Sep 21 15:25:27 CST 2012" endtime="Fri Sep 21 15:25:28 CST 2012" />
            <Test name="testCreateContextMenu" result="pass" starttime="Fri Sep 21 15:25:28 CST 2012" endtime="Fri Sep 21 15:25:28 CST 2012" />
            <Test name="testDispatchKeyEvent" result="pass" starttime="Fri Sep 21 15:25:28 CST 2012" endtime="Fri Sep 21 15:25:28 CST 2012" />
            <Test name="testDispatchKeyShortcutEvent" result="pass" starttime="Fri Sep 21 15:25:28 CST 2012" endtime="Fri Sep 21 15:25:29 CST 2012" />
            <Test name="testDispatchSetPressed" result="pass" starttime="Fri Sep 21 15:25:29 CST 2012" endtime="Fri Sep 21 15:25:29 CST 2012" />
            <Test name="testDispatchSetSelected" result="pass" starttime="Fri Sep 21 15:25:29 CST 2012" endtime="Fri Sep 21 15:25:29 CST 2012" />
            <Test name="testDispatchTouchEvent" result="pass" starttime="Fri Sep 21 15:25:29 CST 2012" endtime="Fri Sep 21 15:25:30 CST 2012" />
            <Test name="testDispatchTrackballEvent" result="pass" starttime="Fri Sep 21 15:25:30 CST 2012" endtime="Fri Sep 21 15:25:30 CST 2012" />
            <Test name="testDispatchUnhandledMove" result="pass" starttime="Fri Sep 21 15:25:30 CST 2012" endtime="Fri Sep 21 15:25:30 CST 2012" />
            <Test name="testDraw" result="pass" starttime="Fri Sep 21 15:25:30 CST 2012" endtime="Fri Sep 21 15:25:31 CST 2012" />
            <Test name="testDrawableState" result="pass" starttime="Fri Sep 21 15:25:31 CST 2012" endtime="Fri Sep 21 15:25:31 CST 2012" />
            <Test name="testFindViewById" result="pass" starttime="Fri Sep 21 15:25:31 CST 2012" endtime="Fri Sep 21 15:25:31 CST 2012" />
            <Test name="testFitSystemWindows" result="pass" starttime="Fri Sep 21 15:25:31 CST 2012" endtime="Fri Sep 21 15:25:31 CST 2012" />
            <Test name="testForceLayout" result="pass" starttime="Fri Sep 21 15:25:31 CST 2012" endtime="Fri Sep 21 15:25:32 CST 2012" />
            <Test name="testGetAnimation" result="pass" starttime="Fri Sep 21 15:25:32 CST 2012" endtime="Fri Sep 21 15:25:32 CST 2012" />
            <Test name="testGetApplicationWindowToken" result="pass" starttime="Fri Sep 21 15:25:32 CST 2012" endtime="Fri Sep 21 15:25:32 CST 2012" />
            <Test name="testGetBaseline" result="pass" starttime="Fri Sep 21 15:25:32 CST 2012" endtime="Fri Sep 21 15:25:33 CST 2012" />
            <Test name="testGetBottomFadingEdgeStrength" result="pass" starttime="Fri Sep 21 15:25:33 CST 2012" endtime="Fri Sep 21 15:25:33 CST 2012" />
            <Test name="testGetBottomPaddingOffset" result="pass" starttime="Fri Sep 21 15:25:33 CST 2012" endtime="Fri Sep 21 15:25:33 CST 2012" />
            <Test name="testGetContext" result="pass" starttime="Fri Sep 21 15:25:33 CST 2012" endtime="Fri Sep 21 15:25:34 CST 2012" />
            <Test name="testGetContextMenuInfo" result="pass" starttime="Fri Sep 21 15:25:34 CST 2012" endtime="Fri Sep 21 15:25:34 CST 2012" />
            <Test name="testGetDefaultSize" result="pass" starttime="Fri Sep 21 15:25:34 CST 2012" endtime="Fri Sep 21 15:25:34 CST 2012" />
            <Test name="testGetDrawingCache" result="pass" starttime="Fri Sep 21 15:25:34 CST 2012" endtime="Fri Sep 21 15:25:35 CST 2012" />
            <Test name="testGetDrawingRect" result="pass" starttime="Fri Sep 21 15:25:35 CST 2012" endtime="Fri Sep 21 15:25:35 CST 2012" />
            <Test name="testGetDrawingTime" result="pass" starttime="Fri Sep 21 15:25:35 CST 2012" endtime="Fri Sep 21 15:25:35 CST 2012" />
            <Test name="testGetFadingEdgeStrength" result="pass" starttime="Fri Sep 21 15:25:35 CST 2012" endtime="Fri Sep 21 15:25:36 CST 2012" />
            <Test name="testGetFocusables" result="pass" starttime="Fri Sep 21 15:25:36 CST 2012" endtime="Fri Sep 21 15:25:36 CST 2012" />
            <Test name="testGetFocusedRect" result="pass" starttime="Fri Sep 21 15:25:36 CST 2012" endtime="Fri Sep 21 15:25:36 CST 2012" />
            <Test name="testGetGlobalVisibleRect" result="pass" starttime="Fri Sep 21 15:25:36 CST 2012" endtime="Fri Sep 21 15:25:37 CST 2012" />
            <Test name="testGetGlobalVisibleRectPoint" result="pass" starttime="Fri Sep 21 15:25:37 CST 2012" endtime="Fri Sep 21 15:25:37 CST 2012" />
            <Test name="testGetHandler" result="pass" starttime="Fri Sep 21 15:25:37 CST 2012" endtime="Fri Sep 21 15:25:37 CST 2012" />
            <Test name="testGetHitRect" result="pass" starttime="Fri Sep 21 15:25:37 CST 2012" endtime="Fri Sep 21 15:25:38 CST 2012" />
            <Test name="testGetLeftFadingEdgeStrength" result="pass" starttime="Fri Sep 21 15:25:38 CST 2012" endtime="Fri Sep 21 15:25:38 CST 2012" />
            <Test name="testGetLeftPaddingOffset" result="pass" starttime="Fri Sep 21 15:25:38 CST 2012" endtime="Fri Sep 21 15:25:38 CST 2012" />
            <Test name="testGetLocalVisibleRect" result="pass" starttime="Fri Sep 21 15:25:38 CST 2012" endtime="Fri Sep 21 15:25:38 CST 2012" />
            <Test name="testGetLocationInWindow" result="pass" starttime="Fri Sep 21 15:25:39 CST 2012" endtime="Fri Sep 21 15:25:39 CST 2012" />
            <Test name="testGetLocationOnScreen" result="pass" starttime="Fri Sep 21 15:25:39 CST 2012" endtime="Fri Sep 21 15:25:39 CST 2012" />
            <Test name="testGetParent" result="pass" starttime="Fri Sep 21 15:25:39 CST 2012" endtime="Fri Sep 21 15:25:39 CST 2012" />
            <Test name="testGetResources" result="pass" starttime="Fri Sep 21 15:25:39 CST 2012" endtime="Fri Sep 21 15:25:40 CST 2012" />
            <Test name="testGetRightFadingEdgeStrength" result="pass" starttime="Fri Sep 21 15:25:40 CST 2012" endtime="Fri Sep 21 15:25:40 CST 2012" />
            <Test name="testGetRightPaddingOffset" result="pass" starttime="Fri Sep 21 15:25:40 CST 2012" endtime="Fri Sep 21 15:25:41 CST 2012" />
            <Test name="testGetRootView" result="pass" starttime="Fri Sep 21 15:25:41 CST 2012" endtime="Fri Sep 21 15:25:41 CST 2012" />
            <Test name="testGetSolidColor" result="pass" starttime="Fri Sep 21 15:25:41 CST 2012" endtime="Fri Sep 21 15:25:41 CST 2012" />
            <Test name="testGetSuggestedMinimumHeight" result="pass" starttime="Fri Sep 21 15:25:41 CST 2012" endtime="Fri Sep 21 15:25:41 CST 2012" />
            <Test name="testGetSuggestedMinimumWidth" result="pass" starttime="Fri Sep 21 15:25:41 CST 2012" endtime="Fri Sep 21 15:25:42 CST 2012" />
            <Test name="testGetTopFadingEdgeStrength" result="pass" starttime="Fri Sep 21 15:25:42 CST 2012" endtime="Fri Sep 21 15:25:42 CST 2012" />
            <Test name="testGetTopPaddingOffset" result="pass" starttime="Fri Sep 21 15:25:42 CST 2012" endtime="Fri Sep 21 15:25:42 CST 2012" />
            <Test name="testGetTouchables" result="pass" starttime="Fri Sep 21 15:25:42 CST 2012" endtime="Fri Sep 21 15:25:43 CST 2012" />
            <Test name="testGetViewTreeObserver" result="pass" starttime="Fri Sep 21 15:25:43 CST 2012" endtime="Fri Sep 21 15:25:43 CST 2012" />
            <Test name="testGetWindowAttachCount" result="pass" starttime="Fri Sep 21 15:25:43 CST 2012" endtime="Fri Sep 21 15:25:43 CST 2012" />
            <Test name="testGetWindowToken" result="pass" starttime="Fri Sep 21 15:25:43 CST 2012" endtime="Fri Sep 21 15:25:43 CST 2012" />
            <Test name="testGetWindowVisibility" result="pass" starttime="Fri Sep 21 15:25:43 CST 2012" endtime="Fri Sep 21 15:25:44 CST 2012" />
            <Test name="testGetWindowVisibleDisplayFrame" result="pass" starttime="Fri Sep 21 15:25:44 CST 2012" endtime="Fri Sep 21 15:25:44 CST 2012" />
            <Test name="testHapticFeedback" result="pass" starttime="Fri Sep 21 15:25:44 CST 2012" endtime="Fri Sep 21 15:25:44 CST 2012" />
            <Test name="testHasWindowFocus" result="pass" starttime="Fri Sep 21 15:25:44 CST 2012" endtime="Fri Sep 21 15:25:45 CST 2012" />
            <Test name="testInflate" result="pass" starttime="Fri Sep 21 15:25:45 CST 2012" endtime="Fri Sep 21 15:25:45 CST 2012" />
            <Test name="testInitializeScrollbarsAndFadingEdge" result="pass" starttime="Fri Sep 21 15:25:45 CST 2012" endtime="Fri Sep 21 15:25:46 CST 2012" />
            <Test name="testInputConnection" result="pass" starttime="Fri Sep 21 15:25:46 CST 2012" endtime="Fri Sep 21 15:25:46 CST 2012" />
            <Test name="testInvalidate1" result="pass" starttime="Fri Sep 21 15:25:46 CST 2012" endtime="Fri Sep 21 15:25:47 CST 2012" />
            <Test name="testInvalidate2" result="pass" starttime="Fri Sep 21 15:25:47 CST 2012" endtime="Fri Sep 21 15:25:47 CST 2012" />
            <Test name="testInvalidate3" result="pass" starttime="Fri Sep 21 15:25:47 CST 2012" endtime="Fri Sep 21 15:25:47 CST 2012" />
            <Test name="testInvalidateDrawable" result="pass" starttime="Fri Sep 21 15:25:47 CST 2012" endtime="Fri Sep 21 15:25:48 CST 2012" />
            <Test name="testIsInEditMode" result="pass" starttime="Fri Sep 21 15:25:48 CST 2012" endtime="Fri Sep 21 15:25:48 CST 2012" />
            <Test name="testIsInTouchMode" result="pass" starttime="Fri Sep 21 15:25:48 CST 2012" endtime="Fri Sep 21 15:25:48 CST 2012" />
            <Test name="testIsLayoutRequested" result="pass" starttime="Fri Sep 21 15:25:48 CST 2012" endtime="Fri Sep 21 15:25:49 CST 2012" />
            <Test name="testIsPaddingOffsetRequired" result="pass" starttime="Fri Sep 21 15:25:49 CST 2012" endtime="Fri Sep 21 15:25:49 CST 2012" />
            <Test name="testIsShown" result="pass" starttime="Fri Sep 21 15:25:49 CST 2012" endtime="Fri Sep 21 15:25:49 CST 2012" />
            <Test name="testKeyPreIme" result="pass" starttime="Fri Sep 21 15:25:49 CST 2012" endtime="Fri Sep 21 15:25:50 CST 2012" />
            <Test name="testLayout" result="pass" starttime="Fri Sep 21 15:25:50 CST 2012" endtime="Fri Sep 21 15:25:50 CST 2012" />
            <Test name="testLayoutDirection" result="pass" starttime="Fri Sep 21 15:25:50 CST 2012" endtime="Fri Sep 21 15:25:50 CST 2012" />
            <Test name="testMeasure" result="pass" starttime="Fri Sep 21 15:25:50 CST 2012" endtime="Fri Sep 21 15:25:51 CST 2012" />
            <Test name="testMergeDrawableStates" result="pass" starttime="Fri Sep 21 15:25:51 CST 2012" endtime="Fri Sep 21 15:25:51 CST 2012" />
            <Test name="testOnAnimation" result="pass" starttime="Fri Sep 21 15:25:51 CST 2012" endtime="Fri Sep 21 15:25:54 CST 2012" />
            <Test name="testOnAttachedToAndDetachedFromWindow" result="pass" starttime="Fri Sep 21 15:25:54 CST 2012" endtime="Fri Sep 21 15:25:54 CST 2012" />
            <Test name="testOnFocusChanged" result="pass" starttime="Fri Sep 21 15:25:54 CST 2012" endtime="Fri Sep 21 15:25:54 CST 2012" />
            <Test name="testOnKeyDownOrUp" result="pass" starttime="Fri Sep 21 15:25:54 CST 2012" endtime="Fri Sep 21 15:25:55 CST 2012" />
            <Test name="testOnKeyMultiple" result="pass" starttime="Fri Sep 21 15:25:55 CST 2012" endtime="Fri Sep 21 15:25:55 CST 2012" />
            <Test name="testOnKeyShortcut" result="pass" starttime="Fri Sep 21 15:25:55 CST 2012" endtime="Fri Sep 21 15:25:55 CST 2012" />
            <Test name="testOnSaveAndRestoreInstanceState" result="pass" starttime="Fri Sep 21 15:25:55 CST 2012" endtime="Fri Sep 21 15:25:56 CST 2012" />
            <Test name="testOnSizeChanged" result="pass" starttime="Fri Sep 21 15:25:56 CST 2012" endtime="Fri Sep 21 15:25:56 CST 2012" />
            <Test name="testOnStartAndFinishTemporaryDetach" result="pass" starttime="Fri Sep 21 15:25:56 CST 2012" endtime="Fri Sep 21 15:25:56 CST 2012" />
            <Test name="testOnTouchEvent" result="pass" starttime="Fri Sep 21 15:25:56 CST 2012" endtime="Fri Sep 21 15:25:58 CST 2012" />
            <Test name="testOnTrackballEvent" result="pass" starttime="Fri Sep 21 15:25:58 CST 2012" endtime="Fri Sep 21 15:25:58 CST 2012" />
            <Test name="testPerformClick" result="pass" starttime="Fri Sep 21 15:25:58 CST 2012" endtime="Fri Sep 21 15:25:59 CST 2012" />
            <Test name="testPerformLongClick" result="pass" starttime="Fri Sep 21 15:25:59 CST 2012" endtime="Fri Sep 21 15:25:59 CST 2012" />
            <Test name="testPlaySoundEffect" result="pass" starttime="Fri Sep 21 15:25:59 CST 2012" endtime="Fri Sep 21 15:25:59 CST 2012" />
            <Test name="testPost" result="pass" starttime="Fri Sep 21 15:25:59 CST 2012" endtime="Fri Sep 21 15:25:59 CST 2012" />
            <Test name="testPostDelayed" result="pass" starttime="Fri Sep 21 15:25:59 CST 2012" endtime="Fri Sep 21 15:26:00 CST 2012" />
            <Test name="testPostInvalidate1" result="pass" starttime="Fri Sep 21 15:26:00 CST 2012" endtime="Fri Sep 21 15:26:00 CST 2012" />
            <Test name="testPostInvalidate2" result="pass" starttime="Fri Sep 21 15:26:00 CST 2012" endtime="Fri Sep 21 15:26:00 CST 2012" />
            <Test name="testPostInvalidateDelayed" result="pass" starttime="Fri Sep 21 15:26:00 CST 2012" endtime="Fri Sep 21 15:26:01 CST 2012" />
            <Test name="testRemoveCallbacks" result="pass" starttime="Fri Sep 21 15:26:01 CST 2012" endtime="Fri Sep 21 15:26:03 CST 2012" />
            <Test name="testRequestFocusFromTouch" result="pass" starttime="Fri Sep 21 15:26:03 CST 2012" endtime="Fri Sep 21 15:26:03 CST 2012" />
            <Test name="testRequestLayout" result="pass" starttime="Fri Sep 21 15:26:03 CST 2012" endtime="Fri Sep 21 15:26:04 CST 2012" />
            <Test name="testRequestRectangleOnScreen1" result="pass" starttime="Fri Sep 21 15:26:04 CST 2012" endtime="Fri Sep 21 15:26:04 CST 2012" />
            <Test name="testRequestRectangleOnScreen2" result="pass" starttime="Fri Sep 21 15:26:04 CST 2012" endtime="Fri Sep 21 15:26:04 CST 2012" />
            <Test name="testResolveSize" result="pass" starttime="Fri Sep 21 15:26:04 CST 2012" endtime="Fri Sep 21 15:26:04 CST 2012" />
            <Test name="testSaveAndRestoreHierarchyState" result="pass" starttime="Fri Sep 21 15:26:04 CST 2012" endtime="Fri Sep 21 15:26:05 CST 2012" />
            <Test name="testScheduleDrawable" result="pass" starttime="Fri Sep 21 15:26:05 CST 2012" endtime="Fri Sep 21 15:26:05 CST 2012" />
            <Test name="testScrollFading" result="pass" starttime="Fri Sep 21 15:26:05 CST 2012" endtime="Fri Sep 21 15:26:05 CST 2012" />
            <Test name="testScrollbarStyle" result="pass" starttime="Fri Sep 21 15:26:05 CST 2012" endtime="Fri Sep 21 15:26:06 CST 2012" />
            <Test name="testScrolling" result="pass" starttime="Fri Sep 21 15:26:06 CST 2012" endtime="Fri Sep 21 15:26:06 CST 2012" />
            <Test name="testSetAnimation" result="pass" starttime="Fri Sep 21 15:26:06 CST 2012" endtime="Fri Sep 21 15:26:06 CST 2012" />
            <Test name="testSetBackgroundColor" result="pass" starttime="Fri Sep 21 15:26:06 CST 2012" endtime="Fri Sep 21 15:26:07 CST 2012" />
            <Test name="testSetBackgroundResource" result="pass" starttime="Fri Sep 21 15:26:07 CST 2012" endtime="Fri Sep 21 15:26:07 CST 2012" />
            <Test name="testSetMinimumHeight" result="pass" starttime="Fri Sep 21 15:26:07 CST 2012" endtime="Fri Sep 21 15:26:07 CST 2012" />
            <Test name="testSetMinimumWidth" result="pass" starttime="Fri Sep 21 15:26:07 CST 2012" endtime="Fri Sep 21 15:26:08 CST 2012" />
            <Test name="testSetOnClickListener" result="pass" starttime="Fri Sep 21 15:26:08 CST 2012" endtime="Fri Sep 21 15:26:08 CST 2012" />
            <Test name="testSetOnCreateContextMenuListener" result="pass" starttime="Fri Sep 21 15:26:08 CST 2012" endtime="Fri Sep 21 15:26:08 CST 2012" />
            <Test name="testSetOnLongClickListener" result="pass" starttime="Fri Sep 21 15:26:08 CST 2012" endtime="Fri Sep 21 15:26:09 CST 2012" />
            <Test name="testSetScrollContainer" result="pass" starttime="Fri Sep 21 15:26:09 CST 2012" endtime="Fri Sep 21 15:26:09 CST 2012" />
            <Test name="testShowContextMenu" result="pass" starttime="Fri Sep 21 15:26:09 CST 2012" endtime="Fri Sep 21 15:26:09 CST 2012" />
            <Test name="testStartAnimation" result="pass" starttime="Fri Sep 21 15:26:09 CST 2012" endtime="Fri Sep 21 15:26:09 CST 2012" />
            <Test name="testTouchMode" result="pass" starttime="Fri Sep 21 15:26:09 CST 2012" endtime="Fri Sep 21 15:26:10 CST 2012" />
            <Test name="testUnscheduleDrawable" result="pass" starttime="Fri Sep 21 15:26:10 CST 2012" endtime="Fri Sep 21 15:26:10 CST 2012" />
            <Test name="testVerifyDrawable" result="pass" starttime="Fri Sep 21 15:26:10 CST 2012" endtime="Fri Sep 21 15:26:10 CST 2012" />
            <Test name="testWindowFocusChanged" result="pass" starttime="Fri Sep 21 15:26:10 CST 2012" endtime="Fri Sep 21 15:26:11 CST 2012" />
            <Test name="testWindowVisibilityChanged" result="pass" starttime="Fri Sep 21 15:26:11 CST 2012" endtime="Fri Sep 21 15:26:11 CST 2012" />
          </TestCase>
          <TestCase name="ViewTreeObserverTest" priority="">
            <Test name="testAccessOnScrollChangedListener" result="pass" starttime="Fri Sep 21 15:26:11 CST 2012" endtime="Fri Sep 21 15:26:12 CST 2012" />
            <Test name="testAddOnComputeInternalInsetsListener" result="pass" starttime="Fri Sep 21 15:26:12 CST 2012" endtime="Fri Sep 21 15:26:12 CST 2012" />
            <Test name="testAddOnGlobalFocusChangeListener" result="pass" starttime="Fri Sep 21 15:26:12 CST 2012" endtime="Fri Sep 21 15:26:13 CST 2012" />
            <Test name="testAddOnGlobalLayoutListener" result="pass" starttime="Fri Sep 21 15:26:13 CST 2012" endtime="Fri Sep 21 15:26:13 CST 2012" />
            <Test name="testAddOnPreDrawListener" result="pass" starttime="Fri Sep 21 15:26:13 CST 2012" endtime="Fri Sep 21 15:26:13 CST 2012" />
            <Test name="testAddOnTouchModeChangeListener" result="pass" starttime="Fri Sep 21 15:26:13 CST 2012" endtime="Fri Sep 21 15:26:14 CST 2012" />
            <Test name="testDispatchOnGlobalLayout" result="pass" starttime="Fri Sep 21 15:26:14 CST 2012" endtime="Fri Sep 21 15:26:14 CST 2012" />
            <Test name="testDispatchOnPreDraw" result="pass" starttime="Fri Sep 21 15:26:14 CST 2012" endtime="Fri Sep 21 15:26:14 CST 2012" />
            <Test name="testIsAlive" result="pass" starttime="Fri Sep 21 15:26:14 CST 2012" endtime="Fri Sep 21 15:26:15 CST 2012" />
            <Test name="testRemoveGlobalOnLayoutListener" result="pass" starttime="Fri Sep 21 15:26:15 CST 2012" endtime="Fri Sep 21 15:26:15 CST 2012" />
            <Test name="testRemoveOnComputeInternalInsetsListener" result="pass" starttime="Fri Sep 21 15:26:15 CST 2012" endtime="Fri Sep 21 15:26:15 CST 2012" />
            <Test name="testRemoveOnGlobalFocusChangeListener" result="pass" starttime="Fri Sep 21 15:26:15 CST 2012" endtime="Fri Sep 21 15:26:16 CST 2012" />
            <Test name="testRemoveOnPreDrawListener" result="pass" starttime="Fri Sep 21 15:26:16 CST 2012" endtime="Fri Sep 21 15:26:16 CST 2012" />
            <Test name="testRemoveOnTouchModeChangeListener" result="pass" starttime="Fri Sep 21 15:26:16 CST 2012" endtime="Fri Sep 21 15:26:16 CST 2012" />
          </TestCase>
          <TestCase name="View_AnimationTest" priority="">
            <Test name="testAnimation" result="pass" starttime="Fri Sep 21 15:26:16 CST 2012" endtime="Fri Sep 21 15:26:19 CST 2012" />
            <Test name="testClearBeforeAnimation" result="pass" starttime="Fri Sep 21 15:26:19 CST 2012" endtime="Fri Sep 21 15:26:24 CST 2012" />
            <Test name="testClearDuringAnimation" result="pass" starttime="Fri Sep 21 15:26:24 CST 2012" endtime="Fri Sep 21 15:26:30 CST 2012" />
            <Test name="testStartAnimation" result="pass" starttime="Fri Sep 21 15:26:30 CST 2012" endtime="Fri Sep 21 15:26:32 CST 2012" />
          </TestCase>
          <TestCase name="View_BaseSavedStateTest" priority="">
            <Test name="testConstructors" result="pass" starttime="Fri Sep 21 15:26:32 CST 2012" endtime="Fri Sep 21 15:26:32 CST 2012" />
          </TestCase>
          <TestCase name="View_FocusHandlingTest" priority="">
            <Test name="testFocusHandling" result="pass" starttime="Fri Sep 21 15:26:32 CST 2012" endtime="Fri Sep 21 15:26:32 CST 2012" />
          </TestCase>
          <TestCase name="View_IdsTest" priority="">
            <Test name="testIds" result="pass" starttime="Fri Sep 21 15:26:32 CST 2012" endtime="Fri Sep 21 15:26:33 CST 2012" />
          </TestCase>
          <TestCase name="View_LayoutPositionTest" priority="">
            <Test name="testPadding" result="pass" starttime="Fri Sep 21 15:26:33 CST 2012" endtime="Fri Sep 21 15:26:33 CST 2012" />
            <Test name="testPositionInParent" result="pass" starttime="Fri Sep 21 15:26:33 CST 2012" endtime="Fri Sep 21 15:26:33 CST 2012" />
          </TestCase>
          <TestCase name="View_MeasureSpecTest" priority="">
            <Test name="testAndroidTestCaseSetupProperly" result="pass" starttime="Fri Sep 21 15:26:33 CST 2012" endtime="Fri Sep 21 15:26:33 CST 2012" />
            <Test name="testConstructor" result="pass" starttime="Fri Sep 21 15:26:33 CST 2012" endtime="Fri Sep 21 15:26:33 CST 2012" />
            <Test name="testGetMode" result="pass" starttime="Fri Sep 21 15:26:33 CST 2012" endtime="Fri Sep 21 15:26:34 CST 2012" />
            <Test name="testGetSize" result="pass" starttime="Fri Sep 21 15:26:34 CST 2012" endtime="Fri Sep 21 15:26:34 CST 2012" />
            <Test name="testMakeMeasureSpec" result="pass" starttime="Fri Sep 21 15:26:34 CST 2012" endtime="Fri Sep 21 15:26:34 CST 2012" />
            <Test name="testToString" result="pass" starttime="Fri Sep 21 15:26:34 CST 2012" endtime="Fri Sep 21 15:26:34 CST 2012" />
          </TestCase>
          <TestCase name="View_UsingViewsTest" priority="">
            <Test name="testSetFocus" result="pass" starttime="Fri Sep 21 15:26:34 CST 2012" endtime="Fri Sep 21 15:26:34 CST 2012" />
            <Test name="testSetProperties" result="pass" starttime="Fri Sep 21 15:26:34 CST 2012" endtime="Fri Sep 21 15:26:34 CST 2012" />
            <Test name="testSetVisibility" result="pass" starttime="Fri Sep 21 15:26:34 CST 2012" endtime="Fri Sep 21 15:26:35 CST 2012" />
            <Test name="testSetupListeners" result="pass" starttime="Fri Sep 21 15:26:35 CST 2012" endtime="Fri Sep 21 15:26:41 CST 2012" />
          </TestCase>
          <TestCase name="WindowManager_BadTokenExceptionTest" priority="">
            <Test name="testAndroidTestCaseSetupProperly" result="pass" starttime="Fri Sep 21 15:26:41 CST 2012" endtime="Fri Sep 21 15:26:41 CST 2012" />
            <Test name="testBadTokenException" result="pass" starttime="Fri Sep 21 15:26:41 CST 2012" endtime="Fri Sep 21 15:26:42 CST 2012" />
          </TestCase>
          <TestCase name="WindowManager_LayoutParamsTest" priority="">
            <Test name="testAccessTitle" result="pass" starttime="Fri Sep 21 15:26:42 CST 2012" endtime="Fri Sep 21 15:26:42 CST 2012" />
            <Test name="testAndroidTestCaseSetupProperly" result="pass" starttime="Fri Sep 21 15:26:42 CST 2012" endtime="Fri Sep 21 15:26:42 CST 2012" />
            <Test name="testConstructor" result="pass" starttime="Fri Sep 21 15:26:42 CST 2012" endtime="Fri Sep 21 15:26:42 CST 2012" />
            <Test name="testCopyFrom" result="pass" starttime="Fri Sep 21 15:26:42 CST 2012" endtime="Fri Sep 21 15:26:42 CST 2012" />
            <Test name="testDebug" result="pass" starttime="Fri Sep 21 15:26:42 CST 2012" endtime="Fri Sep 21 15:26:42 CST 2012" />
            <Test name="testDescribeContents" result="pass" starttime="Fri Sep 21 15:26:42 CST 2012" endtime="Fri Sep 21 15:26:42 CST 2012" />
            <Test name="testToString" result="pass" starttime="Fri Sep 21 15:26:42 CST 2012" endtime="Fri Sep 21 15:26:42 CST 2012" />
            <Test name="testWriteToParcel" result="pass" starttime="Fri Sep 21 15:26:42 CST 2012" endtime="Fri Sep 21 15:26:42 CST 2012" />
          </TestCase>
          <TestCase name="WindowTest" priority="">
            <Test name="testAccessAttributes" result="pass" starttime="Fri Sep 21 15:26:42 CST 2012" endtime="Fri Sep 21 15:26:43 CST 2012" />
            <Test name="testAccessContainer" result="pass" starttime="Fri Sep 21 15:26:43 CST 2012" endtime="Fri Sep 21 15:26:43 CST 2012" />
            <Test name="testAccessVolumeControlStream" result="pass" starttime="Fri Sep 21 15:26:43 CST 2012" endtime="Fri Sep 21 15:26:43 CST 2012" />
            <Test name="testAccessWindowManager" result="pass" starttime="Fri Sep 21 15:26:43 CST 2012" endtime="Fri Sep 21 15:26:44 CST 2012" />
            <Test name="testAddContentView" result="pass" starttime="Fri Sep 21 15:26:44 CST 2012" endtime="Fri Sep 21 15:26:44 CST 2012" />
            <Test name="testCloseAllPanels" result="pass" starttime="Fri Sep 21 15:26:44 CST 2012" endtime="Fri Sep 21 15:26:44 CST 2012" />
            <Test name="testConstructor" result="pass" starttime="Fri Sep 21 15:26:44 CST 2012" endtime="Fri Sep 21 15:26:44 CST 2012" />
            <Test name="testDecorView" result="pass" starttime="Fri Sep 21 15:26:44 CST 2012" endtime="Fri Sep 21 15:26:45 CST 2012" />
            <Test name="testFinalMethod" result="pass" starttime="Fri Sep 21 15:26:45 CST 2012" endtime="Fri Sep 21 15:26:45 CST 2012" />
            <Test name="testFindViewById" result="pass" starttime="Fri Sep 21 15:26:45 CST 2012" endtime="Fri Sep 21 15:26:45 CST 2012" />
            <Test name="testGetCurrentFocus" result="pass" starttime="Fri Sep 21 15:26:45 CST 2012" endtime="Fri Sep 21 15:26:45 CST 2012" />
            <Test name="testGetWindowStyle" result="pass" starttime="Fri Sep 21 15:26:45 CST 2012" endtime="Fri Sep 21 15:26:46 CST 2012" />
            <Test name="testIsActive" result="pass" starttime="Fri Sep 21 15:26:46 CST 2012" endtime="Fri Sep 21 15:26:46 CST 2012" />
            <Test name="testIsFloating" result="pass" starttime="Fri Sep 21 15:26:46 CST 2012" endtime="Fri Sep 21 15:26:46 CST 2012" />
            <Test name="testKeepHierarchyState" result="pass" starttime="Fri Sep 21 15:26:46 CST 2012" endtime="Fri Sep 21 15:26:47 CST 2012" />
            <Test name="testOnConfigurationChanged" result="pass" starttime="Fri Sep 21 15:26:47 CST 2012" endtime="Fri Sep 21 15:26:47 CST 2012" />
            <Test name="testOpFlags" result="pass" starttime="Fri Sep 21 15:26:47 CST 2012" endtime="Fri Sep 21 15:26:47 CST 2012" />
            <Test name="testPerformMethods" result="pass" starttime="Fri Sep 21 15:26:47 CST 2012" endtime="Fri Sep 21 15:26:48 CST 2012" />
            <Test name="testRequestFeature" result="pass" starttime="Fri Sep 21 15:26:48 CST 2012" endtime="Fri Sep 21 15:26:48 CST 2012" />
            <Test name="testSetBackgroundDrawable" result="pass" starttime="Fri Sep 21 15:26:48 CST 2012" endtime="Fri Sep 21 15:26:48 CST 2012" />
            <Test name="testSetChild" result="pass" starttime="Fri Sep 21 15:26:48 CST 2012" endtime="Fri Sep 21 15:26:49 CST 2012" />
            <Test name="testSetContentView" result="pass" starttime="Fri Sep 21 15:26:49 CST 2012" endtime="Fri Sep 21 15:26:49 CST 2012" />
            <Test name="testSetDefaultWindowFormat" result="pass" starttime="Fri Sep 21 15:26:49 CST 2012" endtime="Fri Sep 21 15:26:49 CST 2012" />
            <Test name="testSetFeature" result="pass" starttime="Fri Sep 21 15:26:49 CST 2012" endtime="Fri Sep 21 15:26:49 CST 2012" />
            <Test name="testSetGravity" result="pass" starttime="Fri Sep 21 15:26:49 CST 2012" endtime="Fri Sep 21 15:26:50 CST 2012" />
            <Test name="testSetLayout" result="pass" starttime="Fri Sep 21 15:26:50 CST 2012" endtime="Fri Sep 21 15:26:50 CST 2012" />
            <Test name="testSetSoftInputMode" result="pass" starttime="Fri Sep 21 15:26:50 CST 2012" endtime="Fri Sep 21 15:26:50 CST 2012" />
            <Test name="testSetTitle" result="pass" starttime="Fri Sep 21 15:26:50 CST 2012" endtime="Fri Sep 21 15:26:51 CST 2012" />
            <Test name="testSetType" result="pass" starttime="Fri Sep 21 15:26:51 CST 2012" endtime="Fri Sep 21 15:26:51 CST 2012" />
            <Test name="testSetWindowAnimations" result="pass" starttime="Fri Sep 21 15:26:51 CST 2012" endtime="Fri Sep 21 15:26:51 CST 2012" />
            <Test name="testSuperDispatchEvent" result="pass" starttime="Fri Sep 21 15:26:51 CST 2012" endtime="Fri Sep 21 15:26:52 CST 2012" />
            <Test name="testTakeKeyEvents" result="pass" starttime="Fri Sep 21 15:26:52 CST 2012" endtime="Fri Sep 21 15:26:52 CST 2012" />
          </TestCase>
        </TestSuite>
        <TestSuite name="inputmethod">
          <TestSuite name="cts">
            <TestCase name="BaseInputConnectionTest" priority="">
              <Test name="testDefaultMethods" result="pass" starttime="Fri Sep 21 15:26:52 CST 2012" endtime="Fri Sep 21 15:26:52 CST 2012" />
              <Test name="testFinishComposingText" result="pass" starttime="Fri Sep 21 15:26:52 CST 2012" endtime="Fri Sep 21 15:26:53 CST 2012" />
              <Test name="testOpComposingSpans" result="pass" starttime="Fri Sep 21 15:26:53 CST 2012" endtime="Fri Sep 21 15:26:53 CST 2012" />
              <Test name="testOpTextMethods" result="pass" starttime="Fri Sep 21 15:26:53 CST 2012" endtime="Fri Sep 21 15:26:54 CST 2012" />
              <Test name="testReportFullscreenMode" result="pass" starttime="Fri Sep 21 15:26:54 CST 2012" endtime="Fri Sep 21 15:26:54 CST 2012" />
              <Test name="testSendKeyEvent" result="pass" starttime="Fri Sep 21 15:26:54 CST 2012" endtime="Fri Sep 21 15:26:54 CST 2012" />
            </TestCase>
            <TestCase name="CompletionInfoTest" priority="">
              <Test name="testAndroidTestCaseSetupProperly" result="pass" starttime="Fri Sep 21 15:26:54 CST 2012" endtime="Fri Sep 21 15:26:54 CST 2012" />
              <Test name="testCompletionInfo" result="pass" starttime="Fri Sep 21 15:26:54 CST 2012" endtime="Fri Sep 21 15:26:55 CST 2012" />
            </TestCase>
            <TestCase name="EditorInfoTest" priority="">
              <Test name="testAndroidTestCaseSetupProperly" result="pass" starttime="Fri Sep 21 15:26:55 CST 2012" endtime="Fri Sep 21 15:26:55 CST 2012" />
              <Test name="testEditorInfo" result="pass" starttime="Fri Sep 21 15:26:55 CST 2012" endtime="Fri Sep 21 15:26:55 CST 2012" />
            </TestCase>
            <TestCase name="ExtractedTextRequestTest" priority="">
              <Test name="testAndroidTestCaseSetupProperly" result="pass" starttime="Fri Sep 21 15:26:55 CST 2012" endtime="Fri Sep 21 15:26:55 CST 2012" />
              <Test name="testExtractedTextRequest" result="pass" starttime="Fri Sep 21 15:26:55 CST 2012" endtime="Fri Sep 21 15:26:55 CST 2012" />
            </TestCase>
            <TestCase name="ExtractedTextTest" priority="">
              <Test name="testAndroidTestCaseSetupProperly" result="pass" starttime="Fri Sep 21 15:26:55 CST 2012" endtime="Fri Sep 21 15:26:55 CST 2012" />
              <Test name="testWriteToParcel" result="pass" starttime="Fri Sep 21 15:26:55 CST 2012" endtime="Fri Sep 21 15:26:55 CST 2012" />
            </TestCase>
            <TestCase name="InputBindingTest" priority="">
              <Test name="testAndroidTestCaseSetupProperly" result="pass" starttime="Fri Sep 21 15:26:55 CST 2012" endtime="Fri Sep 21 15:26:55 CST 2012" />
              <Test name="testInputBinding" result="pass" starttime="Fri Sep 21 15:26:55 CST 2012" endtime="Fri Sep 21 15:26:55 CST 2012" />
            </TestCase>
            <TestCase name="InputConnectionWrapperTest" priority="">
              <Test name="testAndroidTestCaseSetupProperly" result="pass" starttime="Fri Sep 21 15:26:55 CST 2012" endtime="Fri Sep 21 15:26:55 CST 2012" />
              <Test name="testInputConnectionWrapper" result="pass" starttime="Fri Sep 21 15:26:55 CST 2012" endtime="Fri Sep 21 15:26:56 CST 2012" />
            </TestCase>
            <TestCase name="InputMethodInfoTest" priority="">
              <Test name="testAndroidTestCaseSetupProperly" result="pass" starttime="Fri Sep 21 15:26:56 CST 2012" endtime="Fri Sep 21 15:26:56 CST 2012" />
              <Test name="testDump" result="pass" starttime="Fri Sep 21 15:26:56 CST 2012" endtime="Fri Sep 21 15:26:56 CST 2012" />
              <Test name="testEquals" result="pass" starttime="Fri Sep 21 15:26:56 CST 2012" endtime="Fri Sep 21 15:26:56 CST 2012" />
              <Test name="testInputMethodInfoProperties" result="pass" starttime="Fri Sep 21 15:26:56 CST 2012" endtime="Fri Sep 21 15:26:56 CST 2012" />
              <Test name="testLoadIcon" result="pass" starttime="Fri Sep 21 15:26:56 CST 2012" endtime="Fri Sep 21 15:26:56 CST 2012" />
              <Test name="testLoadLabel" result="pass" starttime="Fri Sep 21 15:26:56 CST 2012" endtime="Fri Sep 21 15:26:56 CST 2012" />
              <Test name="testWriteToParcel" result="pass" starttime="Fri Sep 21 15:26:56 CST 2012" endtime="Fri Sep 21 15:26:56 CST 2012" />
            </TestCase>
            <TestCase name="InputMethodManagerTest" priority="">
              <Test name="testInputMethodManager" result="pass" starttime="Fri Sep 21 15:26:56 CST 2012" endtime="Fri Sep 21 15:26:57 CST 2012" />
            </TestCase>
          </TestSuite>
        </TestSuite>
      </TestSuite>
    </TestSuite>
  </TestPackage>
  <TestPackage name="CtsWebkitTestCases" appPackageName="android.webkit" digest="59d6050f7c25849781c0203e7d99a18765cf0044">
    <TestSuite name="android">
      <TestSuite name="webkit">
        <TestSuite name="cts">
          <TestCase name="CacheManagerTest" priority="">
            <Test name="testCacheDisabled" result="pass" starttime="Fri Sep 21 15:27:01 CST 2012" endtime="Fri Sep 21 15:27:04 CST 2012" />
            <Test name="testCacheFile" result="pass" starttime="Fri Sep 21 15:27:04 CST 2012" endtime="Fri Sep 21 15:27:04 CST 2012" />
            <Test name="testCacheTransaction" result="pass" starttime="Fri Sep 21 15:27:04 CST 2012" endtime="Fri Sep 21 15:27:05 CST 2012" />
            <Test name="testGetCacheFileBaseDir" result="pass" starttime="Fri Sep 21 15:27:05 CST 2012" endtime="Fri Sep 21 15:27:05 CST 2012" />
          </TestCase>
          <TestCase name="CacheManager_CacheResultTest" priority="">
            <Test name="testCacheResult" result="pass" starttime="Fri Sep 21 15:27:05 CST 2012" endtime="Fri Sep 21 15:27:05 CST 2012" />
          </TestCase>
          <TestCase name="CookieManagerTest" priority="">
            <Test name="testAcceptCookie" result="pass" starttime="Fri Sep 21 15:27:05 CST 2012" endtime="Fri Sep 21 15:27:07 CST 2012" />
            <Test name="testClone" result="pass" starttime="Fri Sep 21 15:27:07 CST 2012" endtime="Fri Sep 21 15:27:07 CST 2012" />
            <Test name="testCookieManager" result="pass" starttime="Fri Sep 21 15:27:07 CST 2012" endtime="Fri Sep 21 15:27:07 CST 2012" />
            <Test name="testGetInstance" result="pass" starttime="Fri Sep 21 15:27:07 CST 2012" endtime="Fri Sep 21 15:27:08 CST 2012" />
            <Test name="testRemoveCookies" result="pass" starttime="Fri Sep 21 15:27:08 CST 2012" endtime="Fri Sep 21 15:27:12 CST 2012" />
            <Test name="testb3167208" result="pass" starttime="Fri Sep 21 15:27:12 CST 2012" endtime="Fri Sep 21 15:27:12 CST 2012" />
          </TestCase>
          <TestCase name="CookieSyncManagerTest" priority="">
            <Test name="testCookieSyncManager" result="pass" starttime="Fri Sep 21 15:27:12 CST 2012" endtime="Fri Sep 21 15:27:13 CST 2012" />
          </TestCase>
          <TestCase name="CookieTest" priority="">
            <Test name="testAndroidTestCaseSetupProperly" result="pass" starttime="Fri Sep 21 15:27:13 CST 2012" endtime="Fri Sep 21 15:27:13 CST 2012" />
            <Test name="testDomain" result="pass" starttime="Fri Sep 21 15:27:13 CST 2012" endtime="Fri Sep 21 15:27:13 CST 2012" />
            <Test name="testEmptyValue" result="pass" starttime="Fri Sep 21 15:27:13 CST 2012" endtime="Fri Sep 21 15:27:13 CST 2012" />
            <Test name="testInvalidDomain" result="pass" starttime="Fri Sep 21 15:27:13 CST 2012" endtime="Fri Sep 21 15:27:13 CST 2012" />
            <Test name="testParse" result="pass" starttime="Fri Sep 21 15:27:13 CST 2012" endtime="Fri Sep 21 15:27:13 CST 2012" />
            <Test name="testPath" result="pass" starttime="Fri Sep 21 15:27:13 CST 2012" endtime="Fri Sep 21 15:27:13 CST 2012" />
            <Test name="testSubDomain" result="pass" starttime="Fri Sep 21 15:27:13 CST 2012" endtime="Fri Sep 21 15:27:13 CST 2012" />
          </TestCase>
          <TestCase name="DateSorterTest" priority="">
            <Test name="testAndroidTestCaseSetupProperly" result="pass" starttime="Fri Sep 21 15:27:13 CST 2012" endtime="Fri Sep 21 15:27:13 CST 2012" />
            <Test name="testConstants" result="pass" starttime="Fri Sep 21 15:27:13 CST 2012" endtime="Fri Sep 21 15:27:14 CST 2012" />
            <Test name="testConstructor" result="pass" starttime="Fri Sep 21 15:27:14 CST 2012" endtime="Fri Sep 21 15:27:14 CST 2012" />
            <Test name="testGetBoundary" result="pass" starttime="Fri Sep 21 15:27:14 CST 2012" endtime="Fri Sep 21 15:27:14 CST 2012" />
            <Test name="testGetIndex" result="pass" starttime="Fri Sep 21 15:27:14 CST 2012" endtime="Fri Sep 21 15:27:14 CST 2012" />
            <Test name="testGetLabel" result="pass" starttime="Fri Sep 21 15:27:14 CST 2012" endtime="Fri Sep 21 15:27:14 CST 2012" />
          </TestCase>
          <TestCase name="HttpAuthHandlerTest" priority="">
            <Test name="testCancel" result="pass" starttime="Fri Sep 21 15:27:14 CST 2012" endtime="Fri Sep 21 15:27:14 CST 2012" />
            <Test name="testProceed" result="pass" starttime="Fri Sep 21 15:27:14 CST 2012" endtime="Fri Sep 21 15:27:15 CST 2012" />
          </TestCase>
          <TestCase name="MimeTypeMapTest" priority="">
            <Test name="testAndroidTestCaseSetupProperly" result="pass" starttime="Fri Sep 21 15:27:15 CST 2012" endtime="Fri Sep 21 15:27:15 CST 2012" />
            <Test name="testGetExtensionFromMimeType" result="pass" starttime="Fri Sep 21 15:27:15 CST 2012" endtime="Fri Sep 21 15:27:15 CST 2012" />
            <Test name="testGetFileExtensionFromUrl" result="pass" starttime="Fri Sep 21 15:27:15 CST 2012" endtime="Fri Sep 21 15:27:16 CST 2012" />
            <Test name="testGetMimeTypeFromExtension" result="pass" starttime="Fri Sep 21 15:27:16 CST 2012" endtime="Fri Sep 21 15:27:16 CST 2012" />
            <Test name="testGetSingleton" result="pass" starttime="Fri Sep 21 15:27:16 CST 2012" endtime="Fri Sep 21 15:27:16 CST 2012" />
            <Test name="testHasExtension" result="pass" starttime="Fri Sep 21 15:27:16 CST 2012" endtime="Fri Sep 21 15:27:16 CST 2012" />
            <Test name="testHasMimeType" result="pass" starttime="Fri Sep 21 15:27:16 CST 2012" endtime="Fri Sep 21 15:27:16 CST 2012" />
          </TestCase>
          <TestCase name="URLUtilTest" priority="">
            <Test name="testAndroidTestCaseSetupProperly" result="pass" starttime="Fri Sep 21 15:27:16 CST 2012" endtime="Fri Sep 21 15:27:16 CST 2012" />
            <Test name="testComposeSearchUrl" result="pass" starttime="Fri Sep 21 15:27:16 CST 2012" endtime="Fri Sep 21 15:27:16 CST 2012" />
            <Test name="testDecode" result="pass" starttime="Fri Sep 21 15:27:16 CST 2012" endtime="Fri Sep 21 15:27:16 CST 2012" />
            <Test name="testGuessFileName" result="pass" starttime="Fri Sep 21 15:27:16 CST 2012" endtime="Fri Sep 21 15:27:16 CST 2012" />
            <Test name="testGuessUrl" result="pass" starttime="Fri Sep 21 15:27:16 CST 2012" endtime="Fri Sep 21 15:27:16 CST 2012" />
            <Test name="testIsAboutUrl" result="pass" starttime="Fri Sep 21 15:27:16 CST 2012" endtime="Fri Sep 21 15:27:17 CST 2012" />
            <Test name="testIsAssetUrl" result="pass" starttime="Fri Sep 21 15:27:17 CST 2012" endtime="Fri Sep 21 15:27:17 CST 2012" />
            <Test name="testIsContentUrl" result="pass" starttime="Fri Sep 21 15:27:17 CST 2012" endtime="Fri Sep 21 15:27:17 CST 2012" />
            <Test name="testIsCookielessProxyUrl" result="pass" starttime="Fri Sep 21 15:27:17 CST 2012" endtime="Fri Sep 21 15:27:17 CST 2012" />
            <Test name="testIsDataUrl" result="pass" starttime="Fri Sep 21 15:27:17 CST 2012" endtime="Fri Sep 21 15:27:17 CST 2012" />
            <Test name="testIsFileUrl" result="pass" starttime="Fri Sep 21 15:27:17 CST 2012" endtime="Fri Sep 21 15:27:17 CST 2012" />
            <Test name="testIsHttpUrl" result="pass" starttime="Fri Sep 21 15:27:17 CST 2012" endtime="Fri Sep 21 15:27:17 CST 2012" />
            <Test name="testIsHttpsUrl" result="pass" starttime="Fri Sep 21 15:27:17 CST 2012" endtime="Fri Sep 21 15:27:17 CST 2012" />
            <Test name="testIsJavaScriptUrl" result="pass" starttime="Fri Sep 21 15:27:17 CST 2012" endtime="Fri Sep 21 15:27:17 CST 2012" />
            <Test name="testIsNetworkUrl" result="pass" starttime="Fri Sep 21 15:27:17 CST 2012" endtime="Fri Sep 21 15:27:17 CST 2012" />
            <Test name="testIsValidUrl" result="pass" starttime="Fri Sep 21 15:27:17 CST 2012" endtime="Fri Sep 21 15:27:18 CST 2012" />
            <Test name="testStripAnchor" result="pass" starttime="Fri Sep 21 15:27:18 CST 2012" endtime="Fri Sep 21 15:27:18 CST 2012" />
          </TestCase>
          <TestCase name="UrlInterceptRegistryTest" priority="">
            <Test name="testAndroidTestCaseSetupProperly" result="pass" starttime="Fri Sep 21 15:27:18 CST 2012" endtime="Fri Sep 21 15:27:18 CST 2012" />
            <Test name="testGetSurrogate" result="pass" starttime="Fri Sep 21 15:27:18 CST 2012" endtime="Fri Sep 21 15:27:18 CST 2012" />
            <Test name="testRegisterHandler" result="pass" starttime="Fri Sep 21 15:27:18 CST 2012" endtime="Fri Sep 21 15:27:18 CST 2012" />
          </TestCase>
          <TestCase name="WebBackForwardListTest" priority="">
            <Test name="testClone" result="pass" starttime="Fri Sep 21 15:27:18 CST 2012" endtime="Fri Sep 21 15:27:18 CST 2012" />
            <Test name="testGetCurrentItem" result="pass" starttime="Fri Sep 21 15:27:18 CST 2012" endtime="Fri Sep 21 15:27:19 CST 2012" />
          </TestCase>
          <TestCase name="WebChromeClientTest" priority="">
            <Test name="testOnJsAlert" result="pass" starttime="Fri Sep 21 15:27:19 CST 2012" endtime="Fri Sep 21 15:27:19 CST 2012" />
            <Test name="testOnJsBeforeUnload" result="pass" starttime="Fri Sep 21 15:27:19 CST 2012" endtime="Fri Sep 21 15:27:20 CST 2012" />
            <Test name="testOnJsConfirm" result="pass" starttime="Fri Sep 21 15:27:20 CST 2012" endtime="Fri Sep 21 15:27:20 CST 2012" />
            <Test name="testOnJsPrompt" result="pass" starttime="Fri Sep 21 15:27:20 CST 2012" endtime="Fri Sep 21 15:27:21 CST 2012" />
            <Test name="testOnProgressChanged" result="pass" starttime="Fri Sep 21 15:27:21 CST 2012" endtime="Fri Sep 21 15:27:21 CST 2012" />
            <Test name="testOnReceivedIcon" result="pass" starttime="Fri Sep 21 15:27:21 CST 2012" endtime="Fri Sep 21 15:27:22 CST 2012" />
            <Test name="testOnReceivedTitle" result="pass" starttime="Fri Sep 21 15:27:22 CST 2012" endtime="Fri Sep 21 15:27:22 CST 2012" />
            <Test name="testWindows" result="pass" starttime="Fri Sep 21 15:27:22 CST 2012" endtime="Fri Sep 21 15:27:25 CST 2012" />
          </TestCase>
          <TestCase name="WebHistoryItemTest" priority="">
            <Test name="testWebHistoryItem" result="pass" starttime="Fri Sep 21 15:27:25 CST 2012" endtime="Fri Sep 21 15:27:25 CST 2012" />
          </TestCase>
          <TestCase name="WebSettingsTest" priority="">
            <Test name="testAccessAllowFileAccess" result="pass" starttime="Fri Sep 21 15:27:25 CST 2012" endtime="Fri Sep 21 15:27:26 CST 2012" />
            <Test name="testAccessBuiltInZoomControls" result="pass" starttime="Fri Sep 21 15:27:26 CST 2012" endtime="Fri Sep 21 15:27:26 CST 2012" />
            <Test name="testAccessCacheMode" result="pass" starttime="Fri Sep 21 15:27:26 CST 2012" endtime="Fri Sep 21 15:27:27 CST 2012" />
            <Test name="testAccessCursiveFontFamily" result="pass" starttime="Fri Sep 21 15:27:27 CST 2012" endtime="Fri Sep 21 15:27:27 CST 2012" />
            <Test name="testAccessDefaultFixedFontSize" result="pass" starttime="Fri Sep 21 15:27:27 CST 2012" endtime="Fri Sep 21 15:27:27 CST 2012" />
            <Test name="testAccessDefaultFontSize" result="pass" starttime="Fri Sep 21 15:27:27 CST 2012" endtime="Fri Sep 21 15:27:28 CST 2012" />
            <Test name="testAccessDefaultTextEncodingName" result="pass" starttime="Fri Sep 21 15:27:28 CST 2012" endtime="Fri Sep 21 15:27:28 CST 2012" />
            <Test name="testAccessFantasyFontFamily" result="pass" starttime="Fri Sep 21 15:27:28 CST 2012" endtime="Fri Sep 21 15:27:29 CST 2012" />
            <Test name="testAccessFixedFontFamily" result="pass" starttime="Fri Sep 21 15:27:29 CST 2012" endtime="Fri Sep 21 15:27:29 CST 2012" />
            <Test name="testAccessJavaScriptCanOpenWindowsAutomatically" result="pass" starttime="Fri Sep 21 15:27:29 CST 2012" endtime="Fri Sep 21 15:27:30 CST 2012" />
            <Test name="testAccessJavaScriptEnabled" result="pass" starttime="Fri Sep 21 15:27:30 CST 2012" endtime="Fri Sep 21 15:27:30 CST 2012" />
            <Test name="testAccessLayoutAlgorithm" result="pass" starttime="Fri Sep 21 15:27:30 CST 2012" endtime="Fri Sep 21 15:27:30 CST 2012" />
            <Test name="testAccessLightTouchEnabled" result="pass" starttime="Fri Sep 21 15:27:30 CST 2012" endtime="Fri Sep 21 15:27:31 CST 2012" />
            <Test name="testAccessMinimumFontSize" result="pass" starttime="Fri Sep 21 15:27:31 CST 2012" endtime="Fri Sep 21 15:27:31 CST 2012" />
            <Test name="testAccessMinimumLogicalFontSize" result="pass" starttime="Fri Sep 21 15:27:31 CST 2012" endtime="Fri Sep 21 15:27:32 CST 2012" />
            <Test name="testAccessNavDump" result="pass" starttime="Fri Sep 21 15:27:32 CST 2012" endtime="Fri Sep 21 15:27:32 CST 2012" />
            <Test name="testAccessPluginsEnabled" result="pass" starttime="Fri Sep 21 15:27:32 CST 2012" endtime="Fri Sep 21 15:27:32 CST 2012" />
            <Test name="testAccessPluginsPath" result="pass" starttime="Fri Sep 21 15:27:32 CST 2012" endtime="Fri Sep 21 15:27:33 CST 2012" />
            <Test name="testAccessSansSerifFontFamily" result="pass" starttime="Fri Sep 21 15:27:33 CST 2012" endtime="Fri Sep 21 15:27:33 CST 2012" />
            <Test name="testAccessSaveFormData" result="pass" starttime="Fri Sep 21 15:27:33 CST 2012" endtime="Fri Sep 21 15:27:34 CST 2012" />
            <Test name="testAccessSavePassword" result="pass" starttime="Fri Sep 21 15:27:34 CST 2012" endtime="Fri Sep 21 15:27:34 CST 2012" />
            <Test name="testAccessSerifFontFamily" result="pass" starttime="Fri Sep 21 15:27:34 CST 2012" endtime="Fri Sep 21 15:27:34 CST 2012" />
            <Test name="testAccessStandardFontFamily" result="pass" starttime="Fri Sep 21 15:27:34 CST 2012" endtime="Fri Sep 21 15:27:35 CST 2012" />
            <Test name="testAccessSupportMultipleWindows" result="pass" starttime="Fri Sep 21 15:27:35 CST 2012" endtime="Fri Sep 21 15:27:35 CST 2012" />
            <Test name="testAccessSupportZoom" result="pass" starttime="Fri Sep 21 15:27:35 CST 2012" endtime="Fri Sep 21 15:27:35 CST 2012" />
            <Test name="testAccessTextSize" result="pass" starttime="Fri Sep 21 15:27:35 CST 2012" endtime="Fri Sep 21 15:27:36 CST 2012" />
            <Test name="testAccessUseDoubleTree" result="pass" starttime="Fri Sep 21 15:27:36 CST 2012" endtime="Fri Sep 21 15:27:36 CST 2012" />
            <Test name="testAccessUseWideViewPort" result="pass" starttime="Fri Sep 21 15:27:36 CST 2012" endtime="Fri Sep 21 15:27:36 CST 2012" />
            <Test name="testAccessUserAgent" result="pass" starttime="Fri Sep 21 15:27:36 CST 2012" endtime="Fri Sep 21 15:27:37 CST 2012" />
            <Test name="testAccessUserAgentString" result="pass" starttime="Fri Sep 21 15:27:37 CST 2012" endtime="Fri Sep 21 15:27:38 CST 2012" />
            <Test name="testAppCacheDisabled" result="pass" starttime="Fri Sep 21 15:27:38 CST 2012" endtime="Fri Sep 21 15:27:39 CST 2012" />
            <Test name="testAppCacheEnabled" result="pass" starttime="Fri Sep 21 15:27:39 CST 2012" endtime="Fri Sep 21 15:27:41 CST 2012" />
            <Test name="testBlockNetworkImage" result="pass" starttime="Fri Sep 21 15:27:41 CST 2012" endtime="Fri Sep 21 15:27:42 CST 2012" />
            <Test name="testBlockNetworkLoads" result="pass" starttime="Fri Sep 21 15:27:42 CST 2012" endtime="Fri Sep 21 15:27:43 CST 2012" />
            <Test name="testIframesWhenAccessFromFileURLsDisabled" result="pass" starttime="Fri Sep 21 15:27:43 CST 2012" endtime="Fri Sep 21 15:27:43 CST 2012" />
            <Test name="testIframesWhenAccessFromFileURLsEnabled" result="pass" starttime="Fri Sep 21 15:27:43 CST 2012" endtime="Fri Sep 21 15:27:44 CST 2012" />
            <Test name="testLoadsImagesAutomatically" result="pass" starttime="Fri Sep 21 15:27:44 CST 2012" endtime="Fri Sep 21 15:27:45 CST 2012" />
            <Test name="testLocalImageLoads" result="pass" starttime="Fri Sep 21 15:27:45 CST 2012" endtime="Fri Sep 21 15:27:45 CST 2012" />
            <Test name="testSetNeedInitialFocus" result="pass" starttime="Fri Sep 21 15:27:45 CST 2012" endtime="Fri Sep 21 15:27:45 CST 2012" />
            <Test name="testSetRenderPriority" result="pass" starttime="Fri Sep 21 15:27:45 CST 2012" endtime="Fri Sep 21 15:27:46 CST 2012" />
            <Test name="testUserAgentString_default" result="pass" starttime="Fri Sep 21 15:27:46 CST 2012" endtime="Fri Sep 21 15:27:46 CST 2012" />
            <Test name="testXHRWhenAccessFromFileURLsDisabled" result="pass" starttime="Fri Sep 21 15:27:46 CST 2012" endtime="Fri Sep 21 15:27:47 CST 2012" />
            <Test name="testXHRWhenAccessFromFileURLsEnabled" result="pass" starttime="Fri Sep 21 15:27:47 CST 2012" endtime="Fri Sep 21 15:27:47 CST 2012" />
          </TestCase>
          <TestCase name="WebViewClientTest" priority="">
            <Test name="testDoUpdateVisitedHistory" result="pass" starttime="Fri Sep 21 15:27:47 CST 2012" endtime="Fri Sep 21 15:27:48 CST 2012" />
            <Test name="testLoadPage" result="pass" starttime="Fri Sep 21 15:27:48 CST 2012" endtime="Fri Sep 21 15:27:49 CST 2012" />
            <Test name="testOnFormResubmission" result="pass" starttime="Fri Sep 21 15:27:49 CST 2012" endtime="Fri Sep 21 15:27:50 CST 2012" />
            <Test name="testOnReceivedError" result="pass" starttime="Fri Sep 21 15:27:50 CST 2012" endtime="Fri Sep 21 15:27:51 CST 2012" />
            <Test name="testOnReceivedHttpAuthRequest" result="pass" starttime="Fri Sep 21 15:27:51 CST 2012" endtime="Fri Sep 21 15:27:51 CST 2012" />
            <Test name="testOnScaleChanged" result="pass" starttime="Fri Sep 21 15:27:51 CST 2012" endtime="Fri Sep 21 15:27:52 CST 2012" />
            <Test name="testOnUnhandledKeyEvent" result="pass" starttime="Fri Sep 21 15:27:52 CST 2012" endtime="Fri Sep 21 15:27:52 CST 2012" />
            <Test name="testShouldOverrideKeyEvent" result="pass" starttime="Fri Sep 21 15:27:52 CST 2012" endtime="Fri Sep 21 15:27:52 CST 2012" />
            <Test name="testShouldOverrideUrlLoading" result="pass" starttime="Fri Sep 21 15:27:52 CST 2012" endtime="Fri Sep 21 15:27:52 CST 2012" />
          </TestCase>
          <TestCase name="WebViewTest" priority="">
            <Test name="testAccessHttpAuthUsernamePassword" result="pass" starttime="Fri Sep 21 15:27:52 CST 2012" endtime="Fri Sep 21 15:27:53 CST 2012" />
            <Test name="testAccessPluginList" result="pass" starttime="Fri Sep 21 15:27:53 CST 2012" endtime="Fri Sep 21 15:27:53 CST 2012" />
            <Test name="testAddJavascriptInterface" result="pass" starttime="Fri Sep 21 15:27:53 CST 2012" endtime="Fri Sep 21 15:27:54 CST 2012" />
            <Test name="testAddJavascriptInterfaceNullObject" result="pass" starttime="Fri Sep 21 15:27:54 CST 2012" endtime="Fri Sep 21 15:27:55 CST 2012" />
            <Test name="testAndroidAssetAnchor" result="pass" starttime="Fri Sep 21 15:27:55 CST 2012" endtime="Fri Sep 21 15:27:56 CST 2012" />
            <Test name="testAndroidAssetQueryParam" result="pass" starttime="Fri Sep 21 15:27:56 CST 2012" endtime="Fri Sep 21 15:27:56 CST 2012" />
            <Test name="testCapturePicture" result="pass" starttime="Fri Sep 21 15:27:56 CST 2012" endtime="Fri Sep 21 15:27:58 CST 2012" />
            <Test name="testClearCache" result="pass" starttime="Fri Sep 21 15:27:58 CST 2012" endtime="Fri Sep 21 15:27:58 CST 2012" />
            <Test name="testClearHistory" result="pass" starttime="Fri Sep 21 15:27:58 CST 2012" endtime="Fri Sep 21 15:27:59 CST 2012" />
            <Test name="testClearSslPreferences" result="pass" starttime="Fri Sep 21 15:27:59 CST 2012" endtime="Fri Sep 21 15:28:00 CST 2012" />
            <Test name="testConstructor" result="pass" starttime="Fri Sep 21 15:28:00 CST 2012" endtime="Fri Sep 21 15:28:00 CST 2012" />
            <Test name="testDebugDump" result="pass" starttime="Fri Sep 21 15:28:00 CST 2012" endtime="Fri Sep 21 15:28:00 CST 2012" />
            <Test name="testDestroy" result="pass" starttime="Fri Sep 21 15:28:00 CST 2012" endtime="Fri Sep 21 15:28:01 CST 2012" />
            <Test name="testDocumentHasImages" result="pass" starttime="Fri Sep 21 15:28:01 CST 2012" endtime="Fri Sep 21 15:28:01 CST 2012" />
            <Test name="testFindAddress" result="pass" starttime="Fri Sep 21 15:28:01 CST 2012" endtime="Fri Sep 21 15:28:02 CST 2012" />
            <Test name="testFindAll" result="pass" starttime="Fri Sep 21 15:28:02 CST 2012" endtime="Fri Sep 21 15:28:02 CST 2012" />
            <Test name="testFindNext" result="pass" starttime="Fri Sep 21 15:28:02 CST 2012" endtime="Fri Sep 21 15:28:07 CST 2012" />
            <Test name="testFlingScroll" result="pass" starttime="Fri Sep 21 15:28:07 CST 2012" endtime="Fri Sep 21 15:28:09 CST 2012" />
            <Test name="testGetContentHeight" result="pass" starttime="Fri Sep 21 15:28:09 CST 2012" endtime="Fri Sep 21 15:28:09 CST 2012" />
            <Test name="testGetFavicon" result="pass" starttime="Fri Sep 21 15:28:09 CST 2012" endtime="Fri Sep 21 15:28:10 CST 2012" />
            <Test name="testGetHitTestResult" result="pass" starttime="Fri Sep 21 15:28:10 CST 2012" endtime="Fri Sep 21 15:28:14 CST 2012" />
            <Test name="testGetOriginalUrl" result="pass" starttime="Fri Sep 21 15:28:14 CST 2012" endtime="Fri Sep 21 15:28:15 CST 2012" />
            <Test name="testGetVisibleTitleHeight" result="pass" starttime="Fri Sep 21 15:28:15 CST 2012" endtime="Fri Sep 21 15:28:16 CST 2012" />
            <Test name="testGetZoomControls" result="pass" starttime="Fri Sep 21 15:28:16 CST 2012" endtime="Fri Sep 21 15:28:16 CST 2012" />
            <Test name="testGoBackAndForward" result="pass" starttime="Fri Sep 21 15:28:16 CST 2012" endtime="Fri Sep 21 15:28:17 CST 2012" />
            <Test name="testInsecureSiteClearsCertificate" result="pass" starttime="Fri Sep 21 15:28:17 CST 2012" endtime="Fri Sep 21 15:28:18 CST 2012" />
            <Test name="testInternals" result="pass" starttime="Fri Sep 21 15:28:18 CST 2012" endtime="Fri Sep 21 15:28:18 CST 2012" />
            <Test name="testInvokeZoomPicker" result="pass" starttime="Fri Sep 21 15:28:18 CST 2012" endtime="Fri Sep 21 15:28:19 CST 2012" />
            <Test name="testLoadData" result="pass" starttime="Fri Sep 21 15:28:19 CST 2012" endtime="Fri Sep 21 15:28:20 CST 2012" />
            <Test name="testLoadDataWithBaseUrl" result="pass" starttime="Fri Sep 21 15:28:20 CST 2012" endtime="Fri Sep 21 15:28:21 CST 2012" />
            <Test name="testLoadUrl" result="pass" starttime="Fri Sep 21 15:28:21 CST 2012" endtime="Fri Sep 21 15:28:21 CST 2012" />
            <Test name="testOnReceivedSslError" result="pass" starttime="Fri Sep 21 15:28:21 CST 2012" endtime="Fri Sep 21 15:28:22 CST 2012" />
            <Test name="testOnReceivedSslErrorCancel" result="pass" starttime="Fri Sep 21 15:28:22 CST 2012" endtime="Fri Sep 21 15:28:22 CST 2012" />
            <Test name="testOnReceivedSslErrorProceed" result="pass" starttime="Fri Sep 21 15:28:22 CST 2012" endtime="Fri Sep 21 15:28:23 CST 2012" />
            <Test name="testPageScroll" result="pass" starttime="Fri Sep 21 15:28:23 CST 2012" endtime="Fri Sep 21 15:28:31 CST 2012" />
            <Test name="testPauseResumeTimers" result="pass" starttime="Fri Sep 21 15:28:31 CST 2012" endtime="Fri Sep 21 15:28:33 CST 2012" />
            <Test name="testPlatformNotifications" result="pass" starttime="Fri Sep 21 15:28:33 CST 2012" endtime="Fri Sep 21 15:28:33 CST 2012" />
            <Test name="testRemoveJavascriptInterface" result="pass" starttime="Fri Sep 21 15:28:33 CST 2012" endtime="Fri Sep 21 15:28:34 CST 2012" />
            <Test name="testRequestChildRectangleOnScreen" result="pass" starttime="Fri Sep 21 15:28:34 CST 2012" endtime="Fri Sep 21 15:28:34 CST 2012" />
            <Test name="testRequestFocusNodeHref" result="pass" starttime="Fri Sep 21 15:28:34 CST 2012" endtime="Fri Sep 21 15:28:35 CST 2012" />
            <Test name="testRequestImageRef" result="pass" starttime="Fri Sep 21 15:28:35 CST 2012" endtime="Fri Sep 21 15:28:35 CST 2012" />
            <Test name="testSaveAndRestorePicture" result="pass" starttime="Fri Sep 21 15:28:35 CST 2012" endtime="Fri Sep 21 15:28:37 CST 2012" />
            <Test name="testSaveAndRestoreState" result="pass" starttime="Fri Sep 21 15:28:37 CST 2012" endtime="Fri Sep 21 15:28:38 CST 2012" />
            <Test name="testSavePassword" result="pass" starttime="Fri Sep 21 15:28:38 CST 2012" endtime="Fri Sep 21 15:28:38 CST 2012" />
            <Test name="testScrollBarOverlay" result="pass" starttime="Fri Sep 21 15:28:38 CST 2012" endtime="Fri Sep 21 15:28:39 CST 2012" />
            <Test name="testSecureSiteSetsCertificate" result="pass" starttime="Fri Sep 21 15:28:39 CST 2012" endtime="Fri Sep 21 15:28:40 CST 2012" />
            <Test name="testSetAndGetCertificate" result="pass" starttime="Fri Sep 21 15:28:40 CST 2012" endtime="Fri Sep 21 15:28:40 CST 2012" />
            <Test name="testSetDownloadListener" result="pass" starttime="Fri Sep 21 15:28:40 CST 2012" endtime="Fri Sep 21 15:28:41 CST 2012" />
            <Test name="testSetInitialScale" result="pass" starttime="Fri Sep 21 15:28:41 CST 2012" endtime="Fri Sep 21 15:28:41 CST 2012" />
            <Test name="testSetLayoutParams" result="pass" starttime="Fri Sep 21 15:28:41 CST 2012" endtime="Fri Sep 21 15:28:42 CST 2012" />
            <Test name="testSetMapTrackballToArrowKeys" result="pass" starttime="Fri Sep 21 15:28:42 CST 2012" endtime="Fri Sep 21 15:28:42 CST 2012" />
            <Test name="testSetNetworkAvailable" result="pass" starttime="Fri Sep 21 15:28:42 CST 2012" endtime="Fri Sep 21 15:28:43 CST 2012" />
            <Test name="testSetPictureListener" result="pass" starttime="Fri Sep 21 15:28:43 CST 2012" endtime="Fri Sep 21 15:28:43 CST 2012" />
            <Test name="testSetScrollBarStyle" result="pass" starttime="Fri Sep 21 15:28:43 CST 2012" endtime="Fri Sep 21 15:28:44 CST 2012" />
            <Test name="testSetWebChromeClient" result="pass" starttime="Fri Sep 21 15:28:44 CST 2012" endtime="Fri Sep 21 15:28:44 CST 2012" />
            <Test name="testSetWebViewClient" result="pass" starttime="Fri Sep 21 15:28:44 CST 2012" endtime="Fri Sep 21 15:28:45 CST 2012" />
            <Test name="testSslErrorProceedResponseNotReusedForDifferentHost" result="pass" starttime="Fri Sep 21 15:28:45 CST 2012" endtime="Fri Sep 21 15:28:45 CST 2012" />
            <Test name="testSslErrorProceedResponseReusedForSameHost" result="pass" starttime="Fri Sep 21 15:28:45 CST 2012" endtime="Fri Sep 21 15:28:46 CST 2012" />
            <Test name="testStopLoading" result="pass" starttime="Fri Sep 21 15:28:46 CST 2012" endtime="Fri Sep 21 15:28:46 CST 2012" />
            <Test name="testUseRemovedJavascriptInterface" result="pass" starttime="Fri Sep 21 15:28:46 CST 2012" endtime="Fri Sep 21 15:28:47 CST 2012" />
            <Test name="testZoom" result="pass" starttime="Fri Sep 21 15:28:47 CST 2012" endtime="Fri Sep 21 15:28:47 CST 2012" />
          </TestCase>
          <TestCase name="WebView_WebViewTransportTest" priority="">
            <Test name="testAccessWebView" result="pass" starttime="Fri Sep 21 15:28:47 CST 2012" endtime="Fri Sep 21 15:28:47 CST 2012" />
            <Test name="testAndroidTestCaseSetupProperly" result="pass" starttime="Fri Sep 21 15:28:47 CST 2012" endtime="Fri Sep 21 15:28:47 CST 2012" />
          </TestCase>
        </TestSuite>
      </TestSuite>
    </TestSuite>
  </TestPackage>
  <TestPackage name="CtsWidgetTestCases" appPackageName="android.widget" digest="cc74251d02246b2a125c797f120ab0c523a9d147">
    <TestSuite name="android">
      <TestSuite name="widget">
        <TestSuite name="cts">
          <TestCase name="AbsListViewTest" priority="">
            <Test name="testAccessCacheColorHint" result="pass" starttime="Fri Sep 21 15:28:53 CST 2012" endtime="Fri Sep 21 15:28:54 CST 2012" />
            <Test name="testAccessFastScrollEnabled" result="pass" starttime="Fri Sep 21 15:28:54 CST 2012" endtime="Fri Sep 21 15:28:54 CST 2012" />
            <Test name="testAccessListPadding" result="pass" starttime="Fri Sep 21 15:28:54 CST 2012" endtime="Fri Sep 21 15:28:55 CST 2012" />
            <Test name="testAccessScrollingCacheEnabled" result="pass" starttime="Fri Sep 21 15:28:55 CST 2012" endtime="Fri Sep 21 15:28:55 CST 2012" />
            <Test name="testAccessSelectedItem" result="pass" starttime="Fri Sep 21 15:28:55 CST 2012" endtime="Fri Sep 21 15:28:55 CST 2012" />
            <Test name="testAccessSelector" result="pass" starttime="Fri Sep 21 15:28:55 CST 2012" endtime="Fri Sep 21 15:28:56 CST 2012" />
            <Test name="testAccessSmoothScrollbarEnabled" result="pass" starttime="Fri Sep 21 15:28:56 CST 2012" endtime="Fri Sep 21 15:28:56 CST 2012" />
            <Test name="testAccessStackFromBottom" result="pass" starttime="Fri Sep 21 15:28:56 CST 2012" endtime="Fri Sep 21 15:28:56 CST 2012" />
            <Test name="testAccessTranscriptMode" result="pass" starttime="Fri Sep 21 15:28:56 CST 2012" endtime="Fri Sep 21 15:28:57 CST 2012" />
            <Test name="testAddTouchables" result="pass" starttime="Fri Sep 21 15:28:57 CST 2012" endtime="Fri Sep 21 15:28:57 CST 2012" />
            <Test name="testBeforeAndAfterTextChanged" result="pass" starttime="Fri Sep 21 15:28:57 CST 2012" endtime="Fri Sep 21 15:28:57 CST 2012" />
            <Test name="testCheckLayoutParams" result="pass" starttime="Fri Sep 21 15:28:57 CST 2012" endtime="Fri Sep 21 15:28:58 CST 2012" />
            <Test name="testComputeVerticalScrollValues" result="pass" starttime="Fri Sep 21 15:28:58 CST 2012" endtime="Fri Sep 21 15:28:58 CST 2012" />
            <Test name="testConstructor" result="pass" starttime="Fri Sep 21 15:28:58 CST 2012" endtime="Fri Sep 21 15:28:58 CST 2012" />
            <Test name="testDraw" result="pass" starttime="Fri Sep 21 15:28:58 CST 2012" endtime="Fri Sep 21 15:28:59 CST 2012" />
            <Test name="testFoo" result="pass" starttime="Fri Sep 21 15:28:59 CST 2012" endtime="Fri Sep 21 15:28:59 CST 2012" />
            <Test name="testGenerateLayoutParams" result="pass" starttime="Fri Sep 21 15:28:59 CST 2012" endtime="Fri Sep 21 15:28:59 CST 2012" />
            <Test name="testGetContextMenuInfo" result="pass" starttime="Fri Sep 21 15:28:59 CST 2012" endtime="Fri Sep 21 15:29:00 CST 2012" />
            <Test name="testGetFocusedRect" result="pass" starttime="Fri Sep 21 15:29:00 CST 2012" endtime="Fri Sep 21 15:29:01 CST 2012" />
            <Test name="testGetTopBottomFadingEdgeStrength" result="pass" starttime="Fri Sep 21 15:29:01 CST 2012" endtime="Fri Sep 21 15:29:01 CST 2012" />
            <Test name="testHandleDataChanged" result="pass" starttime="Fri Sep 21 15:29:01 CST 2012" endtime="Fri Sep 21 15:29:01 CST 2012" />
            <Test name="testInvalidateViews" result="pass" starttime="Fri Sep 21 15:29:01 CST 2012" endtime="Fri Sep 21 15:29:02 CST 2012" />
            <Test name="testLayoutChildren" result="pass" starttime="Fri Sep 21 15:29:02 CST 2012" endtime="Fri Sep 21 15:29:02 CST 2012" />
            <Test name="testPointToPosition" result="pass" starttime="Fri Sep 21 15:29:02 CST 2012" endtime="Fri Sep 21 15:29:02 CST 2012" />
            <Test name="testSetFilterText" result="pass" starttime="Fri Sep 21 15:29:02 CST 2012" endtime="Fri Sep 21 15:29:03 CST 2012" />
            <Test name="testSetOnScrollListener" result="fail" starttime="Fri Sep 21 15:29:03 CST 2012" endtime="Fri Sep 21 15:29:03 CST 2012">
              <FailedScene message="junit.framework.AssertionFailedError: expected:&lt;0&gt; but was:&lt;-1&gt;&#13;&#10;at android.widget.cts.AbsListViewTest.testSetOnScrollListener(AbsListViewTest.java:188)&#13;">
                <StackTrace>junit.framework.AssertionFailedError: expected:&lt;0&gt; but was:&lt;-1&gt;
at android.widget.cts.AbsListViewTest.testSetOnScrollListener(AbsListViewTest.java:188)
at java.lang.reflect.Method.invokeNative(Native Method)
at android.test.InstrumentationTestCase.runMethod(InstrumentationTestCase.java:214)
at android.test.InstrumentationTestCase.runTest(InstrumentationTestCase.java:199)
at android.test.ActivityInstrumentationTestCase2.runTest(ActivityInstrumentationTestCase2.java:192)
at android.test.AndroidTestRunner.runTest(AndroidTestRunner.java:190)
at android.test.AndroidTestRunner.runTest(AndroidTestRunner.java:175)
at android.test.InstrumentationTestRunner.onStart(InstrumentationTestRunner.java:555)
at android.app.Instrumentation$InstrumentationThread.run(Instrumentation.java:1584)
</StackTrace>
              </FailedScene>
            </Test>
            <Test name="testSetRecyclerListener" result="pass" starttime="Fri Sep 21 15:29:03 CST 2012" endtime="Fri Sep 21 15:29:03 CST 2012" />
            <Test name="testSetScrollIndicators" result="pass" starttime="Fri Sep 21 15:29:03 CST 2012" endtime="Fri Sep 21 15:29:04 CST 2012" />
            <Test name="testShowContextMenuForChild" result="pass" starttime="Fri Sep 21 15:29:04 CST 2012" endtime="Fri Sep 21 15:29:04 CST 2012" />
          </TestCase>
          <TestCase name="AbsListView_LayoutParamsTest" priority="">
            <Test name="testAndroidTestCaseSetupProperly" result="pass" starttime="Fri Sep 21 15:29:04 CST 2012" endtime="Fri Sep 21 15:29:04 CST 2012" />
            <Test name="testConstructors" result="pass" starttime="Fri Sep 21 15:29:04 CST 2012" endtime="Fri Sep 21 15:29:04 CST 2012" />
          </TestCase>
          <TestCase name="AbsSeekBarTest" priority="">
            <Test name="testAccessKeyProgressIncrement" result="pass" starttime="Fri Sep 21 15:29:04 CST 2012" endtime="Fri Sep 21 15:29:04 CST 2012" />
            <Test name="testAccessThumbOffset" result="pass" starttime="Fri Sep 21 15:29:04 CST 2012" endtime="Fri Sep 21 15:29:05 CST 2012" />
            <Test name="testConstructor" result="pass" starttime="Fri Sep 21 15:29:05 CST 2012" endtime="Fri Sep 21 15:29:05 CST 2012" />
            <Test name="testDrawableStateChanged" result="pass" starttime="Fri Sep 21 15:29:05 CST 2012" endtime="Fri Sep 21 15:29:05 CST 2012" />
            <Test name="testFoo" result="pass" starttime="Fri Sep 21 15:29:05 CST 2012" endtime="Fri Sep 21 15:29:06 CST 2012" />
            <Test name="testSetMax" result="pass" starttime="Fri Sep 21 15:29:06 CST 2012" endtime="Fri Sep 21 15:29:06 CST 2012" />
            <Test name="testSetThumb" result="pass" starttime="Fri Sep 21 15:29:06 CST 2012" endtime="Fri Sep 21 15:29:06 CST 2012" />
            <Test name="testVerifyDrawable" result="pass" starttime="Fri Sep 21 15:29:06 CST 2012" endtime="Fri Sep 21 15:29:07 CST 2012" />
          </TestCase>
          <TestCase name="AbsSpinnerTest" priority="">
            <Test name="testAccessAdapter" result="pass" starttime="Fri Sep 21 15:29:07 CST 2012" endtime="Fri Sep 21 15:29:07 CST 2012" />
            <Test name="testConstructor" result="pass" starttime="Fri Sep 21 15:29:07 CST 2012" endtime="Fri Sep 21 15:29:07 CST 2012" />
            <Test name="testGenerateDefaultLayoutParams" result="pass" starttime="Fri Sep 21 15:29:07 CST 2012" endtime="Fri Sep 21 15:29:07 CST 2012" />
            <Test name="testGetCount" result="pass" starttime="Fri Sep 21 15:29:07 CST 2012" endtime="Fri Sep 21 15:29:07 CST 2012" />
            <Test name="testGetSelectedView" result="pass" starttime="Fri Sep 21 15:29:07 CST 2012" endtime="Fri Sep 21 15:29:07 CST 2012" />
            <Test name="testOnMeasure" result="pass" starttime="Fri Sep 21 15:29:07 CST 2012" endtime="Fri Sep 21 15:29:08 CST 2012" />
            <Test name="testOnSaveAndRestoreInstanceState" result="pass" starttime="Fri Sep 21 15:29:08 CST 2012" endtime="Fri Sep 21 15:29:08 CST 2012" />
            <Test name="testPointToPosition" result="pass" starttime="Fri Sep 21 15:29:08 CST 2012" endtime="Fri Sep 21 15:29:08 CST 2012" />
            <Test name="testRequestLayout" result="pass" starttime="Fri Sep 21 15:29:08 CST 2012" endtime="Fri Sep 21 15:29:08 CST 2012" />
            <Test name="testSetSelectionInt" result="pass" starttime="Fri Sep 21 15:29:08 CST 2012" endtime="Fri Sep 21 15:29:08 CST 2012" />
            <Test name="testSetSelectionIntBoolean" result="pass" starttime="Fri Sep 21 15:29:08 CST 2012" endtime="Fri Sep 21 15:29:09 CST 2012" />
          </TestCase>
          <TestCase name="AbsoluteLayoutTest" priority="">
            <Test name="testCheckLayoutParams" result="pass" starttime="Fri Sep 21 15:29:09 CST 2012" endtime="Fri Sep 21 15:29:09 CST 2012" />
            <Test name="testConstructor" result="pass" starttime="Fri Sep 21 15:29:09 CST 2012" endtime="Fri Sep 21 15:29:09 CST 2012" />
            <Test name="testGenerateDefaultLayoutParams" result="pass" starttime="Fri Sep 21 15:29:09 CST 2012" endtime="Fri Sep 21 15:29:09 CST 2012" />
            <Test name="testGenerateLayoutParams1" result="pass" starttime="Fri Sep 21 15:29:09 CST 2012" endtime="Fri Sep 21 15:29:10 CST 2012" />
            <Test name="testGenerateLayoutParams2" result="pass" starttime="Fri Sep 21 15:29:10 CST 2012" endtime="Fri Sep 21 15:29:10 CST 2012" />
            <Test name="testOnLayout" result="pass" starttime="Fri Sep 21 15:29:10 CST 2012" endtime="Fri Sep 21 15:29:10 CST 2012" />
            <Test name="testOnMeasure" result="pass" starttime="Fri Sep 21 15:29:10 CST 2012" endtime="Fri Sep 21 15:29:11 CST 2012" />
          </TestCase>
          <TestCase name="AbsoluteLayout_LayoutParamsTest" priority="">
            <Test name="testAndroidTestCaseSetupProperly" result="pass" starttime="Fri Sep 21 15:29:11 CST 2012" endtime="Fri Sep 21 15:29:11 CST 2012" />
            <Test name="testConstructor" result="pass" starttime="Fri Sep 21 15:29:11 CST 2012" endtime="Fri Sep 21 15:29:11 CST 2012" />
            <Test name="testDebug" result="pass" starttime="Fri Sep 21 15:29:11 CST 2012" endtime="Fri Sep 21 15:29:11 CST 2012" />
          </TestCase>
          <TestCase name="AdapterViewTest" priority="">
            <Test name="testAccessEmptyView" result="pass" starttime="Fri Sep 21 15:29:11 CST 2012" endtime="Fri Sep 21 15:29:11 CST 2012" />
            <Test name="testAccessOnItemClickAndLongClickListener" result="pass" starttime="Fri Sep 21 15:29:11 CST 2012" endtime="Fri Sep 21 15:29:12 CST 2012" />
            <Test name="testAccessOnItemSelectedListener" result="pass" starttime="Fri Sep 21 15:29:12 CST 2012" endtime="Fri Sep 21 15:29:12 CST 2012" />
            <Test name="testAccessVisiblePosition" result="pass" starttime="Fri Sep 21 15:29:12 CST 2012" endtime="Fri Sep 21 15:29:12 CST 2012" />
            <Test name="testCanAnimate" result="pass" starttime="Fri Sep 21 15:29:12 CST 2012" endtime="Fri Sep 21 15:29:13 CST 2012" />
            <Test name="testChangeFocusable" result="pass" starttime="Fri Sep 21 15:29:13 CST 2012" endtime="Fri Sep 21 15:29:13 CST 2012" />
            <Test name="testConstructor" result="pass" starttime="Fri Sep 21 15:29:13 CST 2012" endtime="Fri Sep 21 15:29:13 CST 2012" />
            <Test name="testDispatchRestoreInstanceState" result="pass" starttime="Fri Sep 21 15:29:13 CST 2012" endtime="Fri Sep 21 15:29:14 CST 2012" />
            <Test name="testDispatchSaveInstanceState" result="pass" starttime="Fri Sep 21 15:29:14 CST 2012" endtime="Fri Sep 21 15:29:14 CST 2012" />
            <Test name="testGetCount" result="pass" starttime="Fri Sep 21 15:29:14 CST 2012" endtime="Fri Sep 21 15:29:14 CST 2012" />
            <Test name="testGetPositionForView" result="pass" starttime="Fri Sep 21 15:29:14 CST 2012" endtime="Fri Sep 21 15:29:15 CST 2012" />
            <Test name="testGetSelected" result="pass" starttime="Fri Sep 21 15:29:15 CST 2012" endtime="Fri Sep 21 15:29:15 CST 2012" />
            <Test name="testItemOrItemIdAtPosition" result="pass" starttime="Fri Sep 21 15:29:15 CST 2012" endtime="Fri Sep 21 15:29:15 CST 2012" />
            <Test name="testOnLayout" result="pass" starttime="Fri Sep 21 15:29:15 CST 2012" endtime="Fri Sep 21 15:29:16 CST 2012" />
            <Test name="testUnsupportedMethods" result="pass" starttime="Fri Sep 21 15:29:16 CST 2012" endtime="Fri Sep 21 15:29:16 CST 2012" />
          </TestCase>
          <TestCase name="AdapterView_AdapterContextMenuInfoTest" priority="">
            <Test name="testAndroidTestCaseSetupProperly" result="pass" starttime="Fri Sep 21 15:29:16 CST 2012" endtime="Fri Sep 21 15:29:16 CST 2012" />
            <Test name="testConstructor" result="pass" starttime="Fri Sep 21 15:29:16 CST 2012" endtime="Fri Sep 21 15:29:16 CST 2012" />
          </TestCase>
          <TestCase name="AlphabetIndexerTest" priority="">
            <Test name="testAlphabetIndexer" result="pass" starttime="Fri Sep 21 15:29:16 CST 2012" endtime="Fri Sep 21 15:29:16 CST 2012" />
            <Test name="testAndroidTestCaseSetupProperly" result="pass" starttime="Fri Sep 21 15:29:16 CST 2012" endtime="Fri Sep 21 15:29:16 CST 2012" />
            <Test name="testCompare" result="pass" starttime="Fri Sep 21 15:29:16 CST 2012" endtime="Fri Sep 21 15:29:16 CST 2012" />
          </TestCase>
          <TestCase name="AnalogClockTest" priority="">
            <Test name="testConstructor" result="pass" starttime="Fri Sep 21 15:29:16 CST 2012" endtime="Fri Sep 21 15:29:17 CST 2012" />
            <Test name="testOnAttachedToWindow" result="pass" starttime="Fri Sep 21 15:29:17 CST 2012" endtime="Fri Sep 21 15:29:17 CST 2012" />
            <Test name="testOnDetachedFromWindow" result="pass" starttime="Fri Sep 21 15:29:17 CST 2012" endtime="Fri Sep 21 15:29:17 CST 2012" />
            <Test name="testOnDraw" result="pass" starttime="Fri Sep 21 15:29:17 CST 2012" endtime="Fri Sep 21 15:29:18 CST 2012" />
            <Test name="testOnMeasure" result="pass" starttime="Fri Sep 21 15:29:18 CST 2012" endtime="Fri Sep 21 15:29:18 CST 2012" />
            <Test name="testOnSizeChanged" result="pass" starttime="Fri Sep 21 15:29:18 CST 2012" endtime="Fri Sep 21 15:29:18 CST 2012" />
          </TestCase>
          <TestCase name="ArrayAdapterTest" priority="">
            <Test name="testAccessView" result="pass" starttime="Fri Sep 21 15:29:18 CST 2012" endtime="Fri Sep 21 15:29:18 CST 2012" />
            <Test name="testAdd" result="pass" starttime="Fri Sep 21 15:29:18 CST 2012" endtime="Fri Sep 21 15:29:18 CST 2012" />
            <Test name="testAddAllCollection" result="pass" starttime="Fri Sep 21 15:29:18 CST 2012" endtime="Fri Sep 21 15:29:18 CST 2012" />
            <Test name="testAddAllParams" result="pass" starttime="Fri Sep 21 15:29:18 CST 2012" endtime="Fri Sep 21 15:29:19 CST 2012" />
            <Test name="testAndroidTestCaseSetupProperly" result="pass" starttime="Fri Sep 21 15:29:19 CST 2012" endtime="Fri Sep 21 15:29:19 CST 2012" />
            <Test name="testConstructor" result="pass" starttime="Fri Sep 21 15:29:19 CST 2012" endtime="Fri Sep 21 15:29:19 CST 2012" />
            <Test name="testCreateFromResource" result="pass" starttime="Fri Sep 21 15:29:19 CST 2012" endtime="Fri Sep 21 15:29:19 CST 2012" />
            <Test name="testDataChangeEvent" result="pass" starttime="Fri Sep 21 15:29:19 CST 2012" endtime="Fri Sep 21 15:29:19 CST 2012" />
            <Test name="testGetFilter" result="pass" starttime="Fri Sep 21 15:29:19 CST 2012" endtime="Fri Sep 21 15:29:19 CST 2012" />
            <Test name="testGetItem" result="pass" starttime="Fri Sep 21 15:29:19 CST 2012" endtime="Fri Sep 21 15:29:19 CST 2012" />
            <Test name="testGetItemId" result="pass" starttime="Fri Sep 21 15:29:19 CST 2012" endtime="Fri Sep 21 15:29:19 CST 2012" />
            <Test name="testGetPosition" result="pass" starttime="Fri Sep 21 15:29:19 CST 2012" endtime="Fri Sep 21 15:29:19 CST 2012" />
            <Test name="testInsert" result="pass" starttime="Fri Sep 21 15:29:19 CST 2012" endtime="Fri Sep 21 15:29:19 CST 2012" />
            <Test name="testRemove" result="pass" starttime="Fri Sep 21 15:29:19 CST 2012" endtime="Fri Sep 21 15:29:20 CST 2012" />
            <Test name="testSetDropDownViewResouce" result="pass" starttime="Fri Sep 21 15:29:20 CST 2012" endtime="Fri Sep 21 15:29:20 CST 2012" />
            <Test name="testSort" result="pass" starttime="Fri Sep 21 15:29:20 CST 2012" endtime="Fri Sep 21 15:29:20 CST 2012" />
          </TestCase>
          <TestCase name="AutoCompleteTextViewTest" priority="">
            <Test name="testAccessAdapter" result="pass" starttime="Fri Sep 21 15:29:20 CST 2012" endtime="Fri Sep 21 15:29:20 CST 2012" />
            <Test name="testAccessDropDownAnchor" result="pass" starttime="Fri Sep 21 15:29:20 CST 2012" endtime="Fri Sep 21 15:29:20 CST 2012" />
            <Test name="testAccessDropDownWidth" result="pass" starttime="Fri Sep 21 15:29:20 CST 2012" endtime="Fri Sep 21 15:29:21 CST 2012" />
            <Test name="testAccessItemClickListener" result="pass" starttime="Fri Sep 21 15:29:21 CST 2012" endtime="Fri Sep 21 15:29:21 CST 2012" />
            <Test name="testAccessItemSelectedListener" result="pass" starttime="Fri Sep 21 15:29:21 CST 2012" endtime="Fri Sep 21 15:29:22 CST 2012" />
            <Test name="testAccessListSelection" result="pass" starttime="Fri Sep 21 15:29:22 CST 2012" endtime="Fri Sep 21 15:29:22 CST 2012" />
            <Test name="testAccessValidater" result="pass" starttime="Fri Sep 21 15:29:22 CST 2012" endtime="Fri Sep 21 15:29:22 CST 2012" />
            <Test name="testConstructor" result="pass" starttime="Fri Sep 21 15:29:22 CST 2012" endtime="Fri Sep 21 15:29:23 CST 2012" />
            <Test name="testConvertSelectionToString" result="pass" starttime="Fri Sep 21 15:29:23 CST 2012" endtime="Fri Sep 21 15:29:23 CST 2012" />
            <Test name="testEnoughToFilter" result="pass" starttime="Fri Sep 21 15:29:23 CST 2012" endtime="Fri Sep 21 15:29:24 CST 2012" />
            <Test name="testGetThreshold" result="pass" starttime="Fri Sep 21 15:29:24 CST 2012" endtime="Fri Sep 21 15:29:24 CST 2012" />
            <Test name="testOnAttachedToWindow" result="pass" starttime="Fri Sep 21 15:29:24 CST 2012" endtime="Fri Sep 21 15:29:24 CST 2012" />
            <Test name="testOnCommitCompletion" result="pass" starttime="Fri Sep 21 15:29:24 CST 2012" endtime="Fri Sep 21 15:29:25 CST 2012" />
            <Test name="testOnDetachedFromWindow" result="pass" starttime="Fri Sep 21 15:29:25 CST 2012" endtime="Fri Sep 21 15:29:25 CST 2012" />
            <Test name="testOnFilterComplete" result="pass" starttime="Fri Sep 21 15:29:25 CST 2012" endtime="Fri Sep 21 15:29:26 CST 2012" />
            <Test name="testOnKeyPreIme" result="pass" starttime="Fri Sep 21 15:29:26 CST 2012" endtime="Fri Sep 21 15:29:26 CST 2012" />
            <Test name="testOnTextChanged" result="pass" starttime="Fri Sep 21 15:29:26 CST 2012" endtime="Fri Sep 21 15:29:27 CST 2012" />
            <Test name="testPerformCompletion" result="pass" starttime="Fri Sep 21 15:29:27 CST 2012" endtime="Fri Sep 21 15:29:28 CST 2012" />
            <Test name="testPerformFiltering" result="pass" starttime="Fri Sep 21 15:29:28 CST 2012" endtime="Fri Sep 21 15:29:29 CST 2012" />
            <Test name="testPerformValidation" result="pass" starttime="Fri Sep 21 15:29:29 CST 2012" endtime="Fri Sep 21 15:29:29 CST 2012" />
            <Test name="testPopupWindow" result="pass" starttime="Fri Sep 21 15:29:29 CST 2012" endtime="Fri Sep 21 15:29:29 CST 2012" />
            <Test name="testReplaceText" result="pass" starttime="Fri Sep 21 15:29:29 CST 2012" endtime="Fri Sep 21 15:29:30 CST 2012" />
            <Test name="testSetCompletionHint" result="pass" starttime="Fri Sep 21 15:29:30 CST 2012" endtime="Fri Sep 21 15:29:30 CST 2012" />
            <Test name="testSetFrame" result="pass" starttime="Fri Sep 21 15:29:30 CST 2012" endtime="Fri Sep 21 15:29:30 CST 2012" />
          </TestCase>
          <TestCase name="BaseAdapterTest" priority="">
            <Test name="testAndroidTestCaseSetupProperly" result="pass" starttime="Fri Sep 21 15:29:30 CST 2012" endtime="Fri Sep 21 15:29:31 CST 2012" />
            <Test name="testAreAllItemsEnabled" result="pass" starttime="Fri Sep 21 15:29:31 CST 2012" endtime="Fri Sep 21 15:29:31 CST 2012" />
            <Test name="testDataSetObserver" result="pass" starttime="Fri Sep 21 15:29:31 CST 2012" endtime="Fri Sep 21 15:29:31 CST 2012" />
            <Test name="testGetDropDownView" result="pass" starttime="Fri Sep 21 15:29:31 CST 2012" endtime="Fri Sep 21 15:29:31 CST 2012" />
            <Test name="testGetItemViewType" result="pass" starttime="Fri Sep 21 15:29:31 CST 2012" endtime="Fri Sep 21 15:29:31 CST 2012" />
            <Test name="testGetViewTypeCount" result="pass" starttime="Fri Sep 21 15:29:31 CST 2012" endtime="Fri Sep 21 15:29:31 CST 2012" />
            <Test name="testHasStableIds" result="pass" starttime="Fri Sep 21 15:29:31 CST 2012" endtime="Fri Sep 21 15:29:31 CST 2012" />
            <Test name="testIsEmpty" result="pass" starttime="Fri Sep 21 15:29:31 CST 2012" endtime="Fri Sep 21 15:29:31 CST 2012" />
            <Test name="testIsEnabled" result="pass" starttime="Fri Sep 21 15:29:31 CST 2012" endtime="Fri Sep 21 15:29:31 CST 2012" />
            <Test name="testNotifyDataSetInvalidated" result="pass" starttime="Fri Sep 21 15:29:31 CST 2012" endtime="Fri Sep 21 15:29:31 CST 2012" />
          </TestCase>
          <TestCase name="BaseExpandableListAdapterTest" priority="">
            <Test name="testAreAllItemsEnabled" result="pass" starttime="Fri Sep 21 15:29:31 CST 2012" endtime="Fri Sep 21 15:29:32 CST 2012" />
            <Test name="testDataSetObserver" result="pass" starttime="Fri Sep 21 15:29:32 CST 2012" endtime="Fri Sep 21 15:29:32 CST 2012" />
            <Test name="testGetCombinedId" result="pass" starttime="Fri Sep 21 15:29:32 CST 2012" endtime="Fri Sep 21 15:29:32 CST 2012" />
            <Test name="testIsEmpty" result="pass" starttime="Fri Sep 21 15:29:32 CST 2012" endtime="Fri Sep 21 15:29:32 CST 2012" />
            <Test name="testNotifyDataSetChanged" result="pass" starttime="Fri Sep 21 15:29:32 CST 2012" endtime="Fri Sep 21 15:29:32 CST 2012" />
            <Test name="testNotifyDataSetInvalidated" result="pass" starttime="Fri Sep 21 15:29:32 CST 2012" endtime="Fri Sep 21 15:29:32 CST 2012" />
            <Test name="testOnGroupCollapsed" result="pass" starttime="Fri Sep 21 15:29:32 CST 2012" endtime="Fri Sep 21 15:29:32 CST 2012" />
            <Test name="testOnGroupExpanded" result="pass" starttime="Fri Sep 21 15:29:32 CST 2012" endtime="Fri Sep 21 15:29:32 CST 2012" />
          </TestCase>
          <TestCase name="ButtonTest" priority="">
            <Test name="testAndroidTestCaseSetupProperly" result="pass" starttime="Fri Sep 21 15:29:32 CST 2012" endtime="Fri Sep 21 15:29:32 CST 2012" />
            <Test name="testConstructor" result="pass" starttime="Fri Sep 21 15:29:32 CST 2012" endtime="Fri Sep 21 15:29:32 CST 2012" />
          </TestCase>
          <TestCase name="CheckBoxTest" priority="">
            <Test name="testAndroidTestCaseSetupProperly" result="pass" starttime="Fri Sep 21 15:29:32 CST 2012" endtime="Fri Sep 21 15:29:33 CST 2012" />
            <Test name="testConstructor" result="pass" starttime="Fri Sep 21 15:29:33 CST 2012" endtime="Fri Sep 21 15:29:33 CST 2012" />
          </TestCase>
          <TestCase name="CheckedTextViewTest" priority="">
            <Test name="testChecked" result="pass" starttime="Fri Sep 21 15:29:33 CST 2012" endtime="Fri Sep 21 15:29:33 CST 2012" />
            <Test name="testConstructor" result="pass" starttime="Fri Sep 21 15:29:33 CST 2012" endtime="Fri Sep 21 15:29:33 CST 2012" />
            <Test name="testDrawableStateChanged" result="pass" starttime="Fri Sep 21 15:29:33 CST 2012" endtime="Fri Sep 21 15:29:34 CST 2012" />
            <Test name="testOnCreateDrawableState" result="pass" starttime="Fri Sep 21 15:29:34 CST 2012" endtime="Fri Sep 21 15:29:34 CST 2012" />
            <Test name="testOnDraw" result="pass" starttime="Fri Sep 21 15:29:34 CST 2012" endtime="Fri Sep 21 15:29:34 CST 2012" />
            <Test name="testSetCheckMarkDrawableByDrawable" result="pass" starttime="Fri Sep 21 15:29:34 CST 2012" endtime="Fri Sep 21 15:29:35 CST 2012" />
            <Test name="testSetCheckMarkDrawableById" result="pass" starttime="Fri Sep 21 15:29:35 CST 2012" endtime="Fri Sep 21 15:29:35 CST 2012" />
            <Test name="testSetPadding" result="pass" starttime="Fri Sep 21 15:29:35 CST 2012" endtime="Fri Sep 21 15:29:35 CST 2012" />
            <Test name="testToggle" result="pass" starttime="Fri Sep 21 15:29:35 CST 2012" endtime="Fri Sep 21 15:29:35 CST 2012" />
          </TestCase>
          <TestCase name="ChronometerTest" priority="">
            <Test name="testAccessBase" result="pass" starttime="Fri Sep 21 15:29:35 CST 2012" endtime="Fri Sep 21 15:29:36 CST 2012" />
            <Test name="testAccessFormat" result="pass" starttime="Fri Sep 21 15:29:36 CST 2012" endtime="Fri Sep 21 15:29:36 CST 2012" />
            <Test name="testAccessOnChronometerTickListener" result="pass" starttime="Fri Sep 21 15:29:36 CST 2012" endtime="Fri Sep 21 15:29:38 CST 2012" />
            <Test name="testConstructor" result="pass" starttime="Fri Sep 21 15:29:38 CST 2012" endtime="Fri Sep 21 15:29:38 CST 2012" />
            <Test name="testFoo" result="pass" starttime="Fri Sep 21 15:29:38 CST 2012" endtime="Fri Sep 21 15:29:39 CST 2012" />
            <Test name="testStartAndStop" result="pass" starttime="Fri Sep 21 15:29:39 CST 2012" endtime="Fri Sep 21 15:29:42 CST 2012" />
          </TestCase>
          <TestCase name="CompoundButtonTest" priority="">
            <Test name="testAccessChecked" result="pass" starttime="Fri Sep 21 15:29:42 CST 2012" endtime="Fri Sep 21 15:29:42 CST 2012" />
            <Test name="testAccessInstanceState" result="pass" starttime="Fri Sep 21 15:29:42 CST 2012" endtime="Fri Sep 21 15:29:42 CST 2012" />
            <Test name="testAndroidTestCaseSetupProperly" result="pass" starttime="Fri Sep 21 15:29:42 CST 2012" endtime="Fri Sep 21 15:29:42 CST 2012" />
            <Test name="testConstructor" result="pass" starttime="Fri Sep 21 15:29:42 CST 2012" endtime="Fri Sep 21 15:29:42 CST 2012" />
            <Test name="testDrawableStateChanged" result="pass" starttime="Fri Sep 21 15:29:42 CST 2012" endtime="Fri Sep 21 15:29:42 CST 2012" />
            <Test name="testOnCreateDrawableState" result="pass" starttime="Fri Sep 21 15:29:42 CST 2012" endtime="Fri Sep 21 15:29:42 CST 2012" />
            <Test name="testOnDraw" result="pass" starttime="Fri Sep 21 15:29:42 CST 2012" endtime="Fri Sep 21 15:29:43 CST 2012" />
            <Test name="testPerformClick" result="pass" starttime="Fri Sep 21 15:29:43 CST 2012" endtime="Fri Sep 21 15:29:43 CST 2012" />
            <Test name="testSetButtonDrawableByDrawable" result="pass" starttime="Fri Sep 21 15:29:43 CST 2012" endtime="Fri Sep 21 15:29:43 CST 2012" />
            <Test name="testSetButtonDrawableById" result="pass" starttime="Fri Sep 21 15:29:43 CST 2012" endtime="Fri Sep 21 15:29:43 CST 2012" />
            <Test name="testSetOnCheckedChangeListener" result="pass" starttime="Fri Sep 21 15:29:43 CST 2012" endtime="Fri Sep 21 15:29:43 CST 2012" />
            <Test name="testToggle" result="pass" starttime="Fri Sep 21 15:29:43 CST 2012" endtime="Fri Sep 21 15:29:43 CST 2012" />
            <Test name="testVerifyDrawable" result="pass" starttime="Fri Sep 21 15:29:43 CST 2012" endtime="Fri Sep 21 15:29:43 CST 2012" />
          </TestCase>
          <TestCase name="CursorAdapterTest" priority="">
            <Test name="testAccessCursor" result="pass" starttime="Fri Sep 21 15:29:43 CST 2012" endtime="Fri Sep 21 15:29:43 CST 2012" />
            <Test name="testAccessFilterQueryProvider" result="pass" starttime="Fri Sep 21 15:29:43 CST 2012" endtime="Fri Sep 21 15:29:43 CST 2012" />
            <Test name="testAndroidTestCaseSetupProperly" result="pass" starttime="Fri Sep 21 15:29:43 CST 2012" endtime="Fri Sep 21 15:29:44 CST 2012" />
            <Test name="testConstructor" result="pass" starttime="Fri Sep 21 15:29:44 CST 2012" endtime="Fri Sep 21 15:29:44 CST 2012" />
            <Test name="testConvertToString" result="pass" starttime="Fri Sep 21 15:29:44 CST 2012" endtime="Fri Sep 21 15:29:44 CST 2012" />
            <Test name="testGetCount" result="pass" starttime="Fri Sep 21 15:29:44 CST 2012" endtime="Fri Sep 21 15:29:44 CST 2012" />
            <Test name="testGetDropDownView" result="pass" starttime="Fri Sep 21 15:29:44 CST 2012" endtime="Fri Sep 21 15:29:44 CST 2012" />
            <Test name="testGetFilter" result="pass" starttime="Fri Sep 21 15:29:44 CST 2012" endtime="Fri Sep 21 15:29:44 CST 2012" />
            <Test name="testGetItem" result="pass" starttime="Fri Sep 21 15:29:44 CST 2012" endtime="Fri Sep 21 15:29:45 CST 2012" />
            <Test name="testGetItemId" result="pass" starttime="Fri Sep 21 15:29:45 CST 2012" endtime="Fri Sep 21 15:29:45 CST 2012" />
            <Test name="testGetView" result="pass" starttime="Fri Sep 21 15:29:45 CST 2012" endtime="Fri Sep 21 15:29:45 CST 2012" />
            <Test name="testHasStableIds" result="pass" starttime="Fri Sep 21 15:29:45 CST 2012" endtime="Fri Sep 21 15:29:45 CST 2012" />
            <Test name="testInit" result="pass" starttime="Fri Sep 21 15:29:45 CST 2012" endtime="Fri Sep 21 15:29:45 CST 2012" />
            <Test name="testNewDropDownView" result="pass" starttime="Fri Sep 21 15:29:45 CST 2012" endtime="Fri Sep 21 15:29:45 CST 2012" />
            <Test name="testOnContentChanged" result="pass" starttime="Fri Sep 21 15:29:45 CST 2012" endtime="Fri Sep 21 15:29:45 CST 2012" />
            <Test name="testRunQueryOnBackgroundThread" result="pass" starttime="Fri Sep 21 15:29:45 CST 2012" endtime="Fri Sep 21 15:29:46 CST 2012" />
          </TestCase>
          <TestCase name="CursorTreeAdapterTest" priority="">
            <Test name="testAccessQueryProvider" result="pass" starttime="Fri Sep 21 15:29:46 CST 2012" endtime="Fri Sep 21 15:29:46 CST 2012" />
            <Test name="testAndroidTestCaseSetupProperly" result="pass" starttime="Fri Sep 21 15:29:46 CST 2012" endtime="Fri Sep 21 15:29:46 CST 2012" />
            <Test name="testChangeCursor" result="pass" starttime="Fri Sep 21 15:29:46 CST 2012" endtime="Fri Sep 21 15:29:47 CST 2012" />
            <Test name="testConstructor" result="pass" starttime="Fri Sep 21 15:29:47 CST 2012" endtime="Fri Sep 21 15:29:47 CST 2012" />
            <Test name="testConvertToString" result="pass" starttime="Fri Sep 21 15:29:47 CST 2012" endtime="Fri Sep 21 15:29:48 CST 2012" />
            <Test name="testGetChild" result="pass" starttime="Fri Sep 21 15:29:48 CST 2012" endtime="Fri Sep 21 15:29:48 CST 2012" />
            <Test name="testGetChildId" result="pass" starttime="Fri Sep 21 15:29:48 CST 2012" endtime="Fri Sep 21 15:29:49 CST 2012" />
            <Test name="testGetChildView" result="pass" starttime="Fri Sep 21 15:29:49 CST 2012" endtime="Fri Sep 21 15:29:49 CST 2012" />
            <Test name="testGetChildrenCount" result="pass" starttime="Fri Sep 21 15:29:49 CST 2012" endtime="Fri Sep 21 15:29:50 CST 2012" />
            <Test name="testGetCursor" result="pass" starttime="Fri Sep 21 15:29:50 CST 2012" endtime="Fri Sep 21 15:29:50 CST 2012" />
            <Test name="testGetFilter" result="pass" starttime="Fri Sep 21 15:29:50 CST 2012" endtime="Fri Sep 21 15:29:50 CST 2012" />
            <Test name="testGetGroup" result="pass" starttime="Fri Sep 21 15:29:51 CST 2012" endtime="Fri Sep 21 15:29:51 CST 2012" />
            <Test name="testGetGroupCount" result="pass" starttime="Fri Sep 21 15:29:51 CST 2012" endtime="Fri Sep 21 15:29:51 CST 2012" />
            <Test name="testGetGroupId" result="pass" starttime="Fri Sep 21 15:29:51 CST 2012" endtime="Fri Sep 21 15:29:52 CST 2012" />
            <Test name="testGetGroupView" result="pass" starttime="Fri Sep 21 15:29:52 CST 2012" endtime="Fri Sep 21 15:29:53 CST 2012" />
            <Test name="testHasStableIds" result="pass" starttime="Fri Sep 21 15:29:53 CST 2012" endtime="Fri Sep 21 15:29:53 CST 2012" />
            <Test name="testIsChildSelectable" result="pass" starttime="Fri Sep 21 15:29:53 CST 2012" endtime="Fri Sep 21 15:29:54 CST 2012" />
            <Test name="testNotifyDataSetChanged" result="pass" starttime="Fri Sep 21 15:29:54 CST 2012" endtime="Fri Sep 21 15:29:54 CST 2012" />
            <Test name="testNotifyDataSetChangedBoolean" result="pass" starttime="Fri Sep 21 15:29:54 CST 2012" endtime="Fri Sep 21 15:29:54 CST 2012" />
            <Test name="testNotifyDataSetInvalidated" result="pass" starttime="Fri Sep 21 15:29:54 CST 2012" endtime="Fri Sep 21 15:29:55 CST 2012" />
            <Test name="testOnGroupCollapsed" result="pass" starttime="Fri Sep 21 15:29:55 CST 2012" endtime="Fri Sep 21 15:29:55 CST 2012" />
            <Test name="testRunQueryOnBackgroundThread" result="pass" starttime="Fri Sep 21 15:29:55 CST 2012" endtime="Fri Sep 21 15:29:56 CST 2012" />
            <Test name="testSetChildrenCursor" result="pass" starttime="Fri Sep 21 15:29:56 CST 2012" endtime="Fri Sep 21 15:29:56 CST 2012" />
            <Test name="testSetGroupCursor" result="pass" starttime="Fri Sep 21 15:29:56 CST 2012" endtime="Fri Sep 21 15:29:56 CST 2012" />
          </TestCase>
          <TestCase name="DatePickerTest" priority="">
            <Test name="testAccessDate" result="pass" starttime="Fri Sep 21 15:29:57 CST 2012" endtime="Fri Sep 21 15:29:57 CST 2012" />
            <Test name="testAndroidTestCaseSetupProperly" result="pass" starttime="Fri Sep 21 15:29:57 CST 2012" endtime="Fri Sep 21 15:29:57 CST 2012" />
            <Test name="testConstructor" result="pass" starttime="Fri Sep 21 15:29:57 CST 2012" endtime="Fri Sep 21 15:29:57 CST 2012" />
            <Test name="testInit" result="pass" starttime="Fri Sep 21 15:29:57 CST 2012" endtime="Fri Sep 21 15:29:57 CST 2012" />
            <Test name="testOnSaveInstanceState" result="pass" starttime="Fri Sep 21 15:29:57 CST 2012" endtime="Fri Sep 21 15:29:57 CST 2012" />
            <Test name="testSetEnabled" result="pass" starttime="Fri Sep 21 15:29:57 CST 2012" endtime="Fri Sep 21 15:29:57 CST 2012" />
            <Test name="testUpdateDate" result="pass" starttime="Fri Sep 21 15:29:57 CST 2012" endtime="Fri Sep 21 15:29:57 CST 2012" />
          </TestCase>
          <TestCase name="DialerFilterTest" priority="">
            <Test name="testAccessMode" result="pass" starttime="Fri Sep 21 15:29:57 CST 2012" endtime="Fri Sep 21 15:29:58 CST 2012" />
            <Test name="testAppend" result="pass" starttime="Fri Sep 21 15:29:58 CST 2012" endtime="Fri Sep 21 15:29:58 CST 2012" />
            <Test name="testClearText" result="pass" starttime="Fri Sep 21 15:29:58 CST 2012" endtime="Fri Sep 21 15:29:58 CST 2012" />
            <Test name="testConstructor" result="pass" starttime="Fri Sep 21 15:29:58 CST 2012" endtime="Fri Sep 21 15:29:59 CST 2012" />
            <Test name="testGetDigits" result="pass" starttime="Fri Sep 21 15:29:59 CST 2012" endtime="Fri Sep 21 15:29:59 CST 2012" />
            <Test name="testGetFilterText" result="pass" starttime="Fri Sep 21 15:29:59 CST 2012" endtime="Fri Sep 21 15:29:59 CST 2012" />
            <Test name="testGetLetters" result="pass" starttime="Fri Sep 21 15:29:59 CST 2012" endtime="Fri Sep 21 15:30:00 CST 2012" />
            <Test name="testIsQwertyKeyboard" result="pass" starttime="Fri Sep 21 15:30:00 CST 2012" endtime="Fri Sep 21 15:30:00 CST 2012" />
            <Test name="testOnFinishInflate" result="pass" starttime="Fri Sep 21 15:30:00 CST 2012" endtime="Fri Sep 21 15:30:00 CST 2012" />
            <Test name="testOnFocusChanged" result="pass" starttime="Fri Sep 21 15:30:00 CST 2012" endtime="Fri Sep 21 15:30:01 CST 2012" />
            <Test name="testOnKeyUpDown" result="pass" starttime="Fri Sep 21 15:30:01 CST 2012" endtime="Fri Sep 21 15:30:01 CST 2012" />
            <Test name="testOnModechange" result="pass" starttime="Fri Sep 21 15:30:01 CST 2012" endtime="Fri Sep 21 15:30:01 CST 2012" />
            <Test name="testRemoveFilterWatcher" result="pass" starttime="Fri Sep 21 15:30:01 CST 2012" endtime="Fri Sep 21 15:30:02 CST 2012" />
            <Test name="testSetDigitsWatcher" result="pass" starttime="Fri Sep 21 15:30:02 CST 2012" endtime="Fri Sep 21 15:30:02 CST 2012" />
            <Test name="testSetFilterWatcher" result="pass" starttime="Fri Sep 21 15:30:02 CST 2012" endtime="Fri Sep 21 15:30:03 CST 2012" />
            <Test name="testSetLettersWatcher" result="pass" starttime="Fri Sep 21 15:30:03 CST 2012" endtime="Fri Sep 21 15:30:03 CST 2012" />
          </TestCase>
          <TestCase name="DigitalClockTest" priority="">
            <Test name="testActivityTestCaseSetUpProperly" result="pass" starttime="Fri Sep 21 15:30:03 CST 2012" endtime="Fri Sep 21 15:30:03 CST 2012" />
            <Test name="testConstructor" result="pass" starttime="Fri Sep 21 15:30:03 CST 2012" endtime="Fri Sep 21 15:30:04 CST 2012" />
            <Test name="testOnAttachedToWindow" result="pass" starttime="Fri Sep 21 15:30:04 CST 2012" endtime="Fri Sep 21 15:30:04 CST 2012" />
            <Test name="testOnDetachedFromWindow" result="pass" starttime="Fri Sep 21 15:30:04 CST 2012" endtime="Fri Sep 21 15:30:04 CST 2012" />
          </TestCase>
          <TestCase name="EditTextTest" priority="">
            <Test name="testAccessText" result="pass" starttime="Fri Sep 21 15:30:04 CST 2012" endtime="Fri Sep 21 15:30:04 CST 2012" />
            <Test name="testAndroidTestCaseSetupProperly" result="pass" starttime="Fri Sep 21 15:30:04 CST 2012" endtime="Fri Sep 21 15:30:04 CST 2012" />
            <Test name="testConstructor" result="pass" starttime="Fri Sep 21 15:30:04 CST 2012" endtime="Fri Sep 21 15:30:04 CST 2012" />
            <Test name="testExtendSelection" result="pass" starttime="Fri Sep 21 15:30:04 CST 2012" endtime="Fri Sep 21 15:30:05 CST 2012" />
            <Test name="testGetDefaultEditable" result="pass" starttime="Fri Sep 21 15:30:05 CST 2012" endtime="Fri Sep 21 15:30:05 CST 2012" />
            <Test name="testGetDefaultMovementMethod" result="pass" starttime="Fri Sep 21 15:30:05 CST 2012" endtime="Fri Sep 21 15:30:05 CST 2012" />
            <Test name="testSelectAll" result="pass" starttime="Fri Sep 21 15:30:05 CST 2012" endtime="Fri Sep 21 15:30:05 CST 2012" />
            <Test name="testSetEllipsize" result="pass" starttime="Fri Sep 21 15:30:05 CST 2012" endtime="Fri Sep 21 15:30:05 CST 2012" />
            <Test name="testSetSelectionIndex" result="pass" starttime="Fri Sep 21 15:30:05 CST 2012" endtime="Fri Sep 21 15:30:05 CST 2012" />
            <Test name="testSetSelectionStartstop" result="pass" starttime="Fri Sep 21 15:30:05 CST 2012" endtime="Fri Sep 21 15:30:05 CST 2012" />
          </TestCase>
          <TestCase name="ExpandableListViewBasicTest" priority="">
            <Test name="testCollapseGroup" result="pass" starttime="Fri Sep 21 15:30:05 CST 2012" endtime="Fri Sep 21 15:30:06 CST 2012" />
            <Test name="testContextMenus" result="pass" starttime="Fri Sep 21 15:30:06 CST 2012" endtime="Fri Sep 21 15:30:07 CST 2012" />
            <Test name="testConvertionBetweenFlatAndPacked" result="pass" starttime="Fri Sep 21 15:30:07 CST 2012" endtime="Fri Sep 21 15:30:07 CST 2012" />
            <Test name="testExpandGroup" result="pass" starttime="Fri Sep 21 15:30:07 CST 2012" endtime="Fri Sep 21 15:30:08 CST 2012" />
            <Test name="testExpandedGroupMovement" result="pass" starttime="Fri Sep 21 15:30:08 CST 2012" endtime="Fri Sep 21 15:30:08 CST 2012" />
            <Test name="testPreconditions" result="pass" starttime="Fri Sep 21 15:30:08 CST 2012" endtime="Fri Sep 21 15:30:08 CST 2012" />
            <Test name="testSelectedPosition" result="pass" starttime="Fri Sep 21 15:30:08 CST 2012" endtime="Fri Sep 21 15:30:09 CST 2012" />
          </TestCase>
          <TestCase name="ExpandableListViewTest" priority="">
            <Test name="testAccessExpandableListAdapter" result="pass" starttime="Fri Sep 21 15:30:09 CST 2012" endtime="Fri Sep 21 15:30:09 CST 2012" />
            <Test name="testAndroidTestCaseSetupProperly" result="pass" starttime="Fri Sep 21 15:30:09 CST 2012" endtime="Fri Sep 21 15:30:09 CST 2012" />
            <Test name="testCollapseGroup" result="pass" starttime="Fri Sep 21 15:30:09 CST 2012" endtime="Fri Sep 21 15:30:09 CST 2012" />
            <Test name="testConstructor" result="pass" starttime="Fri Sep 21 15:30:09 CST 2012" endtime="Fri Sep 21 15:30:09 CST 2012" />
            <Test name="testDispatchDraw" result="pass" starttime="Fri Sep 21 15:30:09 CST 2012" endtime="Fri Sep 21 15:30:09 CST 2012" />
            <Test name="testExpandGroup" result="pass" starttime="Fri Sep 21 15:30:09 CST 2012" endtime="Fri Sep 21 15:30:09 CST 2012" />
            <Test name="testGetAdapter" result="pass" starttime="Fri Sep 21 15:30:09 CST 2012" endtime="Fri Sep 21 15:30:09 CST 2012" />
            <Test name="testGetExpandableListPosition" result="pass" starttime="Fri Sep 21 15:30:09 CST 2012" endtime="Fri Sep 21 15:30:09 CST 2012" />
            <Test name="testGetFlatListPosition" result="pass" starttime="Fri Sep 21 15:30:09 CST 2012" endtime="Fri Sep 21 15:30:10 CST 2012" />
            <Test name="testGetPackedPositionChild" result="pass" starttime="Fri Sep 21 15:30:10 CST 2012" endtime="Fri Sep 21 15:30:10 CST 2012" />
            <Test name="testGetPackedPositionForChild" result="pass" starttime="Fri Sep 21 15:30:10 CST 2012" endtime="Fri Sep 21 15:30:10 CST 2012" />
            <Test name="testGetPackedPositionForGroup" result="pass" starttime="Fri Sep 21 15:30:10 CST 2012" endtime="Fri Sep 21 15:30:10 CST 2012" />
            <Test name="testGetPackedPositionGroup" result="pass" starttime="Fri Sep 21 15:30:10 CST 2012" endtime="Fri Sep 21 15:30:10 CST 2012" />
            <Test name="testGetPackedPositionType" result="pass" starttime="Fri Sep 21 15:30:10 CST 2012" endtime="Fri Sep 21 15:30:10 CST 2012" />
            <Test name="testGetSelectedId" result="pass" starttime="Fri Sep 21 15:30:10 CST 2012" endtime="Fri Sep 21 15:30:10 CST 2012" />
            <Test name="testGetSelectedPosition" result="pass" starttime="Fri Sep 21 15:30:10 CST 2012" endtime="Fri Sep 21 15:30:10 CST 2012" />
            <Test name="testIsGroupExpanded" result="pass" starttime="Fri Sep 21 15:30:10 CST 2012" endtime="Fri Sep 21 15:30:10 CST 2012" />
            <Test name="testOnSaveInstanceState" result="pass" starttime="Fri Sep 21 15:30:10 CST 2012" endtime="Fri Sep 21 15:30:10 CST 2012" />
            <Test name="testPerformItemClick" result="pass" starttime="Fri Sep 21 15:30:10 CST 2012" endtime="Fri Sep 21 15:30:11 CST 2012" />
            <Test name="testSetAdapter" result="pass" starttime="Fri Sep 21 15:30:11 CST 2012" endtime="Fri Sep 21 15:30:11 CST 2012" />
            <Test name="testSetChildDivider" result="pass" starttime="Fri Sep 21 15:30:11 CST 2012" endtime="Fri Sep 21 15:30:11 CST 2012" />
            <Test name="testSetChildIndicator" result="pass" starttime="Fri Sep 21 15:30:11 CST 2012" endtime="Fri Sep 21 15:30:11 CST 2012" />
            <Test name="testSetChildIndicatorBounds" result="pass" starttime="Fri Sep 21 15:30:11 CST 2012" endtime="Fri Sep 21 15:30:11 CST 2012" />
            <Test name="testSetGroupIndicator" result="pass" starttime="Fri Sep 21 15:30:11 CST 2012" endtime="Fri Sep 21 15:30:11 CST 2012" />
            <Test name="testSetIndicatorBounds" result="pass" starttime="Fri Sep 21 15:30:11 CST 2012" endtime="Fri Sep 21 15:30:11 CST 2012" />
            <Test name="testSetOnChildClickListener" result="pass" starttime="Fri Sep 21 15:30:11 CST 2012" endtime="Fri Sep 21 15:30:11 CST 2012" />
            <Test name="testSetOnGroupClickListener" result="pass" starttime="Fri Sep 21 15:30:11 CST 2012" endtime="Fri Sep 21 15:30:11 CST 2012" />
            <Test name="testSetOnItemClickListener" result="pass" starttime="Fri Sep 21 15:30:11 CST 2012" endtime="Fri Sep 21 15:30:12 CST 2012" />
            <Test name="testSetSelectedChild" result="pass" starttime="Fri Sep 21 15:30:12 CST 2012" endtime="Fri Sep 21 15:30:12 CST 2012" />
            <Test name="testSetSelectedGroup" result="pass" starttime="Fri Sep 21 15:30:12 CST 2012" endtime="Fri Sep 21 15:30:12 CST 2012" />
          </TestCase>
          <TestCase name="ExpandableListViewWithHeadersTest" priority="">
            <Test name="testContextMenus" result="pass" starttime="Fri Sep 21 15:30:12 CST 2012" endtime="Fri Sep 21 15:30:13 CST 2012" />
            <Test name="testConvertionBetweenFlatAndPacked" result="pass" starttime="Fri Sep 21 15:30:13 CST 2012" endtime="Fri Sep 21 15:30:14 CST 2012" />
            <Test name="testExpandOnFirstGroup" result="pass" starttime="Fri Sep 21 15:30:14 CST 2012" endtime="Fri Sep 21 15:30:14 CST 2012" />
            <Test name="testExpandOnFirstPosition" result="pass" starttime="Fri Sep 21 15:30:14 CST 2012" endtime="Fri Sep 21 15:30:14 CST 2012" />
            <Test name="testPreconditions" result="pass" starttime="Fri Sep 21 15:30:14 CST 2012" endtime="Fri Sep 21 15:30:15 CST 2012" />
            <Test name="testSelectedPosition" result="pass" starttime="Fri Sep 21 15:30:15 CST 2012" endtime="Fri Sep 21 15:30:15 CST 2012" />
          </TestCase>
          <TestCase name="ExpandableListView_ExpandableListContextMenuInfoTest" priority="">
            <Test name="testAndroidTestCaseSetupProperly" result="pass" starttime="Fri Sep 21 15:30:15 CST 2012" endtime="Fri Sep 21 15:30:15 CST 2012" />
            <Test name="testConstructor" result="pass" starttime="Fri Sep 21 15:30:15 CST 2012" endtime="Fri Sep 21 15:30:16 CST 2012" />
          </TestCase>
          <TestCase name="FilterTest" priority="">
            <Test name="testConstructor" result="pass" starttime="Fri Sep 21 15:30:16 CST 2012" endtime="Fri Sep 21 15:30:16 CST 2012" />
            <Test name="testConvertResultToString" result="pass" starttime="Fri Sep 21 15:30:16 CST 2012" endtime="Fri Sep 21 15:30:16 CST 2012" />
            <Test name="testFilter1" result="pass" starttime="Fri Sep 21 15:30:16 CST 2012" endtime="Fri Sep 21 15:30:16 CST 2012" />
            <Test name="testFilter2" result="pass" starttime="Fri Sep 21 15:30:16 CST 2012" endtime="Fri Sep 21 15:30:16 CST 2012" />
          </TestCase>
          <TestCase name="FrameLayoutTest" priority="">
            <Test name="testAccessMeasureAllChildren" result="pass" starttime="Fri Sep 21 15:30:16 CST 2012" endtime="Fri Sep 21 15:30:17 CST 2012" />
            <Test name="testCheckLayoutParams" result="pass" starttime="Fri Sep 21 15:30:17 CST 2012" endtime="Fri Sep 21 15:30:17 CST 2012" />
            <Test name="testConstructor" result="pass" starttime="Fri Sep 21 15:30:17 CST 2012" endtime="Fri Sep 21 15:30:17 CST 2012" />
            <Test name="testDrawableStateChanged" result="pass" starttime="Fri Sep 21 15:30:17 CST 2012" endtime="Fri Sep 21 15:30:18 CST 2012" />
            <Test name="testGatherTransparentRegion" result="pass" starttime="Fri Sep 21 15:30:18 CST 2012" endtime="Fri Sep 21 15:30:18 CST 2012" />
            <Test name="testGenerateDefaultLayoutParams" result="pass" starttime="Fri Sep 21 15:30:18 CST 2012" endtime="Fri Sep 21 15:30:18 CST 2012" />
            <Test name="testGenerateLayoutParams1" result="pass" starttime="Fri Sep 21 15:30:18 CST 2012" endtime="Fri Sep 21 15:30:19 CST 2012" />
            <Test name="testGenerateLayoutParams2" result="pass" starttime="Fri Sep 21 15:30:19 CST 2012" endtime="Fri Sep 21 15:30:19 CST 2012" />
            <Test name="testOnLayout" result="pass" starttime="Fri Sep 21 15:30:19 CST 2012" endtime="Fri Sep 21 15:30:19 CST 2012" />
            <Test name="testOnMeasure" result="pass" starttime="Fri Sep 21 15:30:19 CST 2012" endtime="Fri Sep 21 15:30:20 CST 2012" />
            <Test name="testOnSizeChanged" result="pass" starttime="Fri Sep 21 15:30:20 CST 2012" endtime="Fri Sep 21 15:30:20 CST 2012" />
            <Test name="testSetForegroundGravity" result="pass" starttime="Fri Sep 21 15:30:20 CST 2012" endtime="Fri Sep 21 15:30:21 CST 2012" />
            <Test name="testVerifyDrawable" result="pass" starttime="Fri Sep 21 15:30:21 CST 2012" endtime="Fri Sep 21 15:30:21 CST 2012" />
          </TestCase>
          <TestCase name="FrameLayout_LayoutParamsTest" priority="">
            <Test name="testAndroidTestCaseSetupProperly" result="pass" starttime="Fri Sep 21 15:30:21 CST 2012" endtime="Fri Sep 21 15:30:21 CST 2012" />
            <Test name="testConstructor" result="pass" starttime="Fri Sep 21 15:30:21 CST 2012" endtime="Fri Sep 21 15:30:21 CST 2012" />
          </TestCase>
          <TestCase name="GalleryTest" priority="">
            <Test name="testCheckLayoutParams" result="pass" starttime="Fri Sep 21 15:30:21 CST 2012" endtime="Fri Sep 21 15:30:21 CST 2012" />
            <Test name="testComputeHorizontalScrollExtent" result="pass" starttime="Fri Sep 21 15:30:21 CST 2012" endtime="Fri Sep 21 15:30:22 CST 2012" />
            <Test name="testComputeHorizontalScrollOffset" result="pass" starttime="Fri Sep 21 15:30:22 CST 2012" endtime="Fri Sep 21 15:30:22 CST 2012" />
            <Test name="testComputeHorizontalScrollRange" result="pass" starttime="Fri Sep 21 15:30:22 CST 2012" endtime="Fri Sep 21 15:30:22 CST 2012" />
            <Test name="testConstructor" result="pass" starttime="Fri Sep 21 15:30:22 CST 2012" endtime="Fri Sep 21 15:30:23 CST 2012" />
            <Test name="testDispatchKeyEvent" result="pass" starttime="Fri Sep 21 15:30:23 CST 2012" endtime="Fri Sep 21 15:30:23 CST 2012" />
            <Test name="testDispatchSetPressed" result="pass" starttime="Fri Sep 21 15:30:23 CST 2012" endtime="Fri Sep 21 15:30:23 CST 2012" />
            <Test name="testFoo" result="pass" starttime="Fri Sep 21 15:30:23 CST 2012" endtime="Fri Sep 21 15:30:24 CST 2012" />
            <Test name="testGenerateDefaultLayoutParams" result="pass" starttime="Fri Sep 21 15:30:24 CST 2012" endtime="Fri Sep 21 15:30:24 CST 2012" />
            <Test name="testGenerateLayoutParams" result="pass" starttime="Fri Sep 21 15:30:24 CST 2012" endtime="Fri Sep 21 15:30:24 CST 2012" />
            <Test name="testGetChildDrawingOrder" result="pass" starttime="Fri Sep 21 15:30:24 CST 2012" endtime="Fri Sep 21 15:30:25 CST 2012" />
            <Test name="testGetContextMenuInfo" result="pass" starttime="Fri Sep 21 15:30:25 CST 2012" endtime="Fri Sep 21 15:30:25 CST 2012" />
            <Test name="testSetAnimationDuration" result="pass" starttime="Fri Sep 21 15:30:25 CST 2012" endtime="Fri Sep 21 15:30:25 CST 2012" />
            <Test name="testSetGravity" result="pass" starttime="Fri Sep 21 15:30:25 CST 2012" endtime="Fri Sep 21 15:30:26 CST 2012" />
            <Test name="testSetSpacing" result="pass" starttime="Fri Sep 21 15:30:26 CST 2012" endtime="Fri Sep 21 15:30:26 CST 2012" />
            <Test name="testSetUnselectedAlpha" result="pass" starttime="Fri Sep 21 15:30:26 CST 2012" endtime="Fri Sep 21 15:30:27 CST 2012" />
            <Test name="testShowContextMenu" result="pass" starttime="Fri Sep 21 15:30:27 CST 2012" endtime="Fri Sep 21 15:30:27 CST 2012" />
            <Test name="testShowContextMenuForChild" result="pass" starttime="Fri Sep 21 15:30:27 CST 2012" endtime="Fri Sep 21 15:30:27 CST 2012" />
          </TestCase>
          <TestCase name="Gallery_LayoutParamsTest" priority="">
            <Test name="testAndroidTestCaseSetupProperly" result="pass" starttime="Fri Sep 21 15:30:27 CST 2012" endtime="Fri Sep 21 15:30:27 CST 2012" />
            <Test name="testConstructor" result="pass" starttime="Fri Sep 21 15:30:27 CST 2012" endtime="Fri Sep 21 15:30:27 CST 2012" />
          </TestCase>
          <TestCase name="GridViewTest" priority="">
            <Test name="testAccessAdapter" result="pass" starttime="Fri Sep 21 15:30:27 CST 2012" endtime="Fri Sep 21 15:30:28 CST 2012" />
            <Test name="testAccessStretchMode" result="pass" starttime="Fri Sep 21 15:30:28 CST 2012" endtime="Fri Sep 21 15:30:28 CST 2012" />
            <Test name="testActivityTestCaseSetUpProperly" result="pass" starttime="Fri Sep 21 15:30:28 CST 2012" endtime="Fri Sep 21 15:30:28 CST 2012" />
            <Test name="testAttachLayoutAnimationParameters" result="pass" starttime="Fri Sep 21 15:30:28 CST 2012" endtime="Fri Sep 21 15:30:29 CST 2012" />
            <Test name="testConstructor" result="pass" starttime="Fri Sep 21 15:30:29 CST 2012" endtime="Fri Sep 21 15:30:29 CST 2012" />
            <Test name="testGetNumColumns" result="pass" starttime="Fri Sep 21 15:30:29 CST 2012" endtime="Fri Sep 21 15:30:30 CST 2012" />
            <Test name="testLayoutChildren" result="pass" starttime="Fri Sep 21 15:30:30 CST 2012" endtime="Fri Sep 21 15:30:30 CST 2012" />
            <Test name="testOnFocusChanged" result="pass" starttime="Fri Sep 21 15:30:30 CST 2012" endtime="Fri Sep 21 15:30:30 CST 2012" />
            <Test name="testOnMeasure" result="pass" starttime="Fri Sep 21 15:30:30 CST 2012" endtime="Fri Sep 21 15:30:31 CST 2012" />
            <Test name="testPressKey" result="pass" starttime="Fri Sep 21 15:30:31 CST 2012" endtime="Fri Sep 21 15:30:31 CST 2012" />
            <Test name="testSetColumnWidth" result="pass" starttime="Fri Sep 21 15:30:31 CST 2012" endtime="Fri Sep 21 15:30:31 CST 2012" />
            <Test name="testSetGravity" result="pass" starttime="Fri Sep 21 15:30:32 CST 2012" endtime="Fri Sep 21 15:30:32 CST 2012" />
            <Test name="testSetHorizontalSpacing" result="pass" starttime="Fri Sep 21 15:30:32 CST 2012" endtime="Fri Sep 21 15:30:32 CST 2012" />
            <Test name="testSetNumColumns" result="pass" starttime="Fri Sep 21 15:30:32 CST 2012" endtime="Fri Sep 21 15:30:33 CST 2012" />
            <Test name="testSetSelection" result="pass" starttime="Fri Sep 21 15:30:33 CST 2012" endtime="Fri Sep 21 15:30:33 CST 2012" />
            <Test name="testSetVerticalSpacing" result="pass" starttime="Fri Sep 21 15:30:33 CST 2012" endtime="Fri Sep 21 15:30:33 CST 2012" />
          </TestCase>
          <TestCase name="HeaderViewListAdapterTest" priority="">
            <Test name="testAndroidTestCaseSetupProperly" result="pass" starttime="Fri Sep 21 15:30:33 CST 2012" endtime="Fri Sep 21 15:30:33 CST 2012" />
            <Test name="testAreAllItemsEnabled" result="pass" starttime="Fri Sep 21 15:30:33 CST 2012" endtime="Fri Sep 21 15:30:33 CST 2012" />
            <Test name="testConstructor" result="pass" starttime="Fri Sep 21 15:30:33 CST 2012" endtime="Fri Sep 21 15:30:34 CST 2012" />
            <Test name="testGetCount" result="pass" starttime="Fri Sep 21 15:30:34 CST 2012" endtime="Fri Sep 21 15:30:34 CST 2012" />
            <Test name="testGetFilter" result="pass" starttime="Fri Sep 21 15:30:34 CST 2012" endtime="Fri Sep 21 15:30:34 CST 2012" />
            <Test name="testGetFootersCount" result="pass" starttime="Fri Sep 21 15:30:34 CST 2012" endtime="Fri Sep 21 15:30:34 CST 2012" />
            <Test name="testGetHeadersCount" result="pass" starttime="Fri Sep 21 15:30:34 CST 2012" endtime="Fri Sep 21 15:30:34 CST 2012" />
            <Test name="testGetItem" result="pass" starttime="Fri Sep 21 15:30:34 CST 2012" endtime="Fri Sep 21 15:30:34 CST 2012" />
            <Test name="testGetItemId" result="pass" starttime="Fri Sep 21 15:30:34 CST 2012" endtime="Fri Sep 21 15:30:34 CST 2012" />
            <Test name="testGetItemViewType" result="pass" starttime="Fri Sep 21 15:30:34 CST 2012" endtime="Fri Sep 21 15:30:34 CST 2012" />
            <Test name="testGetView" result="pass" starttime="Fri Sep 21 15:30:34 CST 2012" endtime="Fri Sep 21 15:30:34 CST 2012" />
            <Test name="testGetViewTypeCount" result="pass" starttime="Fri Sep 21 15:30:34 CST 2012" endtime="Fri Sep 21 15:30:34 CST 2012" />
            <Test name="testGetWrappedAdapter" result="pass" starttime="Fri Sep 21 15:30:34 CST 2012" endtime="Fri Sep 21 15:30:35 CST 2012" />
            <Test name="testHasStableIds" result="pass" starttime="Fri Sep 21 15:30:35 CST 2012" endtime="Fri Sep 21 15:30:35 CST 2012" />
            <Test name="testIsEmpty" result="pass" starttime="Fri Sep 21 15:30:35 CST 2012" endtime="Fri Sep 21 15:30:35 CST 2012" />
            <Test name="testIsEnabled" result="pass" starttime="Fri Sep 21 15:30:35 CST 2012" endtime="Fri Sep 21 15:30:35 CST 2012" />
            <Test name="testRegisterDataSetObserver" result="pass" starttime="Fri Sep 21 15:30:35 CST 2012" endtime="Fri Sep 21 15:30:35 CST 2012" />
            <Test name="testRemoveFooter" result="pass" starttime="Fri Sep 21 15:30:35 CST 2012" endtime="Fri Sep 21 15:30:35 CST 2012" />
            <Test name="testRemoveHeader" result="pass" starttime="Fri Sep 21 15:30:35 CST 2012" endtime="Fri Sep 21 15:30:35 CST 2012" />
            <Test name="testUnregisterDataSetObserver" result="pass" starttime="Fri Sep 21 15:30:35 CST 2012" endtime="Fri Sep 21 15:30:35 CST 2012" />
          </TestCase>
          <TestCase name="HorizontalScrollViewTest" priority="">
            <Test name="testAccessFillViewport" result="pass" starttime="Fri Sep 21 15:30:35 CST 2012" endtime="Fri Sep 21 15:30:36 CST 2012" />
            <Test name="testAccessSmoothScrollingEnabled" result="pass" starttime="Fri Sep 21 15:30:36 CST 2012" endtime="Fri Sep 21 15:30:37 CST 2012" />
            <Test name="testAddView" result="pass" starttime="Fri Sep 21 15:30:37 CST 2012" endtime="Fri Sep 21 15:30:37 CST 2012" />
            <Test name="testAddViewWithIndex" result="pass" starttime="Fri Sep 21 15:30:37 CST 2012" endtime="Fri Sep 21 15:30:37 CST 2012" />
            <Test name="testAddViewWithIndexAndLayoutParams" result="pass" starttime="Fri Sep 21 15:30:37 CST 2012" endtime="Fri Sep 21 15:30:38 CST 2012" />
            <Test name="testAddViewWithLayoutParams" result="pass" starttime="Fri Sep 21 15:30:38 CST 2012" endtime="Fri Sep 21 15:30:38 CST 2012" />
            <Test name="testArrowScroll" result="pass" starttime="Fri Sep 21 15:30:38 CST 2012" endtime="Fri Sep 21 15:30:38 CST 2012" />
            <Test name="testComputeHorizontalScrollRange" result="pass" starttime="Fri Sep 21 15:30:38 CST 2012" endtime="Fri Sep 21 15:30:39 CST 2012" />
            <Test name="testComputeScroll" result="pass" starttime="Fri Sep 21 15:30:39 CST 2012" endtime="Fri Sep 21 15:30:39 CST 2012" />
            <Test name="testComputeScrollDeltaToGetChildRectOnScreen" result="pass" starttime="Fri Sep 21 15:30:39 CST 2012" endtime="Fri Sep 21 15:30:39 CST 2012" />
            <Test name="testConstructor" result="pass" starttime="Fri Sep 21 15:30:39 CST 2012" endtime="Fri Sep 21 15:30:40 CST 2012" />
            <Test name="testDispatchKeyEvent" result="pass" starttime="Fri Sep 21 15:30:40 CST 2012" endtime="Fri Sep 21 15:30:40 CST 2012" />
            <Test name="testExecuteKeyEvent" result="pass" starttime="Fri Sep 21 15:30:40 CST 2012" endtime="Fri Sep 21 15:30:40 CST 2012" />
            <Test name="testFling" result="pass" starttime="Fri Sep 21 15:30:40 CST 2012" endtime="Fri Sep 21 15:30:41 CST 2012" />
            <Test name="testFullScroll" result="pass" starttime="Fri Sep 21 15:30:41 CST 2012" endtime="Fri Sep 21 15:30:41 CST 2012" />
            <Test name="testGetHorizontalFadingEdgeStrengths" result="pass" starttime="Fri Sep 21 15:30:41 CST 2012" endtime="Fri Sep 21 15:30:41 CST 2012" />
            <Test name="testGetMaxScrollAmount" result="pass" starttime="Fri Sep 21 15:30:41 CST 2012" endtime="Fri Sep 21 15:30:42 CST 2012" />
            <Test name="testMeasureChild" result="pass" starttime="Fri Sep 21 15:30:42 CST 2012" endtime="Fri Sep 21 15:30:42 CST 2012" />
            <Test name="testMeasureChildWithMargins" result="pass" starttime="Fri Sep 21 15:30:42 CST 2012" endtime="Fri Sep 21 15:30:42 CST 2012" />
            <Test name="testOnInterceptTouchEvent" result="pass" starttime="Fri Sep 21 15:30:42 CST 2012" endtime="Fri Sep 21 15:30:43 CST 2012" />
            <Test name="testOnLayout" result="pass" starttime="Fri Sep 21 15:30:43 CST 2012" endtime="Fri Sep 21 15:30:43 CST 2012" />
            <Test name="testOnMeasure" result="pass" starttime="Fri Sep 21 15:30:43 CST 2012" endtime="Fri Sep 21 15:30:43 CST 2012" />
            <Test name="testOnRequestFocusInDescendants" result="pass" starttime="Fri Sep 21 15:30:43 CST 2012" endtime="Fri Sep 21 15:30:44 CST 2012" />
            <Test name="testOnSizeChanged" result="pass" starttime="Fri Sep 21 15:30:44 CST 2012" endtime="Fri Sep 21 15:30:44 CST 2012" />
            <Test name="testOnTouchEvent" result="pass" starttime="Fri Sep 21 15:30:44 CST 2012" endtime="Fri Sep 21 15:30:44 CST 2012" />
            <Test name="testPageScroll" result="pass" starttime="Fri Sep 21 15:30:44 CST 2012" endtime="Fri Sep 21 15:30:45 CST 2012" />
            <Test name="testRequestChildFocus" result="pass" starttime="Fri Sep 21 15:30:45 CST 2012" endtime="Fri Sep 21 15:30:45 CST 2012" />
            <Test name="testRequestChildRectangleOnScreen" result="pass" starttime="Fri Sep 21 15:30:45 CST 2012" endtime="Fri Sep 21 15:30:45 CST 2012" />
            <Test name="testRequestLayout" result="pass" starttime="Fri Sep 21 15:30:45 CST 2012" endtime="Fri Sep 21 15:30:46 CST 2012" />
            <Test name="testScrollTo" result="pass" starttime="Fri Sep 21 15:30:46 CST 2012" endtime="Fri Sep 21 15:30:46 CST 2012" />
            <Test name="testSmoothScrollBy" result="pass" starttime="Fri Sep 21 15:30:46 CST 2012" endtime="Fri Sep 21 15:30:47 CST 2012" />
            <Test name="testSmoothScrollTo" result="pass" starttime="Fri Sep 21 15:30:47 CST 2012" endtime="Fri Sep 21 15:30:48 CST 2012" />
          </TestCase>
          <TestCase name="ImageButtonTest" priority="">
            <Test name="testAndroidTestCaseSetupProperly" result="pass" starttime="Fri Sep 21 15:30:48 CST 2012" endtime="Fri Sep 21 15:30:48 CST 2012" />
            <Test name="testConstructor" result="pass" starttime="Fri Sep 21 15:30:48 CST 2012" endtime="Fri Sep 21 15:30:48 CST 2012" />
            <Test name="testOnSetAlpha" result="pass" starttime="Fri Sep 21 15:30:48 CST 2012" endtime="Fri Sep 21 15:30:48 CST 2012" />
          </TestCase>
          <TestCase name="ImageSwitcherTest" priority="">
            <Test name="testAndroidTestCaseSetupProperly" result="pass" starttime="Fri Sep 21 15:30:48 CST 2012" endtime="Fri Sep 21 15:30:48 CST 2012" />
            <Test name="testConstructor" result="pass" starttime="Fri Sep 21 15:30:48 CST 2012" endtime="Fri Sep 21 15:30:48 CST 2012" />
            <Test name="testSetImageDrawable" result="pass" starttime="Fri Sep 21 15:30:48 CST 2012" endtime="Fri Sep 21 15:30:48 CST 2012" />
            <Test name="testSetImageResource" result="pass" starttime="Fri Sep 21 15:30:48 CST 2012" endtime="Fri Sep 21 15:30:49 CST 2012" />
            <Test name="testSetImageURI" result="pass" starttime="Fri Sep 21 15:30:49 CST 2012" endtime="Fri Sep 21 15:30:49 CST 2012" />
          </TestCase>
          <TestCase name="ImageViewTest" priority="">
            <Test name="testAccessImageMatrix" result="pass" starttime="Fri Sep 21 15:30:49 CST 2012" endtime="Fri Sep 21 15:30:49 CST 2012" />
            <Test name="testAccessScaleType" result="pass" starttime="Fri Sep 21 15:30:49 CST 2012" endtime="Fri Sep 21 15:30:49 CST 2012" />
            <Test name="testActivityTestCaseSetUpProperly" result="pass" starttime="Fri Sep 21 15:30:49 CST 2012" endtime="Fri Sep 21 15:30:50 CST 2012" />
            <Test name="testClearColorFilter" result="pass" starttime="Fri Sep 21 15:30:50 CST 2012" endtime="Fri Sep 21 15:30:50 CST 2012" />
            <Test name="testConstructor" result="pass" starttime="Fri Sep 21 15:30:50 CST 2012" endtime="Fri Sep 21 15:30:50 CST 2012" />
            <Test name="testDrawableStateChanged" result="pass" starttime="Fri Sep 21 15:30:50 CST 2012" endtime="Fri Sep 21 15:30:51 CST 2012" />
            <Test name="testGetBaseline" result="pass" starttime="Fri Sep 21 15:30:51 CST 2012" endtime="Fri Sep 21 15:30:51 CST 2012" />
            <Test name="testGetDrawable" result="pass" starttime="Fri Sep 21 15:30:51 CST 2012" endtime="Fri Sep 21 15:30:51 CST 2012" />
            <Test name="testInvalidateDrawable" result="pass" starttime="Fri Sep 21 15:30:51 CST 2012" endtime="Fri Sep 21 15:30:52 CST 2012" />
            <Test name="testOnCreateDrawableState" result="pass" starttime="Fri Sep 21 15:30:52 CST 2012" endtime="Fri Sep 21 15:30:52 CST 2012" />
            <Test name="testOnDraw" result="pass" starttime="Fri Sep 21 15:30:52 CST 2012" endtime="Fri Sep 21 15:30:52 CST 2012" />
            <Test name="testOnMeasure" result="pass" starttime="Fri Sep 21 15:30:52 CST 2012" endtime="Fri Sep 21 15:30:53 CST 2012" />
            <Test name="testSetAdjustViewBounds" result="pass" starttime="Fri Sep 21 15:30:53 CST 2012" endtime="Fri Sep 21 15:30:53 CST 2012" />
            <Test name="testSetAlpha" result="pass" starttime="Fri Sep 21 15:30:53 CST 2012" endtime="Fri Sep 21 15:30:53 CST 2012" />
            <Test name="testSetColorFilter1" result="pass" starttime="Fri Sep 21 15:30:53 CST 2012" endtime="Fri Sep 21 15:30:53 CST 2012" />
            <Test name="testSetColorFilter2" result="pass" starttime="Fri Sep 21 15:30:53 CST 2012" endtime="Fri Sep 21 15:30:54 CST 2012" />
            <Test name="testSetFrame" result="pass" starttime="Fri Sep 21 15:30:54 CST 2012" endtime="Fri Sep 21 15:30:54 CST 2012" />
            <Test name="testSetImageBitmap" result="pass" starttime="Fri Sep 21 15:30:54 CST 2012" endtime="Fri Sep 21 15:30:54 CST 2012" />
            <Test name="testSetImageDrawable" result="pass" starttime="Fri Sep 21 15:30:54 CST 2012" endtime="Fri Sep 21 15:30:55 CST 2012" />
            <Test name="testSetImageLevel" result="pass" starttime="Fri Sep 21 15:30:55 CST 2012" endtime="Fri Sep 21 15:30:55 CST 2012" />
            <Test name="testSetImageResource" result="pass" starttime="Fri Sep 21 15:30:55 CST 2012" endtime="Fri Sep 21 15:30:55 CST 2012" />
            <Test name="testSetImageState" result="pass" starttime="Fri Sep 21 15:30:55 CST 2012" endtime="Fri Sep 21 15:30:56 CST 2012" />
            <Test name="testSetImageURI" result="pass" starttime="Fri Sep 21 15:30:56 CST 2012" endtime="Fri Sep 21 15:30:56 CST 2012" />
            <Test name="testSetMaxHeight" result="pass" starttime="Fri Sep 21 15:30:56 CST 2012" endtime="Fri Sep 21 15:30:56 CST 2012" />
            <Test name="testSetMaxWidth" result="pass" starttime="Fri Sep 21 15:30:56 CST 2012" endtime="Fri Sep 21 15:30:57 CST 2012" />
            <Test name="testSetSelected" result="pass" starttime="Fri Sep 21 15:30:57 CST 2012" endtime="Fri Sep 21 15:30:57 CST 2012" />
            <Test name="testVerifyDrawable" result="pass" starttime="Fri Sep 21 15:30:57 CST 2012" endtime="Fri Sep 21 15:30:57 CST 2012" />
          </TestCase>
          <TestCase name="LinearLayoutTest" priority="">
            <Test name="testAccessBaselineAligned" result="pass" starttime="Fri Sep 21 15:30:57 CST 2012" endtime="Fri Sep 21 15:30:58 CST 2012" />
            <Test name="testAccessBaselineAlignedChildIndex" result="pass" starttime="Fri Sep 21 15:30:58 CST 2012" endtime="Fri Sep 21 15:30:58 CST 2012" />
            <Test name="testAccessWeightSum" result="pass" starttime="Fri Sep 21 15:30:58 CST 2012" endtime="Fri Sep 21 15:30:59 CST 2012" />
            <Test name="testActivityTestCaseSetUpProperly" result="pass" starttime="Fri Sep 21 15:30:59 CST 2012" endtime="Fri Sep 21 15:30:59 CST 2012" />
            <Test name="testCheckLayoutParams" result="pass" starttime="Fri Sep 21 15:30:59 CST 2012" endtime="Fri Sep 21 15:30:59 CST 2012" />
            <Test name="testConstructor" result="pass" starttime="Fri Sep 21 15:30:59 CST 2012" endtime="Fri Sep 21 15:31:00 CST 2012" />
            <Test name="testGenerateDefaultLayoutParams" result="pass" starttime="Fri Sep 21 15:31:00 CST 2012" endtime="Fri Sep 21 15:31:00 CST 2012" />
            <Test name="testGenerateLayoutParams" result="pass" starttime="Fri Sep 21 15:31:00 CST 2012" endtime="Fri Sep 21 15:31:00 CST 2012" />
            <Test name="testGetBaseline" result="pass" starttime="Fri Sep 21 15:31:00 CST 2012" endtime="Fri Sep 21 15:31:01 CST 2012" />
            <Test name="testLayoutHorizontal" result="pass" starttime="Fri Sep 21 15:31:01 CST 2012" endtime="Fri Sep 21 15:31:01 CST 2012" />
            <Test name="testLayoutVertical" result="pass" starttime="Fri Sep 21 15:31:01 CST 2012" endtime="Fri Sep 21 15:31:01 CST 2012" />
          </TestCase>
          <TestCase name="LinearLayout_LayoutParamsTest" priority="">
            <Test name="testAndroidTestCaseSetupProperly" result="pass" starttime="Fri Sep 21 15:31:01 CST 2012" endtime="Fri Sep 21 15:31:01 CST 2012" />
            <Test name="testConstructor" result="pass" starttime="Fri Sep 21 15:31:01 CST 2012" endtime="Fri Sep 21 15:31:01 CST 2012" />
            <Test name="testDebug" result="pass" starttime="Fri Sep 21 15:31:01 CST 2012" endtime="Fri Sep 21 15:31:02 CST 2012" />
          </TestCase>
          <TestCase name="ListViewTest" priority="">
            <Test name="testAccessAdapter" result="pass" starttime="Fri Sep 21 15:31:02 CST 2012" endtime="Fri Sep 21 15:31:02 CST 2012" />
            <Test name="testAccessDivider" result="pass" starttime="Fri Sep 21 15:31:02 CST 2012" endtime="Fri Sep 21 15:31:03 CST 2012" />
            <Test name="testAccessDividerHeight" result="pass" starttime="Fri Sep 21 15:31:03 CST 2012" endtime="Fri Sep 21 15:31:03 CST 2012" />
            <Test name="testAccessFooterView" result="pass" starttime="Fri Sep 21 15:31:03 CST 2012" endtime="Fri Sep 21 15:31:04 CST 2012" />
            <Test name="testAccessHeaderView" result="pass" starttime="Fri Sep 21 15:31:04 CST 2012" endtime="Fri Sep 21 15:31:04 CST 2012" />
            <Test name="testAccessItemChecked" result="pass" starttime="Fri Sep 21 15:31:04 CST 2012" endtime="Fri Sep 21 15:31:04 CST 2012" />
            <Test name="testAccessItemsCanFocus" result="pass" starttime="Fri Sep 21 15:31:04 CST 2012" endtime="Fri Sep 21 15:31:05 CST 2012" />
            <Test name="testCanAnimate" result="pass" starttime="Fri Sep 21 15:31:05 CST 2012" endtime="Fri Sep 21 15:31:05 CST 2012" />
            <Test name="testConstructor" result="pass" starttime="Fri Sep 21 15:31:05 CST 2012" endtime="Fri Sep 21 15:31:05 CST 2012" />
            <Test name="testDispatchDraw" result="pass" starttime="Fri Sep 21 15:31:05 CST 2012" endtime="Fri Sep 21 15:31:06 CST 2012" />
            <Test name="testDispatchKeyEvent" result="pass" starttime="Fri Sep 21 15:31:06 CST 2012" endtime="Fri Sep 21 15:31:06 CST 2012" />
            <Test name="testFindViewTraversal" result="pass" starttime="Fri Sep 21 15:31:06 CST 2012" endtime="Fri Sep 21 15:31:06 CST 2012" />
            <Test name="testFindViewWithTagTraversal" result="pass" starttime="Fri Sep 21 15:31:06 CST 2012" endtime="Fri Sep 21 15:31:06 CST 2012" />
            <Test name="testGetMaxScrollAmount" result="pass" starttime="Fri Sep 21 15:31:06 CST 2012" endtime="Fri Sep 21 15:31:07 CST 2012" />
            <Test name="testLayoutChildren" result="pass" starttime="Fri Sep 21 15:31:07 CST 2012" endtime="Fri Sep 21 15:31:07 CST 2012" />
            <Test name="testNoSelectableItems" result="pass" starttime="Fri Sep 21 15:31:07 CST 2012" endtime="Fri Sep 21 15:31:07 CST 2012" />
            <Test name="testOnFinishInflate" result="pass" starttime="Fri Sep 21 15:31:07 CST 2012" endtime="Fri Sep 21 15:31:08 CST 2012" />
            <Test name="testOnFocusChanged" result="pass" starttime="Fri Sep 21 15:31:08 CST 2012" endtime="Fri Sep 21 15:31:08 CST 2012" />
            <Test name="testOnKeyUpDown" result="pass" starttime="Fri Sep 21 15:31:08 CST 2012" endtime="Fri Sep 21 15:31:08 CST 2012" />
            <Test name="testOnMeasure" result="pass" starttime="Fri Sep 21 15:31:08 CST 2012" endtime="Fri Sep 21 15:31:09 CST 2012" />
            <Test name="testOnTouchEvent" result="pass" starttime="Fri Sep 21 15:31:09 CST 2012" endtime="Fri Sep 21 15:31:09 CST 2012" />
            <Test name="testPerformItemClick" result="pass" starttime="Fri Sep 21 15:31:09 CST 2012" endtime="Fri Sep 21 15:31:09 CST 2012" />
            <Test name="testRequestChildRectangleOnScreen" result="pass" starttime="Fri Sep 21 15:31:09 CST 2012" endtime="Fri Sep 21 15:31:10 CST 2012" />
            <Test name="testRequestLayout" result="pass" starttime="Fri Sep 21 15:31:10 CST 2012" endtime="Fri Sep 21 15:31:10 CST 2012" />
            <Test name="testSaveAndRestoreInstanceState" result="pass" starttime="Fri Sep 21 15:31:10 CST 2012" endtime="Fri Sep 21 15:31:10 CST 2012" />
            <Test name="testSetSelection" result="pass" starttime="Fri Sep 21 15:31:10 CST 2012" endtime="Fri Sep 21 15:31:11 CST 2012" />
          </TestCase>
          <TestCase name="MediaControllerTest" priority="">
            <Test name="testConstructor" result="pass" starttime="Fri Sep 21 15:31:11 CST 2012" endtime="Fri Sep 21 15:31:11 CST 2012" />
            <Test name="testMediaController" result="pass" starttime="Fri Sep 21 15:31:11 CST 2012" endtime="Fri Sep 21 15:31:12 CST 2012" />
            <Test name="testOnTrackballEvent" result="pass" starttime="Fri Sep 21 15:31:12 CST 2012" endtime="Fri Sep 21 15:31:12 CST 2012" />
            <Test name="testSetEnabled" result="pass" starttime="Fri Sep 21 15:31:12 CST 2012" endtime="Fri Sep 21 15:31:12 CST 2012" />
            <Test name="testSetPrevNextListeners" result="pass" starttime="Fri Sep 21 15:31:12 CST 2012" endtime="Fri Sep 21 15:31:13 CST 2012" />
            <Test name="testShow" result="pass" starttime="Fri Sep 21 15:31:13 CST 2012" endtime="Fri Sep 21 15:31:13 CST 2012" />
          </TestCase>
          <TestCase name="MultiAutoCompleteTextViewTest" priority="">
            <Test name="testConstructor" result="pass" starttime="Fri Sep 21 15:31:13 CST 2012" endtime="Fri Sep 21 15:31:14 CST 2012" />
            <Test name="testMultiAutoCompleteTextView" result="pass" starttime="Fri Sep 21 15:31:14 CST 2012" endtime="Fri Sep 21 15:31:14 CST 2012" />
            <Test name="testPerformFiltering" result="pass" starttime="Fri Sep 21 15:31:14 CST 2012" endtime="Fri Sep 21 15:31:15 CST 2012" />
            <Test name="testPerformValidation" result="pass" starttime="Fri Sep 21 15:31:15 CST 2012" endtime="Fri Sep 21 15:31:15 CST 2012" />
            <Test name="testReplaceText" result="pass" starttime="Fri Sep 21 15:31:15 CST 2012" endtime="Fri Sep 21 15:31:15 CST 2012" />
          </TestCase>
          <TestCase name="MultiAutoCompleteTextView_CommaTokenizerTest" priority="">
            <Test name="testConstructor" result="pass" starttime="Fri Sep 21 15:31:15 CST 2012" endtime="Fri Sep 21 15:31:15 CST 2012" />
            <Test name="testFindTokenEnd" result="pass" starttime="Fri Sep 21 15:31:15 CST 2012" endtime="Fri Sep 21 15:31:16 CST 2012" />
            <Test name="testFindTokenStart" result="pass" starttime="Fri Sep 21 15:31:16 CST 2012" endtime="Fri Sep 21 15:31:16 CST 2012" />
            <Test name="testTerminateToken" result="pass" starttime="Fri Sep 21 15:31:16 CST 2012" endtime="Fri Sep 21 15:31:16 CST 2012" />
          </TestCase>
          <TestCase name="PopupWindowTest" priority="">
            <Test name="testAccessAnimationStyle" result="pass" starttime="Fri Sep 21 15:31:16 CST 2012" endtime="Fri Sep 21 15:31:16 CST 2012" />
            <Test name="testAccessBackground" result="pass" starttime="Fri Sep 21 15:31:16 CST 2012" endtime="Fri Sep 21 15:31:16 CST 2012" />
            <Test name="testAccessClippingEnabled" result="pass" starttime="Fri Sep 21 15:31:16 CST 2012" endtime="Fri Sep 21 15:31:17 CST 2012" />
            <Test name="testAccessContentView" result="pass" starttime="Fri Sep 21 15:31:17 CST 2012" endtime="Fri Sep 21 15:31:17 CST 2012" />
            <Test name="testAccessFocusable" result="pass" starttime="Fri Sep 21 15:31:17 CST 2012" endtime="Fri Sep 21 15:31:17 CST 2012" />
            <Test name="testAccessHeight" result="pass" starttime="Fri Sep 21 15:31:17 CST 2012" endtime="Fri Sep 21 15:31:18 CST 2012" />
            <Test name="testAccessInputMethodMode" result="pass" starttime="Fri Sep 21 15:31:18 CST 2012" endtime="Fri Sep 21 15:31:18 CST 2012" />
            <Test name="testAccessOutsideTouchable" result="pass" starttime="Fri Sep 21 15:31:18 CST 2012" endtime="Fri Sep 21 15:31:18 CST 2012" />
            <Test name="testAccessTouchable" result="pass" starttime="Fri Sep 21 15:31:18 CST 2012" endtime="Fri Sep 21 15:31:19 CST 2012" />
            <Test name="testAccessWidth" result="pass" starttime="Fri Sep 21 15:31:19 CST 2012" endtime="Fri Sep 21 15:31:19 CST 2012" />
            <Test name="testConstructor" result="pass" starttime="Fri Sep 21 15:31:19 CST 2012" endtime="Fri Sep 21 15:31:19 CST 2012" />
            <Test name="testDismiss" result="pass" starttime="Fri Sep 21 15:31:19 CST 2012" endtime="Fri Sep 21 15:31:20 CST 2012" />
            <Test name="testGetMaxAvailableHeight" result="pass" starttime="Fri Sep 21 15:31:20 CST 2012" endtime="Fri Sep 21 15:31:20 CST 2012" />
            <Test name="testIsAboveAnchor" result="pass" starttime="Fri Sep 21 15:31:20 CST 2012" endtime="Fri Sep 21 15:31:20 CST 2012" />
            <Test name="testSetOnDismissListener" result="pass" starttime="Fri Sep 21 15:31:20 CST 2012" endtime="Fri Sep 21 15:31:21 CST 2012" />
            <Test name="testSetTouchInterceptor" result="pass" starttime="Fri Sep 21 15:31:21 CST 2012" endtime="Fri Sep 21 15:31:21 CST 2012" />
            <Test name="testSetWindowLayoutMode" result="pass" starttime="Fri Sep 21 15:31:21 CST 2012" endtime="Fri Sep 21 15:31:22 CST 2012" />
            <Test name="testShowAsDropDown" result="pass" starttime="Fri Sep 21 15:31:22 CST 2012" endtime="Fri Sep 21 15:31:22 CST 2012" />
            <Test name="testShowAsDropDownWithOffsets" result="pass" starttime="Fri Sep 21 15:31:22 CST 2012" endtime="Fri Sep 21 15:31:23 CST 2012" />
            <Test name="testShowAtLocation" result="pass" starttime="Fri Sep 21 15:31:23 CST 2012" endtime="Fri Sep 21 15:31:23 CST 2012" />
            <Test name="testUpdate" result="pass" starttime="Fri Sep 21 15:31:23 CST 2012" endtime="Fri Sep 21 15:31:23 CST 2012" />
            <Test name="testUpdateDimensionAndAlignAnchorView" result="pass" starttime="Fri Sep 21 15:31:23 CST 2012" endtime="Fri Sep 21 15:31:24 CST 2012" />
            <Test name="testUpdateDimensionAndAlignAnchorViewWithOffsets" result="pass" starttime="Fri Sep 21 15:31:24 CST 2012" endtime="Fri Sep 21 15:31:24 CST 2012" />
            <Test name="testUpdatePositionAndDimension" result="pass" starttime="Fri Sep 21 15:31:24 CST 2012" endtime="Fri Sep 21 15:31:25 CST 2012" />
          </TestCase>
          <TestCase name="ProgressBarTest" priority="">
            <Test name="testAccessIndeterminateDrawable" result="pass" starttime="Fri Sep 21 15:31:25 CST 2012" endtime="Fri Sep 21 15:31:25 CST 2012" />
            <Test name="testAccessInterpolator" result="pass" starttime="Fri Sep 21 15:31:25 CST 2012" endtime="Fri Sep 21 15:31:25 CST 2012" />
            <Test name="testAccessMax" result="pass" starttime="Fri Sep 21 15:31:25 CST 2012" endtime="Fri Sep 21 15:31:25 CST 2012" />
            <Test name="testAccessProgress" result="pass" starttime="Fri Sep 21 15:31:25 CST 2012" endtime="Fri Sep 21 15:31:25 CST 2012" />
            <Test name="testAccessProgressDrawable" result="pass" starttime="Fri Sep 21 15:31:25 CST 2012" endtime="Fri Sep 21 15:31:25 CST 2012" />
            <Test name="testAccessSecondaryProgress" result="pass" starttime="Fri Sep 21 15:31:25 CST 2012" endtime="Fri Sep 21 15:31:25 CST 2012" />
            <Test name="testConstructor" result="pass" starttime="Fri Sep 21 15:31:25 CST 2012" endtime="Fri Sep 21 15:31:25 CST 2012" />
            <Test name="testDrawableStateChanged" result="pass" starttime="Fri Sep 21 15:31:25 CST 2012" endtime="Fri Sep 21 15:31:25 CST 2012" />
            <Test name="testIncrementProgressBy" result="pass" starttime="Fri Sep 21 15:31:25 CST 2012" endtime="Fri Sep 21 15:31:25 CST 2012" />
            <Test name="testIncrementSecondaryProgressBy" result="pass" starttime="Fri Sep 21 15:31:25 CST 2012" endtime="Fri Sep 21 15:31:26 CST 2012" />
            <Test name="testInvalidateDrawable" result="pass" starttime="Fri Sep 21 15:31:26 CST 2012" endtime="Fri Sep 21 15:31:26 CST 2012" />
            <Test name="testOnDraw" result="pass" starttime="Fri Sep 21 15:31:26 CST 2012" endtime="Fri Sep 21 15:31:26 CST 2012" />
            <Test name="testOnMeasure" result="pass" starttime="Fri Sep 21 15:31:26 CST 2012" endtime="Fri Sep 21 15:31:26 CST 2012" />
            <Test name="testOnSaveAndRestoreInstanceState" result="pass" starttime="Fri Sep 21 15:31:26 CST 2012" endtime="Fri Sep 21 15:31:26 CST 2012" />
            <Test name="testOnSizeChange" result="pass" starttime="Fri Sep 21 15:31:26 CST 2012" endtime="Fri Sep 21 15:31:26 CST 2012" />
            <Test name="testPostInvalidate" result="pass" starttime="Fri Sep 21 15:31:26 CST 2012" endtime="Fri Sep 21 15:31:26 CST 2012" />
            <Test name="testSetIndeterminate" result="pass" starttime="Fri Sep 21 15:31:26 CST 2012" endtime="Fri Sep 21 15:31:26 CST 2012" />
            <Test name="testSetVisibility" result="pass" starttime="Fri Sep 21 15:31:26 CST 2012" endtime="Fri Sep 21 15:31:26 CST 2012" />
            <Test name="testVerifyDrawable" result="pass" starttime="Fri Sep 21 15:31:26 CST 2012" endtime="Fri Sep 21 15:31:27 CST 2012" />
          </TestCase>
          <TestCase name="RadioButtonTest" priority="">
            <Test name="testConstructor" result="pass" starttime="Fri Sep 21 15:31:27 CST 2012" endtime="Fri Sep 21 15:31:27 CST 2012" />
            <Test name="testToggle" result="pass" starttime="Fri Sep 21 15:31:27 CST 2012" endtime="Fri Sep 21 15:31:27 CST 2012" />
          </TestCase>
          <TestCase name="RadioGroupTest" priority="">
            <Test name="testAddView" result="pass" starttime="Fri Sep 21 15:31:27 CST 2012" endtime="Fri Sep 21 15:31:27 CST 2012" />
            <Test name="testCheck" result="pass" starttime="Fri Sep 21 15:31:27 CST 2012" endtime="Fri Sep 21 15:31:27 CST 2012" />
            <Test name="testCheckLayoutParams" result="pass" starttime="Fri Sep 21 15:31:27 CST 2012" endtime="Fri Sep 21 15:31:27 CST 2012" />
            <Test name="testClearCheck" result="pass" starttime="Fri Sep 21 15:31:27 CST 2012" endtime="Fri Sep 21 15:31:27 CST 2012" />
            <Test name="testConstructors" result="pass" starttime="Fri Sep 21 15:31:27 CST 2012" endtime="Fri Sep 21 15:31:27 CST 2012" />
            <Test name="testGenerateDefaultLayoutParams" result="pass" starttime="Fri Sep 21 15:31:27 CST 2012" endtime="Fri Sep 21 15:31:27 CST 2012" />
            <Test name="testGenerateLayoutParams" result="pass" starttime="Fri Sep 21 15:31:27 CST 2012" endtime="Fri Sep 21 15:31:27 CST 2012" />
            <Test name="testGetCheckedRadioButtonId" result="pass" starttime="Fri Sep 21 15:31:27 CST 2012" endtime="Fri Sep 21 15:31:28 CST 2012" />
            <Test name="testInternalCheckedStateTracker" result="pass" starttime="Fri Sep 21 15:31:28 CST 2012" endtime="Fri Sep 21 15:31:28 CST 2012" />
            <Test name="testInternalPassThroughHierarchyChangeListener" result="pass" starttime="Fri Sep 21 15:31:28 CST 2012" endtime="Fri Sep 21 15:31:28 CST 2012" />
            <Test name="testOnFinishInflate" result="pass" starttime="Fri Sep 21 15:31:28 CST 2012" endtime="Fri Sep 21 15:31:28 CST 2012" />
            <Test name="testSetOnCheckedChangeListener" result="pass" starttime="Fri Sep 21 15:31:28 CST 2012" endtime="Fri Sep 21 15:31:28 CST 2012" />
            <Test name="testSetOnHierarchyChangeListener" result="pass" starttime="Fri Sep 21 15:31:28 CST 2012" endtime="Fri Sep 21 15:31:28 CST 2012" />
          </TestCase>
          <TestCase name="RadioGroup_LayoutParamsTest" priority="">
            <Test name="testAndroidTestCaseSetupProperly" result="pass" starttime="Fri Sep 21 15:31:28 CST 2012" endtime="Fri Sep 21 15:31:28 CST 2012" />
            <Test name="testConstructor" result="pass" starttime="Fri Sep 21 15:31:28 CST 2012" endtime="Fri Sep 21 15:31:28 CST 2012" />
            <Test name="testSetBaseAttributes" result="pass" starttime="Fri Sep 21 15:31:28 CST 2012" endtime="Fri Sep 21 15:31:28 CST 2012" />
          </TestCase>
          <TestCase name="RatingBarTest" priority="">
            <Test name="testAccessIndicator" result="pass" starttime="Fri Sep 21 15:31:28 CST 2012" endtime="Fri Sep 21 15:31:29 CST 2012" />
            <Test name="testAccessNumStars" result="pass" starttime="Fri Sep 21 15:31:29 CST 2012" endtime="Fri Sep 21 15:31:29 CST 2012" />
            <Test name="testAccessOnRatingBarChangeListener" result="pass" starttime="Fri Sep 21 15:31:29 CST 2012" endtime="Fri Sep 21 15:31:29 CST 2012" />
            <Test name="testAccessRating" result="pass" starttime="Fri Sep 21 15:31:29 CST 2012" endtime="Fri Sep 21 15:31:30 CST 2012" />
            <Test name="testAccessStepSize" result="pass" starttime="Fri Sep 21 15:31:30 CST 2012" endtime="Fri Sep 21 15:31:30 CST 2012" />
            <Test name="testConstructor" result="pass" starttime="Fri Sep 21 15:31:30 CST 2012" endtime="Fri Sep 21 15:31:30 CST 2012" />
            <Test name="testSetMax" result="pass" starttime="Fri Sep 21 15:31:30 CST 2012" endtime="Fri Sep 21 15:31:31 CST 2012" />
          </TestCase>
          <TestCase name="RelativeLayoutTest" priority="">
            <Test name="testCheckLayoutParams" result="pass" starttime="Fri Sep 21 15:31:31 CST 2012" endtime="Fri Sep 21 15:31:31 CST 2012" />
            <Test name="testConstructor" result="pass" starttime="Fri Sep 21 15:31:31 CST 2012" endtime="Fri Sep 21 15:31:31 CST 2012" />
            <Test name="testGenerateDefaultLayoutParams" result="pass" starttime="Fri Sep 21 15:31:31 CST 2012" endtime="Fri Sep 21 15:31:32 CST 2012" />
            <Test name="testGenerateLayoutParams1" result="pass" starttime="Fri Sep 21 15:31:32 CST 2012" endtime="Fri Sep 21 15:31:32 CST 2012" />
            <Test name="testGenerateLayoutParams2" result="pass" starttime="Fri Sep 21 15:31:32 CST 2012" endtime="Fri Sep 21 15:31:32 CST 2012" />
            <Test name="testGetBaseline" result="pass" starttime="Fri Sep 21 15:31:32 CST 2012" endtime="Fri Sep 21 15:31:33 CST 2012" />
            <Test name="testOnLayout" result="pass" starttime="Fri Sep 21 15:31:33 CST 2012" endtime="Fri Sep 21 15:31:33 CST 2012" />
            <Test name="testOnMeasure" result="pass" starttime="Fri Sep 21 15:31:33 CST 2012" endtime="Fri Sep 21 15:31:34 CST 2012" />
            <Test name="testSetGravity" result="pass" starttime="Fri Sep 21 15:31:34 CST 2012" endtime="Fri Sep 21 15:31:34 CST 2012" />
            <Test name="testSetHorizontalGravity" result="pass" starttime="Fri Sep 21 15:31:34 CST 2012" endtime="Fri Sep 21 15:31:34 CST 2012" />
            <Test name="testSetIgnoreGravity" result="pass" starttime="Fri Sep 21 15:31:34 CST 2012" endtime="Fri Sep 21 15:31:35 CST 2012" />
            <Test name="testSetVerticalGravity" result="pass" starttime="Fri Sep 21 15:31:35 CST 2012" endtime="Fri Sep 21 15:31:35 CST 2012" />
          </TestCase>
          <TestCase name="RelativeLayout_LayoutParamsTest" priority="">
            <Test name="testAccessRule1" result="pass" starttime="Fri Sep 21 15:31:35 CST 2012" endtime="Fri Sep 21 15:31:35 CST 2012" />
            <Test name="testAccessRule2" result="pass" starttime="Fri Sep 21 15:31:35 CST 2012" endtime="Fri Sep 21 15:31:35 CST 2012" />
            <Test name="testConstructor" result="pass" starttime="Fri Sep 21 15:31:35 CST 2012" endtime="Fri Sep 21 15:31:36 CST 2012" />
            <Test name="testDebug" result="pass" starttime="Fri Sep 21 15:31:36 CST 2012" endtime="Fri Sep 21 15:31:36 CST 2012" />
          </TestCase>
          <TestCase name="RemoteViewsActivityTest" priority="">
            <Test name="testDerivedClass" result="pass" starttime="Fri Sep 21 15:31:36 CST 2012" endtime="Fri Sep 21 15:31:36 CST 2012" />
            <Test name="testGood" result="pass" starttime="Fri Sep 21 15:31:36 CST 2012" endtime="Fri Sep 21 15:31:36 CST 2012" />
            <Test name="testWebView" result="pass" starttime="Fri Sep 21 15:31:36 CST 2012" endtime="Fri Sep 21 15:31:37 CST 2012" />
          </TestCase>
          <TestCase name="RemoteViewsTest" priority="">
            <Test name="testApply" result="pass" starttime="Fri Sep 21 15:31:37 CST 2012" endtime="Fri Sep 21 15:31:37 CST 2012" />
            <Test name="testConstructor" result="pass" starttime="Fri Sep 21 15:31:37 CST 2012" endtime="Fri Sep 21 15:31:37 CST 2012" />
            <Test name="testDescribeContents" result="pass" starttime="Fri Sep 21 15:31:37 CST 2012" endtime="Fri Sep 21 15:31:38 CST 2012" />
            <Test name="testGetLayoutId" result="pass" starttime="Fri Sep 21 15:31:38 CST 2012" endtime="Fri Sep 21 15:31:38 CST 2012" />
            <Test name="testGetPackage" result="pass" starttime="Fri Sep 21 15:31:38 CST 2012" endtime="Fri Sep 21 15:31:38 CST 2012" />
            <Test name="testNotFeasibleSetters" result="pass" starttime="Fri Sep 21 15:31:38 CST 2012" endtime="Fri Sep 21 15:31:39 CST 2012" />
            <Test name="testOnLoadClass" result="pass" starttime="Fri Sep 21 15:31:39 CST 2012" endtime="Fri Sep 21 15:31:39 CST 2012" />
            <Test name="testReapply" result="pass" starttime="Fri Sep 21 15:31:39 CST 2012" endtime="Fri Sep 21 15:31:39 CST 2012" />
            <Test name="testSetBitmap" result="pass" starttime="Fri Sep 21 15:31:39 CST 2012" endtime="Fri Sep 21 15:31:40 CST 2012" />
            <Test name="testSetBoolean" result="pass" starttime="Fri Sep 21 15:31:40 CST 2012" endtime="Fri Sep 21 15:31:40 CST 2012" />
            <Test name="testSetCharSequence" result="pass" starttime="Fri Sep 21 15:31:40 CST 2012" endtime="Fri Sep 21 15:31:40 CST 2012" />
            <Test name="testSetChronometer" result="pass" starttime="Fri Sep 21 15:31:40 CST 2012" endtime="Fri Sep 21 15:31:41 CST 2012" />
            <Test name="testSetFloat" result="pass" starttime="Fri Sep 21 15:31:41 CST 2012" endtime="Fri Sep 21 15:31:41 CST 2012" />
            <Test name="testSetImageViewBitmap" result="pass" starttime="Fri Sep 21 15:31:41 CST 2012" endtime="Fri Sep 21 15:31:41 CST 2012" />
            <Test name="testSetImageViewResource" result="pass" starttime="Fri Sep 21 15:31:41 CST 2012" endtime="Fri Sep 21 15:31:42 CST 2012" />
            <Test name="testSetImageViewUri" result="pass" starttime="Fri Sep 21 15:31:42 CST 2012" endtime="Fri Sep 21 15:31:42 CST 2012" />
            <Test name="testSetInt" result="pass" starttime="Fri Sep 21 15:31:42 CST 2012" endtime="Fri Sep 21 15:31:42 CST 2012" />
            <Test name="testSetLong" result="pass" starttime="Fri Sep 21 15:31:42 CST 2012" endtime="Fri Sep 21 15:31:43 CST 2012" />
            <Test name="testSetOnClickPendingIntent" result="pass" starttime="Fri Sep 21 15:31:43 CST 2012" endtime="Fri Sep 21 15:31:48 CST 2012" />
            <Test name="testSetProgressBar" result="pass" starttime="Fri Sep 21 15:31:48 CST 2012" endtime="Fri Sep 21 15:31:48 CST 2012" />
            <Test name="testSetString" result="pass" starttime="Fri Sep 21 15:31:48 CST 2012" endtime="Fri Sep 21 15:31:48 CST 2012" />
            <Test name="testSetTextColor" result="pass" starttime="Fri Sep 21 15:31:48 CST 2012" endtime="Fri Sep 21 15:31:49 CST 2012" />
            <Test name="testSetTextViewText" result="pass" starttime="Fri Sep 21 15:31:49 CST 2012" endtime="Fri Sep 21 15:31:49 CST 2012" />
            <Test name="testSetUri" result="pass" starttime="Fri Sep 21 15:31:49 CST 2012" endtime="Fri Sep 21 15:31:50 CST 2012" />
            <Test name="testSetViewVisibility" result="pass" starttime="Fri Sep 21 15:31:50 CST 2012" endtime="Fri Sep 21 15:31:50 CST 2012" />
            <Test name="testWriteToParcel" result="pass" starttime="Fri Sep 21 15:31:50 CST 2012" endtime="Fri Sep 21 15:31:50 CST 2012" />
          </TestCase>
          <TestCase name="RemoteViews_ActionExceptionTest" priority="">
            <Test name="testConstructor" result="pass" starttime="Fri Sep 21 15:31:50 CST 2012" endtime="Fri Sep 21 15:31:50 CST 2012" />
          </TestCase>
          <TestCase name="ResourceCursorAdapterTest" priority="">
            <Test name="testConstructor" result="pass" starttime="Fri Sep 21 15:31:50 CST 2012" endtime="Fri Sep 21 15:31:50 CST 2012" />
            <Test name="testNewDropDownView" result="pass" starttime="Fri Sep 21 15:31:50 CST 2012" endtime="Fri Sep 21 15:31:51 CST 2012" />
            <Test name="testNewView" result="pass" starttime="Fri Sep 21 15:31:51 CST 2012" endtime="Fri Sep 21 15:31:51 CST 2012" />
            <Test name="testSetDropDownViewResource" result="pass" starttime="Fri Sep 21 15:31:51 CST 2012" endtime="Fri Sep 21 15:31:51 CST 2012" />
            <Test name="testSetViewResource" result="pass" starttime="Fri Sep 21 15:31:51 CST 2012" endtime="Fri Sep 21 15:31:51 CST 2012" />
          </TestCase>
          <TestCase name="ResourceCursorTreeAdapterTest" priority="">
            <Test name="testConstructor" result="pass" starttime="Fri Sep 21 15:31:51 CST 2012" endtime="Fri Sep 21 15:31:51 CST 2012" />
            <Test name="testNewChildView" result="pass" starttime="Fri Sep 21 15:31:51 CST 2012" endtime="Fri Sep 21 15:31:51 CST 2012" />
            <Test name="testNewGroupView" result="pass" starttime="Fri Sep 21 15:31:51 CST 2012" endtime="Fri Sep 21 15:31:51 CST 2012" />
          </TestCase>
          <TestCase name="ScrollViewTest" priority="">
            <Test name="testAccessFillViewport" result="pass" starttime="Fri Sep 21 15:31:51 CST 2012" endtime="Fri Sep 21 15:31:51 CST 2012" />
            <Test name="testAccessSmoothScrollingEnabled" result="pass" starttime="Fri Sep 21 15:31:51 CST 2012" endtime="Fri Sep 21 15:31:52 CST 2012" />
            <Test name="testAddView" result="pass" starttime="Fri Sep 21 15:31:52 CST 2012" endtime="Fri Sep 21 15:31:52 CST 2012" />
            <Test name="testAddViewWithIndex" result="pass" starttime="Fri Sep 21 15:31:52 CST 2012" endtime="Fri Sep 21 15:31:52 CST 2012" />
            <Test name="testAddViewWithIndexAndLayoutParams" result="pass" starttime="Fri Sep 21 15:31:52 CST 2012" endtime="Fri Sep 21 15:31:53 CST 2012" />
            <Test name="testAddViewWithLayoutParams" result="pass" starttime="Fri Sep 21 15:31:53 CST 2012" endtime="Fri Sep 21 15:31:53 CST 2012" />
            <Test name="testArrowScroll" result="pass" starttime="Fri Sep 21 15:31:53 CST 2012" endtime="Fri Sep 21 15:31:53 CST 2012" />
            <Test name="testComputeScroll" result="pass" starttime="Fri Sep 21 15:31:53 CST 2012" endtime="Fri Sep 21 15:31:54 CST 2012" />
            <Test name="testComputeScrollDeltaToGetChildRectOnScreen" result="pass" starttime="Fri Sep 21 15:31:54 CST 2012" endtime="Fri Sep 21 15:31:54 CST 2012" />
            <Test name="testComputeVerticalScrollRange" result="pass" starttime="Fri Sep 21 15:31:54 CST 2012" endtime="Fri Sep 21 15:31:55 CST 2012" />
            <Test name="testConstructor" result="pass" starttime="Fri Sep 21 15:31:55 CST 2012" endtime="Fri Sep 21 15:31:55 CST 2012" />
            <Test name="testDispatchKeyEvent" result="pass" starttime="Fri Sep 21 15:31:55 CST 2012" endtime="Fri Sep 21 15:31:55 CST 2012" />
            <Test name="testExecuteKeyEvent" result="pass" starttime="Fri Sep 21 15:31:55 CST 2012" endtime="Fri Sep 21 15:31:56 CST 2012" />
            <Test name="testFling" result="pass" starttime="Fri Sep 21 15:31:56 CST 2012" endtime="Fri Sep 21 15:31:56 CST 2012" />
            <Test name="testFullScroll" result="pass" starttime="Fri Sep 21 15:31:56 CST 2012" endtime="Fri Sep 21 15:31:56 CST 2012" />
            <Test name="testGetMaxScrollAmount" result="pass" starttime="Fri Sep 21 15:31:56 CST 2012" endtime="Fri Sep 21 15:31:57 CST 2012" />
            <Test name="testGetVerticalFadingEdgeStrengths" result="pass" starttime="Fri Sep 21 15:31:57 CST 2012" endtime="Fri Sep 21 15:31:57 CST 2012" />
            <Test name="testMeasureChild" result="pass" starttime="Fri Sep 21 15:31:57 CST 2012" endtime="Fri Sep 21 15:31:57 CST 2012" />
            <Test name="testMeasureChildWithMargins" result="pass" starttime="Fri Sep 21 15:31:57 CST 2012" endtime="Fri Sep 21 15:31:58 CST 2012" />
            <Test name="testOnInterceptTouchEvent" result="pass" starttime="Fri Sep 21 15:31:58 CST 2012" endtime="Fri Sep 21 15:31:58 CST 2012" />
            <Test name="testOnLayout" result="pass" starttime="Fri Sep 21 15:31:58 CST 2012" endtime="Fri Sep 21 15:31:58 CST 2012" />
            <Test name="testOnMeasure" result="pass" starttime="Fri Sep 21 15:31:58 CST 2012" endtime="Fri Sep 21 15:31:59 CST 2012" />
            <Test name="testOnRequestFocusInDescendants" result="pass" starttime="Fri Sep 21 15:31:59 CST 2012" endtime="Fri Sep 21 15:31:59 CST 2012" />
            <Test name="testOnSizeChanged" result="pass" starttime="Fri Sep 21 15:31:59 CST 2012" endtime="Fri Sep 21 15:31:59 CST 2012" />
            <Test name="testOnTouchEvent" result="pass" starttime="Fri Sep 21 15:31:59 CST 2012" endtime="Fri Sep 21 15:32:00 CST 2012" />
            <Test name="testPageScroll" result="pass" starttime="Fri Sep 21 15:32:00 CST 2012" endtime="Fri Sep 21 15:32:00 CST 2012" />
            <Test name="testRequestChildFocus" result="pass" starttime="Fri Sep 21 15:32:00 CST 2012" endtime="Fri Sep 21 15:32:00 CST 2012" />
            <Test name="testRequestChildRectangleOnScreen" result="pass" starttime="Fri Sep 21 15:32:00 CST 2012" endtime="Fri Sep 21 15:32:01 CST 2012" />
            <Test name="testRequestLayout" result="pass" starttime="Fri Sep 21 15:32:01 CST 2012" endtime="Fri Sep 21 15:32:01 CST 2012" />
            <Test name="testScrollTo" result="pass" starttime="Fri Sep 21 15:32:01 CST 2012" endtime="Fri Sep 21 15:32:01 CST 2012" />
            <Test name="testSmoothScrollBy" result="pass" starttime="Fri Sep 21 15:32:01 CST 2012" endtime="Fri Sep 21 15:32:02 CST 2012" />
            <Test name="testSmoothScrollTo" result="pass" starttime="Fri Sep 21 15:32:02 CST 2012" endtime="Fri Sep 21 15:32:03 CST 2012" />
          </TestCase>
          <TestCase name="ScrollerTest" priority="">
            <Test name="testAbortAnimation" result="pass" starttime="Fri Sep 21 15:32:03 CST 2012" endtime="Fri Sep 21 15:32:03 CST 2012" />
            <Test name="testAccessFinalX" result="pass" starttime="Fri Sep 21 15:32:03 CST 2012" endtime="Fri Sep 21 15:32:03 CST 2012" />
            <Test name="testAccessFinalY" result="pass" starttime="Fri Sep 21 15:32:03 CST 2012" endtime="Fri Sep 21 15:32:03 CST 2012" />
            <Test name="testConstructor" result="pass" starttime="Fri Sep 21 15:32:03 CST 2012" endtime="Fri Sep 21 15:32:04 CST 2012" />
            <Test name="testExtendDuration" result="pass" starttime="Fri Sep 21 15:32:04 CST 2012" endtime="Fri Sep 21 15:32:06 CST 2012" />
            <Test name="testFlingMode" result="pass" starttime="Fri Sep 21 15:32:06 CST 2012" endtime="Fri Sep 21 15:32:09 CST 2012" />
            <Test name="testGetDuration" result="pass" starttime="Fri Sep 21 15:32:09 CST 2012" endtime="Fri Sep 21 15:32:09 CST 2012" />
            <Test name="testIsFinished" result="pass" starttime="Fri Sep 21 15:32:09 CST 2012" endtime="Fri Sep 21 15:32:09 CST 2012" />
            <Test name="testScrollMode" result="pass" starttime="Fri Sep 21 15:32:09 CST 2012" endtime="Fri Sep 21 15:32:15 CST 2012" />
            <Test name="testScrollModeWithDefaultDuration" result="pass" starttime="Fri Sep 21 15:32:15 CST 2012" endtime="Fri Sep 21 15:32:15 CST 2012" />
            <Test name="testTimePassed" result="pass" starttime="Fri Sep 21 15:32:15 CST 2012" endtime="Fri Sep 21 15:32:18 CST 2012" />
          </TestCase>
          <TestCase name="SeekBarTest" priority="">
            <Test name="testConstructor" result="pass" starttime="Fri Sep 21 15:32:18 CST 2012" endtime="Fri Sep 21 15:32:18 CST 2012" />
            <Test name="testSetOnSeekBarChangeListener" result="pass" starttime="Fri Sep 21 15:32:18 CST 2012" endtime="Fri Sep 21 15:32:19 CST 2012" />
          </TestCase>
          <TestCase name="SimpleAdapterTest" priority="">
            <Test name="testAccessViewBinder" result="pass" starttime="Fri Sep 21 15:32:19 CST 2012" endtime="Fri Sep 21 15:32:19 CST 2012" />
            <Test name="testConstructor" result="pass" starttime="Fri Sep 21 15:32:19 CST 2012" endtime="Fri Sep 21 15:32:19 CST 2012" />
            <Test name="testGetCount" result="pass" starttime="Fri Sep 21 15:32:19 CST 2012" endtime="Fri Sep 21 15:32:19 CST 2012" />
            <Test name="testGetDropDownView" result="pass" starttime="Fri Sep 21 15:32:19 CST 2012" endtime="Fri Sep 21 15:32:19 CST 2012" />
            <Test name="testGetFilter" result="pass" starttime="Fri Sep 21 15:32:19 CST 2012" endtime="Fri Sep 21 15:32:19 CST 2012" />
            <Test name="testGetItem" result="pass" starttime="Fri Sep 21 15:32:19 CST 2012" endtime="Fri Sep 21 15:32:19 CST 2012" />
            <Test name="testGetItemId" result="pass" starttime="Fri Sep 21 15:32:19 CST 2012" endtime="Fri Sep 21 15:32:19 CST 2012" />
            <Test name="testGetView" result="pass" starttime="Fri Sep 21 15:32:19 CST 2012" endtime="Fri Sep 21 15:32:19 CST 2012" />
            <Test name="testSetDropDownViewResource" result="pass" starttime="Fri Sep 21 15:32:19 CST 2012" endtime="Fri Sep 21 15:32:20 CST 2012" />
            <Test name="testSetViewImage" result="pass" starttime="Fri Sep 21 15:32:20 CST 2012" endtime="Fri Sep 21 15:32:20 CST 2012" />
            <Test name="testSetViewText" result="pass" starttime="Fri Sep 21 15:32:20 CST 2012" endtime="Fri Sep 21 15:32:20 CST 2012" />
          </TestCase>
          <TestCase name="SimpleCursorAdapterTest" priority="">
            <Test name="testAccessCursorToStringConverter" result="pass" starttime="Fri Sep 21 15:32:20 CST 2012" endtime="Fri Sep 21 15:32:20 CST 2012" />
            <Test name="testAccessStringConversionColumn" result="pass" starttime="Fri Sep 21 15:32:20 CST 2012" endtime="Fri Sep 21 15:32:20 CST 2012" />
            <Test name="testAccessViewBinder" result="pass" starttime="Fri Sep 21 15:32:20 CST 2012" endtime="Fri Sep 21 15:32:20 CST 2012" />
            <Test name="testBindView" result="pass" starttime="Fri Sep 21 15:32:20 CST 2012" endtime="Fri Sep 21 15:32:20 CST 2012" />
            <Test name="testChangeCursor" result="pass" starttime="Fri Sep 21 15:32:20 CST 2012" endtime="Fri Sep 21 15:32:20 CST 2012" />
            <Test name="testChangeCursorAndColumns" result="pass" starttime="Fri Sep 21 15:32:20 CST 2012" endtime="Fri Sep 21 15:32:20 CST 2012" />
            <Test name="testConstructor" result="pass" starttime="Fri Sep 21 15:32:20 CST 2012" endtime="Fri Sep 21 15:32:21 CST 2012" />
            <Test name="testConvertToString" result="pass" starttime="Fri Sep 21 15:32:21 CST 2012" endtime="Fri Sep 21 15:32:21 CST 2012" />
            <Test name="testNewDropDownView" result="pass" starttime="Fri Sep 21 15:32:21 CST 2012" endtime="Fri Sep 21 15:32:21 CST 2012" />
            <Test name="testNewView" result="pass" starttime="Fri Sep 21 15:32:21 CST 2012" endtime="Fri Sep 21 15:32:21 CST 2012" />
            <Test name="testSetViewImage" result="pass" starttime="Fri Sep 21 15:32:21 CST 2012" endtime="Fri Sep 21 15:32:21 CST 2012" />
            <Test name="testSetViewText" result="pass" starttime="Fri Sep 21 15:32:21 CST 2012" endtime="Fri Sep 21 15:32:21 CST 2012" />
          </TestCase>
          <TestCase name="SimpleCursorTreeAdapterTest" priority="">
            <Test name="testBindChildView" result="pass" starttime="Fri Sep 21 15:32:21 CST 2012" endtime="Fri Sep 21 15:32:21 CST 2012" />
            <Test name="testBindGroupView" result="pass" starttime="Fri Sep 21 15:32:21 CST 2012" endtime="Fri Sep 21 15:32:21 CST 2012" />
            <Test name="testConstructor" result="pass" starttime="Fri Sep 21 15:32:21 CST 2012" endtime="Fri Sep 21 15:32:21 CST 2012" />
            <Test name="testSetViewImage" result="pass" starttime="Fri Sep 21 15:32:21 CST 2012" endtime="Fri Sep 21 15:32:21 CST 2012" />
          </TestCase>
          <TestCase name="SimpleExpandableListAdapterTest" priority="">
            <Test name="testConstructor" result="pass" starttime="Fri Sep 21 15:32:21 CST 2012" endtime="Fri Sep 21 15:32:22 CST 2012" />
            <Test name="testGetChild" result="pass" starttime="Fri Sep 21 15:32:22 CST 2012" endtime="Fri Sep 21 15:32:22 CST 2012" />
            <Test name="testGetChildId" result="pass" starttime="Fri Sep 21 15:32:22 CST 2012" endtime="Fri Sep 21 15:32:22 CST 2012" />
            <Test name="testGetChildView" result="pass" starttime="Fri Sep 21 15:32:22 CST 2012" endtime="Fri Sep 21 15:32:22 CST 2012" />
            <Test name="testGetChildrenCount" result="pass" starttime="Fri Sep 21 15:32:22 CST 2012" endtime="Fri Sep 21 15:32:22 CST 2012" />
            <Test name="testGetGroup" result="pass" starttime="Fri Sep 21 15:32:22 CST 2012" endtime="Fri Sep 21 15:32:22 CST 2012" />
            <Test name="testGetGroupCount" result="pass" starttime="Fri Sep 21 15:32:22 CST 2012" endtime="Fri Sep 21 15:32:22 CST 2012" />
            <Test name="testGetGroupId" result="pass" starttime="Fri Sep 21 15:32:22 CST 2012" endtime="Fri Sep 21 15:32:22 CST 2012" />
            <Test name="testGetGroupView" result="pass" starttime="Fri Sep 21 15:32:22 CST 2012" endtime="Fri Sep 21 15:32:22 CST 2012" />
            <Test name="testHasStableIds" result="pass" starttime="Fri Sep 21 15:32:22 CST 2012" endtime="Fri Sep 21 15:32:22 CST 2012" />
            <Test name="testIsChildSelectable" result="pass" starttime="Fri Sep 21 15:32:22 CST 2012" endtime="Fri Sep 21 15:32:23 CST 2012" />
            <Test name="testNewChildView" result="pass" starttime="Fri Sep 21 15:32:23 CST 2012" endtime="Fri Sep 21 15:32:23 CST 2012" />
            <Test name="testNewGroupView" result="pass" starttime="Fri Sep 21 15:32:23 CST 2012" endtime="Fri Sep 21 15:32:23 CST 2012" />
          </TestCase>
          <TestCase name="SlidingDrawerTest" priority="">
            <Test name="testAnimateOpenAndClose" result="pass" starttime="Fri Sep 21 15:32:23 CST 2012" endtime="Fri Sep 21 15:32:24 CST 2012" />
            <Test name="testAnimateToggle" result="pass" starttime="Fri Sep 21 15:32:24 CST 2012" endtime="Fri Sep 21 15:32:25 CST 2012" />
            <Test name="testConstructor" result="pass" starttime="Fri Sep 21 15:32:25 CST 2012" endtime="Fri Sep 21 15:32:25 CST 2012" />
            <Test name="testDispatchDraw" result="pass" starttime="Fri Sep 21 15:32:25 CST 2012" endtime="Fri Sep 21 15:32:26 CST 2012" />
            <Test name="testGetContent" result="pass" starttime="Fri Sep 21 15:32:26 CST 2012" endtime="Fri Sep 21 15:32:26 CST 2012" />
            <Test name="testGetHandle" result="pass" starttime="Fri Sep 21 15:32:26 CST 2012" endtime="Fri Sep 21 15:32:26 CST 2012" />
            <Test name="testLockAndUnlock" result="pass" starttime="Fri Sep 21 15:32:26 CST 2012" endtime="Fri Sep 21 15:32:27 CST 2012" />
            <Test name="testOnFinishInflate" result="pass" starttime="Fri Sep 21 15:32:27 CST 2012" endtime="Fri Sep 21 15:32:27 CST 2012" />
            <Test name="testOnInterceptTouchEvent" result="pass" starttime="Fri Sep 21 15:32:27 CST 2012" endtime="Fri Sep 21 15:32:28 CST 2012" />
            <Test name="testOnLayout" result="pass" starttime="Fri Sep 21 15:32:28 CST 2012" endtime="Fri Sep 21 15:32:28 CST 2012" />
            <Test name="testOnMeasure" result="pass" starttime="Fri Sep 21 15:32:28 CST 2012" endtime="Fri Sep 21 15:32:28 CST 2012" />
            <Test name="testOnTouchEvent" result="pass" starttime="Fri Sep 21 15:32:28 CST 2012" endtime="Fri Sep 21 15:32:29 CST 2012" />
            <Test name="testOpenAndClose" result="pass" starttime="Fri Sep 21 15:32:29 CST 2012" endtime="Fri Sep 21 15:32:29 CST 2012" />
            <Test name="testSetOnDrawerCloseListener" result="pass" starttime="Fri Sep 21 15:32:29 CST 2012" endtime="Fri Sep 21 15:32:29 CST 2012" />
            <Test name="testSetOnDrawerOpenListener" result="pass" starttime="Fri Sep 21 15:32:29 CST 2012" endtime="Fri Sep 21 15:32:30 CST 2012" />
            <Test name="testSetOnDrawerScrollListener" result="pass" starttime="Fri Sep 21 15:32:30 CST 2012" endtime="Fri Sep 21 15:32:30 CST 2012" />
            <Test name="testToggle" result="pass" starttime="Fri Sep 21 15:32:30 CST 2012" endtime="Fri Sep 21 15:32:30 CST 2012" />
          </TestCase>
          <TestCase name="SpinnerTest" priority="">
            <Test name="testAccessPrompt" result="pass" starttime="Fri Sep 21 15:32:30 CST 2012" endtime="Fri Sep 21 15:32:30 CST 2012" />
            <Test name="testConstructor" result="pass" starttime="Fri Sep 21 15:32:30 CST 2012" endtime="Fri Sep 21 15:32:31 CST 2012" />
            <Test name="testGetBaseline" result="pass" starttime="Fri Sep 21 15:32:31 CST 2012" endtime="Fri Sep 21 15:32:31 CST 2012" />
            <Test name="testOnClick" result="pass" starttime="Fri Sep 21 15:32:31 CST 2012" endtime="Fri Sep 21 15:32:32 CST 2012" />
            <Test name="testOnLayout" result="pass" starttime="Fri Sep 21 15:32:32 CST 2012" endtime="Fri Sep 21 15:32:32 CST 2012" />
            <Test name="testPerformClick" result="pass" starttime="Fri Sep 21 15:32:32 CST 2012" endtime="Fri Sep 21 15:32:32 CST 2012" />
            <Test name="testSetOnItemClickListener" result="pass" starttime="Fri Sep 21 15:32:32 CST 2012" endtime="Fri Sep 21 15:32:32 CST 2012" />
            <Test name="testsetPromptId" result="pass" starttime="Fri Sep 21 15:32:32 CST 2012" endtime="Fri Sep 21 15:32:32 CST 2012" />
          </TestCase>
          <TestCase name="TabHostTest" priority="">
            <Test name="testAccessCurrentTab" result="pass" starttime="Fri Sep 21 15:32:32 CST 2012" endtime="Fri Sep 21 15:32:32 CST 2012" />
            <Test name="testAddTab" result="pass" starttime="Fri Sep 21 15:32:32 CST 2012" endtime="Fri Sep 21 15:32:33 CST 2012" />
            <Test name="testClearAllTabs" result="pass" starttime="Fri Sep 21 15:32:33 CST 2012" endtime="Fri Sep 21 15:32:33 CST 2012" />
            <Test name="testConstructor" result="pass" starttime="Fri Sep 21 15:32:33 CST 2012" endtime="Fri Sep 21 15:32:34 CST 2012" />
            <Test name="testDispatchKeyEvent" result="pass" starttime="Fri Sep 21 15:32:34 CST 2012" endtime="Fri Sep 21 15:32:34 CST 2012" />
            <Test name="testDispatchWindowFocusChanged" result="pass" starttime="Fri Sep 21 15:32:34 CST 2012" endtime="Fri Sep 21 15:32:34 CST 2012" />
            <Test name="testGetCurrentTabTag" result="pass" starttime="Fri Sep 21 15:32:34 CST 2012" endtime="Fri Sep 21 15:32:35 CST 2012" />
            <Test name="testGetCurrentTabView" result="pass" starttime="Fri Sep 21 15:32:35 CST 2012" endtime="Fri Sep 21 15:32:35 CST 2012" />
            <Test name="testGetCurrentView" result="pass" starttime="Fri Sep 21 15:32:35 CST 2012" endtime="Fri Sep 21 15:32:35 CST 2012" />
            <Test name="testGetTabContentView" result="pass" starttime="Fri Sep 21 15:32:35 CST 2012" endtime="Fri Sep 21 15:32:36 CST 2012" />
            <Test name="testGetTabWidget" result="pass" starttime="Fri Sep 21 15:32:36 CST 2012" endtime="Fri Sep 21 15:32:36 CST 2012" />
            <Test name="testNewTabSpec" result="pass" starttime="Fri Sep 21 15:32:36 CST 2012" endtime="Fri Sep 21 15:32:36 CST 2012" />
            <Test name="testOnAttachedToAndDetachedFromWindow" result="pass" starttime="Fri Sep 21 15:32:36 CST 2012" endtime="Fri Sep 21 15:32:37 CST 2012" />
            <Test name="testOnTouchModeChanged" result="pass" starttime="Fri Sep 21 15:32:37 CST 2012" endtime="Fri Sep 21 15:32:37 CST 2012" />
            <Test name="testSetCurrentTabByTag" result="pass" starttime="Fri Sep 21 15:32:37 CST 2012" endtime="Fri Sep 21 15:32:38 CST 2012" />
            <Test name="testSetOnTabChangedListener" result="pass" starttime="Fri Sep 21 15:32:38 CST 2012" endtime="Fri Sep 21 15:32:38 CST 2012" />
            <Test name="testSetup1" result="pass" starttime="Fri Sep 21 15:32:38 CST 2012" endtime="Fri Sep 21 15:32:38 CST 2012" />
            <Test name="testSetup2" result="pass" starttime="Fri Sep 21 15:32:38 CST 2012" endtime="Fri Sep 21 15:32:39 CST 2012" />
          </TestCase>
          <TestCase name="TabHost_TabSpecTest" priority="">
            <Test name="testSetContent1" result="pass" starttime="Fri Sep 21 15:32:39 CST 2012" endtime="Fri Sep 21 15:32:39 CST 2012" />
            <Test name="testSetContent2" result="pass" starttime="Fri Sep 21 15:32:39 CST 2012" endtime="Fri Sep 21 15:32:40 CST 2012" />
            <Test name="testSetContent3" result="pass" starttime="Fri Sep 21 15:32:40 CST 2012" endtime="Fri Sep 21 15:32:40 CST 2012" />
            <Test name="testSetIndicator1" result="pass" starttime="Fri Sep 21 15:32:40 CST 2012" endtime="Fri Sep 21 15:32:40 CST 2012" />
            <Test name="testSetIndicator2" result="pass" starttime="Fri Sep 21 15:32:40 CST 2012" endtime="Fri Sep 21 15:32:41 CST 2012" />
          </TestCase>
          <TestCase name="TabWidgetTest" priority="">
            <Test name="testAddView" result="pass" starttime="Fri Sep 21 15:32:41 CST 2012" endtime="Fri Sep 21 15:32:41 CST 2012" />
            <Test name="testChildDrawableStateChanged" result="pass" starttime="Fri Sep 21 15:32:41 CST 2012" endtime="Fri Sep 21 15:32:41 CST 2012" />
            <Test name="testConstructor" result="pass" starttime="Fri Sep 21 15:32:41 CST 2012" endtime="Fri Sep 21 15:32:42 CST 2012" />
            <Test name="testDispatchDraw" result="pass" starttime="Fri Sep 21 15:32:42 CST 2012" endtime="Fri Sep 21 15:32:42 CST 2012" />
            <Test name="testFocusCurrentTab" result="pass" starttime="Fri Sep 21 15:32:42 CST 2012" endtime="Fri Sep 21 15:32:42 CST 2012" />
            <Test name="testOnFocusChange" result="pass" starttime="Fri Sep 21 15:32:42 CST 2012" endtime="Fri Sep 21 15:32:43 CST 2012" />
            <Test name="testOnSizeChanged" result="pass" starttime="Fri Sep 21 15:32:43 CST 2012" endtime="Fri Sep 21 15:32:43 CST 2012" />
            <Test name="testSetCurrentTab" result="pass" starttime="Fri Sep 21 15:32:43 CST 2012" endtime="Fri Sep 21 15:32:44 CST 2012" />
            <Test name="testSetEnabled" result="pass" starttime="Fri Sep 21 15:32:44 CST 2012" endtime="Fri Sep 21 15:32:44 CST 2012" />
          </TestCase>
          <TestCase name="TableLayoutTest" priority="">
            <Test name="testAccessColumnCollapsed" result="pass" starttime="Fri Sep 21 15:32:44 CST 2012" endtime="Fri Sep 21 15:32:44 CST 2012" />
            <Test name="testAccessColumnShrinkable" result="pass" starttime="Fri Sep 21 15:32:44 CST 2012" endtime="Fri Sep 21 15:32:44 CST 2012" />
            <Test name="testAccessColumnStretchable" result="pass" starttime="Fri Sep 21 15:32:44 CST 2012" endtime="Fri Sep 21 15:32:44 CST 2012" />
            <Test name="testAccessShrinkAllColumns" result="pass" starttime="Fri Sep 21 15:32:44 CST 2012" endtime="Fri Sep 21 15:32:44 CST 2012" />
            <Test name="testAccessStretchAllColumns" result="pass" starttime="Fri Sep 21 15:32:44 CST 2012" endtime="Fri Sep 21 15:32:45 CST 2012" />
            <Test name="testAddView1" result="pass" starttime="Fri Sep 21 15:32:45 CST 2012" endtime="Fri Sep 21 15:32:45 CST 2012" />
            <Test name="testAddView2" result="pass" starttime="Fri Sep 21 15:32:45 CST 2012" endtime="Fri Sep 21 15:32:45 CST 2012" />
            <Test name="testAddView3" result="pass" starttime="Fri Sep 21 15:32:45 CST 2012" endtime="Fri Sep 21 15:32:45 CST 2012" />
            <Test name="testAddView4" result="pass" starttime="Fri Sep 21 15:32:45 CST 2012" endtime="Fri Sep 21 15:32:45 CST 2012" />
            <Test name="testCheckLayoutParams" result="pass" starttime="Fri Sep 21 15:32:45 CST 2012" endtime="Fri Sep 21 15:32:45 CST 2012" />
            <Test name="testColumnStretchableEffect" result="pass" starttime="Fri Sep 21 15:32:45 CST 2012" endtime="Fri Sep 21 15:32:45 CST 2012" />
            <Test name="testConstructor" result="pass" starttime="Fri Sep 21 15:32:45 CST 2012" endtime="Fri Sep 21 15:32:46 CST 2012" />
            <Test name="testGenerateDefaultLayoutParams" result="pass" starttime="Fri Sep 21 15:32:46 CST 2012" endtime="Fri Sep 21 15:32:46 CST 2012" />
            <Test name="testGenerateLayoutParams1" result="pass" starttime="Fri Sep 21 15:32:46 CST 2012" endtime="Fri Sep 21 15:32:46 CST 2012" />
            <Test name="testGenerateLayoutParams2" result="pass" starttime="Fri Sep 21 15:32:46 CST 2012" endtime="Fri Sep 21 15:32:46 CST 2012" />
            <Test name="testOnLayout" result="pass" starttime="Fri Sep 21 15:32:46 CST 2012" endtime="Fri Sep 21 15:32:46 CST 2012" />
            <Test name="testOnMeasure" result="pass" starttime="Fri Sep 21 15:32:46 CST 2012" endtime="Fri Sep 21 15:32:47 CST 2012" />
            <Test name="testRequestLayout" result="pass" starttime="Fri Sep 21 15:32:47 CST 2012" endtime="Fri Sep 21 15:32:47 CST 2012" />
            <Test name="testSetOnHierarchyChangeListener" result="pass" starttime="Fri Sep 21 15:32:47 CST 2012" endtime="Fri Sep 21 15:32:47 CST 2012" />
          </TestCase>
          <TestCase name="TableLayout_LayoutParamsTest" priority="">
            <Test name="testConstructor" result="pass" starttime="Fri Sep 21 15:32:47 CST 2012" endtime="Fri Sep 21 15:32:47 CST 2012" />
            <Test name="testSetBaseAttributes" result="pass" starttime="Fri Sep 21 15:32:47 CST 2012" endtime="Fri Sep 21 15:32:47 CST 2012" />
          </TestCase>
          <TestCase name="TableRowTest" priority="">
            <Test name="testCheckLayoutParams" result="pass" starttime="Fri Sep 21 15:32:47 CST 2012" endtime="Fri Sep 21 15:32:47 CST 2012" />
            <Test name="testConstructor" result="pass" starttime="Fri Sep 21 15:32:47 CST 2012" endtime="Fri Sep 21 15:32:47 CST 2012" />
            <Test name="testGenerateDefaultLayoutParams" result="pass" starttime="Fri Sep 21 15:32:47 CST 2012" endtime="Fri Sep 21 15:32:47 CST 2012" />
            <Test name="testGenerateLayoutParams" result="pass" starttime="Fri Sep 21 15:32:47 CST 2012" endtime="Fri Sep 21 15:32:47 CST 2012" />
            <Test name="testGenerateLayoutParams2" result="pass" starttime="Fri Sep 21 15:32:47 CST 2012" endtime="Fri Sep 21 15:32:47 CST 2012" />
            <Test name="testGetVirtualChildAt" result="pass" starttime="Fri Sep 21 15:32:47 CST 2012" endtime="Fri Sep 21 15:32:48 CST 2012" />
            <Test name="testGetVirtualChildCount" result="pass" starttime="Fri Sep 21 15:32:48 CST 2012" endtime="Fri Sep 21 15:32:48 CST 2012" />
            <Test name="testOnLayout" result="pass" starttime="Fri Sep 21 15:32:48 CST 2012" endtime="Fri Sep 21 15:32:48 CST 2012" />
            <Test name="testOnMeasure" result="pass" starttime="Fri Sep 21 15:32:48 CST 2012" endtime="Fri Sep 21 15:32:48 CST 2012" />
            <Test name="testSetOnHierarchyChangeListener" result="pass" starttime="Fri Sep 21 15:32:48 CST 2012" endtime="Fri Sep 21 15:32:48 CST 2012" />
          </TestCase>
          <TestCase name="TableRow_LayoutParamsTest" priority="">
            <Test name="testConstructor" result="pass" starttime="Fri Sep 21 15:32:48 CST 2012" endtime="Fri Sep 21 15:32:49 CST 2012" />
            <Test name="testSetBaseAttributes" result="pass" starttime="Fri Sep 21 15:32:49 CST 2012" endtime="Fri Sep 21 15:32:49 CST 2012" />
          </TestCase>
          <TestCase name="TextSwitcherTest" priority="">
            <Test name="testAddView" result="pass" starttime="Fri Sep 21 15:32:49 CST 2012" endtime="Fri Sep 21 15:32:49 CST 2012" />
            <Test name="testConstructor" result="pass" starttime="Fri Sep 21 15:32:49 CST 2012" endtime="Fri Sep 21 15:32:49 CST 2012" />
            <Test name="testSetCurrentText" result="pass" starttime="Fri Sep 21 15:32:49 CST 2012" endtime="Fri Sep 21 15:32:49 CST 2012" />
            <Test name="testSetText" result="pass" starttime="Fri Sep 21 15:32:49 CST 2012" endtime="Fri Sep 21 15:32:49 CST 2012" />
          </TestCase>
          <TestCase name="TextViewTest" priority="">
            <Test name="testAccessAutoLinkMask" result="pass" starttime="Fri Sep 21 15:32:49 CST 2012" endtime="Fri Sep 21 15:32:50 CST 2012" />
            <Test name="testAccessContentType" result="pass" starttime="Fri Sep 21 15:32:50 CST 2012" endtime="Fri Sep 21 15:32:50 CST 2012" />
            <Test name="testAccessEllipsize" result="pass" starttime="Fri Sep 21 15:32:50 CST 2012" endtime="Fri Sep 21 15:32:50 CST 2012" />
            <Test name="testAccessError" result="pass" starttime="Fri Sep 21 15:32:50 CST 2012" endtime="Fri Sep 21 15:32:51 CST 2012" />
            <Test name="testAccessFilters" result="pass" starttime="Fri Sep 21 15:32:51 CST 2012" endtime="Fri Sep 21 15:32:52 CST 2012" />
            <Test name="testAccessFreezesText" result="pass" starttime="Fri Sep 21 15:32:52 CST 2012" endtime="Fri Sep 21 15:32:52 CST 2012" />
            <Test name="testAccessGravity" result="pass" starttime="Fri Sep 21 15:32:52 CST 2012" endtime="Fri Sep 21 15:32:53 CST 2012" />
            <Test name="testAccessHint" result="pass" starttime="Fri Sep 21 15:32:53 CST 2012" endtime="Fri Sep 21 15:32:53 CST 2012" />
            <Test name="testAccessHintTextColor" result="pass" starttime="Fri Sep 21 15:32:53 CST 2012" endtime="Fri Sep 21 15:32:53 CST 2012" />
            <Test name="testAccessImeActionLabel" result="pass" starttime="Fri Sep 21 15:32:53 CST 2012" endtime="Fri Sep 21 15:32:54 CST 2012" />
            <Test name="testAccessImeOptions" result="pass" starttime="Fri Sep 21 15:32:54 CST 2012" endtime="Fri Sep 21 15:32:54 CST 2012" />
            <Test name="testAccessInputExtras" result="pass" starttime="Fri Sep 21 15:32:54 CST 2012" endtime="Fri Sep 21 15:32:54 CST 2012" />
            <Test name="testAccessKeyListener" result="pass" starttime="Fri Sep 21 15:32:54 CST 2012" endtime="Fri Sep 21 15:32:55 CST 2012" />
            <Test name="testAccessLinkTextColor" result="pass" starttime="Fri Sep 21 15:32:55 CST 2012" endtime="Fri Sep 21 15:32:55 CST 2012" />
            <Test name="testAccessLinksClickable" result="pass" starttime="Fri Sep 21 15:32:55 CST 2012" endtime="Fri Sep 21 15:32:56 CST 2012" />
            <Test name="testAccessMovementMethod" result="pass" starttime="Fri Sep 21 15:32:56 CST 2012" endtime="Fri Sep 21 15:32:56 CST 2012" />
            <Test name="testAccessPaintFlags" result="pass" starttime="Fri Sep 21 15:32:56 CST 2012" endtime="Fri Sep 21 15:32:56 CST 2012" />
            <Test name="testAccessPrivateImeOptions" result="pass" starttime="Fri Sep 21 15:32:56 CST 2012" endtime="Fri Sep 21 15:32:57 CST 2012" />
            <Test name="testAccessRawContentType" result="pass" starttime="Fri Sep 21 15:32:57 CST 2012" endtime="Fri Sep 21 15:32:57 CST 2012" />
            <Test name="testAccessText" result="pass" starttime="Fri Sep 21 15:32:57 CST 2012" endtime="Fri Sep 21 15:32:57 CST 2012" />
            <Test name="testAccessTextColor" result="pass" starttime="Fri Sep 21 15:32:57 CST 2012" endtime="Fri Sep 21 15:32:58 CST 2012" />
            <Test name="testAccessTextSize" result="pass" starttime="Fri Sep 21 15:32:58 CST 2012" endtime="Fri Sep 21 15:32:58 CST 2012" />
            <Test name="testAccessTransformationMethod" result="pass" starttime="Fri Sep 21 15:32:58 CST 2012" endtime="Fri Sep 21 15:33:00 CST 2012" />
            <Test name="testAppend" result="pass" starttime="Fri Sep 21 15:33:00 CST 2012" endtime="Fri Sep 21 15:33:01 CST 2012" />
            <Test name="testBeginEndBatchEdit" result="pass" starttime="Fri Sep 21 15:33:01 CST 2012" endtime="Fri Sep 21 15:33:01 CST 2012" />
            <Test name="testBringPointIntoView" result="pass" starttime="Fri Sep 21 15:33:01 CST 2012" endtime="Fri Sep 21 15:33:01 CST 2012" />
            <Test name="testCancelLongPress" result="pass" starttime="Fri Sep 21 15:33:01 CST 2012" endtime="Fri Sep 21 15:33:02 CST 2012" />
            <Test name="testClearComposingText" result="pass" starttime="Fri Sep 21 15:33:02 CST 2012" endtime="Fri Sep 21 15:33:02 CST 2012" />
            <Test name="testCompound" result="pass" starttime="Fri Sep 21 15:33:02 CST 2012" endtime="Fri Sep 21 15:33:03 CST 2012" />
            <Test name="testComputeHorizontalScrollRange" result="pass" starttime="Fri Sep 21 15:33:03 CST 2012" endtime="Fri Sep 21 15:33:03 CST 2012" />
            <Test name="testComputeVerticalScrollExtent" result="pass" starttime="Fri Sep 21 15:33:03 CST 2012" endtime="Fri Sep 21 15:33:03 CST 2012" />
            <Test name="testComputeVerticalScrollRange" result="pass" starttime="Fri Sep 21 15:33:03 CST 2012" endtime="Fri Sep 21 15:33:04 CST 2012" />
            <Test name="testConstructor" result="pass" starttime="Fri Sep 21 15:33:04 CST 2012" endtime="Fri Sep 21 15:33:04 CST 2012" />
            <Test name="testDebug" result="pass" starttime="Fri Sep 21 15:33:04 CST 2012" endtime="Fri Sep 21 15:33:05 CST 2012" />
            <Test name="testDidTouchFocusSelect" result="pass" starttime="Fri Sep 21 15:33:05 CST 2012" endtime="Fri Sep 21 15:33:05 CST 2012" />
            <Test name="testDrawableStateChanged" result="pass" starttime="Fri Sep 21 15:33:05 CST 2012" endtime="Fri Sep 21 15:33:05 CST 2012" />
            <Test name="testExtractText" result="pass" starttime="Fri Sep 21 15:33:05 CST 2012" endtime="Fri Sep 21 15:33:06 CST 2012" />
            <Test name="testFoo" result="pass" starttime="Fri Sep 21 15:33:06 CST 2012" endtime="Fri Sep 21 15:33:06 CST 2012" />
            <Test name="testGetBaseLine" result="pass" starttime="Fri Sep 21 15:33:06 CST 2012" endtime="Fri Sep 21 15:33:06 CST 2012" />
            <Test name="testGetDefaultEditable" result="pass" starttime="Fri Sep 21 15:33:06 CST 2012" endtime="Fri Sep 21 15:33:07 CST 2012" />
            <Test name="testGetDefaultMovementMethod" result="pass" starttime="Fri Sep 21 15:33:07 CST 2012" endtime="Fri Sep 21 15:33:07 CST 2012" />
            <Test name="testGetEditableText" result="pass" starttime="Fri Sep 21 15:33:07 CST 2012" endtime="Fri Sep 21 15:33:08 CST 2012" />
            <Test name="testGetExtendedPaddingBottom" result="pass" starttime="Fri Sep 21 15:33:08 CST 2012" endtime="Fri Sep 21 15:33:08 CST 2012" />
            <Test name="testGetExtendedPaddingTop" result="pass" starttime="Fri Sep 21 15:33:08 CST 2012" endtime="Fri Sep 21 15:33:08 CST 2012" />
            <Test name="testGetFadingEdgeStrength" result="pass" starttime="Fri Sep 21 15:33:08 CST 2012" endtime="Fri Sep 21 15:33:09 CST 2012" />
            <Test name="testGetFocusedRect" result="pass" starttime="Fri Sep 21 15:33:09 CST 2012" endtime="Fri Sep 21 15:33:09 CST 2012" />
            <Test name="testGetLayout" result="pass" starttime="Fri Sep 21 15:33:09 CST 2012" endtime="Fri Sep 21 15:33:10 CST 2012" />
            <Test name="testGetLineBounds" result="pass" starttime="Fri Sep 21 15:33:10 CST 2012" endtime="Fri Sep 21 15:33:10 CST 2012" />
            <Test name="testGetLineCount" result="pass" starttime="Fri Sep 21 15:33:10 CST 2012" endtime="Fri Sep 21 15:33:10 CST 2012" />
            <Test name="testGetLineHeight" result="pass" starttime="Fri Sep 21 15:33:10 CST 2012" endtime="Fri Sep 21 15:33:11 CST 2012" />
            <Test name="testGetPaint" result="pass" starttime="Fri Sep 21 15:33:11 CST 2012" endtime="Fri Sep 21 15:33:11 CST 2012" />
            <Test name="testGetTextColor" result="pass" starttime="Fri Sep 21 15:33:11 CST 2012" endtime="Fri Sep 21 15:33:11 CST 2012" />
            <Test name="testGetTextColors" result="pass" starttime="Fri Sep 21 15:33:11 CST 2012" endtime="Fri Sep 21 15:33:12 CST 2012" />
            <Test name="testGetTotalPaddingBottom" result="pass" starttime="Fri Sep 21 15:33:12 CST 2012" endtime="Fri Sep 21 15:33:12 CST 2012" />
            <Test name="testGetTotalPaddingLeft" result="pass" starttime="Fri Sep 21 15:33:12 CST 2012" endtime="Fri Sep 21 15:33:13 CST 2012" />
            <Test name="testGetTotalPaddingRight" result="pass" starttime="Fri Sep 21 15:33:13 CST 2012" endtime="Fri Sep 21 15:33:13 CST 2012" />
            <Test name="testGetTotalPaddingTop" result="pass" starttime="Fri Sep 21 15:33:13 CST 2012" endtime="Fri Sep 21 15:33:13 CST 2012" />
            <Test name="testGetUrls" result="pass" starttime="Fri Sep 21 15:33:13 CST 2012" endtime="Fri Sep 21 15:33:14 CST 2012" />
            <Test name="testHeightAndWidth" result="pass" starttime="Fri Sep 21 15:33:14 CST 2012" endtime="Fri Sep 21 15:33:15 CST 2012" />
            <Test name="testInstanceState" result="pass" starttime="Fri Sep 21 15:33:15 CST 2012" endtime="Fri Sep 21 15:33:15 CST 2012" />
            <Test name="testIsInputMethodTarget" result="pass" starttime="Fri Sep 21 15:33:15 CST 2012" endtime="Fri Sep 21 15:33:15 CST 2012" />
            <Test name="testLength" result="pass" starttime="Fri Sep 21 15:33:15 CST 2012" endtime="Fri Sep 21 15:33:16 CST 2012" />
            <Test name="testMarquee" result="pass" starttime="Fri Sep 21 15:33:16 CST 2012" endtime="Fri Sep 21 15:33:17 CST 2012" />
            <Test name="testMoveCursorToVisibleOffset" result="pass" starttime="Fri Sep 21 15:33:17 CST 2012" endtime="Fri Sep 21 15:33:18 CST 2012" />
            <Test name="testOnCreateContextMenu" result="pass" starttime="Fri Sep 21 15:33:18 CST 2012" endtime="Fri Sep 21 15:33:18 CST 2012" />
            <Test name="testOnDetachedFromWindow" result="pass" starttime="Fri Sep 21 15:33:18 CST 2012" endtime="Fri Sep 21 15:33:18 CST 2012" />
            <Test name="testOnDraw" result="pass" starttime="Fri Sep 21 15:33:18 CST 2012" endtime="Fri Sep 21 15:33:19 CST 2012" />
            <Test name="testOnFocusChanged" result="pass" starttime="Fri Sep 21 15:33:19 CST 2012" endtime="Fri Sep 21 15:33:19 CST 2012" />
            <Test name="testOnKeyMultiple" result="pass" starttime="Fri Sep 21 15:33:19 CST 2012" endtime="Fri Sep 21 15:33:19 CST 2012" />
            <Test name="testOnKeyShortcut" result="pass" starttime="Fri Sep 21 15:33:19 CST 2012" endtime="Fri Sep 21 15:33:20 CST 2012" />
            <Test name="testOnMeasure" result="pass" starttime="Fri Sep 21 15:33:20 CST 2012" endtime="Fri Sep 21 15:33:20 CST 2012" />
            <Test name="testOnPreDraw" result="pass" starttime="Fri Sep 21 15:33:20 CST 2012" endtime="Fri Sep 21 15:33:20 CST 2012" />
            <Test name="testOnPrivateIMECommand" result="pass" starttime="Fri Sep 21 15:33:20 CST 2012" endtime="Fri Sep 21 15:33:21 CST 2012" />
            <Test name="testOnTextChanged" result="pass" starttime="Fri Sep 21 15:33:21 CST 2012" endtime="Fri Sep 21 15:33:21 CST 2012" />
            <Test name="testOnTouchEvent" result="pass" starttime="Fri Sep 21 15:33:21 CST 2012" endtime="Fri Sep 21 15:33:22 CST 2012" />
            <Test name="testOnTrackballEvent" result="pass" starttime="Fri Sep 21 15:33:22 CST 2012" endtime="Fri Sep 21 15:33:22 CST 2012" />
            <Test name="testOnWindowFocusChanged" result="pass" starttime="Fri Sep 21 15:33:22 CST 2012" endtime="Fri Sep 21 15:33:22 CST 2012" />
            <Test name="testPerformLongClick" result="pass" starttime="Fri Sep 21 15:33:22 CST 2012" endtime="Fri Sep 21 15:33:23 CST 2012" />
            <Test name="testPressKey" result="pass" starttime="Fri Sep 21 15:33:23 CST 2012" endtime="Fri Sep 21 15:33:23 CST 2012" />
            <Test name="testScroll" result="pass" starttime="Fri Sep 21 15:33:23 CST 2012" endtime="Fri Sep 21 15:33:23 CST 2012" />
            <Test name="testSelection" result="pass" starttime="Fri Sep 21 15:33:23 CST 2012" endtime="Fri Sep 21 15:33:24 CST 2012" />
            <Test name="testSetCursorVisible" result="pass" starttime="Fri Sep 21 15:33:24 CST 2012" endtime="Fri Sep 21 15:33:24 CST 2012" />
            <Test name="testSetEditableFactory" result="pass" starttime="Fri Sep 21 15:33:24 CST 2012" endtime="Fri Sep 21 15:33:25 CST 2012" />
            <Test name="testSetEms" result="pass" starttime="Fri Sep 21 15:33:25 CST 2012" endtime="Fri Sep 21 15:33:25 CST 2012" />
            <Test name="testSetExtractedText" result="pass" starttime="Fri Sep 21 15:33:25 CST 2012" endtime="Fri Sep 21 15:33:26 CST 2012" />
            <Test name="testSetFrame" result="pass" starttime="Fri Sep 21 15:33:26 CST 2012" endtime="Fri Sep 21 15:33:26 CST 2012" />
            <Test name="testSetHighlightColor" result="pass" starttime="Fri Sep 21 15:33:26 CST 2012" endtime="Fri Sep 21 15:33:26 CST 2012" />
            <Test name="testSetHorizontallyScrolling" result="pass" starttime="Fri Sep 21 15:33:26 CST 2012" endtime="Fri Sep 21 15:33:27 CST 2012" />
            <Test name="testSetIncludeFontPadding" result="pass" starttime="Fri Sep 21 15:33:27 CST 2012" endtime="Fri Sep 21 15:33:27 CST 2012" />
            <Test name="testSetLineSpacing" result="pass" starttime="Fri Sep 21 15:33:27 CST 2012" endtime="Fri Sep 21 15:33:27 CST 2012" />
            <Test name="testSetLines" result="pass" starttime="Fri Sep 21 15:33:27 CST 2012" endtime="Fri Sep 21 15:33:28 CST 2012" />
            <Test name="testSetLinesException" result="pass" starttime="Fri Sep 21 15:33:28 CST 2012" endtime="Fri Sep 21 15:33:28 CST 2012" />
            <Test name="testSetMaxEms" result="pass" starttime="Fri Sep 21 15:33:28 CST 2012" endtime="Fri Sep 21 15:33:28 CST 2012" />
            <Test name="testSetMaxLines" result="pass" starttime="Fri Sep 21 15:33:28 CST 2012" endtime="Fri Sep 21 15:33:29 CST 2012" />
            <Test name="testSetMaxLinesException" result="pass" starttime="Fri Sep 21 15:33:29 CST 2012" endtime="Fri Sep 21 15:33:29 CST 2012" />
            <Test name="testSetMinEms" result="pass" starttime="Fri Sep 21 15:33:29 CST 2012" endtime="Fri Sep 21 15:33:29 CST 2012" />
            <Test name="testSetMinLines" result="pass" starttime="Fri Sep 21 15:33:29 CST 2012" endtime="Fri Sep 21 15:33:30 CST 2012" />
            <Test name="testSetOnEditorActionListener" result="pass" starttime="Fri Sep 21 15:33:30 CST 2012" endtime="Fri Sep 21 15:33:30 CST 2012" />
            <Test name="testSetPadding" result="pass" starttime="Fri Sep 21 15:33:30 CST 2012" endtime="Fri Sep 21 15:33:31 CST 2012" />
            <Test name="testSetSelectAllOnFocus" result="pass" starttime="Fri Sep 21 15:33:31 CST 2012" endtime="Fri Sep 21 15:33:31 CST 2012" />
            <Test name="testSetShadowLayer" result="pass" starttime="Fri Sep 21 15:33:31 CST 2012" endtime="Fri Sep 21 15:33:31 CST 2012" />
            <Test name="testSetSpannableFactory" result="pass" starttime="Fri Sep 21 15:33:31 CST 2012" endtime="Fri Sep 21 15:33:32 CST 2012" />
            <Test name="testSetText" result="pass" starttime="Fri Sep 21 15:33:32 CST 2012" endtime="Fri Sep 21 15:33:32 CST 2012" />
            <Test name="testSetText1" result="pass" starttime="Fri Sep 21 15:33:32 CST 2012" endtime="Fri Sep 21 15:33:32 CST 2012" />
            <Test name="testSetText2" result="pass" starttime="Fri Sep 21 15:33:32 CST 2012" endtime="Fri Sep 21 15:33:33 CST 2012" />
            <Test name="testSetText3" result="pass" starttime="Fri Sep 21 15:33:33 CST 2012" endtime="Fri Sep 21 15:33:33 CST 2012" />
            <Test name="testSetTextAppearance" result="pass" starttime="Fri Sep 21 15:33:33 CST 2012" endtime="Fri Sep 21 15:33:34 CST 2012" />
            <Test name="testSetTextKeepState1" result="pass" starttime="Fri Sep 21 15:33:34 CST 2012" endtime="Fri Sep 21 15:33:34 CST 2012" />
            <Test name="testSingleLine" result="pass" starttime="Fri Sep 21 15:33:34 CST 2012" endtime="Fri Sep 21 15:33:34 CST 2012" />
            <Test name="testTextAttr" result="pass" starttime="Fri Sep 21 15:33:34 CST 2012" endtime="Fri Sep 21 15:33:35 CST 2012" />
            <Test name="testTextChangedListener" result="pass" starttime="Fri Sep 21 15:33:35 CST 2012" endtime="Fri Sep 21 15:33:35 CST 2012" />
            <Test name="testVerifyDrawable" result="pass" starttime="Fri Sep 21 15:33:35 CST 2012" endtime="Fri Sep 21 15:33:35 CST 2012" />
          </TestCase>
          <TestCase name="TextView_SaveStateTest" priority="">
            <Test name="testToString" result="pass" starttime="Fri Sep 21 15:33:35 CST 2012" endtime="Fri Sep 21 15:33:35 CST 2012" />
            <Test name="testWriteToParcel" result="pass" starttime="Fri Sep 21 15:33:35 CST 2012" endtime="Fri Sep 21 15:33:36 CST 2012" />
          </TestCase>
          <TestCase name="TimePickerTest" priority="">
            <Test name="testAccessCurrentHour" result="pass" starttime="Fri Sep 21 15:33:36 CST 2012" endtime="Fri Sep 21 15:33:36 CST 2012" />
            <Test name="testAccessCurrentMinute" result="pass" starttime="Fri Sep 21 15:33:36 CST 2012" endtime="Fri Sep 21 15:33:36 CST 2012" />
            <Test name="testAccessIs24HourView" result="pass" starttime="Fri Sep 21 15:33:36 CST 2012" endtime="Fri Sep 21 15:33:37 CST 2012" />
            <Test name="testConstructors" result="pass" starttime="Fri Sep 21 15:33:37 CST 2012" endtime="Fri Sep 21 15:33:37 CST 2012" />
            <Test name="testGetBaseline" result="pass" starttime="Fri Sep 21 15:33:37 CST 2012" endtime="Fri Sep 21 15:33:37 CST 2012" />
            <Test name="testOnSaveInstanceStateAndOnRestoreInstanceState" result="pass" starttime="Fri Sep 21 15:33:37 CST 2012" endtime="Fri Sep 21 15:33:38 CST 2012" />
            <Test name="testSetEnabled" result="pass" starttime="Fri Sep 21 15:33:38 CST 2012" endtime="Fri Sep 21 15:33:38 CST 2012" />
            <Test name="testSetOnTimeChangedListener" result="pass" starttime="Fri Sep 21 15:33:38 CST 2012" endtime="Fri Sep 21 15:33:38 CST 2012" />
          </TestCase>
          <TestCase name="ToastTest" priority="">
            <Test name="testAccessDuration" result="pass" starttime="Fri Sep 21 15:33:38 CST 2012" endtime="Fri Sep 21 15:33:44 CST 2012" />
            <Test name="testAccessGravity" result="pass" starttime="Fri Sep 21 15:33:44 CST 2012" endtime="Fri Sep 21 15:33:51 CST 2012" />
            <Test name="testAccessMargin" result="fail" starttime="Fri Sep 21 15:33:51 CST 2012" endtime="Fri Sep 21 15:33:55 CST 2012">
              <FailedScene message="junit.framework.AssertionFailedError&#13;&#10;at android.widget.cts.ToastTest.testAccessMargin(ToastTest.java:260)&#13;">
                <StackTrace>junit.framework.AssertionFailedError
at android.widget.cts.ToastTest.testAccessMargin(ToastTest.java:260)
at java.lang.reflect.Method.invokeNative(Native Method)
at android.test.InstrumentationTestCase.runMethod(InstrumentationTestCase.java:214)
at android.test.InstrumentationTestCase.runTest(InstrumentationTestCase.java:199)
at android.test.ActivityInstrumentationTestCase2.runTest(ActivityInstrumentationTestCase2.java:192)
at android.test.AndroidTestRunner.runTest(AndroidTestRunner.java:190)
at android.test.AndroidTestRunner.runTest(AndroidTestRunner.java:175)
at android.test.InstrumentationTestRunner.onStart(InstrumentationTestRunner.java:555)
at android.app.Instrumentation$InstrumentationThread.run(Instrumentation.java:1584)
</StackTrace>
              </FailedScene>
            </Test>
            <Test name="testAccessView" result="pass" starttime="Fri Sep 21 15:33:55 CST 2012" endtime="Fri Sep 21 15:33:59 CST 2012" />
            <Test name="testCancel" result="pass" starttime="Fri Sep 21 15:33:59 CST 2012" endtime="Fri Sep 21 15:34:00 CST 2012" />
            <Test name="testConstructor" result="pass" starttime="Fri Sep 21 15:34:00 CST 2012" endtime="Fri Sep 21 15:34:01 CST 2012" />
            <Test name="testMakeText1" result="pass" starttime="Fri Sep 21 15:34:01 CST 2012" endtime="Fri Sep 21 15:34:01 CST 2012" />
            <Test name="testMakeText2" result="pass" starttime="Fri Sep 21 15:34:01 CST 2012" endtime="Fri Sep 21 15:34:01 CST 2012" />
            <Test name="testSetText1" result="pass" starttime="Fri Sep 21 15:34:01 CST 2012" endtime="Fri Sep 21 15:34:02 CST 2012" />
            <Test name="testSetText2" result="pass" starttime="Fri Sep 21 15:34:02 CST 2012" endtime="Fri Sep 21 15:34:02 CST 2012" />
            <Test name="testShow" result="pass" starttime="Fri Sep 21 15:34:02 CST 2012" endtime="Fri Sep 21 15:34:02 CST 2012" />
            <Test name="testShowFailure" result="pass" starttime="Fri Sep 21 15:34:02 CST 2012" endtime="Fri Sep 21 15:34:03 CST 2012" />
          </TestCase>
          <TestCase name="ToggleButtonTest" priority="">
            <Test name="testAccessTextOff" result="pass" starttime="Fri Sep 21 15:34:03 CST 2012" endtime="Fri Sep 21 15:34:03 CST 2012" />
            <Test name="testAccessTextOn" result="pass" starttime="Fri Sep 21 15:34:03 CST 2012" endtime="Fri Sep 21 15:34:03 CST 2012" />
            <Test name="testAndroidTestCaseSetupProperly" result="pass" starttime="Fri Sep 21 15:34:03 CST 2012" endtime="Fri Sep 21 15:34:03 CST 2012" />
            <Test name="testConstructor" result="pass" starttime="Fri Sep 21 15:34:03 CST 2012" endtime="Fri Sep 21 15:34:03 CST 2012" />
            <Test name="testDrawableStateChanged" result="pass" starttime="Fri Sep 21 15:34:03 CST 2012" endtime="Fri Sep 21 15:34:03 CST 2012" />
            <Test name="testOnFinishInflate" result="pass" starttime="Fri Sep 21 15:34:03 CST 2012" endtime="Fri Sep 21 15:34:03 CST 2012" />
            <Test name="testSetBackgroundDrawable" result="pass" starttime="Fri Sep 21 15:34:03 CST 2012" endtime="Fri Sep 21 15:34:03 CST 2012" />
            <Test name="testSetChecked" result="pass" starttime="Fri Sep 21 15:34:03 CST 2012" endtime="Fri Sep 21 15:34:04 CST 2012" />
            <Test name="testToggleText" result="pass" starttime="Fri Sep 21 15:34:04 CST 2012" endtime="Fri Sep 21 15:34:04 CST 2012" />
          </TestCase>
          <TestCase name="TwoLineListItemTest" priority="">
            <Test name="testActivityTestCaseSetUpProperly" result="pass" starttime="Fri Sep 21 15:34:04 CST 2012" endtime="Fri Sep 21 15:34:04 CST 2012" />
            <Test name="testConstructor" result="pass" starttime="Fri Sep 21 15:34:04 CST 2012" endtime="Fri Sep 21 15:34:04 CST 2012" />
            <Test name="testGetTexts" result="pass" starttime="Fri Sep 21 15:34:04 CST 2012" endtime="Fri Sep 21 15:34:04 CST 2012" />
            <Test name="testOnFinishInflate" result="pass" starttime="Fri Sep 21 15:34:04 CST 2012" endtime="Fri Sep 21 15:34:05 CST 2012" />
          </TestCase>
          <TestCase name="VideoViewTest" priority="">
            <Test name="testConstructor" result="pass" starttime="Fri Sep 21 15:34:05 CST 2012" endtime="Fri Sep 21 15:34:05 CST 2012" />
            <Test name="testGetBufferPercentage" result="pass" starttime="Fri Sep 21 15:34:05 CST 2012" endtime="Fri Sep 21 15:34:06 CST 2012" />
            <Test name="testGetDuration" result="pass" starttime="Fri Sep 21 15:34:06 CST 2012" endtime="Fri Sep 21 15:34:08 CST 2012" />
            <Test name="testPlayVideo1" result="pass" starttime="Fri Sep 21 15:34:08 CST 2012" endtime="Fri Sep 21 15:34:20 CST 2012" />
            <Test name="testResolveAdjustedSize" result="pass" starttime="Fri Sep 21 15:34:20 CST 2012" endtime="Fri Sep 21 15:34:20 CST 2012" />
            <Test name="testSetMediaController" result="pass" starttime="Fri Sep 21 15:34:20 CST 2012" endtime="Fri Sep 21 15:34:20 CST 2012" />
            <Test name="testSetOnErrorListener" result="pass" starttime="Fri Sep 21 15:34:20 CST 2012" endtime="Fri Sep 21 15:34:21 CST 2012" />
          </TestCase>
          <TestCase name="ViewAnimatorTest" priority="">
            <Test name="testAccessDisplayedChild" result="pass" starttime="Fri Sep 21 15:34:21 CST 2012" endtime="Fri Sep 21 15:34:21 CST 2012" />
            <Test name="testAccessDisplayedChildBoundary" result="pass" starttime="Fri Sep 21 15:34:21 CST 2012" endtime="Fri Sep 21 15:34:22 CST 2012" />
            <Test name="testAccessInAnimation" result="pass" starttime="Fri Sep 21 15:34:22 CST 2012" endtime="Fri Sep 21 15:34:22 CST 2012" />
            <Test name="testAccessOutAnimation" result="pass" starttime="Fri Sep 21 15:34:22 CST 2012" endtime="Fri Sep 21 15:34:22 CST 2012" />
            <Test name="testAddView" result="pass" starttime="Fri Sep 21 15:34:22 CST 2012" endtime="Fri Sep 21 15:34:23 CST 2012" />
            <Test name="testConstructor" result="pass" starttime="Fri Sep 21 15:34:23 CST 2012" endtime="Fri Sep 21 15:34:23 CST 2012" />
            <Test name="testGetBaseline" result="pass" starttime="Fri Sep 21 15:34:23 CST 2012" endtime="Fri Sep 21 15:34:23 CST 2012" />
            <Test name="testGetCurrentView" result="pass" starttime="Fri Sep 21 15:34:23 CST 2012" endtime="Fri Sep 21 15:34:24 CST 2012" />
            <Test name="testRemoveViews" result="pass" starttime="Fri Sep 21 15:34:24 CST 2012" endtime="Fri Sep 21 15:34:24 CST 2012" />
            <Test name="testSetAnimateFirstView" result="pass" starttime="Fri Sep 21 15:34:24 CST 2012" endtime="Fri Sep 21 15:34:24 CST 2012" />
            <Test name="testShowNext" result="pass" starttime="Fri Sep 21 15:34:24 CST 2012" endtime="Fri Sep 21 15:34:25 CST 2012" />
            <Test name="testShowPrevious" result="pass" starttime="Fri Sep 21 15:34:25 CST 2012" endtime="Fri Sep 21 15:34:25 CST 2012" />
          </TestCase>
          <TestCase name="ViewFlipperTest" priority="">
            <Test name="testActivityTestCaseSetUpProperly" result="pass" starttime="Fri Sep 21 15:34:25 CST 2012" endtime="Fri Sep 21 15:34:26 CST 2012" />
            <Test name="testConstructor" result="pass" starttime="Fri Sep 21 15:34:26 CST 2012" endtime="Fri Sep 21 15:34:26 CST 2012" />
            <Test name="testSetFlipInterval" result="pass" starttime="Fri Sep 21 15:34:26 CST 2012" endtime="Fri Sep 21 15:34:26 CST 2012" />
            <Test name="testViewFlipper" result="pass" starttime="Fri Sep 21 15:34:26 CST 2012" endtime="Fri Sep 21 15:34:29 CST 2012" />
          </TestCase>
          <TestCase name="ViewSwitcherTest" priority="">
            <Test name="testAndroidTestCaseSetupProperly" result="pass" starttime="Fri Sep 21 15:34:29 CST 2012" endtime="Fri Sep 21 15:34:29 CST 2012" />
            <Test name="testConstructor" result="pass" starttime="Fri Sep 21 15:34:29 CST 2012" endtime="Fri Sep 21 15:34:29 CST 2012" />
            <Test name="testGetNextView" result="pass" starttime="Fri Sep 21 15:34:29 CST 2012" endtime="Fri Sep 21 15:34:29 CST 2012" />
            <Test name="testReset" result="pass" starttime="Fri Sep 21 15:34:29 CST 2012" endtime="Fri Sep 21 15:34:29 CST 2012" />
            <Test name="testSetFactory" result="pass" starttime="Fri Sep 21 15:34:29 CST 2012" endtime="Fri Sep 21 15:34:30 CST 2012" />
          </TestCase>
          <TestCase name="ZoomButtonTest" priority="">
            <Test name="testConstructor" result="pass" starttime="Fri Sep 21 15:34:30 CST 2012" endtime="Fri Sep 21 15:34:30 CST 2012" />
            <Test name="testDispatchUnhandledMove" result="pass" starttime="Fri Sep 21 15:34:30 CST 2012" endtime="Fri Sep 21 15:34:30 CST 2012" />
            <Test name="testOnKeyUp" result="pass" starttime="Fri Sep 21 15:34:30 CST 2012" endtime="Fri Sep 21 15:34:30 CST 2012" />
            <Test name="testOnLongClick" result="pass" starttime="Fri Sep 21 15:34:30 CST 2012" endtime="Fri Sep 21 15:34:31 CST 2012" />
            <Test name="testOnTouchEvent" result="pass" starttime="Fri Sep 21 15:34:31 CST 2012" endtime="Fri Sep 21 15:34:31 CST 2012" />
            <Test name="testSetEnabled" result="pass" starttime="Fri Sep 21 15:34:31 CST 2012" endtime="Fri Sep 21 15:34:32 CST 2012" />
            <Test name="testSetZoomSpeed" result="pass" starttime="Fri Sep 21 15:34:32 CST 2012" endtime="Fri Sep 21 15:34:32 CST 2012" />
          </TestCase>
          <TestCase name="ZoomControlsTest" priority="">
            <Test name="testConstructor" result="pass" starttime="Fri Sep 21 15:34:32 CST 2012" endtime="Fri Sep 21 15:34:32 CST 2012" />
            <Test name="testHasFocus" result="pass" starttime="Fri Sep 21 15:34:32 CST 2012" endtime="Fri Sep 21 15:34:32 CST 2012" />
            <Test name="testOnTouchEvent" result="pass" starttime="Fri Sep 21 15:34:32 CST 2012" endtime="Fri Sep 21 15:34:32 CST 2012" />
            <Test name="testSetIsZoomInEnabled" result="pass" starttime="Fri Sep 21 15:34:32 CST 2012" endtime="Fri Sep 21 15:34:32 CST 2012" />
            <Test name="testSetIsZoomOutEnabled" result="pass" starttime="Fri Sep 21 15:34:32 CST 2012" endtime="Fri Sep 21 15:34:32 CST 2012" />
            <Test name="testSetOnZoomInClickListener" result="pass" starttime="Fri Sep 21 15:34:32 CST 2012" endtime="Fri Sep 21 15:34:32 CST 2012" />
            <Test name="testSetOnZoomOutClickListener" result="pass" starttime="Fri Sep 21 15:34:32 CST 2012" endtime="Fri Sep 21 15:34:33 CST 2012" />
            <Test name="testSetZoomSpeed" result="pass" starttime="Fri Sep 21 15:34:33 CST 2012" endtime="Fri Sep 21 15:34:33 CST 2012" />
            <Test name="testShowAndHide" result="pass" starttime="Fri Sep 21 15:34:33 CST 2012" endtime="Fri Sep 21 15:34:33 CST 2012" />
          </TestCase>
        </TestSuite>
      </TestSuite>
    </TestSuite>
  </TestPackage>
</TestResult>